2019-07-22T12:52:16,747Z DEBUG {} [] [SeededRandom] Using seed 12345
2019-07-22T12:52:16,756Z INFO  {} [] [LoadTest] Holding for PT1M7.5S.
2019-07-22T12:53:24,259Z DEBUG {} [] [LoadTest] Skipped the setup
2019-07-22T12:53:24,284Z DEBUG {} [] [GoogleChrome] Starting Chrome
2019-07-22T12:53:25,231Z DEBUG {} [] [GoogleChrome] Starting Chrome
2019-07-22T12:53:25,551Z DEBUG {} [] [GoogleChrome] Starting Chrome
2019-07-22T12:53:25,870Z DEBUG {} [] [GoogleChrome] Starting Chrome
2019-07-22T12:53:26,193Z DEBUG {} [] [GoogleChrome] Starting Chrome
2019-07-22T12:53:26,518Z DEBUG {} [] [GoogleChrome] Starting Chrome
2019-07-22T12:53:26,832Z DEBUG {} [] [GoogleChrome] Starting Chrome
2019-07-22T12:53:27,145Z DEBUG {} [] [GoogleChrome] Starting Chrome
2019-07-22T12:53:27,504Z DEBUG {} [] [GoogleChrome] Starting Chrome
2019-07-22T12:53:27,814Z DEBUG {} [] [GoogleChrome] Starting Chrome
2019-07-22T12:53:28,144Z DEBUG {} [] [GoogleChrome] Starting Chrome
2019-07-22T12:53:28,491Z DEBUG {} [] [GoogleChrome] Starting Chrome
2019-07-22T12:53:29,255Z DEBUG {} [applying load #dbb39fdf-19e7-4afc-b5fc-d8c9e70ecf50, create user via REST] [TaskTimer] The task took PT0.398S
2019-07-22T12:53:29,257Z INFO  {} [applying load #dbb39fdf-19e7-4afc-b5fc-d8c9e70ecf50] [RestUserGenerator] Created a new user jpt-143ccffb-3171-4bb8-8d00-7e8eb200033e
2019-07-22T12:53:29,259Z INFO  {} [applying load #dbb39fdf-19e7-4afc-b5fc-d8c9e70ecf50] [LoadTest] Waiting for PT4.555S
2019-07-22T12:53:29,847Z DEBUG {} [applying load #fe00efd9-bc75-476f-b6d3-626cceb2e214, create user via REST] [TaskTimer] The task took PT0.992S
2019-07-22T12:53:29,848Z INFO  {} [applying load #fe00efd9-bc75-476f-b6d3-626cceb2e214] [RestUserGenerator] Created a new user jpt-65e765cf-24e8-413e-9091-e3edf2b08667
2019-07-22T12:53:29,848Z INFO  {} [applying load #fe00efd9-bc75-476f-b6d3-626cceb2e214] [LoadTest] Waiting for PT6.465S
2019-07-22T12:53:29,892Z DEBUG {} [applying load #2149cb1c-499c-4b71-ae97-86310a3e297f, create user via REST] [TaskTimer] The task took PT1.037S
2019-07-22T12:53:29,893Z INFO  {} [applying load #2149cb1c-499c-4b71-ae97-86310a3e297f] [RestUserGenerator] Created a new user jpt-959f23a6-6ae5-48b6-b786-0a25223afc41
2019-07-22T12:53:29,894Z INFO  {} [applying load #2149cb1c-499c-4b71-ae97-86310a3e297f] [LoadTest] Waiting for PT0.795S
2019-07-22T12:53:30,348Z DEBUG {} [applying load #452d3e65-5a2a-48c2-aee0-92d8e22039ab, create user via REST] [TaskTimer] The task took PT1.493S
2019-07-22T12:53:30,349Z INFO  {} [applying load #452d3e65-5a2a-48c2-aee0-92d8e22039ab] [RestUserGenerator] Created a new user jpt-44bf9758-6a23-45c3-be00-200ea4c8bd89
2019-07-22T12:53:30,349Z INFO  {} [applying load #452d3e65-5a2a-48c2-aee0-92d8e22039ab] [LoadTest] Waiting for PT4.089S
2019-07-22T12:53:30,703Z DEBUG {} [applying load #2149cb1c-499c-4b71-ae97-86310a3e297f] [SeededRandom] Using seed 6674089274190705457
2019-07-22T12:53:30,753Z INFO  {} [applying load #2149cb1c-499c-4b71-ae97-86310a3e297f] [ExploratoryVirtualUser] Applying load...
2019-07-22T12:53:30,859Z DEBUG {} [applying load #a7c7913d-8861-41b8-b748-aba5d7086bb0, create user via REST] [TaskTimer] The task took PT2.004S
2019-07-22T12:53:30,860Z INFO  {} [applying load #a7c7913d-8861-41b8-b748-aba5d7086bb0] [RestUserGenerator] Created a new user jpt-92b2925b-e8ff-450f-8e22-876b06241d25
2019-07-22T12:53:30,861Z WARN  {} [applying load #a7c7913d-8861-41b8-b748-aba5d7086bb0] [LoadTest] Ramp time prolonged by user generation by PT0.797S
2019-07-22T12:53:30,861Z DEBUG {} [applying load #a7c7913d-8861-41b8-b748-aba5d7086bb0] [SeededRandom] Using seed -1528963862231680626
2019-07-22T12:53:30,863Z INFO  {} [applying load #a7c7913d-8861-41b8-b748-aba5d7086bb0] [ExploratoryVirtualUser] Applying load...
2019-07-22T12:53:31,196Z DEBUG {} [applying load #4aa3a58b-223c-4fe4-a0ce-08b2b2357d85, create user via REST] [TaskTimer] The task took PT2.341S
2019-07-22T12:53:31,196Z INFO  {} [applying load #4aa3a58b-223c-4fe4-a0ce-08b2b2357d85] [RestUserGenerator] Created a new user jpt-9db6214c-1832-4ae9-a28a-b13bdf120ad1
2019-07-22T12:53:31,196Z INFO  {} [applying load #4aa3a58b-223c-4fe4-a0ce-08b2b2357d85] [LoadTest] Waiting for PT0.117S
2019-07-22T12:53:31,217Z DEBUG {} [applying load #2bf4d3bb-4b7a-42a0-a75e-f56d36155cdb, create user via REST] [TaskTimer] The task took PT2.361S
2019-07-22T12:53:31,217Z INFO  {} [applying load #2bf4d3bb-4b7a-42a0-a75e-f56d36155cdb] [RestUserGenerator] Created a new user jpt-b20d3fa1-184a-4685-bc21-8bfb88ca539b
2019-07-22T12:53:31,218Z WARN  {} [applying load #2bf4d3bb-4b7a-42a0-a75e-f56d36155cdb] [LoadTest] Ramp time prolonged by user generation by PT1.779S
2019-07-22T12:53:31,218Z DEBUG {} [applying load #2bf4d3bb-4b7a-42a0-a75e-f56d36155cdb] [SeededRandom] Using seed 6022414958441676900
2019-07-22T12:53:31,219Z INFO  {} [applying load #2bf4d3bb-4b7a-42a0-a75e-f56d36155cdb] [ExploratoryVirtualUser] Applying load...
2019-07-22T12:53:31,314Z DEBUG {} [applying load #4aa3a58b-223c-4fe4-a0ce-08b2b2357d85] [SeededRandom] Using seed 651833349628731322
2019-07-22T12:53:31,315Z INFO  {} [applying load #4aa3a58b-223c-4fe4-a0ce-08b2b2357d85] [ExploratoryVirtualUser] Applying load...
2019-07-22T12:53:31,448Z DEBUG {} [applying load #8de76db5-c6a2-4389-9ca2-488c081fee1a, create user via REST] [TaskTimer] The task took PT2.593S
2019-07-22T12:53:31,449Z INFO  {} [applying load #8de76db5-c6a2-4389-9ca2-488c081fee1a] [RestUserGenerator] Created a new user jpt-669dd0c8-e4df-45c0-95f2-9210f62feb31
2019-07-22T12:53:31,450Z INFO  {} [applying load #8de76db5-c6a2-4389-9ca2-488c081fee1a] [LoadTest] Waiting for PT1.114S
2019-07-22T12:53:32,564Z DEBUG {} [applying load #8de76db5-c6a2-4389-9ca2-488c081fee1a] [SeededRandom] Using seed 8265573421575953197
2019-07-22T12:53:32,565Z INFO  {} [applying load #8de76db5-c6a2-4389-9ca2-488c081fee1a] [ExploratoryVirtualUser] Applying load...
2019-07-22T12:53:33,083Z DEBUG {} [applying load #2f041651-e303-45d8-b7aa-98a9ca12836f, create user via REST] [TaskTimer] The task took PT4.228S
2019-07-22T12:53:33,084Z INFO  {} [applying load #2f041651-e303-45d8-b7aa-98a9ca12836f] [RestUserGenerator] Created a new user jpt-b4bbeea4-7f0c-45b9-a6e8-7cfcc0568365
2019-07-22T12:53:33,085Z WARN  {} [applying load #2f041651-e303-45d8-b7aa-98a9ca12836f] [LoadTest] Ramp time prolonged by user generation by PT1.147S
2019-07-22T12:53:33,086Z DEBUG {} [applying load #2f041651-e303-45d8-b7aa-98a9ca12836f] [SeededRandom] Using seed 2132282762986792902
2019-07-22T12:53:33,086Z INFO  {} [applying load #2f041651-e303-45d8-b7aa-98a9ca12836f] [ExploratoryVirtualUser] Applying load...
2019-07-22T12:53:33,814Z DEBUG {} [applying load #dbb39fdf-19e7-4afc-b5fc-d8c9e70ecf50] [SeededRandom] Using seed -4263262838430303025
2019-07-22T12:53:33,815Z INFO  {} [applying load #dbb39fdf-19e7-4afc-b5fc-d8c9e70ecf50] [ExploratoryVirtualUser] Applying load...
2019-07-22T12:53:34,120Z DEBUG {} [applying load #47074dbb-09fa-4d50-a073-da045f3e86fb, create user via REST] [TaskTimer] The task took PT5.265S
2019-07-22T12:53:34,121Z INFO  {} [applying load #47074dbb-09fa-4d50-a073-da045f3e86fb] [RestUserGenerator] Created a new user jpt-6f21eb8a-b814-4140-8288-30d46135bb7b
2019-07-22T12:53:34,121Z INFO  {} [applying load #47074dbb-09fa-4d50-a073-da045f3e86fb] [LoadTest] Waiting for PT0.942S
2019-07-22T12:53:34,129Z DEBUG {} [applying load #b07392eb-5713-4a1a-9e3e-2556b600cec1, create user via REST] [TaskTimer] The task took PT5.274S
2019-07-22T12:53:34,130Z INFO  {} [applying load #b07392eb-5713-4a1a-9e3e-2556b600cec1] [RestUserGenerator] Created a new user jpt-6f28c176-9140-4410-b225-6150e770a631
2019-07-22T12:53:34,131Z WARN  {} [applying load #b07392eb-5713-4a1a-9e3e-2556b600cec1] [LoadTest] Ramp time prolonged by user generation by PT0.942S
2019-07-22T12:53:34,131Z DEBUG {} [applying load #b07392eb-5713-4a1a-9e3e-2556b600cec1] [SeededRandom] Using seed 2671077540764462672
2019-07-22T12:53:34,132Z INFO  {} [applying load #b07392eb-5713-4a1a-9e3e-2556b600cec1] [ExploratoryVirtualUser] Applying load...
2019-07-22T12:53:34,438Z DEBUG {} [applying load #452d3e65-5a2a-48c2-aee0-92d8e22039ab] [SeededRandom] Using seed -3500614978637125381
2019-07-22T12:53:34,439Z INFO  {} [applying load #452d3e65-5a2a-48c2-aee0-92d8e22039ab] [ExploratoryVirtualUser] Applying load...
2019-07-22T12:53:35,064Z DEBUG {} [applying load #47074dbb-09fa-4d50-a073-da045f3e86fb] [SeededRandom] Using seed -4816872006481583618
2019-07-22T12:53:35,065Z INFO  {} [applying load #47074dbb-09fa-4d50-a073-da045f3e86fb] [ExploratoryVirtualUser] Applying load...
2019-07-22T12:53:36,314Z DEBUG {} [applying load #fe00efd9-bc75-476f-b6d3-626cceb2e214] [SeededRandom] Using seed -5671795673574091253
2019-07-22T12:53:36,314Z INFO  {} [applying load #fe00efd9-bc75-476f-b6d3-626cceb2e214] [ExploratoryVirtualUser] Applying load...
2019-07-22T12:53:37,545Z DEBUG {} [applying load #cb4ca8fb-84ef-40b0-9da5-b755de0fed5f, create user via REST] [TaskTimer] The task took PT8.69S
2019-07-22T12:53:37,546Z INFO  {} [applying load #cb4ca8fb-84ef-40b0-9da5-b755de0fed5f] [RestUserGenerator] Created a new user jpt-0f364881-87dc-4c15-890d-e8019aa91711
2019-07-22T12:53:37,546Z WARN  {} [applying load #cb4ca8fb-84ef-40b0-9da5-b755de0fed5f] [LoadTest] Ramp time prolonged by user generation by PT1.858S
2019-07-22T12:53:37,547Z DEBUG {} [applying load #cb4ca8fb-84ef-40b0-9da5-b755de0fed5f] [SeededRandom] Using seed 7987185974177307502
2019-07-22T12:53:37,547Z INFO  {} [applying load #cb4ca8fb-84ef-40b0-9da5-b755de0fed5f] [ExploratoryVirtualUser] Applying load...
2019-07-22T12:53:37,852Z DEBUG {} [applying load #2bf4d3bb-4b7a-42a0-a75e-f56d36155cdb] [ExploratoryVirtualUser] Circling through [ProjectSummaryAction, EditIssueAction, EditIssueAction, ViewIssueAction, ViewIssueAction, ViewIssueAction, ViewIssueAction, CreateIssueAction, ViewDashboardAction, ViewBoardAction, ViewBoardAction, ViewIssueAction, ViewIssueAction, ViewDashboardAction, ViewBacklogAction, ViewDashboardAction, ViewIssueAction, SearchJqlAction, SearchJqlAction, ViewIssueAction, ViewIssueAction, ViewIssueAction, SearchJqlAction, ViewIssueAction, ViewIssueAction, ViewBoardAction, ViewIssueAction, ViewBacklogAction, AddCommentAction, ViewIssueAction, SearchJqlAction, ProjectSummaryAction, ViewIssueAction, ViewIssueAction, ViewBoardAction, BrowseProjectsAction, ViewBacklogAction, SearchJqlAction, PatientBrowseBoardsAction, ViewIssueAction, EditIssueAction, ViewIssueAction, ViewIssueAction, ViewIssueAction, ViewIssueAction, ViewIssueAction, SearchJqlAction, BrowseProjectsAction, ViewIssueAction, ViewIssueAction, ViewIssueAction, AddCommentAction, ViewIssueAction, ViewBacklogAction, ViewIssueAction, ViewIssueAction, SearchJqlAction, ViewBacklogAction, ViewBacklogAction, ViewBacklogAction, BrowseProjectsAction, ViewIssueAction, CreateIssueAction, ViewDashboardAction, ViewBacklogAction, ViewBoardAction, ViewDashboardAction, ProjectSummaryAction, CreateIssueAction, CreateIssueAction, ViewIssueAction, ProjectSummaryAction, SearchJqlAction, ViewBoardAction, ViewIssueAction, SearchJqlAction, ViewIssueAction, PatientBrowseBoardsAction, ViewIssueAction, ViewIssueAction, ViewIssueAction, ViewIssueAction, ViewBoardAction, ViewIssueAction, ViewBoardAction, SearchJqlAction, ProjectSummaryAction, SearchJqlAction, SearchJqlAction, SearchJqlAction, ViewIssueAction, ViewIssueAction, EditIssueAction, ViewBoardAction, ViewDashboardAction, ViewIssueAction, SearchJqlAction, BrowseProjectsAction, ViewIssueAction, SearchJqlAction, ViewIssueAction, ViewDashboardAction, BrowseProjectsAction, ViewIssueAction, ViewBacklogAction, ViewIssueAction, SearchJqlAction, ViewBacklogAction, ViewIssueAction, ViewDashboardAction, ViewIssueAction, ViewIssueAction, ViewIssueAction, SearchJqlAction, ViewIssueAction, ViewIssueAction, ViewDashboardAction, ViewBoardAction, ViewIssueAction, SearchJqlAction, ViewIssueAction, SearchJqlAction, CreateIssueAction, SearchJqlAction, ViewDashboardAction, EditIssueAction, ViewIssueAction, ViewIssueAction, ViewIssueAction]
2019-07-22T12:53:37,853Z DEBUG {} [applying load #2bf4d3bb-4b7a-42a0-a75e-f56d36155cdb] [ProjectSummaryAction] Skipping Project summary action. I have no knowledge of projects.
2019-07-22T12:53:37,935Z DEBUG {} [applying load #2149cb1c-499c-4b71-ae97-86310a3e297f] [ExploratoryVirtualUser] Circling through [ViewBoardAction, SearchJqlAction, ViewIssueAction, ViewIssueAction, AddCommentAction, ViewBacklogAction, ViewIssueAction, SearchJqlAction, ViewIssueAction, SearchJqlAction, ViewDashboardAction, ViewIssueAction, ViewBoardAction, ViewDashboardAction, SearchJqlAction, ViewBoardAction, ViewIssueAction, SearchJqlAction, SearchJqlAction, ViewIssueAction, CreateIssueAction, SearchJqlAction, CreateIssueAction, ViewIssueAction, ViewIssueAction, EditIssueAction, EditIssueAction, EditIssueAction, ViewIssueAction, ViewDashboardAction, ViewBacklogAction, ViewDashboardAction, SearchJqlAction, ViewIssueAction, ViewIssueAction, ViewIssueAction, SearchJqlAction, ViewIssueAction, CreateIssueAction, ViewIssueAction, ViewBacklogAction, ViewIssueAction, SearchJqlAction, ViewIssueAction, ViewBacklogAction, SearchJqlAction, SearchJqlAction, ViewIssueAction, ViewIssueAction, ViewBoardAction, ViewDashboardAction, BrowseProjectsAction, ProjectSummaryAction, ViewIssueAction, ViewIssueAction, ViewIssueAction, ViewIssueAction, ViewIssueAction, EditIssueAction, ViewIssueAction, ProjectSummaryAction, ViewDashboardAction, ViewIssueAction, SearchJqlAction, ViewIssueAction, ViewBoardAction, ViewIssueAction, ViewIssueAction, CreateIssueAction, ViewIssueAction, SearchJqlAction, ViewDashboardAction, ViewBoardAction, ProjectSummaryAction, ViewBoardAction, ViewDashboardAction, ViewIssueAction, ViewIssueAction, AddCommentAction, SearchJqlAction, ViewIssueAction, SearchJqlAction, SearchJqlAction, ViewBacklogAction, ViewIssueAction, ViewIssueAction, ViewIssueAction, BrowseProjectsAction, ViewIssueAction, ProjectSummaryAction, ViewIssueAction, ViewIssueAction, ViewIssueAction, ProjectSummaryAction, ViewBacklogAction, BrowseProjectsAction, SearchJqlAction, ViewBoardAction, CreateIssueAction, ViewBacklogAction, ViewIssueAction, ViewIssueAction, ViewIssueAction, PatientBrowseBoardsAction, ViewIssueAction, ViewBoardAction, ViewBacklogAction, ViewIssueAction, SearchJqlAction, ViewIssueAction, ViewIssueAction, ViewIssueAction, ViewBacklogAction, BrowseProjectsAction, ViewIssueAction, ViewIssueAction, EditIssueAction, ViewDashboardAction, SearchJqlAction, PatientBrowseBoardsAction, ViewIssueAction, ViewBoardAction, ViewIssueAction, ViewIssueAction, ViewDashboardAction, BrowseProjectsAction, ViewIssueAction, ViewBacklogAction, ViewIssueAction]
2019-07-22T12:53:37,937Z DEBUG {} [applying load #2149cb1c-499c-4b71-ae97-86310a3e297f] [ViewBoardAction] Skipping View Board. I have no knowledge of Boards.
2019-07-22T12:53:39,640Z DEBUG {} [applying load #a7c7913d-8861-41b8-b748-aba5d7086bb0] [ExploratoryVirtualUser] Circling through [ViewDashboardAction, SearchJqlAction, ViewIssueAction, ViewBacklogAction, SearchJqlAction, ViewBoardAction, ViewBoardAction, ViewIssueAction, ViewBacklogAction, ViewIssueAction, ViewIssueAction, ProjectSummaryAction, ViewIssueAction, ViewIssueAction, ViewIssueAction, ViewIssueAction, ViewIssueAction, EditIssueAction, CreateIssueAction, CreateIssueAction, BrowseProjectsAction, ViewBoardAction, ViewBoardAction, ViewIssueAction, ViewIssueAction, ViewIssueAction, SearchJqlAction, SearchJqlAction, ViewDashboardAction, ViewBoardAction, ViewDashboardAction, ViewDashboardAction, EditIssueAction, SearchJqlAction, ViewIssueAction, ViewIssueAction, ViewIssueAction, BrowseProjectsAction, SearchJqlAction, ViewIssueAction, ViewIssueAction, ViewIssueAction, ViewBacklogAction, ViewIssueAction, ViewBoardAction, BrowseProjectsAction, SearchJqlAction, ViewIssueAction, ViewIssueAction, EditIssueAction, ViewIssueAction, ViewIssueAction, ViewIssueAction, ViewIssueAction, ViewIssueAction, CreateIssueAction, AddCommentAction, ViewIssueAction, ProjectSummaryAction, SearchJqlAction, ViewBacklogAction, ViewIssueAction, ViewBacklogAction, ViewIssueAction, ProjectSummaryAction, ViewBoardAction, ViewIssueAction, ViewIssueAction, ViewIssueAction, ViewBacklogAction, ViewIssueAction, SearchJqlAction, CreateIssueAction, ViewIssueAction, SearchJqlAction, ViewIssueAction, ViewIssueAction, ViewIssueAction, ViewIssueAction, ViewDashboardAction, ViewBacklogAction, SearchJqlAction, ViewIssueAction, ViewIssueAction, AddCommentAction, ViewIssueAction, ViewBacklogAction, BrowseProjectsAction, ViewBacklogAction, ViewIssueAction, EditIssueAction, ViewIssueAction, SearchJqlAction, ViewIssueAction, SearchJqlAction, ViewIssueAction, ViewIssueAction, ViewDashboardAction, SearchJqlAction, ViewDashboardAction, ViewIssueAction, ViewIssueAction, ViewIssueAction, ViewDashboardAction, ViewDashboardAction, SearchJqlAction, ViewBoardAction, CreateIssueAction, ViewIssueAction, PatientBrowseBoardsAction, ViewIssueAction, ViewIssueAction, SearchJqlAction, BrowseProjectsAction, SearchJqlAction, ViewBoardAction, SearchJqlAction, ViewIssueAction, ViewBoardAction, PatientBrowseBoardsAction, ProjectSummaryAction, ViewDashboardAction, EditIssueAction, ViewIssueAction, SearchJqlAction, ProjectSummaryAction, ViewIssueAction, ViewBacklogAction, SearchJqlAction]
2019-07-22T12:53:39,799Z DEBUG {} [applying load #4aa3a58b-223c-4fe4-a0ce-08b2b2357d85] [ExploratoryVirtualUser] Circling through [ViewIssueAction, ViewIssueAction, ViewIssueAction, ViewBacklogAction, ViewIssueAction, ViewIssueAction, SearchJqlAction, ViewIssueAction, ViewDashboardAction, SearchJqlAction, ViewBoardAction, BrowseProjectsAction, ViewIssueAction, AddCommentAction, BrowseProjectsAction, ViewBacklogAction, ViewIssueAction, SearchJqlAction, ViewBacklogAction, ViewBoardAction, SearchJqlAction, EditIssueAction, ViewIssueAction, ViewBacklogAction, ViewDashboardAction, AddCommentAction, ViewIssueAction, ViewIssueAction, ViewIssueAction, ViewDashboardAction, CreateIssueAction, ViewIssueAction, ViewIssueAction, SearchJqlAction, ViewIssueAction, ViewIssueAction, ProjectSummaryAction, ViewIssueAction, ViewIssueAction, ViewIssueAction, ViewDashboardAction, SearchJqlAction, EditIssueAction, SearchJqlAction, EditIssueAction, BrowseProjectsAction, ViewIssueAction, SearchJqlAction, ViewIssueAction, ViewIssueAction, ViewIssueAction, SearchJqlAction, EditIssueAction, SearchJqlAction, SearchJqlAction, ViewBacklogAction, ViewDashboardAction, ViewBoardAction, ViewIssueAction, ViewIssueAction, BrowseProjectsAction, ViewDashboardAction, ViewIssueAction, ViewIssueAction, ViewBoardAction, ViewBoardAction, ViewBoardAction, ViewIssueAction, ViewBacklogAction, ProjectSummaryAction, CreateIssueAction, ViewIssueAction, EditIssueAction, ProjectSummaryAction, ViewIssueAction, ViewIssueAction, BrowseProjectsAction, ViewBoardAction, ViewIssueAction, CreateIssueAction, ViewDashboardAction, ViewIssueAction, ViewIssueAction, ViewBoardAction, ViewIssueAction, ViewIssueAction, ViewIssueAction, ViewDashboardAction, PatientBrowseBoardsAction, ViewIssueAction, ViewDashboardAction, ViewIssueAction, ViewIssueAction, ViewIssueAction, ViewIssueAction, ViewBoardAction, ViewBoardAction, SearchJqlAction, ViewIssueAction, ViewBacklogAction, SearchJqlAction, ProjectSummaryAction, ViewIssueAction, CreateIssueAction, ViewIssueAction, ViewBacklogAction, SearchJqlAction, SearchJqlAction, SearchJqlAction, ViewIssueAction, ProjectSummaryAction, SearchJqlAction, CreateIssueAction, ViewIssueAction, ViewDashboardAction, ViewIssueAction, ViewIssueAction, PatientBrowseBoardsAction, ViewIssueAction, SearchJqlAction, ViewBacklogAction, ViewIssueAction, ViewIssueAction, SearchJqlAction, SearchJqlAction, ViewIssueAction, ViewIssueAction, ViewBacklogAction, ViewIssueAction]
2019-07-22T12:53:39,799Z DEBUG {} [applying load #4aa3a58b-223c-4fe4-a0ce-08b2b2357d85] [ViewIssueAction] Skipping View Issue action. I have no knowledge of issue keys.
2019-07-22T12:53:39,822Z DEBUG {} [applying load #2f041651-e303-45d8-b7aa-98a9ca12836f] [ExploratoryVirtualUser] Circling through [EditIssueAction, ViewIssueAction, ViewIssueAction, ViewIssueAction, ViewBacklogAction, SearchJqlAction, ViewIssueAction, ViewBoardAction, ViewBacklogAction, ViewIssueAction, ViewBoardAction, ViewIssueAction, ViewIssueAction, ViewBoardAction, ViewDashboardAction, ViewBacklogAction, ViewIssueAction, ViewIssueAction, ViewIssueAction, SearchJqlAction, ViewIssueAction, ViewIssueAction, ViewIssueAction, ViewBacklogAction, ViewIssueAction, ViewIssueAction, SearchJqlAction, ViewIssueAction, SearchJqlAction, SearchJqlAction, CreateIssueAction, ViewIssueAction, ViewIssueAction, ViewIssueAction, EditIssueAction, ViewIssueAction, SearchJqlAction, ViewIssueAction, SearchJqlAction, ViewDashboardAction, SearchJqlAction, ViewDashboardAction, ViewBoardAction, CreateIssueAction, ViewDashboardAction, ViewBacklogAction, ViewIssueAction, ViewIssueAction, ViewIssueAction, ViewIssueAction, ViewDashboardAction, ViewBoardAction, BrowseProjectsAction, PatientBrowseBoardsAction, ProjectSummaryAction, ViewIssueAction, BrowseProjectsAction, ViewIssueAction, ViewIssueAction, ProjectSummaryAction, ViewIssueAction, ViewIssueAction, ViewIssueAction, AddCommentAction, ViewIssueAction, ViewIssueAction, ViewBoardAction, CreateIssueAction, CreateIssueAction, SearchJqlAction, ViewBacklogAction, ViewBoardAction, ViewIssueAction, ViewIssueAction, ViewDashboardAction, SearchJqlAction, ProjectSummaryAction, ViewIssueAction, SearchJqlAction, ViewIssueAction, ViewIssueAction, ViewIssueAction, ViewBacklogAction, ViewBoardAction, ProjectSummaryAction, AddCommentAction, EditIssueAction, SearchJqlAction, BrowseProjectsAction, EditIssueAction, SearchJqlAction, ViewIssueAction, ViewIssueAction, ViewIssueAction, ViewIssueAction, ViewDashboardAction, CreateIssueAction, ViewIssueAction, ViewIssueAction, PatientBrowseBoardsAction, ViewBacklogAction, SearchJqlAction, ViewIssueAction, ViewIssueAction, SearchJqlAction, ViewBoardAction, ViewDashboardAction, ProjectSummaryAction, ViewIssueAction, SearchJqlAction, EditIssueAction, ViewBoardAction, ViewIssueAction, ViewBacklogAction, SearchJqlAction, ViewIssueAction, ViewDashboardAction, ViewIssueAction, ViewIssueAction, ViewDashboardAction, BrowseProjectsAction, SearchJqlAction, ViewIssueAction, ViewIssueAction, ViewIssueAction, SearchJqlAction, ViewBacklogAction, SearchJqlAction, BrowseProjectsAction]
2019-07-22T12:53:39,823Z DEBUG {} [applying load #2f041651-e303-45d8-b7aa-98a9ca12836f] [EditIssueAction] Cannot edit any issue, because I didn't see any editable issues
2019-07-22T12:53:42,654Z DEBUG {} [applying load #2bf4d3bb-4b7a-42a0-a75e-f56d36155cdb] [EditIssueAction] Cannot edit any issue, because I didn't see any editable issues
2019-07-22T12:53:44,581Z DEBUG {} [applying load #452d3e65-5a2a-48c2-aee0-92d8e22039ab] [ExploratoryVirtualUser] Circling through [ViewDashboardAction, ViewBoardAction, ViewIssueAction, ViewIssueAction, SearchJqlAction, ViewIssueAction, ViewIssueAction, AddCommentAction, ViewDashboardAction, ViewIssueAction, ViewDashboardAction, ViewIssueAction, BrowseProjectsAction, CreateIssueAction, CreateIssueAction, ViewBacklogAction, ViewDashboardAction, ViewIssueAction, ViewIssueAction, ViewBacklogAction, ViewIssueAction, ViewBoardAction, ViewBoardAction, SearchJqlAction, ViewBacklogAction, EditIssueAction, SearchJqlAction, ViewBoardAction, ViewBacklogAction, ViewBoardAction, ViewIssueAction, ViewBacklogAction, ViewIssueAction, ProjectSummaryAction, EditIssueAction, SearchJqlAction, ViewIssueAction, ProjectSummaryAction, ViewDashboardAction, AddCommentAction, ViewIssueAction, SearchJqlAction, ViewIssueAction, ViewIssueAction, ViewIssueAction, ViewDashboardAction, PatientBrowseBoardsAction, SearchJqlAction, SearchJqlAction, ViewDashboardAction, ViewIssueAction, ViewIssueAction, SearchJqlAction, SearchJqlAction, ViewIssueAction, ViewBoardAction, ViewIssueAction, CreateIssueAction, ViewBoardAction, ViewDashboardAction, SearchJqlAction, ViewIssueAction, ViewIssueAction, CreateIssueAction, ViewIssueAction, ViewBacklogAction, ViewIssueAction, ViewDashboardAction, ViewIssueAction, ViewIssueAction, BrowseProjectsAction, ViewIssueAction, EditIssueAction, ViewIssueAction, ViewIssueAction, ViewIssueAction, ViewIssueAction, BrowseProjectsAction, SearchJqlAction, ViewIssueAction, SearchJqlAction, BrowseProjectsAction, ViewIssueAction, ViewBacklogAction, ViewIssueAction, ViewIssueAction, SearchJqlAction, ViewIssueAction, CreateIssueAction, ViewBoardAction, SearchJqlAction, ViewIssueAction, ViewIssueAction, ViewDashboardAction, ViewBoardAction, SearchJqlAction, ViewIssueAction, ProjectSummaryAction, SearchJqlAction, ViewBacklogAction, ViewIssueAction, ViewBoardAction, PatientBrowseBoardsAction, BrowseProjectsAction, SearchJqlAction, ViewIssueAction, ViewIssueAction, ViewIssueAction, SearchJqlAction, ViewIssueAction, SearchJqlAction, ViewIssueAction, EditIssueAction, ViewIssueAction, EditIssueAction, ViewIssueAction, ViewBacklogAction, ViewIssueAction, ViewBacklogAction, ProjectSummaryAction, ViewIssueAction, SearchJqlAction, ViewIssueAction, ViewIssueAction, ViewIssueAction, ViewIssueAction, ViewIssueAction, ProjectSummaryAction, ViewIssueAction]
2019-07-22T12:53:44,600Z DEBUG {} [applying load #4aa3a58b-223c-4fe4-a0ce-08b2b2357d85] [ViewIssueAction] Skipping View Issue action. I have no knowledge of issue keys.
2019-07-22T12:53:44,622Z DEBUG {} [applying load #2f041651-e303-45d8-b7aa-98a9ca12836f] [ViewIssueAction] Skipping View Issue action. I have no knowledge of issue keys.
2019-07-22T12:53:45,603Z DEBUG {} [applying load #fe00efd9-bc75-476f-b6d3-626cceb2e214] [ExploratoryVirtualUser] Circling through [ViewIssueAction, ViewIssueAction, SearchJqlAction, ViewIssueAction, ViewIssueAction, SearchJqlAction, ViewIssueAction, ViewIssueAction, SearchJqlAction, ViewDashboardAction, SearchJqlAction, BrowseProjectsAction, ViewIssueAction, SearchJqlAction, ViewIssueAction, SearchJqlAction, SearchJqlAction, ViewIssueAction, SearchJqlAction, ViewIssueAction, ViewDashboardAction, BrowseProjectsAction, ProjectSummaryAction, CreateIssueAction, CreateIssueAction, BrowseProjectsAction, ViewIssueAction, ViewIssueAction, ViewIssueAction, CreateIssueAction, ViewIssueAction, ViewDashboardAction, ViewIssueAction, ViewDashboardAction, CreateIssueAction, ViewIssueAction, ViewIssueAction, ViewBacklogAction, ViewDashboardAction, ViewIssueAction, ViewBoardAction, ViewBoardAction, ProjectSummaryAction, ViewIssueAction, ViewBoardAction, ViewIssueAction, EditIssueAction, ViewIssueAction, ViewDashboardAction, SearchJqlAction, ViewBacklogAction, SearchJqlAction, ViewIssueAction, ViewIssueAction, ViewDashboardAction, ProjectSummaryAction, ViewIssueAction, ViewIssueAction, ViewIssueAction, SearchJqlAction, PatientBrowseBoardsAction, ViewBacklogAction, ViewBoardAction, ViewIssueAction, CreateIssueAction, ViewDashboardAction, EditIssueAction, AddCommentAction, SearchJqlAction, ViewBacklogAction, ViewIssueAction, SearchJqlAction, ViewIssueAction, ViewIssueAction, SearchJqlAction, ViewIssueAction, BrowseProjectsAction, SearchJqlAction, AddCommentAction, ViewIssueAction, ViewIssueAction, ViewIssueAction, ProjectSummaryAction, ViewIssueAction, ViewBoardAction, ViewIssueAction, ViewBacklogAction, SearchJqlAction, ViewDashboardAction, SearchJqlAction, ViewIssueAction, ViewIssueAction, ViewIssueAction, ProjectSummaryAction, ViewBacklogAction, SearchJqlAction, ViewIssueAction, ViewIssueAction, ViewIssueAction, ViewIssueAction, ViewIssueAction, ViewBacklogAction, ViewIssueAction, ViewIssueAction, ViewBoardAction, ViewIssueAction, ViewDashboardAction, ViewBoardAction, PatientBrowseBoardsAction, ViewBoardAction, ViewIssueAction, ViewIssueAction, EditIssueAction, ViewIssueAction, ViewBacklogAction, EditIssueAction, ViewIssueAction, ViewIssueAction, ViewBoardAction, ViewBacklogAction, ViewBoardAction, ViewIssueAction, ViewBacklogAction, EditIssueAction, ViewIssueAction, SearchJqlAction, BrowseProjectsAction, ViewIssueAction, SearchJqlAction]
2019-07-22T12:53:45,604Z DEBUG {} [applying load #fe00efd9-bc75-476f-b6d3-626cceb2e214] [ViewIssueAction] Skipping View Issue action. I have no knowledge of issue keys.
2019-07-22T12:53:45,644Z DEBUG {} [applying load #47074dbb-09fa-4d50-a073-da045f3e86fb] [ExploratoryVirtualUser] Circling through [ViewDashboardAction, ViewIssueAction, ViewIssueAction, ViewBoardAction, BrowseProjectsAction, SearchJqlAction, ViewBoardAction, ViewBoardAction, ViewIssueAction, ViewIssueAction, ViewIssueAction, ViewIssueAction, ViewIssueAction, SearchJqlAction, EditIssueAction, BrowseProjectsAction, ViewIssueAction, CreateIssueAction, ViewIssueAction, ViewBoardAction, ViewBacklogAction, SearchJqlAction, ViewIssueAction, ViewIssueAction, ViewIssueAction, ViewIssueAction, ViewDashboardAction, ViewIssueAction, ViewIssueAction, ViewIssueAction, CreateIssueAction, ViewBoardAction, ViewBoardAction, ViewIssueAction, SearchJqlAction, ViewIssueAction, SearchJqlAction, SearchJqlAction, ViewBacklogAction, ViewBoardAction, ViewIssueAction, AddCommentAction, ViewDashboardAction, ViewIssueAction, ViewIssueAction, ViewDashboardAction, ViewDashboardAction, SearchJqlAction, ViewIssueAction, AddCommentAction, SearchJqlAction, ViewIssueAction, SearchJqlAction, ViewBoardAction, ViewBacklogAction, ViewBacklogAction, ViewIssueAction, ViewIssueAction, SearchJqlAction, BrowseProjectsAction, ViewBoardAction, ViewIssueAction, ViewDashboardAction, ProjectSummaryAction, EditIssueAction, ViewIssueAction, ViewIssueAction, ViewIssueAction, SearchJqlAction, SearchJqlAction, ViewIssueAction, ViewIssueAction, ViewIssueAction, ProjectSummaryAction, SearchJqlAction, ViewBacklogAction, EditIssueAction, ViewIssueAction, ViewIssueAction, BrowseProjectsAction, ViewIssueAction, ViewIssueAction, ViewIssueAction, ViewBacklogAction, ProjectSummaryAction, ViewIssueAction, ViewIssueAction, CreateIssueAction, SearchJqlAction, ViewIssueAction, PatientBrowseBoardsAction, ProjectSummaryAction, BrowseProjectsAction, ViewBoardAction, ViewIssueAction, EditIssueAction, ViewBacklogAction, ViewIssueAction, ViewIssueAction, SearchJqlAction, PatientBrowseBoardsAction, SearchJqlAction, SearchJqlAction, ViewDashboardAction, ViewIssueAction, CreateIssueAction, SearchJqlAction, ViewIssueAction, ViewIssueAction, SearchJqlAction, ViewIssueAction, SearchJqlAction, ViewBacklogAction, ViewDashboardAction, ViewIssueAction, CreateIssueAction, ViewIssueAction, ProjectSummaryAction, ViewDashboardAction, ViewIssueAction, EditIssueAction, ViewBacklogAction, ViewIssueAction, ViewDashboardAction, ViewIssueAction, ViewIssueAction, ViewBacklogAction, ViewIssueAction, ViewIssueAction]
2019-07-22T12:53:47,453Z DEBUG {} [applying load #2bf4d3bb-4b7a-42a0-a75e-f56d36155cdb] [EditIssueAction] Cannot edit any issue, because I didn't see any editable issues
2019-07-22T12:53:49,383Z DEBUG {} [applying load #452d3e65-5a2a-48c2-aee0-92d8e22039ab] [ViewBoardAction] Skipping View Board. I have no knowledge of Boards.
2019-07-22T12:53:49,399Z DEBUG {} [applying load #4aa3a58b-223c-4fe4-a0ce-08b2b2357d85] [ViewIssueAction] Skipping View Issue action. I have no knowledge of issue keys.
2019-07-22T12:53:49,423Z DEBUG {} [applying load #2f041651-e303-45d8-b7aa-98a9ca12836f] [ViewIssueAction] Skipping View Issue action. I have no knowledge of issue keys.
2019-07-22T12:53:50,404Z DEBUG {} [applying load #fe00efd9-bc75-476f-b6d3-626cceb2e214] [ViewIssueAction] Skipping View Issue action. I have no knowledge of issue keys.
2019-07-22T12:53:50,556Z DEBUG {} [applying load #b07392eb-5713-4a1a-9e3e-2556b600cec1] [ExploratoryVirtualUser] Circling through [ViewDashboardAction, ViewDashboardAction, ViewIssueAction, SearchJqlAction, ViewIssueAction, ViewIssueAction, ViewIssueAction, ViewIssueAction, ViewIssueAction, CreateIssueAction, ViewIssueAction, ViewIssueAction, BrowseProjectsAction, ViewBoardAction, ViewIssueAction, BrowseProjectsAction, EditIssueAction, CreateIssueAction, SearchJqlAction, ViewIssueAction, SearchJqlAction, ViewIssueAction, ViewIssueAction, ViewIssueAction, ViewBacklogAction, AddCommentAction, ViewDashboardAction, SearchJqlAction, ViewIssueAction, SearchJqlAction, BrowseProjectsAction, ViewIssueAction, ViewIssueAction, SearchJqlAction, SearchJqlAction, CreateIssueAction, ViewIssueAction, ViewDashboardAction, ViewDashboardAction, ViewIssueAction, SearchJqlAction, ViewIssueAction, ViewIssueAction, ViewBacklogAction, ViewIssueAction, ViewIssueAction, ViewBoardAction, ViewIssueAction, SearchJqlAction, SearchJqlAction, SearchJqlAction, ViewIssueAction, ViewIssueAction, ViewIssueAction, ViewDashboardAction, ViewDashboardAction, ViewIssueAction, ViewBoardAction, ViewBacklogAction, ViewIssueAction, SearchJqlAction, SearchJqlAction, ViewBacklogAction, CreateIssueAction, ViewIssueAction, ViewIssueAction, PatientBrowseBoardsAction, ViewIssueAction, ViewIssueAction, ViewDashboardAction, ViewBoardAction, ViewIssueAction, ViewIssueAction, ViewIssueAction, SearchJqlAction, ViewIssueAction, SearchJqlAction, ViewBacklogAction, ProjectSummaryAction, SearchJqlAction, ViewIssueAction, SearchJqlAction, ViewIssueAction, SearchJqlAction, ProjectSummaryAction, SearchJqlAction, ViewIssueAction, ViewBoardAction, ViewBacklogAction, BrowseProjectsAction, ViewIssueAction, ViewIssueAction, ViewIssueAction, ViewIssueAction, AddCommentAction, ViewIssueAction, EditIssueAction, CreateIssueAction, ProjectSummaryAction, ViewIssueAction, ViewBacklogAction, ProjectSummaryAction, ViewIssueAction, ViewDashboardAction, ViewIssueAction, ViewBoardAction, ViewDashboardAction, ViewBacklogAction, PatientBrowseBoardsAction, ViewIssueAction, ViewBoardAction, ViewBoardAction, EditIssueAction, ViewIssueAction, BrowseProjectsAction, EditIssueAction, ViewBoardAction, SearchJqlAction, ViewBoardAction, ViewIssueAction, ViewIssueAction, ViewIssueAction, ViewIssueAction, ViewBacklogAction, ViewIssueAction, ViewIssueAction, ProjectSummaryAction, ViewBacklogAction, EditIssueAction]
2019-07-22T12:53:50,572Z DEBUG {} [applying load #dbb39fdf-19e7-4afc-b5fc-d8c9e70ecf50] [ExploratoryVirtualUser] Circling through [ViewIssueAction, ViewDashboardAction, SearchJqlAction, ViewIssueAction, ViewBacklogAction, ViewBacklogAction, ViewIssueAction, ViewIssueAction, ViewIssueAction, ViewDashboardAction, SearchJqlAction, ViewBoardAction, SearchJqlAction, ViewBoardAction, ViewIssueAction, ProjectSummaryAction, ViewIssueAction, ViewIssueAction, ViewIssueAction, BrowseProjectsAction, ViewIssueAction, BrowseProjectsAction, SearchJqlAction, ViewDashboardAction, ViewIssueAction, ViewIssueAction, ViewIssueAction, SearchJqlAction, ViewIssueAction, CreateIssueAction, SearchJqlAction, ViewIssueAction, ViewIssueAction, ViewDashboardAction, ViewBacklogAction, ProjectSummaryAction, EditIssueAction, ViewBoardAction, AddCommentAction, ViewBoardAction, PatientBrowseBoardsAction, ViewIssueAction, SearchJqlAction, SearchJqlAction, ViewIssueAction, ViewIssueAction, ViewIssueAction, CreateIssueAction, ViewIssueAction, ViewIssueAction, ViewIssueAction, SearchJqlAction, ViewIssueAction, ViewIssueAction, ViewIssueAction, ProjectSummaryAction, CreateIssueAction, ViewIssueAction, ViewDashboardAction, ViewDashboardAction, ViewIssueAction, ViewBacklogAction, ViewIssueAction, ViewIssueAction, ViewBoardAction, ViewBoardAction, ViewBacklogAction, ViewIssueAction, ViewBoardAction, SearchJqlAction, ViewBacklogAction, ViewIssueAction, ViewBoardAction, SearchJqlAction, ViewIssueAction, CreateIssueAction, SearchJqlAction, ViewIssueAction, BrowseProjectsAction, ViewBacklogAction, ViewBacklogAction, SearchJqlAction, SearchJqlAction, BrowseProjectsAction, EditIssueAction, ViewIssueAction, ViewIssueAction, ViewIssueAction, ViewIssueAction, EditIssueAction, SearchJqlAction, ViewBoardAction, ViewIssueAction, PatientBrowseBoardsAction, ViewDashboardAction, SearchJqlAction, ViewIssueAction, ViewDashboardAction, ProjectSummaryAction, ViewIssueAction, ViewIssueAction, ViewIssueAction, EditIssueAction, ViewIssueAction, SearchJqlAction, ViewDashboardAction, ViewIssueAction, ViewIssueAction, SearchJqlAction, BrowseProjectsAction, SearchJqlAction, ViewIssueAction, ViewIssueAction, ProjectSummaryAction, ViewBoardAction, ViewIssueAction, ViewBacklogAction, EditIssueAction, ViewIssueAction, SearchJqlAction, CreateIssueAction, ViewIssueAction, ViewIssueAction, ViewIssueAction, ViewIssueAction, ViewIssueAction, ViewBacklogAction, ViewDashboardAction, AddCommentAction]
2019-07-22T12:53:50,572Z DEBUG {} [applying load #dbb39fdf-19e7-4afc-b5fc-d8c9e70ecf50] [ViewIssueAction] Skipping View Issue action. I have no knowledge of issue keys.
2019-07-22T12:53:52,253Z DEBUG {} [applying load #2bf4d3bb-4b7a-42a0-a75e-f56d36155cdb] [ViewIssueAction] Skipping View Issue action. I have no knowledge of issue keys.
2019-07-22T12:53:54,182Z DEBUG {} [applying load #452d3e65-5a2a-48c2-aee0-92d8e22039ab] [ViewIssueAction] Skipping View Issue action. I have no knowledge of issue keys.
2019-07-22T12:53:54,200Z DEBUG {} [applying load #4aa3a58b-223c-4fe4-a0ce-08b2b2357d85] [ViewBacklogAction] Skipping View Backlog. I have no knowledge of Boards.
2019-07-22T12:53:54,222Z DEBUG {} [applying load #2f041651-e303-45d8-b7aa-98a9ca12836f] [ViewIssueAction] Skipping View Issue action. I have no knowledge of issue keys.
2019-07-22T12:53:54,578Z DEBUG {} [applying load #cb4ca8fb-84ef-40b0-9da5-b755de0fed5f] [ExploratoryVirtualUser] Circling through [ViewBoardAction, ViewIssueAction, ViewBoardAction, ViewIssueAction, AddCommentAction, ViewIssueAction, SearchJqlAction, SearchJqlAction, ViewBoardAction, AddCommentAction, BrowseProjectsAction, CreateIssueAction, ViewDashboardAction, ViewIssueAction, ViewIssueAction, SearchJqlAction, ViewIssueAction, ViewBacklogAction, BrowseProjectsAction, ViewIssueAction, ViewBacklogAction, ViewIssueAction, ViewIssueAction, ProjectSummaryAction, ViewIssueAction, ViewDashboardAction, ViewIssueAction, ViewIssueAction, ViewBoardAction, ViewDashboardAction, ViewBoardAction, ViewIssueAction, CreateIssueAction, SearchJqlAction, SearchJqlAction, SearchJqlAction, PatientBrowseBoardsAction, SearchJqlAction, BrowseProjectsAction, ViewIssueAction, ViewBoardAction, ViewIssueAction, ViewIssueAction, ViewIssueAction, SearchJqlAction, ViewIssueAction, ViewIssueAction, ViewIssueAction, ProjectSummaryAction, ViewBoardAction, ViewIssueAction, ViewIssueAction, ViewDashboardAction, EditIssueAction, SearchJqlAction, ViewIssueAction, ViewBoardAction, ViewIssueAction, CreateIssueAction, ViewIssueAction, PatientBrowseBoardsAction, ProjectSummaryAction, EditIssueAction, ViewIssueAction, ViewIssueAction, ProjectSummaryAction, ViewIssueAction, ViewIssueAction, ViewIssueAction, ViewDashboardAction, ViewBacklogAction, SearchJqlAction, ViewIssueAction, ViewIssueAction, SearchJqlAction, ViewBoardAction, SearchJqlAction, BrowseProjectsAction, SearchJqlAction, ViewDashboardAction, ViewIssueAction, ViewIssueAction, BrowseProjectsAction, SearchJqlAction, SearchJqlAction, ViewIssueAction, ViewIssueAction, ViewIssueAction, ViewBacklogAction, ViewIssueAction, SearchJqlAction, SearchJqlAction, CreateIssueAction, ViewBacklogAction, ViewBacklogAction, ViewIssueAction, ViewIssueAction, ViewBacklogAction, EditIssueAction, ViewBacklogAction, ViewIssueAction, ViewIssueAction, EditIssueAction, ViewDashboardAction, ViewIssueAction, ViewIssueAction, ViewIssueAction, SearchJqlAction, ViewDashboardAction, ViewIssueAction, ViewIssueAction, ViewIssueAction, ViewDashboardAction, ViewDashboardAction, ViewIssueAction, ViewIssueAction, ViewIssueAction, CreateIssueAction, ProjectSummaryAction, ViewBacklogAction, EditIssueAction, ViewIssueAction, SearchJqlAction, ViewBoardAction, SearchJqlAction, ViewIssueAction, ViewBacklogAction, ViewIssueAction, ViewIssueAction]
2019-07-22T12:53:54,579Z DEBUG {} [applying load #cb4ca8fb-84ef-40b0-9da5-b755de0fed5f] [ViewBoardAction] Skipping View Board. I have no knowledge of Boards.
2019-07-22T12:53:54,661Z DEBUG {} [applying load #8de76db5-c6a2-4389-9ca2-488c081fee1a] [ExploratoryVirtualUser] Circling through [BrowseProjectsAction, SearchJqlAction, ViewIssueAction, SearchJqlAction, ViewIssueAction, ViewDashboardAction, AddCommentAction, SearchJqlAction, SearchJqlAction, ViewIssueAction, ViewBacklogAction, ViewIssueAction, ViewIssueAction, SearchJqlAction, SearchJqlAction, ViewIssueAction, ViewIssueAction, ViewBoardAction, SearchJqlAction, ViewBacklogAction, ViewIssueAction, ViewIssueAction, ViewIssueAction, ViewIssueAction, ViewIssueAction, ViewIssueAction, ViewBoardAction, PatientBrowseBoardsAction, ViewIssueAction, EditIssueAction, ViewIssueAction, CreateIssueAction, ViewDashboardAction, ProjectSummaryAction, ViewDashboardAction, ViewIssueAction, ViewIssueAction, ViewDashboardAction, ViewBacklogAction, BrowseProjectsAction, ViewIssueAction, ViewIssueAction, ProjectSummaryAction, SearchJqlAction, ViewBacklogAction, PatientBrowseBoardsAction, SearchJqlAction, ViewIssueAction, EditIssueAction, EditIssueAction, BrowseProjectsAction, ViewIssueAction, SearchJqlAction, CreateIssueAction, ViewIssueAction, ViewIssueAction, CreateIssueAction, ViewDashboardAction, SearchJqlAction, ViewIssueAction, ViewDashboardAction, ViewIssueAction, SearchJqlAction, ViewBacklogAction, ViewIssueAction, ProjectSummaryAction, CreateIssueAction, ViewIssueAction, ViewBoardAction, ViewIssueAction, ViewIssueAction, ViewBacklogAction, EditIssueAction, ViewIssueAction, ViewIssueAction, ViewBacklogAction, ViewBacklogAction, EditIssueAction, SearchJqlAction, ProjectSummaryAction, SearchJqlAction, ViewBoardAction, ViewIssueAction, BrowseProjectsAction, SearchJqlAction, ViewIssueAction, SearchJqlAction, ViewBoardAction, ViewDashboardAction, ViewBoardAction, ViewIssueAction, ViewIssueAction, ViewIssueAction, ViewIssueAction, ViewIssueAction, ViewIssueAction, ViewBoardAction, ViewDashboardAction, ViewIssueAction, ViewBacklogAction, ViewIssueAction, AddCommentAction, ViewIssueAction, SearchJqlAction, ViewIssueAction, ViewBoardAction, ViewIssueAction, ViewIssueAction, BrowseProjectsAction, ViewIssueAction, ViewIssueAction, ViewIssueAction, ViewIssueAction, ViewIssueAction, SearchJqlAction, SearchJqlAction, ViewIssueAction, SearchJqlAction, ViewBoardAction, ViewDashboardAction, ViewBacklogAction, ViewIssueAction, CreateIssueAction, ProjectSummaryAction, ViewBoardAction, ViewIssueAction, ViewIssueAction, ViewDashboardAction, ViewIssueAction]
2019-07-22T12:53:57,053Z DEBUG {} [applying load #2bf4d3bb-4b7a-42a0-a75e-f56d36155cdb] [ViewIssueAction] Skipping View Issue action. I have no knowledge of issue keys.
2019-07-22T12:53:57,419Z DEBUG {} [applying load #47074dbb-09fa-4d50-a073-da045f3e86fb] [ViewIssueAction] Skipping View Issue action. I have no knowledge of issue keys.
2019-07-22T12:53:57,419Z DEBUG {} [applying load #47074dbb-09fa-4d50-a073-da045f3e86fb] [ViewIssueAction] Skipping View Issue action. I have no knowledge of issue keys.
2019-07-22T12:53:58,982Z DEBUG {} [applying load #452d3e65-5a2a-48c2-aee0-92d8e22039ab] [ViewIssueAction] Skipping View Issue action. I have no knowledge of issue keys.
2019-07-22T12:53:58,999Z DEBUG {} [applying load #4aa3a58b-223c-4fe4-a0ce-08b2b2357d85] [ViewIssueAction] Skipping View Issue action. I have no knowledge of issue keys.
2019-07-22T12:53:59,022Z DEBUG {} [applying load #2f041651-e303-45d8-b7aa-98a9ca12836f] [ViewBacklogAction] Skipping View Backlog. I have no knowledge of Boards.
2019-07-22T12:53:59,379Z DEBUG {} [applying load #cb4ca8fb-84ef-40b0-9da5-b755de0fed5f] [ViewIssueAction] Skipping View Issue action. I have no knowledge of issue keys.
2019-07-22T12:54:00,046Z DEBUG {} [applying load #47074dbb-09fa-4d50-a073-da045f3e86fb] [ViewBoardAction] Skipping View Board. I have no knowledge of Boards.
2019-07-22T12:54:00,156Z DEBUG {} [applying load #b07392eb-5713-4a1a-9e3e-2556b600cec1] [ViewIssueAction] Skipping View Issue action. I have no knowledge of issue keys.
2019-07-22T12:54:01,853Z DEBUG {} [applying load #2bf4d3bb-4b7a-42a0-a75e-f56d36155cdb] [ViewIssueAction] Skipping View Issue action. I have no knowledge of issue keys.
2019-07-22T12:54:03,799Z DEBUG {} [applying load #4aa3a58b-223c-4fe4-a0ce-08b2b2357d85] [ViewIssueAction] Skipping View Issue action. I have no knowledge of issue keys.
2019-07-22T12:54:04,179Z DEBUG {} [applying load #cb4ca8fb-84ef-40b0-9da5-b755de0fed5f] [ViewBoardAction] Skipping View Board. I have no knowledge of Boards.
2019-07-22T12:54:04,262Z DEBUG {} [applying load #8de76db5-c6a2-4389-9ca2-488c081fee1a] [ViewIssueAction] Skipping View Issue action. I have no knowledge of issue keys.
2019-07-22T12:54:06,654Z DEBUG {} [applying load #2bf4d3bb-4b7a-42a0-a75e-f56d36155cdb] [ViewIssueAction] Skipping View Issue action. I have no knowledge of issue keys.
2019-07-22T12:54:08,583Z DEBUG {} [applying load #452d3e65-5a2a-48c2-aee0-92d8e22039ab] [ViewIssueAction] Skipping View Issue action. I have no knowledge of issue keys.
2019-07-22T12:54:08,622Z DEBUG {} [applying load #2f041651-e303-45d8-b7aa-98a9ca12836f] [ViewIssueAction] Skipping View Issue action. I have no knowledge of issue keys.
2019-07-22T12:54:08,979Z DEBUG {} [applying load #cb4ca8fb-84ef-40b0-9da5-b755de0fed5f] [ViewIssueAction] Skipping View Issue action. I have no knowledge of issue keys.
2019-07-22T12:54:11,453Z DEBUG {} [applying load #2bf4d3bb-4b7a-42a0-a75e-f56d36155cdb] [CreateIssueAction] Skipping Create issue action. I have no knowledge of projects.
2019-07-22T12:54:13,382Z DEBUG {} [applying load #452d3e65-5a2a-48c2-aee0-92d8e22039ab] [ViewIssueAction] Skipping View Issue action. I have no knowledge of issue keys.
2019-07-22T12:54:13,399Z DEBUG {} [applying load #4aa3a58b-223c-4fe4-a0ce-08b2b2357d85] [ViewIssueAction] Skipping View Issue action. I have no knowledge of issue keys.
2019-07-22T12:54:13,422Z DEBUG {} [applying load #2f041651-e303-45d8-b7aa-98a9ca12836f] [ViewBoardAction] Skipping View Board. I have no knowledge of Boards.
2019-07-22T12:54:13,780Z DEBUG {} [applying load #cb4ca8fb-84ef-40b0-9da5-b755de0fed5f] [AddCommentAction] Cannot add a comment, because I didn't see any issues yet
2019-07-22T12:54:14,446Z DEBUG {} [applying load #47074dbb-09fa-4d50-a073-da045f3e86fb] [ViewBoardAction] Skipping View Board. I have no knowledge of Boards.
2019-07-22T12:54:18,183Z DEBUG {} [applying load #452d3e65-5a2a-48c2-aee0-92d8e22039ab] [AddCommentAction] Cannot add a comment, because I didn't see any issues yet
2019-07-22T12:54:18,222Z DEBUG {} [applying load #2f041651-e303-45d8-b7aa-98a9ca12836f] [ViewBacklogAction] Skipping View Backlog. I have no knowledge of Boards.
2019-07-22T12:54:18,579Z DEBUG {} [applying load #cb4ca8fb-84ef-40b0-9da5-b755de0fed5f] [ViewIssueAction] Skipping View Issue action. I have no knowledge of issue keys.
2019-07-22T12:54:19,245Z DEBUG {} [applying load #47074dbb-09fa-4d50-a073-da045f3e86fb] [ViewBoardAction] Skipping View Board. I have no knowledge of Boards.
2019-07-22T12:54:21,054Z DEBUG {} [applying load #2bf4d3bb-4b7a-42a0-a75e-f56d36155cdb] [ViewBoardAction] Skipping View Board. I have no knowledge of Boards.
2019-07-22T12:54:23,022Z DEBUG {} [applying load #2f041651-e303-45d8-b7aa-98a9ca12836f] [ViewIssueAction] Skipping View Issue action. I have no knowledge of issue keys.
2019-07-22T12:54:24,045Z DEBUG {} [applying load #47074dbb-09fa-4d50-a073-da045f3e86fb] [ViewIssueAction] Skipping View Issue action. I have no knowledge of issue keys.
2019-07-22T12:54:24,395Z DEBUG {} [applying load #2149cb1c-499c-4b71-ae97-86310a3e297f] [AdaptiveJqlMemory] Rendered a new jql query: <<project = AMSAI order by status>>
2019-07-22T12:54:25,814Z DEBUG {} [applying load #2149cb1c-499c-4b71-ae97-86310a3e297f] [AdaptiveJqlMemory] Rendered a new jql query: <<assignee = xrpjgmuae order by project>>
2019-07-22T12:54:25,853Z DEBUG {} [applying load #2bf4d3bb-4b7a-42a0-a75e-f56d36155cdb] [ViewBoardAction] Skipping View Board. I have no knowledge of Boards.
2019-07-22T12:54:27,782Z DEBUG {} [applying load #452d3e65-5a2a-48c2-aee0-92d8e22039ab] [ViewIssueAction] Skipping View Issue action. I have no knowledge of issue keys.
2019-07-22T12:54:27,799Z DEBUG {} [applying load #4aa3a58b-223c-4fe4-a0ce-08b2b2357d85] [ViewBoardAction] Skipping View Board. I have no knowledge of Boards.
2019-07-22T12:54:27,823Z DEBUG {} [applying load #2f041651-e303-45d8-b7aa-98a9ca12836f] [ViewBoardAction] Skipping View Board. I have no knowledge of Boards.
2019-07-22T12:54:28,845Z DEBUG {} [applying load #47074dbb-09fa-4d50-a073-da045f3e86fb] [ViewIssueAction] Skipping View Issue action. I have no knowledge of issue keys.
2019-07-22T12:54:30,654Z DEBUG {} [applying load #2bf4d3bb-4b7a-42a0-a75e-f56d36155cdb] [ViewIssueAction] Skipping View Issue action. I have no knowledge of issue keys.
2019-07-22T12:54:32,622Z DEBUG {} [applying load #2f041651-e303-45d8-b7aa-98a9ca12836f] [ViewIssueAction] Skipping View Issue action. I have no knowledge of issue keys.
2019-07-22T12:54:33,646Z DEBUG {} [applying load #47074dbb-09fa-4d50-a073-da045f3e86fb] [ViewIssueAction] Skipping View Issue action. I have no knowledge of issue keys.
2019-07-22T12:54:35,453Z DEBUG {} [applying load #2bf4d3bb-4b7a-42a0-a75e-f56d36155cdb] [ViewIssueAction] Skipping View Issue action. I have no knowledge of issue keys.
2019-07-22T12:54:37,383Z DEBUG {} [applying load #452d3e65-5a2a-48c2-aee0-92d8e22039ab] [ViewIssueAction] Skipping View Issue action. I have no knowledge of issue keys.
2019-07-22T12:54:37,400Z DEBUG {} [applying load #4aa3a58b-223c-4fe4-a0ce-08b2b2357d85] [ViewIssueAction] Skipping View Issue action. I have no knowledge of issue keys.
2019-07-22T12:54:37,423Z DEBUG {} [applying load #2f041651-e303-45d8-b7aa-98a9ca12836f] [ViewIssueAction] Skipping View Issue action. I have no knowledge of issue keys.
2019-07-22T12:54:38,445Z DEBUG {} [applying load #47074dbb-09fa-4d50-a073-da045f3e86fb] [ViewIssueAction] Skipping View Issue action. I have no knowledge of issue keys.
2019-07-22T12:54:40,078Z DEBUG {} [applying load #fe00efd9-bc75-476f-b6d3-626cceb2e214] [AdaptiveJqlMemory] Rendered a new jql query: <<project = NLKS order by status>>
2019-07-22T12:54:41,247Z DEBUG {} [applying load #fe00efd9-bc75-476f-b6d3-626cceb2e214] [AdaptiveJqlMemory] Rendered a new jql query: <<assignee = xgsqbwfpe order by project>>
2019-07-22T12:54:42,199Z DEBUG {} [applying load #4aa3a58b-223c-4fe4-a0ce-08b2b2357d85] [AddCommentAction] Cannot add a comment, because I didn't see any issues yet
2019-07-22T12:54:42,222Z DEBUG {} [applying load #2f041651-e303-45d8-b7aa-98a9ca12836f] [ViewBoardAction] Skipping View Board. I have no knowledge of Boards.
2019-07-22T12:54:42,426Z DEBUG {} [applying load #dbb39fdf-19e7-4afc-b5fc-d8c9e70ecf50] [AdaptiveJqlMemory] Rendered a new jql query: <<project = ANIOS order by status>>
2019-07-22T12:54:42,426Z DEBUG {} [applying load #dbb39fdf-19e7-4afc-b5fc-d8c9e70ecf50] [ViewBacklogAction] Skipping View Backlog. I have no knowledge of Boards.
2019-07-22T12:54:42,426Z DEBUG {} [applying load #dbb39fdf-19e7-4afc-b5fc-d8c9e70ecf50] [ViewBacklogAction] Skipping View Backlog. I have no knowledge of Boards.
2019-07-22T12:54:43,246Z DEBUG {} [applying load #47074dbb-09fa-4d50-a073-da045f3e86fb] [ViewIssueAction] Skipping View Issue action. I have no knowledge of issue keys.
2019-07-22T12:54:43,535Z DEBUG {} [applying load #dbb39fdf-19e7-4afc-b5fc-d8c9e70ecf50] [AdaptiveJqlMemory] Rendered a new jql query: <<assignee = iebyxzczp order by project>>
2019-07-22T12:54:44,403Z DEBUG {} [applying load #fe00efd9-bc75-476f-b6d3-626cceb2e214] [AdaptiveJqlMemory] Rendered a new jql query: <<reporter was doybxsfrp order by description>>
2019-07-22T12:54:44,695Z DEBUG {} [applying load #dbb39fdf-19e7-4afc-b5fc-d8c9e70ecf50] [AdaptiveJqlMemory] Rendered a new jql query: <<reporter was dvcjvdgns order by description>>
2019-07-22T12:54:44,708Z DEBUG {} [applying load #b07392eb-5713-4a1a-9e3e-2556b600cec1] [AdaptiveJqlMemory] Rendered a new jql query: <<project = CCAFR order by status>>
2019-07-22T12:54:45,053Z DEBUG {} [applying load #2bf4d3bb-4b7a-42a0-a75e-f56d36155cdb] [ViewBacklogAction] Skipping View Backlog. I have no knowledge of Boards.
2019-07-22T12:54:45,513Z DEBUG {} [applying load #fe00efd9-bc75-476f-b6d3-626cceb2e214] [AdaptiveJqlMemory] Rendered a new jql query: <<project = CGAIEA and assignee = dmxecdpot order by reporter>>
2019-07-22T12:54:45,659Z DEBUG {} [applying load #2149cb1c-499c-4b71-ae97-86310a3e297f] [ViewBacklogAction] Skipping View Backlog. I have no knowledge of Boards.
2019-07-22T12:54:45,750Z DEBUG {} [applying load #b07392eb-5713-4a1a-9e3e-2556b600cec1] [AdaptiveJqlMemory] Rendered a new jql query: <<assignee = sqxumrjtj order by project>>
2019-07-22T12:54:45,751Z DEBUG {} [applying load #dbb39fdf-19e7-4afc-b5fc-d8c9e70ecf50] [AdaptiveJqlMemory] Rendered a new jql query: <<project = CGILSA and assignee = dpscdxzgp order by reporter>>
2019-07-22T12:54:46,458Z DEBUG {} [applying load #a7c7913d-8861-41b8-b748-aba5d7086bb0] [AdaptiveJqlMemory] Rendered a new jql query: <<project = BGFFIA order by status>>
2019-07-22T12:54:46,458Z DEBUG {} [applying load #a7c7913d-8861-41b8-b748-aba5d7086bb0] [ViewBacklogAction] Skipping View Backlog. I have no knowledge of Boards.
2019-07-22T12:54:46,775Z DEBUG {} [applying load #b07392eb-5713-4a1a-9e3e-2556b600cec1] [AdaptiveJqlMemory] Rendered a new jql query: <<reporter was jhducdxpd order by description>>
2019-07-22T12:54:46,793Z DEBUG {} [applying load #2149cb1c-499c-4b71-ae97-86310a3e297f] [AdaptiveJqlMemory] Rendered a new jql query: <<reporter was cuhxaewcx order by description>>
2019-07-22T12:54:47,956Z DEBUG {} [applying load #b07392eb-5713-4a1a-9e3e-2556b600cec1] [AdaptiveJqlMemory] Rendered a new jql query: <<project = BBEHIA and assignee = sqxumrjtj order by reporter>>
2019-07-22T12:54:49,059Z DEBUG {} [applying load #b07392eb-5713-4a1a-9e3e-2556b600cec1] [AdaptiveJqlMemory] Rendered a new jql query: <<text ~ "summary" order by key>>
2019-07-22T12:54:49,059Z DEBUG {} [applying load #b07392eb-5713-4a1a-9e3e-2556b600cec1] [CreateIssueAction] Skipping Create issue action. I have no knowledge of projects.
2019-07-22T12:54:50,060Z DEBUG {} [applying load #dbb39fdf-19e7-4afc-b5fc-d8c9e70ecf50] [ViewBoardAction] Skipping View Board. I have no knowledge of Boards.
2019-07-22T12:54:51,649Z DEBUG {} [applying load #8de76db5-c6a2-4389-9ca2-488c081fee1a] [AdaptiveJqlMemory] Rendered a new jql query: <<project = BYSHI order by status>>
2019-07-22T12:54:51,657Z DEBUG {} [applying load #2149cb1c-499c-4b71-ae97-86310a3e297f] [AdaptiveJqlMemory] Rendered a new jql query: <<project = BYSHI and assignee = sgquoftoc order by reporter>>
2019-07-22T12:54:51,799Z DEBUG {} [applying load #4aa3a58b-223c-4fe4-a0ce-08b2b2357d85] [ViewBacklogAction] Skipping View Backlog. I have no knowledge of Boards.
2019-07-22T12:54:51,822Z DEBUG {} [applying load #2f041651-e303-45d8-b7aa-98a9ca12836f] [ViewBacklogAction] Skipping View Backlog. I have no knowledge of Boards.
2019-07-22T12:54:53,593Z DEBUG {} [applying load #452d3e65-5a2a-48c2-aee0-92d8e22039ab] [SeededRandom] Using seed 1563800093
2019-07-22T12:54:54,241Z DEBUG {} [applying load #b07392eb-5713-4a1a-9e3e-2556b600cec1] [ViewBoardAction] Skipping View Board. I have no knowledge of Boards.
2019-07-22T12:54:54,653Z DEBUG {} [applying load #2bf4d3bb-4b7a-42a0-a75e-f56d36155cdb] [ViewIssueAction] Skipping View Issue action. I have no knowledge of issue keys.
2019-07-22T12:54:55,905Z DEBUG {} [applying load #2149cb1c-499c-4b71-ae97-86310a3e297f] [AdaptiveJqlMemory] Rendered a new jql query: <<text ~ "saucy" order by key>>
2019-07-22T12:54:55,905Z DEBUG {} [applying load #2149cb1c-499c-4b71-ae97-86310a3e297f] [ViewBoardAction] Skipping View Board. I have no knowledge of Boards.
2019-07-22T12:54:56,600Z DEBUG {} [applying load #4aa3a58b-223c-4fe4-a0ce-08b2b2357d85] [ViewIssueAction] Skipping View Issue action. I have no knowledge of issue keys.
2019-07-22T12:54:56,623Z DEBUG {} [applying load #2f041651-e303-45d8-b7aa-98a9ca12836f] [ViewIssueAction] Skipping View Issue action. I have no knowledge of issue keys.
2019-07-22T12:54:58,426Z DEBUG {} [applying load #2149cb1c-499c-4b71-ae97-86310a3e297f] [ViewBoardAction] Skipping View Board. I have no knowledge of Boards.
2019-07-22T12:55:00,639Z DEBUG {} [applying load #fe00efd9-bc75-476f-b6d3-626cceb2e214] [AdaptiveJqlMemory] Rendered a new jql query: <<text ~ "headings" order by key>>
2019-07-22T12:55:01,422Z DEBUG {} [applying load #2f041651-e303-45d8-b7aa-98a9ca12836f] [ViewIssueAction] Skipping View Issue action. I have no knowledge of issue keys.
2019-07-22T12:55:03,210Z DEBUG {} [applying load #452d3e65-5a2a-48c2-aee0-92d8e22039ab] [SeededRandom] Using seed 1563800103
2019-07-22T12:55:05,875Z DEBUG {} [applying load #cb4ca8fb-84ef-40b0-9da5-b755de0fed5f] [ViewBoardAction] Skipping View Board. I have no knowledge of Boards.
2019-07-22T12:55:05,875Z DEBUG {} [applying load #cb4ca8fb-84ef-40b0-9da5-b755de0fed5f] [AddCommentAction] Cannot add a comment, because I didn't see any issues yet
2019-07-22T12:55:06,005Z DEBUG {} [applying load #452d3e65-5a2a-48c2-aee0-92d8e22039ab] [ViewBacklogAction] Skipping View Backlog. I have no knowledge of Boards.
2019-07-22T12:55:06,199Z DEBUG {} [applying load #4aa3a58b-223c-4fe4-a0ce-08b2b2357d85] [ViewBacklogAction] Skipping View Backlog. I have no knowledge of Boards.
2019-07-22T12:55:06,222Z DEBUG {} [applying load #2f041651-e303-45d8-b7aa-98a9ca12836f] [ViewIssueAction] Skipping View Issue action. I have no knowledge of issue keys.
2019-07-22T12:55:06,723Z DEBUG {} [applying load #452d3e65-5a2a-48c2-aee0-92d8e22039ab] [ViewIssueAction] Skipping View Issue action. I have no knowledge of issue keys.
2019-07-22T12:55:09,767Z DEBUG {} [applying load #b07392eb-5713-4a1a-9e3e-2556b600cec1] [SeededRandom] Using seed 1563800109
2019-07-22T12:55:10,983Z DEBUG {} [applying load #452d3e65-5a2a-48c2-aee0-92d8e22039ab] [ViewIssueAction] Skipping View Issue action. I have no knowledge of issue keys.
2019-07-22T12:55:10,999Z DEBUG {} [applying load #4aa3a58b-223c-4fe4-a0ce-08b2b2357d85] [ViewBoardAction] Skipping View Board. I have no knowledge of Boards.
2019-07-22T12:55:13,936Z DEBUG {} [applying load #2149cb1c-499c-4b71-ae97-86310a3e297f] [CreateIssueAction] Skipping Create issue action. I have no knowledge of projects.
2019-07-22T12:55:15,783Z DEBUG {} [applying load #452d3e65-5a2a-48c2-aee0-92d8e22039ab] [ViewBacklogAction] Skipping View Backlog. I have no knowledge of Boards.
2019-07-22T12:55:17,374Z DEBUG {} [applying load #cb4ca8fb-84ef-40b0-9da5-b755de0fed5f] [SeededRandom] Using seed 1563800117
2019-07-22T12:55:19,507Z DEBUG {} [applying load #b07392eb-5713-4a1a-9e3e-2556b600cec1] [SeededRandom] Using seed 1563800119
2019-07-22T12:55:20,582Z DEBUG {} [applying load #452d3e65-5a2a-48c2-aee0-92d8e22039ab] [ViewIssueAction] Skipping View Issue action. I have no knowledge of issue keys.
2019-07-22T12:55:21,706Z DEBUG {} [applying load #cb4ca8fb-84ef-40b0-9da5-b755de0fed5f] [AdaptiveJqlMemory] Rendered a new jql query: <<project = AHANUA order by status>>
2019-07-22T12:55:22,792Z DEBUG {} [applying load #cb4ca8fb-84ef-40b0-9da5-b755de0fed5f] [AdaptiveJqlMemory] Rendered a new jql query: <<assignee = suytqjdzl order by project>>
2019-07-22T12:55:23,536Z DEBUG {} [applying load #2149cb1c-499c-4b71-ae97-86310a3e297f] [CreateIssueAction] Skipping Create issue action. I have no knowledge of projects.
2019-07-22T12:55:25,382Z DEBUG {} [applying load #452d3e65-5a2a-48c2-aee0-92d8e22039ab] [ViewBoardAction] Skipping View Board. I have no knowledge of Boards.
2019-07-22T12:55:28,036Z DEBUG {} [applying load #cb4ca8fb-84ef-40b0-9da5-b755de0fed5f] [AdaptiveJqlMemory] Rendered a new jql query: <<reporter was hiwpacrvc order by description>>
2019-07-22T12:55:28,036Z DEBUG {} [applying load #cb4ca8fb-84ef-40b0-9da5-b755de0fed5f] [ViewBacklogAction] Skipping View Backlog. I have no knowledge of Boards.
2019-07-22T12:55:30,183Z DEBUG {} [applying load #452d3e65-5a2a-48c2-aee0-92d8e22039ab] [ViewBoardAction] Skipping View Board. I have no knowledge of Boards.
2019-07-22T12:55:32,394Z DEBUG {} [applying load #dbb39fdf-19e7-4afc-b5fc-d8c9e70ecf50] [ViewBoardAction] Skipping View Board. I have no knowledge of Boards.
2019-07-22T12:55:33,041Z DEBUG {} [applying load #cb4ca8fb-84ef-40b0-9da5-b755de0fed5f] [AdaptiveJqlMemory] Rendered a new jql query: <<text ~ "summary" order by key>>
2019-07-22T12:55:33,041Z DEBUG {} [applying load #cb4ca8fb-84ef-40b0-9da5-b755de0fed5f] [ViewBacklogAction] Skipping View Backlog. I have no knowledge of Boards.
2019-07-22T12:55:33,773Z DEBUG {} [applying load #dbb39fdf-19e7-4afc-b5fc-d8c9e70ecf50] [AdaptiveJqlMemory] Rendered a new jql query: <<text ~ "libeler" order by key>>
2019-07-22T12:55:33,773Z DEBUG {} [applying load #dbb39fdf-19e7-4afc-b5fc-d8c9e70ecf50] [ProjectSummaryAction] Skipping Project summary action. I have no knowledge of projects.
2019-07-22T12:55:36,491Z DEBUG {} [applying load #cb4ca8fb-84ef-40b0-9da5-b755de0fed5f] [AdaptiveJqlMemory] Rendered a new jql query: <<project = AMSAI and assignee = hsceifwmf order by reporter>>
2019-07-22T12:55:37,598Z DEBUG {} [applying load #8de76db5-c6a2-4389-9ca2-488c081fee1a] [AdaptiveJqlMemory] Rendered a new jql query: <<assignee = cqgdqzjvn order by project>>
2019-07-22T12:55:37,598Z DEBUG {} [applying load #8de76db5-c6a2-4389-9ca2-488c081fee1a] [ViewBacklogAction] Skipping View Backlog. I have no knowledge of Boards.
2019-07-22T12:55:38,679Z DEBUG {} [applying load #8de76db5-c6a2-4389-9ca2-488c081fee1a] [AdaptiveJqlMemory] Rendered a new jql query: <<reporter was lgbzlbxco order by description>>
2019-07-22T12:55:39,647Z DEBUG {} [applying load #8de76db5-c6a2-4389-9ca2-488c081fee1a] [AdaptiveJqlMemory] Rendered a new jql query: <<project = CCRMI and assignee = dflsvgsgu order by reporter>>
2019-07-22T12:55:39,783Z DEBUG {} [applying load #452d3e65-5a2a-48c2-aee0-92d8e22039ab] [ViewBacklogAction] Skipping View Backlog. I have no knowledge of Boards.
2019-07-22T12:55:40,726Z DEBUG {} [applying load #2149cb1c-499c-4b71-ae97-86310a3e297f] [SeededRandom] Using seed 1563800140
2019-07-22T12:55:44,582Z DEBUG {} [applying load #452d3e65-5a2a-48c2-aee0-92d8e22039ab] [EditIssueAction] Cannot edit any issue, because I didn't see any editable issues
2019-07-22T12:55:45,522Z DEBUG {} [applying load #2149cb1c-499c-4b71-ae97-86310a3e297f] [SeededRandom] Using seed 1563800145
2019-07-22T12:55:45,756Z DEBUG {} [applying load #b07392eb-5713-4a1a-9e3e-2556b600cec1] [ViewBacklogAction] Skipping View Backlog. I have no knowledge of Boards.
2019-07-22T12:55:48,421Z DEBUG {} [applying load #47074dbb-09fa-4d50-a073-da045f3e86fb] [EditIssueAction] Cannot edit any issue, because I didn't see any editable issues
2019-07-22T12:55:49,448Z DEBUG {} [applying load #a7c7913d-8861-41b8-b748-aba5d7086bb0] [ViewBoardAction] Skipping View Board. I have no knowledge of Boards.
2019-07-22T12:55:49,448Z DEBUG {} [applying load #a7c7913d-8861-41b8-b748-aba5d7086bb0] [ViewBoardAction] Skipping View Board. I have no knowledge of Boards.
2019-07-22T12:55:49,541Z DEBUG {} [applying load #8de76db5-c6a2-4389-9ca2-488c081fee1a] [AdaptiveJqlMemory] Rendered a new jql query: <<text ~ "Zephyrus" order by key>>
2019-07-22T12:55:49,569Z DEBUG {} [applying load #2149cb1c-499c-4b71-ae97-86310a3e297f] [SeededRandom] Using seed 1563800149
2019-07-22T12:55:50,627Z DEBUG {} [applying load #8de76db5-c6a2-4389-9ca2-488c081fee1a] [ViewBoardAction] Skipping View Board. I have no knowledge of Boards.
2019-07-22T12:55:50,775Z DEBUG {} [applying load #a7c7913d-8861-41b8-b748-aba5d7086bb0] [AdaptiveJqlMemory] Rendered a new jql query: <<assignee = sgquoftoc order by project>>
2019-07-22T12:55:50,775Z DEBUG {} [applying load #a7c7913d-8861-41b8-b748-aba5d7086bb0] [ViewBacklogAction] Skipping View Backlog. I have no knowledge of Boards.
2019-07-22T12:55:51,955Z DEBUG {} [applying load #a7c7913d-8861-41b8-b748-aba5d7086bb0] [AdaptiveJqlMemory] Rendered a new jql query: <<reporter was vlgkqarpa order by description>>
2019-07-22T12:55:53,013Z DEBUG {} [applying load #47074dbb-09fa-4d50-a073-da045f3e86fb] [AdaptiveJqlMemory] Rendered a new jql query: <<project = AGDIIA order by status>>
2019-07-22T12:55:53,089Z DEBUG {} [applying load #a7c7913d-8861-41b8-b748-aba5d7086bb0] [AdaptiveJqlMemory] Rendered a new jql query: <<project = BEINS and assignee = prdydkapb order by reporter>>
2019-07-22T12:55:53,089Z DEBUG {} [applying load #a7c7913d-8861-41b8-b748-aba5d7086bb0] [ProjectSummaryAction] Skipping Project summary action. I have no knowledge of projects.
2019-07-22T12:55:54,339Z DEBUG {} [applying load #a7c7913d-8861-41b8-b748-aba5d7086bb0] [AdaptiveJqlMemory] Rendered a new jql query: <<text ~ "galore" order by key>>
2019-07-22T12:55:54,638Z DEBUG {} [applying load #8de76db5-c6a2-4389-9ca2-488c081fee1a] [ViewBacklogAction] Skipping View Backlog. I have no knowledge of Boards.
2019-07-22T12:55:59,302Z DEBUG {} [applying load #47074dbb-09fa-4d50-a073-da045f3e86fb] [SeededRandom] Using seed 1563800159
2019-07-22T12:56:00,507Z DEBUG {} [applying load #8de76db5-c6a2-4389-9ca2-488c081fee1a] [ViewBoardAction] Skipping View Board. I have no knowledge of Boards.
2019-07-22T12:56:01,935Z DEBUG {} [applying load #2149cb1c-499c-4b71-ae97-86310a3e297f] [ViewBacklogAction] Skipping View Backlog. I have no knowledge of Boards.
2019-07-22T12:56:03,763Z DEBUG {} [applying load #a7c7913d-8861-41b8-b748-aba5d7086bb0] [SeededRandom] Using seed 1563800163
2019-07-22T12:56:03,895Z DEBUG {} [applying load #47074dbb-09fa-4d50-a073-da045f3e86fb] [AdaptiveJqlMemory] Rendered a new jql query: <<assignee = ojeeojili order by project>>
2019-07-22T12:56:03,895Z DEBUG {} [applying load #47074dbb-09fa-4d50-a073-da045f3e86fb] [ViewBoardAction] Skipping View Board. I have no knowledge of Boards.
2019-07-22T12:56:03,895Z DEBUG {} [applying load #47074dbb-09fa-4d50-a073-da045f3e86fb] [ViewBacklogAction] Skipping View Backlog. I have no knowledge of Boards.
2019-07-22T12:56:04,978Z DEBUG {} [applying load #2bf4d3bb-4b7a-42a0-a75e-f56d36155cdb] [AdaptiveJqlMemory] Rendered a new jql query: <<project = CFNUSA order by status>>
2019-07-22T12:56:05,659Z DEBUG {} [applying load #a7c7913d-8861-41b8-b748-aba5d7086bb0] [CreateIssueAction] Skipping Create issue action. I have no knowledge of projects.
2019-07-22T12:56:05,659Z DEBUG {} [applying load #a7c7913d-8861-41b8-b748-aba5d7086bb0] [CreateIssueAction] Skipping Create issue action. I have no knowledge of projects.
2019-07-22T12:56:06,185Z DEBUG {} [applying load #2bf4d3bb-4b7a-42a0-a75e-f56d36155cdb] [AdaptiveJqlMemory] Rendered a new jql query: <<assignee = sgquoftoc order by project>>
2019-07-22T12:56:07,317Z DEBUG {} [applying load #2bf4d3bb-4b7a-42a0-a75e-f56d36155cdb] [AdaptiveJqlMemory] Rendered a new jql query: <<reporter was isbdnlfbj order by description>>
2019-07-22T12:56:08,473Z DEBUG {} [applying load #a7c7913d-8861-41b8-b748-aba5d7086bb0] [ViewBoardAction] Skipping View Board. I have no knowledge of Boards.
2019-07-22T12:56:08,473Z DEBUG {} [applying load #a7c7913d-8861-41b8-b748-aba5d7086bb0] [ViewBoardAction] Skipping View Board. I have no knowledge of Boards.
2019-07-22T12:56:08,980Z DEBUG {} [applying load #cb4ca8fb-84ef-40b0-9da5-b755de0fed5f] [ViewBoardAction] Skipping View Board. I have no knowledge of Boards.
2019-07-22T12:56:10,015Z DEBUG {} [applying load #47074dbb-09fa-4d50-a073-da045f3e86fb] [AdaptiveJqlMemory] Rendered a new jql query: <<reporter was twtalnjvj order by description>>
2019-07-22T12:56:10,529Z DEBUG {} [applying load #2f041651-e303-45d8-b7aa-98a9ca12836f] [AdaptiveJqlMemory] Rendered a new jql query: <<project = SBEU order by status>>
2019-07-22T12:56:11,246Z DEBUG {} [applying load #47074dbb-09fa-4d50-a073-da045f3e86fb] [AdaptiveJqlMemory] Rendered a new jql query: <<project = AGDIIA and assignee = bffdoonll order by reporter>>
2019-07-22T12:56:11,553Z DEBUG {} [applying load #2f041651-e303-45d8-b7aa-98a9ca12836f] [AdaptiveJqlMemory] Rendered a new jql query: <<assignee = ienkhkhsk order by project>>
2019-07-22T12:56:12,442Z DEBUG {} [applying load #47074dbb-09fa-4d50-a073-da045f3e86fb] [AdaptiveJqlMemory] Rendered a new jql query: <<text ~ "bushelling" order by key>>
2019-07-22T12:56:12,568Z DEBUG {} [applying load #2f041651-e303-45d8-b7aa-98a9ca12836f] [AdaptiveJqlMemory] Rendered a new jql query: <<reporter was brmhbwkzm order by description>>
2019-07-22T12:56:12,568Z DEBUG {} [applying load #2f041651-e303-45d8-b7aa-98a9ca12836f] [ViewBacklogAction] Skipping View Backlog. I have no knowledge of Boards.
2019-07-22T12:56:13,576Z DEBUG {} [applying load #2f041651-e303-45d8-b7aa-98a9ca12836f] [AdaptiveJqlMemory] Rendered a new jql query: <<project = BCTIA and assignee = xrpjgmuae order by reporter>>
2019-07-22T12:56:14,071Z DEBUG {} [applying load #2bf4d3bb-4b7a-42a0-a75e-f56d36155cdb] [AdaptiveJqlMemory] Rendered a new jql query: <<project = BELIIA and assignee = hqkbggnui order by reporter>>
2019-07-22T12:56:14,625Z DEBUG {} [applying load #2f041651-e303-45d8-b7aa-98a9ca12836f] [AdaptiveJqlMemory] Rendered a new jql query: <<text ~ "summary" order by key>>
2019-07-22T12:56:15,136Z DEBUG {} [applying load #2bf4d3bb-4b7a-42a0-a75e-f56d36155cdb] [AdaptiveJqlMemory] Rendered a new jql query: <<text ~ "fiercest" order by key>>
2019-07-22T12:56:15,136Z DEBUG {} [applying load #2bf4d3bb-4b7a-42a0-a75e-f56d36155cdb] [ViewBoardAction] Skipping View Board. I have no knowledge of Boards.
2019-07-22T12:56:15,974Z DEBUG {} [applying load #8de76db5-c6a2-4389-9ca2-488c081fee1a] [SeededRandom] Using seed 1563800175
2019-07-22T12:56:16,019Z DEBUG {} [applying load #2bf4d3bb-4b7a-42a0-a75e-f56d36155cdb] [ViewBacklogAction] Skipping View Backlog. I have no knowledge of Boards.
2019-07-22T12:56:18,579Z DEBUG {} [applying load #cb4ca8fb-84ef-40b0-9da5-b755de0fed5f] [ViewBoardAction] Skipping View Board. I have no knowledge of Boards.
2019-07-22T12:56:19,285Z DEBUG {} [applying load #a7c7913d-8861-41b8-b748-aba5d7086bb0] [ViewBoardAction] Skipping View Board. I have no knowledge of Boards.
2019-07-22T12:56:21,542Z DEBUG {} [applying load #4aa3a58b-223c-4fe4-a0ce-08b2b2357d85] [EditIssueAction] Cannot edit any issue, because I didn't see any editable issues
2019-07-22T12:56:22,273Z DEBUG {} [applying load #a7c7913d-8861-41b8-b748-aba5d7086bb0] [SeededRandom] Using seed 1563800182
2019-07-22T12:56:22,617Z DEBUG {} [applying load #47074dbb-09fa-4d50-a073-da045f3e86fb] [SeededRandom] Using seed 1563800182
2019-07-22T12:56:22,817Z DEBUG {} [applying load #4aa3a58b-223c-4fe4-a0ce-08b2b2357d85] [AdaptiveJqlMemory] Rendered a new jql query: <<project = AASKSA order by status>>
2019-07-22T12:56:22,818Z DEBUG {} [applying load #4aa3a58b-223c-4fe4-a0ce-08b2b2357d85] [ViewBacklogAction] Skipping View Backlog. I have no knowledge of Boards.
2019-07-22T12:56:24,381Z DEBUG {} [applying load #2bf4d3bb-4b7a-42a0-a75e-f56d36155cdb] [ProjectSummaryAction] Skipping Project summary action. I have no knowledge of projects.
2019-07-22T12:56:24,690Z DEBUG {} [applying load #47074dbb-09fa-4d50-a073-da045f3e86fb] [ViewBoardAction] Skipping View Board. I have no knowledge of Boards.
2019-07-22T12:56:24,690Z DEBUG {} [applying load #47074dbb-09fa-4d50-a073-da045f3e86fb] [ViewBoardAction] Skipping View Board. I have no knowledge of Boards.
2019-07-22T12:56:24,969Z DEBUG {} [applying load #2f041651-e303-45d8-b7aa-98a9ca12836f] [CreateIssueAction] Skipping Create issue action. I have no knowledge of projects.
2019-07-22T12:56:26,384Z DEBUG {} [applying load #2bf4d3bb-4b7a-42a0-a75e-f56d36155cdb] [ViewBoardAction] Skipping View Board. I have no knowledge of Boards.
2019-07-22T12:56:26,568Z DEBUG {} [applying load #4aa3a58b-223c-4fe4-a0ce-08b2b2357d85] [AdaptiveJqlMemory] Rendered a new jql query: <<assignee = dqnhlvttw order by project>>
2019-07-22T12:56:27,610Z DEBUG {} [applying load #4aa3a58b-223c-4fe4-a0ce-08b2b2357d85] [AdaptiveJqlMemory] Rendered a new jql query: <<reporter was ffpwdxfcl order by description>>
2019-07-22T12:56:28,657Z DEBUG {} [applying load #4aa3a58b-223c-4fe4-a0ce-08b2b2357d85] [AdaptiveJqlMemory] Rendered a new jql query: <<text ~ "summary" order by key>>
2019-07-22T12:56:28,857Z DEBUG {} [applying load #8de76db5-c6a2-4389-9ca2-488c081fee1a] [SeededRandom] Using seed 1563800188
2019-07-22T12:56:30,502Z DEBUG {} [applying load #2f041651-e303-45d8-b7aa-98a9ca12836f] [SeededRandom] Using seed 1563800190
2019-07-22T12:56:30,654Z DEBUG {} [applying load #2bf4d3bb-4b7a-42a0-a75e-f56d36155cdb] [ViewBacklogAction] Skipping View Backlog. I have no knowledge of Boards.
2019-07-22T12:56:34,182Z DEBUG {} [applying load #cb4ca8fb-84ef-40b0-9da5-b755de0fed5f] [SeededRandom] Using seed 1563800194
2019-07-22T12:56:35,917Z DEBUG {} [applying load #4aa3a58b-223c-4fe4-a0ce-08b2b2357d85] [SeededRandom] Using seed 1563800195
2019-07-22T12:56:39,412Z DEBUG {} [applying load #4aa3a58b-223c-4fe4-a0ce-08b2b2357d85] [AdaptiveJqlMemory] Rendered a new jql query: <<project = FURX and assignee = eksvtojyj order by reporter>>
2019-07-22T12:56:43,960Z DEBUG {} [applying load #b07392eb-5713-4a1a-9e3e-2556b600cec1] [SeededRandom] Using seed 1563800203
2019-07-22T12:56:48,046Z DEBUG {} [applying load #47074dbb-09fa-4d50-a073-da045f3e86fb] [ViewBacklogAction] Skipping View Backlog. I have no knowledge of Boards.
2019-07-22T12:56:48,529Z DEBUG {} [applying load #dbb39fdf-19e7-4afc-b5fc-d8c9e70ecf50] [SeededRandom] Using seed 1563800208
2019-07-22T12:56:51,232Z DEBUG {} [applying load #452d3e65-5a2a-48c2-aee0-92d8e22039ab] [ViewBoardAction] Skipping View Board. I have no knowledge of Boards.
2019-07-22T12:56:51,232Z DEBUG {} [applying load #452d3e65-5a2a-48c2-aee0-92d8e22039ab] [ViewBacklogAction] Skipping View Backlog. I have no knowledge of Boards.
2019-07-22T12:56:51,232Z DEBUG {} [applying load #452d3e65-5a2a-48c2-aee0-92d8e22039ab] [ViewBoardAction] Skipping View Board. I have no knowledge of Boards.
2019-07-22T12:56:52,515Z DEBUG {} [applying load #2bf4d3bb-4b7a-42a0-a75e-f56d36155cdb] [SeededRandom] Using seed 1563800212
2019-07-22T12:56:52,720Z DEBUG {} [applying load #452d3e65-5a2a-48c2-aee0-92d8e22039ab] [AdaptiveJqlMemory] Rendered a new jql query: <<project = AAATAA order by status>>
2019-07-22T12:56:52,720Z DEBUG {} [applying load #452d3e65-5a2a-48c2-aee0-92d8e22039ab] [ViewBacklogAction] Skipping View Backlog. I have no knowledge of Boards.
2019-07-22T12:56:52,845Z DEBUG {} [applying load #47074dbb-09fa-4d50-a073-da045f3e86fb] [ViewBoardAction] Skipping View Board. I have no knowledge of Boards.
2019-07-22T12:56:53,811Z DEBUG {} [applying load #452d3e65-5a2a-48c2-aee0-92d8e22039ab] [AdaptiveJqlMemory] Rendered a new jql query: <<reporter was jpt-e203b332-2462-44b4-b823-b1fe8a38c141 order by description>>
2019-07-22T12:56:57,356Z DEBUG {} [applying load #452d3e65-5a2a-48c2-aee0-92d8e22039ab] [SeededRandom] Using seed 1563800217
2019-07-22T12:57:00,424Z DEBUG {} [applying load #dbb39fdf-19e7-4afc-b5fc-d8c9e70ecf50] [ViewBacklogAction] Skipping View Backlog. I have no knowledge of Boards.
2019-07-22T12:57:01,240Z DEBUG {} [applying load #a7c7913d-8861-41b8-b748-aba5d7086bb0] [ViewBacklogAction] Skipping View Backlog. I have no knowledge of Boards.
2019-07-22T12:57:03,866Z DEBUG {} [applying load #4aa3a58b-223c-4fe4-a0ce-08b2b2357d85] [SeededRandom] Using seed 1563800223
2019-07-22T12:57:03,882Z DEBUG {} [applying load #452d3e65-5a2a-48c2-aee0-92d8e22039ab] [AdaptiveJqlMemory] Rendered a new jql query: <<assignee = iwrinbmev order by project>>
2019-07-22T12:57:04,041Z DEBUG {} [applying load #dbb39fdf-19e7-4afc-b5fc-d8c9e70ecf50] [SeededRandom] Using seed 1563800224
2019-07-22T12:57:06,274Z DEBUG {} [applying load #dbb39fdf-19e7-4afc-b5fc-d8c9e70ecf50] [ViewBoardAction] Skipping View Board. I have no knowledge of Boards.
2019-07-22T12:57:08,154Z DEBUG {} [applying load #dbb39fdf-19e7-4afc-b5fc-d8c9e70ecf50] [ViewBoardAction] Skipping View Board. I have no knowledge of Boards.
2019-07-22T12:57:08,638Z DEBUG {} [applying load #452d3e65-5a2a-48c2-aee0-92d8e22039ab] [AdaptiveJqlMemory] Rendered a new jql query: <<text ~ "summary" order by key>>
2019-07-22T12:57:10,840Z DEBUG {} [applying load #a7c7913d-8861-41b8-b748-aba5d7086bb0] [ViewBoardAction] Skipping View Board. I have no knowledge of Boards.
2019-07-22T12:57:13,644Z DEBUG {} [applying load #4aa3a58b-223c-4fe4-a0ce-08b2b2357d85] [SeededRandom] Using seed 1563800233
2019-07-22T12:57:14,600Z DEBUG {} [applying load #452d3e65-5a2a-48c2-aee0-92d8e22039ab] [AdaptiveJqlMemory] Rendered a new jql query: <<project = CCENI and assignee = jscuspibd order by reporter>>
2019-07-22T12:57:16,956Z DEBUG {} [applying load #b07392eb-5713-4a1a-9e3e-2556b600cec1] [ViewBacklogAction] Skipping View Backlog. I have no knowledge of Boards.
2019-07-22T12:57:30,503Z DEBUG {} [applying load #2149cb1c-499c-4b71-ae97-86310a3e297f] [CreateIssueAction] Skipping Create issue action. I have no knowledge of projects.
2019-07-22T12:57:31,356Z DEBUG {} [applying load #b07392eb-5713-4a1a-9e3e-2556b600cec1] [ViewBoardAction] Skipping View Board. I have no knowledge of Boards.
2019-07-22T12:57:31,730Z DEBUG {} [applying load #2149cb1c-499c-4b71-ae97-86310a3e297f] [ViewBacklogAction] Skipping View Backlog. I have no knowledge of Boards.
2019-07-22T12:57:37,354Z DEBUG {} [applying load #2149cb1c-499c-4b71-ae97-86310a3e297f] [ViewBacklogAction] Skipping View Backlog. I have no knowledge of Boards.
2019-07-22T12:57:41,929Z DEBUG {} [applying load #dbb39fdf-19e7-4afc-b5fc-d8c9e70ecf50] [SeededRandom] Using seed 1563800261
2019-07-22T12:57:45,816Z DEBUG {} [applying load #2f041651-e303-45d8-b7aa-98a9ca12836f] [ViewBoardAction] Skipping View Board. I have no knowledge of Boards.
2019-07-22T12:57:45,816Z DEBUG {} [applying load #2f041651-e303-45d8-b7aa-98a9ca12836f] [CreateIssueAction] Skipping Create issue action. I have no knowledge of projects.
2019-07-22T12:57:45,930Z DEBUG {} [applying load #2149cb1c-499c-4b71-ae97-86310a3e297f] [ViewBoardAction] Skipping View Board. I have no knowledge of Boards.
2019-07-22T12:57:46,255Z DEBUG {} [applying load #2f041651-e303-45d8-b7aa-98a9ca12836f] [ViewBacklogAction] Skipping View Backlog. I have no knowledge of Boards.
2019-07-22T12:57:47,080Z DEBUG {} [applying load #8de76db5-c6a2-4389-9ca2-488c081fee1a] [SeededRandom] Using seed 1563800267
2019-07-22T12:57:51,320Z DEBUG {} [applying load #2f041651-e303-45d8-b7aa-98a9ca12836f] [ViewBoardAction] Skipping View Board. I have no knowledge of Boards.
2019-07-22T12:57:51,417Z DEBUG {} [applying load #4aa3a58b-223c-4fe4-a0ce-08b2b2357d85] [SeededRandom] Using seed 1563800271
2019-07-22T12:57:51,904Z DEBUG {} [applying load #8de76db5-c6a2-4389-9ca2-488c081fee1a] [SeededRandom] Using seed 1563800271
2019-07-22T12:57:56,271Z DEBUG {} [applying load #fe00efd9-bc75-476f-b6d3-626cceb2e214] [SeededRandom] Using seed 1563800276
2019-07-22T12:58:00,045Z DEBUG {} [applying load #47074dbb-09fa-4d50-a073-da045f3e86fb] [ViewBoardAction] Skipping View Board. I have no knowledge of Boards.
2019-07-22T12:58:04,845Z DEBUG {} [applying load #47074dbb-09fa-4d50-a073-da045f3e86fb] [ViewBacklogAction] Skipping View Backlog. I have no knowledge of Boards.
2019-07-22T12:58:04,925Z DEBUG {} [applying load #fe00efd9-bc75-476f-b6d3-626cceb2e214] [SeededRandom] Using seed 1563800284
2019-07-22T12:58:09,645Z DEBUG {} [applying load #47074dbb-09fa-4d50-a073-da045f3e86fb] [ViewBacklogAction] Skipping View Backlog. I have no knowledge of Boards.
2019-07-22T12:58:10,433Z DEBUG {} [applying load #a7c7913d-8861-41b8-b748-aba5d7086bb0] [SeededRandom] Using seed 1563800290
2019-07-22T12:58:14,954Z DEBUG {} [applying load #8de76db5-c6a2-4389-9ca2-488c081fee1a] [SeededRandom] Using seed 1563800294
2019-07-22T12:58:18,477Z DEBUG {} [applying load #2149cb1c-499c-4b71-ae97-86310a3e297f] [SeededRandom] Using seed 1563800298
2019-07-22T12:58:19,925Z DEBUG {} [applying load #fe00efd9-bc75-476f-b6d3-626cceb2e214] [SeededRandom] Using seed 1563800299
2019-07-22T12:58:23,613Z DEBUG {} [applying load #a7c7913d-8861-41b8-b748-aba5d7086bb0] [SeededRandom] Using seed 1563800303
2019-07-22T12:58:23,821Z DEBUG {} [applying load #452d3e65-5a2a-48c2-aee0-92d8e22039ab] [SeededRandom] Using seed 1563800303
2019-07-22T12:58:24,633Z DEBUG {} [applying load #dbb39fdf-19e7-4afc-b5fc-d8c9e70ecf50] [SeededRandom] Using seed 1563800304
2019-07-22T12:58:28,794Z DEBUG {} [applying load #8de76db5-c6a2-4389-9ca2-488c081fee1a] [SeededRandom] Using seed 1563800308
2019-07-22T12:58:30,346Z DEBUG {} [applying load #fe00efd9-bc75-476f-b6d3-626cceb2e214] [SeededRandom] Using seed 1563800310
2019-07-22T12:58:33,646Z DEBUG {} [applying load #47074dbb-09fa-4d50-a073-da045f3e86fb] [ViewBoardAction] Skipping View Board. I have no knowledge of Boards.
2019-07-22T12:58:34,829Z DEBUG {} [applying load #fe00efd9-bc75-476f-b6d3-626cceb2e214] [ViewBacklogAction] Skipping View Backlog. I have no knowledge of Boards.
2019-07-22T12:58:36,469Z DEBUG {} [applying load #fe00efd9-bc75-476f-b6d3-626cceb2e214] [ViewBoardAction] Skipping View Board. I have no knowledge of Boards.
2019-07-22T12:58:36,469Z DEBUG {} [applying load #fe00efd9-bc75-476f-b6d3-626cceb2e214] [ViewBoardAction] Skipping View Board. I have no knowledge of Boards.
2019-07-22T12:58:38,543Z DEBUG {} [applying load #fe00efd9-bc75-476f-b6d3-626cceb2e214] [ViewBoardAction] Skipping View Board. I have no knowledge of Boards.
2019-07-22T12:58:42,059Z DEBUG {} [applying load #fe00efd9-bc75-476f-b6d3-626cceb2e214] [SeededRandom] Using seed 1563800322
2019-07-22T12:58:43,508Z DEBUG {} [applying load #b07392eb-5713-4a1a-9e3e-2556b600cec1] [ViewBoardAction] Skipping View Board. I have no knowledge of Boards.
2019-07-22T12:58:43,508Z DEBUG {} [applying load #b07392eb-5713-4a1a-9e3e-2556b600cec1] [ViewBacklogAction] Skipping View Backlog. I have no knowledge of Boards.
2019-07-22T12:58:43,724Z DEBUG {} [applying load #cb4ca8fb-84ef-40b0-9da5-b755de0fed5f] [SeededRandom] Using seed 1563800323
2019-07-22T12:58:44,428Z DEBUG {} [applying load #4aa3a58b-223c-4fe4-a0ce-08b2b2357d85] [ViewBacklogAction] Skipping View Backlog. I have no knowledge of Boards.
2019-07-22T12:58:45,189Z DEBUG {} [applying load #4aa3a58b-223c-4fe4-a0ce-08b2b2357d85] [ViewBoardAction] Skipping View Board. I have no knowledge of Boards.
2019-07-22T12:58:50,951Z DEBUG {} [applying load #b07392eb-5713-4a1a-9e3e-2556b600cec1] [ViewBacklogAction] Skipping View Backlog. I have no knowledge of Boards.
2019-07-22T12:58:52,287Z DEBUG {} [applying load #4aa3a58b-223c-4fe4-a0ce-08b2b2357d85] [ViewBoardAction] Skipping View Board. I have no knowledge of Boards.
2019-07-22T12:58:52,287Z DEBUG {} [applying load #4aa3a58b-223c-4fe4-a0ce-08b2b2357d85] [ViewBoardAction] Skipping View Board. I have no knowledge of Boards.
2019-07-22T12:58:52,346Z DEBUG {} [applying load #452d3e65-5a2a-48c2-aee0-92d8e22039ab] [SeededRandom] Using seed 1563800332
2019-07-22T12:58:54,823Z DEBUG {} [applying load #47074dbb-09fa-4d50-a073-da045f3e86fb] [SeededRandom] Using seed 1563800334
2019-07-22T12:58:56,599Z DEBUG {} [applying load #4aa3a58b-223c-4fe4-a0ce-08b2b2357d85] [ViewBoardAction] Skipping View Board. I have no knowledge of Boards.
2019-07-22T12:58:57,817Z DEBUG {} [applying load #cb4ca8fb-84ef-40b0-9da5-b755de0fed5f] [SeededRandom] Using seed 1563800337
2019-07-22T12:58:58,525Z DEBUG {} [applying load #b07392eb-5713-4a1a-9e3e-2556b600cec1] [SeededRandom] Using seed 1563800338
2019-07-22T12:59:06,199Z DEBUG {} [applying load #4aa3a58b-223c-4fe4-a0ce-08b2b2357d85] [ViewBacklogAction] Skipping View Backlog. I have no knowledge of Boards.
2019-07-22T12:59:06,590Z DEBUG {} [applying load #cb4ca8fb-84ef-40b0-9da5-b755de0fed5f] [SeededRandom] Using seed 1563800346
2019-07-22T12:59:07,457Z DEBUG {} [applying load #2f041651-e303-45d8-b7aa-98a9ca12836f] [SeededRandom] Using seed 1563800347
2019-07-22T12:59:08,745Z DEBUG {} [applying load #a7c7913d-8861-41b8-b748-aba5d7086bb0] [ViewBacklogAction] Skipping View Backlog. I have no knowledge of Boards.
2019-07-22T12:59:09,528Z DEBUG {} [applying load #2bf4d3bb-4b7a-42a0-a75e-f56d36155cdb] [SeededRandom] Using seed 1563800349
2019-07-22T12:59:09,834Z DEBUG {} [applying load #a7c7913d-8861-41b8-b748-aba5d7086bb0] [ViewBacklogAction] Skipping View Backlog. I have no knowledge of Boards.
2019-07-22T12:59:11,544Z DEBUG {} [applying load #a7c7913d-8861-41b8-b748-aba5d7086bb0] [ViewBoardAction] Skipping View Board. I have no knowledge of Boards.
2019-07-22T12:59:14,511Z DEBUG {} [applying load #a7c7913d-8861-41b8-b748-aba5d7086bb0] [ViewBacklogAction] Skipping View Backlog. I have no knowledge of Boards.
2019-07-22T12:59:15,339Z DEBUG {} [applying load #2f041651-e303-45d8-b7aa-98a9ca12836f] [SeededRandom] Using seed 1563800355
2019-07-22T12:59:17,455Z DEBUG {} [applying load #8de76db5-c6a2-4389-9ca2-488c081fee1a] [SeededRandom] Using seed 1563800357
2019-07-22T12:59:17,573Z DEBUG {} [applying load #2149cb1c-499c-4b71-ae97-86310a3e297f] [ViewBoardAction] Skipping View Board. I have no knowledge of Boards.
2019-07-22T12:59:21,656Z DEBUG {} [applying load #4aa3a58b-223c-4fe4-a0ce-08b2b2357d85] [SeededRandom] Using seed 1563800361
2019-07-22T12:59:23,910Z DEBUG {} [applying load #2bf4d3bb-4b7a-42a0-a75e-f56d36155cdb] [SeededRandom] Using seed 1563800363
2019-07-22T12:59:25,369Z DEBUG {} [applying load #2149cb1c-499c-4b71-ae97-86310a3e297f] [SeededRandom] Using seed 1563800365
2019-07-22T12:59:27,388Z DEBUG {} [applying load #4aa3a58b-223c-4fe4-a0ce-08b2b2357d85] [SeededRandom] Using seed 1563800367
2019-07-22T12:59:30,699Z DEBUG {} [applying load #a7c7913d-8861-41b8-b748-aba5d7086bb0] [SeededRandom] Using seed 1563800370
2019-07-22T12:59:30,808Z DEBUG {} [applying load #2149cb1c-499c-4b71-ae97-86310a3e297f] [ViewBoardAction] Skipping View Board. I have no knowledge of Boards.
2019-07-22T12:59:31,281Z DEBUG {} [applying load #2bf4d3bb-4b7a-42a0-a75e-f56d36155cdb] [SeededRandom] Using seed 1563800371
2019-07-22T12:59:32,150Z DEBUG {} [applying load #452d3e65-5a2a-48c2-aee0-92d8e22039ab] [SeededRandom] Using seed 1563800372
2019-07-22T12:59:33,136Z DEBUG {} [applying load #2149cb1c-499c-4b71-ae97-86310a3e297f] [ViewBoardAction] Skipping View Board. I have no knowledge of Boards.
2019-07-22T12:59:42,475Z DEBUG {} [applying load #8de76db5-c6a2-4389-9ca2-488c081fee1a] [SeededRandom] Using seed 1563800382
2019-07-22T12:59:42,627Z DEBUG {} [applying load #fe00efd9-bc75-476f-b6d3-626cceb2e214] [ViewBacklogAction] Skipping View Backlog. I have no knowledge of Boards.
2019-07-22T12:59:45,830Z DEBUG {} [applying load #47074dbb-09fa-4d50-a073-da045f3e86fb] [ViewBacklogAction] Skipping View Backlog. I have no knowledge of Boards.
2019-07-22T12:59:49,399Z DEBUG {} [applying load #4aa3a58b-223c-4fe4-a0ce-08b2b2357d85] [ViewBoardAction] Skipping View Board. I have no knowledge of Boards.
2019-07-22T12:59:52,716Z DEBUG {} [applying load #47074dbb-09fa-4d50-a073-da045f3e86fb] [SeededRandom] Using seed 1563800392
2019-07-22T12:59:56,464Z DEBUG {} [applying load #dbb39fdf-19e7-4afc-b5fc-d8c9e70ecf50] [SeededRandom] Using seed 1563800396
2019-07-22T13:00:03,640Z DEBUG {} [applying load #a7c7913d-8861-41b8-b748-aba5d7086bb0] [ViewBacklogAction] Skipping View Backlog. I have no knowledge of Boards.
2019-07-22T13:00:04,923Z DEBUG {} [applying load #4aa3a58b-223c-4fe4-a0ce-08b2b2357d85] [SeededRandom] Using seed 1563800404
2019-07-22T13:00:07,543Z DEBUG {} [applying load #8de76db5-c6a2-4389-9ca2-488c081fee1a] [SeededRandom] Using seed 1563800407
2019-07-22T13:00:16,057Z DEBUG {} [applying load #fe00efd9-bc75-476f-b6d3-626cceb2e214] [SeededRandom] Using seed 1563800416
2019-07-22T13:00:18,199Z DEBUG {} [applying load #4aa3a58b-223c-4fe4-a0ce-08b2b2357d85] [ViewBoardAction] Skipping View Board. I have no knowledge of Boards.
2019-07-22T13:00:21,797Z DEBUG {} [applying load #fe00efd9-bc75-476f-b6d3-626cceb2e214] [SeededRandom] Using seed 1563800421
2019-07-22T13:00:24,045Z DEBUG {} [applying load #47074dbb-09fa-4d50-a073-da045f3e86fb] [ViewBacklogAction] Skipping View Backlog. I have no knowledge of Boards.
2019-07-22T13:00:31,246Z ERROR {} [applying load #b07392eb-5713-4a1a-9e3e-2556b600cec1] [WebDriverDiagnostics] URL: http://jpt-fa46d-loadbala-ttkud6yeo83h-142878392.eu-west-1.elb.amazonaws.com/secure/RapidBoard.jspa?rapidView=631&view=planning, HTML dumped at diagnoses/291cdebc-88ef-4450-9ada-72cc35257e01/dump.html, screenshot saved to diagnoses/291cdebc-88ef-4450-9ada-72cc35257e01/screenshot.png
java.lang.Exception: Action 'View Backlog' ERROR
	at com.atlassian.performance.tools.jiraactions.api.measure.ActionMeter.record(ActionMeter.kt:132) ~[virtual-users.jar:?]
	at com.atlassian.performance.tools.jiraactions.api.measure.ActionMeter.measure(ActionMeter.kt:79) ~[virtual-users.jar:?]
	at com.atlassian.performance.tools.jirasoftwareactions.api.actions.ViewBacklogAction.run(ViewBacklogAction.kt:56) ~[virtual-users.jar:?]
	at com.atlassian.performance.tools.virtualusers.ExploratoryVirtualUser.runWithDiagnostics(ExploratoryVirtualUser.kt:79) [virtual-users.jar:?]
	at com.atlassian.performance.tools.virtualusers.ExploratoryVirtualUser.applyLoad(ExploratoryVirtualUser.kt:56) [virtual-users.jar:?]
	at com.atlassian.performance.tools.virtualusers.LoadTest.applyLoad(LoadTest.kt:164) [virtual-users.jar:?]
	at com.atlassian.performance.tools.virtualusers.LoadTest.access$applyLoad(LoadTest.kt:36) [virtual-users.jar:?]
	at com.atlassian.performance.tools.virtualusers.LoadTest$applyLoad$$inlined$forEach$lambda$1.run(LoadTest.kt:111) [virtual-users.jar:?]
	at java.util.concurrent.Executors$RunnableAdapter.call(Executors.java:511) [?:1.8.0_212]
	at java.util.concurrent.FutureTask.run(FutureTask.java:266) [?:1.8.0_212]
	at java.util.concurrent.ThreadPoolExecutor.runWorker(ThreadPoolExecutor.java:1149) [?:1.8.0_212]
	at java.util.concurrent.ThreadPoolExecutor$Worker.run(ThreadPoolExecutor.java:624) [?:1.8.0_212]
	at java.lang.Thread.run(Thread.java:748) [?:1.8.0_212]
Caused by: org.openqa.selenium.TimeoutException: Expected condition failed: waiting for presence of element located by: By.cssSelector: #ghx-backlog[data-rendered]:not(.browser-metrics-stale) (tried for 30 second(s) with 50 milliseconds interval)
	at org.openqa.selenium.support.ui.WebDriverWait.timeoutException(WebDriverWait.java:81) ~[virtual-users.jar:?]
	at org.openqa.selenium.support.ui.FluentWait.until(FluentWait.java:271) ~[virtual-users.jar:?]
	at com.atlassian.performance.tools.jiraactions.api.page.WebDriverUtils.wait(WebDriverExtension.kt:25) ~[virtual-users.jar:?]
	at com.atlassian.performance.tools.jiraactions.api.page.WebDriverUtils.wait$default(WebDriverExtension.kt:19) ~[virtual-users.jar:?]
	at com.atlassian.performance.tools.jirasoftwareactions.api.page.ViewBacklogPage.waitForBacklog(ViewBacklogPage.kt:12) ~[virtual-users.jar:?]
	at com.atlassian.performance.tools.jirasoftwareactions.api.actions.ViewBacklogAction$run$1.invoke(ViewBacklogAction.kt:60) ~[virtual-users.jar:?]
	at com.atlassian.performance.tools.jirasoftwareactions.api.actions.ViewBacklogAction$run$1.invoke(ViewBacklogAction.kt:15) ~[virtual-users.jar:?]
	at com.atlassian.performance.tools.jiraactions.api.measure.ActionMeter$measure$2.invoke(ActionMeter.kt:80) ~[virtual-users.jar:?]
	at com.atlassian.performance.tools.jiraactions.api.measure.ActionMeter$measure$2.invoke(ActionMeter.kt:25) ~[virtual-users.jar:?]
	at com.atlassian.performance.tools.jiraactions.api.measure.ActionMeter.record(ActionMeter.kt:102) ~[virtual-users.jar:?]
	... 12 more
Caused by: org.openqa.selenium.NoSuchElementException: Cannot locate an element using By.cssSelector: #ghx-backlog[data-rendered]:not(.browser-metrics-stale)
For documentation on this error, please visit: http://seleniumhq.org/exceptions/no_such_element.html
Build info: version: 'unknown', revision: 'unknown', time: 'unknown'
System info: host: 'ip-10-0-0-94', ip: '10.0.0.94', os.name: 'Linux', os.arch: 'amd64', os.version: '4.4.0-1067-aws', java.version: '1.8.0_212'
Driver info: driver.version: unknown
	at org.openqa.selenium.support.ui.ExpectedConditions.lambda$findElement$0(ExpectedConditions.java:896) ~[virtual-users.jar:?]
	at java.util.Optional.orElseThrow(Optional.java:290) ~[?:1.8.0_212]
	at org.openqa.selenium.support.ui.ExpectedConditions.findElement(ExpectedConditions.java:895) ~[virtual-users.jar:?]
	at org.openqa.selenium.support.ui.ExpectedConditions.access$000(ExpectedConditions.java:44) ~[virtual-users.jar:?]
	at org.openqa.selenium.support.ui.ExpectedConditions$6.apply(ExpectedConditions.java:183) ~[virtual-users.jar:?]
	at org.openqa.selenium.support.ui.ExpectedConditions$6.apply(ExpectedConditions.java:180) ~[virtual-users.jar:?]
	at org.openqa.selenium.support.ui.FluentWait.until(FluentWait.java:248) ~[virtual-users.jar:?]
	at com.atlassian.performance.tools.jiraactions.api.page.WebDriverUtils.wait(WebDriverExtension.kt:25) ~[virtual-users.jar:?]
	at com.atlassian.performance.tools.jiraactions.api.page.WebDriverUtils.wait$default(WebDriverExtension.kt:19) ~[virtual-users.jar:?]
	at com.atlassian.performance.tools.jirasoftwareactions.api.page.ViewBacklogPage.waitForBacklog(ViewBacklogPage.kt:12) ~[virtual-users.jar:?]
	at com.atlassian.performance.tools.jirasoftwareactions.api.actions.ViewBacklogAction$run$1.invoke(ViewBacklogAction.kt:60) ~[virtual-users.jar:?]
	at com.atlassian.performance.tools.jirasoftwareactions.api.actions.ViewBacklogAction$run$1.invoke(ViewBacklogAction.kt:15) ~[virtual-users.jar:?]
	at com.atlassian.performance.tools.jiraactions.api.measure.ActionMeter$measure$2.invoke(ActionMeter.kt:80) ~[virtual-users.jar:?]
	at com.atlassian.performance.tools.jiraactions.api.measure.ActionMeter$measure$2.invoke(ActionMeter.kt:25) ~[virtual-users.jar:?]
	at com.atlassian.performance.tools.jiraactions.api.measure.ActionMeter.record(ActionMeter.kt:102) ~[virtual-users.jar:?]
	... 12 more
2019-07-22T13:00:31,260Z ERROR {} [applying load #b07392eb-5713-4a1a-9e3e-2556b600cec1] [ExploratoryVirtualUser] Failed to run com.atlassian.performance.tools.jirasoftwareactions.api.actions.ViewBacklogAction@4e4694b2, but we keep running
java.lang.Exception: Failed to run com.atlassian.performance.tools.jirasoftwareactions.api.actions.ViewBacklogAction@4e4694b2
	at com.atlassian.performance.tools.virtualusers.ExploratoryVirtualUser.runWithDiagnostics(ExploratoryVirtualUser.kt:82) ~[virtual-users.jar:?]
	at com.atlassian.performance.tools.virtualusers.ExploratoryVirtualUser.applyLoad(ExploratoryVirtualUser.kt:56) [virtual-users.jar:?]
	at com.atlassian.performance.tools.virtualusers.LoadTest.applyLoad(LoadTest.kt:164) [virtual-users.jar:?]
	at com.atlassian.performance.tools.virtualusers.LoadTest.access$applyLoad(LoadTest.kt:36) [virtual-users.jar:?]
	at com.atlassian.performance.tools.virtualusers.LoadTest$applyLoad$$inlined$forEach$lambda$1.run(LoadTest.kt:111) [virtual-users.jar:?]
	at java.util.concurrent.Executors$RunnableAdapter.call(Executors.java:511) [?:1.8.0_212]
	at java.util.concurrent.FutureTask.run(FutureTask.java:266) [?:1.8.0_212]
	at java.util.concurrent.ThreadPoolExecutor.runWorker(ThreadPoolExecutor.java:1149) [?:1.8.0_212]
	at java.util.concurrent.ThreadPoolExecutor$Worker.run(ThreadPoolExecutor.java:624) [?:1.8.0_212]
	at java.lang.Thread.run(Thread.java:748) [?:1.8.0_212]
Caused by: java.lang.Exception: Action 'View Backlog' ERROR
	at com.atlassian.performance.tools.jiraactions.api.measure.ActionMeter.record(ActionMeter.kt:132) ~[virtual-users.jar:?]
	at com.atlassian.performance.tools.jiraactions.api.measure.ActionMeter.measure(ActionMeter.kt:79) ~[virtual-users.jar:?]
	at com.atlassian.performance.tools.jirasoftwareactions.api.actions.ViewBacklogAction.run(ViewBacklogAction.kt:56) ~[virtual-users.jar:?]
	at com.atlassian.performance.tools.virtualusers.ExploratoryVirtualUser.runWithDiagnostics(ExploratoryVirtualUser.kt:79) ~[virtual-users.jar:?]
	... 9 more
Caused by: org.openqa.selenium.TimeoutException: Expected condition failed: waiting for presence of element located by: By.cssSelector: #ghx-backlog[data-rendered]:not(.browser-metrics-stale) (tried for 30 second(s) with 50 milliseconds interval)
	at org.openqa.selenium.support.ui.WebDriverWait.timeoutException(WebDriverWait.java:81) ~[virtual-users.jar:?]
	at org.openqa.selenium.support.ui.FluentWait.until(FluentWait.java:271) ~[virtual-users.jar:?]
	at com.atlassian.performance.tools.jiraactions.api.page.WebDriverUtils.wait(WebDriverExtension.kt:25) ~[virtual-users.jar:?]
	at com.atlassian.performance.tools.jiraactions.api.page.WebDriverUtils.wait$default(WebDriverExtension.kt:19) ~[virtual-users.jar:?]
	at com.atlassian.performance.tools.jirasoftwareactions.api.page.ViewBacklogPage.waitForBacklog(ViewBacklogPage.kt:12) ~[virtual-users.jar:?]
	at com.atlassian.performance.tools.jirasoftwareactions.api.actions.ViewBacklogAction$run$1.invoke(ViewBacklogAction.kt:60) ~[virtual-users.jar:?]
	at com.atlassian.performance.tools.jirasoftwareactions.api.actions.ViewBacklogAction$run$1.invoke(ViewBacklogAction.kt:15) ~[virtual-users.jar:?]
	at com.atlassian.performance.tools.jiraactions.api.measure.ActionMeter$measure$2.invoke(ActionMeter.kt:80) ~[virtual-users.jar:?]
	at com.atlassian.performance.tools.jiraactions.api.measure.ActionMeter$measure$2.invoke(ActionMeter.kt:25) ~[virtual-users.jar:?]
	at com.atlassian.performance.tools.jiraactions.api.measure.ActionMeter.record(ActionMeter.kt:102) ~[virtual-users.jar:?]
	at com.atlassian.performance.tools.jiraactions.api.measure.ActionMeter.measure(ActionMeter.kt:79) ~[virtual-users.jar:?]
	at com.atlassian.performance.tools.jirasoftwareactions.api.actions.ViewBacklogAction.run(ViewBacklogAction.kt:56) ~[virtual-users.jar:?]
	at com.atlassian.performance.tools.virtualusers.ExploratoryVirtualUser.runWithDiagnostics(ExploratoryVirtualUser.kt:79) ~[virtual-users.jar:?]
	... 9 more
Caused by: org.openqa.selenium.NoSuchElementException: Cannot locate an element using By.cssSelector: #ghx-backlog[data-rendered]:not(.browser-metrics-stale)
For documentation on this error, please visit: http://seleniumhq.org/exceptions/no_such_element.html
Build info: version: 'unknown', revision: 'unknown', time: 'unknown'
System info: host: 'ip-10-0-0-94', ip: '10.0.0.94', os.name: 'Linux', os.arch: 'amd64', os.version: '4.4.0-1067-aws', java.version: '1.8.0_212'
Driver info: driver.version: unknown
	at org.openqa.selenium.support.ui.ExpectedConditions.lambda$findElement$0(ExpectedConditions.java:896) ~[virtual-users.jar:?]
	at java.util.Optional.orElseThrow(Optional.java:290) ~[?:1.8.0_212]
	at org.openqa.selenium.support.ui.ExpectedConditions.findElement(ExpectedConditions.java:895) ~[virtual-users.jar:?]
	at org.openqa.selenium.support.ui.ExpectedConditions.access$000(ExpectedConditions.java:44) ~[virtual-users.jar:?]
	at org.openqa.selenium.support.ui.ExpectedConditions$6.apply(ExpectedConditions.java:183) ~[virtual-users.jar:?]
	at org.openqa.selenium.support.ui.ExpectedConditions$6.apply(ExpectedConditions.java:180) ~[virtual-users.jar:?]
	at org.openqa.selenium.support.ui.FluentWait.until(FluentWait.java:248) ~[virtual-users.jar:?]
	at com.atlassian.performance.tools.jiraactions.api.page.WebDriverUtils.wait(WebDriverExtension.kt:25) ~[virtual-users.jar:?]
	at com.atlassian.performance.tools.jiraactions.api.page.WebDriverUtils.wait$default(WebDriverExtension.kt:19) ~[virtual-users.jar:?]
	at com.atlassian.performance.tools.jirasoftwareactions.api.page.ViewBacklogPage.waitForBacklog(ViewBacklogPage.kt:12) ~[virtual-users.jar:?]
	at com.atlassian.performance.tools.jirasoftwareactions.api.actions.ViewBacklogAction$run$1.invoke(ViewBacklogAction.kt:60) ~[virtual-users.jar:?]
	at com.atlassian.performance.tools.jirasoftwareactions.api.actions.ViewBacklogAction$run$1.invoke(ViewBacklogAction.kt:15) ~[virtual-users.jar:?]
	at com.atlassian.performance.tools.jiraactions.api.measure.ActionMeter$measure$2.invoke(ActionMeter.kt:80) ~[virtual-users.jar:?]
	at com.atlassian.performance.tools.jiraactions.api.measure.ActionMeter$measure$2.invoke(ActionMeter.kt:25) ~[virtual-users.jar:?]
	at com.atlassian.performance.tools.jiraactions.api.measure.ActionMeter.record(ActionMeter.kt:102) ~[virtual-users.jar:?]
	at com.atlassian.performance.tools.jiraactions.api.measure.ActionMeter.measure(ActionMeter.kt:79) ~[virtual-users.jar:?]
	at com.atlassian.performance.tools.jirasoftwareactions.api.actions.ViewBacklogAction.run(ViewBacklogAction.kt:56) ~[virtual-users.jar:?]
	at com.atlassian.performance.tools.virtualusers.ExploratoryVirtualUser.runWithDiagnostics(ExploratoryVirtualUser.kt:79) ~[virtual-users.jar:?]
	... 9 more
2019-07-22T13:00:34,804Z DEBUG {} [applying load #2f041651-e303-45d8-b7aa-98a9ca12836f] [SeededRandom] Using seed 1563800434
2019-07-22T13:00:48,961Z DEBUG {} [applying load #2f041651-e303-45d8-b7aa-98a9ca12836f] [SeededRandom] Using seed 1563800448
2019-07-22T13:00:49,075Z DEBUG {} [applying load #47074dbb-09fa-4d50-a073-da045f3e86fb] [SeededRandom] Using seed 1563800449
2019-07-22T13:00:55,048Z DEBUG {} [applying load #a7c7913d-8861-41b8-b748-aba5d7086bb0] [ViewBacklogAction] Skipping View Backlog. I have no knowledge of Boards.
2019-07-22T13:00:58,150Z DEBUG {} [applying load #a7c7913d-8861-41b8-b748-aba5d7086bb0] [ViewBacklogAction] Skipping View Backlog. I have no knowledge of Boards.
2019-07-22T13:01:01,147Z DEBUG {} [applying load #a7c7913d-8861-41b8-b748-aba5d7086bb0] [SeededRandom] Using seed 1563800461
2019-07-22T13:01:01,788Z DEBUG {} [applying load #2bf4d3bb-4b7a-42a0-a75e-f56d36155cdb] [SeededRandom] Using seed 1563800461
2019-07-22T13:01:19,122Z DEBUG {} [applying load #452d3e65-5a2a-48c2-aee0-92d8e22039ab] [SeededRandom] Using seed 1563800479
2019-07-22T13:01:23,635Z DEBUG {} [applying load #47074dbb-09fa-4d50-a073-da045f3e86fb] [SeededRandom] Using seed 1563800483
2019-07-22T13:01:26,315Z DEBUG {} [applying load #2f041651-e303-45d8-b7aa-98a9ca12836f] [SeededRandom] Using seed 1563800486
2019-07-22T13:01:33,684Z DEBUG {} [applying load #cb4ca8fb-84ef-40b0-9da5-b755de0fed5f] [SeededRandom] Using seed 1563800493
2019-07-22T13:01:40,050Z ERROR {} [applying load #2149cb1c-499c-4b71-ae97-86310a3e297f] [WebDriverDiagnostics] URL: http://jpt-fa46d-loadbala-ttkud6yeo83h-142878392.eu-west-1.elb.amazonaws.com/issues/?jql=text+%7E+%22a*%22+order+by+summary, HTML dumped at diagnoses/c7e0df9a-b1ec-4455-a43e-a3c9c2f7fac6/dump.html, screenshot saved to diagnoses/c7e0df9a-b1ec-4455-a43e-a3c9c2f7fac6/screenshot.png
java.lang.Exception: Action 'Search with JQL' ERROR
	at com.atlassian.performance.tools.jiraactions.api.measure.ActionMeter.record(ActionMeter.kt:132) ~[virtual-users.jar:?]
	at com.atlassian.performance.tools.jiraactions.api.measure.ActionMeter.measure(ActionMeter.kt:79) ~[virtual-users.jar:?]
	at com.atlassian.performance.tools.jiraactions.api.action.SearchJqlAction.run(SearchJqlAction.kt:21) ~[virtual-users.jar:?]
	at com.atlassian.performance.tools.virtualusers.ExploratoryVirtualUser.runWithDiagnostics(ExploratoryVirtualUser.kt:79) [virtual-users.jar:?]
	at com.atlassian.performance.tools.virtualusers.ExploratoryVirtualUser.applyLoad(ExploratoryVirtualUser.kt:56) [virtual-users.jar:?]
	at com.atlassian.performance.tools.virtualusers.LoadTest.applyLoad(LoadTest.kt:164) [virtual-users.jar:?]
	at com.atlassian.performance.tools.virtualusers.LoadTest.access$applyLoad(LoadTest.kt:36) [virtual-users.jar:?]
	at com.atlassian.performance.tools.virtualusers.LoadTest$applyLoad$$inlined$forEach$lambda$1.run(LoadTest.kt:111) [virtual-users.jar:?]
	at java.util.concurrent.Executors$RunnableAdapter.call(Executors.java:511) [?:1.8.0_212]
	at java.util.concurrent.FutureTask.run(FutureTask.java:266) [?:1.8.0_212]
	at java.util.concurrent.ThreadPoolExecutor.runWorker(ThreadPoolExecutor.java:1149) [?:1.8.0_212]
	at java.util.concurrent.ThreadPoolExecutor$Worker.run(ThreadPoolExecutor.java:624) [?:1.8.0_212]
	at java.lang.Thread.run(Thread.java:748) [?:1.8.0_212]
Caused by: org.openqa.selenium.TimeoutException: Expected condition failed: waiting for at least one condition to be valid: all conditions to be valid: at least one condition to be valid: presence of element located by: By.cssSelector: ol.issue-list || presence of element located by: By.id: issuetable || presence of element located by: By.id: issue-content && presence of element located by: By.id: key-val && presence of element located by: By.className: issue-body-content || presence of element located by: By.className: no-results-hint || at least one condition to be valid: presence of element located by: By.cssSelector: section div.aui-message.error || presence of element located by: By.id: errorPageContainer || presence of element located by: By.cssSelector: div.form-body div.error (tried for 30 second(s) with 50 milliseconds interval)
	at org.openqa.selenium.support.ui.WebDriverWait.timeoutException(WebDriverWait.java:81) ~[virtual-users.jar:?]
	at org.openqa.selenium.support.ui.FluentWait.until(FluentWait.java:271) ~[virtual-users.jar:?]
	at com.atlassian.performance.tools.jiraactions.api.page.WebDriverUtils.wait(WebDriverExtension.kt:25) ~[virtual-users.jar:?]
	at com.atlassian.performance.tools.jiraactions.api.page.WebDriverUtils.wait$default(WebDriverExtension.kt:19) ~[virtual-users.jar:?]
	at com.atlassian.performance.tools.jiraactions.api.page.IssueNavigatorPage.waitForIssueNavigator(IssueNavigatorPage.kt:19) ~[virtual-users.jar:?]
	at com.atlassian.performance.tools.jiraactions.api.action.SearchJqlAction$run$issueNavigatorPage$1.invoke(SearchJqlAction.kt:23) ~[virtual-users.jar:?]
	at com.atlassian.performance.tools.jiraactions.api.action.SearchJqlAction$run$issueNavigatorPage$1.invoke(SearchJqlAction.kt:12) ~[virtual-users.jar:?]
	at com.atlassian.performance.tools.jiraactions.api.measure.ActionMeter$measure$2.invoke(ActionMeter.kt:80) ~[virtual-users.jar:?]
	at com.atlassian.performance.tools.jiraactions.api.measure.ActionMeter$measure$2.invoke(ActionMeter.kt:25) ~[virtual-users.jar:?]
	at com.atlassian.performance.tools.jiraactions.api.measure.ActionMeter.record(ActionMeter.kt:102) ~[virtual-users.jar:?]
	... 12 more
Caused by: org.openqa.selenium.NoSuchElementException: Cannot locate an element using By.cssSelector: div.form-body div.error
For documentation on this error, please visit: http://seleniumhq.org/exceptions/no_such_element.html
Build info: version: 'unknown', revision: 'unknown', time: 'unknown'
System info: host: 'ip-10-0-0-94', ip: '10.0.0.94', os.name: 'Linux', os.arch: 'amd64', os.version: '4.4.0-1067-aws', java.version: '1.8.0_212'
Driver info: driver.version: unknown
	at org.openqa.selenium.support.ui.ExpectedConditions.lambda$findElement$0(ExpectedConditions.java:896) ~[virtual-users.jar:?]
	at java.util.Optional.orElseThrow(Optional.java:290) ~[?:1.8.0_212]
	at org.openqa.selenium.support.ui.ExpectedConditions.findElement(ExpectedConditions.java:895) ~[virtual-users.jar:?]
	at org.openqa.selenium.support.ui.ExpectedConditions.access$000(ExpectedConditions.java:44) ~[virtual-users.jar:?]
	at org.openqa.selenium.support.ui.ExpectedConditions$6.apply(ExpectedConditions.java:183) ~[virtual-users.jar:?]
	at org.openqa.selenium.support.ui.ExpectedConditions$6.apply(ExpectedConditions.java:180) ~[virtual-users.jar:?]
	at org.openqa.selenium.support.ui.ExpectedConditions$47.apply(ExpectedConditions.java:1427) ~[virtual-users.jar:?]
	at org.openqa.selenium.support.ui.ExpectedConditions$47.apply(ExpectedConditions.java:1421) ~[virtual-users.jar:?]
	at org.openqa.selenium.support.ui.ExpectedConditions$47.apply(ExpectedConditions.java:1427) ~[virtual-users.jar:?]
	at org.openqa.selenium.support.ui.ExpectedConditions$47.apply(ExpectedConditions.java:1421) ~[virtual-users.jar:?]
	at org.openqa.selenium.support.ui.FluentWait.until(FluentWait.java:248) ~[virtual-users.jar:?]
	at com.atlassian.performance.tools.jiraactions.api.page.WebDriverUtils.wait(WebDriverExtension.kt:25) ~[virtual-users.jar:?]
	at com.atlassian.performance.tools.jiraactions.api.page.WebDriverUtils.wait$default(WebDriverExtension.kt:19) ~[virtual-users.jar:?]
	at com.atlassian.performance.tools.jiraactions.api.page.IssueNavigatorPage.waitForIssueNavigator(IssueNavigatorPage.kt:19) ~[virtual-users.jar:?]
	at com.atlassian.performance.tools.jiraactions.api.action.SearchJqlAction$run$issueNavigatorPage$1.invoke(SearchJqlAction.kt:23) ~[virtual-users.jar:?]
	at com.atlassian.performance.tools.jiraactions.api.action.SearchJqlAction$run$issueNavigatorPage$1.invoke(SearchJqlAction.kt:12) ~[virtual-users.jar:?]
	at com.atlassian.performance.tools.jiraactions.api.measure.ActionMeter$measure$2.invoke(ActionMeter.kt:80) ~[virtual-users.jar:?]
	at com.atlassian.performance.tools.jiraactions.api.measure.ActionMeter$measure$2.invoke(ActionMeter.kt:25) ~[virtual-users.jar:?]
	at com.atlassian.performance.tools.jiraactions.api.measure.ActionMeter.record(ActionMeter.kt:102) ~[virtual-users.jar:?]
	... 12 more
2019-07-22T13:01:40,052Z ERROR {} [applying load #2149cb1c-499c-4b71-ae97-86310a3e297f] [ExploratoryVirtualUser] Failed to run com.atlassian.performance.tools.jiraactions.api.action.SearchJqlAction@42fe3a02, but we keep running
java.lang.Exception: Failed to run com.atlassian.performance.tools.jiraactions.api.action.SearchJqlAction@42fe3a02
	at com.atlassian.performance.tools.virtualusers.ExploratoryVirtualUser.runWithDiagnostics(ExploratoryVirtualUser.kt:82) ~[virtual-users.jar:?]
	at com.atlassian.performance.tools.virtualusers.ExploratoryVirtualUser.applyLoad(ExploratoryVirtualUser.kt:56) [virtual-users.jar:?]
	at com.atlassian.performance.tools.virtualusers.LoadTest.applyLoad(LoadTest.kt:164) [virtual-users.jar:?]
	at com.atlassian.performance.tools.virtualusers.LoadTest.access$applyLoad(LoadTest.kt:36) [virtual-users.jar:?]
	at com.atlassian.performance.tools.virtualusers.LoadTest$applyLoad$$inlined$forEach$lambda$1.run(LoadTest.kt:111) [virtual-users.jar:?]
	at java.util.concurrent.Executors$RunnableAdapter.call(Executors.java:511) [?:1.8.0_212]
	at java.util.concurrent.FutureTask.run(FutureTask.java:266) [?:1.8.0_212]
	at java.util.concurrent.ThreadPoolExecutor.runWorker(ThreadPoolExecutor.java:1149) [?:1.8.0_212]
	at java.util.concurrent.ThreadPoolExecutor$Worker.run(ThreadPoolExecutor.java:624) [?:1.8.0_212]
	at java.lang.Thread.run(Thread.java:748) [?:1.8.0_212]
Caused by: java.lang.Exception: Action 'Search with JQL' ERROR
	at com.atlassian.performance.tools.jiraactions.api.measure.ActionMeter.record(ActionMeter.kt:132) ~[virtual-users.jar:?]
	at com.atlassian.performance.tools.jiraactions.api.measure.ActionMeter.measure(ActionMeter.kt:79) ~[virtual-users.jar:?]
	at com.atlassian.performance.tools.jiraactions.api.action.SearchJqlAction.run(SearchJqlAction.kt:21) ~[virtual-users.jar:?]
	at com.atlassian.performance.tools.virtualusers.ExploratoryVirtualUser.runWithDiagnostics(ExploratoryVirtualUser.kt:79) ~[virtual-users.jar:?]
	... 9 more
Caused by: org.openqa.selenium.TimeoutException: Expected condition failed: waiting for at least one condition to be valid: all conditions to be valid: at least one condition to be valid: presence of element located by: By.cssSelector: ol.issue-list || presence of element located by: By.id: issuetable || presence of element located by: By.id: issue-content && presence of element located by: By.id: key-val && presence of element located by: By.className: issue-body-content || presence of element located by: By.className: no-results-hint || at least one condition to be valid: presence of element located by: By.cssSelector: section div.aui-message.error || presence of element located by: By.id: errorPageContainer || presence of element located by: By.cssSelector: div.form-body div.error (tried for 30 second(s) with 50 milliseconds interval)
	at org.openqa.selenium.support.ui.WebDriverWait.timeoutException(WebDriverWait.java:81) ~[virtual-users.jar:?]
	at org.openqa.selenium.support.ui.FluentWait.until(FluentWait.java:271) ~[virtual-users.jar:?]
	at com.atlassian.performance.tools.jiraactions.api.page.WebDriverUtils.wait(WebDriverExtension.kt:25) ~[virtual-users.jar:?]
	at com.atlassian.performance.tools.jiraactions.api.page.WebDriverUtils.wait$default(WebDriverExtension.kt:19) ~[virtual-users.jar:?]
	at com.atlassian.performance.tools.jiraactions.api.page.IssueNavigatorPage.waitForIssueNavigator(IssueNavigatorPage.kt:19) ~[virtual-users.jar:?]
	at com.atlassian.performance.tools.jiraactions.api.action.SearchJqlAction$run$issueNavigatorPage$1.invoke(SearchJqlAction.kt:23) ~[virtual-users.jar:?]
	at com.atlassian.performance.tools.jiraactions.api.action.SearchJqlAction$run$issueNavigatorPage$1.invoke(SearchJqlAction.kt:12) ~[virtual-users.jar:?]
	at com.atlassian.performance.tools.jiraactions.api.measure.ActionMeter$measure$2.invoke(ActionMeter.kt:80) ~[virtual-users.jar:?]
	at com.atlassian.performance.tools.jiraactions.api.measure.ActionMeter$measure$2.invoke(ActionMeter.kt:25) ~[virtual-users.jar:?]
	at com.atlassian.performance.tools.jiraactions.api.measure.ActionMeter.record(ActionMeter.kt:102) ~[virtual-users.jar:?]
	at com.atlassian.performance.tools.jiraactions.api.measure.ActionMeter.measure(ActionMeter.kt:79) ~[virtual-users.jar:?]
	at com.atlassian.performance.tools.jiraactions.api.action.SearchJqlAction.run(SearchJqlAction.kt:21) ~[virtual-users.jar:?]
	at com.atlassian.performance.tools.virtualusers.ExploratoryVirtualUser.runWithDiagnostics(ExploratoryVirtualUser.kt:79) ~[virtual-users.jar:?]
	... 9 more
Caused by: org.openqa.selenium.NoSuchElementException: Cannot locate an element using By.cssSelector: div.form-body div.error
For documentation on this error, please visit: http://seleniumhq.org/exceptions/no_such_element.html
Build info: version: 'unknown', revision: 'unknown', time: 'unknown'
System info: host: 'ip-10-0-0-94', ip: '10.0.0.94', os.name: 'Linux', os.arch: 'amd64', os.version: '4.4.0-1067-aws', java.version: '1.8.0_212'
Driver info: driver.version: unknown
	at org.openqa.selenium.support.ui.ExpectedConditions.lambda$findElement$0(ExpectedConditions.java:896) ~[virtual-users.jar:?]
	at java.util.Optional.orElseThrow(Optional.java:290) ~[?:1.8.0_212]
	at org.openqa.selenium.support.ui.ExpectedConditions.findElement(ExpectedConditions.java:895) ~[virtual-users.jar:?]
	at org.openqa.selenium.support.ui.ExpectedConditions.access$000(ExpectedConditions.java:44) ~[virtual-users.jar:?]
	at org.openqa.selenium.support.ui.ExpectedConditions$6.apply(ExpectedConditions.java:183) ~[virtual-users.jar:?]
	at org.openqa.selenium.support.ui.ExpectedConditions$6.apply(ExpectedConditions.java:180) ~[virtual-users.jar:?]
	at org.openqa.selenium.support.ui.ExpectedConditions$47.apply(ExpectedConditions.java:1427) ~[virtual-users.jar:?]
	at org.openqa.selenium.support.ui.ExpectedConditions$47.apply(ExpectedConditions.java:1421) ~[virtual-users.jar:?]
	at org.openqa.selenium.support.ui.ExpectedConditions$47.apply(ExpectedConditions.java:1427) ~[virtual-users.jar:?]
	at org.openqa.selenium.support.ui.ExpectedConditions$47.apply(ExpectedConditions.java:1421) ~[virtual-users.jar:?]
	at org.openqa.selenium.support.ui.FluentWait.until(FluentWait.java:248) ~[virtual-users.jar:?]
	at com.atlassian.performance.tools.jiraactions.api.page.WebDriverUtils.wait(WebDriverExtension.kt:25) ~[virtual-users.jar:?]
	at com.atlassian.performance.tools.jiraactions.api.page.WebDriverUtils.wait$default(WebDriverExtension.kt:19) ~[virtual-users.jar:?]
	at com.atlassian.performance.tools.jiraactions.api.page.IssueNavigatorPage.waitForIssueNavigator(IssueNavigatorPage.kt:19) ~[virtual-users.jar:?]
	at com.atlassian.performance.tools.jiraactions.api.action.SearchJqlAction$run$issueNavigatorPage$1.invoke(SearchJqlAction.kt:23) ~[virtual-users.jar:?]
	at com.atlassian.performance.tools.jiraactions.api.action.SearchJqlAction$run$issueNavigatorPage$1.invoke(SearchJqlAction.kt:12) ~[virtual-users.jar:?]
	at com.atlassian.performance.tools.jiraactions.api.measure.ActionMeter$measure$2.invoke(ActionMeter.kt:80) ~[virtual-users.jar:?]
	at com.atlassian.performance.tools.jiraactions.api.measure.ActionMeter$measure$2.invoke(ActionMeter.kt:25) ~[virtual-users.jar:?]
	at com.atlassian.performance.tools.jiraactions.api.measure.ActionMeter.record(ActionMeter.kt:102) ~[virtual-users.jar:?]
	at com.atlassian.performance.tools.jiraactions.api.measure.ActionMeter.measure(ActionMeter.kt:79) ~[virtual-users.jar:?]
	at com.atlassian.performance.tools.jiraactions.api.action.SearchJqlAction.run(SearchJqlAction.kt:21) ~[virtual-users.jar:?]
	at com.atlassian.performance.tools.virtualusers.ExploratoryVirtualUser.runWithDiagnostics(ExploratoryVirtualUser.kt:79) ~[virtual-users.jar:?]
	... 9 more
2019-07-22T13:01:40,052Z DEBUG {} [applying load #2149cb1c-499c-4b71-ae97-86310a3e297f] [ViewBacklogAction] Skipping View Backlog. I have no knowledge of Boards.
2019-07-22T13:01:51,323Z DEBUG {} [applying load #2149cb1c-499c-4b71-ae97-86310a3e297f] [ViewBacklogAction] Skipping View Backlog. I have no knowledge of Boards.
2019-07-22T13:01:55,585Z DEBUG {} [applying load #b07392eb-5713-4a1a-9e3e-2556b600cec1] [SeededRandom] Using seed 1563800515
2019-07-22T13:02:00,052Z DEBUG {} [applying load #4aa3a58b-223c-4fe4-a0ce-08b2b2357d85] [SeededRandom] Using seed 1563800520
2019-07-22T13:02:03,923Z DEBUG {} [applying load #b07392eb-5713-4a1a-9e3e-2556b600cec1] [SeededRandom] Using seed 1563800523
2019-07-22T13:02:15,004Z DEBUG {} [applying load #47074dbb-09fa-4d50-a073-da045f3e86fb] [SeededRandom] Using seed 1563800535
2019-07-22T13:02:43,402Z DEBUG {} [applying load #2149cb1c-499c-4b71-ae97-86310a3e297f] [ViewBoardAction] Skipping View Board. I have no knowledge of Boards.
2019-07-22T13:02:44,210Z DEBUG {} [applying load #452d3e65-5a2a-48c2-aee0-92d8e22039ab] [SeededRandom] Using seed 1563800564
2019-07-22T13:02:45,385Z DEBUG {} [applying load #b07392eb-5713-4a1a-9e3e-2556b600cec1] [SeededRandom] Using seed 1563800565
2019-07-22T13:02:48,797Z DEBUG {} [applying load #2149cb1c-499c-4b71-ae97-86310a3e297f] [SeededRandom] Using seed 1563800568
2019-07-22T13:02:50,777Z DEBUG {} [applying load #2149cb1c-499c-4b71-ae97-86310a3e297f] [ViewBacklogAction] Skipping View Backlog. I have no knowledge of Boards.
2019-07-22T13:02:54,084Z DEBUG {} [applying load #452d3e65-5a2a-48c2-aee0-92d8e22039ab] [SeededRandom] Using seed 1563800574
2019-07-22T13:02:57,953Z DEBUG {} [applying load #2f041651-e303-45d8-b7aa-98a9ca12836f] [SeededRandom] Using seed 1563800577
2019-07-22T13:02:59,798Z DEBUG {} [applying load #b07392eb-5713-4a1a-9e3e-2556b600cec1] [SeededRandom] Using seed 1563800579
2019-07-22T13:03:00,066Z DEBUG {} [applying load #fe00efd9-bc75-476f-b6d3-626cceb2e214] [SeededRandom] Using seed 1563800580
2019-07-22T13:03:20,777Z DEBUG {} [applying load #2149cb1c-499c-4b71-ae97-86310a3e297f] [SeededRandom] Using seed 1563800600
2019-07-22T13:03:23,744Z DEBUG {} [applying load #4aa3a58b-223c-4fe4-a0ce-08b2b2357d85] [SeededRandom] Using seed 1563800603
2019-07-22T13:03:30,093Z ERROR {} [applying load #a7c7913d-8861-41b8-b748-aba5d7086bb0] [WebDriverDiagnostics] URL: http://jpt-fa46d-loadbala-ttkud6yeo83h-142878392.eu-west-1.elb.amazonaws.com/issues/?jql=text+%7E+%22a*%22+order+by+summary, HTML dumped at diagnoses/3422069b-b031-4c09-ae2a-dacddd8d161e/dump.html, screenshot saved to diagnoses/3422069b-b031-4c09-ae2a-dacddd8d161e/screenshot.png
java.lang.Exception: Action 'Search with JQL' ERROR
	at com.atlassian.performance.tools.jiraactions.api.measure.ActionMeter.record(ActionMeter.kt:132) ~[virtual-users.jar:?]
	at com.atlassian.performance.tools.jiraactions.api.measure.ActionMeter.measure(ActionMeter.kt:79) ~[virtual-users.jar:?]
	at com.atlassian.performance.tools.jiraactions.api.action.SearchJqlAction.run(SearchJqlAction.kt:21) ~[virtual-users.jar:?]
	at com.atlassian.performance.tools.virtualusers.ExploratoryVirtualUser.runWithDiagnostics(ExploratoryVirtualUser.kt:79) [virtual-users.jar:?]
	at com.atlassian.performance.tools.virtualusers.ExploratoryVirtualUser.applyLoad(ExploratoryVirtualUser.kt:56) [virtual-users.jar:?]
	at com.atlassian.performance.tools.virtualusers.LoadTest.applyLoad(LoadTest.kt:164) [virtual-users.jar:?]
	at com.atlassian.performance.tools.virtualusers.LoadTest.access$applyLoad(LoadTest.kt:36) [virtual-users.jar:?]
	at com.atlassian.performance.tools.virtualusers.LoadTest$applyLoad$$inlined$forEach$lambda$1.run(LoadTest.kt:111) [virtual-users.jar:?]
	at java.util.concurrent.Executors$RunnableAdapter.call(Executors.java:511) [?:1.8.0_212]
	at java.util.concurrent.FutureTask.run(FutureTask.java:266) [?:1.8.0_212]
	at java.util.concurrent.ThreadPoolExecutor.runWorker(ThreadPoolExecutor.java:1149) [?:1.8.0_212]
	at java.util.concurrent.ThreadPoolExecutor$Worker.run(ThreadPoolExecutor.java:624) [?:1.8.0_212]
	at java.lang.Thread.run(Thread.java:748) [?:1.8.0_212]
Caused by: org.openqa.selenium.TimeoutException: Expected condition failed: waiting for at least one condition to be valid: all conditions to be valid: at least one condition to be valid: presence of element located by: By.cssSelector: ol.issue-list || presence of element located by: By.id: issuetable || presence of element located by: By.id: issue-content && presence of element located by: By.id: key-val && presence of element located by: By.className: issue-body-content || presence of element located by: By.className: no-results-hint || at least one condition to be valid: presence of element located by: By.cssSelector: section div.aui-message.error || presence of element located by: By.id: errorPageContainer || presence of element located by: By.cssSelector: div.form-body div.error (tried for 30 second(s) with 50 milliseconds interval)
	at org.openqa.selenium.support.ui.WebDriverWait.timeoutException(WebDriverWait.java:81) ~[virtual-users.jar:?]
	at org.openqa.selenium.support.ui.FluentWait.until(FluentWait.java:271) ~[virtual-users.jar:?]
	at com.atlassian.performance.tools.jiraactions.api.page.WebDriverUtils.wait(WebDriverExtension.kt:25) ~[virtual-users.jar:?]
	at com.atlassian.performance.tools.jiraactions.api.page.WebDriverUtils.wait$default(WebDriverExtension.kt:19) ~[virtual-users.jar:?]
	at com.atlassian.performance.tools.jiraactions.api.page.IssueNavigatorPage.waitForIssueNavigator(IssueNavigatorPage.kt:19) ~[virtual-users.jar:?]
	at com.atlassian.performance.tools.jiraactions.api.action.SearchJqlAction$run$issueNavigatorPage$1.invoke(SearchJqlAction.kt:23) ~[virtual-users.jar:?]
	at com.atlassian.performance.tools.jiraactions.api.action.SearchJqlAction$run$issueNavigatorPage$1.invoke(SearchJqlAction.kt:12) ~[virtual-users.jar:?]
	at com.atlassian.performance.tools.jiraactions.api.measure.ActionMeter$measure$2.invoke(ActionMeter.kt:80) ~[virtual-users.jar:?]
	at com.atlassian.performance.tools.jiraactions.api.measure.ActionMeter$measure$2.invoke(ActionMeter.kt:25) ~[virtual-users.jar:?]
	at com.atlassian.performance.tools.jiraactions.api.measure.ActionMeter.record(ActionMeter.kt:102) ~[virtual-users.jar:?]
	... 12 more
Caused by: org.openqa.selenium.NoSuchElementException: Cannot locate an element using By.cssSelector: div.form-body div.error
For documentation on this error, please visit: http://seleniumhq.org/exceptions/no_such_element.html
Build info: version: 'unknown', revision: 'unknown', time: 'unknown'
System info: host: 'ip-10-0-0-94', ip: '10.0.0.94', os.name: 'Linux', os.arch: 'amd64', os.version: '4.4.0-1067-aws', java.version: '1.8.0_212'
Driver info: driver.version: unknown
	at org.openqa.selenium.support.ui.ExpectedConditions.lambda$findElement$0(ExpectedConditions.java:896) ~[virtual-users.jar:?]
	at java.util.Optional.orElseThrow(Optional.java:290) ~[?:1.8.0_212]
	at org.openqa.selenium.support.ui.ExpectedConditions.findElement(ExpectedConditions.java:895) ~[virtual-users.jar:?]
	at org.openqa.selenium.support.ui.ExpectedConditions.access$000(ExpectedConditions.java:44) ~[virtual-users.jar:?]
	at org.openqa.selenium.support.ui.ExpectedConditions$6.apply(ExpectedConditions.java:183) ~[virtual-users.jar:?]
	at org.openqa.selenium.support.ui.ExpectedConditions$6.apply(ExpectedConditions.java:180) ~[virtual-users.jar:?]
	at org.openqa.selenium.support.ui.ExpectedConditions$47.apply(ExpectedConditions.java:1427) ~[virtual-users.jar:?]
	at org.openqa.selenium.support.ui.ExpectedConditions$47.apply(ExpectedConditions.java:1421) ~[virtual-users.jar:?]
	at org.openqa.selenium.support.ui.ExpectedConditions$47.apply(ExpectedConditions.java:1427) ~[virtual-users.jar:?]
	at org.openqa.selenium.support.ui.ExpectedConditions$47.apply(ExpectedConditions.java:1421) ~[virtual-users.jar:?]
	at org.openqa.selenium.support.ui.FluentWait.until(FluentWait.java:248) ~[virtual-users.jar:?]
	at com.atlassian.performance.tools.jiraactions.api.page.WebDriverUtils.wait(WebDriverExtension.kt:25) ~[virtual-users.jar:?]
	at com.atlassian.performance.tools.jiraactions.api.page.WebDriverUtils.wait$default(WebDriverExtension.kt:19) ~[virtual-users.jar:?]
	at com.atlassian.performance.tools.jiraactions.api.page.IssueNavigatorPage.waitForIssueNavigator(IssueNavigatorPage.kt:19) ~[virtual-users.jar:?]
	at com.atlassian.performance.tools.jiraactions.api.action.SearchJqlAction$run$issueNavigatorPage$1.invoke(SearchJqlAction.kt:23) ~[virtual-users.jar:?]
	at com.atlassian.performance.tools.jiraactions.api.action.SearchJqlAction$run$issueNavigatorPage$1.invoke(SearchJqlAction.kt:12) ~[virtual-users.jar:?]
	at com.atlassian.performance.tools.jiraactions.api.measure.ActionMeter$measure$2.invoke(ActionMeter.kt:80) ~[virtual-users.jar:?]
	at com.atlassian.performance.tools.jiraactions.api.measure.ActionMeter$measure$2.invoke(ActionMeter.kt:25) ~[virtual-users.jar:?]
	at com.atlassian.performance.tools.jiraactions.api.measure.ActionMeter.record(ActionMeter.kt:102) ~[virtual-users.jar:?]
	... 12 more
2019-07-22T13:03:30,094Z ERROR {} [applying load #a7c7913d-8861-41b8-b748-aba5d7086bb0] [ExploratoryVirtualUser] Failed to run com.atlassian.performance.tools.jiraactions.api.action.SearchJqlAction@49312308, but we keep running
java.lang.Exception: Failed to run com.atlassian.performance.tools.jiraactions.api.action.SearchJqlAction@49312308
	at com.atlassian.performance.tools.virtualusers.ExploratoryVirtualUser.runWithDiagnostics(ExploratoryVirtualUser.kt:82) ~[virtual-users.jar:?]
	at com.atlassian.performance.tools.virtualusers.ExploratoryVirtualUser.applyLoad(ExploratoryVirtualUser.kt:56) [virtual-users.jar:?]
	at com.atlassian.performance.tools.virtualusers.LoadTest.applyLoad(LoadTest.kt:164) [virtual-users.jar:?]
	at com.atlassian.performance.tools.virtualusers.LoadTest.access$applyLoad(LoadTest.kt:36) [virtual-users.jar:?]
	at com.atlassian.performance.tools.virtualusers.LoadTest$applyLoad$$inlined$forEach$lambda$1.run(LoadTest.kt:111) [virtual-users.jar:?]
	at java.util.concurrent.Executors$RunnableAdapter.call(Executors.java:511) [?:1.8.0_212]
	at java.util.concurrent.FutureTask.run(FutureTask.java:266) [?:1.8.0_212]
	at java.util.concurrent.ThreadPoolExecutor.runWorker(ThreadPoolExecutor.java:1149) [?:1.8.0_212]
	at java.util.concurrent.ThreadPoolExecutor$Worker.run(ThreadPoolExecutor.java:624) [?:1.8.0_212]
	at java.lang.Thread.run(Thread.java:748) [?:1.8.0_212]
Caused by: java.lang.Exception: Action 'Search with JQL' ERROR
	at com.atlassian.performance.tools.jiraactions.api.measure.ActionMeter.record(ActionMeter.kt:132) ~[virtual-users.jar:?]
	at com.atlassian.performance.tools.jiraactions.api.measure.ActionMeter.measure(ActionMeter.kt:79) ~[virtual-users.jar:?]
	at com.atlassian.performance.tools.jiraactions.api.action.SearchJqlAction.run(SearchJqlAction.kt:21) ~[virtual-users.jar:?]
	at com.atlassian.performance.tools.virtualusers.ExploratoryVirtualUser.runWithDiagnostics(ExploratoryVirtualUser.kt:79) ~[virtual-users.jar:?]
	... 9 more
Caused by: org.openqa.selenium.TimeoutException: Expected condition failed: waiting for at least one condition to be valid: all conditions to be valid: at least one condition to be valid: presence of element located by: By.cssSelector: ol.issue-list || presence of element located by: By.id: issuetable || presence of element located by: By.id: issue-content && presence of element located by: By.id: key-val && presence of element located by: By.className: issue-body-content || presence of element located by: By.className: no-results-hint || at least one condition to be valid: presence of element located by: By.cssSelector: section div.aui-message.error || presence of element located by: By.id: errorPageContainer || presence of element located by: By.cssSelector: div.form-body div.error (tried for 30 second(s) with 50 milliseconds interval)
	at org.openqa.selenium.support.ui.WebDriverWait.timeoutException(WebDriverWait.java:81) ~[virtual-users.jar:?]
	at org.openqa.selenium.support.ui.FluentWait.until(FluentWait.java:271) ~[virtual-users.jar:?]
	at com.atlassian.performance.tools.jiraactions.api.page.WebDriverUtils.wait(WebDriverExtension.kt:25) ~[virtual-users.jar:?]
	at com.atlassian.performance.tools.jiraactions.api.page.WebDriverUtils.wait$default(WebDriverExtension.kt:19) ~[virtual-users.jar:?]
	at com.atlassian.performance.tools.jiraactions.api.page.IssueNavigatorPage.waitForIssueNavigator(IssueNavigatorPage.kt:19) ~[virtual-users.jar:?]
	at com.atlassian.performance.tools.jiraactions.api.action.SearchJqlAction$run$issueNavigatorPage$1.invoke(SearchJqlAction.kt:23) ~[virtual-users.jar:?]
	at com.atlassian.performance.tools.jiraactions.api.action.SearchJqlAction$run$issueNavigatorPage$1.invoke(SearchJqlAction.kt:12) ~[virtual-users.jar:?]
	at com.atlassian.performance.tools.jiraactions.api.measure.ActionMeter$measure$2.invoke(ActionMeter.kt:80) ~[virtual-users.jar:?]
	at com.atlassian.performance.tools.jiraactions.api.measure.ActionMeter$measure$2.invoke(ActionMeter.kt:25) ~[virtual-users.jar:?]
	at com.atlassian.performance.tools.jiraactions.api.measure.ActionMeter.record(ActionMeter.kt:102) ~[virtual-users.jar:?]
	at com.atlassian.performance.tools.jiraactions.api.measure.ActionMeter.measure(ActionMeter.kt:79) ~[virtual-users.jar:?]
	at com.atlassian.performance.tools.jiraactions.api.action.SearchJqlAction.run(SearchJqlAction.kt:21) ~[virtual-users.jar:?]
	at com.atlassian.performance.tools.virtualusers.ExploratoryVirtualUser.runWithDiagnostics(ExploratoryVirtualUser.kt:79) ~[virtual-users.jar:?]
	... 9 more
Caused by: org.openqa.selenium.NoSuchElementException: Cannot locate an element using By.cssSelector: div.form-body div.error
For documentation on this error, please visit: http://seleniumhq.org/exceptions/no_such_element.html
Build info: version: 'unknown', revision: 'unknown', time: 'unknown'
System info: host: 'ip-10-0-0-94', ip: '10.0.0.94', os.name: 'Linux', os.arch: 'amd64', os.version: '4.4.0-1067-aws', java.version: '1.8.0_212'
Driver info: driver.version: unknown
	at org.openqa.selenium.support.ui.ExpectedConditions.lambda$findElement$0(ExpectedConditions.java:896) ~[virtual-users.jar:?]
	at java.util.Optional.orElseThrow(Optional.java:290) ~[?:1.8.0_212]
	at org.openqa.selenium.support.ui.ExpectedConditions.findElement(ExpectedConditions.java:895) ~[virtual-users.jar:?]
	at org.openqa.selenium.support.ui.ExpectedConditions.access$000(ExpectedConditions.java:44) ~[virtual-users.jar:?]
	at org.openqa.selenium.support.ui.ExpectedConditions$6.apply(ExpectedConditions.java:183) ~[virtual-users.jar:?]
	at org.openqa.selenium.support.ui.ExpectedConditions$6.apply(ExpectedConditions.java:180) ~[virtual-users.jar:?]
	at org.openqa.selenium.support.ui.ExpectedConditions$47.apply(ExpectedConditions.java:1427) ~[virtual-users.jar:?]
	at org.openqa.selenium.support.ui.ExpectedConditions$47.apply(ExpectedConditions.java:1421) ~[virtual-users.jar:?]
	at org.openqa.selenium.support.ui.ExpectedConditions$47.apply(ExpectedConditions.java:1427) ~[virtual-users.jar:?]
	at org.openqa.selenium.support.ui.ExpectedConditions$47.apply(ExpectedConditions.java:1421) ~[virtual-users.jar:?]
	at org.openqa.selenium.support.ui.FluentWait.until(FluentWait.java:248) ~[virtual-users.jar:?]
	at com.atlassian.performance.tools.jiraactions.api.page.WebDriverUtils.wait(WebDriverExtension.kt:25) ~[virtual-users.jar:?]
	at com.atlassian.performance.tools.jiraactions.api.page.WebDriverUtils.wait$default(WebDriverExtension.kt:19) ~[virtual-users.jar:?]
	at com.atlassian.performance.tools.jiraactions.api.page.IssueNavigatorPage.waitForIssueNavigator(IssueNavigatorPage.kt:19) ~[virtual-users.jar:?]
	at com.atlassian.performance.tools.jiraactions.api.action.SearchJqlAction$run$issueNavigatorPage$1.invoke(SearchJqlAction.kt:23) ~[virtual-users.jar:?]
	at com.atlassian.performance.tools.jiraactions.api.action.SearchJqlAction$run$issueNavigatorPage$1.invoke(SearchJqlAction.kt:12) ~[virtual-users.jar:?]
	at com.atlassian.performance.tools.jiraactions.api.measure.ActionMeter$measure$2.invoke(ActionMeter.kt:80) ~[virtual-users.jar:?]
	at com.atlassian.performance.tools.jiraactions.api.measure.ActionMeter$measure$2.invoke(ActionMeter.kt:25) ~[virtual-users.jar:?]
	at com.atlassian.performance.tools.jiraactions.api.measure.ActionMeter.record(ActionMeter.kt:102) ~[virtual-users.jar:?]
	at com.atlassian.performance.tools.jiraactions.api.measure.ActionMeter.measure(ActionMeter.kt:79) ~[virtual-users.jar:?]
	at com.atlassian.performance.tools.jiraactions.api.action.SearchJqlAction.run(SearchJqlAction.kt:21) ~[virtual-users.jar:?]
	at com.atlassian.performance.tools.virtualusers.ExploratoryVirtualUser.runWithDiagnostics(ExploratoryVirtualUser.kt:79) ~[virtual-users.jar:?]
	... 9 more
2019-07-22T13:03:30,095Z DEBUG {} [applying load #a7c7913d-8861-41b8-b748-aba5d7086bb0] [ViewBoardAction] Skipping View Board. I have no knowledge of Boards.
2019-07-22T13:03:35,903Z DEBUG {} [applying load #a7c7913d-8861-41b8-b748-aba5d7086bb0] [SeededRandom] Using seed 1563800615
2019-07-22T13:03:38,489Z DEBUG {} [applying load #fe00efd9-bc75-476f-b6d3-626cceb2e214] [SeededRandom] Using seed 1563800618
2019-07-22T13:04:15,458Z ERROR {} [applying load #2f041651-e303-45d8-b7aa-98a9ca12836f] [WebDriverDiagnostics] URL: http://jpt-fa46d-loadbala-ttkud6yeo83h-142878392.eu-west-1.elb.amazonaws.com/secure/RapidBoard.jspa?rapidView=631&view=planning, HTML dumped at diagnoses/317b5fba-f625-46b3-a727-3628a22bc2da/dump.html, screenshot saved to diagnoses/317b5fba-f625-46b3-a727-3628a22bc2da/screenshot.png
java.lang.Exception: Action 'View Backlog' ERROR
	at com.atlassian.performance.tools.jiraactions.api.measure.ActionMeter.record(ActionMeter.kt:132) ~[virtual-users.jar:?]
	at com.atlassian.performance.tools.jiraactions.api.measure.ActionMeter.measure(ActionMeter.kt:79) ~[virtual-users.jar:?]
	at com.atlassian.performance.tools.jirasoftwareactions.api.actions.ViewBacklogAction.run(ViewBacklogAction.kt:56) ~[virtual-users.jar:?]
	at com.atlassian.performance.tools.virtualusers.ExploratoryVirtualUser.runWithDiagnostics(ExploratoryVirtualUser.kt:79) [virtual-users.jar:?]
	at com.atlassian.performance.tools.virtualusers.ExploratoryVirtualUser.applyLoad(ExploratoryVirtualUser.kt:56) [virtual-users.jar:?]
	at com.atlassian.performance.tools.virtualusers.LoadTest.applyLoad(LoadTest.kt:164) [virtual-users.jar:?]
	at com.atlassian.performance.tools.virtualusers.LoadTest.access$applyLoad(LoadTest.kt:36) [virtual-users.jar:?]
	at com.atlassian.performance.tools.virtualusers.LoadTest$applyLoad$$inlined$forEach$lambda$1.run(LoadTest.kt:111) [virtual-users.jar:?]
	at java.util.concurrent.Executors$RunnableAdapter.call(Executors.java:511) [?:1.8.0_212]
	at java.util.concurrent.FutureTask.run(FutureTask.java:266) [?:1.8.0_212]
	at java.util.concurrent.ThreadPoolExecutor.runWorker(ThreadPoolExecutor.java:1149) [?:1.8.0_212]
	at java.util.concurrent.ThreadPoolExecutor$Worker.run(ThreadPoolExecutor.java:624) [?:1.8.0_212]
	at java.lang.Thread.run(Thread.java:748) [?:1.8.0_212]
Caused by: org.openqa.selenium.TimeoutException: Expected condition failed: waiting for presence of element located by: By.cssSelector: #ghx-backlog[data-rendered]:not(.browser-metrics-stale) (tried for 30 second(s) with 50 milliseconds interval)
	at org.openqa.selenium.support.ui.WebDriverWait.timeoutException(WebDriverWait.java:81) ~[virtual-users.jar:?]
	at org.openqa.selenium.support.ui.FluentWait.until(FluentWait.java:271) ~[virtual-users.jar:?]
	at com.atlassian.performance.tools.jiraactions.api.page.WebDriverUtils.wait(WebDriverExtension.kt:25) ~[virtual-users.jar:?]
	at com.atlassian.performance.tools.jiraactions.api.page.WebDriverUtils.wait$default(WebDriverExtension.kt:19) ~[virtual-users.jar:?]
	at com.atlassian.performance.tools.jirasoftwareactions.api.page.ViewBacklogPage.waitForBacklog(ViewBacklogPage.kt:12) ~[virtual-users.jar:?]
	at com.atlassian.performance.tools.jirasoftwareactions.api.actions.ViewBacklogAction$run$1.invoke(ViewBacklogAction.kt:60) ~[virtual-users.jar:?]
	at com.atlassian.performance.tools.jirasoftwareactions.api.actions.ViewBacklogAction$run$1.invoke(ViewBacklogAction.kt:15) ~[virtual-users.jar:?]
	at com.atlassian.performance.tools.jiraactions.api.measure.ActionMeter$measure$2.invoke(ActionMeter.kt:80) ~[virtual-users.jar:?]
	at com.atlassian.performance.tools.jiraactions.api.measure.ActionMeter$measure$2.invoke(ActionMeter.kt:25) ~[virtual-users.jar:?]
	at com.atlassian.performance.tools.jiraactions.api.measure.ActionMeter.record(ActionMeter.kt:102) ~[virtual-users.jar:?]
	... 12 more
Caused by: org.openqa.selenium.NoSuchElementException: Cannot locate an element using By.cssSelector: #ghx-backlog[data-rendered]:not(.browser-metrics-stale)
For documentation on this error, please visit: http://seleniumhq.org/exceptions/no_such_element.html
Build info: version: 'unknown', revision: 'unknown', time: 'unknown'
System info: host: 'ip-10-0-0-94', ip: '10.0.0.94', os.name: 'Linux', os.arch: 'amd64', os.version: '4.4.0-1067-aws', java.version: '1.8.0_212'
Driver info: driver.version: unknown
	at org.openqa.selenium.support.ui.ExpectedConditions.lambda$findElement$0(ExpectedConditions.java:896) ~[virtual-users.jar:?]
	at java.util.Optional.orElseThrow(Optional.java:290) ~[?:1.8.0_212]
	at org.openqa.selenium.support.ui.ExpectedConditions.findElement(ExpectedConditions.java:895) ~[virtual-users.jar:?]
	at org.openqa.selenium.support.ui.ExpectedConditions.access$000(ExpectedConditions.java:44) ~[virtual-users.jar:?]
	at org.openqa.selenium.support.ui.ExpectedConditions$6.apply(ExpectedConditions.java:183) ~[virtual-users.jar:?]
	at org.openqa.selenium.support.ui.ExpectedConditions$6.apply(ExpectedConditions.java:180) ~[virtual-users.jar:?]
	at org.openqa.selenium.support.ui.FluentWait.until(FluentWait.java:248) ~[virtual-users.jar:?]
	at com.atlassian.performance.tools.jiraactions.api.page.WebDriverUtils.wait(WebDriverExtension.kt:25) ~[virtual-users.jar:?]
	at com.atlassian.performance.tools.jiraactions.api.page.WebDriverUtils.wait$default(WebDriverExtension.kt:19) ~[virtual-users.jar:?]
	at com.atlassian.performance.tools.jirasoftwareactions.api.page.ViewBacklogPage.waitForBacklog(ViewBacklogPage.kt:12) ~[virtual-users.jar:?]
	at com.atlassian.performance.tools.jirasoftwareactions.api.actions.ViewBacklogAction$run$1.invoke(ViewBacklogAction.kt:60) ~[virtual-users.jar:?]
	at com.atlassian.performance.tools.jirasoftwareactions.api.actions.ViewBacklogAction$run$1.invoke(ViewBacklogAction.kt:15) ~[virtual-users.jar:?]
	at com.atlassian.performance.tools.jiraactions.api.measure.ActionMeter$measure$2.invoke(ActionMeter.kt:80) ~[virtual-users.jar:?]
	at com.atlassian.performance.tools.jiraactions.api.measure.ActionMeter$measure$2.invoke(ActionMeter.kt:25) ~[virtual-users.jar:?]
	at com.atlassian.performance.tools.jiraactions.api.measure.ActionMeter.record(ActionMeter.kt:102) ~[virtual-users.jar:?]
	... 12 more
2019-07-22T13:04:15,460Z ERROR {} [applying load #2f041651-e303-45d8-b7aa-98a9ca12836f] [ExploratoryVirtualUser] Failed to run com.atlassian.performance.tools.jirasoftwareactions.api.actions.ViewBacklogAction@5b337799, but we keep running
java.lang.Exception: Failed to run com.atlassian.performance.tools.jirasoftwareactions.api.actions.ViewBacklogAction@5b337799
	at com.atlassian.performance.tools.virtualusers.ExploratoryVirtualUser.runWithDiagnostics(ExploratoryVirtualUser.kt:82) ~[virtual-users.jar:?]
	at com.atlassian.performance.tools.virtualusers.ExploratoryVirtualUser.applyLoad(ExploratoryVirtualUser.kt:56) [virtual-users.jar:?]
	at com.atlassian.performance.tools.virtualusers.LoadTest.applyLoad(LoadTest.kt:164) [virtual-users.jar:?]
	at com.atlassian.performance.tools.virtualusers.LoadTest.access$applyLoad(LoadTest.kt:36) [virtual-users.jar:?]
	at com.atlassian.performance.tools.virtualusers.LoadTest$applyLoad$$inlined$forEach$lambda$1.run(LoadTest.kt:111) [virtual-users.jar:?]
	at java.util.concurrent.Executors$RunnableAdapter.call(Executors.java:511) [?:1.8.0_212]
	at java.util.concurrent.FutureTask.run(FutureTask.java:266) [?:1.8.0_212]
	at java.util.concurrent.ThreadPoolExecutor.runWorker(ThreadPoolExecutor.java:1149) [?:1.8.0_212]
	at java.util.concurrent.ThreadPoolExecutor$Worker.run(ThreadPoolExecutor.java:624) [?:1.8.0_212]
	at java.lang.Thread.run(Thread.java:748) [?:1.8.0_212]
Caused by: java.lang.Exception: Action 'View Backlog' ERROR
	at com.atlassian.performance.tools.jiraactions.api.measure.ActionMeter.record(ActionMeter.kt:132) ~[virtual-users.jar:?]
	at com.atlassian.performance.tools.jiraactions.api.measure.ActionMeter.measure(ActionMeter.kt:79) ~[virtual-users.jar:?]
	at com.atlassian.performance.tools.jirasoftwareactions.api.actions.ViewBacklogAction.run(ViewBacklogAction.kt:56) ~[virtual-users.jar:?]
	at com.atlassian.performance.tools.virtualusers.ExploratoryVirtualUser.runWithDiagnostics(ExploratoryVirtualUser.kt:79) ~[virtual-users.jar:?]
	... 9 more
Caused by: org.openqa.selenium.TimeoutException: Expected condition failed: waiting for presence of element located by: By.cssSelector: #ghx-backlog[data-rendered]:not(.browser-metrics-stale) (tried for 30 second(s) with 50 milliseconds interval)
	at org.openqa.selenium.support.ui.WebDriverWait.timeoutException(WebDriverWait.java:81) ~[virtual-users.jar:?]
	at org.openqa.selenium.support.ui.FluentWait.until(FluentWait.java:271) ~[virtual-users.jar:?]
	at com.atlassian.performance.tools.jiraactions.api.page.WebDriverUtils.wait(WebDriverExtension.kt:25) ~[virtual-users.jar:?]
	at com.atlassian.performance.tools.jiraactions.api.page.WebDriverUtils.wait$default(WebDriverExtension.kt:19) ~[virtual-users.jar:?]
	at com.atlassian.performance.tools.jirasoftwareactions.api.page.ViewBacklogPage.waitForBacklog(ViewBacklogPage.kt:12) ~[virtual-users.jar:?]
	at com.atlassian.performance.tools.jirasoftwareactions.api.actions.ViewBacklogAction$run$1.invoke(ViewBacklogAction.kt:60) ~[virtual-users.jar:?]
	at com.atlassian.performance.tools.jirasoftwareactions.api.actions.ViewBacklogAction$run$1.invoke(ViewBacklogAction.kt:15) ~[virtual-users.jar:?]
	at com.atlassian.performance.tools.jiraactions.api.measure.ActionMeter$measure$2.invoke(ActionMeter.kt:80) ~[virtual-users.jar:?]
	at com.atlassian.performance.tools.jiraactions.api.measure.ActionMeter$measure$2.invoke(ActionMeter.kt:25) ~[virtual-users.jar:?]
	at com.atlassian.performance.tools.jiraactions.api.measure.ActionMeter.record(ActionMeter.kt:102) ~[virtual-users.jar:?]
	at com.atlassian.performance.tools.jiraactions.api.measure.ActionMeter.measure(ActionMeter.kt:79) ~[virtual-users.jar:?]
	at com.atlassian.performance.tools.jirasoftwareactions.api.actions.ViewBacklogAction.run(ViewBacklogAction.kt:56) ~[virtual-users.jar:?]
	at com.atlassian.performance.tools.virtualusers.ExploratoryVirtualUser.runWithDiagnostics(ExploratoryVirtualUser.kt:79) ~[virtual-users.jar:?]
	... 9 more
Caused by: org.openqa.selenium.NoSuchElementException: Cannot locate an element using By.cssSelector: #ghx-backlog[data-rendered]:not(.browser-metrics-stale)
For documentation on this error, please visit: http://seleniumhq.org/exceptions/no_such_element.html
Build info: version: 'unknown', revision: 'unknown', time: 'unknown'
System info: host: 'ip-10-0-0-94', ip: '10.0.0.94', os.name: 'Linux', os.arch: 'amd64', os.version: '4.4.0-1067-aws', java.version: '1.8.0_212'
Driver info: driver.version: unknown
	at org.openqa.selenium.support.ui.ExpectedConditions.lambda$findElement$0(ExpectedConditions.java:896) ~[virtual-users.jar:?]
	at java.util.Optional.orElseThrow(Optional.java:290) ~[?:1.8.0_212]
	at org.openqa.selenium.support.ui.ExpectedConditions.findElement(ExpectedConditions.java:895) ~[virtual-users.jar:?]
	at org.openqa.selenium.support.ui.ExpectedConditions.access$000(ExpectedConditions.java:44) ~[virtual-users.jar:?]
	at org.openqa.selenium.support.ui.ExpectedConditions$6.apply(ExpectedConditions.java:183) ~[virtual-users.jar:?]
	at org.openqa.selenium.support.ui.ExpectedConditions$6.apply(ExpectedConditions.java:180) ~[virtual-users.jar:?]
	at org.openqa.selenium.support.ui.FluentWait.until(FluentWait.java:248) ~[virtual-users.jar:?]
	at com.atlassian.performance.tools.jiraactions.api.page.WebDriverUtils.wait(WebDriverExtension.kt:25) ~[virtual-users.jar:?]
	at com.atlassian.performance.tools.jiraactions.api.page.WebDriverUtils.wait$default(WebDriverExtension.kt:19) ~[virtual-users.jar:?]
	at com.atlassian.performance.tools.jirasoftwareactions.api.page.ViewBacklogPage.waitForBacklog(ViewBacklogPage.kt:12) ~[virtual-users.jar:?]
	at com.atlassian.performance.tools.jirasoftwareactions.api.actions.ViewBacklogAction$run$1.invoke(ViewBacklogAction.kt:60) ~[virtual-users.jar:?]
	at com.atlassian.performance.tools.jirasoftwareactions.api.actions.ViewBacklogAction$run$1.invoke(ViewBacklogAction.kt:15) ~[virtual-users.jar:?]
	at com.atlassian.performance.tools.jiraactions.api.measure.ActionMeter$measure$2.invoke(ActionMeter.kt:80) ~[virtual-users.jar:?]
	at com.atlassian.performance.tools.jiraactions.api.measure.ActionMeter$measure$2.invoke(ActionMeter.kt:25) ~[virtual-users.jar:?]
	at com.atlassian.performance.tools.jiraactions.api.measure.ActionMeter.record(ActionMeter.kt:102) ~[virtual-users.jar:?]
	at com.atlassian.performance.tools.jiraactions.api.measure.ActionMeter.measure(ActionMeter.kt:79) ~[virtual-users.jar:?]
	at com.atlassian.performance.tools.jirasoftwareactions.api.actions.ViewBacklogAction.run(ViewBacklogAction.kt:56) ~[virtual-users.jar:?]
	at com.atlassian.performance.tools.virtualusers.ExploratoryVirtualUser.runWithDiagnostics(ExploratoryVirtualUser.kt:79) ~[virtual-users.jar:?]
	... 9 more
2019-07-22T13:04:24,954Z DEBUG {} [applying load #2f041651-e303-45d8-b7aa-98a9ca12836f] [SeededRandom] Using seed 1563800664
2019-07-22T13:04:48,511Z DEBUG {} [applying load #2bf4d3bb-4b7a-42a0-a75e-f56d36155cdb] [SeededRandom] Using seed 1563800688
2019-07-22T13:04:57,135Z DEBUG {} [applying load #2bf4d3bb-4b7a-42a0-a75e-f56d36155cdb] [SeededRandom] Using seed 1563800697
2019-07-22T13:04:57,456Z DEBUG {} [applying load #8de76db5-c6a2-4389-9ca2-488c081fee1a] [SeededRandom] Using seed 1563800697
2019-07-22T13:05:04,852Z DEBUG {} [applying load #2bf4d3bb-4b7a-42a0-a75e-f56d36155cdb] [SeededRandom] Using seed 1563800704
2019-07-22T13:05:08,515Z DEBUG {} [applying load #2bf4d3bb-4b7a-42a0-a75e-f56d36155cdb] [SeededRandom] Using seed 1563800708
2019-07-22T13:05:11,867Z DEBUG {} [applying load #452d3e65-5a2a-48c2-aee0-92d8e22039ab] [SeededRandom] Using seed 1563800711
2019-07-22T13:05:19,232Z DEBUG {} [applying load #2bf4d3bb-4b7a-42a0-a75e-f56d36155cdb] [SeededRandom] Using seed 1563800719
2019-07-22T13:05:19,401Z DEBUG {} [applying load #452d3e65-5a2a-48c2-aee0-92d8e22039ab] [SeededRandom] Using seed 1563800719
2019-07-22T13:05:42,164Z DEBUG {} [applying load #4aa3a58b-223c-4fe4-a0ce-08b2b2357d85] [SeededRandom] Using seed 1563800742
2019-07-22T13:05:46,406Z DEBUG {} [applying load #a7c7913d-8861-41b8-b748-aba5d7086bb0] [SeededRandom] Using seed 1563800746
2019-07-22T13:06:01,648Z DEBUG {} [applying load #fe00efd9-bc75-476f-b6d3-626cceb2e214] [SeededRandom] Using seed 1563800761
2019-07-22T13:06:05,726Z DEBUG {} [applying load #452d3e65-5a2a-48c2-aee0-92d8e22039ab] [SeededRandom] Using seed 1563800765
2019-07-22T13:06:09,845Z DEBUG {} [applying load #fe00efd9-bc75-476f-b6d3-626cceb2e214] [SeededRandom] Using seed 1563800769
2019-07-22T13:06:20,177Z ERROR {} [applying load #2149cb1c-499c-4b71-ae97-86310a3e297f] [WebDriverDiagnostics] URL: http://jpt-fa46d-loadbala-ttkud6yeo83h-142878392.eu-west-1.elb.amazonaws.com/issues/?jql=text+%7E+%22a*%22+order+by+summary, HTML dumped at diagnoses/9b9bdd82-544b-4971-87f8-33e39d5592d2/dump.html, screenshot saved to diagnoses/9b9bdd82-544b-4971-87f8-33e39d5592d2/screenshot.png
java.lang.Exception: Action 'Search with JQL' ERROR
	at com.atlassian.performance.tools.jiraactions.api.measure.ActionMeter.record(ActionMeter.kt:132) ~[virtual-users.jar:?]
	at com.atlassian.performance.tools.jiraactions.api.measure.ActionMeter.measure(ActionMeter.kt:79) ~[virtual-users.jar:?]
	at com.atlassian.performance.tools.jiraactions.api.action.SearchJqlAction.run(SearchJqlAction.kt:21) ~[virtual-users.jar:?]
	at com.atlassian.performance.tools.virtualusers.ExploratoryVirtualUser.runWithDiagnostics(ExploratoryVirtualUser.kt:79) [virtual-users.jar:?]
	at com.atlassian.performance.tools.virtualusers.ExploratoryVirtualUser.applyLoad(ExploratoryVirtualUser.kt:56) [virtual-users.jar:?]
	at com.atlassian.performance.tools.virtualusers.LoadTest.applyLoad(LoadTest.kt:164) [virtual-users.jar:?]
	at com.atlassian.performance.tools.virtualusers.LoadTest.access$applyLoad(LoadTest.kt:36) [virtual-users.jar:?]
	at com.atlassian.performance.tools.virtualusers.LoadTest$applyLoad$$inlined$forEach$lambda$1.run(LoadTest.kt:111) [virtual-users.jar:?]
	at java.util.concurrent.Executors$RunnableAdapter.call(Executors.java:511) [?:1.8.0_212]
	at java.util.concurrent.FutureTask.run(FutureTask.java:266) [?:1.8.0_212]
	at java.util.concurrent.ThreadPoolExecutor.runWorker(ThreadPoolExecutor.java:1149) [?:1.8.0_212]
	at java.util.concurrent.ThreadPoolExecutor$Worker.run(ThreadPoolExecutor.java:624) [?:1.8.0_212]
	at java.lang.Thread.run(Thread.java:748) [?:1.8.0_212]
Caused by: org.openqa.selenium.TimeoutException: Expected condition failed: waiting for at least one condition to be valid: all conditions to be valid: at least one condition to be valid: presence of element located by: By.cssSelector: ol.issue-list || presence of element located by: By.id: issuetable || presence of element located by: By.id: issue-content && presence of element located by: By.id: key-val && presence of element located by: By.className: issue-body-content || presence of element located by: By.className: no-results-hint || at least one condition to be valid: presence of element located by: By.cssSelector: section div.aui-message.error || presence of element located by: By.id: errorPageContainer || presence of element located by: By.cssSelector: div.form-body div.error (tried for 30 second(s) with 50 milliseconds interval)
	at org.openqa.selenium.support.ui.WebDriverWait.timeoutException(WebDriverWait.java:81) ~[virtual-users.jar:?]
	at org.openqa.selenium.support.ui.FluentWait.until(FluentWait.java:271) ~[virtual-users.jar:?]
	at com.atlassian.performance.tools.jiraactions.api.page.WebDriverUtils.wait(WebDriverExtension.kt:25) ~[virtual-users.jar:?]
	at com.atlassian.performance.tools.jiraactions.api.page.WebDriverUtils.wait$default(WebDriverExtension.kt:19) ~[virtual-users.jar:?]
	at com.atlassian.performance.tools.jiraactions.api.page.IssueNavigatorPage.waitForIssueNavigator(IssueNavigatorPage.kt:19) ~[virtual-users.jar:?]
	at com.atlassian.performance.tools.jiraactions.api.action.SearchJqlAction$run$issueNavigatorPage$1.invoke(SearchJqlAction.kt:23) ~[virtual-users.jar:?]
	at com.atlassian.performance.tools.jiraactions.api.action.SearchJqlAction$run$issueNavigatorPage$1.invoke(SearchJqlAction.kt:12) ~[virtual-users.jar:?]
	at com.atlassian.performance.tools.jiraactions.api.measure.ActionMeter$measure$2.invoke(ActionMeter.kt:80) ~[virtual-users.jar:?]
	at com.atlassian.performance.tools.jiraactions.api.measure.ActionMeter$measure$2.invoke(ActionMeter.kt:25) ~[virtual-users.jar:?]
	at com.atlassian.performance.tools.jiraactions.api.measure.ActionMeter.record(ActionMeter.kt:102) ~[virtual-users.jar:?]
	... 12 more
Caused by: org.openqa.selenium.NoSuchElementException: Cannot locate an element using By.cssSelector: div.form-body div.error
For documentation on this error, please visit: http://seleniumhq.org/exceptions/no_such_element.html
Build info: version: 'unknown', revision: 'unknown', time: 'unknown'
System info: host: 'ip-10-0-0-94', ip: '10.0.0.94', os.name: 'Linux', os.arch: 'amd64', os.version: '4.4.0-1067-aws', java.version: '1.8.0_212'
Driver info: driver.version: unknown
	at org.openqa.selenium.support.ui.ExpectedConditions.lambda$findElement$0(ExpectedConditions.java:896) ~[virtual-users.jar:?]
	at java.util.Optional.orElseThrow(Optional.java:290) ~[?:1.8.0_212]
	at org.openqa.selenium.support.ui.ExpectedConditions.findElement(ExpectedConditions.java:895) ~[virtual-users.jar:?]
	at org.openqa.selenium.support.ui.ExpectedConditions.access$000(ExpectedConditions.java:44) ~[virtual-users.jar:?]
	at org.openqa.selenium.support.ui.ExpectedConditions$6.apply(ExpectedConditions.java:183) ~[virtual-users.jar:?]
	at org.openqa.selenium.support.ui.ExpectedConditions$6.apply(ExpectedConditions.java:180) ~[virtual-users.jar:?]
	at org.openqa.selenium.support.ui.ExpectedConditions$47.apply(ExpectedConditions.java:1427) ~[virtual-users.jar:?]
	at org.openqa.selenium.support.ui.ExpectedConditions$47.apply(ExpectedConditions.java:1421) ~[virtual-users.jar:?]
	at org.openqa.selenium.support.ui.ExpectedConditions$47.apply(ExpectedConditions.java:1427) ~[virtual-users.jar:?]
	at org.openqa.selenium.support.ui.ExpectedConditions$47.apply(ExpectedConditions.java:1421) ~[virtual-users.jar:?]
	at org.openqa.selenium.support.ui.FluentWait.until(FluentWait.java:248) ~[virtual-users.jar:?]
	at com.atlassian.performance.tools.jiraactions.api.page.WebDriverUtils.wait(WebDriverExtension.kt:25) ~[virtual-users.jar:?]
	at com.atlassian.performance.tools.jiraactions.api.page.WebDriverUtils.wait$default(WebDriverExtension.kt:19) ~[virtual-users.jar:?]
	at com.atlassian.performance.tools.jiraactions.api.page.IssueNavigatorPage.waitForIssueNavigator(IssueNavigatorPage.kt:19) ~[virtual-users.jar:?]
	at com.atlassian.performance.tools.jiraactions.api.action.SearchJqlAction$run$issueNavigatorPage$1.invoke(SearchJqlAction.kt:23) ~[virtual-users.jar:?]
	at com.atlassian.performance.tools.jiraactions.api.action.SearchJqlAction$run$issueNavigatorPage$1.invoke(SearchJqlAction.kt:12) ~[virtual-users.jar:?]
	at com.atlassian.performance.tools.jiraactions.api.measure.ActionMeter$measure$2.invoke(ActionMeter.kt:80) ~[virtual-users.jar:?]
	at com.atlassian.performance.tools.jiraactions.api.measure.ActionMeter$measure$2.invoke(ActionMeter.kt:25) ~[virtual-users.jar:?]
	at com.atlassian.performance.tools.jiraactions.api.measure.ActionMeter.record(ActionMeter.kt:102) ~[virtual-users.jar:?]
	... 12 more
2019-07-22T13:06:20,178Z ERROR {} [applying load #2149cb1c-499c-4b71-ae97-86310a3e297f] [ExploratoryVirtualUser] Failed to run com.atlassian.performance.tools.jiraactions.api.action.SearchJqlAction@42fe3a02, but we keep running
java.lang.Exception: Failed to run com.atlassian.performance.tools.jiraactions.api.action.SearchJqlAction@42fe3a02
	at com.atlassian.performance.tools.virtualusers.ExploratoryVirtualUser.runWithDiagnostics(ExploratoryVirtualUser.kt:82) ~[virtual-users.jar:?]
	at com.atlassian.performance.tools.virtualusers.ExploratoryVirtualUser.applyLoad(ExploratoryVirtualUser.kt:56) [virtual-users.jar:?]
	at com.atlassian.performance.tools.virtualusers.LoadTest.applyLoad(LoadTest.kt:164) [virtual-users.jar:?]
	at com.atlassian.performance.tools.virtualusers.LoadTest.access$applyLoad(LoadTest.kt:36) [virtual-users.jar:?]
	at com.atlassian.performance.tools.virtualusers.LoadTest$applyLoad$$inlined$forEach$lambda$1.run(LoadTest.kt:111) [virtual-users.jar:?]
	at java.util.concurrent.Executors$RunnableAdapter.call(Executors.java:511) [?:1.8.0_212]
	at java.util.concurrent.FutureTask.run(FutureTask.java:266) [?:1.8.0_212]
	at java.util.concurrent.ThreadPoolExecutor.runWorker(ThreadPoolExecutor.java:1149) [?:1.8.0_212]
	at java.util.concurrent.ThreadPoolExecutor$Worker.run(ThreadPoolExecutor.java:624) [?:1.8.0_212]
	at java.lang.Thread.run(Thread.java:748) [?:1.8.0_212]
Caused by: java.lang.Exception: Action 'Search with JQL' ERROR
	at com.atlassian.performance.tools.jiraactions.api.measure.ActionMeter.record(ActionMeter.kt:132) ~[virtual-users.jar:?]
	at com.atlassian.performance.tools.jiraactions.api.measure.ActionMeter.measure(ActionMeter.kt:79) ~[virtual-users.jar:?]
	at com.atlassian.performance.tools.jiraactions.api.action.SearchJqlAction.run(SearchJqlAction.kt:21) ~[virtual-users.jar:?]
	at com.atlassian.performance.tools.virtualusers.ExploratoryVirtualUser.runWithDiagnostics(ExploratoryVirtualUser.kt:79) ~[virtual-users.jar:?]
	... 9 more
Caused by: org.openqa.selenium.TimeoutException: Expected condition failed: waiting for at least one condition to be valid: all conditions to be valid: at least one condition to be valid: presence of element located by: By.cssSelector: ol.issue-list || presence of element located by: By.id: issuetable || presence of element located by: By.id: issue-content && presence of element located by: By.id: key-val && presence of element located by: By.className: issue-body-content || presence of element located by: By.className: no-results-hint || at least one condition to be valid: presence of element located by: By.cssSelector: section div.aui-message.error || presence of element located by: By.id: errorPageContainer || presence of element located by: By.cssSelector: div.form-body div.error (tried for 30 second(s) with 50 milliseconds interval)
	at org.openqa.selenium.support.ui.WebDriverWait.timeoutException(WebDriverWait.java:81) ~[virtual-users.jar:?]
	at org.openqa.selenium.support.ui.FluentWait.until(FluentWait.java:271) ~[virtual-users.jar:?]
	at com.atlassian.performance.tools.jiraactions.api.page.WebDriverUtils.wait(WebDriverExtension.kt:25) ~[virtual-users.jar:?]
	at com.atlassian.performance.tools.jiraactions.api.page.WebDriverUtils.wait$default(WebDriverExtension.kt:19) ~[virtual-users.jar:?]
	at com.atlassian.performance.tools.jiraactions.api.page.IssueNavigatorPage.waitForIssueNavigator(IssueNavigatorPage.kt:19) ~[virtual-users.jar:?]
	at com.atlassian.performance.tools.jiraactions.api.action.SearchJqlAction$run$issueNavigatorPage$1.invoke(SearchJqlAction.kt:23) ~[virtual-users.jar:?]
	at com.atlassian.performance.tools.jiraactions.api.action.SearchJqlAction$run$issueNavigatorPage$1.invoke(SearchJqlAction.kt:12) ~[virtual-users.jar:?]
	at com.atlassian.performance.tools.jiraactions.api.measure.ActionMeter$measure$2.invoke(ActionMeter.kt:80) ~[virtual-users.jar:?]
	at com.atlassian.performance.tools.jiraactions.api.measure.ActionMeter$measure$2.invoke(ActionMeter.kt:25) ~[virtual-users.jar:?]
	at com.atlassian.performance.tools.jiraactions.api.measure.ActionMeter.record(ActionMeter.kt:102) ~[virtual-users.jar:?]
	at com.atlassian.performance.tools.jiraactions.api.measure.ActionMeter.measure(ActionMeter.kt:79) ~[virtual-users.jar:?]
	at com.atlassian.performance.tools.jiraactions.api.action.SearchJqlAction.run(SearchJqlAction.kt:21) ~[virtual-users.jar:?]
	at com.atlassian.performance.tools.virtualusers.ExploratoryVirtualUser.runWithDiagnostics(ExploratoryVirtualUser.kt:79) ~[virtual-users.jar:?]
	... 9 more
Caused by: org.openqa.selenium.NoSuchElementException: Cannot locate an element using By.cssSelector: div.form-body div.error
For documentation on this error, please visit: http://seleniumhq.org/exceptions/no_such_element.html
Build info: version: 'unknown', revision: 'unknown', time: 'unknown'
System info: host: 'ip-10-0-0-94', ip: '10.0.0.94', os.name: 'Linux', os.arch: 'amd64', os.version: '4.4.0-1067-aws', java.version: '1.8.0_212'
Driver info: driver.version: unknown
	at org.openqa.selenium.support.ui.ExpectedConditions.lambda$findElement$0(ExpectedConditions.java:896) ~[virtual-users.jar:?]
	at java.util.Optional.orElseThrow(Optional.java:290) ~[?:1.8.0_212]
	at org.openqa.selenium.support.ui.ExpectedConditions.findElement(ExpectedConditions.java:895) ~[virtual-users.jar:?]
	at org.openqa.selenium.support.ui.ExpectedConditions.access$000(ExpectedConditions.java:44) ~[virtual-users.jar:?]
	at org.openqa.selenium.support.ui.ExpectedConditions$6.apply(ExpectedConditions.java:183) ~[virtual-users.jar:?]
	at org.openqa.selenium.support.ui.ExpectedConditions$6.apply(ExpectedConditions.java:180) ~[virtual-users.jar:?]
	at org.openqa.selenium.support.ui.ExpectedConditions$47.apply(ExpectedConditions.java:1427) ~[virtual-users.jar:?]
	at org.openqa.selenium.support.ui.ExpectedConditions$47.apply(ExpectedConditions.java:1421) ~[virtual-users.jar:?]
	at org.openqa.selenium.support.ui.ExpectedConditions$47.apply(ExpectedConditions.java:1427) ~[virtual-users.jar:?]
	at org.openqa.selenium.support.ui.ExpectedConditions$47.apply(ExpectedConditions.java:1421) ~[virtual-users.jar:?]
	at org.openqa.selenium.support.ui.FluentWait.until(FluentWait.java:248) ~[virtual-users.jar:?]
	at com.atlassian.performance.tools.jiraactions.api.page.WebDriverUtils.wait(WebDriverExtension.kt:25) ~[virtual-users.jar:?]
	at com.atlassian.performance.tools.jiraactions.api.page.WebDriverUtils.wait$default(WebDriverExtension.kt:19) ~[virtual-users.jar:?]
	at com.atlassian.performance.tools.jiraactions.api.page.IssueNavigatorPage.waitForIssueNavigator(IssueNavigatorPage.kt:19) ~[virtual-users.jar:?]
	at com.atlassian.performance.tools.jiraactions.api.action.SearchJqlAction$run$issueNavigatorPage$1.invoke(SearchJqlAction.kt:23) ~[virtual-users.jar:?]
	at com.atlassian.performance.tools.jiraactions.api.action.SearchJqlAction$run$issueNavigatorPage$1.invoke(SearchJqlAction.kt:12) ~[virtual-users.jar:?]
	at com.atlassian.performance.tools.jiraactions.api.measure.ActionMeter$measure$2.invoke(ActionMeter.kt:80) ~[virtual-users.jar:?]
	at com.atlassian.performance.tools.jiraactions.api.measure.ActionMeter$measure$2.invoke(ActionMeter.kt:25) ~[virtual-users.jar:?]
	at com.atlassian.performance.tools.jiraactions.api.measure.ActionMeter.record(ActionMeter.kt:102) ~[virtual-users.jar:?]
	at com.atlassian.performance.tools.jiraactions.api.measure.ActionMeter.measure(ActionMeter.kt:79) ~[virtual-users.jar:?]
	at com.atlassian.performance.tools.jiraactions.api.action.SearchJqlAction.run(SearchJqlAction.kt:21) ~[virtual-users.jar:?]
	at com.atlassian.performance.tools.virtualusers.ExploratoryVirtualUser.runWithDiagnostics(ExploratoryVirtualUser.kt:79) ~[virtual-users.jar:?]
	... 9 more
2019-07-22T13:06:29,258Z DEBUG {} [applying load #4aa3a58b-223c-4fe4-a0ce-08b2b2357d85] [SeededRandom] Using seed 1563800789
2019-07-22T13:06:29,853Z DEBUG {} [applying load #fe00efd9-bc75-476f-b6d3-626cceb2e214] [SeededRandom] Using seed 1563800789
2019-07-22T13:06:49,406Z DEBUG {} [applying load #452d3e65-5a2a-48c2-aee0-92d8e22039ab] [SeededRandom] Using seed 1563800809
2019-07-22T13:06:50,703Z DEBUG {} [applying load #8de76db5-c6a2-4389-9ca2-488c081fee1a] [SeededRandom] Using seed 1563800810
2019-07-22T13:06:53,874Z DEBUG {} [applying load #fe00efd9-bc75-476f-b6d3-626cceb2e214] [SeededRandom] Using seed 1563800813
2019-07-22T13:07:00,652Z DEBUG {} [applying load #8de76db5-c6a2-4389-9ca2-488c081fee1a] [SeededRandom] Using seed 1563800820
2019-07-22T13:07:10,459Z DEBUG {} [applying load #2f041651-e303-45d8-b7aa-98a9ca12836f] [SeededRandom] Using seed 1563800830
2019-07-22T13:07:18,092Z DEBUG {} [applying load #2f041651-e303-45d8-b7aa-98a9ca12836f] [SeededRandom] Using seed 1563800838
2019-07-22T13:07:27,395Z DEBUG {} [applying load #4aa3a58b-223c-4fe4-a0ce-08b2b2357d85] [SeededRandom] Using seed 1563800847
2019-07-22T13:07:33,065Z DEBUG {} [applying load #2149cb1c-499c-4b71-ae97-86310a3e297f] [SeededRandom] Using seed 1563800853
2019-07-22T13:07:33,449Z DEBUG {} [applying load #4aa3a58b-223c-4fe4-a0ce-08b2b2357d85] [SeededRandom] Using seed 1563800853
2019-07-22T13:07:45,459Z DEBUG {} [applying load #2f041651-e303-45d8-b7aa-98a9ca12836f] [SeededRandom] Using seed 1563800865
2019-07-22T13:07:45,867Z DEBUG {} [applying load #2149cb1c-499c-4b71-ae97-86310a3e297f] [SeededRandom] Using seed 1563800865
2019-07-22T13:07:52,257Z DEBUG {} [applying load #2149cb1c-499c-4b71-ae97-86310a3e297f] [SeededRandom] Using seed 1563800872
2019-07-22T13:07:55,997Z DEBUG {} [applying load #2149cb1c-499c-4b71-ae97-86310a3e297f] [SeededRandom] Using seed 1563800875
2019-07-22T13:07:59,696Z DEBUG {} [applying load #2149cb1c-499c-4b71-ae97-86310a3e297f] [SeededRandom] Using seed 1563800879
2019-07-22T13:08:06,224Z DEBUG {} [applying load #8de76db5-c6a2-4389-9ca2-488c081fee1a] [SeededRandom] Using seed 1563800886
2019-07-22T13:08:07,727Z DEBUG {} [applying load #2bf4d3bb-4b7a-42a0-a75e-f56d36155cdb] [SeededRandom] Using seed 1563800887
2019-07-22T13:08:10,721Z DEBUG {} [applying load #4aa3a58b-223c-4fe4-a0ce-08b2b2357d85] [SeededRandom] Using seed 1563800890
2019-07-22T13:08:11,173Z DEBUG {} [applying load #8de76db5-c6a2-4389-9ca2-488c081fee1a] [SeededRandom] Using seed 1563800891
2019-07-22T13:08:25,956Z DEBUG {} [applying load #2149cb1c-499c-4b71-ae97-86310a3e297f] [SeededRandom] Using seed 1563800905
2019-07-22T13:08:28,329Z ERROR {} [applying load #dbb39fdf-19e7-4afc-b5fc-d8c9e70ecf50] [WebDriverDiagnostics] URL: http://jpt-fa46d-loadbala-ttkud6yeo83h-142878392.eu-west-1.elb.amazonaws.com/secure/RapidBoard.jspa?rapidView=631&view=planning, HTML dumped at diagnoses/940713ad-88c2-4205-a6bc-23fc2c9fb455/dump.html, screenshot saved to diagnoses/940713ad-88c2-4205-a6bc-23fc2c9fb455/screenshot.png
java.lang.Exception: Action 'View Backlog' ERROR
	at com.atlassian.performance.tools.jiraactions.api.measure.ActionMeter.record(ActionMeter.kt:132) ~[virtual-users.jar:?]
	at com.atlassian.performance.tools.jiraactions.api.measure.ActionMeter.measure(ActionMeter.kt:79) ~[virtual-users.jar:?]
	at com.atlassian.performance.tools.jirasoftwareactions.api.actions.ViewBacklogAction.run(ViewBacklogAction.kt:56) ~[virtual-users.jar:?]
	at com.atlassian.performance.tools.virtualusers.ExploratoryVirtualUser.runWithDiagnostics(ExploratoryVirtualUser.kt:79) [virtual-users.jar:?]
	at com.atlassian.performance.tools.virtualusers.ExploratoryVirtualUser.applyLoad(ExploratoryVirtualUser.kt:56) [virtual-users.jar:?]
	at com.atlassian.performance.tools.virtualusers.LoadTest.applyLoad(LoadTest.kt:164) [virtual-users.jar:?]
	at com.atlassian.performance.tools.virtualusers.LoadTest.access$applyLoad(LoadTest.kt:36) [virtual-users.jar:?]
	at com.atlassian.performance.tools.virtualusers.LoadTest$applyLoad$$inlined$forEach$lambda$1.run(LoadTest.kt:111) [virtual-users.jar:?]
	at java.util.concurrent.Executors$RunnableAdapter.call(Executors.java:511) [?:1.8.0_212]
	at java.util.concurrent.FutureTask.run(FutureTask.java:266) [?:1.8.0_212]
	at java.util.concurrent.ThreadPoolExecutor.runWorker(ThreadPoolExecutor.java:1149) [?:1.8.0_212]
	at java.util.concurrent.ThreadPoolExecutor$Worker.run(ThreadPoolExecutor.java:624) [?:1.8.0_212]
	at java.lang.Thread.run(Thread.java:748) [?:1.8.0_212]
Caused by: org.openqa.selenium.TimeoutException: Expected condition failed: waiting for presence of element located by: By.cssSelector: #ghx-backlog[data-rendered]:not(.browser-metrics-stale) (tried for 30 second(s) with 50 milliseconds interval)
	at org.openqa.selenium.support.ui.WebDriverWait.timeoutException(WebDriverWait.java:81) ~[virtual-users.jar:?]
	at org.openqa.selenium.support.ui.FluentWait.until(FluentWait.java:271) ~[virtual-users.jar:?]
	at com.atlassian.performance.tools.jiraactions.api.page.WebDriverUtils.wait(WebDriverExtension.kt:25) ~[virtual-users.jar:?]
	at com.atlassian.performance.tools.jiraactions.api.page.WebDriverUtils.wait$default(WebDriverExtension.kt:19) ~[virtual-users.jar:?]
	at com.atlassian.performance.tools.jirasoftwareactions.api.page.ViewBacklogPage.waitForBacklog(ViewBacklogPage.kt:12) ~[virtual-users.jar:?]
	at com.atlassian.performance.tools.jirasoftwareactions.api.actions.ViewBacklogAction$run$1.invoke(ViewBacklogAction.kt:60) ~[virtual-users.jar:?]
	at com.atlassian.performance.tools.jirasoftwareactions.api.actions.ViewBacklogAction$run$1.invoke(ViewBacklogAction.kt:15) ~[virtual-users.jar:?]
	at com.atlassian.performance.tools.jiraactions.api.measure.ActionMeter$measure$2.invoke(ActionMeter.kt:80) ~[virtual-users.jar:?]
	at com.atlassian.performance.tools.jiraactions.api.measure.ActionMeter$measure$2.invoke(ActionMeter.kt:25) ~[virtual-users.jar:?]
	at com.atlassian.performance.tools.jiraactions.api.measure.ActionMeter.record(ActionMeter.kt:102) ~[virtual-users.jar:?]
	... 12 more
Caused by: org.openqa.selenium.NoSuchElementException: Cannot locate an element using By.cssSelector: #ghx-backlog[data-rendered]:not(.browser-metrics-stale)
For documentation on this error, please visit: http://seleniumhq.org/exceptions/no_such_element.html
Build info: version: 'unknown', revision: 'unknown', time: 'unknown'
System info: host: 'ip-10-0-0-94', ip: '10.0.0.94', os.name: 'Linux', os.arch: 'amd64', os.version: '4.4.0-1067-aws', java.version: '1.8.0_212'
Driver info: driver.version: unknown
	at org.openqa.selenium.support.ui.ExpectedConditions.lambda$findElement$0(ExpectedConditions.java:896) ~[virtual-users.jar:?]
	at java.util.Optional.orElseThrow(Optional.java:290) ~[?:1.8.0_212]
	at org.openqa.selenium.support.ui.ExpectedConditions.findElement(ExpectedConditions.java:895) ~[virtual-users.jar:?]
	at org.openqa.selenium.support.ui.ExpectedConditions.access$000(ExpectedConditions.java:44) ~[virtual-users.jar:?]
	at org.openqa.selenium.support.ui.ExpectedConditions$6.apply(ExpectedConditions.java:183) ~[virtual-users.jar:?]
	at org.openqa.selenium.support.ui.ExpectedConditions$6.apply(ExpectedConditions.java:180) ~[virtual-users.jar:?]
	at org.openqa.selenium.support.ui.FluentWait.until(FluentWait.java:248) ~[virtual-users.jar:?]
	at com.atlassian.performance.tools.jiraactions.api.page.WebDriverUtils.wait(WebDriverExtension.kt:25) ~[virtual-users.jar:?]
	at com.atlassian.performance.tools.jiraactions.api.page.WebDriverUtils.wait$default(WebDriverExtension.kt:19) ~[virtual-users.jar:?]
	at com.atlassian.performance.tools.jirasoftwareactions.api.page.ViewBacklogPage.waitForBacklog(ViewBacklogPage.kt:12) ~[virtual-users.jar:?]
	at com.atlassian.performance.tools.jirasoftwareactions.api.actions.ViewBacklogAction$run$1.invoke(ViewBacklogAction.kt:60) ~[virtual-users.jar:?]
	at com.atlassian.performance.tools.jirasoftwareactions.api.actions.ViewBacklogAction$run$1.invoke(ViewBacklogAction.kt:15) ~[virtual-users.jar:?]
	at com.atlassian.performance.tools.jiraactions.api.measure.ActionMeter$measure$2.invoke(ActionMeter.kt:80) ~[virtual-users.jar:?]
	at com.atlassian.performance.tools.jiraactions.api.measure.ActionMeter$measure$2.invoke(ActionMeter.kt:25) ~[virtual-users.jar:?]
	at com.atlassian.performance.tools.jiraactions.api.measure.ActionMeter.record(ActionMeter.kt:102) ~[virtual-users.jar:?]
	... 12 more
2019-07-22T13:08:28,330Z INFO  {} [applying load #dbb39fdf-19e7-4afc-b5fc-d8c9e70ecf50] [DiagnosisPatience] Lost patience after waiting PT36.423S for diagnosis, no more diagnoses will be made
2019-07-22T13:08:28,330Z ERROR {} [applying load #dbb39fdf-19e7-4afc-b5fc-d8c9e70ecf50] [ExploratoryVirtualUser] Failed to run com.atlassian.performance.tools.jirasoftwareactions.api.actions.ViewBacklogAction@638a02a6, but we keep running
java.lang.Exception: Failed to run com.atlassian.performance.tools.jirasoftwareactions.api.actions.ViewBacklogAction@638a02a6
	at com.atlassian.performance.tools.virtualusers.ExploratoryVirtualUser.runWithDiagnostics(ExploratoryVirtualUser.kt:82) ~[virtual-users.jar:?]
	at com.atlassian.performance.tools.virtualusers.ExploratoryVirtualUser.applyLoad(ExploratoryVirtualUser.kt:56) [virtual-users.jar:?]
	at com.atlassian.performance.tools.virtualusers.LoadTest.applyLoad(LoadTest.kt:164) [virtual-users.jar:?]
	at com.atlassian.performance.tools.virtualusers.LoadTest.access$applyLoad(LoadTest.kt:36) [virtual-users.jar:?]
	at com.atlassian.performance.tools.virtualusers.LoadTest$applyLoad$$inlined$forEach$lambda$1.run(LoadTest.kt:111) [virtual-users.jar:?]
	at java.util.concurrent.Executors$RunnableAdapter.call(Executors.java:511) [?:1.8.0_212]
	at java.util.concurrent.FutureTask.run(FutureTask.java:266) [?:1.8.0_212]
	at java.util.concurrent.ThreadPoolExecutor.runWorker(ThreadPoolExecutor.java:1149) [?:1.8.0_212]
	at java.util.concurrent.ThreadPoolExecutor$Worker.run(ThreadPoolExecutor.java:624) [?:1.8.0_212]
	at java.lang.Thread.run(Thread.java:748) [?:1.8.0_212]
Caused by: java.lang.Exception: Action 'View Backlog' ERROR
	at com.atlassian.performance.tools.jiraactions.api.measure.ActionMeter.record(ActionMeter.kt:132) ~[virtual-users.jar:?]
	at com.atlassian.performance.tools.jiraactions.api.measure.ActionMeter.measure(ActionMeter.kt:79) ~[virtual-users.jar:?]
	at com.atlassian.performance.tools.jirasoftwareactions.api.actions.ViewBacklogAction.run(ViewBacklogAction.kt:56) ~[virtual-users.jar:?]
	at com.atlassian.performance.tools.virtualusers.ExploratoryVirtualUser.runWithDiagnostics(ExploratoryVirtualUser.kt:79) ~[virtual-users.jar:?]
	... 9 more
Caused by: org.openqa.selenium.TimeoutException: Expected condition failed: waiting for presence of element located by: By.cssSelector: #ghx-backlog[data-rendered]:not(.browser-metrics-stale) (tried for 30 second(s) with 50 milliseconds interval)
	at org.openqa.selenium.support.ui.WebDriverWait.timeoutException(WebDriverWait.java:81) ~[virtual-users.jar:?]
	at org.openqa.selenium.support.ui.FluentWait.until(FluentWait.java:271) ~[virtual-users.jar:?]
	at com.atlassian.performance.tools.jiraactions.api.page.WebDriverUtils.wait(WebDriverExtension.kt:25) ~[virtual-users.jar:?]
	at com.atlassian.performance.tools.jiraactions.api.page.WebDriverUtils.wait$default(WebDriverExtension.kt:19) ~[virtual-users.jar:?]
	at com.atlassian.performance.tools.jirasoftwareactions.api.page.ViewBacklogPage.waitForBacklog(ViewBacklogPage.kt:12) ~[virtual-users.jar:?]
	at com.atlassian.performance.tools.jirasoftwareactions.api.actions.ViewBacklogAction$run$1.invoke(ViewBacklogAction.kt:60) ~[virtual-users.jar:?]
	at com.atlassian.performance.tools.jirasoftwareactions.api.actions.ViewBacklogAction$run$1.invoke(ViewBacklogAction.kt:15) ~[virtual-users.jar:?]
	at com.atlassian.performance.tools.jiraactions.api.measure.ActionMeter$measure$2.invoke(ActionMeter.kt:80) ~[virtual-users.jar:?]
	at com.atlassian.performance.tools.jiraactions.api.measure.ActionMeter$measure$2.invoke(ActionMeter.kt:25) ~[virtual-users.jar:?]
	at com.atlassian.performance.tools.jiraactions.api.measure.ActionMeter.record(ActionMeter.kt:102) ~[virtual-users.jar:?]
	at com.atlassian.performance.tools.jiraactions.api.measure.ActionMeter.measure(ActionMeter.kt:79) ~[virtual-users.jar:?]
	at com.atlassian.performance.tools.jirasoftwareactions.api.actions.ViewBacklogAction.run(ViewBacklogAction.kt:56) ~[virtual-users.jar:?]
	at com.atlassian.performance.tools.virtualusers.ExploratoryVirtualUser.runWithDiagnostics(ExploratoryVirtualUser.kt:79) ~[virtual-users.jar:?]
	... 9 more
Caused by: org.openqa.selenium.NoSuchElementException: Cannot locate an element using By.cssSelector: #ghx-backlog[data-rendered]:not(.browser-metrics-stale)
For documentation on this error, please visit: http://seleniumhq.org/exceptions/no_such_element.html
Build info: version: 'unknown', revision: 'unknown', time: 'unknown'
System info: host: 'ip-10-0-0-94', ip: '10.0.0.94', os.name: 'Linux', os.arch: 'amd64', os.version: '4.4.0-1067-aws', java.version: '1.8.0_212'
Driver info: driver.version: unknown
	at org.openqa.selenium.support.ui.ExpectedConditions.lambda$findElement$0(ExpectedConditions.java:896) ~[virtual-users.jar:?]
	at java.util.Optional.orElseThrow(Optional.java:290) ~[?:1.8.0_212]
	at org.openqa.selenium.support.ui.ExpectedConditions.findElement(ExpectedConditions.java:895) ~[virtual-users.jar:?]
	at org.openqa.selenium.support.ui.ExpectedConditions.access$000(ExpectedConditions.java:44) ~[virtual-users.jar:?]
	at org.openqa.selenium.support.ui.ExpectedConditions$6.apply(ExpectedConditions.java:183) ~[virtual-users.jar:?]
	at org.openqa.selenium.support.ui.ExpectedConditions$6.apply(ExpectedConditions.java:180) ~[virtual-users.jar:?]
	at org.openqa.selenium.support.ui.FluentWait.until(FluentWait.java:248) ~[virtual-users.jar:?]
	at com.atlassian.performance.tools.jiraactions.api.page.WebDriverUtils.wait(WebDriverExtension.kt:25) ~[virtual-users.jar:?]
	at com.atlassian.performance.tools.jiraactions.api.page.WebDriverUtils.wait$default(WebDriverExtension.kt:19) ~[virtual-users.jar:?]
	at com.atlassian.performance.tools.jirasoftwareactions.api.page.ViewBacklogPage.waitForBacklog(ViewBacklogPage.kt:12) ~[virtual-users.jar:?]
	at com.atlassian.performance.tools.jirasoftwareactions.api.actions.ViewBacklogAction$run$1.invoke(ViewBacklogAction.kt:60) ~[virtual-users.jar:?]
	at com.atlassian.performance.tools.jirasoftwareactions.api.actions.ViewBacklogAction$run$1.invoke(ViewBacklogAction.kt:15) ~[virtual-users.jar:?]
	at com.atlassian.performance.tools.jiraactions.api.measure.ActionMeter$measure$2.invoke(ActionMeter.kt:80) ~[virtual-users.jar:?]
	at com.atlassian.performance.tools.jiraactions.api.measure.ActionMeter$measure$2.invoke(ActionMeter.kt:25) ~[virtual-users.jar:?]
	at com.atlassian.performance.tools.jiraactions.api.measure.ActionMeter.record(ActionMeter.kt:102) ~[virtual-users.jar:?]
	at com.atlassian.performance.tools.jiraactions.api.measure.ActionMeter.measure(ActionMeter.kt:79) ~[virtual-users.jar:?]
	at com.atlassian.performance.tools.jirasoftwareactions.api.actions.ViewBacklogAction.run(ViewBacklogAction.kt:56) ~[virtual-users.jar:?]
	at com.atlassian.performance.tools.virtualusers.ExploratoryVirtualUser.runWithDiagnostics(ExploratoryVirtualUser.kt:79) ~[virtual-users.jar:?]
	... 9 more
2019-07-22T13:08:34,145Z DEBUG {} [applying load #8de76db5-c6a2-4389-9ca2-488c081fee1a] [SeededRandom] Using seed 1563800914
2019-07-22T13:08:48,564Z DEBUG {} [applying load #8de76db5-c6a2-4389-9ca2-488c081fee1a] [SeededRandom] Using seed 1563800928
2019-07-22T13:08:52,640Z DEBUG {} [applying load #a7c7913d-8861-41b8-b748-aba5d7086bb0] [SeededRandom] Using seed 1563800932
2019-07-22T13:08:59,745Z DEBUG {} [applying load #2bf4d3bb-4b7a-42a0-a75e-f56d36155cdb] [SeededRandom] Using seed 1563800939
2019-07-22T13:09:00,047Z DEBUG {} [applying load #a7c7913d-8861-41b8-b748-aba5d7086bb0] [SeededRandom] Using seed 1563800940
2019-07-22T13:09:05,190Z DEBUG {} [applying load #2149cb1c-499c-4b71-ae97-86310a3e297f] [SeededRandom] Using seed 1563800945
2019-07-22T13:09:07,201Z DEBUG {} [applying load #a7c7913d-8861-41b8-b748-aba5d7086bb0] [SeededRandom] Using seed 1563800947
2019-07-22T13:09:07,748Z DEBUG {} [applying load #452d3e65-5a2a-48c2-aee0-92d8e22039ab] [SeededRandom] Using seed 1563800947
2019-07-22T13:09:07,832Z DEBUG {} [applying load #dbb39fdf-19e7-4afc-b5fc-d8c9e70ecf50] [SeededRandom] Using seed 1563800947
2019-07-22T13:09:13,947Z ERROR {} [applying load #cb4ca8fb-84ef-40b0-9da5-b755de0fed5f] [ExploratoryVirtualUser] Failed to run com.atlassian.performance.tools.jirasoftwareactions.api.actions.ViewBacklogAction@7a13e616, but we keep running
java.lang.Exception: Failed to run com.atlassian.performance.tools.jirasoftwareactions.api.actions.ViewBacklogAction@7a13e616
	at com.atlassian.performance.tools.virtualusers.ExploratoryVirtualUser.runWithDiagnostics(ExploratoryVirtualUser.kt:82) ~[virtual-users.jar:?]
	at com.atlassian.performance.tools.virtualusers.ExploratoryVirtualUser.applyLoad(ExploratoryVirtualUser.kt:56) [virtual-users.jar:?]
	at com.atlassian.performance.tools.virtualusers.LoadTest.applyLoad(LoadTest.kt:164) [virtual-users.jar:?]
	at com.atlassian.performance.tools.virtualusers.LoadTest.access$applyLoad(LoadTest.kt:36) [virtual-users.jar:?]
	at com.atlassian.performance.tools.virtualusers.LoadTest$applyLoad$$inlined$forEach$lambda$1.run(LoadTest.kt:111) [virtual-users.jar:?]
	at java.util.concurrent.Executors$RunnableAdapter.call(Executors.java:511) [?:1.8.0_212]
	at java.util.concurrent.FutureTask.run(FutureTask.java:266) [?:1.8.0_212]
	at java.util.concurrent.ThreadPoolExecutor.runWorker(ThreadPoolExecutor.java:1149) [?:1.8.0_212]
	at java.util.concurrent.ThreadPoolExecutor$Worker.run(ThreadPoolExecutor.java:624) [?:1.8.0_212]
	at java.lang.Thread.run(Thread.java:748) [?:1.8.0_212]
Caused by: java.lang.Exception: Action 'View Backlog' ERROR
	at com.atlassian.performance.tools.jiraactions.api.measure.ActionMeter.record(ActionMeter.kt:132) ~[virtual-users.jar:?]
	at com.atlassian.performance.tools.jiraactions.api.measure.ActionMeter.measure(ActionMeter.kt:79) ~[virtual-users.jar:?]
	at com.atlassian.performance.tools.jirasoftwareactions.api.actions.ViewBacklogAction.run(ViewBacklogAction.kt:56) ~[virtual-users.jar:?]
	at com.atlassian.performance.tools.virtualusers.ExploratoryVirtualUser.runWithDiagnostics(ExploratoryVirtualUser.kt:79) ~[virtual-users.jar:?]
	... 9 more
Caused by: org.openqa.selenium.TimeoutException: Expected condition failed: waiting for presence of element located by: By.cssSelector: #ghx-backlog[data-rendered]:not(.browser-metrics-stale) (tried for 30 second(s) with 50 milliseconds interval)
	at org.openqa.selenium.support.ui.WebDriverWait.timeoutException(WebDriverWait.java:81) ~[virtual-users.jar:?]
	at org.openqa.selenium.support.ui.FluentWait.until(FluentWait.java:271) ~[virtual-users.jar:?]
	at com.atlassian.performance.tools.jiraactions.api.page.WebDriverUtils.wait(WebDriverExtension.kt:25) ~[virtual-users.jar:?]
	at com.atlassian.performance.tools.jiraactions.api.page.WebDriverUtils.wait$default(WebDriverExtension.kt:19) ~[virtual-users.jar:?]
	at com.atlassian.performance.tools.jirasoftwareactions.api.page.ViewBacklogPage.waitForBacklog(ViewBacklogPage.kt:12) ~[virtual-users.jar:?]
	at com.atlassian.performance.tools.jirasoftwareactions.api.actions.ViewBacklogAction$run$1.invoke(ViewBacklogAction.kt:60) ~[virtual-users.jar:?]
	at com.atlassian.performance.tools.jirasoftwareactions.api.actions.ViewBacklogAction$run$1.invoke(ViewBacklogAction.kt:15) ~[virtual-users.jar:?]
	at com.atlassian.performance.tools.jiraactions.api.measure.ActionMeter$measure$2.invoke(ActionMeter.kt:80) ~[virtual-users.jar:?]
	at com.atlassian.performance.tools.jiraactions.api.measure.ActionMeter$measure$2.invoke(ActionMeter.kt:25) ~[virtual-users.jar:?]
	at com.atlassian.performance.tools.jiraactions.api.measure.ActionMeter.record(ActionMeter.kt:102) ~[virtual-users.jar:?]
	at com.atlassian.performance.tools.jiraactions.api.measure.ActionMeter.measure(ActionMeter.kt:79) ~[virtual-users.jar:?]
	at com.atlassian.performance.tools.jirasoftwareactions.api.actions.ViewBacklogAction.run(ViewBacklogAction.kt:56) ~[virtual-users.jar:?]
	at com.atlassian.performance.tools.virtualusers.ExploratoryVirtualUser.runWithDiagnostics(ExploratoryVirtualUser.kt:79) ~[virtual-users.jar:?]
	... 9 more
Caused by: org.openqa.selenium.NoSuchElementException: Cannot locate an element using By.cssSelector: #ghx-backlog[data-rendered]:not(.browser-metrics-stale)
For documentation on this error, please visit: http://seleniumhq.org/exceptions/no_such_element.html
Build info: version: 'unknown', revision: 'unknown', time: 'unknown'
System info: host: 'ip-10-0-0-94', ip: '10.0.0.94', os.name: 'Linux', os.arch: 'amd64', os.version: '4.4.0-1067-aws', java.version: '1.8.0_212'
Driver info: driver.version: unknown
	at org.openqa.selenium.support.ui.ExpectedConditions.lambda$findElement$0(ExpectedConditions.java:896) ~[virtual-users.jar:?]
	at java.util.Optional.orElseThrow(Optional.java:290) ~[?:1.8.0_212]
	at org.openqa.selenium.support.ui.ExpectedConditions.findElement(ExpectedConditions.java:895) ~[virtual-users.jar:?]
	at org.openqa.selenium.support.ui.ExpectedConditions.access$000(ExpectedConditions.java:44) ~[virtual-users.jar:?]
	at org.openqa.selenium.support.ui.ExpectedConditions$6.apply(ExpectedConditions.java:183) ~[virtual-users.jar:?]
	at org.openqa.selenium.support.ui.ExpectedConditions$6.apply(ExpectedConditions.java:180) ~[virtual-users.jar:?]
	at org.openqa.selenium.support.ui.FluentWait.until(FluentWait.java:248) ~[virtual-users.jar:?]
	at com.atlassian.performance.tools.jiraactions.api.page.WebDriverUtils.wait(WebDriverExtension.kt:25) ~[virtual-users.jar:?]
	at com.atlassian.performance.tools.jiraactions.api.page.WebDriverUtils.wait$default(WebDriverExtension.kt:19) ~[virtual-users.jar:?]
	at com.atlassian.performance.tools.jirasoftwareactions.api.page.ViewBacklogPage.waitForBacklog(ViewBacklogPage.kt:12) ~[virtual-users.jar:?]
	at com.atlassian.performance.tools.jirasoftwareactions.api.actions.ViewBacklogAction$run$1.invoke(ViewBacklogAction.kt:60) ~[virtual-users.jar:?]
	at com.atlassian.performance.tools.jirasoftwareactions.api.actions.ViewBacklogAction$run$1.invoke(ViewBacklogAction.kt:15) ~[virtual-users.jar:?]
	at com.atlassian.performance.tools.jiraactions.api.measure.ActionMeter$measure$2.invoke(ActionMeter.kt:80) ~[virtual-users.jar:?]
	at com.atlassian.performance.tools.jiraactions.api.measure.ActionMeter$measure$2.invoke(ActionMeter.kt:25) ~[virtual-users.jar:?]
	at com.atlassian.performance.tools.jiraactions.api.measure.ActionMeter.record(ActionMeter.kt:102) ~[virtual-users.jar:?]
	at com.atlassian.performance.tools.jiraactions.api.measure.ActionMeter.measure(ActionMeter.kt:79) ~[virtual-users.jar:?]
	at com.atlassian.performance.tools.jirasoftwareactions.api.actions.ViewBacklogAction.run(ViewBacklogAction.kt:56) ~[virtual-users.jar:?]
	at com.atlassian.performance.tools.virtualusers.ExploratoryVirtualUser.runWithDiagnostics(ExploratoryVirtualUser.kt:79) ~[virtual-users.jar:?]
	... 9 more
2019-07-22T13:09:17,958Z DEBUG {} [applying load #dbb39fdf-19e7-4afc-b5fc-d8c9e70ecf50] [SeededRandom] Using seed 1563800957
2019-07-22T13:09:21,167Z DEBUG {} [applying load #2f041651-e303-45d8-b7aa-98a9ca12836f] [SeededRandom] Using seed 1563800961
2019-07-22T13:09:22,192Z DEBUG {} [applying load #2149cb1c-499c-4b71-ae97-86310a3e297f] [SeededRandom] Using seed 1563800962
2019-07-22T13:09:23,299Z DEBUG {} [applying load #452d3e65-5a2a-48c2-aee0-92d8e22039ab] [SeededRandom] Using seed 1563800963
2019-07-22T13:09:27,396Z DEBUG {} [applying load #a7c7913d-8861-41b8-b748-aba5d7086bb0] [SeededRandom] Using seed 1563800967
2019-07-22T13:09:27,908Z DEBUG {} [applying load #2f041651-e303-45d8-b7aa-98a9ca12836f] [SeededRandom] Using seed 1563800967
2019-07-22T13:09:28,842Z DEBUG {} [applying load #2bf4d3bb-4b7a-42a0-a75e-f56d36155cdb] [SeededRandom] Using seed 1563800968
2019-07-22T13:09:36,452Z DEBUG {} [applying load #2bf4d3bb-4b7a-42a0-a75e-f56d36155cdb] [SeededRandom] Using seed 1563800976
2019-07-22T13:09:41,177Z DEBUG {} [applying load #4aa3a58b-223c-4fe4-a0ce-08b2b2357d85] [SeededRandom] Using seed 1563800981
2019-07-22T13:09:46,996Z DEBUG {} [applying load #4aa3a58b-223c-4fe4-a0ce-08b2b2357d85] [SeededRandom] Using seed 1563800986
2019-07-22T13:09:51,636Z DEBUG {} [applying load #452d3e65-5a2a-48c2-aee0-92d8e22039ab] [SeededRandom] Using seed 1563800991
2019-07-22T13:09:53,628Z DEBUG {} [applying load #cb4ca8fb-84ef-40b0-9da5-b755de0fed5f] [SeededRandom] Using seed 1563800993
2019-07-22T13:10:00,720Z DEBUG {} [applying load #8de76db5-c6a2-4389-9ca2-488c081fee1a] [SeededRandom] Using seed 1563801000
2019-07-22T13:10:03,810Z DEBUG {} [applying load #cb4ca8fb-84ef-40b0-9da5-b755de0fed5f] [SeededRandom] Using seed 1563801003
2019-07-22T13:10:04,564Z DEBUG {} [applying load #a7c7913d-8861-41b8-b748-aba5d7086bb0] [SeededRandom] Using seed 1563801004
2019-07-22T13:10:15,068Z DEBUG {} [applying load #dbb39fdf-19e7-4afc-b5fc-d8c9e70ecf50] [SeededRandom] Using seed 1563801015
2019-07-22T13:10:15,771Z DEBUG {} [applying load #8de76db5-c6a2-4389-9ca2-488c081fee1a] [SeededRandom] Using seed 1563801015
2019-07-22T13:10:15,856Z DEBUG {} [applying load #a7c7913d-8861-41b8-b748-aba5d7086bb0] [SeededRandom] Using seed 1563801015
2019-07-22T13:10:24,266Z DEBUG {} [applying load #4aa3a58b-223c-4fe4-a0ce-08b2b2357d85] [SeededRandom] Using seed 1563801024
2019-07-22T13:10:30,149Z DEBUG {} [applying load #8de76db5-c6a2-4389-9ca2-488c081fee1a] [SeededRandom] Using seed 1563801030
2019-07-22T13:10:30,310Z DEBUG {} [applying load #cb4ca8fb-84ef-40b0-9da5-b755de0fed5f] [SeededRandom] Using seed 1563801030
2019-07-22T13:10:40,755Z DEBUG {} [applying load #cb4ca8fb-84ef-40b0-9da5-b755de0fed5f] [SeededRandom] Using seed 1563801040
2019-07-22T13:10:43,194Z ERROR {} [applying load #47074dbb-09fa-4d50-a073-da045f3e86fb] [ExploratoryVirtualUser] Failed to run com.atlassian.performance.tools.jirasoftwareactions.api.actions.ViewBacklogAction@7074aeaf, but we keep running
java.lang.Exception: Failed to run com.atlassian.performance.tools.jirasoftwareactions.api.actions.ViewBacklogAction@7074aeaf
	at com.atlassian.performance.tools.virtualusers.ExploratoryVirtualUser.runWithDiagnostics(ExploratoryVirtualUser.kt:82) ~[virtual-users.jar:?]
	at com.atlassian.performance.tools.virtualusers.ExploratoryVirtualUser.applyLoad(ExploratoryVirtualUser.kt:56) [virtual-users.jar:?]
	at com.atlassian.performance.tools.virtualusers.LoadTest.applyLoad(LoadTest.kt:164) [virtual-users.jar:?]
	at com.atlassian.performance.tools.virtualusers.LoadTest.access$applyLoad(LoadTest.kt:36) [virtual-users.jar:?]
	at com.atlassian.performance.tools.virtualusers.LoadTest$applyLoad$$inlined$forEach$lambda$1.run(LoadTest.kt:111) [virtual-users.jar:?]
	at java.util.concurrent.Executors$RunnableAdapter.call(Executors.java:511) [?:1.8.0_212]
	at java.util.concurrent.FutureTask.run(FutureTask.java:266) [?:1.8.0_212]
	at java.util.concurrent.ThreadPoolExecutor.runWorker(ThreadPoolExecutor.java:1149) [?:1.8.0_212]
	at java.util.concurrent.ThreadPoolExecutor$Worker.run(ThreadPoolExecutor.java:624) [?:1.8.0_212]
	at java.lang.Thread.run(Thread.java:748) [?:1.8.0_212]
Caused by: java.lang.Exception: Action 'View Backlog' ERROR
	at com.atlassian.performance.tools.jiraactions.api.measure.ActionMeter.record(ActionMeter.kt:132) ~[virtual-users.jar:?]
	at com.atlassian.performance.tools.jiraactions.api.measure.ActionMeter.measure(ActionMeter.kt:79) ~[virtual-users.jar:?]
	at com.atlassian.performance.tools.jirasoftwareactions.api.actions.ViewBacklogAction.run(ViewBacklogAction.kt:56) ~[virtual-users.jar:?]
	at com.atlassian.performance.tools.virtualusers.ExploratoryVirtualUser.runWithDiagnostics(ExploratoryVirtualUser.kt:79) ~[virtual-users.jar:?]
	... 9 more
Caused by: org.openqa.selenium.TimeoutException: Expected condition failed: waiting for presence of element located by: By.cssSelector: #ghx-backlog[data-rendered]:not(.browser-metrics-stale) (tried for 30 second(s) with 50 milliseconds interval)
	at org.openqa.selenium.support.ui.WebDriverWait.timeoutException(WebDriverWait.java:81) ~[virtual-users.jar:?]
	at org.openqa.selenium.support.ui.FluentWait.until(FluentWait.java:271) ~[virtual-users.jar:?]
	at com.atlassian.performance.tools.jiraactions.api.page.WebDriverUtils.wait(WebDriverExtension.kt:25) ~[virtual-users.jar:?]
	at com.atlassian.performance.tools.jiraactions.api.page.WebDriverUtils.wait$default(WebDriverExtension.kt:19) ~[virtual-users.jar:?]
	at com.atlassian.performance.tools.jirasoftwareactions.api.page.ViewBacklogPage.waitForBacklog(ViewBacklogPage.kt:12) ~[virtual-users.jar:?]
	at com.atlassian.performance.tools.jirasoftwareactions.api.actions.ViewBacklogAction$run$1.invoke(ViewBacklogAction.kt:60) ~[virtual-users.jar:?]
	at com.atlassian.performance.tools.jirasoftwareactions.api.actions.ViewBacklogAction$run$1.invoke(ViewBacklogAction.kt:15) ~[virtual-users.jar:?]
	at com.atlassian.performance.tools.jiraactions.api.measure.ActionMeter$measure$2.invoke(ActionMeter.kt:80) ~[virtual-users.jar:?]
	at com.atlassian.performance.tools.jiraactions.api.measure.ActionMeter$measure$2.invoke(ActionMeter.kt:25) ~[virtual-users.jar:?]
	at com.atlassian.performance.tools.jiraactions.api.measure.ActionMeter.record(ActionMeter.kt:102) ~[virtual-users.jar:?]
	at com.atlassian.performance.tools.jiraactions.api.measure.ActionMeter.measure(ActionMeter.kt:79) ~[virtual-users.jar:?]
	at com.atlassian.performance.tools.jirasoftwareactions.api.actions.ViewBacklogAction.run(ViewBacklogAction.kt:56) ~[virtual-users.jar:?]
	at com.atlassian.performance.tools.virtualusers.ExploratoryVirtualUser.runWithDiagnostics(ExploratoryVirtualUser.kt:79) ~[virtual-users.jar:?]
	... 9 more
Caused by: org.openqa.selenium.NoSuchElementException: Cannot locate an element using By.cssSelector: #ghx-backlog[data-rendered]:not(.browser-metrics-stale)
For documentation on this error, please visit: http://seleniumhq.org/exceptions/no_such_element.html
Build info: version: 'unknown', revision: 'unknown', time: 'unknown'
System info: host: 'ip-10-0-0-94', ip: '10.0.0.94', os.name: 'Linux', os.arch: 'amd64', os.version: '4.4.0-1067-aws', java.version: '1.8.0_212'
Driver info: driver.version: unknown
	at org.openqa.selenium.support.ui.ExpectedConditions.lambda$findElement$0(ExpectedConditions.java:896) ~[virtual-users.jar:?]
	at java.util.Optional.orElseThrow(Optional.java:290) ~[?:1.8.0_212]
	at org.openqa.selenium.support.ui.ExpectedConditions.findElement(ExpectedConditions.java:895) ~[virtual-users.jar:?]
	at org.openqa.selenium.support.ui.ExpectedConditions.access$000(ExpectedConditions.java:44) ~[virtual-users.jar:?]
	at org.openqa.selenium.support.ui.ExpectedConditions$6.apply(ExpectedConditions.java:183) ~[virtual-users.jar:?]
	at org.openqa.selenium.support.ui.ExpectedConditions$6.apply(ExpectedConditions.java:180) ~[virtual-users.jar:?]
	at org.openqa.selenium.support.ui.FluentWait.until(FluentWait.java:248) ~[virtual-users.jar:?]
	at com.atlassian.performance.tools.jiraactions.api.page.WebDriverUtils.wait(WebDriverExtension.kt:25) ~[virtual-users.jar:?]
	at com.atlassian.performance.tools.jiraactions.api.page.WebDriverUtils.wait$default(WebDriverExtension.kt:19) ~[virtual-users.jar:?]
	at com.atlassian.performance.tools.jirasoftwareactions.api.page.ViewBacklogPage.waitForBacklog(ViewBacklogPage.kt:12) ~[virtual-users.jar:?]
	at com.atlassian.performance.tools.jirasoftwareactions.api.actions.ViewBacklogAction$run$1.invoke(ViewBacklogAction.kt:60) ~[virtual-users.jar:?]
	at com.atlassian.performance.tools.jirasoftwareactions.api.actions.ViewBacklogAction$run$1.invoke(ViewBacklogAction.kt:15) ~[virtual-users.jar:?]
	at com.atlassian.performance.tools.jiraactions.api.measure.ActionMeter$measure$2.invoke(ActionMeter.kt:80) ~[virtual-users.jar:?]
	at com.atlassian.performance.tools.jiraactions.api.measure.ActionMeter$measure$2.invoke(ActionMeter.kt:25) ~[virtual-users.jar:?]
	at com.atlassian.performance.tools.jiraactions.api.measure.ActionMeter.record(ActionMeter.kt:102) ~[virtual-users.jar:?]
	at com.atlassian.performance.tools.jiraactions.api.measure.ActionMeter.measure(ActionMeter.kt:79) ~[virtual-users.jar:?]
	at com.atlassian.performance.tools.jirasoftwareactions.api.actions.ViewBacklogAction.run(ViewBacklogAction.kt:56) ~[virtual-users.jar:?]
	at com.atlassian.performance.tools.virtualusers.ExploratoryVirtualUser.runWithDiagnostics(ExploratoryVirtualUser.kt:79) ~[virtual-users.jar:?]
	... 9 more
2019-07-22T13:10:48,952Z DEBUG {} [applying load #2f041651-e303-45d8-b7aa-98a9ca12836f] [SeededRandom] Using seed 1563801048
2019-07-22T13:10:51,551Z DEBUG {} [applying load #a7c7913d-8861-41b8-b748-aba5d7086bb0] [SeededRandom] Using seed 1563801051
2019-07-22T13:11:03,459Z DEBUG {} [applying load #2f041651-e303-45d8-b7aa-98a9ca12836f] [SeededRandom] Using seed 1563801063
2019-07-22T13:11:13,028Z ERROR {} [applying load #b07392eb-5713-4a1a-9e3e-2556b600cec1] [ExploratoryVirtualUser] Failed to run com.atlassian.performance.tools.jirasoftwareactions.api.actions.ViewBacklogAction@4e4694b2, but we keep running
java.lang.Exception: Failed to run com.atlassian.performance.tools.jirasoftwareactions.api.actions.ViewBacklogAction@4e4694b2
	at com.atlassian.performance.tools.virtualusers.ExploratoryVirtualUser.runWithDiagnostics(ExploratoryVirtualUser.kt:82) ~[virtual-users.jar:?]
	at com.atlassian.performance.tools.virtualusers.ExploratoryVirtualUser.applyLoad(ExploratoryVirtualUser.kt:56) [virtual-users.jar:?]
	at com.atlassian.performance.tools.virtualusers.LoadTest.applyLoad(LoadTest.kt:164) [virtual-users.jar:?]
	at com.atlassian.performance.tools.virtualusers.LoadTest.access$applyLoad(LoadTest.kt:36) [virtual-users.jar:?]
	at com.atlassian.performance.tools.virtualusers.LoadTest$applyLoad$$inlined$forEach$lambda$1.run(LoadTest.kt:111) [virtual-users.jar:?]
	at java.util.concurrent.Executors$RunnableAdapter.call(Executors.java:511) [?:1.8.0_212]
	at java.util.concurrent.FutureTask.run(FutureTask.java:266) [?:1.8.0_212]
	at java.util.concurrent.ThreadPoolExecutor.runWorker(ThreadPoolExecutor.java:1149) [?:1.8.0_212]
	at java.util.concurrent.ThreadPoolExecutor$Worker.run(ThreadPoolExecutor.java:624) [?:1.8.0_212]
	at java.lang.Thread.run(Thread.java:748) [?:1.8.0_212]
Caused by: java.lang.Exception: Action 'View Backlog' ERROR
	at com.atlassian.performance.tools.jiraactions.api.measure.ActionMeter.record(ActionMeter.kt:132) ~[virtual-users.jar:?]
	at com.atlassian.performance.tools.jiraactions.api.measure.ActionMeter.measure(ActionMeter.kt:79) ~[virtual-users.jar:?]
	at com.atlassian.performance.tools.jirasoftwareactions.api.actions.ViewBacklogAction.run(ViewBacklogAction.kt:56) ~[virtual-users.jar:?]
	at com.atlassian.performance.tools.virtualusers.ExploratoryVirtualUser.runWithDiagnostics(ExploratoryVirtualUser.kt:79) ~[virtual-users.jar:?]
	... 9 more
Caused by: org.openqa.selenium.TimeoutException: Expected condition failed: waiting for presence of element located by: By.cssSelector: #ghx-backlog[data-rendered]:not(.browser-metrics-stale) (tried for 30 second(s) with 50 milliseconds interval)
	at org.openqa.selenium.support.ui.WebDriverWait.timeoutException(WebDriverWait.java:81) ~[virtual-users.jar:?]
	at org.openqa.selenium.support.ui.FluentWait.until(FluentWait.java:271) ~[virtual-users.jar:?]
	at com.atlassian.performance.tools.jiraactions.api.page.WebDriverUtils.wait(WebDriverExtension.kt:25) ~[virtual-users.jar:?]
	at com.atlassian.performance.tools.jiraactions.api.page.WebDriverUtils.wait$default(WebDriverExtension.kt:19) ~[virtual-users.jar:?]
	at com.atlassian.performance.tools.jirasoftwareactions.api.page.ViewBacklogPage.waitForBacklog(ViewBacklogPage.kt:12) ~[virtual-users.jar:?]
	at com.atlassian.performance.tools.jirasoftwareactions.api.actions.ViewBacklogAction$run$1.invoke(ViewBacklogAction.kt:60) ~[virtual-users.jar:?]
	at com.atlassian.performance.tools.jirasoftwareactions.api.actions.ViewBacklogAction$run$1.invoke(ViewBacklogAction.kt:15) ~[virtual-users.jar:?]
	at com.atlassian.performance.tools.jiraactions.api.measure.ActionMeter$measure$2.invoke(ActionMeter.kt:80) ~[virtual-users.jar:?]
	at com.atlassian.performance.tools.jiraactions.api.measure.ActionMeter$measure$2.invoke(ActionMeter.kt:25) ~[virtual-users.jar:?]
	at com.atlassian.performance.tools.jiraactions.api.measure.ActionMeter.record(ActionMeter.kt:102) ~[virtual-users.jar:?]
	at com.atlassian.performance.tools.jiraactions.api.measure.ActionMeter.measure(ActionMeter.kt:79) ~[virtual-users.jar:?]
	at com.atlassian.performance.tools.jirasoftwareactions.api.actions.ViewBacklogAction.run(ViewBacklogAction.kt:56) ~[virtual-users.jar:?]
	at com.atlassian.performance.tools.virtualusers.ExploratoryVirtualUser.runWithDiagnostics(ExploratoryVirtualUser.kt:79) ~[virtual-users.jar:?]
	... 9 more
Caused by: org.openqa.selenium.NoSuchElementException: Cannot locate an element using By.cssSelector: #ghx-backlog[data-rendered]:not(.browser-metrics-stale)
For documentation on this error, please visit: http://seleniumhq.org/exceptions/no_such_element.html
Build info: version: 'unknown', revision: 'unknown', time: 'unknown'
System info: host: 'ip-10-0-0-94', ip: '10.0.0.94', os.name: 'Linux', os.arch: 'amd64', os.version: '4.4.0-1067-aws', java.version: '1.8.0_212'
Driver info: driver.version: unknown
	at org.openqa.selenium.support.ui.ExpectedConditions.lambda$findElement$0(ExpectedConditions.java:896) ~[virtual-users.jar:?]
	at java.util.Optional.orElseThrow(Optional.java:290) ~[?:1.8.0_212]
	at org.openqa.selenium.support.ui.ExpectedConditions.findElement(ExpectedConditions.java:895) ~[virtual-users.jar:?]
	at org.openqa.selenium.support.ui.ExpectedConditions.access$000(ExpectedConditions.java:44) ~[virtual-users.jar:?]
	at org.openqa.selenium.support.ui.ExpectedConditions$6.apply(ExpectedConditions.java:183) ~[virtual-users.jar:?]
	at org.openqa.selenium.support.ui.ExpectedConditions$6.apply(ExpectedConditions.java:180) ~[virtual-users.jar:?]
	at org.openqa.selenium.support.ui.FluentWait.until(FluentWait.java:248) ~[virtual-users.jar:?]
	at com.atlassian.performance.tools.jiraactions.api.page.WebDriverUtils.wait(WebDriverExtension.kt:25) ~[virtual-users.jar:?]
	at com.atlassian.performance.tools.jiraactions.api.page.WebDriverUtils.wait$default(WebDriverExtension.kt:19) ~[virtual-users.jar:?]
	at com.atlassian.performance.tools.jirasoftwareactions.api.page.ViewBacklogPage.waitForBacklog(ViewBacklogPage.kt:12) ~[virtual-users.jar:?]
	at com.atlassian.performance.tools.jirasoftwareactions.api.actions.ViewBacklogAction$run$1.invoke(ViewBacklogAction.kt:60) ~[virtual-users.jar:?]
	at com.atlassian.performance.tools.jirasoftwareactions.api.actions.ViewBacklogAction$run$1.invoke(ViewBacklogAction.kt:15) ~[virtual-users.jar:?]
	at com.atlassian.performance.tools.jiraactions.api.measure.ActionMeter$measure$2.invoke(ActionMeter.kt:80) ~[virtual-users.jar:?]
	at com.atlassian.performance.tools.jiraactions.api.measure.ActionMeter$measure$2.invoke(ActionMeter.kt:25) ~[virtual-users.jar:?]
	at com.atlassian.performance.tools.jiraactions.api.measure.ActionMeter.record(ActionMeter.kt:102) ~[virtual-users.jar:?]
	at com.atlassian.performance.tools.jiraactions.api.measure.ActionMeter.measure(ActionMeter.kt:79) ~[virtual-users.jar:?]
	at com.atlassian.performance.tools.jirasoftwareactions.api.actions.ViewBacklogAction.run(ViewBacklogAction.kt:56) ~[virtual-users.jar:?]
	at com.atlassian.performance.tools.virtualusers.ExploratoryVirtualUser.runWithDiagnostics(ExploratoryVirtualUser.kt:79) ~[virtual-users.jar:?]
	... 9 more
2019-07-22T13:11:16,358Z ERROR {} [applying load #fe00efd9-bc75-476f-b6d3-626cceb2e214] [ExploratoryVirtualUser] Failed to run com.atlassian.performance.tools.jirasoftwareactions.api.actions.ViewBacklogAction@4c6a5a7b, but we keep running
java.lang.Exception: Failed to run com.atlassian.performance.tools.jirasoftwareactions.api.actions.ViewBacklogAction@4c6a5a7b
	at com.atlassian.performance.tools.virtualusers.ExploratoryVirtualUser.runWithDiagnostics(ExploratoryVirtualUser.kt:82) ~[virtual-users.jar:?]
	at com.atlassian.performance.tools.virtualusers.ExploratoryVirtualUser.applyLoad(ExploratoryVirtualUser.kt:56) [virtual-users.jar:?]
	at com.atlassian.performance.tools.virtualusers.LoadTest.applyLoad(LoadTest.kt:164) [virtual-users.jar:?]
	at com.atlassian.performance.tools.virtualusers.LoadTest.access$applyLoad(LoadTest.kt:36) [virtual-users.jar:?]
	at com.atlassian.performance.tools.virtualusers.LoadTest$applyLoad$$inlined$forEach$lambda$1.run(LoadTest.kt:111) [virtual-users.jar:?]
	at java.util.concurrent.Executors$RunnableAdapter.call(Executors.java:511) [?:1.8.0_212]
	at java.util.concurrent.FutureTask.run(FutureTask.java:266) [?:1.8.0_212]
	at java.util.concurrent.ThreadPoolExecutor.runWorker(ThreadPoolExecutor.java:1149) [?:1.8.0_212]
	at java.util.concurrent.ThreadPoolExecutor$Worker.run(ThreadPoolExecutor.java:624) [?:1.8.0_212]
	at java.lang.Thread.run(Thread.java:748) [?:1.8.0_212]
Caused by: java.lang.Exception: Action 'View Backlog' ERROR
	at com.atlassian.performance.tools.jiraactions.api.measure.ActionMeter.record(ActionMeter.kt:132) ~[virtual-users.jar:?]
	at com.atlassian.performance.tools.jiraactions.api.measure.ActionMeter.measure(ActionMeter.kt:79) ~[virtual-users.jar:?]
	at com.atlassian.performance.tools.jirasoftwareactions.api.actions.ViewBacklogAction.run(ViewBacklogAction.kt:56) ~[virtual-users.jar:?]
	at com.atlassian.performance.tools.virtualusers.ExploratoryVirtualUser.runWithDiagnostics(ExploratoryVirtualUser.kt:79) ~[virtual-users.jar:?]
	... 9 more
Caused by: org.openqa.selenium.TimeoutException: Expected condition failed: waiting for presence of element located by: By.cssSelector: #ghx-backlog[data-rendered]:not(.browser-metrics-stale) (tried for 30 second(s) with 50 milliseconds interval)
	at org.openqa.selenium.support.ui.WebDriverWait.timeoutException(WebDriverWait.java:81) ~[virtual-users.jar:?]
	at org.openqa.selenium.support.ui.FluentWait.until(FluentWait.java:271) ~[virtual-users.jar:?]
	at com.atlassian.performance.tools.jiraactions.api.page.WebDriverUtils.wait(WebDriverExtension.kt:25) ~[virtual-users.jar:?]
	at com.atlassian.performance.tools.jiraactions.api.page.WebDriverUtils.wait$default(WebDriverExtension.kt:19) ~[virtual-users.jar:?]
	at com.atlassian.performance.tools.jirasoftwareactions.api.page.ViewBacklogPage.waitForBacklog(ViewBacklogPage.kt:12) ~[virtual-users.jar:?]
	at com.atlassian.performance.tools.jirasoftwareactions.api.actions.ViewBacklogAction$run$1.invoke(ViewBacklogAction.kt:60) ~[virtual-users.jar:?]
	at com.atlassian.performance.tools.jirasoftwareactions.api.actions.ViewBacklogAction$run$1.invoke(ViewBacklogAction.kt:15) ~[virtual-users.jar:?]
	at com.atlassian.performance.tools.jiraactions.api.measure.ActionMeter$measure$2.invoke(ActionMeter.kt:80) ~[virtual-users.jar:?]
	at com.atlassian.performance.tools.jiraactions.api.measure.ActionMeter$measure$2.invoke(ActionMeter.kt:25) ~[virtual-users.jar:?]
	at com.atlassian.performance.tools.jiraactions.api.measure.ActionMeter.record(ActionMeter.kt:102) ~[virtual-users.jar:?]
	at com.atlassian.performance.tools.jiraactions.api.measure.ActionMeter.measure(ActionMeter.kt:79) ~[virtual-users.jar:?]
	at com.atlassian.performance.tools.jirasoftwareactions.api.actions.ViewBacklogAction.run(ViewBacklogAction.kt:56) ~[virtual-users.jar:?]
	at com.atlassian.performance.tools.virtualusers.ExploratoryVirtualUser.runWithDiagnostics(ExploratoryVirtualUser.kt:79) ~[virtual-users.jar:?]
	... 9 more
Caused by: org.openqa.selenium.NoSuchElementException: Cannot locate an element using By.cssSelector: #ghx-backlog[data-rendered]:not(.browser-metrics-stale)
For documentation on this error, please visit: http://seleniumhq.org/exceptions/no_such_element.html
Build info: version: 'unknown', revision: 'unknown', time: 'unknown'
System info: host: 'ip-10-0-0-94', ip: '10.0.0.94', os.name: 'Linux', os.arch: 'amd64', os.version: '4.4.0-1067-aws', java.version: '1.8.0_212'
Driver info: driver.version: unknown
	at org.openqa.selenium.support.ui.ExpectedConditions.lambda$findElement$0(ExpectedConditions.java:896) ~[virtual-users.jar:?]
	at java.util.Optional.orElseThrow(Optional.java:290) ~[?:1.8.0_212]
	at org.openqa.selenium.support.ui.ExpectedConditions.findElement(ExpectedConditions.java:895) ~[virtual-users.jar:?]
	at org.openqa.selenium.support.ui.ExpectedConditions.access$000(ExpectedConditions.java:44) ~[virtual-users.jar:?]
	at org.openqa.selenium.support.ui.ExpectedConditions$6.apply(ExpectedConditions.java:183) ~[virtual-users.jar:?]
	at org.openqa.selenium.support.ui.ExpectedConditions$6.apply(ExpectedConditions.java:180) ~[virtual-users.jar:?]
	at org.openqa.selenium.support.ui.FluentWait.until(FluentWait.java:248) ~[virtual-users.jar:?]
	at com.atlassian.performance.tools.jiraactions.api.page.WebDriverUtils.wait(WebDriverExtension.kt:25) ~[virtual-users.jar:?]
	at com.atlassian.performance.tools.jiraactions.api.page.WebDriverUtils.wait$default(WebDriverExtension.kt:19) ~[virtual-users.jar:?]
	at com.atlassian.performance.tools.jirasoftwareactions.api.page.ViewBacklogPage.waitForBacklog(ViewBacklogPage.kt:12) ~[virtual-users.jar:?]
	at com.atlassian.performance.tools.jirasoftwareactions.api.actions.ViewBacklogAction$run$1.invoke(ViewBacklogAction.kt:60) ~[virtual-users.jar:?]
	at com.atlassian.performance.tools.jirasoftwareactions.api.actions.ViewBacklogAction$run$1.invoke(ViewBacklogAction.kt:15) ~[virtual-users.jar:?]
	at com.atlassian.performance.tools.jiraactions.api.measure.ActionMeter$measure$2.invoke(ActionMeter.kt:80) ~[virtual-users.jar:?]
	at com.atlassian.performance.tools.jiraactions.api.measure.ActionMeter$measure$2.invoke(ActionMeter.kt:25) ~[virtual-users.jar:?]
	at com.atlassian.performance.tools.jiraactions.api.measure.ActionMeter.record(ActionMeter.kt:102) ~[virtual-users.jar:?]
	at com.atlassian.performance.tools.jiraactions.api.measure.ActionMeter.measure(ActionMeter.kt:79) ~[virtual-users.jar:?]
	at com.atlassian.performance.tools.jirasoftwareactions.api.actions.ViewBacklogAction.run(ViewBacklogAction.kt:56) ~[virtual-users.jar:?]
	at com.atlassian.performance.tools.virtualusers.ExploratoryVirtualUser.runWithDiagnostics(ExploratoryVirtualUser.kt:79) ~[virtual-users.jar:?]
	... 9 more
2019-07-22T13:11:16,995Z DEBUG {} [applying load #47074dbb-09fa-4d50-a073-da045f3e86fb] [SeededRandom] Using seed 1563801076
2019-07-22T13:11:20,283Z ERROR {} [applying load #2bf4d3bb-4b7a-42a0-a75e-f56d36155cdb] [ExploratoryVirtualUser] Failed to run com.atlassian.performance.tools.jiraactions.api.action.SearchJqlAction@ff8c231, but we keep running
java.lang.Exception: Failed to run com.atlassian.performance.tools.jiraactions.api.action.SearchJqlAction@ff8c231
	at com.atlassian.performance.tools.virtualusers.ExploratoryVirtualUser.runWithDiagnostics(ExploratoryVirtualUser.kt:82) ~[virtual-users.jar:?]
	at com.atlassian.performance.tools.virtualusers.ExploratoryVirtualUser.applyLoad(ExploratoryVirtualUser.kt:56) [virtual-users.jar:?]
	at com.atlassian.performance.tools.virtualusers.LoadTest.applyLoad(LoadTest.kt:164) [virtual-users.jar:?]
	at com.atlassian.performance.tools.virtualusers.LoadTest.access$applyLoad(LoadTest.kt:36) [virtual-users.jar:?]
	at com.atlassian.performance.tools.virtualusers.LoadTest$applyLoad$$inlined$forEach$lambda$1.run(LoadTest.kt:111) [virtual-users.jar:?]
	at java.util.concurrent.Executors$RunnableAdapter.call(Executors.java:511) [?:1.8.0_212]
	at java.util.concurrent.FutureTask.run(FutureTask.java:266) [?:1.8.0_212]
	at java.util.concurrent.ThreadPoolExecutor.runWorker(ThreadPoolExecutor.java:1149) [?:1.8.0_212]
	at java.util.concurrent.ThreadPoolExecutor$Worker.run(ThreadPoolExecutor.java:624) [?:1.8.0_212]
	at java.lang.Thread.run(Thread.java:748) [?:1.8.0_212]
Caused by: java.lang.Exception: Action 'Search with JQL' ERROR
	at com.atlassian.performance.tools.jiraactions.api.measure.ActionMeter.record(ActionMeter.kt:132) ~[virtual-users.jar:?]
	at com.atlassian.performance.tools.jiraactions.api.measure.ActionMeter.measure(ActionMeter.kt:79) ~[virtual-users.jar:?]
	at com.atlassian.performance.tools.jiraactions.api.action.SearchJqlAction.run(SearchJqlAction.kt:21) ~[virtual-users.jar:?]
	at com.atlassian.performance.tools.virtualusers.ExploratoryVirtualUser.runWithDiagnostics(ExploratoryVirtualUser.kt:79) ~[virtual-users.jar:?]
	... 9 more
Caused by: org.openqa.selenium.TimeoutException: Expected condition failed: waiting for at least one condition to be valid: all conditions to be valid: at least one condition to be valid: presence of element located by: By.cssSelector: ol.issue-list || presence of element located by: By.id: issuetable || presence of element located by: By.id: issue-content && presence of element located by: By.id: key-val && presence of element located by: By.className: issue-body-content || presence of element located by: By.className: no-results-hint || at least one condition to be valid: presence of element located by: By.cssSelector: section div.aui-message.error || presence of element located by: By.id: errorPageContainer || presence of element located by: By.cssSelector: div.form-body div.error (tried for 30 second(s) with 50 milliseconds interval)
	at org.openqa.selenium.support.ui.WebDriverWait.timeoutException(WebDriverWait.java:81) ~[virtual-users.jar:?]
	at org.openqa.selenium.support.ui.FluentWait.until(FluentWait.java:271) ~[virtual-users.jar:?]
	at com.atlassian.performance.tools.jiraactions.api.page.WebDriverUtils.wait(WebDriverExtension.kt:25) ~[virtual-users.jar:?]
	at com.atlassian.performance.tools.jiraactions.api.page.WebDriverUtils.wait$default(WebDriverExtension.kt:19) ~[virtual-users.jar:?]
	at com.atlassian.performance.tools.jiraactions.api.page.IssueNavigatorPage.waitForIssueNavigator(IssueNavigatorPage.kt:19) ~[virtual-users.jar:?]
	at com.atlassian.performance.tools.jiraactions.api.action.SearchJqlAction$run$issueNavigatorPage$1.invoke(SearchJqlAction.kt:23) ~[virtual-users.jar:?]
	at com.atlassian.performance.tools.jiraactions.api.action.SearchJqlAction$run$issueNavigatorPage$1.invoke(SearchJqlAction.kt:12) ~[virtual-users.jar:?]
	at com.atlassian.performance.tools.jiraactions.api.measure.ActionMeter$measure$2.invoke(ActionMeter.kt:80) ~[virtual-users.jar:?]
	at com.atlassian.performance.tools.jiraactions.api.measure.ActionMeter$measure$2.invoke(ActionMeter.kt:25) ~[virtual-users.jar:?]
	at com.atlassian.performance.tools.jiraactions.api.measure.ActionMeter.record(ActionMeter.kt:102) ~[virtual-users.jar:?]
	at com.atlassian.performance.tools.jiraactions.api.measure.ActionMeter.measure(ActionMeter.kt:79) ~[virtual-users.jar:?]
	at com.atlassian.performance.tools.jiraactions.api.action.SearchJqlAction.run(SearchJqlAction.kt:21) ~[virtual-users.jar:?]
	at com.atlassian.performance.tools.virtualusers.ExploratoryVirtualUser.runWithDiagnostics(ExploratoryVirtualUser.kt:79) ~[virtual-users.jar:?]
	... 9 more
Caused by: org.openqa.selenium.NoSuchElementException: Cannot locate an element using By.cssSelector: div.form-body div.error
For documentation on this error, please visit: http://seleniumhq.org/exceptions/no_such_element.html
Build info: version: 'unknown', revision: 'unknown', time: 'unknown'
System info: host: 'ip-10-0-0-94', ip: '10.0.0.94', os.name: 'Linux', os.arch: 'amd64', os.version: '4.4.0-1067-aws', java.version: '1.8.0_212'
Driver info: driver.version: unknown
	at org.openqa.selenium.support.ui.ExpectedConditions.lambda$findElement$0(ExpectedConditions.java:896) ~[virtual-users.jar:?]
	at java.util.Optional.orElseThrow(Optional.java:290) ~[?:1.8.0_212]
	at org.openqa.selenium.support.ui.ExpectedConditions.findElement(ExpectedConditions.java:895) ~[virtual-users.jar:?]
	at org.openqa.selenium.support.ui.ExpectedConditions.access$000(ExpectedConditions.java:44) ~[virtual-users.jar:?]
	at org.openqa.selenium.support.ui.ExpectedConditions$6.apply(ExpectedConditions.java:183) ~[virtual-users.jar:?]
	at org.openqa.selenium.support.ui.ExpectedConditions$6.apply(ExpectedConditions.java:180) ~[virtual-users.jar:?]
	at org.openqa.selenium.support.ui.ExpectedConditions$47.apply(ExpectedConditions.java:1427) ~[virtual-users.jar:?]
	at org.openqa.selenium.support.ui.ExpectedConditions$47.apply(ExpectedConditions.java:1421) ~[virtual-users.jar:?]
	at org.openqa.selenium.support.ui.ExpectedConditions$47.apply(ExpectedConditions.java:1427) ~[virtual-users.jar:?]
	at org.openqa.selenium.support.ui.ExpectedConditions$47.apply(ExpectedConditions.java:1421) ~[virtual-users.jar:?]
	at org.openqa.selenium.support.ui.FluentWait.until(FluentWait.java:248) ~[virtual-users.jar:?]
	at com.atlassian.performance.tools.jiraactions.api.page.WebDriverUtils.wait(WebDriverExtension.kt:25) ~[virtual-users.jar:?]
	at com.atlassian.performance.tools.jiraactions.api.page.WebDriverUtils.wait$default(WebDriverExtension.kt:19) ~[virtual-users.jar:?]
	at com.atlassian.performance.tools.jiraactions.api.page.IssueNavigatorPage.waitForIssueNavigator(IssueNavigatorPage.kt:19) ~[virtual-users.jar:?]
	at com.atlassian.performance.tools.jiraactions.api.action.SearchJqlAction$run$issueNavigatorPage$1.invoke(SearchJqlAction.kt:23) ~[virtual-users.jar:?]
	at com.atlassian.performance.tools.jiraactions.api.action.SearchJqlAction$run$issueNavigatorPage$1.invoke(SearchJqlAction.kt:12) ~[virtual-users.jar:?]
	at com.atlassian.performance.tools.jiraactions.api.measure.ActionMeter$measure$2.invoke(ActionMeter.kt:80) ~[virtual-users.jar:?]
	at com.atlassian.performance.tools.jiraactions.api.measure.ActionMeter$measure$2.invoke(ActionMeter.kt:25) ~[virtual-users.jar:?]
	at com.atlassian.performance.tools.jiraactions.api.measure.ActionMeter.record(ActionMeter.kt:102) ~[virtual-users.jar:?]
	at com.atlassian.performance.tools.jiraactions.api.measure.ActionMeter.measure(ActionMeter.kt:79) ~[virtual-users.jar:?]
	at com.atlassian.performance.tools.jiraactions.api.action.SearchJqlAction.run(SearchJqlAction.kt:21) ~[virtual-users.jar:?]
	at com.atlassian.performance.tools.virtualusers.ExploratoryVirtualUser.runWithDiagnostics(ExploratoryVirtualUser.kt:79) ~[virtual-users.jar:?]
	... 9 more
2019-07-22T13:11:25,677Z DEBUG {} [applying load #47074dbb-09fa-4d50-a073-da045f3e86fb] [SeededRandom] Using seed 1563801085
2019-07-22T13:11:26,882Z DEBUG {} [applying load #cb4ca8fb-84ef-40b0-9da5-b755de0fed5f] [SeededRandom] Using seed 1563801086
2019-07-22T13:11:29,072Z DEBUG {} [applying load #a7c7913d-8861-41b8-b748-aba5d7086bb0] [SeededRandom] Using seed 1563801089
2019-07-22T13:11:30,806Z DEBUG {} [applying load #dbb39fdf-19e7-4afc-b5fc-d8c9e70ecf50] [SeededRandom] Using seed 1563801090
2019-07-22T13:11:40,759Z DEBUG {} [applying load #2f041651-e303-45d8-b7aa-98a9ca12836f] [SeededRandom] Using seed 1563801100
2019-07-22T13:11:43,631Z DEBUG {} [applying load #2149cb1c-499c-4b71-ae97-86310a3e297f] [SeededRandom] Using seed 1563801103
2019-07-22T13:11:49,856Z DEBUG {} [applying load #2bf4d3bb-4b7a-42a0-a75e-f56d36155cdb] [SeededRandom] Using seed 1563801109
2019-07-22T13:11:55,776Z DEBUG {} [applying load #b07392eb-5713-4a1a-9e3e-2556b600cec1] [SeededRandom] Using seed 1563801115
2019-07-22T13:12:06,988Z DEBUG {} [applying load #47074dbb-09fa-4d50-a073-da045f3e86fb] [SeededRandom] Using seed 1563801126
2019-07-22T13:12:16,843Z DEBUG {} [applying load #b07392eb-5713-4a1a-9e3e-2556b600cec1] [SeededRandom] Using seed 1563801136
2019-07-22T13:12:19,211Z DEBUG {} [applying load #47074dbb-09fa-4d50-a073-da045f3e86fb] [SeededRandom] Using seed 1563801139
2019-07-22T13:12:21,160Z DEBUG {} [applying load #452d3e65-5a2a-48c2-aee0-92d8e22039ab] [SeededRandom] Using seed 1563801141
2019-07-22T13:12:23,993Z DEBUG {} [applying load #dbb39fdf-19e7-4afc-b5fc-d8c9e70ecf50] [SeededRandom] Using seed 1563801143
2019-07-22T13:12:32,763Z DEBUG {} [applying load #b07392eb-5713-4a1a-9e3e-2556b600cec1] [SeededRandom] Using seed 1563801152
2019-07-22T13:12:40,512Z DEBUG {} [applying load #b07392eb-5713-4a1a-9e3e-2556b600cec1] [SeededRandom] Using seed 1563801160
2019-07-22T13:12:44,220Z DEBUG {} [applying load #2f041651-e303-45d8-b7aa-98a9ca12836f] [SeededRandom] Using seed 1563801164
2019-07-22T13:12:47,051Z DEBUG {} [applying load #47074dbb-09fa-4d50-a073-da045f3e86fb] [SeededRandom] Using seed 1563801167
2019-07-22T13:12:55,194Z ERROR {} [applying load #cb4ca8fb-84ef-40b0-9da5-b755de0fed5f] [ExploratoryVirtualUser] Failed to run com.atlassian.performance.tools.jiraactions.api.action.SearchJqlAction@3b4b4c4, but we keep running
java.lang.Exception: Failed to run com.atlassian.performance.tools.jiraactions.api.action.SearchJqlAction@3b4b4c4
	at com.atlassian.performance.tools.virtualusers.ExploratoryVirtualUser.runWithDiagnostics(ExploratoryVirtualUser.kt:82) ~[virtual-users.jar:?]
	at com.atlassian.performance.tools.virtualusers.ExploratoryVirtualUser.applyLoad(ExploratoryVirtualUser.kt:56) [virtual-users.jar:?]
	at com.atlassian.performance.tools.virtualusers.LoadTest.applyLoad(LoadTest.kt:164) [virtual-users.jar:?]
	at com.atlassian.performance.tools.virtualusers.LoadTest.access$applyLoad(LoadTest.kt:36) [virtual-users.jar:?]
	at com.atlassian.performance.tools.virtualusers.LoadTest$applyLoad$$inlined$forEach$lambda$1.run(LoadTest.kt:111) [virtual-users.jar:?]
	at java.util.concurrent.Executors$RunnableAdapter.call(Executors.java:511) [?:1.8.0_212]
	at java.util.concurrent.FutureTask.run(FutureTask.java:266) [?:1.8.0_212]
	at java.util.concurrent.ThreadPoolExecutor.runWorker(ThreadPoolExecutor.java:1149) [?:1.8.0_212]
	at java.util.concurrent.ThreadPoolExecutor$Worker.run(ThreadPoolExecutor.java:624) [?:1.8.0_212]
	at java.lang.Thread.run(Thread.java:748) [?:1.8.0_212]
Caused by: java.lang.Exception: Action 'Search with JQL' ERROR
	at com.atlassian.performance.tools.jiraactions.api.measure.ActionMeter.record(ActionMeter.kt:132) ~[virtual-users.jar:?]
	at com.atlassian.performance.tools.jiraactions.api.measure.ActionMeter.measure(ActionMeter.kt:79) ~[virtual-users.jar:?]
	at com.atlassian.performance.tools.jiraactions.api.action.SearchJqlAction.run(SearchJqlAction.kt:21) ~[virtual-users.jar:?]
	at com.atlassian.performance.tools.virtualusers.ExploratoryVirtualUser.runWithDiagnostics(ExploratoryVirtualUser.kt:79) ~[virtual-users.jar:?]
	... 9 more
Caused by: org.openqa.selenium.TimeoutException: Expected condition failed: waiting for at least one condition to be valid: all conditions to be valid: at least one condition to be valid: presence of element located by: By.cssSelector: ol.issue-list || presence of element located by: By.id: issuetable || presence of element located by: By.id: issue-content && presence of element located by: By.id: key-val && presence of element located by: By.className: issue-body-content || presence of element located by: By.className: no-results-hint || at least one condition to be valid: presence of element located by: By.cssSelector: section div.aui-message.error || presence of element located by: By.id: errorPageContainer || presence of element located by: By.cssSelector: div.form-body div.error (tried for 30 second(s) with 50 milliseconds interval)
	at org.openqa.selenium.support.ui.WebDriverWait.timeoutException(WebDriverWait.java:81) ~[virtual-users.jar:?]
	at org.openqa.selenium.support.ui.FluentWait.until(FluentWait.java:271) ~[virtual-users.jar:?]
	at com.atlassian.performance.tools.jiraactions.api.page.WebDriverUtils.wait(WebDriverExtension.kt:25) ~[virtual-users.jar:?]
	at com.atlassian.performance.tools.jiraactions.api.page.WebDriverUtils.wait$default(WebDriverExtension.kt:19) ~[virtual-users.jar:?]
	at com.atlassian.performance.tools.jiraactions.api.page.IssueNavigatorPage.waitForIssueNavigator(IssueNavigatorPage.kt:19) ~[virtual-users.jar:?]
	at com.atlassian.performance.tools.jiraactions.api.action.SearchJqlAction$run$issueNavigatorPage$1.invoke(SearchJqlAction.kt:23) ~[virtual-users.jar:?]
	at com.atlassian.performance.tools.jiraactions.api.action.SearchJqlAction$run$issueNavigatorPage$1.invoke(SearchJqlAction.kt:12) ~[virtual-users.jar:?]
	at com.atlassian.performance.tools.jiraactions.api.measure.ActionMeter$measure$2.invoke(ActionMeter.kt:80) ~[virtual-users.jar:?]
	at com.atlassian.performance.tools.jiraactions.api.measure.ActionMeter$measure$2.invoke(ActionMeter.kt:25) ~[virtual-users.jar:?]
	at com.atlassian.performance.tools.jiraactions.api.measure.ActionMeter.record(ActionMeter.kt:102) ~[virtual-users.jar:?]
	at com.atlassian.performance.tools.jiraactions.api.measure.ActionMeter.measure(ActionMeter.kt:79) ~[virtual-users.jar:?]
	at com.atlassian.performance.tools.jiraactions.api.action.SearchJqlAction.run(SearchJqlAction.kt:21) ~[virtual-users.jar:?]
	at com.atlassian.performance.tools.virtualusers.ExploratoryVirtualUser.runWithDiagnostics(ExploratoryVirtualUser.kt:79) ~[virtual-users.jar:?]
	... 9 more
Caused by: org.openqa.selenium.NoSuchElementException: Cannot locate an element using By.cssSelector: div.form-body div.error
For documentation on this error, please visit: http://seleniumhq.org/exceptions/no_such_element.html
Build info: version: 'unknown', revision: 'unknown', time: 'unknown'
System info: host: 'ip-10-0-0-94', ip: '10.0.0.94', os.name: 'Linux', os.arch: 'amd64', os.version: '4.4.0-1067-aws', java.version: '1.8.0_212'
Driver info: driver.version: unknown
	at org.openqa.selenium.support.ui.ExpectedConditions.lambda$findElement$0(ExpectedConditions.java:896) ~[virtual-users.jar:?]
	at java.util.Optional.orElseThrow(Optional.java:290) ~[?:1.8.0_212]
	at org.openqa.selenium.support.ui.ExpectedConditions.findElement(ExpectedConditions.java:895) ~[virtual-users.jar:?]
	at org.openqa.selenium.support.ui.ExpectedConditions.access$000(ExpectedConditions.java:44) ~[virtual-users.jar:?]
	at org.openqa.selenium.support.ui.ExpectedConditions$6.apply(ExpectedConditions.java:183) ~[virtual-users.jar:?]
	at org.openqa.selenium.support.ui.ExpectedConditions$6.apply(ExpectedConditions.java:180) ~[virtual-users.jar:?]
	at org.openqa.selenium.support.ui.ExpectedConditions$47.apply(ExpectedConditions.java:1427) ~[virtual-users.jar:?]
	at org.openqa.selenium.support.ui.ExpectedConditions$47.apply(ExpectedConditions.java:1421) ~[virtual-users.jar:?]
	at org.openqa.selenium.support.ui.ExpectedConditions$47.apply(ExpectedConditions.java:1427) ~[virtual-users.jar:?]
	at org.openqa.selenium.support.ui.ExpectedConditions$47.apply(ExpectedConditions.java:1421) ~[virtual-users.jar:?]
	at org.openqa.selenium.support.ui.FluentWait.until(FluentWait.java:248) ~[virtual-users.jar:?]
	at com.atlassian.performance.tools.jiraactions.api.page.WebDriverUtils.wait(WebDriverExtension.kt:25) ~[virtual-users.jar:?]
	at com.atlassian.performance.tools.jiraactions.api.page.WebDriverUtils.wait$default(WebDriverExtension.kt:19) ~[virtual-users.jar:?]
	at com.atlassian.performance.tools.jiraactions.api.page.IssueNavigatorPage.waitForIssueNavigator(IssueNavigatorPage.kt:19) ~[virtual-users.jar:?]
	at com.atlassian.performance.tools.jiraactions.api.action.SearchJqlAction$run$issueNavigatorPage$1.invoke(SearchJqlAction.kt:23) ~[virtual-users.jar:?]
	at com.atlassian.performance.tools.jiraactions.api.action.SearchJqlAction$run$issueNavigatorPage$1.invoke(SearchJqlAction.kt:12) ~[virtual-users.jar:?]
	at com.atlassian.performance.tools.jiraactions.api.measure.ActionMeter$measure$2.invoke(ActionMeter.kt:80) ~[virtual-users.jar:?]
	at com.atlassian.performance.tools.jiraactions.api.measure.ActionMeter$measure$2.invoke(ActionMeter.kt:25) ~[virtual-users.jar:?]
	at com.atlassian.performance.tools.jiraactions.api.measure.ActionMeter.record(ActionMeter.kt:102) ~[virtual-users.jar:?]
	at com.atlassian.performance.tools.jiraactions.api.measure.ActionMeter.measure(ActionMeter.kt:79) ~[virtual-users.jar:?]
	at com.atlassian.performance.tools.jiraactions.api.action.SearchJqlAction.run(SearchJqlAction.kt:21) ~[virtual-users.jar:?]
	at com.atlassian.performance.tools.virtualusers.ExploratoryVirtualUser.runWithDiagnostics(ExploratoryVirtualUser.kt:79) ~[virtual-users.jar:?]
	... 9 more
2019-07-22T13:12:55,477Z DEBUG {} [applying load #a7c7913d-8861-41b8-b748-aba5d7086bb0] [SeededRandom] Using seed 1563801175
2019-07-22T13:13:03,478Z DEBUG {} [applying load #452d3e65-5a2a-48c2-aee0-92d8e22039ab] [SeededRandom] Using seed 1563801183
2019-07-22T13:13:06,167Z DEBUG {} [applying load #2149cb1c-499c-4b71-ae97-86310a3e297f] [SeededRandom] Using seed 1563801186
2019-07-22T13:13:12,954Z DEBUG {} [applying load #452d3e65-5a2a-48c2-aee0-92d8e22039ab] [SeededRandom] Using seed 1563801192
2019-07-22T13:13:27,433Z DEBUG {} [applying load #cb4ca8fb-84ef-40b0-9da5-b755de0fed5f] [SeededRandom] Using seed 1563801207
2019-07-22T13:13:37,002Z DEBUG {} [applying load #4aa3a58b-223c-4fe4-a0ce-08b2b2357d85] [SeededRandom] Using seed 1563801217
2019-07-22T13:13:44,625Z DEBUG {} [applying load #dbb39fdf-19e7-4afc-b5fc-d8c9e70ecf50] [SeededRandom] Using seed 1563801224
2019-07-22T13:13:51,310Z INFO  {} [] [LoadTest] Closing segments
2019-07-22T13:13:51,393Z ERROR {} [applying load #47074dbb-09fa-4d50-a073-da045f3e86fb] [ExploratoryVirtualUser] Failed to run com.atlassian.performance.tools.jirasoftwareactions.api.actions.ViewBacklogAction@7074aeaf, but we keep running
java.lang.Exception: Failed to run com.atlassian.performance.tools.jirasoftwareactions.api.actions.ViewBacklogAction@7074aeaf
	at com.atlassian.performance.tools.virtualusers.ExploratoryVirtualUser.runWithDiagnostics(ExploratoryVirtualUser.kt:82) ~[virtual-users.jar:?]
	at com.atlassian.performance.tools.virtualusers.ExploratoryVirtualUser.applyLoad(ExploratoryVirtualUser.kt:56) [virtual-users.jar:?]
	at com.atlassian.performance.tools.virtualusers.LoadTest.applyLoad(LoadTest.kt:164) [virtual-users.jar:?]
	at com.atlassian.performance.tools.virtualusers.LoadTest.access$applyLoad(LoadTest.kt:36) [virtual-users.jar:?]
	at com.atlassian.performance.tools.virtualusers.LoadTest$applyLoad$$inlined$forEach$lambda$1.run(LoadTest.kt:111) [virtual-users.jar:?]
	at java.util.concurrent.Executors$RunnableAdapter.call(Executors.java:511) [?:1.8.0_212]
	at java.util.concurrent.FutureTask.run(FutureTask.java:266) [?:1.8.0_212]
	at java.util.concurrent.ThreadPoolExecutor.runWorker(ThreadPoolExecutor.java:1149) [?:1.8.0_212]
	at java.util.concurrent.ThreadPoolExecutor$Worker.run(ThreadPoolExecutor.java:624) [?:1.8.0_212]
	at java.lang.Thread.run(Thread.java:748) [?:1.8.0_212]
Caused by: java.io.IOException: Stream closed
	at java.io.BufferedWriter.ensureOpen(BufferedWriter.java:116) ~[?:1.8.0_212]
	at java.io.BufferedWriter.write(BufferedWriter.java:221) ~[?:1.8.0_212]
	at java.io.Writer.write(Writer.java:157) ~[?:1.8.0_212]
	at java.io.Writer.append(Writer.java:227) ~[?:1.8.0_212]
	at java.io.Writer.append(Writer.java:50) ~[?:1.8.0_212]
	at com.atlassian.performance.tools.jiraactions.api.measure.output.AppendableActionMetricOutput.write(AppendableActionMetricOutput.kt:15) ~[virtual-users.jar:?]
	at com.atlassian.performance.tools.jiraactions.api.measure.ActionMeter.record(ActionMeter.kt:122) ~[virtual-users.jar:?]
	at com.atlassian.performance.tools.jiraactions.api.measure.ActionMeter.measure(ActionMeter.kt:79) ~[virtual-users.jar:?]
	at com.atlassian.performance.tools.jirasoftwareactions.api.actions.ViewBacklogAction.run(ViewBacklogAction.kt:56) ~[virtual-users.jar:?]
	at com.atlassian.performance.tools.virtualusers.ExploratoryVirtualUser.runWithDiagnostics(ExploratoryVirtualUser.kt:79) ~[virtual-users.jar:?]
	... 9 more
2019-07-22T13:13:51,393Z INFO  {} [applying load #47074dbb-09fa-4d50-a073-da045f3e86fb] [ExploratoryVirtualUser] Done applying load
2019-07-22T13:13:51,400Z ERROR {} [applying load #dbb39fdf-19e7-4afc-b5fc-d8c9e70ecf50] [ExploratoryVirtualUser] Failed to run com.atlassian.performance.tools.jiraactions.api.action.SearchJqlAction@1ded83a9, but we keep running
java.lang.Exception: Failed to run com.atlassian.performance.tools.jiraactions.api.action.SearchJqlAction@1ded83a9
	at com.atlassian.performance.tools.virtualusers.ExploratoryVirtualUser.runWithDiagnostics(ExploratoryVirtualUser.kt:82) ~[virtual-users.jar:?]
	at com.atlassian.performance.tools.virtualusers.ExploratoryVirtualUser.applyLoad(ExploratoryVirtualUser.kt:56) [virtual-users.jar:?]
	at com.atlassian.performance.tools.virtualusers.LoadTest.applyLoad(LoadTest.kt:164) [virtual-users.jar:?]
	at com.atlassian.performance.tools.virtualusers.LoadTest.access$applyLoad(LoadTest.kt:36) [virtual-users.jar:?]
	at com.atlassian.performance.tools.virtualusers.LoadTest$applyLoad$$inlined$forEach$lambda$1.run(LoadTest.kt:111) [virtual-users.jar:?]
	at java.util.concurrent.Executors$RunnableAdapter.call(Executors.java:511) [?:1.8.0_212]
	at java.util.concurrent.FutureTask.run(FutureTask.java:266) [?:1.8.0_212]
	at java.util.concurrent.ThreadPoolExecutor.runWorker(ThreadPoolExecutor.java:1149) [?:1.8.0_212]
	at java.util.concurrent.ThreadPoolExecutor$Worker.run(ThreadPoolExecutor.java:624) [?:1.8.0_212]
	at java.lang.Thread.run(Thread.java:748) [?:1.8.0_212]
Caused by: java.io.IOException: Stream closed
	at java.io.BufferedWriter.ensureOpen(BufferedWriter.java:116) ~[?:1.8.0_212]
	at java.io.BufferedWriter.write(BufferedWriter.java:221) ~[?:1.8.0_212]
	at java.io.Writer.write(Writer.java:157) ~[?:1.8.0_212]
	at java.io.Writer.append(Writer.java:227) ~[?:1.8.0_212]
	at java.io.Writer.append(Writer.java:50) ~[?:1.8.0_212]
	at com.atlassian.performance.tools.jiraactions.api.measure.output.AppendableActionMetricOutput.write(AppendableActionMetricOutput.kt:15) ~[virtual-users.jar:?]
	at com.atlassian.performance.tools.jiraactions.api.measure.ActionMeter.record(ActionMeter.kt:122) ~[virtual-users.jar:?]
	at com.atlassian.performance.tools.jiraactions.api.measure.ActionMeter.measure(ActionMeter.kt:79) ~[virtual-users.jar:?]
	at com.atlassian.performance.tools.jiraactions.api.action.SearchJqlAction.run(SearchJqlAction.kt:21) ~[virtual-users.jar:?]
	at com.atlassian.performance.tools.virtualusers.ExploratoryVirtualUser.runWithDiagnostics(ExploratoryVirtualUser.kt:79) ~[virtual-users.jar:?]
	... 9 more
2019-07-22T13:13:51,400Z INFO  {} [applying load #dbb39fdf-19e7-4afc-b5fc-d8c9e70ecf50] [ExploratoryVirtualUser] Done applying load
2019-07-22T13:13:51,400Z ERROR {} [applying load #b07392eb-5713-4a1a-9e3e-2556b600cec1] [ExploratoryVirtualUser] Failed to run com.atlassian.performance.tools.jirasoftwareactions.api.actions.ViewBacklogAction@4e4694b2, but we keep running
java.lang.Exception: Failed to run com.atlassian.performance.tools.jirasoftwareactions.api.actions.ViewBacklogAction@4e4694b2
	at com.atlassian.performance.tools.virtualusers.ExploratoryVirtualUser.runWithDiagnostics(ExploratoryVirtualUser.kt:82) ~[virtual-users.jar:?]
	at com.atlassian.performance.tools.virtualusers.ExploratoryVirtualUser.applyLoad(ExploratoryVirtualUser.kt:56) [virtual-users.jar:?]
	at com.atlassian.performance.tools.virtualusers.LoadTest.applyLoad(LoadTest.kt:164) [virtual-users.jar:?]
	at com.atlassian.performance.tools.virtualusers.LoadTest.access$applyLoad(LoadTest.kt:36) [virtual-users.jar:?]
	at com.atlassian.performance.tools.virtualusers.LoadTest$applyLoad$$inlined$forEach$lambda$1.run(LoadTest.kt:111) [virtual-users.jar:?]
	at java.util.concurrent.Executors$RunnableAdapter.call(Executors.java:511) [?:1.8.0_212]
	at java.util.concurrent.FutureTask.run(FutureTask.java:266) [?:1.8.0_212]
	at java.util.concurrent.ThreadPoolExecutor.runWorker(ThreadPoolExecutor.java:1149) [?:1.8.0_212]
	at java.util.concurrent.ThreadPoolExecutor$Worker.run(ThreadPoolExecutor.java:624) [?:1.8.0_212]
	at java.lang.Thread.run(Thread.java:748) [?:1.8.0_212]
Caused by: java.io.IOException: Stream closed
	at java.io.BufferedWriter.ensureOpen(BufferedWriter.java:116) ~[?:1.8.0_212]
	at java.io.BufferedWriter.write(BufferedWriter.java:221) ~[?:1.8.0_212]
	at java.io.Writer.write(Writer.java:157) ~[?:1.8.0_212]
	at java.io.Writer.append(Writer.java:227) ~[?:1.8.0_212]
	at java.io.Writer.append(Writer.java:50) ~[?:1.8.0_212]
	at com.atlassian.performance.tools.jiraactions.api.measure.output.AppendableActionMetricOutput.write(AppendableActionMetricOutput.kt:15) ~[virtual-users.jar:?]
	at com.atlassian.performance.tools.jiraactions.api.measure.ActionMeter.record(ActionMeter.kt:122) ~[virtual-users.jar:?]
	at com.atlassian.performance.tools.jiraactions.api.measure.ActionMeter.measure(ActionMeter.kt:79) ~[virtual-users.jar:?]
	at com.atlassian.performance.tools.jirasoftwareactions.api.actions.ViewBacklogAction.run(ViewBacklogAction.kt:56) ~[virtual-users.jar:?]
	at com.atlassian.performance.tools.virtualusers.ExploratoryVirtualUser.runWithDiagnostics(ExploratoryVirtualUser.kt:79) ~[virtual-users.jar:?]
	... 9 more
2019-07-22T13:13:51,401Z INFO  {} [applying load #b07392eb-5713-4a1a-9e3e-2556b600cec1] [ExploratoryVirtualUser] Done applying load
2019-07-22T13:13:51,510Z ERROR {} [applying load #a7c7913d-8861-41b8-b748-aba5d7086bb0] [ExploratoryVirtualUser] Failed to run com.atlassian.performance.tools.jiraactions.api.action.SearchJqlAction@49312308, but we keep running
java.lang.Exception: Failed to run com.atlassian.performance.tools.jiraactions.api.action.SearchJqlAction@49312308
	at com.atlassian.performance.tools.virtualusers.ExploratoryVirtualUser.runWithDiagnostics(ExploratoryVirtualUser.kt:82) ~[virtual-users.jar:?]
	at com.atlassian.performance.tools.virtualusers.ExploratoryVirtualUser.applyLoad(ExploratoryVirtualUser.kt:56) [virtual-users.jar:?]
	at com.atlassian.performance.tools.virtualusers.LoadTest.applyLoad(LoadTest.kt:164) [virtual-users.jar:?]
	at com.atlassian.performance.tools.virtualusers.LoadTest.access$applyLoad(LoadTest.kt:36) [virtual-users.jar:?]
	at com.atlassian.performance.tools.virtualusers.LoadTest$applyLoad$$inlined$forEach$lambda$1.run(LoadTest.kt:111) [virtual-users.jar:?]
	at java.util.concurrent.Executors$RunnableAdapter.call(Executors.java:511) [?:1.8.0_212]
	at java.util.concurrent.FutureTask.run(FutureTask.java:266) [?:1.8.0_212]
	at java.util.concurrent.ThreadPoolExecutor.runWorker(ThreadPoolExecutor.java:1149) [?:1.8.0_212]
	at java.util.concurrent.ThreadPoolExecutor$Worker.run(ThreadPoolExecutor.java:624) [?:1.8.0_212]
	at java.lang.Thread.run(Thread.java:748) [?:1.8.0_212]
Caused by: java.io.IOException: Stream closed
	at java.io.BufferedWriter.ensureOpen(BufferedWriter.java:116) ~[?:1.8.0_212]
	at java.io.BufferedWriter.write(BufferedWriter.java:221) ~[?:1.8.0_212]
	at java.io.Writer.write(Writer.java:157) ~[?:1.8.0_212]
	at java.io.Writer.append(Writer.java:227) ~[?:1.8.0_212]
	at java.io.Writer.append(Writer.java:50) ~[?:1.8.0_212]
	at com.atlassian.performance.tools.jiraactions.api.measure.output.AppendableActionMetricOutput.write(AppendableActionMetricOutput.kt:15) ~[virtual-users.jar:?]
	at com.atlassian.performance.tools.jiraactions.api.measure.ActionMeter.record(ActionMeter.kt:122) ~[virtual-users.jar:?]
	at com.atlassian.performance.tools.jiraactions.api.measure.ActionMeter.measure(ActionMeter.kt:79) ~[virtual-users.jar:?]
	at com.atlassian.performance.tools.jiraactions.api.action.SearchJqlAction.run(SearchJqlAction.kt:21) ~[virtual-users.jar:?]
	at com.atlassian.performance.tools.virtualusers.ExploratoryVirtualUser.runWithDiagnostics(ExploratoryVirtualUser.kt:79) ~[virtual-users.jar:?]
	... 9 more
2019-07-22T13:13:51,511Z INFO  {} [applying load #a7c7913d-8861-41b8-b748-aba5d7086bb0] [ExploratoryVirtualUser] Done applying load
2019-07-22T13:13:51,529Z ERROR {} [applying load #8de76db5-c6a2-4389-9ca2-488c081fee1a] [ExploratoryVirtualUser] Failed to run com.atlassian.performance.tools.jirasoftwareactions.api.actions.ViewBacklogAction@59ce2a5d, but we keep running
java.lang.Exception: Failed to run com.atlassian.performance.tools.jirasoftwareactions.api.actions.ViewBacklogAction@59ce2a5d
	at com.atlassian.performance.tools.virtualusers.ExploratoryVirtualUser.runWithDiagnostics(ExploratoryVirtualUser.kt:82) ~[virtual-users.jar:?]
	at com.atlassian.performance.tools.virtualusers.ExploratoryVirtualUser.applyLoad(ExploratoryVirtualUser.kt:56) [virtual-users.jar:?]
	at com.atlassian.performance.tools.virtualusers.LoadTest.applyLoad(LoadTest.kt:164) [virtual-users.jar:?]
	at com.atlassian.performance.tools.virtualusers.LoadTest.access$applyLoad(LoadTest.kt:36) [virtual-users.jar:?]
	at com.atlassian.performance.tools.virtualusers.LoadTest$applyLoad$$inlined$forEach$lambda$1.run(LoadTest.kt:111) [virtual-users.jar:?]
	at java.util.concurrent.Executors$RunnableAdapter.call(Executors.java:511) [?:1.8.0_212]
	at java.util.concurrent.FutureTask.run(FutureTask.java:266) [?:1.8.0_212]
	at java.util.concurrent.ThreadPoolExecutor.runWorker(ThreadPoolExecutor.java:1149) [?:1.8.0_212]
	at java.util.concurrent.ThreadPoolExecutor$Worker.run(ThreadPoolExecutor.java:624) [?:1.8.0_212]
	at java.lang.Thread.run(Thread.java:748) [?:1.8.0_212]
Caused by: java.io.IOException: Stream closed
	at java.io.BufferedWriter.ensureOpen(BufferedWriter.java:116) ~[?:1.8.0_212]
	at java.io.BufferedWriter.write(BufferedWriter.java:221) ~[?:1.8.0_212]
	at java.io.Writer.write(Writer.java:157) ~[?:1.8.0_212]
	at java.io.Writer.append(Writer.java:227) ~[?:1.8.0_212]
	at java.io.Writer.append(Writer.java:50) ~[?:1.8.0_212]
	at com.atlassian.performance.tools.jiraactions.api.measure.output.AppendableActionMetricOutput.write(AppendableActionMetricOutput.kt:15) ~[virtual-users.jar:?]
	at com.atlassian.performance.tools.jiraactions.api.measure.ActionMeter.record(ActionMeter.kt:122) ~[virtual-users.jar:?]
	at com.atlassian.performance.tools.jiraactions.api.measure.ActionMeter.measure(ActionMeter.kt:79) ~[virtual-users.jar:?]
	at com.atlassian.performance.tools.jirasoftwareactions.api.actions.ViewBacklogAction.run(ViewBacklogAction.kt:56) ~[virtual-users.jar:?]
	at com.atlassian.performance.tools.virtualusers.ExploratoryVirtualUser.runWithDiagnostics(ExploratoryVirtualUser.kt:79) ~[virtual-users.jar:?]
	... 9 more
2019-07-22T13:13:51,529Z INFO  {} [applying load #8de76db5-c6a2-4389-9ca2-488c081fee1a] [ExploratoryVirtualUser] Done applying load
2019-07-22T13:13:51,585Z ERROR {} [applying load #4aa3a58b-223c-4fe4-a0ce-08b2b2357d85] [ExploratoryVirtualUser] Failed to run com.atlassian.performance.tools.jiraactions.api.action.SearchJqlAction@445a9bc, but we keep running
java.lang.Exception: Failed to run com.atlassian.performance.tools.jiraactions.api.action.SearchJqlAction@445a9bc
	at com.atlassian.performance.tools.virtualusers.ExploratoryVirtualUser.runWithDiagnostics(ExploratoryVirtualUser.kt:82) ~[virtual-users.jar:?]
	at com.atlassian.performance.tools.virtualusers.ExploratoryVirtualUser.applyLoad(ExploratoryVirtualUser.kt:56) [virtual-users.jar:?]
	at com.atlassian.performance.tools.virtualusers.LoadTest.applyLoad(LoadTest.kt:164) [virtual-users.jar:?]
	at com.atlassian.performance.tools.virtualusers.LoadTest.access$applyLoad(LoadTest.kt:36) [virtual-users.jar:?]
	at com.atlassian.performance.tools.virtualusers.LoadTest$applyLoad$$inlined$forEach$lambda$1.run(LoadTest.kt:111) [virtual-users.jar:?]
	at java.util.concurrent.Executors$RunnableAdapter.call(Executors.java:511) [?:1.8.0_212]
	at java.util.concurrent.FutureTask.run(FutureTask.java:266) [?:1.8.0_212]
	at java.util.concurrent.ThreadPoolExecutor.runWorker(ThreadPoolExecutor.java:1149) [?:1.8.0_212]
	at java.util.concurrent.ThreadPoolExecutor$Worker.run(ThreadPoolExecutor.java:624) [?:1.8.0_212]
	at java.lang.Thread.run(Thread.java:748) [?:1.8.0_212]
Caused by: java.io.IOException: Stream closed
	at java.io.BufferedWriter.ensureOpen(BufferedWriter.java:116) ~[?:1.8.0_212]
	at java.io.BufferedWriter.write(BufferedWriter.java:221) ~[?:1.8.0_212]
	at java.io.Writer.write(Writer.java:157) ~[?:1.8.0_212]
	at java.io.Writer.append(Writer.java:227) ~[?:1.8.0_212]
	at java.io.Writer.append(Writer.java:50) ~[?:1.8.0_212]
	at com.atlassian.performance.tools.jiraactions.api.measure.output.AppendableActionMetricOutput.write(AppendableActionMetricOutput.kt:15) ~[virtual-users.jar:?]
	at com.atlassian.performance.tools.jiraactions.api.measure.ActionMeter.record(ActionMeter.kt:122) ~[virtual-users.jar:?]
	at com.atlassian.performance.tools.jiraactions.api.measure.ActionMeter.measure(ActionMeter.kt:79) ~[virtual-users.jar:?]
	at com.atlassian.performance.tools.jiraactions.api.action.SearchJqlAction.run(SearchJqlAction.kt:21) ~[virtual-users.jar:?]
	at com.atlassian.performance.tools.virtualusers.ExploratoryVirtualUser.runWithDiagnostics(ExploratoryVirtualUser.kt:79) ~[virtual-users.jar:?]
	... 9 more
2019-07-22T13:13:51,585Z INFO  {} [applying load #4aa3a58b-223c-4fe4-a0ce-08b2b2357d85] [ExploratoryVirtualUser] Done applying load
2019-07-22T13:13:51,742Z ERROR {} [applying load #cb4ca8fb-84ef-40b0-9da5-b755de0fed5f] [ExploratoryVirtualUser] Failed to run com.atlassian.performance.tools.jiraactions.api.action.ViewIssueAction@70e07ff1, but we keep running
java.lang.Exception: Failed to run com.atlassian.performance.tools.jiraactions.api.action.ViewIssueAction@70e07ff1
	at com.atlassian.performance.tools.virtualusers.ExploratoryVirtualUser.runWithDiagnostics(ExploratoryVirtualUser.kt:82) ~[virtual-users.jar:?]
	at com.atlassian.performance.tools.virtualusers.ExploratoryVirtualUser.applyLoad(ExploratoryVirtualUser.kt:56) [virtual-users.jar:?]
	at com.atlassian.performance.tools.virtualusers.LoadTest.applyLoad(LoadTest.kt:164) [virtual-users.jar:?]
	at com.atlassian.performance.tools.virtualusers.LoadTest.access$applyLoad(LoadTest.kt:36) [virtual-users.jar:?]
	at com.atlassian.performance.tools.virtualusers.LoadTest$applyLoad$$inlined$forEach$lambda$1.run(LoadTest.kt:111) [virtual-users.jar:?]
	at java.util.concurrent.Executors$RunnableAdapter.call(Executors.java:511) [?:1.8.0_212]
	at java.util.concurrent.FutureTask.run(FutureTask.java:266) [?:1.8.0_212]
	at java.util.concurrent.ThreadPoolExecutor.runWorker(ThreadPoolExecutor.java:1149) [?:1.8.0_212]
	at java.util.concurrent.ThreadPoolExecutor$Worker.run(ThreadPoolExecutor.java:624) [?:1.8.0_212]
	at java.lang.Thread.run(Thread.java:748) [?:1.8.0_212]
Caused by: java.io.IOException: Stream closed
	at java.io.BufferedWriter.ensureOpen(BufferedWriter.java:116) ~[?:1.8.0_212]
	at java.io.BufferedWriter.write(BufferedWriter.java:221) ~[?:1.8.0_212]
	at java.io.Writer.write(Writer.java:157) ~[?:1.8.0_212]
	at java.io.Writer.append(Writer.java:227) ~[?:1.8.0_212]
	at java.io.Writer.append(Writer.java:50) ~[?:1.8.0_212]
	at com.atlassian.performance.tools.jiraactions.api.measure.output.AppendableActionMetricOutput.write(AppendableActionMetricOutput.kt:15) ~[virtual-users.jar:?]
	at com.atlassian.performance.tools.jiraactions.api.measure.ActionMeter.record(ActionMeter.kt:122) ~[virtual-users.jar:?]
	at com.atlassian.performance.tools.jiraactions.api.measure.ActionMeter.measure(ActionMeter.kt:79) ~[virtual-users.jar:?]
	at com.atlassian.performance.tools.jiraactions.api.measure.ActionMeter.measure(ActionMeter.kt:57) ~[virtual-users.jar:?]
	at com.atlassian.performance.tools.jiraactions.api.action.ViewIssueAction.run(ViewIssueAction.kt:28) ~[virtual-users.jar:?]
	at com.atlassian.performance.tools.virtualusers.ExploratoryVirtualUser.runWithDiagnostics(ExploratoryVirtualUser.kt:79) ~[virtual-users.jar:?]
	... 9 more
2019-07-22T13:13:51,743Z INFO  {} [applying load #cb4ca8fb-84ef-40b0-9da5-b755de0fed5f] [ExploratoryVirtualUser] Done applying load
2019-07-22T13:13:52,335Z INFO  {} [applying load #2149cb1c-499c-4b71-ae97-86310a3e297f] [ExploratoryVirtualUser] Done applying load
2019-07-22T13:13:54,183Z INFO  {} [applying load #452d3e65-5a2a-48c2-aee0-92d8e22039ab] [ExploratoryVirtualUser] Done applying load
2019-07-22T13:13:54,223Z INFO  {} [applying load #2f041651-e303-45d8-b7aa-98a9ca12836f] [ExploratoryVirtualUser] Done applying load
2019-07-22T13:14:15,175Z ERROR {} [applying load #2bf4d3bb-4b7a-42a0-a75e-f56d36155cdb] [ExploratoryVirtualUser] Failed to run com.atlassian.performance.tools.jiraactions.api.action.SearchJqlAction@ff8c231, but we keep running
java.lang.Exception: Failed to run com.atlassian.performance.tools.jiraactions.api.action.SearchJqlAction@ff8c231
	at com.atlassian.performance.tools.virtualusers.ExploratoryVirtualUser.runWithDiagnostics(ExploratoryVirtualUser.kt:82) ~[virtual-users.jar:?]
	at com.atlassian.performance.tools.virtualusers.ExploratoryVirtualUser.applyLoad(ExploratoryVirtualUser.kt:56) [virtual-users.jar:?]
	at com.atlassian.performance.tools.virtualusers.LoadTest.applyLoad(LoadTest.kt:164) [virtual-users.jar:?]
	at com.atlassian.performance.tools.virtualusers.LoadTest.access$applyLoad(LoadTest.kt:36) [virtual-users.jar:?]
	at com.atlassian.performance.tools.virtualusers.LoadTest$applyLoad$$inlined$forEach$lambda$1.run(LoadTest.kt:111) [virtual-users.jar:?]
	at java.util.concurrent.Executors$RunnableAdapter.call(Executors.java:511) [?:1.8.0_212]
	at java.util.concurrent.FutureTask.run(FutureTask.java:266) [?:1.8.0_212]
	at java.util.concurrent.ThreadPoolExecutor.runWorker(ThreadPoolExecutor.java:1149) [?:1.8.0_212]
	at java.util.concurrent.ThreadPoolExecutor$Worker.run(ThreadPoolExecutor.java:624) [?:1.8.0_212]
	at java.lang.Thread.run(Thread.java:748) [?:1.8.0_212]
Caused by: java.io.IOException: Stream closed
	at java.io.BufferedWriter.ensureOpen(BufferedWriter.java:116) ~[?:1.8.0_212]
	at java.io.BufferedWriter.write(BufferedWriter.java:221) ~[?:1.8.0_212]
	at java.io.Writer.write(Writer.java:157) ~[?:1.8.0_212]
	at java.io.Writer.append(Writer.java:227) ~[?:1.8.0_212]
	at java.io.Writer.append(Writer.java:50) ~[?:1.8.0_212]
	at com.atlassian.performance.tools.jiraactions.api.measure.output.AppendableActionMetricOutput.write(AppendableActionMetricOutput.kt:15) ~[virtual-users.jar:?]
	at com.atlassian.performance.tools.jiraactions.api.measure.ActionMeter.record(ActionMeter.kt:122) ~[virtual-users.jar:?]
	at com.atlassian.performance.tools.jiraactions.api.measure.ActionMeter.measure(ActionMeter.kt:79) ~[virtual-users.jar:?]
	at com.atlassian.performance.tools.jiraactions.api.action.SearchJqlAction.run(SearchJqlAction.kt:21) ~[virtual-users.jar:?]
	at com.atlassian.performance.tools.virtualusers.ExploratoryVirtualUser.runWithDiagnostics(ExploratoryVirtualUser.kt:79) ~[virtual-users.jar:?]
	... 9 more
2019-07-22T13:14:15,175Z INFO  {} [applying load #2bf4d3bb-4b7a-42a0-a75e-f56d36155cdb] [ExploratoryVirtualUser] Done applying load
2019-07-22T13:14:21,319Z WARN  {} [] [Companion] Failed to close WebDriver
java.util.concurrent.TimeoutException: null
	at java.util.concurrent.FutureTask.get(FutureTask.java:205) ~[?:1.8.0_212]
	at com.atlassian.performance.tools.virtualusers.LoadSegment.close(LoadSegment.kt:31) [virtual-users.jar:?]
	at com.atlassian.performance.tools.virtualusers.LoadTest$close$1$1.run(LoadTest.kt:204) [virtual-users.jar:?]
	at java.util.concurrent.Executors$RunnableAdapter.call(Executors.java:511) [?:1.8.0_212]
	at java.util.concurrent.FutureTask.run(FutureTask.java:266) [?:1.8.0_212]
	at java.util.concurrent.ThreadPoolExecutor.runWorker(ThreadPoolExecutor.java:1149) [?:1.8.0_212]
	at java.util.concurrent.ThreadPoolExecutor$Worker.run(ThreadPoolExecutor.java:624) [?:1.8.0_212]
	at java.lang.Thread.run(Thread.java:748) [?:1.8.0_212]
2019-07-22T13:14:21,320Z INFO  {} [] [LoadTest] Segments closed
2019-07-22T13:14:21,327Z DEBUG {} [] [LoadTest] Dumped node's counts to test-results/nodes.csv
