2019-07-22T12:52:17,045Z DEBUG {} [] [SeededRandom] Using seed 12345
2019-07-22T12:52:17,053Z INFO  {} [] [LoadTest] Holding for PT1M.
2019-07-22T12:53:17,056Z DEBUG {} [] [LoadTest] Skipped the setup
2019-07-22T12:53:17,081Z DEBUG {} [] [GoogleChrome] Starting Chrome
2019-07-22T12:53:18,026Z DEBUG {} [] [GoogleChrome] Starting Chrome
2019-07-22T12:53:18,362Z DEBUG {} [] [GoogleChrome] Starting Chrome
2019-07-22T12:53:18,689Z DEBUG {} [] [GoogleChrome] Starting Chrome
2019-07-22T12:53:19,009Z DEBUG {} [] [GoogleChrome] Starting Chrome
2019-07-22T12:53:19,338Z DEBUG {} [] [GoogleChrome] Starting Chrome
2019-07-22T12:53:19,661Z DEBUG {} [] [GoogleChrome] Starting Chrome
2019-07-22T12:53:20,000Z DEBUG {} [] [GoogleChrome] Starting Chrome
2019-07-22T12:53:20,362Z DEBUG {} [] [GoogleChrome] Starting Chrome
2019-07-22T12:53:20,685Z DEBUG {} [] [GoogleChrome] Starting Chrome
2019-07-22T12:53:21,018Z DEBUG {} [] [GoogleChrome] Starting Chrome
2019-07-22T12:53:21,362Z DEBUG {} [] [GoogleChrome] Starting Chrome
2019-07-22T12:53:22,519Z DEBUG {} [applying load #3e020404-5618-409a-84f4-2ce47d577c13, create user via REST] [TaskTimer] The task took PT0.76S
2019-07-22T12:53:22,521Z INFO  {} [applying load #3e020404-5618-409a-84f4-2ce47d577c13] [RestUserGenerator] Created a new user jpt-7523bd3c-4f7f-4f68-b54c-735f003dcf02
2019-07-22T12:53:22,522Z INFO  {} [applying load #3e020404-5618-409a-84f4-2ce47d577c13] [LoadTest] Waiting for PT4.8S
2019-07-22T12:53:23,635Z DEBUG {} [applying load #facb1f3a-9c68-402b-8a47-b406d1ab1569, create user via REST] [TaskTimer] The task took PT1.878S
2019-07-22T12:53:23,636Z INFO  {} [applying load #facb1f3a-9c68-402b-8a47-b406d1ab1569] [RestUserGenerator] Created a new user jpt-fde732a0-fa17-4a3a-a3a9-de6bf1863354
2019-07-22T12:53:23,637Z WARN  {} [applying load #facb1f3a-9c68-402b-8a47-b406d1ab1569] [LoadTest] Ramp time prolonged by user generation by PT0.689S
2019-07-22T12:53:23,651Z DEBUG {} [applying load #facb1f3a-9c68-402b-8a47-b406d1ab1569] [SeededRandom] Using seed 6674089274190705457
2019-07-22T12:53:23,700Z INFO  {} [applying load #facb1f3a-9c68-402b-8a47-b406d1ab1569] [ExploratoryVirtualUser] Applying load...
2019-07-22T12:53:23,827Z DEBUG {} [applying load #8c009f6b-b14f-4117-a7d0-ccbf1385a97b, create user via REST] [TaskTimer] The task took PT2.07S
2019-07-22T12:53:23,828Z INFO  {} [applying load #8c009f6b-b14f-4117-a7d0-ccbf1385a97b] [RestUserGenerator] Created a new user jpt-f0bf6677-d563-4a39-89d2-2c3b97c60f37
2019-07-22T12:53:23,828Z WARN  {} [applying load #8c009f6b-b14f-4117-a7d0-ccbf1385a97b] [LoadTest] Ramp time prolonged by user generation by PT0.256S
2019-07-22T12:53:23,828Z DEBUG {} [applying load #8c009f6b-b14f-4117-a7d0-ccbf1385a97b] [SeededRandom] Using seed -1528963862231680626
2019-07-22T12:53:23,829Z INFO  {} [applying load #8c009f6b-b14f-4117-a7d0-ccbf1385a97b] [ExploratoryVirtualUser] Applying load...
2019-07-22T12:53:24,058Z DEBUG {} [applying load #3e495b84-1eb4-438d-9a1c-e9e9a180b08c, create user via REST] [TaskTimer] The task took PT2.301S
2019-07-22T12:53:24,059Z INFO  {} [applying load #3e495b84-1eb4-438d-9a1c-e9e9a180b08c] [RestUserGenerator] Created a new user jpt-241e98f4-ea51-405d-a2c1-1106ce60bed3
2019-07-22T12:53:24,059Z WARN  {} [applying load #3e495b84-1eb4-438d-9a1c-e9e9a180b08c] [LoadTest] Ramp time prolonged by user generation by PT1.737S
2019-07-22T12:53:24,059Z DEBUG {} [applying load #3e495b84-1eb4-438d-9a1c-e9e9a180b08c] [SeededRandom] Using seed 6022414958441676900
2019-07-22T12:53:24,060Z INFO  {} [applying load #3e495b84-1eb4-438d-9a1c-e9e9a180b08c] [ExploratoryVirtualUser] Applying load...
2019-07-22T12:53:24,090Z DEBUG {} [applying load #582b4d8d-21f1-48a2-9e11-3867d69d2c44, create user via REST] [TaskTimer] The task took PT2.333S
2019-07-22T12:53:24,091Z INFO  {} [applying load #582b4d8d-21f1-48a2-9e11-3867d69d2c44] [RestUserGenerator] Created a new user jpt-aa7399cb-5391-417a-ac27-330e39a7e030
2019-07-22T12:53:24,091Z INFO  {} [applying load #582b4d8d-21f1-48a2-9e11-3867d69d2c44] [LoadTest] Waiting for PT3.856S
2019-07-22T12:53:24,179Z DEBUG {} [applying load #127a9233-f6b6-4ed6-9a18-8cbd997936d9, create user via REST] [TaskTimer] The task took PT2.422S
2019-07-22T12:53:24,180Z INFO  {} [applying load #127a9233-f6b6-4ed6-9a18-8cbd997936d9] [RestUserGenerator] Created a new user jpt-ac3a3ef1-29c5-473d-876e-2b40eb223bd5
2019-07-22T12:53:24,180Z INFO  {} [applying load #127a9233-f6b6-4ed6-9a18-8cbd997936d9] [LoadTest] Waiting for PT0.017S
2019-07-22T12:53:24,197Z DEBUG {} [applying load #127a9233-f6b6-4ed6-9a18-8cbd997936d9] [SeededRandom] Using seed 651833349628731322
2019-07-22T12:53:24,198Z INFO  {} [applying load #127a9233-f6b6-4ed6-9a18-8cbd997936d9] [ExploratoryVirtualUser] Applying load...
2019-07-22T12:53:24,589Z DEBUG {} [applying load #7c013af1-d88e-4c4f-a190-eb6b3e844226, create user via REST] [TaskTimer] The task took PT2.832S
2019-07-22T12:53:24,589Z INFO  {} [applying load #7c013af1-d88e-4c4f-a190-eb6b3e844226] [RestUserGenerator] Created a new user jpt-22762838-9598-4602-b4ab-bdae3bdbc38f
2019-07-22T12:53:24,590Z INFO  {} [applying load #7c013af1-d88e-4c4f-a190-eb6b3e844226] [LoadTest] Waiting for PT3.982S
2019-07-22T12:53:24,771Z DEBUG {} [applying load #3d176a3d-2666-4aae-afc1-6aeb03f35e48, create user via REST] [TaskTimer] The task took PT3.014S
2019-07-22T12:53:24,771Z INFO  {} [applying load #3d176a3d-2666-4aae-afc1-6aeb03f35e48] [RestUserGenerator] Created a new user jpt-220b806d-411f-4445-a6cf-8634afd9985c
2019-07-22T12:53:24,772Z INFO  {} [applying load #3d176a3d-2666-4aae-afc1-6aeb03f35e48] [LoadTest] Waiting for PT1.925S
2019-07-22T12:53:26,698Z DEBUG {} [applying load #3d176a3d-2666-4aae-afc1-6aeb03f35e48] [SeededRandom] Using seed 8265573421575953197
2019-07-22T12:53:26,699Z INFO  {} [applying load #3d176a3d-2666-4aae-afc1-6aeb03f35e48] [ExploratoryVirtualUser] Applying load...
2019-07-22T12:53:26,890Z DEBUG {} [applying load #158dce8a-6408-4090-b135-fe82986b9e67, create user via REST] [TaskTimer] The task took PT5.133S
2019-07-22T12:53:26,890Z INFO  {} [applying load #158dce8a-6408-4090-b135-fe82986b9e67] [RestUserGenerator] Created a new user jpt-4bf4dc8f-f25e-419d-95f0-8f33899859c8
2019-07-22T12:53:26,891Z WARN  {} [applying load #158dce8a-6408-4090-b135-fe82986b9e67] [LoadTest] Ramp time prolonged by user generation by PT2.069S
2019-07-22T12:53:26,892Z DEBUG {} [applying load #158dce8a-6408-4090-b135-fe82986b9e67] [SeededRandom] Using seed 2132282762986792902
2019-07-22T12:53:26,892Z INFO  {} [applying load #158dce8a-6408-4090-b135-fe82986b9e67] [ExploratoryVirtualUser] Applying load...
2019-07-22T12:53:26,964Z DEBUG {} [applying load #5170d8df-0f36-4de4-acba-d7d1e32b9f81, create user via REST] [TaskTimer] The task took PT5.207S
2019-07-22T12:53:26,965Z INFO  {} [applying load #5170d8df-0f36-4de4-acba-d7d1e32b9f81] [RestUserGenerator] Created a new user jpt-365cf151-41b8-4bd0-98dd-d0a68866b3b2
2019-07-22T12:53:26,966Z INFO  {} [applying load #5170d8df-0f36-4de4-acba-d7d1e32b9f81] [LoadTest] Waiting for PT2.232S
2019-07-22T12:53:27,323Z DEBUG {} [applying load #3e020404-5618-409a-84f4-2ce47d577c13] [SeededRandom] Using seed -4263262838430303025
2019-07-22T12:53:27,324Z INFO  {} [applying load #3e020404-5618-409a-84f4-2ce47d577c13] [ExploratoryVirtualUser] Applying load...
2019-07-22T12:53:27,599Z DEBUG {} [applying load #367aefa3-aead-4ade-8d5e-361fcdc8bd30, create user via REST] [TaskTimer] The task took PT5.841S
2019-07-22T12:53:27,599Z INFO  {} [applying load #367aefa3-aead-4ade-8d5e-361fcdc8bd30] [RestUserGenerator] Created a new user jpt-c2586a8e-87f8-476e-86f2-197939086de2
2019-07-22T12:53:27,600Z WARN  {} [applying load #367aefa3-aead-4ade-8d5e-361fcdc8bd30] [LoadTest] Ramp time prolonged by user generation by PT1.527S
2019-07-22T12:53:27,600Z DEBUG {} [applying load #367aefa3-aead-4ade-8d5e-361fcdc8bd30] [SeededRandom] Using seed 2671077540764462672
2019-07-22T12:53:27,601Z INFO  {} [applying load #367aefa3-aead-4ade-8d5e-361fcdc8bd30] [ExploratoryVirtualUser] Applying load...
2019-07-22T12:53:27,947Z DEBUG {} [applying load #582b4d8d-21f1-48a2-9e11-3867d69d2c44] [SeededRandom] Using seed -3500614978637125381
2019-07-22T12:53:27,948Z INFO  {} [applying load #582b4d8d-21f1-48a2-9e11-3867d69d2c44] [ExploratoryVirtualUser] Applying load...
2019-07-22T12:53:28,523Z DEBUG {} [applying load #10a055f4-eac7-4855-9879-49b6a5b400a4, create user via REST] [TaskTimer] The task took PT6.766S
2019-07-22T12:53:28,523Z INFO  {} [applying load #10a055f4-eac7-4855-9879-49b6a5b400a4] [RestUserGenerator] Created a new user jpt-ad647e4b-16ea-485d-b63c-fc8216d4c6cb
2019-07-22T12:53:28,523Z WARN  {} [applying load #10a055f4-eac7-4855-9879-49b6a5b400a4] [LoadTest] Ramp time prolonged by user generation by PT3.076S
2019-07-22T12:53:28,524Z DEBUG {} [applying load #10a055f4-eac7-4855-9879-49b6a5b400a4] [SeededRandom] Using seed -4816872006481583618
2019-07-22T12:53:28,524Z INFO  {} [applying load #10a055f4-eac7-4855-9879-49b6a5b400a4] [ExploratoryVirtualUser] Applying load...
2019-07-22T12:53:28,573Z DEBUG {} [applying load #7c013af1-d88e-4c4f-a190-eb6b3e844226] [SeededRandom] Using seed -5671795673574091253
2019-07-22T12:53:28,573Z INFO  {} [applying load #7c013af1-d88e-4c4f-a190-eb6b3e844226] [ExploratoryVirtualUser] Applying load...
2019-07-22T12:53:29,198Z DEBUG {} [applying load #5170d8df-0f36-4de4-acba-d7d1e32b9f81] [SeededRandom] Using seed 7987185974177307502
2019-07-22T12:53:29,199Z INFO  {} [applying load #5170d8df-0f36-4de4-acba-d7d1e32b9f81] [ExploratoryVirtualUser] Applying load...
2019-07-22T12:53:30,351Z DEBUG {} [applying load #127a9233-f6b6-4ed6-9a18-8cbd997936d9] [ExploratoryVirtualUser] Circling through [ViewIssueAction, ViewIssueAction, ViewIssueAction, ViewBacklogAction, ViewIssueAction, ViewIssueAction, SearchJqlAction, ViewIssueAction, ViewDashboardAction, SearchJqlAction, ViewBoardAction, BrowseProjectsAction, ViewIssueAction, AddCommentAction, BrowseProjectsAction, ViewBacklogAction, ViewIssueAction, SearchJqlAction, ViewBacklogAction, ViewBoardAction, SearchJqlAction, EditIssueAction, ViewIssueAction, ViewBacklogAction, ViewDashboardAction, AddCommentAction, ViewIssueAction, ViewIssueAction, ViewIssueAction, ViewDashboardAction, CreateIssueAction, ViewIssueAction, ViewIssueAction, SearchJqlAction, ViewIssueAction, ViewIssueAction, ProjectSummaryAction, ViewIssueAction, ViewIssueAction, ViewIssueAction, ViewDashboardAction, SearchJqlAction, EditIssueAction, SearchJqlAction, EditIssueAction, BrowseProjectsAction, ViewIssueAction, SearchJqlAction, ViewIssueAction, ViewIssueAction, ViewIssueAction, SearchJqlAction, EditIssueAction, SearchJqlAction, SearchJqlAction, ViewBacklogAction, ViewDashboardAction, ViewBoardAction, ViewIssueAction, ViewIssueAction, BrowseProjectsAction, ViewDashboardAction, ViewIssueAction, ViewIssueAction, ViewBoardAction, ViewBoardAction, ViewBoardAction, ViewIssueAction, ViewBacklogAction, ProjectSummaryAction, CreateIssueAction, ViewIssueAction, EditIssueAction, ProjectSummaryAction, ViewIssueAction, ViewIssueAction, BrowseProjectsAction, ViewBoardAction, ViewIssueAction, CreateIssueAction, ViewDashboardAction, ViewIssueAction, ViewIssueAction, ViewBoardAction, ViewIssueAction, ViewIssueAction, ViewIssueAction, ViewDashboardAction, PatientBrowseBoardsAction, ViewIssueAction, ViewDashboardAction, ViewIssueAction, ViewIssueAction, ViewIssueAction, ViewIssueAction, ViewBoardAction, ViewBoardAction, SearchJqlAction, ViewIssueAction, ViewBacklogAction, SearchJqlAction, ProjectSummaryAction, ViewIssueAction, CreateIssueAction, ViewIssueAction, ViewBacklogAction, SearchJqlAction, SearchJqlAction, SearchJqlAction, ViewIssueAction, ProjectSummaryAction, SearchJqlAction, CreateIssueAction, ViewIssueAction, ViewDashboardAction, ViewIssueAction, ViewIssueAction, PatientBrowseBoardsAction, ViewIssueAction, SearchJqlAction, ViewBacklogAction, ViewIssueAction, ViewIssueAction, SearchJqlAction, SearchJqlAction, ViewIssueAction, ViewIssueAction, ViewBacklogAction, ViewIssueAction]
2019-07-22T12:53:30,351Z DEBUG {} [applying load #8c009f6b-b14f-4117-a7d0-ccbf1385a97b] [ExploratoryVirtualUser] Circling through [ViewDashboardAction, SearchJqlAction, ViewIssueAction, ViewBacklogAction, SearchJqlAction, ViewBoardAction, ViewBoardAction, ViewIssueAction, ViewBacklogAction, ViewIssueAction, ViewIssueAction, ProjectSummaryAction, ViewIssueAction, ViewIssueAction, ViewIssueAction, ViewIssueAction, ViewIssueAction, EditIssueAction, CreateIssueAction, CreateIssueAction, BrowseProjectsAction, ViewBoardAction, ViewBoardAction, ViewIssueAction, ViewIssueAction, ViewIssueAction, SearchJqlAction, SearchJqlAction, ViewDashboardAction, ViewBoardAction, ViewDashboardAction, ViewDashboardAction, EditIssueAction, SearchJqlAction, ViewIssueAction, ViewIssueAction, ViewIssueAction, BrowseProjectsAction, SearchJqlAction, ViewIssueAction, ViewIssueAction, ViewIssueAction, ViewBacklogAction, ViewIssueAction, ViewBoardAction, BrowseProjectsAction, SearchJqlAction, ViewIssueAction, ViewIssueAction, EditIssueAction, ViewIssueAction, ViewIssueAction, ViewIssueAction, ViewIssueAction, ViewIssueAction, CreateIssueAction, AddCommentAction, ViewIssueAction, ProjectSummaryAction, SearchJqlAction, ViewBacklogAction, ViewIssueAction, ViewBacklogAction, ViewIssueAction, ProjectSummaryAction, ViewBoardAction, ViewIssueAction, ViewIssueAction, ViewIssueAction, ViewBacklogAction, ViewIssueAction, SearchJqlAction, CreateIssueAction, ViewIssueAction, SearchJqlAction, ViewIssueAction, ViewIssueAction, ViewIssueAction, ViewIssueAction, ViewDashboardAction, ViewBacklogAction, SearchJqlAction, ViewIssueAction, ViewIssueAction, AddCommentAction, ViewIssueAction, ViewBacklogAction, BrowseProjectsAction, ViewBacklogAction, ViewIssueAction, EditIssueAction, ViewIssueAction, SearchJqlAction, ViewIssueAction, SearchJqlAction, ViewIssueAction, ViewIssueAction, ViewDashboardAction, SearchJqlAction, ViewDashboardAction, ViewIssueAction, ViewIssueAction, ViewIssueAction, ViewDashboardAction, ViewDashboardAction, SearchJqlAction, ViewBoardAction, CreateIssueAction, ViewIssueAction, PatientBrowseBoardsAction, ViewIssueAction, ViewIssueAction, SearchJqlAction, BrowseProjectsAction, SearchJqlAction, ViewBoardAction, SearchJqlAction, ViewIssueAction, ViewBoardAction, PatientBrowseBoardsAction, ProjectSummaryAction, ViewDashboardAction, EditIssueAction, ViewIssueAction, SearchJqlAction, ProjectSummaryAction, ViewIssueAction, ViewBacklogAction, SearchJqlAction]
2019-07-22T12:53:30,352Z DEBUG {} [applying load #127a9233-f6b6-4ed6-9a18-8cbd997936d9] [ViewIssueAction] Skipping View Issue action. I have no knowledge of issue keys.
2019-07-22T12:53:30,365Z DEBUG {} [applying load #facb1f3a-9c68-402b-8a47-b406d1ab1569] [ExploratoryVirtualUser] Circling through [ViewBoardAction, SearchJqlAction, ViewIssueAction, ViewIssueAction, AddCommentAction, ViewBacklogAction, ViewIssueAction, SearchJqlAction, ViewIssueAction, SearchJqlAction, ViewDashboardAction, ViewIssueAction, ViewBoardAction, ViewDashboardAction, SearchJqlAction, ViewBoardAction, ViewIssueAction, SearchJqlAction, SearchJqlAction, ViewIssueAction, CreateIssueAction, SearchJqlAction, CreateIssueAction, ViewIssueAction, ViewIssueAction, EditIssueAction, EditIssueAction, EditIssueAction, ViewIssueAction, ViewDashboardAction, ViewBacklogAction, ViewDashboardAction, SearchJqlAction, ViewIssueAction, ViewIssueAction, ViewIssueAction, SearchJqlAction, ViewIssueAction, CreateIssueAction, ViewIssueAction, ViewBacklogAction, ViewIssueAction, SearchJqlAction, ViewIssueAction, ViewBacklogAction, SearchJqlAction, SearchJqlAction, ViewIssueAction, ViewIssueAction, ViewBoardAction, ViewDashboardAction, BrowseProjectsAction, ProjectSummaryAction, ViewIssueAction, ViewIssueAction, ViewIssueAction, ViewIssueAction, ViewIssueAction, EditIssueAction, ViewIssueAction, ProjectSummaryAction, ViewDashboardAction, ViewIssueAction, SearchJqlAction, ViewIssueAction, ViewBoardAction, ViewIssueAction, ViewIssueAction, CreateIssueAction, ViewIssueAction, SearchJqlAction, ViewDashboardAction, ViewBoardAction, ProjectSummaryAction, ViewBoardAction, ViewDashboardAction, ViewIssueAction, ViewIssueAction, AddCommentAction, SearchJqlAction, ViewIssueAction, SearchJqlAction, SearchJqlAction, ViewBacklogAction, ViewIssueAction, ViewIssueAction, ViewIssueAction, BrowseProjectsAction, ViewIssueAction, ProjectSummaryAction, ViewIssueAction, ViewIssueAction, ViewIssueAction, ProjectSummaryAction, ViewBacklogAction, BrowseProjectsAction, SearchJqlAction, ViewBoardAction, CreateIssueAction, ViewBacklogAction, ViewIssueAction, ViewIssueAction, ViewIssueAction, PatientBrowseBoardsAction, ViewIssueAction, ViewBoardAction, ViewBacklogAction, ViewIssueAction, SearchJqlAction, ViewIssueAction, ViewIssueAction, ViewIssueAction, ViewBacklogAction, BrowseProjectsAction, ViewIssueAction, ViewIssueAction, EditIssueAction, ViewDashboardAction, SearchJqlAction, PatientBrowseBoardsAction, ViewIssueAction, ViewBoardAction, ViewIssueAction, ViewIssueAction, ViewDashboardAction, BrowseProjectsAction, ViewIssueAction, ViewBacklogAction, ViewIssueAction]
2019-07-22T12:53:30,367Z DEBUG {} [applying load #facb1f3a-9c68-402b-8a47-b406d1ab1569] [ViewBoardAction] Skipping View Board. I have no knowledge of Boards.
2019-07-22T12:53:34,192Z DEBUG {} [applying load #582b4d8d-21f1-48a2-9e11-3867d69d2c44] [ExploratoryVirtualUser] Circling through [ViewDashboardAction, ViewBoardAction, ViewIssueAction, ViewIssueAction, SearchJqlAction, ViewIssueAction, ViewIssueAction, AddCommentAction, ViewDashboardAction, ViewIssueAction, ViewDashboardAction, ViewIssueAction, BrowseProjectsAction, CreateIssueAction, CreateIssueAction, ViewBacklogAction, ViewDashboardAction, ViewIssueAction, ViewIssueAction, ViewBacklogAction, ViewIssueAction, ViewBoardAction, ViewBoardAction, SearchJqlAction, ViewBacklogAction, EditIssueAction, SearchJqlAction, ViewBoardAction, ViewBacklogAction, ViewBoardAction, ViewIssueAction, ViewBacklogAction, ViewIssueAction, ProjectSummaryAction, EditIssueAction, SearchJqlAction, ViewIssueAction, ProjectSummaryAction, ViewDashboardAction, AddCommentAction, ViewIssueAction, SearchJqlAction, ViewIssueAction, ViewIssueAction, ViewIssueAction, ViewDashboardAction, PatientBrowseBoardsAction, SearchJqlAction, SearchJqlAction, ViewDashboardAction, ViewIssueAction, ViewIssueAction, SearchJqlAction, SearchJqlAction, ViewIssueAction, ViewBoardAction, ViewIssueAction, CreateIssueAction, ViewBoardAction, ViewDashboardAction, SearchJqlAction, ViewIssueAction, ViewIssueAction, CreateIssueAction, ViewIssueAction, ViewBacklogAction, ViewIssueAction, ViewDashboardAction, ViewIssueAction, ViewIssueAction, BrowseProjectsAction, ViewIssueAction, EditIssueAction, ViewIssueAction, ViewIssueAction, ViewIssueAction, ViewIssueAction, BrowseProjectsAction, SearchJqlAction, ViewIssueAction, SearchJqlAction, BrowseProjectsAction, ViewIssueAction, ViewBacklogAction, ViewIssueAction, ViewIssueAction, SearchJqlAction, ViewIssueAction, CreateIssueAction, ViewBoardAction, SearchJqlAction, ViewIssueAction, ViewIssueAction, ViewDashboardAction, ViewBoardAction, SearchJqlAction, ViewIssueAction, ProjectSummaryAction, SearchJqlAction, ViewBacklogAction, ViewIssueAction, ViewBoardAction, PatientBrowseBoardsAction, BrowseProjectsAction, SearchJqlAction, ViewIssueAction, ViewIssueAction, ViewIssueAction, SearchJqlAction, ViewIssueAction, SearchJqlAction, ViewIssueAction, EditIssueAction, ViewIssueAction, EditIssueAction, ViewIssueAction, ViewBacklogAction, ViewIssueAction, ViewBacklogAction, ProjectSummaryAction, ViewIssueAction, SearchJqlAction, ViewIssueAction, ViewIssueAction, ViewIssueAction, ViewIssueAction, ViewIssueAction, ProjectSummaryAction, ViewIssueAction]
2019-07-22T12:53:35,151Z DEBUG {} [applying load #127a9233-f6b6-4ed6-9a18-8cbd997936d9] [ViewIssueAction] Skipping View Issue action. I have no knowledge of issue keys.
2019-07-22T12:53:35,666Z DEBUG {} [applying load #3e495b84-1eb4-438d-9a1c-e9e9a180b08c] [ExploratoryVirtualUser] Circling through [ProjectSummaryAction, EditIssueAction, EditIssueAction, ViewIssueAction, ViewIssueAction, ViewIssueAction, ViewIssueAction, CreateIssueAction, ViewDashboardAction, ViewBoardAction, ViewBoardAction, ViewIssueAction, ViewIssueAction, ViewDashboardAction, ViewBacklogAction, ViewDashboardAction, ViewIssueAction, SearchJqlAction, SearchJqlAction, ViewIssueAction, ViewIssueAction, ViewIssueAction, SearchJqlAction, ViewIssueAction, ViewIssueAction, ViewBoardAction, ViewIssueAction, ViewBacklogAction, AddCommentAction, ViewIssueAction, SearchJqlAction, ProjectSummaryAction, ViewIssueAction, ViewIssueAction, ViewBoardAction, BrowseProjectsAction, ViewBacklogAction, SearchJqlAction, PatientBrowseBoardsAction, ViewIssueAction, EditIssueAction, ViewIssueAction, ViewIssueAction, ViewIssueAction, ViewIssueAction, ViewIssueAction, SearchJqlAction, BrowseProjectsAction, ViewIssueAction, ViewIssueAction, ViewIssueAction, AddCommentAction, ViewIssueAction, ViewBacklogAction, ViewIssueAction, ViewIssueAction, SearchJqlAction, ViewBacklogAction, ViewBacklogAction, ViewBacklogAction, BrowseProjectsAction, ViewIssueAction, CreateIssueAction, ViewDashboardAction, ViewBacklogAction, ViewBoardAction, ViewDashboardAction, ProjectSummaryAction, CreateIssueAction, CreateIssueAction, ViewIssueAction, ProjectSummaryAction, SearchJqlAction, ViewBoardAction, ViewIssueAction, SearchJqlAction, ViewIssueAction, PatientBrowseBoardsAction, ViewIssueAction, ViewIssueAction, ViewIssueAction, ViewIssueAction, ViewBoardAction, ViewIssueAction, ViewBoardAction, SearchJqlAction, ProjectSummaryAction, SearchJqlAction, SearchJqlAction, SearchJqlAction, ViewIssueAction, ViewIssueAction, EditIssueAction, ViewBoardAction, ViewDashboardAction, ViewIssueAction, SearchJqlAction, BrowseProjectsAction, ViewIssueAction, SearchJqlAction, ViewIssueAction, ViewDashboardAction, BrowseProjectsAction, ViewIssueAction, ViewBacklogAction, ViewIssueAction, SearchJqlAction, ViewBacklogAction, ViewIssueAction, ViewDashboardAction, ViewIssueAction, ViewIssueAction, ViewIssueAction, SearchJqlAction, ViewIssueAction, ViewIssueAction, ViewDashboardAction, ViewBoardAction, ViewIssueAction, SearchJqlAction, ViewIssueAction, SearchJqlAction, CreateIssueAction, SearchJqlAction, ViewDashboardAction, EditIssueAction, ViewIssueAction, ViewIssueAction, ViewIssueAction]
2019-07-22T12:53:35,666Z DEBUG {} [applying load #3e495b84-1eb4-438d-9a1c-e9e9a180b08c] [ProjectSummaryAction] Skipping Project summary action. I have no knowledge of projects.
2019-07-22T12:53:37,006Z DEBUG {} [applying load #367aefa3-aead-4ade-8d5e-361fcdc8bd30] [ExploratoryVirtualUser] Circling through [ViewDashboardAction, ViewDashboardAction, ViewIssueAction, SearchJqlAction, ViewIssueAction, ViewIssueAction, ViewIssueAction, ViewIssueAction, ViewIssueAction, CreateIssueAction, ViewIssueAction, ViewIssueAction, BrowseProjectsAction, ViewBoardAction, ViewIssueAction, BrowseProjectsAction, EditIssueAction, CreateIssueAction, SearchJqlAction, ViewIssueAction, SearchJqlAction, ViewIssueAction, ViewIssueAction, ViewIssueAction, ViewBacklogAction, AddCommentAction, ViewDashboardAction, SearchJqlAction, ViewIssueAction, SearchJqlAction, BrowseProjectsAction, ViewIssueAction, ViewIssueAction, SearchJqlAction, SearchJqlAction, CreateIssueAction, ViewIssueAction, ViewDashboardAction, ViewDashboardAction, ViewIssueAction, SearchJqlAction, ViewIssueAction, ViewIssueAction, ViewBacklogAction, ViewIssueAction, ViewIssueAction, ViewBoardAction, ViewIssueAction, SearchJqlAction, SearchJqlAction, SearchJqlAction, ViewIssueAction, ViewIssueAction, ViewIssueAction, ViewDashboardAction, ViewDashboardAction, ViewIssueAction, ViewBoardAction, ViewBacklogAction, ViewIssueAction, SearchJqlAction, SearchJqlAction, ViewBacklogAction, CreateIssueAction, ViewIssueAction, ViewIssueAction, PatientBrowseBoardsAction, ViewIssueAction, ViewIssueAction, ViewDashboardAction, ViewBoardAction, ViewIssueAction, ViewIssueAction, ViewIssueAction, SearchJqlAction, ViewIssueAction, SearchJqlAction, ViewBacklogAction, ProjectSummaryAction, SearchJqlAction, ViewIssueAction, SearchJqlAction, ViewIssueAction, SearchJqlAction, ProjectSummaryAction, SearchJqlAction, ViewIssueAction, ViewBoardAction, ViewBacklogAction, BrowseProjectsAction, ViewIssueAction, ViewIssueAction, ViewIssueAction, ViewIssueAction, AddCommentAction, ViewIssueAction, EditIssueAction, CreateIssueAction, ProjectSummaryAction, ViewIssueAction, ViewBacklogAction, ProjectSummaryAction, ViewIssueAction, ViewDashboardAction, ViewIssueAction, ViewBoardAction, ViewDashboardAction, ViewBacklogAction, PatientBrowseBoardsAction, ViewIssueAction, ViewBoardAction, ViewBoardAction, EditIssueAction, ViewIssueAction, BrowseProjectsAction, EditIssueAction, ViewBoardAction, SearchJqlAction, ViewBoardAction, ViewIssueAction, ViewIssueAction, ViewIssueAction, ViewIssueAction, ViewBacklogAction, ViewIssueAction, ViewIssueAction, ProjectSummaryAction, ViewBacklogAction, EditIssueAction]
2019-07-22T12:53:37,023Z DEBUG {} [applying load #10a055f4-eac7-4855-9879-49b6a5b400a4] [ExploratoryVirtualUser] Circling through [ViewDashboardAction, ViewIssueAction, ViewIssueAction, ViewBoardAction, BrowseProjectsAction, SearchJqlAction, ViewBoardAction, ViewBoardAction, ViewIssueAction, ViewIssueAction, ViewIssueAction, ViewIssueAction, ViewIssueAction, SearchJqlAction, EditIssueAction, BrowseProjectsAction, ViewIssueAction, CreateIssueAction, ViewIssueAction, ViewBoardAction, ViewBacklogAction, SearchJqlAction, ViewIssueAction, ViewIssueAction, ViewIssueAction, ViewIssueAction, ViewDashboardAction, ViewIssueAction, ViewIssueAction, ViewIssueAction, CreateIssueAction, ViewBoardAction, ViewBoardAction, ViewIssueAction, SearchJqlAction, ViewIssueAction, SearchJqlAction, SearchJqlAction, ViewBacklogAction, ViewBoardAction, ViewIssueAction, AddCommentAction, ViewDashboardAction, ViewIssueAction, ViewIssueAction, ViewDashboardAction, ViewDashboardAction, SearchJqlAction, ViewIssueAction, AddCommentAction, SearchJqlAction, ViewIssueAction, SearchJqlAction, ViewBoardAction, ViewBacklogAction, ViewBacklogAction, ViewIssueAction, ViewIssueAction, SearchJqlAction, BrowseProjectsAction, ViewBoardAction, ViewIssueAction, ViewDashboardAction, ProjectSummaryAction, EditIssueAction, ViewIssueAction, ViewIssueAction, ViewIssueAction, SearchJqlAction, SearchJqlAction, ViewIssueAction, ViewIssueAction, ViewIssueAction, ProjectSummaryAction, SearchJqlAction, ViewBacklogAction, EditIssueAction, ViewIssueAction, ViewIssueAction, BrowseProjectsAction, ViewIssueAction, ViewIssueAction, ViewIssueAction, ViewBacklogAction, ProjectSummaryAction, ViewIssueAction, ViewIssueAction, CreateIssueAction, SearchJqlAction, ViewIssueAction, PatientBrowseBoardsAction, ProjectSummaryAction, BrowseProjectsAction, ViewBoardAction, ViewIssueAction, EditIssueAction, ViewBacklogAction, ViewIssueAction, ViewIssueAction, SearchJqlAction, PatientBrowseBoardsAction, SearchJqlAction, SearchJqlAction, ViewDashboardAction, ViewIssueAction, CreateIssueAction, SearchJqlAction, ViewIssueAction, ViewIssueAction, SearchJqlAction, ViewIssueAction, SearchJqlAction, ViewBacklogAction, ViewDashboardAction, ViewIssueAction, CreateIssueAction, ViewIssueAction, ProjectSummaryAction, ViewDashboardAction, ViewIssueAction, EditIssueAction, ViewBacklogAction, ViewIssueAction, ViewDashboardAction, ViewIssueAction, ViewIssueAction, ViewBacklogAction, ViewIssueAction, ViewIssueAction]
2019-07-22T12:53:37,027Z DEBUG {} [applying load #5170d8df-0f36-4de4-acba-d7d1e32b9f81] [ExploratoryVirtualUser] Circling through [ViewBoardAction, ViewIssueAction, ViewBoardAction, ViewIssueAction, AddCommentAction, ViewIssueAction, SearchJqlAction, SearchJqlAction, ViewBoardAction, AddCommentAction, BrowseProjectsAction, CreateIssueAction, ViewDashboardAction, ViewIssueAction, ViewIssueAction, SearchJqlAction, ViewIssueAction, ViewBacklogAction, BrowseProjectsAction, ViewIssueAction, ViewBacklogAction, ViewIssueAction, ViewIssueAction, ProjectSummaryAction, ViewIssueAction, ViewDashboardAction, ViewIssueAction, ViewIssueAction, ViewBoardAction, ViewDashboardAction, ViewBoardAction, ViewIssueAction, CreateIssueAction, SearchJqlAction, SearchJqlAction, SearchJqlAction, PatientBrowseBoardsAction, SearchJqlAction, BrowseProjectsAction, ViewIssueAction, ViewBoardAction, ViewIssueAction, ViewIssueAction, ViewIssueAction, SearchJqlAction, ViewIssueAction, ViewIssueAction, ViewIssueAction, ProjectSummaryAction, ViewBoardAction, ViewIssueAction, ViewIssueAction, ViewDashboardAction, EditIssueAction, SearchJqlAction, ViewIssueAction, ViewBoardAction, ViewIssueAction, CreateIssueAction, ViewIssueAction, PatientBrowseBoardsAction, ProjectSummaryAction, EditIssueAction, ViewIssueAction, ViewIssueAction, ProjectSummaryAction, ViewIssueAction, ViewIssueAction, ViewIssueAction, ViewDashboardAction, ViewBacklogAction, SearchJqlAction, ViewIssueAction, ViewIssueAction, SearchJqlAction, ViewBoardAction, SearchJqlAction, BrowseProjectsAction, SearchJqlAction, ViewDashboardAction, ViewIssueAction, ViewIssueAction, BrowseProjectsAction, SearchJqlAction, SearchJqlAction, ViewIssueAction, ViewIssueAction, ViewIssueAction, ViewBacklogAction, ViewIssueAction, SearchJqlAction, SearchJqlAction, CreateIssueAction, ViewBacklogAction, ViewBacklogAction, ViewIssueAction, ViewIssueAction, ViewBacklogAction, EditIssueAction, ViewBacklogAction, ViewIssueAction, ViewIssueAction, EditIssueAction, ViewDashboardAction, ViewIssueAction, ViewIssueAction, ViewIssueAction, SearchJqlAction, ViewDashboardAction, ViewIssueAction, ViewIssueAction, ViewIssueAction, ViewDashboardAction, ViewDashboardAction, ViewIssueAction, ViewIssueAction, ViewIssueAction, CreateIssueAction, ProjectSummaryAction, ViewBacklogAction, EditIssueAction, ViewIssueAction, SearchJqlAction, ViewBoardAction, SearchJqlAction, ViewIssueAction, ViewBacklogAction, ViewIssueAction, ViewIssueAction]
2019-07-22T12:53:37,027Z DEBUG {} [applying load #5170d8df-0f36-4de4-acba-d7d1e32b9f81] [ViewBoardAction] Skipping View Board. I have no knowledge of Boards.
2019-07-22T12:53:37,668Z DEBUG {} [applying load #158dce8a-6408-4090-b135-fe82986b9e67] [ExploratoryVirtualUser] Circling through [EditIssueAction, ViewIssueAction, ViewIssueAction, ViewIssueAction, ViewBacklogAction, SearchJqlAction, ViewIssueAction, ViewBoardAction, ViewBacklogAction, ViewIssueAction, ViewBoardAction, ViewIssueAction, ViewIssueAction, ViewBoardAction, ViewDashboardAction, ViewBacklogAction, ViewIssueAction, ViewIssueAction, ViewIssueAction, SearchJqlAction, ViewIssueAction, ViewIssueAction, ViewIssueAction, ViewBacklogAction, ViewIssueAction, ViewIssueAction, SearchJqlAction, ViewIssueAction, SearchJqlAction, SearchJqlAction, CreateIssueAction, ViewIssueAction, ViewIssueAction, ViewIssueAction, EditIssueAction, ViewIssueAction, SearchJqlAction, ViewIssueAction, SearchJqlAction, ViewDashboardAction, SearchJqlAction, ViewDashboardAction, ViewBoardAction, CreateIssueAction, ViewDashboardAction, ViewBacklogAction, ViewIssueAction, ViewIssueAction, ViewIssueAction, ViewIssueAction, ViewDashboardAction, ViewBoardAction, BrowseProjectsAction, PatientBrowseBoardsAction, ProjectSummaryAction, ViewIssueAction, BrowseProjectsAction, ViewIssueAction, ViewIssueAction, ProjectSummaryAction, ViewIssueAction, ViewIssueAction, ViewIssueAction, AddCommentAction, ViewIssueAction, ViewIssueAction, ViewBoardAction, CreateIssueAction, CreateIssueAction, SearchJqlAction, ViewBacklogAction, ViewBoardAction, ViewIssueAction, ViewIssueAction, ViewDashboardAction, SearchJqlAction, ProjectSummaryAction, ViewIssueAction, SearchJqlAction, ViewIssueAction, ViewIssueAction, ViewIssueAction, ViewBacklogAction, ViewBoardAction, ProjectSummaryAction, AddCommentAction, EditIssueAction, SearchJqlAction, BrowseProjectsAction, EditIssueAction, SearchJqlAction, ViewIssueAction, ViewIssueAction, ViewIssueAction, ViewIssueAction, ViewDashboardAction, CreateIssueAction, ViewIssueAction, ViewIssueAction, PatientBrowseBoardsAction, ViewBacklogAction, SearchJqlAction, ViewIssueAction, ViewIssueAction, SearchJqlAction, ViewBoardAction, ViewDashboardAction, ProjectSummaryAction, ViewIssueAction, SearchJqlAction, EditIssueAction, ViewBoardAction, ViewIssueAction, ViewBacklogAction, SearchJqlAction, ViewIssueAction, ViewDashboardAction, ViewIssueAction, ViewIssueAction, ViewDashboardAction, BrowseProjectsAction, SearchJqlAction, ViewIssueAction, ViewIssueAction, ViewIssueAction, SearchJqlAction, ViewBacklogAction, SearchJqlAction, BrowseProjectsAction]
2019-07-22T12:53:37,669Z DEBUG {} [applying load #158dce8a-6408-4090-b135-fe82986b9e67] [EditIssueAction] Cannot edit any issue, because I didn't see any editable issues
2019-07-22T12:53:37,700Z DEBUG {} [applying load #3e020404-5618-409a-84f4-2ce47d577c13] [ExploratoryVirtualUser] Circling through [ViewIssueAction, ViewDashboardAction, SearchJqlAction, ViewIssueAction, ViewBacklogAction, ViewBacklogAction, ViewIssueAction, ViewIssueAction, ViewIssueAction, ViewDashboardAction, SearchJqlAction, ViewBoardAction, SearchJqlAction, ViewBoardAction, ViewIssueAction, ProjectSummaryAction, ViewIssueAction, ViewIssueAction, ViewIssueAction, BrowseProjectsAction, ViewIssueAction, BrowseProjectsAction, SearchJqlAction, ViewDashboardAction, ViewIssueAction, ViewIssueAction, ViewIssueAction, SearchJqlAction, ViewIssueAction, CreateIssueAction, SearchJqlAction, ViewIssueAction, ViewIssueAction, ViewDashboardAction, ViewBacklogAction, ProjectSummaryAction, EditIssueAction, ViewBoardAction, AddCommentAction, ViewBoardAction, PatientBrowseBoardsAction, ViewIssueAction, SearchJqlAction, SearchJqlAction, ViewIssueAction, ViewIssueAction, ViewIssueAction, CreateIssueAction, ViewIssueAction, ViewIssueAction, ViewIssueAction, SearchJqlAction, ViewIssueAction, ViewIssueAction, ViewIssueAction, ProjectSummaryAction, CreateIssueAction, ViewIssueAction, ViewDashboardAction, ViewDashboardAction, ViewIssueAction, ViewBacklogAction, ViewIssueAction, ViewIssueAction, ViewBoardAction, ViewBoardAction, ViewBacklogAction, ViewIssueAction, ViewBoardAction, SearchJqlAction, ViewBacklogAction, ViewIssueAction, ViewBoardAction, SearchJqlAction, ViewIssueAction, CreateIssueAction, SearchJqlAction, ViewIssueAction, BrowseProjectsAction, ViewBacklogAction, ViewBacklogAction, SearchJqlAction, SearchJqlAction, BrowseProjectsAction, EditIssueAction, ViewIssueAction, ViewIssueAction, ViewIssueAction, ViewIssueAction, EditIssueAction, SearchJqlAction, ViewBoardAction, ViewIssueAction, PatientBrowseBoardsAction, ViewDashboardAction, SearchJqlAction, ViewIssueAction, ViewDashboardAction, ProjectSummaryAction, ViewIssueAction, ViewIssueAction, ViewIssueAction, EditIssueAction, ViewIssueAction, SearchJqlAction, ViewDashboardAction, ViewIssueAction, ViewIssueAction, SearchJqlAction, BrowseProjectsAction, SearchJqlAction, ViewIssueAction, ViewIssueAction, ProjectSummaryAction, ViewBoardAction, ViewIssueAction, ViewBacklogAction, EditIssueAction, ViewIssueAction, SearchJqlAction, CreateIssueAction, ViewIssueAction, ViewIssueAction, ViewIssueAction, ViewIssueAction, ViewIssueAction, ViewBacklogAction, ViewDashboardAction, AddCommentAction]
2019-07-22T12:53:37,701Z DEBUG {} [applying load #3e020404-5618-409a-84f4-2ce47d577c13] [ViewIssueAction] Skipping View Issue action. I have no knowledge of issue keys.
2019-07-22T12:53:38,992Z DEBUG {} [applying load #582b4d8d-21f1-48a2-9e11-3867d69d2c44] [ViewBoardAction] Skipping View Board. I have no knowledge of Boards.
2019-07-22T12:53:39,952Z DEBUG {} [applying load #127a9233-f6b6-4ed6-9a18-8cbd997936d9] [ViewIssueAction] Skipping View Issue action. I have no knowledge of issue keys.
2019-07-22T12:53:40,111Z DEBUG {} [applying load #3d176a3d-2666-4aae-afc1-6aeb03f35e48] [ExploratoryVirtualUser] Circling through [BrowseProjectsAction, SearchJqlAction, ViewIssueAction, SearchJqlAction, ViewIssueAction, ViewDashboardAction, AddCommentAction, SearchJqlAction, SearchJqlAction, ViewIssueAction, ViewBacklogAction, ViewIssueAction, ViewIssueAction, SearchJqlAction, SearchJqlAction, ViewIssueAction, ViewIssueAction, ViewBoardAction, SearchJqlAction, ViewBacklogAction, ViewIssueAction, ViewIssueAction, ViewIssueAction, ViewIssueAction, ViewIssueAction, ViewIssueAction, ViewBoardAction, PatientBrowseBoardsAction, ViewIssueAction, EditIssueAction, ViewIssueAction, CreateIssueAction, ViewDashboardAction, ProjectSummaryAction, ViewDashboardAction, ViewIssueAction, ViewIssueAction, ViewDashboardAction, ViewBacklogAction, BrowseProjectsAction, ViewIssueAction, ViewIssueAction, ProjectSummaryAction, SearchJqlAction, ViewBacklogAction, PatientBrowseBoardsAction, SearchJqlAction, ViewIssueAction, EditIssueAction, EditIssueAction, BrowseProjectsAction, ViewIssueAction, SearchJqlAction, CreateIssueAction, ViewIssueAction, ViewIssueAction, CreateIssueAction, ViewDashboardAction, SearchJqlAction, ViewIssueAction, ViewDashboardAction, ViewIssueAction, SearchJqlAction, ViewBacklogAction, ViewIssueAction, ProjectSummaryAction, CreateIssueAction, ViewIssueAction, ViewBoardAction, ViewIssueAction, ViewIssueAction, ViewBacklogAction, EditIssueAction, ViewIssueAction, ViewIssueAction, ViewBacklogAction, ViewBacklogAction, EditIssueAction, SearchJqlAction, ProjectSummaryAction, SearchJqlAction, ViewBoardAction, ViewIssueAction, BrowseProjectsAction, SearchJqlAction, ViewIssueAction, SearchJqlAction, ViewBoardAction, ViewDashboardAction, ViewBoardAction, ViewIssueAction, ViewIssueAction, ViewIssueAction, ViewIssueAction, ViewIssueAction, ViewIssueAction, ViewBoardAction, ViewDashboardAction, ViewIssueAction, ViewBacklogAction, ViewIssueAction, AddCommentAction, ViewIssueAction, SearchJqlAction, ViewIssueAction, ViewBoardAction, ViewIssueAction, ViewIssueAction, BrowseProjectsAction, ViewIssueAction, ViewIssueAction, ViewIssueAction, ViewIssueAction, ViewIssueAction, SearchJqlAction, SearchJqlAction, ViewIssueAction, SearchJqlAction, ViewBoardAction, ViewDashboardAction, ViewBacklogAction, ViewIssueAction, CreateIssueAction, ProjectSummaryAction, ViewBoardAction, ViewIssueAction, ViewIssueAction, ViewDashboardAction, ViewIssueAction]
2019-07-22T12:53:40,466Z DEBUG {} [applying load #3e495b84-1eb4-438d-9a1c-e9e9a180b08c] [EditIssueAction] Cannot edit any issue, because I didn't see any editable issues
2019-07-22T12:53:41,824Z DEBUG {} [applying load #10a055f4-eac7-4855-9879-49b6a5b400a4] [ViewIssueAction] Skipping View Issue action. I have no knowledge of issue keys.
2019-07-22T12:53:41,827Z DEBUG {} [applying load #5170d8df-0f36-4de4-acba-d7d1e32b9f81] [ViewIssueAction] Skipping View Issue action. I have no knowledge of issue keys.
2019-07-22T12:53:42,468Z DEBUG {} [applying load #158dce8a-6408-4090-b135-fe82986b9e67] [ViewIssueAction] Skipping View Issue action. I have no knowledge of issue keys.
2019-07-22T12:53:42,558Z DEBUG {} [applying load #7c013af1-d88e-4c4f-a190-eb6b3e844226] [ExploratoryVirtualUser] Circling through [ViewIssueAction, ViewIssueAction, SearchJqlAction, ViewIssueAction, ViewIssueAction, SearchJqlAction, ViewIssueAction, ViewIssueAction, SearchJqlAction, ViewDashboardAction, SearchJqlAction, BrowseProjectsAction, ViewIssueAction, SearchJqlAction, ViewIssueAction, SearchJqlAction, SearchJqlAction, ViewIssueAction, SearchJqlAction, ViewIssueAction, ViewDashboardAction, BrowseProjectsAction, ProjectSummaryAction, CreateIssueAction, CreateIssueAction, BrowseProjectsAction, ViewIssueAction, ViewIssueAction, ViewIssueAction, CreateIssueAction, ViewIssueAction, ViewDashboardAction, ViewIssueAction, ViewDashboardAction, CreateIssueAction, ViewIssueAction, ViewIssueAction, ViewBacklogAction, ViewDashboardAction, ViewIssueAction, ViewBoardAction, ViewBoardAction, ProjectSummaryAction, ViewIssueAction, ViewBoardAction, ViewIssueAction, EditIssueAction, ViewIssueAction, ViewDashboardAction, SearchJqlAction, ViewBacklogAction, SearchJqlAction, ViewIssueAction, ViewIssueAction, ViewDashboardAction, ProjectSummaryAction, ViewIssueAction, ViewIssueAction, ViewIssueAction, SearchJqlAction, PatientBrowseBoardsAction, ViewBacklogAction, ViewBoardAction, ViewIssueAction, CreateIssueAction, ViewDashboardAction, EditIssueAction, AddCommentAction, SearchJqlAction, ViewBacklogAction, ViewIssueAction, SearchJqlAction, ViewIssueAction, ViewIssueAction, SearchJqlAction, ViewIssueAction, BrowseProjectsAction, SearchJqlAction, AddCommentAction, ViewIssueAction, ViewIssueAction, ViewIssueAction, ProjectSummaryAction, ViewIssueAction, ViewBoardAction, ViewIssueAction, ViewBacklogAction, SearchJqlAction, ViewDashboardAction, SearchJqlAction, ViewIssueAction, ViewIssueAction, ViewIssueAction, ProjectSummaryAction, ViewBacklogAction, SearchJqlAction, ViewIssueAction, ViewIssueAction, ViewIssueAction, ViewIssueAction, ViewIssueAction, ViewBacklogAction, ViewIssueAction, ViewIssueAction, ViewBoardAction, ViewIssueAction, ViewDashboardAction, ViewBoardAction, PatientBrowseBoardsAction, ViewBoardAction, ViewIssueAction, ViewIssueAction, EditIssueAction, ViewIssueAction, ViewBacklogAction, EditIssueAction, ViewIssueAction, ViewIssueAction, ViewBoardAction, ViewBacklogAction, ViewBoardAction, ViewIssueAction, ViewBacklogAction, EditIssueAction, ViewIssueAction, SearchJqlAction, BrowseProjectsAction, ViewIssueAction, SearchJqlAction]
2019-07-22T12:53:42,558Z DEBUG {} [applying load #7c013af1-d88e-4c4f-a190-eb6b3e844226] [ViewIssueAction] Skipping View Issue action. I have no knowledge of issue keys.
2019-07-22T12:53:43,792Z DEBUG {} [applying load #582b4d8d-21f1-48a2-9e11-3867d69d2c44] [ViewIssueAction] Skipping View Issue action. I have no knowledge of issue keys.
2019-07-22T12:53:44,751Z DEBUG {} [applying load #127a9233-f6b6-4ed6-9a18-8cbd997936d9] [ViewBacklogAction] Skipping View Backlog. I have no knowledge of Boards.
2019-07-22T12:53:45,266Z DEBUG {} [applying load #3e495b84-1eb4-438d-9a1c-e9e9a180b08c] [EditIssueAction] Cannot edit any issue, because I didn't see any editable issues
2019-07-22T12:53:46,606Z DEBUG {} [applying load #367aefa3-aead-4ade-8d5e-361fcdc8bd30] [ViewIssueAction] Skipping View Issue action. I have no knowledge of issue keys.
2019-07-22T12:53:46,625Z DEBUG {} [applying load #10a055f4-eac7-4855-9879-49b6a5b400a4] [ViewIssueAction] Skipping View Issue action. I have no knowledge of issue keys.
2019-07-22T12:53:46,628Z DEBUG {} [applying load #5170d8df-0f36-4de4-acba-d7d1e32b9f81] [ViewBoardAction] Skipping View Board. I have no knowledge of Boards.
2019-07-22T12:53:47,269Z DEBUG {} [applying load #158dce8a-6408-4090-b135-fe82986b9e67] [ViewIssueAction] Skipping View Issue action. I have no knowledge of issue keys.
2019-07-22T12:53:47,358Z DEBUG {} [applying load #7c013af1-d88e-4c4f-a190-eb6b3e844226] [ViewIssueAction] Skipping View Issue action. I have no knowledge of issue keys.
2019-07-22T12:53:48,592Z DEBUG {} [applying load #582b4d8d-21f1-48a2-9e11-3867d69d2c44] [ViewIssueAction] Skipping View Issue action. I have no knowledge of issue keys.
2019-07-22T12:53:49,552Z DEBUG {} [applying load #127a9233-f6b6-4ed6-9a18-8cbd997936d9] [ViewIssueAction] Skipping View Issue action. I have no knowledge of issue keys.
2019-07-22T12:53:50,066Z DEBUG {} [applying load #3e495b84-1eb4-438d-9a1c-e9e9a180b08c] [ViewIssueAction] Skipping View Issue action. I have no knowledge of issue keys.
2019-07-22T12:53:51,424Z DEBUG {} [applying load #10a055f4-eac7-4855-9879-49b6a5b400a4] [ViewBoardAction] Skipping View Board. I have no knowledge of Boards.
2019-07-22T12:53:51,427Z DEBUG {} [applying load #5170d8df-0f36-4de4-acba-d7d1e32b9f81] [ViewIssueAction] Skipping View Issue action. I have no knowledge of issue keys.
2019-07-22T12:53:52,068Z DEBUG {} [applying load #158dce8a-6408-4090-b135-fe82986b9e67] [ViewIssueAction] Skipping View Issue action. I have no knowledge of issue keys.
2019-07-22T12:53:54,002Z DEBUG {} [applying load #3d176a3d-2666-4aae-afc1-6aeb03f35e48] [ViewIssueAction] Skipping View Issue action. I have no knowledge of issue keys.
2019-07-22T12:53:54,351Z DEBUG {} [applying load #127a9233-f6b6-4ed6-9a18-8cbd997936d9] [ViewIssueAction] Skipping View Issue action. I have no knowledge of issue keys.
2019-07-22T12:53:54,866Z DEBUG {} [applying load #3e495b84-1eb4-438d-9a1c-e9e9a180b08c] [ViewIssueAction] Skipping View Issue action. I have no knowledge of issue keys.
2019-07-22T12:53:56,228Z DEBUG {} [applying load #5170d8df-0f36-4de4-acba-d7d1e32b9f81] [AddCommentAction] Cannot add a comment, because I didn't see any issues yet
2019-07-22T12:53:56,869Z DEBUG {} [applying load #158dce8a-6408-4090-b135-fe82986b9e67] [ViewBacklogAction] Skipping View Backlog. I have no knowledge of Boards.
2019-07-22T12:53:58,192Z DEBUG {} [applying load #582b4d8d-21f1-48a2-9e11-3867d69d2c44] [ViewIssueAction] Skipping View Issue action. I have no knowledge of issue keys.
2019-07-22T12:53:59,666Z DEBUG {} [applying load #3e495b84-1eb4-438d-9a1c-e9e9a180b08c] [ViewIssueAction] Skipping View Issue action. I have no knowledge of issue keys.
2019-07-22T12:54:01,028Z DEBUG {} [applying load #5170d8df-0f36-4de4-acba-d7d1e32b9f81] [ViewIssueAction] Skipping View Issue action. I have no knowledge of issue keys.
2019-07-22T12:54:02,992Z DEBUG {} [applying load #582b4d8d-21f1-48a2-9e11-3867d69d2c44] [ViewIssueAction] Skipping View Issue action. I have no knowledge of issue keys.
2019-07-22T12:54:03,951Z DEBUG {} [applying load #127a9233-f6b6-4ed6-9a18-8cbd997936d9] [ViewIssueAction] Skipping View Issue action. I have no knowledge of issue keys.
2019-07-22T12:54:04,466Z DEBUG {} [applying load #3e495b84-1eb4-438d-9a1c-e9e9a180b08c] [ViewIssueAction] Skipping View Issue action. I have no knowledge of issue keys.
2019-07-22T12:54:05,825Z DEBUG {} [applying load #10a055f4-eac7-4855-9879-49b6a5b400a4] [ViewBoardAction] Skipping View Board. I have no knowledge of Boards.
2019-07-22T12:54:06,468Z DEBUG {} [applying load #158dce8a-6408-4090-b135-fe82986b9e67] [ViewIssueAction] Skipping View Issue action. I have no knowledge of issue keys.
2019-07-22T12:54:07,792Z DEBUG {} [applying load #582b4d8d-21f1-48a2-9e11-3867d69d2c44] [AddCommentAction] Cannot add a comment, because I didn't see any issues yet
2019-07-22T12:54:09,267Z DEBUG {} [applying load #3e495b84-1eb4-438d-9a1c-e9e9a180b08c] [CreateIssueAction] Skipping Create issue action. I have no knowledge of projects.
2019-07-22T12:54:10,624Z DEBUG {} [applying load #10a055f4-eac7-4855-9879-49b6a5b400a4] [ViewBoardAction] Skipping View Board. I have no knowledge of Boards.
2019-07-22T12:54:11,268Z DEBUG {} [applying load #158dce8a-6408-4090-b135-fe82986b9e67] [ViewBoardAction] Skipping View Board. I have no knowledge of Boards.
2019-07-22T12:54:15,424Z DEBUG {} [applying load #10a055f4-eac7-4855-9879-49b6a5b400a4] [ViewIssueAction] Skipping View Issue action. I have no knowledge of issue keys.
2019-07-22T12:54:16,069Z DEBUG {} [applying load #158dce8a-6408-4090-b135-fe82986b9e67] [ViewBacklogAction] Skipping View Backlog. I have no knowledge of Boards.
2019-07-22T12:54:17,392Z DEBUG {} [applying load #582b4d8d-21f1-48a2-9e11-3867d69d2c44] [ViewIssueAction] Skipping View Issue action. I have no knowledge of issue keys.
2019-07-22T12:54:18,351Z DEBUG {} [applying load #127a9233-f6b6-4ed6-9a18-8cbd997936d9] [ViewBoardAction] Skipping View Board. I have no knowledge of Boards.
2019-07-22T12:54:18,866Z DEBUG {} [applying load #3e495b84-1eb4-438d-9a1c-e9e9a180b08c] [ViewBoardAction] Skipping View Board. I have no knowledge of Boards.
2019-07-22T12:54:20,224Z DEBUG {} [applying load #10a055f4-eac7-4855-9879-49b6a5b400a4] [ViewIssueAction] Skipping View Issue action. I have no knowledge of issue keys.
2019-07-22T12:54:20,868Z DEBUG {} [applying load #158dce8a-6408-4090-b135-fe82986b9e67] [ViewIssueAction] Skipping View Issue action. I have no knowledge of issue keys.
2019-07-22T12:54:23,666Z DEBUG {} [applying load #3e495b84-1eb4-438d-9a1c-e9e9a180b08c] [ViewBoardAction] Skipping View Board. I have no knowledge of Boards.
2019-07-22T12:54:25,024Z DEBUG {} [applying load #10a055f4-eac7-4855-9879-49b6a5b400a4] [ViewIssueAction] Skipping View Issue action. I have no knowledge of issue keys.
2019-07-22T12:54:25,669Z DEBUG {} [applying load #158dce8a-6408-4090-b135-fe82986b9e67] [ViewBoardAction] Skipping View Board. I have no knowledge of Boards.
2019-07-22T12:54:26,992Z DEBUG {} [applying load #582b4d8d-21f1-48a2-9e11-3867d69d2c44] [ViewIssueAction] Skipping View Issue action. I have no knowledge of issue keys.
2019-07-22T12:54:28,467Z DEBUG {} [applying load #3e495b84-1eb4-438d-9a1c-e9e9a180b08c] [ViewIssueAction] Skipping View Issue action. I have no knowledge of issue keys.
2019-07-22T12:54:28,652Z DEBUG {} [applying load #127a9233-f6b6-4ed6-9a18-8cbd997936d9] [ViewIssueAction] Skipping View Issue action. I have no knowledge of issue keys.
2019-07-22T12:54:29,824Z DEBUG {} [applying load #10a055f4-eac7-4855-9879-49b6a5b400a4] [ViewIssueAction] Skipping View Issue action. I have no knowledge of issue keys.
2019-07-22T12:54:30,468Z DEBUG {} [applying load #158dce8a-6408-4090-b135-fe82986b9e67] [ViewIssueAction] Skipping View Issue action. I have no knowledge of issue keys.
2019-07-22T12:54:32,752Z DEBUG {} [applying load #127a9233-f6b6-4ed6-9a18-8cbd997936d9] [AddCommentAction] Cannot add a comment, because I didn't see any issues yet
2019-07-22T12:54:33,266Z DEBUG {} [applying load #3e495b84-1eb4-438d-9a1c-e9e9a180b08c] [ViewIssueAction] Skipping View Issue action. I have no knowledge of issue keys.
2019-07-22T12:54:34,624Z DEBUG {} [applying load #10a055f4-eac7-4855-9879-49b6a5b400a4] [ViewIssueAction] Skipping View Issue action. I have no knowledge of issue keys.
2019-07-22T12:54:35,269Z DEBUG {} [applying load #158dce8a-6408-4090-b135-fe82986b9e67] [ViewIssueAction] Skipping View Issue action. I have no knowledge of issue keys.
2019-07-22T12:54:35,575Z DEBUG {} [applying load #7c013af1-d88e-4c4f-a190-eb6b3e844226] [AdaptiveJqlMemory] Rendered a new jql query: <<project = NLKS order by status>>
2019-07-22T12:54:36,844Z DEBUG {} [applying load #7c013af1-d88e-4c4f-a190-eb6b3e844226] [AdaptiveJqlMemory] Rendered a new jql query: <<assignee = xgsqbwfpe order by project>>
2019-07-22T12:54:37,174Z DEBUG {} [applying load #3d176a3d-2666-4aae-afc1-6aeb03f35e48] [AdaptiveJqlMemory] Rendered a new jql query: <<project = BYSHI order by status>>
2019-07-22T12:54:38,384Z DEBUG {} [applying load #367aefa3-aead-4ade-8d5e-361fcdc8bd30] [AdaptiveJqlMemory] Rendered a new jql query: <<project = CCAFR order by status>>
2019-07-22T12:54:39,341Z DEBUG {} [applying load #367aefa3-aead-4ade-8d5e-361fcdc8bd30] [AdaptiveJqlMemory] Rendered a new jql query: <<assignee = sqxumrjtj order by project>>
2019-07-22T12:54:39,552Z DEBUG {} [applying load #7c013af1-d88e-4c4f-a190-eb6b3e844226] [AdaptiveJqlMemory] Rendered a new jql query: <<reporter was akjqtszpc order by description>>
2019-07-22T12:54:39,959Z DEBUG {} [applying load #8c009f6b-b14f-4117-a7d0-ccbf1385a97b] [AdaptiveJqlMemory] Rendered a new jql query: <<project = BGFFIA order by status>>
2019-07-22T12:54:39,959Z DEBUG {} [applying load #8c009f6b-b14f-4117-a7d0-ccbf1385a97b] [ViewBacklogAction] Skipping View Backlog. I have no knowledge of Boards.
2019-07-22T12:54:40,002Z DEBUG {} [applying load #facb1f3a-9c68-402b-8a47-b406d1ab1569] [AdaptiveJqlMemory] Rendered a new jql query: <<project = AMSAI order by status>>
2019-07-22T12:54:40,068Z DEBUG {} [applying load #158dce8a-6408-4090-b135-fe82986b9e67] [ViewBoardAction] Skipping View Board. I have no knowledge of Boards.
2019-07-22T12:54:40,555Z DEBUG {} [applying load #367aefa3-aead-4ade-8d5e-361fcdc8bd30] [AdaptiveJqlMemory] Rendered a new jql query: <<reporter was jhducdxpd order by description>>
2019-07-22T12:54:40,626Z DEBUG {} [applying load #7c013af1-d88e-4c4f-a190-eb6b3e844226] [AdaptiveJqlMemory] Rendered a new jql query: <<project = SBEU and assignee = xgsqbwfpe order by reporter>>
2019-07-22T12:54:41,109Z DEBUG {} [applying load #facb1f3a-9c68-402b-8a47-b406d1ab1569] [AdaptiveJqlMemory] Rendered a new jql query: <<assignee = xrpjgmuae order by project>>
2019-07-22T12:54:41,466Z DEBUG {} [applying load #367aefa3-aead-4ade-8d5e-361fcdc8bd30] [AdaptiveJqlMemory] Rendered a new jql query: <<project = BBEHIA and assignee = sqxumrjtj order by reporter>>
2019-07-22T12:54:42,351Z DEBUG {} [applying load #127a9233-f6b6-4ed6-9a18-8cbd997936d9] [ViewBacklogAction] Skipping View Backlog. I have no knowledge of Boards.
2019-07-22T12:54:42,433Z DEBUG {} [applying load #367aefa3-aead-4ade-8d5e-361fcdc8bd30] [AdaptiveJqlMemory] Rendered a new jql query: <<text ~ "summary" order by key>>
2019-07-22T12:54:42,434Z DEBUG {} [applying load #367aefa3-aead-4ade-8d5e-361fcdc8bd30] [CreateIssueAction] Skipping Create issue action. I have no knowledge of projects.
2019-07-22T12:54:42,785Z DEBUG {} [applying load #5170d8df-0f36-4de4-acba-d7d1e32b9f81] [ViewBoardAction] Skipping View Board. I have no knowledge of Boards.
2019-07-22T12:54:42,785Z DEBUG {} [applying load #5170d8df-0f36-4de4-acba-d7d1e32b9f81] [AddCommentAction] Cannot add a comment, because I didn't see any issues yet
2019-07-22T12:54:42,867Z DEBUG {} [applying load #3e495b84-1eb4-438d-9a1c-e9e9a180b08c] [ViewBacklogAction] Skipping View Backlog. I have no knowledge of Boards.
2019-07-22T12:54:42,927Z DEBUG {} [applying load #582b4d8d-21f1-48a2-9e11-3867d69d2c44] [SeededRandom] Using seed 1563800082
2019-07-22T12:54:44,726Z DEBUG {} [applying load #facb1f3a-9c68-402b-8a47-b406d1ab1569] [ViewBacklogAction] Skipping View Backlog. I have no knowledge of Boards.
2019-07-22T12:54:45,840Z DEBUG {} [applying load #facb1f3a-9c68-402b-8a47-b406d1ab1569] [AdaptiveJqlMemory] Rendered a new jql query: <<reporter was cuhxaewcx order by description>>
2019-07-22T12:54:46,403Z DEBUG {} [applying load #3e020404-5618-409a-84f4-2ce47d577c13] [AdaptiveJqlMemory] Rendered a new jql query: <<project = ANIOS order by status>>
2019-07-22T12:54:46,404Z DEBUG {} [applying load #3e020404-5618-409a-84f4-2ce47d577c13] [ViewBacklogAction] Skipping View Backlog. I have no knowledge of Boards.
2019-07-22T12:54:46,404Z DEBUG {} [applying load #3e020404-5618-409a-84f4-2ce47d577c13] [ViewBacklogAction] Skipping View Backlog. I have no knowledge of Boards.
2019-07-22T12:54:47,151Z DEBUG {} [applying load #127a9233-f6b6-4ed6-9a18-8cbd997936d9] [ViewIssueAction] Skipping View Issue action. I have no knowledge of issue keys.
2019-07-22T12:54:47,499Z DEBUG {} [applying load #3e020404-5618-409a-84f4-2ce47d577c13] [AdaptiveJqlMemory] Rendered a new jql query: <<assignee = iebyxzczp order by project>>
2019-07-22T12:54:48,415Z DEBUG {} [applying load #3e020404-5618-409a-84f4-2ce47d577c13] [AdaptiveJqlMemory] Rendered a new jql query: <<reporter was dvcjvdgns order by description>>
2019-07-22T12:54:48,462Z DEBUG {} [applying load #367aefa3-aead-4ade-8d5e-361fcdc8bd30] [ViewBoardAction] Skipping View Board. I have no knowledge of Boards.
2019-07-22T12:54:49,668Z DEBUG {} [applying load #158dce8a-6408-4090-b135-fe82986b9e67] [ViewBacklogAction] Skipping View Backlog. I have no knowledge of Boards.
2019-07-22T12:54:49,727Z DEBUG {} [applying load #3e020404-5618-409a-84f4-2ce47d577c13] [AdaptiveJqlMemory] Rendered a new jql query: <<project = CGILSA and assignee = dpscdxzgp order by reporter>>
2019-07-22T12:54:51,459Z DEBUG {} [applying load #facb1f3a-9c68-402b-8a47-b406d1ab1569] [AdaptiveJqlMemory] Rendered a new jql query: <<project = BYSHI and assignee = sgquoftoc order by reporter>>
2019-07-22T12:54:52,466Z DEBUG {} [applying load #3e495b84-1eb4-438d-9a1c-e9e9a180b08c] [ViewIssueAction] Skipping View Issue action. I have no knowledge of issue keys.
2019-07-22T12:54:53,484Z DEBUG {} [applying load #5170d8df-0f36-4de4-acba-d7d1e32b9f81] [SeededRandom] Using seed 1563800093
2019-07-22T12:54:54,468Z DEBUG {} [applying load #158dce8a-6408-4090-b135-fe82986b9e67] [ViewIssueAction] Skipping View Issue action. I have no knowledge of issue keys.
2019-07-22T12:54:54,483Z DEBUG {} [applying load #7c013af1-d88e-4c4f-a190-eb6b3e844226] [AdaptiveJqlMemory] Rendered a new jql query: <<text ~ "papyri" order by key>>
2019-07-22T12:54:55,633Z DEBUG {} [applying load #facb1f3a-9c68-402b-8a47-b406d1ab1569] [AdaptiveJqlMemory] Rendered a new jql query: <<text ~ "saucy" order by key>>
2019-07-22T12:54:55,633Z DEBUG {} [applying load #facb1f3a-9c68-402b-8a47-b406d1ab1569] [ViewBoardAction] Skipping View Board. I have no knowledge of Boards.
2019-07-22T12:54:55,867Z DEBUG {} [applying load #367aefa3-aead-4ade-8d5e-361fcdc8bd30] [SeededRandom] Using seed 1563800095
2019-07-22T12:54:56,751Z DEBUG {} [applying load #127a9233-f6b6-4ed6-9a18-8cbd997936d9] [ViewBacklogAction] Skipping View Backlog. I have no knowledge of Boards.
2019-07-22T12:54:56,885Z DEBUG {} [applying load #3e020404-5618-409a-84f4-2ce47d577c13] [ViewBoardAction] Skipping View Board. I have no knowledge of Boards.
2019-07-22T12:54:58,125Z DEBUG {} [applying load #facb1f3a-9c68-402b-8a47-b406d1ab1569] [ViewBoardAction] Skipping View Board. I have no knowledge of Boards.
2019-07-22T12:54:59,269Z DEBUG {} [applying load #158dce8a-6408-4090-b135-fe82986b9e67] [ViewIssueAction] Skipping View Issue action. I have no knowledge of issue keys.
2019-07-22T12:54:59,450Z DEBUG {} [applying load #5170d8df-0f36-4de4-acba-d7d1e32b9f81] [AdaptiveJqlMemory] Rendered a new jql query: <<project = AHANUA order by status>>
2019-07-22T12:55:00,785Z DEBUG {} [applying load #5170d8df-0f36-4de4-acba-d7d1e32b9f81] [AdaptiveJqlMemory] Rendered a new jql query: <<assignee = ojeeojili order by project>>
2019-07-22T12:55:01,551Z DEBUG {} [applying load #127a9233-f6b6-4ed6-9a18-8cbd997936d9] [ViewBoardAction] Skipping View Board. I have no knowledge of Boards.
2019-07-22T12:55:01,578Z DEBUG {} [applying load #582b4d8d-21f1-48a2-9e11-3867d69d2c44] [SeededRandom] Using seed 1563800101
2019-07-22T12:55:03,951Z DEBUG {} [applying load #582b4d8d-21f1-48a2-9e11-3867d69d2c44] [ViewBacklogAction] Skipping View Backlog. I have no knowledge of Boards.
2019-07-22T12:55:04,068Z DEBUG {} [applying load #158dce8a-6408-4090-b135-fe82986b9e67] [ViewIssueAction] Skipping View Issue action. I have no knowledge of issue keys.
2019-07-22T12:55:04,531Z DEBUG {} [applying load #582b4d8d-21f1-48a2-9e11-3867d69d2c44] [ViewIssueAction] Skipping View Issue action. I have no knowledge of issue keys.
2019-07-22T12:55:04,532Z DEBUG {} [applying load #582b4d8d-21f1-48a2-9e11-3867d69d2c44] [ViewIssueAction] Skipping View Issue action. I have no knowledge of issue keys.
2019-07-22T12:55:04,829Z DEBUG {} [applying load #5170d8df-0f36-4de4-acba-d7d1e32b9f81] [AdaptiveJqlMemory] Rendered a new jql query: <<reporter was hiwpacrvc order by description>>
2019-07-22T12:55:04,829Z DEBUG {} [applying load #5170d8df-0f36-4de4-acba-d7d1e32b9f81] [ViewBacklogAction] Skipping View Backlog. I have no knowledge of Boards.
2019-07-22T12:55:05,392Z DEBUG {} [applying load #582b4d8d-21f1-48a2-9e11-3867d69d2c44] [ViewBacklogAction] Skipping View Backlog. I have no knowledge of Boards.
2019-07-22T12:55:06,365Z DEBUG {} [applying load #facb1f3a-9c68-402b-8a47-b406d1ab1569] [CreateIssueAction] Skipping Create issue action. I have no knowledge of projects.
2019-07-22T12:55:06,715Z DEBUG {} [applying load #367aefa3-aead-4ade-8d5e-361fcdc8bd30] [SeededRandom] Using seed 1563800106
2019-07-22T12:55:09,805Z DEBUG {} [applying load #5170d8df-0f36-4de4-acba-d7d1e32b9f81] [AdaptiveJqlMemory] Rendered a new jql query: <<text ~ "summary" order by key>>
2019-07-22T12:55:10,192Z DEBUG {} [applying load #582b4d8d-21f1-48a2-9e11-3867d69d2c44] [ViewIssueAction] Skipping View Issue action. I have no knowledge of issue keys.
2019-07-22T12:55:13,028Z DEBUG {} [applying load #5170d8df-0f36-4de4-acba-d7d1e32b9f81] [ViewBacklogAction] Skipping View Backlog. I have no knowledge of Boards.
2019-07-22T12:55:14,992Z DEBUG {} [applying load #582b4d8d-21f1-48a2-9e11-3867d69d2c44] [ViewBoardAction] Skipping View Board. I have no knowledge of Boards.
2019-07-22T12:55:16,690Z DEBUG {} [applying load #facb1f3a-9c68-402b-8a47-b406d1ab1569] [CreateIssueAction] Skipping Create issue action. I have no knowledge of projects.
2019-07-22T12:55:19,080Z DEBUG {} [applying load #5170d8df-0f36-4de4-acba-d7d1e32b9f81] [AdaptiveJqlMemory] Rendered a new jql query: <<project = CGAIEA and assignee = dmxecdpot order by reporter>>
2019-07-22T12:55:19,792Z DEBUG {} [applying load #582b4d8d-21f1-48a2-9e11-3867d69d2c44] [ViewBoardAction] Skipping View Board. I have no knowledge of Boards.
2019-07-22T12:55:29,393Z DEBUG {} [applying load #582b4d8d-21f1-48a2-9e11-3867d69d2c44] [ViewBacklogAction] Skipping View Backlog. I have no knowledge of Boards.
2019-07-22T12:55:32,207Z DEBUG {} [applying load #367aefa3-aead-4ade-8d5e-361fcdc8bd30] [ViewBacklogAction] Skipping View Backlog. I have no knowledge of Boards.
2019-07-22T12:55:33,705Z DEBUG {} [applying load #facb1f3a-9c68-402b-8a47-b406d1ab1569] [SeededRandom] Using seed 1563800133
2019-07-22T12:55:34,193Z DEBUG {} [applying load #582b4d8d-21f1-48a2-9e11-3867d69d2c44] [EditIssueAction] Cannot edit any issue, because I didn't see any editable issues
2019-07-22T12:55:36,513Z DEBUG {} [applying load #3d176a3d-2666-4aae-afc1-6aeb03f35e48] [AdaptiveJqlMemory] Rendered a new jql query: <<assignee = obedbtzrd order by project>>
2019-07-22T12:55:36,513Z DEBUG {} [applying load #3d176a3d-2666-4aae-afc1-6aeb03f35e48] [ViewBacklogAction] Skipping View Backlog. I have no knowledge of Boards.
2019-07-22T12:55:37,850Z DEBUG {} [applying load #3d176a3d-2666-4aae-afc1-6aeb03f35e48] [AdaptiveJqlMemory] Rendered a new jql query: <<reporter was fbwoeyooy order by description>>
2019-07-22T12:55:38,784Z DEBUG {} [applying load #facb1f3a-9c68-402b-8a47-b406d1ab1569] [SeededRandom] Using seed 1563800138
2019-07-22T12:55:39,040Z DEBUG {} [applying load #3d176a3d-2666-4aae-afc1-6aeb03f35e48] [AdaptiveJqlMemory] Rendered a new jql query: <<project = GAMY and assignee = qwbrdwyxk order by reporter>>
2019-07-22T12:55:43,075Z DEBUG {} [applying load #facb1f3a-9c68-402b-8a47-b406d1ab1569] [SeededRandom] Using seed 1563800143
2019-07-22T12:55:45,691Z DEBUG {} [applying load #8c009f6b-b14f-4117-a7d0-ccbf1385a97b] [ViewBoardAction] Skipping View Board. I have no knowledge of Boards.
2019-07-22T12:55:45,691Z DEBUG {} [applying load #8c009f6b-b14f-4117-a7d0-ccbf1385a97b] [ViewBoardAction] Skipping View Board. I have no knowledge of Boards.
2019-07-22T12:55:46,584Z DEBUG {} [applying load #10a055f4-eac7-4855-9879-49b6a5b400a4] [EditIssueAction] Cannot edit any issue, because I didn't see any editable issues
2019-07-22T12:55:47,250Z DEBUG {} [applying load #8c009f6b-b14f-4117-a7d0-ccbf1385a97b] [AdaptiveJqlMemory] Rendered a new jql query: <<assignee = gekavvjdx order by project>>
2019-07-22T12:55:47,251Z DEBUG {} [applying load #8c009f6b-b14f-4117-a7d0-ccbf1385a97b] [ViewBacklogAction] Skipping View Backlog. I have no knowledge of Boards.
2019-07-22T12:55:48,589Z DEBUG {} [applying load #8c009f6b-b14f-4117-a7d0-ccbf1385a97b] [AdaptiveJqlMemory] Rendered a new jql query: <<reporter was xpyslntyv order by description>>
2019-07-22T12:55:49,518Z DEBUG {} [applying load #3d176a3d-2666-4aae-afc1-6aeb03f35e48] [AdaptiveJqlMemory] Rendered a new jql query: <<text ~ "touring" order by key>>
2019-07-22T12:55:49,983Z DEBUG {} [applying load #8c009f6b-b14f-4117-a7d0-ccbf1385a97b] [AdaptiveJqlMemory] Rendered a new jql query: <<project = SBEU and assignee = rahyryjga order by reporter>>
2019-07-22T12:55:49,984Z DEBUG {} [applying load #8c009f6b-b14f-4117-a7d0-ccbf1385a97b] [ProjectSummaryAction] Skipping Project summary action. I have no knowledge of projects.
2019-07-22T12:55:50,450Z DEBUG {} [applying load #3d176a3d-2666-4aae-afc1-6aeb03f35e48] [ViewBoardAction] Skipping View Board. I have no knowledge of Boards.
2019-07-22T12:55:51,135Z DEBUG {} [applying load #8c009f6b-b14f-4117-a7d0-ccbf1385a97b] [AdaptiveJqlMemory] Rendered a new jql query: <<text ~ "motoring" order by key>>
2019-07-22T12:55:51,428Z DEBUG {} [applying load #5170d8df-0f36-4de4-acba-d7d1e32b9f81] [ViewBoardAction] Skipping View Board. I have no knowledge of Boards.
2019-07-22T12:55:52,669Z DEBUG {} [applying load #10a055f4-eac7-4855-9879-49b6a5b400a4] [AdaptiveJqlMemory] Rendered a new jql query: <<project = BAEOS order by status>>
2019-07-22T12:55:54,365Z DEBUG {} [applying load #facb1f3a-9c68-402b-8a47-b406d1ab1569] [ViewBacklogAction] Skipping View Backlog. I have no knowledge of Boards.
2019-07-22T12:55:54,614Z DEBUG {} [applying load #3d176a3d-2666-4aae-afc1-6aeb03f35e48] [ViewBacklogAction] Skipping View Backlog. I have no knowledge of Boards.
2019-07-22T12:55:57,903Z DEBUG {} [applying load #8c009f6b-b14f-4117-a7d0-ccbf1385a97b] [SeededRandom] Using seed 1563800157
2019-07-22T12:55:59,745Z DEBUG {} [applying load #10a055f4-eac7-4855-9879-49b6a5b400a4] [SeededRandom] Using seed 1563800159
2019-07-22T12:56:00,223Z DEBUG {} [applying load #8c009f6b-b14f-4117-a7d0-ccbf1385a97b] [CreateIssueAction] Skipping Create issue action. I have no knowledge of projects.
2019-07-22T12:56:00,223Z DEBUG {} [applying load #8c009f6b-b14f-4117-a7d0-ccbf1385a97b] [CreateIssueAction] Skipping Create issue action. I have no knowledge of projects.
2019-07-22T12:56:00,639Z DEBUG {} [applying load #3d176a3d-2666-4aae-afc1-6aeb03f35e48] [ViewBoardAction] Skipping View Board. I have no knowledge of Boards.
2019-07-22T12:56:01,027Z DEBUG {} [applying load #5170d8df-0f36-4de4-acba-d7d1e32b9f81] [ViewBoardAction] Skipping View Board. I have no knowledge of Boards.
2019-07-22T12:56:03,602Z DEBUG {} [applying load #8c009f6b-b14f-4117-a7d0-ccbf1385a97b] [ViewBoardAction] Skipping View Board. I have no knowledge of Boards.
2019-07-22T12:56:03,602Z DEBUG {} [applying load #8c009f6b-b14f-4117-a7d0-ccbf1385a97b] [ViewBoardAction] Skipping View Board. I have no knowledge of Boards.
2019-07-22T12:56:03,841Z DEBUG {} [applying load #3e495b84-1eb4-438d-9a1c-e9e9a180b08c] [AdaptiveJqlMemory] Rendered a new jql query: <<project = CFNUSA order by status>>
2019-07-22T12:56:04,893Z DEBUG {} [applying load #3e495b84-1eb4-438d-9a1c-e9e9a180b08c] [AdaptiveJqlMemory] Rendered a new jql query: <<assignee = sgquoftoc order by project>>
2019-07-22T12:56:05,845Z DEBUG {} [applying load #3e495b84-1eb4-438d-9a1c-e9e9a180b08c] [AdaptiveJqlMemory] Rendered a new jql query: <<reporter was isbdnlfbj order by description>>
2019-07-22T12:56:05,974Z DEBUG {} [applying load #10a055f4-eac7-4855-9879-49b6a5b400a4] [AdaptiveJqlMemory] Rendered a new jql query: <<assignee = xgsqbwfpe order by project>>
2019-07-22T12:56:05,975Z DEBUG {} [applying load #10a055f4-eac7-4855-9879-49b6a5b400a4] [ViewBoardAction] Skipping View Board. I have no knowledge of Boards.
2019-07-22T12:56:05,975Z DEBUG {} [applying load #10a055f4-eac7-4855-9879-49b6a5b400a4] [ViewBacklogAction] Skipping View Backlog. I have no knowledge of Boards.
2019-07-22T12:56:09,312Z DEBUG {} [applying load #3d176a3d-2666-4aae-afc1-6aeb03f35e48] [SeededRandom] Using seed 1563800169
2019-07-22T12:56:11,466Z DEBUG {} [applying load #3e020404-5618-409a-84f4-2ce47d577c13] [ViewBoardAction] Skipping View Board. I have no knowledge of Boards.
2019-07-22T12:56:12,031Z DEBUG {} [applying load #10a055f4-eac7-4855-9879-49b6a5b400a4] [AdaptiveJqlMemory] Rendered a new jql query: <<reporter was mfonhrnrg order by description>>
2019-07-22T12:56:12,279Z DEBUG {} [applying load #3e495b84-1eb4-438d-9a1c-e9e9a180b08c] [AdaptiveJqlMemory] Rendered a new jql query: <<project = BELIIA and assignee = hqkbggnui order by reporter>>
2019-07-22T12:56:12,774Z DEBUG {} [applying load #3e020404-5618-409a-84f4-2ce47d577c13] [AdaptiveJqlMemory] Rendered a new jql query: <<text ~ "libeler" order by key>>
2019-07-22T12:56:12,774Z DEBUG {} [applying load #3e020404-5618-409a-84f4-2ce47d577c13] [ProjectSummaryAction] Skipping Project summary action. I have no knowledge of projects.
2019-07-22T12:56:13,321Z DEBUG {} [applying load #10a055f4-eac7-4855-9879-49b6a5b400a4] [AdaptiveJqlMemory] Rendered a new jql query: <<project = BAEOS and assignee = lpdfknyeo order by reporter>>
2019-07-22T12:56:13,350Z DEBUG {} [applying load #3e495b84-1eb4-438d-9a1c-e9e9a180b08c] [AdaptiveJqlMemory] Rendered a new jql query: <<text ~ "fiercest" order by key>>
2019-07-22T12:56:13,350Z DEBUG {} [applying load #3e495b84-1eb4-438d-9a1c-e9e9a180b08c] [ViewBoardAction] Skipping View Board. I have no knowledge of Boards.
2019-07-22T12:56:14,282Z DEBUG {} [applying load #3e495b84-1eb4-438d-9a1c-e9e9a180b08c] [ViewBacklogAction] Skipping View Backlog. I have no knowledge of Boards.
2019-07-22T12:56:14,803Z DEBUG {} [applying load #10a055f4-eac7-4855-9879-49b6a5b400a4] [AdaptiveJqlMemory] Rendered a new jql query: <<text ~ "appears" order by key>>
2019-07-22T12:56:17,252Z DEBUG {} [applying load #5170d8df-0f36-4de4-acba-d7d1e32b9f81] [SeededRandom] Using seed 1563800177
2019-07-22T12:56:18,103Z DEBUG {} [applying load #127a9233-f6b6-4ed6-9a18-8cbd997936d9] [EditIssueAction] Cannot edit any issue, because I didn't see any editable issues
2019-07-22T12:56:18,506Z DEBUG {} [applying load #3d176a3d-2666-4aae-afc1-6aeb03f35e48] [SeededRandom] Using seed 1563800178
2019-07-22T12:56:19,488Z DEBUG {} [applying load #127a9233-f6b6-4ed6-9a18-8cbd997936d9] [AdaptiveJqlMemory] Rendered a new jql query: <<project = CGILSA order by status>>
2019-07-22T12:56:19,488Z DEBUG {} [applying load #127a9233-f6b6-4ed6-9a18-8cbd997936d9] [ViewBacklogAction] Skipping View Backlog. I have no knowledge of Boards.
2019-07-22T12:56:20,823Z DEBUG {} [applying load #158dce8a-6408-4090-b135-fe82986b9e67] [AdaptiveJqlMemory] Rendered a new jql query: <<project = SBEU order by status>>
2019-07-22T12:56:21,015Z ERROR {} [applying load #127a9233-f6b6-4ed6-9a18-8cbd997936d9] [WebDriverDiagnostics] URL: http://jpt-fa46d-loadbala-ttkud6yeo83h-142878392.eu-west-1.elb.amazonaws.com/secure/AddComment!default.jspa?id=1598736, HTML dumped at diagnoses/c186446a-34f1-4d80-9d3f-1d37785a173f/dump.html, screenshot saved to diagnoses/c186446a-34f1-4d80-9d3f-1d37785a173f/screenshot.png
java.lang.Exception: Action 'Full Add Comment' ERROR
	at com.atlassian.performance.tools.jiraactions.api.measure.ActionMeter.record(ActionMeter.kt:132) ~[virtual-users.jar:?]
	at com.atlassian.performance.tools.jiraactions.api.measure.ActionMeter.measure(ActionMeter.kt:79) ~[virtual-users.jar:?]
	at com.atlassian.performance.tools.jiraactions.api.measure.ActionMeter.measure(ActionMeter.kt:57) ~[virtual-users.jar:?]
	at com.atlassian.performance.tools.jiraactions.api.action.AddCommentAction.run(AddCommentAction.kt:24) ~[virtual-users.jar:?]
	at com.atlassian.performance.tools.virtualusers.ExploratoryVirtualUser.runWithDiagnostics(ExploratoryVirtualUser.kt:79) [virtual-users.jar:?]
	at com.atlassian.performance.tools.virtualusers.ExploratoryVirtualUser.applyLoad(ExploratoryVirtualUser.kt:56) [virtual-users.jar:?]
	at com.atlassian.performance.tools.virtualusers.LoadTest.applyLoad(LoadTest.kt:164) [virtual-users.jar:?]
	at com.atlassian.performance.tools.virtualusers.LoadTest.access$applyLoad(LoadTest.kt:36) [virtual-users.jar:?]
	at com.atlassian.performance.tools.virtualusers.LoadTest$applyLoad$$inlined$forEach$lambda$1.run(LoadTest.kt:111) [virtual-users.jar:?]
	at java.util.concurrent.Executors$RunnableAdapter.call(Executors.java:511) [?:1.8.0_212]
	at java.util.concurrent.FutureTask.run(FutureTask.java:266) [?:1.8.0_212]
	at java.util.concurrent.ThreadPoolExecutor.runWorker(ThreadPoolExecutor.java:1149) [?:1.8.0_212]
	at java.util.concurrent.ThreadPoolExecutor$Worker.run(ThreadPoolExecutor.java:624) [?:1.8.0_212]
	at java.lang.Thread.run(Thread.java:748) [?:1.8.0_212]
Caused by: org.openqa.selenium.InvalidElementStateException: invalid element state: Element is not currently interactable and may not be manipulated
  (Session info: headless chrome=69.0.3497.0)
  (Driver info: chromedriver=2.43.600233 (523efee95e3d68b8719b3a1c83051aa63aa6b10d),platform=Linux 4.4.0-1067-aws x86_64) (WARNING: The server did not provide any stacktrace information)
Command duration or timeout: 0 milliseconds
Build info: version: 'unknown', revision: 'unknown', time: 'unknown'
System info: host: 'ip-10-0-0-74', ip: '10.0.0.74', os.name: 'Linux', os.arch: 'amd64', os.version: '4.4.0-1067-aws', java.version: '1.8.0_212'
Driver info: org.openqa.selenium.chrome.ChromeDriver
Capabilities {acceptInsecureCerts: false, acceptSslCerts: false, applicationCacheEnabled: false, browserConnectionEnabled: false, browserName: chrome, chrome: {chromedriverVersion: 2.43.600233 (523efee95e3d68..., userDataDir: /tmp/.org.chromium.Chromium...}, cssSelectorsEnabled: true, databaseEnabled: false, goog:chromeOptions: {debuggerAddress: localhost:39720}, handlesAlerts: true, hasTouchScreen: false, javascriptEnabled: true, locationContextEnabled: true, mobileEmulationEnabled: false, nativeEvents: true, networkConnectionEnabled: false, pageLoadStrategy: normal, platform: LINUX, platformName: LINUX, rotatable: false, setWindowRect: true, takesHeapSnapshot: true, takesScreenshot: true, unexpectedAlertBehaviour: , unhandledPromptBehavior: , version: 69.0.3497.0, webStorageEnabled: true}
Session ID: 2588688e9a632eb71318055c7efaf107
	at sun.reflect.NativeConstructorAccessorImpl.newInstance0(Native Method) ~[?:1.8.0_212]
	at sun.reflect.NativeConstructorAccessorImpl.newInstance(NativeConstructorAccessorImpl.java:62) ~[?:1.8.0_212]
	at sun.reflect.DelegatingConstructorAccessorImpl.newInstance(DelegatingConstructorAccessorImpl.java:45) ~[?:1.8.0_212]
	at java.lang.reflect.Constructor.newInstance(Constructor.java:423) ~[?:1.8.0_212]
	at org.openqa.selenium.remote.ErrorHandler.createThrowable(ErrorHandler.java:214) ~[virtual-users.jar:?]
	at org.openqa.selenium.remote.ErrorHandler.throwIfResponseFailed(ErrorHandler.java:166) ~[virtual-users.jar:?]
	at org.openqa.selenium.remote.http.JsonHttpResponseCodec.reconstructValue(JsonHttpResponseCodec.java:40) ~[virtual-users.jar:?]
	at org.openqa.selenium.remote.http.AbstractHttpResponseCodec.decode(AbstractHttpResponseCodec.java:80) ~[virtual-users.jar:?]
	at org.openqa.selenium.remote.http.AbstractHttpResponseCodec.decode(AbstractHttpResponseCodec.java:44) ~[virtual-users.jar:?]
	at org.openqa.selenium.remote.HttpCommandExecutor.execute(HttpCommandExecutor.java:158) ~[virtual-users.jar:?]
	at org.openqa.selenium.remote.service.DriverCommandExecutor.execute(DriverCommandExecutor.java:83) ~[virtual-users.jar:?]
	at org.openqa.selenium.remote.RemoteWebDriver.execute(RemoteWebDriver.java:545) ~[virtual-users.jar:?]
	at org.openqa.selenium.remote.RemoteWebElement.execute(RemoteWebElement.java:279) ~[virtual-users.jar:?]
	at org.openqa.selenium.remote.RemoteWebElement.clear(RemoteWebElement.java:118) ~[virtual-users.jar:?]
	at com.atlassian.performance.tools.jiraactions.api.page.RichTextEditorTextArea.overwritePlain(RichTextEditorTextArea.kt:36) ~[virtual-users.jar:?]
	at com.atlassian.performance.tools.jiraactions.api.page.RichTextEditorTextArea.overwriteIfPresent(RichTextEditorTextArea.kt:30) ~[virtual-users.jar:?]
	at com.atlassian.performance.tools.jiraactions.api.page.CommentForm.enterCommentText(CommentForm.kt:38) ~[virtual-users.jar:?]
	at com.atlassian.performance.tools.jiraactions.api.action.AddCommentAction$run$1.invoke(AddCommentAction.kt:25) ~[virtual-users.jar:?]
	at com.atlassian.performance.tools.jiraactions.api.action.AddCommentAction$run$1.invoke(AddCommentAction.kt:11) ~[virtual-users.jar:?]
	at com.atlassian.performance.tools.jiraactions.api.measure.ActionMeter$measure$2.invoke(ActionMeter.kt:80) ~[virtual-users.jar:?]
	at com.atlassian.performance.tools.jiraactions.api.measure.ActionMeter$measure$2.invoke(ActionMeter.kt:25) ~[virtual-users.jar:?]
	at com.atlassian.performance.tools.jiraactions.api.measure.ActionMeter.record(ActionMeter.kt:102) ~[virtual-users.jar:?]
	... 13 more
2019-07-22T12:56:21,023Z ERROR {} [applying load #127a9233-f6b6-4ed6-9a18-8cbd997936d9] [ExploratoryVirtualUser] Failed to run com.atlassian.performance.tools.jiraactions.api.action.AddCommentAction@560207fd, but we keep running
java.lang.Exception: Failed to run com.atlassian.performance.tools.jiraactions.api.action.AddCommentAction@560207fd
	at com.atlassian.performance.tools.virtualusers.ExploratoryVirtualUser.runWithDiagnostics(ExploratoryVirtualUser.kt:82) ~[virtual-users.jar:?]
	at com.atlassian.performance.tools.virtualusers.ExploratoryVirtualUser.applyLoad(ExploratoryVirtualUser.kt:56) [virtual-users.jar:?]
	at com.atlassian.performance.tools.virtualusers.LoadTest.applyLoad(LoadTest.kt:164) [virtual-users.jar:?]
	at com.atlassian.performance.tools.virtualusers.LoadTest.access$applyLoad(LoadTest.kt:36) [virtual-users.jar:?]
	at com.atlassian.performance.tools.virtualusers.LoadTest$applyLoad$$inlined$forEach$lambda$1.run(LoadTest.kt:111) [virtual-users.jar:?]
	at java.util.concurrent.Executors$RunnableAdapter.call(Executors.java:511) [?:1.8.0_212]
	at java.util.concurrent.FutureTask.run(FutureTask.java:266) [?:1.8.0_212]
	at java.util.concurrent.ThreadPoolExecutor.runWorker(ThreadPoolExecutor.java:1149) [?:1.8.0_212]
	at java.util.concurrent.ThreadPoolExecutor$Worker.run(ThreadPoolExecutor.java:624) [?:1.8.0_212]
	at java.lang.Thread.run(Thread.java:748) [?:1.8.0_212]
Caused by: java.lang.Exception: Action 'Full Add Comment' ERROR
	at com.atlassian.performance.tools.jiraactions.api.measure.ActionMeter.record(ActionMeter.kt:132) ~[virtual-users.jar:?]
	at com.atlassian.performance.tools.jiraactions.api.measure.ActionMeter.measure(ActionMeter.kt:79) ~[virtual-users.jar:?]
	at com.atlassian.performance.tools.jiraactions.api.measure.ActionMeter.measure(ActionMeter.kt:57) ~[virtual-users.jar:?]
	at com.atlassian.performance.tools.jiraactions.api.action.AddCommentAction.run(AddCommentAction.kt:24) ~[virtual-users.jar:?]
	at com.atlassian.performance.tools.virtualusers.ExploratoryVirtualUser.runWithDiagnostics(ExploratoryVirtualUser.kt:79) ~[virtual-users.jar:?]
	... 9 more
Caused by: org.openqa.selenium.InvalidElementStateException: invalid element state: Element is not currently interactable and may not be manipulated
  (Session info: headless chrome=69.0.3497.0)
  (Driver info: chromedriver=2.43.600233 (523efee95e3d68b8719b3a1c83051aa63aa6b10d),platform=Linux 4.4.0-1067-aws x86_64) (WARNING: The server did not provide any stacktrace information)
Command duration or timeout: 0 milliseconds
Build info: version: 'unknown', revision: 'unknown', time: 'unknown'
System info: host: 'ip-10-0-0-74', ip: '10.0.0.74', os.name: 'Linux', os.arch: 'amd64', os.version: '4.4.0-1067-aws', java.version: '1.8.0_212'
Driver info: org.openqa.selenium.chrome.ChromeDriver
Capabilities {acceptInsecureCerts: false, acceptSslCerts: false, applicationCacheEnabled: false, browserConnectionEnabled: false, browserName: chrome, chrome: {chromedriverVersion: 2.43.600233 (523efee95e3d68..., userDataDir: /tmp/.org.chromium.Chromium...}, cssSelectorsEnabled: true, databaseEnabled: false, goog:chromeOptions: {debuggerAddress: localhost:39720}, handlesAlerts: true, hasTouchScreen: false, javascriptEnabled: true, locationContextEnabled: true, mobileEmulationEnabled: false, nativeEvents: true, networkConnectionEnabled: false, pageLoadStrategy: normal, platform: LINUX, platformName: LINUX, rotatable: false, setWindowRect: true, takesHeapSnapshot: true, takesScreenshot: true, unexpectedAlertBehaviour: , unhandledPromptBehavior: , version: 69.0.3497.0, webStorageEnabled: true}
Session ID: 2588688e9a632eb71318055c7efaf107
	at sun.reflect.NativeConstructorAccessorImpl.newInstance0(Native Method) ~[?:1.8.0_212]
	at sun.reflect.NativeConstructorAccessorImpl.newInstance(NativeConstructorAccessorImpl.java:62) ~[?:1.8.0_212]
	at sun.reflect.DelegatingConstructorAccessorImpl.newInstance(DelegatingConstructorAccessorImpl.java:45) ~[?:1.8.0_212]
	at java.lang.reflect.Constructor.newInstance(Constructor.java:423) ~[?:1.8.0_212]
	at org.openqa.selenium.remote.ErrorHandler.createThrowable(ErrorHandler.java:214) ~[virtual-users.jar:?]
	at org.openqa.selenium.remote.ErrorHandler.throwIfResponseFailed(ErrorHandler.java:166) ~[virtual-users.jar:?]
	at org.openqa.selenium.remote.http.JsonHttpResponseCodec.reconstructValue(JsonHttpResponseCodec.java:40) ~[virtual-users.jar:?]
	at org.openqa.selenium.remote.http.AbstractHttpResponseCodec.decode(AbstractHttpResponseCodec.java:80) ~[virtual-users.jar:?]
	at org.openqa.selenium.remote.http.AbstractHttpResponseCodec.decode(AbstractHttpResponseCodec.java:44) ~[virtual-users.jar:?]
	at org.openqa.selenium.remote.HttpCommandExecutor.execute(HttpCommandExecutor.java:158) ~[virtual-users.jar:?]
	at org.openqa.selenium.remote.service.DriverCommandExecutor.execute(DriverCommandExecutor.java:83) ~[virtual-users.jar:?]
	at org.openqa.selenium.remote.RemoteWebDriver.execute(RemoteWebDriver.java:545) ~[virtual-users.jar:?]
	at org.openqa.selenium.remote.RemoteWebElement.execute(RemoteWebElement.java:279) ~[virtual-users.jar:?]
	at org.openqa.selenium.remote.RemoteWebElement.clear(RemoteWebElement.java:118) ~[virtual-users.jar:?]
	at com.atlassian.performance.tools.jiraactions.api.page.RichTextEditorTextArea.overwritePlain(RichTextEditorTextArea.kt:36) ~[virtual-users.jar:?]
	at com.atlassian.performance.tools.jiraactions.api.page.RichTextEditorTextArea.overwriteIfPresent(RichTextEditorTextArea.kt:30) ~[virtual-users.jar:?]
	at com.atlassian.performance.tools.jiraactions.api.page.CommentForm.enterCommentText(CommentForm.kt:38) ~[virtual-users.jar:?]
	at com.atlassian.performance.tools.jiraactions.api.action.AddCommentAction$run$1.invoke(AddCommentAction.kt:25) ~[virtual-users.jar:?]
	at com.atlassian.performance.tools.jiraactions.api.action.AddCommentAction$run$1.invoke(AddCommentAction.kt:11) ~[virtual-users.jar:?]
	at com.atlassian.performance.tools.jiraactions.api.measure.ActionMeter$measure$2.invoke(ActionMeter.kt:80) ~[virtual-users.jar:?]
	at com.atlassian.performance.tools.jiraactions.api.measure.ActionMeter$measure$2.invoke(ActionMeter.kt:25) ~[virtual-users.jar:?]
	at com.atlassian.performance.tools.jiraactions.api.measure.ActionMeter.record(ActionMeter.kt:102) ~[virtual-users.jar:?]
	at com.atlassian.performance.tools.jiraactions.api.measure.ActionMeter.measure(ActionMeter.kt:79) ~[virtual-users.jar:?]
	at com.atlassian.performance.tools.jiraactions.api.measure.ActionMeter.measure(ActionMeter.kt:57) ~[virtual-users.jar:?]
	at com.atlassian.performance.tools.jiraactions.api.action.AddCommentAction.run(AddCommentAction.kt:24) ~[virtual-users.jar:?]
	at com.atlassian.performance.tools.virtualusers.ExploratoryVirtualUser.runWithDiagnostics(ExploratoryVirtualUser.kt:79) ~[virtual-users.jar:?]
	... 9 more
2019-07-22T12:56:21,889Z DEBUG {} [applying load #158dce8a-6408-4090-b135-fe82986b9e67] [AdaptiveJqlMemory] Rendered a new jql query: <<assignee = ienkhkhsk order by project>>
2019-07-22T12:56:22,131Z DEBUG {} [applying load #127a9233-f6b6-4ed6-9a18-8cbd997936d9] [AdaptiveJqlMemory] Rendered a new jql query: <<assignee = gvpwdvxjl order by project>>
2019-07-22T12:56:22,835Z DEBUG {} [applying load #158dce8a-6408-4090-b135-fe82986b9e67] [AdaptiveJqlMemory] Rendered a new jql query: <<reporter was brmhbwkzm order by description>>
2019-07-22T12:56:22,836Z DEBUG {} [applying load #158dce8a-6408-4090-b135-fe82986b9e67] [ViewBacklogAction] Skipping View Backlog. I have no knowledge of Boards.
2019-07-22T12:56:23,086Z DEBUG {} [applying load #127a9233-f6b6-4ed6-9a18-8cbd997936d9] [AdaptiveJqlMemory] Rendered a new jql query: <<reporter was brmhbwkzm order by description>>
2019-07-22T12:56:23,591Z DEBUG {} [applying load #3e495b84-1eb4-438d-9a1c-e9e9a180b08c] [ProjectSummaryAction] Skipping Project summary action. I have no knowledge of projects.
2019-07-22T12:56:23,885Z DEBUG {} [applying load #158dce8a-6408-4090-b135-fe82986b9e67] [AdaptiveJqlMemory] Rendered a new jql query: <<project = BCTIA and assignee = xrpjgmuae order by reporter>>
2019-07-22T12:56:24,118Z DEBUG {} [applying load #127a9233-f6b6-4ed6-9a18-8cbd997936d9] [AdaptiveJqlMemory] Rendered a new jql query: <<project = GAMY and assignee = qwbrdwyxk order by reporter>>
2019-07-22T12:56:24,878Z DEBUG {} [applying load #158dce8a-6408-4090-b135-fe82986b9e67] [AdaptiveJqlMemory] Rendered a new jql query: <<text ~ "summary" order by key>>
2019-07-22T12:56:25,325Z DEBUG {} [applying load #10a055f4-eac7-4855-9879-49b6a5b400a4] [SeededRandom] Using seed 1563800185
2019-07-22T12:56:25,630Z DEBUG {} [applying load #3e495b84-1eb4-438d-9a1c-e9e9a180b08c] [ViewBoardAction] Skipping View Board. I have no knowledge of Boards.
2019-07-22T12:56:27,385Z DEBUG {} [applying load #10a055f4-eac7-4855-9879-49b6a5b400a4] [ViewBoardAction] Skipping View Board. I have no knowledge of Boards.
2019-07-22T12:56:27,385Z DEBUG {} [applying load #10a055f4-eac7-4855-9879-49b6a5b400a4] [ViewBoardAction] Skipping View Board. I have no knowledge of Boards.
2019-07-22T12:56:28,467Z DEBUG {} [applying load #3e495b84-1eb4-438d-9a1c-e9e9a180b08c] [ViewBacklogAction] Skipping View Backlog. I have no knowledge of Boards.
2019-07-22T12:56:31,308Z DEBUG {} [applying load #367aefa3-aead-4ade-8d5e-361fcdc8bd30] [SeededRandom] Using seed 1563800191
2019-07-22T12:56:31,489Z DEBUG {} [applying load #127a9233-f6b6-4ed6-9a18-8cbd997936d9] [SeededRandom] Using seed 1563800191
2019-07-22T12:56:35,030Z DEBUG {} [applying load #127a9233-f6b6-4ed6-9a18-8cbd997936d9] [AdaptiveJqlMemory] Rendered a new jql query: <<text ~ "banshee" order by key>>
2019-07-22T12:56:35,869Z DEBUG {} [applying load #158dce8a-6408-4090-b135-fe82986b9e67] [CreateIssueAction] Skipping Create issue action. I have no knowledge of projects.
2019-07-22T12:56:41,106Z DEBUG {} [applying load #158dce8a-6408-4090-b135-fe82986b9e67] [SeededRandom] Using seed 1563800201
2019-07-22T12:56:42,059Z DEBUG {} [applying load #10a055f4-eac7-4855-9879-49b6a5b400a4] [ViewBacklogAction] Skipping View Backlog. I have no knowledge of Boards.
2019-07-22T12:56:44,224Z DEBUG {} [applying load #10a055f4-eac7-4855-9879-49b6a5b400a4] [ViewBoardAction] Skipping View Board. I have no knowledge of Boards.
2019-07-22T12:56:49,923Z DEBUG {} [applying load #3e495b84-1eb4-438d-9a1c-e9e9a180b08c] [SeededRandom] Using seed 1563800209
2019-07-22T12:56:50,093Z DEBUG {} [applying load #7c013af1-d88e-4c4f-a190-eb6b3e844226] [SeededRandom] Using seed 1563800210
2019-07-22T12:56:53,227Z DEBUG {} [applying load #127a9233-f6b6-4ed6-9a18-8cbd997936d9] [SeededRandom] Using seed 1563800213
2019-07-22T12:56:58,019Z DEBUG {} [applying load #7c013af1-d88e-4c4f-a190-eb6b3e844226] [SeededRandom] Using seed 1563800218
2019-07-22T12:57:01,337Z DEBUG {} [applying load #127a9233-f6b6-4ed6-9a18-8cbd997936d9] [SeededRandom] Using seed 1563800221
2019-07-22T12:57:03,406Z DEBUG {} [applying load #367aefa3-aead-4ade-8d5e-361fcdc8bd30] [ViewBacklogAction] Skipping View Backlog. I have no knowledge of Boards.
2019-07-22T12:57:03,841Z ERROR {} [applying load #582b4d8d-21f1-48a2-9e11-3867d69d2c44] [WebDriverDiagnostics] URL: http://jpt-fa46d-loadbala-ttkud6yeo83h-142878392.eu-west-1.elb.amazonaws.com/issues/?jql=text+%7E+%22a*%22+order+by+summary, HTML dumped at diagnoses/edc26eca-740e-42cc-ad7e-1c9dc32c15ff/dump.html, screenshot saved to diagnoses/edc26eca-740e-42cc-ad7e-1c9dc32c15ff/screenshot.png
java.lang.Exception: Action 'Search with JQL' ERROR
	at com.atlassian.performance.tools.jiraactions.api.measure.ActionMeter.record(ActionMeter.kt:132) ~[virtual-users.jar:?]
	at com.atlassian.performance.tools.jiraactions.api.measure.ActionMeter.measure(ActionMeter.kt:79) ~[virtual-users.jar:?]
	at com.atlassian.performance.tools.jiraactions.api.action.SearchJqlAction.run(SearchJqlAction.kt:21) ~[virtual-users.jar:?]
	at com.atlassian.performance.tools.virtualusers.ExploratoryVirtualUser.runWithDiagnostics(ExploratoryVirtualUser.kt:79) [virtual-users.jar:?]
	at com.atlassian.performance.tools.virtualusers.ExploratoryVirtualUser.applyLoad(ExploratoryVirtualUser.kt:56) [virtual-users.jar:?]
	at com.atlassian.performance.tools.virtualusers.LoadTest.applyLoad(LoadTest.kt:164) [virtual-users.jar:?]
	at com.atlassian.performance.tools.virtualusers.LoadTest.access$applyLoad(LoadTest.kt:36) [virtual-users.jar:?]
	at com.atlassian.performance.tools.virtualusers.LoadTest$applyLoad$$inlined$forEach$lambda$1.run(LoadTest.kt:111) [virtual-users.jar:?]
	at java.util.concurrent.Executors$RunnableAdapter.call(Executors.java:511) [?:1.8.0_212]
	at java.util.concurrent.FutureTask.run(FutureTask.java:266) [?:1.8.0_212]
	at java.util.concurrent.ThreadPoolExecutor.runWorker(ThreadPoolExecutor.java:1149) [?:1.8.0_212]
	at java.util.concurrent.ThreadPoolExecutor$Worker.run(ThreadPoolExecutor.java:624) [?:1.8.0_212]
	at java.lang.Thread.run(Thread.java:748) [?:1.8.0_212]
Caused by: org.openqa.selenium.TimeoutException: Expected condition failed: waiting for at least one condition to be valid: all conditions to be valid: at least one condition to be valid: presence of element located by: By.cssSelector: ol.issue-list || presence of element located by: By.id: issuetable || presence of element located by: By.id: issue-content && presence of element located by: By.id: key-val && presence of element located by: By.className: issue-body-content || presence of element located by: By.className: no-results-hint || at least one condition to be valid: presence of element located by: By.cssSelector: section div.aui-message.error || presence of element located by: By.id: errorPageContainer || presence of element located by: By.cssSelector: div.form-body div.error (tried for 30 second(s) with 50 milliseconds interval)
	at org.openqa.selenium.support.ui.WebDriverWait.timeoutException(WebDriverWait.java:81) ~[virtual-users.jar:?]
	at org.openqa.selenium.support.ui.FluentWait.until(FluentWait.java:271) ~[virtual-users.jar:?]
	at com.atlassian.performance.tools.jiraactions.api.page.WebDriverUtils.wait(WebDriverExtension.kt:25) ~[virtual-users.jar:?]
	at com.atlassian.performance.tools.jiraactions.api.page.WebDriverUtils.wait$default(WebDriverExtension.kt:19) ~[virtual-users.jar:?]
	at com.atlassian.performance.tools.jiraactions.api.page.IssueNavigatorPage.waitForIssueNavigator(IssueNavigatorPage.kt:19) ~[virtual-users.jar:?]
	at com.atlassian.performance.tools.jiraactions.api.action.SearchJqlAction$run$issueNavigatorPage$1.invoke(SearchJqlAction.kt:23) ~[virtual-users.jar:?]
	at com.atlassian.performance.tools.jiraactions.api.action.SearchJqlAction$run$issueNavigatorPage$1.invoke(SearchJqlAction.kt:12) ~[virtual-users.jar:?]
	at com.atlassian.performance.tools.jiraactions.api.measure.ActionMeter$measure$2.invoke(ActionMeter.kt:80) ~[virtual-users.jar:?]
	at com.atlassian.performance.tools.jiraactions.api.measure.ActionMeter$measure$2.invoke(ActionMeter.kt:25) ~[virtual-users.jar:?]
	at com.atlassian.performance.tools.jiraactions.api.measure.ActionMeter.record(ActionMeter.kt:102) ~[virtual-users.jar:?]
	... 12 more
Caused by: org.openqa.selenium.NoSuchElementException: Cannot locate an element using By.cssSelector: div.form-body div.error
For documentation on this error, please visit: http://seleniumhq.org/exceptions/no_such_element.html
Build info: version: 'unknown', revision: 'unknown', time: 'unknown'
System info: host: 'ip-10-0-0-74', ip: '10.0.0.74', os.name: 'Linux', os.arch: 'amd64', os.version: '4.4.0-1067-aws', java.version: '1.8.0_212'
Driver info: driver.version: unknown
	at org.openqa.selenium.support.ui.ExpectedConditions.lambda$findElement$0(ExpectedConditions.java:896) ~[virtual-users.jar:?]
	at java.util.Optional.orElseThrow(Optional.java:290) ~[?:1.8.0_212]
	at org.openqa.selenium.support.ui.ExpectedConditions.findElement(ExpectedConditions.java:895) ~[virtual-users.jar:?]
	at org.openqa.selenium.support.ui.ExpectedConditions.access$000(ExpectedConditions.java:44) ~[virtual-users.jar:?]
	at org.openqa.selenium.support.ui.ExpectedConditions$6.apply(ExpectedConditions.java:183) ~[virtual-users.jar:?]
	at org.openqa.selenium.support.ui.ExpectedConditions$6.apply(ExpectedConditions.java:180) ~[virtual-users.jar:?]
	at org.openqa.selenium.support.ui.ExpectedConditions$47.apply(ExpectedConditions.java:1427) ~[virtual-users.jar:?]
	at org.openqa.selenium.support.ui.ExpectedConditions$47.apply(ExpectedConditions.java:1421) ~[virtual-users.jar:?]
	at org.openqa.selenium.support.ui.ExpectedConditions$47.apply(ExpectedConditions.java:1427) ~[virtual-users.jar:?]
	at org.openqa.selenium.support.ui.ExpectedConditions$47.apply(ExpectedConditions.java:1421) ~[virtual-users.jar:?]
	at org.openqa.selenium.support.ui.FluentWait.until(FluentWait.java:248) ~[virtual-users.jar:?]
	at com.atlassian.performance.tools.jiraactions.api.page.WebDriverUtils.wait(WebDriverExtension.kt:25) ~[virtual-users.jar:?]
	at com.atlassian.performance.tools.jiraactions.api.page.WebDriverUtils.wait$default(WebDriverExtension.kt:19) ~[virtual-users.jar:?]
	at com.atlassian.performance.tools.jiraactions.api.page.IssueNavigatorPage.waitForIssueNavigator(IssueNavigatorPage.kt:19) ~[virtual-users.jar:?]
	at com.atlassian.performance.tools.jiraactions.api.action.SearchJqlAction$run$issueNavigatorPage$1.invoke(SearchJqlAction.kt:23) ~[virtual-users.jar:?]
	at com.atlassian.performance.tools.jiraactions.api.action.SearchJqlAction$run$issueNavigatorPage$1.invoke(SearchJqlAction.kt:12) ~[virtual-users.jar:?]
	at com.atlassian.performance.tools.jiraactions.api.measure.ActionMeter$measure$2.invoke(ActionMeter.kt:80) ~[virtual-users.jar:?]
	at com.atlassian.performance.tools.jiraactions.api.measure.ActionMeter$measure$2.invoke(ActionMeter.kt:25) ~[virtual-users.jar:?]
	at com.atlassian.performance.tools.jiraactions.api.measure.ActionMeter.record(ActionMeter.kt:102) ~[virtual-users.jar:?]
	... 12 more
2019-07-22T12:57:03,844Z ERROR {} [applying load #582b4d8d-21f1-48a2-9e11-3867d69d2c44] [ExploratoryVirtualUser] Failed to run com.atlassian.performance.tools.jiraactions.api.action.SearchJqlAction@1b3f8f5c, but we keep running
java.lang.Exception: Failed to run com.atlassian.performance.tools.jiraactions.api.action.SearchJqlAction@1b3f8f5c
	at com.atlassian.performance.tools.virtualusers.ExploratoryVirtualUser.runWithDiagnostics(ExploratoryVirtualUser.kt:82) ~[virtual-users.jar:?]
	at com.atlassian.performance.tools.virtualusers.ExploratoryVirtualUser.applyLoad(ExploratoryVirtualUser.kt:56) [virtual-users.jar:?]
	at com.atlassian.performance.tools.virtualusers.LoadTest.applyLoad(LoadTest.kt:164) [virtual-users.jar:?]
	at com.atlassian.performance.tools.virtualusers.LoadTest.access$applyLoad(LoadTest.kt:36) [virtual-users.jar:?]
	at com.atlassian.performance.tools.virtualusers.LoadTest$applyLoad$$inlined$forEach$lambda$1.run(LoadTest.kt:111) [virtual-users.jar:?]
	at java.util.concurrent.Executors$RunnableAdapter.call(Executors.java:511) [?:1.8.0_212]
	at java.util.concurrent.FutureTask.run(FutureTask.java:266) [?:1.8.0_212]
	at java.util.concurrent.ThreadPoolExecutor.runWorker(ThreadPoolExecutor.java:1149) [?:1.8.0_212]
	at java.util.concurrent.ThreadPoolExecutor$Worker.run(ThreadPoolExecutor.java:624) [?:1.8.0_212]
	at java.lang.Thread.run(Thread.java:748) [?:1.8.0_212]
Caused by: java.lang.Exception: Action 'Search with JQL' ERROR
	at com.atlassian.performance.tools.jiraactions.api.measure.ActionMeter.record(ActionMeter.kt:132) ~[virtual-users.jar:?]
	at com.atlassian.performance.tools.jiraactions.api.measure.ActionMeter.measure(ActionMeter.kt:79) ~[virtual-users.jar:?]
	at com.atlassian.performance.tools.jiraactions.api.action.SearchJqlAction.run(SearchJqlAction.kt:21) ~[virtual-users.jar:?]
	at com.atlassian.performance.tools.virtualusers.ExploratoryVirtualUser.runWithDiagnostics(ExploratoryVirtualUser.kt:79) ~[virtual-users.jar:?]
	... 9 more
Caused by: org.openqa.selenium.TimeoutException: Expected condition failed: waiting for at least one condition to be valid: all conditions to be valid: at least one condition to be valid: presence of element located by: By.cssSelector: ol.issue-list || presence of element located by: By.id: issuetable || presence of element located by: By.id: issue-content && presence of element located by: By.id: key-val && presence of element located by: By.className: issue-body-content || presence of element located by: By.className: no-results-hint || at least one condition to be valid: presence of element located by: By.cssSelector: section div.aui-message.error || presence of element located by: By.id: errorPageContainer || presence of element located by: By.cssSelector: div.form-body div.error (tried for 30 second(s) with 50 milliseconds interval)
	at org.openqa.selenium.support.ui.WebDriverWait.timeoutException(WebDriverWait.java:81) ~[virtual-users.jar:?]
	at org.openqa.selenium.support.ui.FluentWait.until(FluentWait.java:271) ~[virtual-users.jar:?]
	at com.atlassian.performance.tools.jiraactions.api.page.WebDriverUtils.wait(WebDriverExtension.kt:25) ~[virtual-users.jar:?]
	at com.atlassian.performance.tools.jiraactions.api.page.WebDriverUtils.wait$default(WebDriverExtension.kt:19) ~[virtual-users.jar:?]
	at com.atlassian.performance.tools.jiraactions.api.page.IssueNavigatorPage.waitForIssueNavigator(IssueNavigatorPage.kt:19) ~[virtual-users.jar:?]
	at com.atlassian.performance.tools.jiraactions.api.action.SearchJqlAction$run$issueNavigatorPage$1.invoke(SearchJqlAction.kt:23) ~[virtual-users.jar:?]
	at com.atlassian.performance.tools.jiraactions.api.action.SearchJqlAction$run$issueNavigatorPage$1.invoke(SearchJqlAction.kt:12) ~[virtual-users.jar:?]
	at com.atlassian.performance.tools.jiraactions.api.measure.ActionMeter$measure$2.invoke(ActionMeter.kt:80) ~[virtual-users.jar:?]
	at com.atlassian.performance.tools.jiraactions.api.measure.ActionMeter$measure$2.invoke(ActionMeter.kt:25) ~[virtual-users.jar:?]
	at com.atlassian.performance.tools.jiraactions.api.measure.ActionMeter.record(ActionMeter.kt:102) ~[virtual-users.jar:?]
	at com.atlassian.performance.tools.jiraactions.api.measure.ActionMeter.measure(ActionMeter.kt:79) ~[virtual-users.jar:?]
	at com.atlassian.performance.tools.jiraactions.api.action.SearchJqlAction.run(SearchJqlAction.kt:21) ~[virtual-users.jar:?]
	at com.atlassian.performance.tools.virtualusers.ExploratoryVirtualUser.runWithDiagnostics(ExploratoryVirtualUser.kt:79) ~[virtual-users.jar:?]
	... 9 more
Caused by: org.openqa.selenium.NoSuchElementException: Cannot locate an element using By.cssSelector: div.form-body div.error
For documentation on this error, please visit: http://seleniumhq.org/exceptions/no_such_element.html
Build info: version: 'unknown', revision: 'unknown', time: 'unknown'
System info: host: 'ip-10-0-0-74', ip: '10.0.0.74', os.name: 'Linux', os.arch: 'amd64', os.version: '4.4.0-1067-aws', java.version: '1.8.0_212'
Driver info: driver.version: unknown
	at org.openqa.selenium.support.ui.ExpectedConditions.lambda$findElement$0(ExpectedConditions.java:896) ~[virtual-users.jar:?]
	at java.util.Optional.orElseThrow(Optional.java:290) ~[?:1.8.0_212]
	at org.openqa.selenium.support.ui.ExpectedConditions.findElement(ExpectedConditions.java:895) ~[virtual-users.jar:?]
	at org.openqa.selenium.support.ui.ExpectedConditions.access$000(ExpectedConditions.java:44) ~[virtual-users.jar:?]
	at org.openqa.selenium.support.ui.ExpectedConditions$6.apply(ExpectedConditions.java:183) ~[virtual-users.jar:?]
	at org.openqa.selenium.support.ui.ExpectedConditions$6.apply(ExpectedConditions.java:180) ~[virtual-users.jar:?]
	at org.openqa.selenium.support.ui.ExpectedConditions$47.apply(ExpectedConditions.java:1427) ~[virtual-users.jar:?]
	at org.openqa.selenium.support.ui.ExpectedConditions$47.apply(ExpectedConditions.java:1421) ~[virtual-users.jar:?]
	at org.openqa.selenium.support.ui.ExpectedConditions$47.apply(ExpectedConditions.java:1427) ~[virtual-users.jar:?]
	at org.openqa.selenium.support.ui.ExpectedConditions$47.apply(ExpectedConditions.java:1421) ~[virtual-users.jar:?]
	at org.openqa.selenium.support.ui.FluentWait.until(FluentWait.java:248) ~[virtual-users.jar:?]
	at com.atlassian.performance.tools.jiraactions.api.page.WebDriverUtils.wait(WebDriverExtension.kt:25) ~[virtual-users.jar:?]
	at com.atlassian.performance.tools.jiraactions.api.page.WebDriverUtils.wait$default(WebDriverExtension.kt:19) ~[virtual-users.jar:?]
	at com.atlassian.performance.tools.jiraactions.api.page.IssueNavigatorPage.waitForIssueNavigator(IssueNavigatorPage.kt:19) ~[virtual-users.jar:?]
	at com.atlassian.performance.tools.jiraactions.api.action.SearchJqlAction$run$issueNavigatorPage$1.invoke(SearchJqlAction.kt:23) ~[virtual-users.jar:?]
	at com.atlassian.performance.tools.jiraactions.api.action.SearchJqlAction$run$issueNavigatorPage$1.invoke(SearchJqlAction.kt:12) ~[virtual-users.jar:?]
	at com.atlassian.performance.tools.jiraactions.api.measure.ActionMeter$measure$2.invoke(ActionMeter.kt:80) ~[virtual-users.jar:?]
	at com.atlassian.performance.tools.jiraactions.api.measure.ActionMeter$measure$2.invoke(ActionMeter.kt:25) ~[virtual-users.jar:?]
	at com.atlassian.performance.tools.jiraactions.api.measure.ActionMeter.record(ActionMeter.kt:102) ~[virtual-users.jar:?]
	at com.atlassian.performance.tools.jiraactions.api.measure.ActionMeter.measure(ActionMeter.kt:79) ~[virtual-users.jar:?]
	at com.atlassian.performance.tools.jiraactions.api.action.SearchJqlAction.run(SearchJqlAction.kt:21) ~[virtual-users.jar:?]
	at com.atlassian.performance.tools.virtualusers.ExploratoryVirtualUser.runWithDiagnostics(ExploratoryVirtualUser.kt:79) ~[virtual-users.jar:?]
	... 9 more
2019-07-22T12:57:03,845Z DEBUG {} [applying load #582b4d8d-21f1-48a2-9e11-3867d69d2c44] [ViewBoardAction] Skipping View Board. I have no knowledge of Boards.
2019-07-22T12:57:03,845Z DEBUG {} [applying load #582b4d8d-21f1-48a2-9e11-3867d69d2c44] [ViewBacklogAction] Skipping View Backlog. I have no knowledge of Boards.
2019-07-22T12:57:03,845Z DEBUG {} [applying load #582b4d8d-21f1-48a2-9e11-3867d69d2c44] [ViewBoardAction] Skipping View Board. I have no knowledge of Boards.
2019-07-22T12:57:05,062Z DEBUG {} [applying load #582b4d8d-21f1-48a2-9e11-3867d69d2c44] [AdaptiveJqlMemory] Rendered a new jql query: <<project = AAATAA order by status>>
2019-07-22T12:57:05,062Z DEBUG {} [applying load #582b4d8d-21f1-48a2-9e11-3867d69d2c44] [ViewBacklogAction] Skipping View Backlog. I have no knowledge of Boards.
2019-07-22T12:57:06,112Z DEBUG {} [applying load #582b4d8d-21f1-48a2-9e11-3867d69d2c44] [AdaptiveJqlMemory] Rendered a new jql query: <<reporter was jpt-891c6a61-2d7a-4069-b6aa-c27bc961bc15 order by description>>
2019-07-22T12:57:06,403Z DEBUG {} [applying load #8c009f6b-b14f-4117-a7d0-ccbf1385a97b] [ViewBoardAction] Skipping View Board. I have no knowledge of Boards.
2019-07-22T12:57:09,071Z DEBUG {} [applying load #582b4d8d-21f1-48a2-9e11-3867d69d2c44] [SeededRandom] Using seed 1563800229
2019-07-22T12:57:09,959Z DEBUG {} [applying load #8c009f6b-b14f-4117-a7d0-ccbf1385a97b] [SeededRandom] Using seed 1563800229
2019-07-22T12:57:12,184Z DEBUG {} [applying load #facb1f3a-9c68-402b-8a47-b406d1ab1569] [CreateIssueAction] Skipping Create issue action. I have no knowledge of projects.
2019-07-22T12:57:12,373Z DEBUG {} [applying load #7c013af1-d88e-4c4f-a190-eb6b3e844226] [SeededRandom] Using seed 1563800232
2019-07-22T12:57:13,231Z DEBUG {} [applying load #facb1f3a-9c68-402b-8a47-b406d1ab1569] [ViewBacklogAction] Skipping View Backlog. I have no knowledge of Boards.
2019-07-22T12:57:15,280Z DEBUG {} [applying load #582b4d8d-21f1-48a2-9e11-3867d69d2c44] [AdaptiveJqlMemory] Rendered a new jql query: <<assignee = iwrinbmev order by project>>
2019-07-22T12:57:17,806Z DEBUG {} [applying load #367aefa3-aead-4ade-8d5e-361fcdc8bd30] [ViewBoardAction] Skipping View Board. I have no knowledge of Boards.
2019-07-22T12:57:18,248Z DEBUG {} [applying load #facb1f3a-9c68-402b-8a47-b406d1ab1569] [ViewBacklogAction] Skipping View Backlog. I have no knowledge of Boards.
2019-07-22T12:57:19,439Z DEBUG {} [applying load #582b4d8d-21f1-48a2-9e11-3867d69d2c44] [AdaptiveJqlMemory] Rendered a new jql query: <<project = AAATAA and assignee = udxptapos order by reporter>>
2019-07-22T12:57:22,186Z DEBUG {} [applying load #7c013af1-d88e-4c4f-a190-eb6b3e844226] [SeededRandom] Using seed 1563800242
2019-07-22T12:57:23,209Z DEBUG {} [applying load #3e020404-5618-409a-84f4-2ce47d577c13] [SeededRandom] Using seed 1563800243
2019-07-22T12:57:23,714Z DEBUG {} [applying load #582b4d8d-21f1-48a2-9e11-3867d69d2c44] [AdaptiveJqlMemory] Rendered a new jql query: <<text ~ "summary" order by key>>
2019-07-22T12:57:26,227Z DEBUG {} [applying load #7c013af1-d88e-4c4f-a190-eb6b3e844226] [ViewBacklogAction] Skipping View Backlog. I have no knowledge of Boards.
2019-07-22T12:57:27,645Z DEBUG {} [applying load #facb1f3a-9c68-402b-8a47-b406d1ab1569] [ViewBoardAction] Skipping View Board. I have no knowledge of Boards.
2019-07-22T12:57:30,056Z DEBUG {} [applying load #7c013af1-d88e-4c4f-a190-eb6b3e844226] [ViewBoardAction] Skipping View Board. I have no knowledge of Boards.
2019-07-22T12:57:30,056Z DEBUG {} [applying load #7c013af1-d88e-4c4f-a190-eb6b3e844226] [ViewBoardAction] Skipping View Board. I have no knowledge of Boards.
2019-07-22T12:57:31,743Z DEBUG {} [applying load #7c013af1-d88e-4c4f-a190-eb6b3e844226] [ViewBoardAction] Skipping View Board. I have no knowledge of Boards.
2019-07-22T12:57:32,494Z DEBUG {} [applying load #3d176a3d-2666-4aae-afc1-6aeb03f35e48] [SeededRandom] Using seed 1563800252
2019-07-22T12:57:34,664Z DEBUG {} [applying load #3e020404-5618-409a-84f4-2ce47d577c13] [ViewBacklogAction] Skipping View Backlog. I have no knowledge of Boards.
2019-07-22T12:57:34,817Z DEBUG {} [applying load #7c013af1-d88e-4c4f-a190-eb6b3e844226] [SeededRandom] Using seed 1563800254
2019-07-22T12:57:37,242Z DEBUG {} [applying load #127a9233-f6b6-4ed6-9a18-8cbd997936d9] [SeededRandom] Using seed 1563800257
2019-07-22T12:57:37,352Z DEBUG {} [applying load #3d176a3d-2666-4aae-afc1-6aeb03f35e48] [SeededRandom] Using seed 1563800257
2019-07-22T12:57:37,481Z DEBUG {} [applying load #3e020404-5618-409a-84f4-2ce47d577c13] [SeededRandom] Using seed 1563800257
2019-07-22T12:57:39,262Z DEBUG {} [applying load #3e020404-5618-409a-84f4-2ce47d577c13] [ViewBoardAction] Skipping View Board. I have no knowledge of Boards.
2019-07-22T12:57:41,121Z DEBUG {} [applying load #3e020404-5618-409a-84f4-2ce47d577c13] [ViewBoardAction] Skipping View Board. I have no knowledge of Boards.
2019-07-22T12:57:42,559Z DEBUG {} [applying load #7c013af1-d88e-4c4f-a190-eb6b3e844226] [ViewBacklogAction] Skipping View Backlog. I have no knowledge of Boards.
2019-07-22T12:57:46,869Z DEBUG {} [applying load #158dce8a-6408-4090-b135-fe82986b9e67] [ViewBoardAction] Skipping View Board. I have no knowledge of Boards.
2019-07-22T12:57:46,870Z DEBUG {} [applying load #158dce8a-6408-4090-b135-fe82986b9e67] [CreateIssueAction] Skipping Create issue action. I have no knowledge of projects.
2019-07-22T12:57:47,515Z DEBUG {} [applying load #158dce8a-6408-4090-b135-fe82986b9e67] [ViewBacklogAction] Skipping View Backlog. I have no knowledge of Boards.
2019-07-22T12:57:49,551Z DEBUG {} [applying load #127a9233-f6b6-4ed6-9a18-8cbd997936d9] [ViewBacklogAction] Skipping View Backlog. I have no knowledge of Boards.
2019-07-22T12:57:52,809Z DEBUG {} [applying load #158dce8a-6408-4090-b135-fe82986b9e67] [ViewBoardAction] Skipping View Board. I have no knowledge of Boards.
2019-07-22T12:57:59,151Z DEBUG {} [applying load #127a9233-f6b6-4ed6-9a18-8cbd997936d9] [ViewBoardAction] Skipping View Board. I have no knowledge of Boards.
2019-07-22T12:58:04,179Z DEBUG {} [applying load #3e020404-5618-409a-84f4-2ce47d577c13] [SeededRandom] Using seed 1563800284
2019-07-22T12:58:09,382Z DEBUG {} [applying load #582b4d8d-21f1-48a2-9e11-3867d69d2c44] [SeededRandom] Using seed 1563800289
2019-07-22T12:58:10,918Z DEBUG {} [applying load #facb1f3a-9c68-402b-8a47-b406d1ab1569] [SeededRandom] Using seed 1563800290
2019-07-22T12:58:20,223Z DEBUG {} [applying load #8c009f6b-b14f-4117-a7d0-ccbf1385a97b] [ViewBacklogAction] Skipping View Backlog. I have no knowledge of Boards.
2019-07-22T12:58:21,342Z DEBUG {} [applying load #8c009f6b-b14f-4117-a7d0-ccbf1385a97b] [ViewBoardAction] Skipping View Board. I have no knowledge of Boards.
2019-07-22T12:58:25,461Z DEBUG {} [applying load #3e020404-5618-409a-84f4-2ce47d577c13] [SeededRandom] Using seed 1563800305
2019-07-22T12:58:32,025Z DEBUG {} [applying load #8c009f6b-b14f-4117-a7d0-ccbf1385a97b] [SeededRandom] Using seed 1563800312
2019-07-22T12:58:32,751Z DEBUG {} [applying load #127a9233-f6b6-4ed6-9a18-8cbd997936d9] [ViewBoardAction] Skipping View Board. I have no knowledge of Boards.
2019-07-22T12:58:37,551Z DEBUG {} [applying load #127a9233-f6b6-4ed6-9a18-8cbd997936d9] [ViewBoardAction] Skipping View Board. I have no knowledge of Boards.
2019-07-22T12:58:37,818Z DEBUG {} [applying load #582b4d8d-21f1-48a2-9e11-3867d69d2c44] [SeededRandom] Using seed 1563800317
2019-07-22T12:58:41,328Z DEBUG {} [applying load #3d176a3d-2666-4aae-afc1-6aeb03f35e48] [SeededRandom] Using seed 1563800321
2019-07-22T12:58:42,352Z DEBUG {} [applying load #127a9233-f6b6-4ed6-9a18-8cbd997936d9] [ViewBoardAction] Skipping View Board. I have no knowledge of Boards.
2019-07-22T12:58:45,343Z DEBUG {} [applying load #8c009f6b-b14f-4117-a7d0-ccbf1385a97b] [SeededRandom] Using seed 1563800325
2019-07-22T12:58:46,443Z DEBUG {} [applying load #5170d8df-0f36-4de4-acba-d7d1e32b9f81] [SeededRandom] Using seed 1563800326
2019-07-22T12:58:46,826Z DEBUG {} [applying load #10a055f4-eac7-4855-9879-49b6a5b400a4] [ViewBoardAction] Skipping View Board. I have no knowledge of Boards.
2019-07-22T12:58:46,827Z DEBUG {} [applying load #10a055f4-eac7-4855-9879-49b6a5b400a4] [ViewBacklogAction] Skipping View Backlog. I have no knowledge of Boards.
2019-07-22T12:58:46,827Z DEBUG {} [applying load #10a055f4-eac7-4855-9879-49b6a5b400a4] [ViewBacklogAction] Skipping View Backlog. I have no knowledge of Boards.
2019-07-22T12:58:48,255Z DEBUG {} [applying load #367aefa3-aead-4ade-8d5e-361fcdc8bd30] [ViewBoardAction] Skipping View Board. I have no knowledge of Boards.
2019-07-22T12:58:48,255Z DEBUG {} [applying load #367aefa3-aead-4ade-8d5e-361fcdc8bd30] [ViewBacklogAction] Skipping View Backlog. I have no knowledge of Boards.
2019-07-22T12:58:50,180Z DEBUG {} [applying load #3d176a3d-2666-4aae-afc1-6aeb03f35e48] [SeededRandom] Using seed 1563800330
2019-07-22T12:58:51,951Z DEBUG {} [applying load #127a9233-f6b6-4ed6-9a18-8cbd997936d9] [ViewBacklogAction] Skipping View Backlog. I have no knowledge of Boards.
2019-07-22T12:58:55,102Z DEBUG {} [applying load #7c013af1-d88e-4c4f-a190-eb6b3e844226] [SeededRandom] Using seed 1563800335
2019-07-22T12:58:55,336Z DEBUG {} [applying load #8c009f6b-b14f-4117-a7d0-ccbf1385a97b] [ViewBacklogAction] Skipping View Backlog. I have no knowledge of Boards.
2019-07-22T12:58:55,414Z DEBUG {} [applying load #10a055f4-eac7-4855-9879-49b6a5b400a4] [ViewBoardAction] Skipping View Board. I have no knowledge of Boards.
2019-07-22T12:58:56,072Z DEBUG {} [applying load #367aefa3-aead-4ade-8d5e-361fcdc8bd30] [ViewBacklogAction] Skipping View Backlog. I have no knowledge of Boards.
2019-07-22T12:58:56,323Z DEBUG {} [applying load #8c009f6b-b14f-4117-a7d0-ccbf1385a97b] [ViewBacklogAction] Skipping View Backlog. I have no knowledge of Boards.
2019-07-22T12:58:58,206Z DEBUG {} [applying load #8c009f6b-b14f-4117-a7d0-ccbf1385a97b] [ViewBoardAction] Skipping View Board. I have no knowledge of Boards.
2019-07-22T12:58:59,269Z DEBUG {} [applying load #5170d8df-0f36-4de4-acba-d7d1e32b9f81] [SeededRandom] Using seed 1563800339
2019-07-22T12:58:59,806Z DEBUG {} [applying load #10a055f4-eac7-4855-9879-49b6a5b400a4] [SeededRandom] Using seed 1563800339
2019-07-22T12:59:01,348Z DEBUG {} [applying load #7c013af1-d88e-4c4f-a190-eb6b3e844226] [SeededRandom] Using seed 1563800341
2019-07-22T12:59:01,372Z DEBUG {} [applying load #367aefa3-aead-4ade-8d5e-361fcdc8bd30] [SeededRandom] Using seed 1563800341
2019-07-22T12:59:01,553Z DEBUG {} [applying load #8c009f6b-b14f-4117-a7d0-ccbf1385a97b] [ViewBacklogAction] Skipping View Backlog. I have no knowledge of Boards.
2019-07-22T12:59:05,017Z DEBUG {} [applying load #158dce8a-6408-4090-b135-fe82986b9e67] [SeededRandom] Using seed 1563800345
2019-07-22T12:59:05,023Z DEBUG {} [applying load #3e495b84-1eb4-438d-9a1c-e9e9a180b08c] [SeededRandom] Using seed 1563800345
2019-07-22T12:59:06,359Z DEBUG {} [applying load #5170d8df-0f36-4de4-acba-d7d1e32b9f81] [SeededRandom] Using seed 1563800346
2019-07-22T12:59:06,696Z DEBUG {} [applying load #127a9233-f6b6-4ed6-9a18-8cbd997936d9] [SeededRandom] Using seed 1563800346
2019-07-22T12:59:11,513Z DEBUG {} [applying load #3d176a3d-2666-4aae-afc1-6aeb03f35e48] [SeededRandom] Using seed 1563800351
2019-07-22T12:59:12,363Z DEBUG {} [applying load #158dce8a-6408-4090-b135-fe82986b9e67] [SeededRandom] Using seed 1563800352
2019-07-22T12:59:13,075Z DEBUG {} [applying load #127a9233-f6b6-4ed6-9a18-8cbd997936d9] [SeededRandom] Using seed 1563800353
2019-07-22T12:59:17,043Z DEBUG {} [applying load #582b4d8d-21f1-48a2-9e11-3867d69d2c44] [SeededRandom] Using seed 1563800357
2019-07-22T12:59:19,922Z DEBUG {} [applying load #3e495b84-1eb4-438d-9a1c-e9e9a180b08c] [SeededRandom] Using seed 1563800359
2019-07-22T12:59:21,293Z DEBUG {} [applying load #8c009f6b-b14f-4117-a7d0-ccbf1385a97b] [SeededRandom] Using seed 1563800361
2019-07-22T12:59:21,829Z DEBUG {} [applying load #facb1f3a-9c68-402b-8a47-b406d1ab1569] [ViewBoardAction] Skipping View Board. I have no knowledge of Boards.
2019-07-22T12:59:27,337Z DEBUG {} [applying load #3e495b84-1eb4-438d-9a1c-e9e9a180b08c] [SeededRandom] Using seed 1563800367
2019-07-22T12:59:28,051Z DEBUG {} [applying load #3d176a3d-2666-4aae-afc1-6aeb03f35e48] [SeededRandom] Using seed 1563800368
2019-07-22T12:59:30,128Z DEBUG {} [applying load #facb1f3a-9c68-402b-8a47-b406d1ab1569] [SeededRandom] Using seed 1563800370
2019-07-22T12:59:35,151Z DEBUG {} [applying load #127a9233-f6b6-4ed6-9a18-8cbd997936d9] [ViewBoardAction] Skipping View Board. I have no knowledge of Boards.
2019-07-22T12:59:37,024Z DEBUG {} [applying load #10a055f4-eac7-4855-9879-49b6a5b400a4] [ViewBacklogAction] Skipping View Backlog. I have no knowledge of Boards.
2019-07-22T12:59:37,169Z DEBUG {} [applying load #facb1f3a-9c68-402b-8a47-b406d1ab1569] [ViewBoardAction] Skipping View Board. I have no knowledge of Boards.
2019-07-22T12:59:38,119Z DEBUG {} [applying load #facb1f3a-9c68-402b-8a47-b406d1ab1569] [ViewBoardAction] Skipping View Board. I have no knowledge of Boards.
2019-07-22T12:59:43,232Z DEBUG {} [applying load #3e020404-5618-409a-84f4-2ce47d577c13] [SeededRandom] Using seed 1563800383
2019-07-22T12:59:44,200Z DEBUG {} [applying load #10a055f4-eac7-4855-9879-49b6a5b400a4] [SeededRandom] Using seed 1563800384
2019-07-22T12:59:51,734Z DEBUG {} [applying load #3d176a3d-2666-4aae-afc1-6aeb03f35e48] [SeededRandom] Using seed 1563800391
2019-07-22T12:59:52,322Z DEBUG {} [applying load #127a9233-f6b6-4ed6-9a18-8cbd997936d9] [SeededRandom] Using seed 1563800392
2019-07-22T13:00:03,951Z DEBUG {} [applying load #127a9233-f6b6-4ed6-9a18-8cbd997936d9] [ViewBoardAction] Skipping View Board. I have no knowledge of Boards.
2019-07-22T13:00:15,424Z DEBUG {} [applying load #10a055f4-eac7-4855-9879-49b6a5b400a4] [ViewBacklogAction] Skipping View Backlog. I have no knowledge of Boards.
2019-07-22T13:00:32,523Z ERROR {} [applying load #3e020404-5618-409a-84f4-2ce47d577c13] [WebDriverDiagnostics] URL: http://jpt-fa46d-loadbala-ttkud6yeo83h-142878392.eu-west-1.elb.amazonaws.com/secure/RapidBoard.jspa?rapidView=631&view=planning, HTML dumped at diagnoses/5517964a-901b-425e-887e-3f156904911e/dump.html, screenshot saved to diagnoses/5517964a-901b-425e-887e-3f156904911e/screenshot.png
java.lang.Exception: Action 'View Backlog' ERROR
	at com.atlassian.performance.tools.jiraactions.api.measure.ActionMeter.record(ActionMeter.kt:132) ~[virtual-users.jar:?]
	at com.atlassian.performance.tools.jiraactions.api.measure.ActionMeter.measure(ActionMeter.kt:79) ~[virtual-users.jar:?]
	at com.atlassian.performance.tools.jirasoftwareactions.api.actions.ViewBacklogAction.run(ViewBacklogAction.kt:56) ~[virtual-users.jar:?]
	at com.atlassian.performance.tools.virtualusers.ExploratoryVirtualUser.runWithDiagnostics(ExploratoryVirtualUser.kt:79) [virtual-users.jar:?]
	at com.atlassian.performance.tools.virtualusers.ExploratoryVirtualUser.applyLoad(ExploratoryVirtualUser.kt:56) [virtual-users.jar:?]
	at com.atlassian.performance.tools.virtualusers.LoadTest.applyLoad(LoadTest.kt:164) [virtual-users.jar:?]
	at com.atlassian.performance.tools.virtualusers.LoadTest.access$applyLoad(LoadTest.kt:36) [virtual-users.jar:?]
	at com.atlassian.performance.tools.virtualusers.LoadTest$applyLoad$$inlined$forEach$lambda$1.run(LoadTest.kt:111) [virtual-users.jar:?]
	at java.util.concurrent.Executors$RunnableAdapter.call(Executors.java:511) [?:1.8.0_212]
	at java.util.concurrent.FutureTask.run(FutureTask.java:266) [?:1.8.0_212]
	at java.util.concurrent.ThreadPoolExecutor.runWorker(ThreadPoolExecutor.java:1149) [?:1.8.0_212]
	at java.util.concurrent.ThreadPoolExecutor$Worker.run(ThreadPoolExecutor.java:624) [?:1.8.0_212]
	at java.lang.Thread.run(Thread.java:748) [?:1.8.0_212]
Caused by: org.openqa.selenium.TimeoutException: Expected condition failed: waiting for presence of element located by: By.cssSelector: #ghx-backlog[data-rendered]:not(.browser-metrics-stale) (tried for 30 second(s) with 50 milliseconds interval)
	at org.openqa.selenium.support.ui.WebDriverWait.timeoutException(WebDriverWait.java:81) ~[virtual-users.jar:?]
	at org.openqa.selenium.support.ui.FluentWait.until(FluentWait.java:271) ~[virtual-users.jar:?]
	at com.atlassian.performance.tools.jiraactions.api.page.WebDriverUtils.wait(WebDriverExtension.kt:25) ~[virtual-users.jar:?]
	at com.atlassian.performance.tools.jiraactions.api.page.WebDriverUtils.wait$default(WebDriverExtension.kt:19) ~[virtual-users.jar:?]
	at com.atlassian.performance.tools.jirasoftwareactions.api.page.ViewBacklogPage.waitForBacklog(ViewBacklogPage.kt:12) ~[virtual-users.jar:?]
	at com.atlassian.performance.tools.jirasoftwareactions.api.actions.ViewBacklogAction$run$1.invoke(ViewBacklogAction.kt:60) ~[virtual-users.jar:?]
	at com.atlassian.performance.tools.jirasoftwareactions.api.actions.ViewBacklogAction$run$1.invoke(ViewBacklogAction.kt:15) ~[virtual-users.jar:?]
	at com.atlassian.performance.tools.jiraactions.api.measure.ActionMeter$measure$2.invoke(ActionMeter.kt:80) ~[virtual-users.jar:?]
	at com.atlassian.performance.tools.jiraactions.api.measure.ActionMeter$measure$2.invoke(ActionMeter.kt:25) ~[virtual-users.jar:?]
	at com.atlassian.performance.tools.jiraactions.api.measure.ActionMeter.record(ActionMeter.kt:102) ~[virtual-users.jar:?]
	... 12 more
Caused by: org.openqa.selenium.NoSuchElementException: Cannot locate an element using By.cssSelector: #ghx-backlog[data-rendered]:not(.browser-metrics-stale)
For documentation on this error, please visit: http://seleniumhq.org/exceptions/no_such_element.html
Build info: version: 'unknown', revision: 'unknown', time: 'unknown'
System info: host: 'ip-10-0-0-74', ip: '10.0.0.74', os.name: 'Linux', os.arch: 'amd64', os.version: '4.4.0-1067-aws', java.version: '1.8.0_212'
Driver info: driver.version: unknown
	at org.openqa.selenium.support.ui.ExpectedConditions.lambda$findElement$0(ExpectedConditions.java:896) ~[virtual-users.jar:?]
	at java.util.Optional.orElseThrow(Optional.java:290) ~[?:1.8.0_212]
	at org.openqa.selenium.support.ui.ExpectedConditions.findElement(ExpectedConditions.java:895) ~[virtual-users.jar:?]
	at org.openqa.selenium.support.ui.ExpectedConditions.access$000(ExpectedConditions.java:44) ~[virtual-users.jar:?]
	at org.openqa.selenium.support.ui.ExpectedConditions$6.apply(ExpectedConditions.java:183) ~[virtual-users.jar:?]
	at org.openqa.selenium.support.ui.ExpectedConditions$6.apply(ExpectedConditions.java:180) ~[virtual-users.jar:?]
	at org.openqa.selenium.support.ui.FluentWait.until(FluentWait.java:248) ~[virtual-users.jar:?]
	at com.atlassian.performance.tools.jiraactions.api.page.WebDriverUtils.wait(WebDriverExtension.kt:25) ~[virtual-users.jar:?]
	at com.atlassian.performance.tools.jiraactions.api.page.WebDriverUtils.wait$default(WebDriverExtension.kt:19) ~[virtual-users.jar:?]
	at com.atlassian.performance.tools.jirasoftwareactions.api.page.ViewBacklogPage.waitForBacklog(ViewBacklogPage.kt:12) ~[virtual-users.jar:?]
	at com.atlassian.performance.tools.jirasoftwareactions.api.actions.ViewBacklogAction$run$1.invoke(ViewBacklogAction.kt:60) ~[virtual-users.jar:?]
	at com.atlassian.performance.tools.jirasoftwareactions.api.actions.ViewBacklogAction$run$1.invoke(ViewBacklogAction.kt:15) ~[virtual-users.jar:?]
	at com.atlassian.performance.tools.jiraactions.api.measure.ActionMeter$measure$2.invoke(ActionMeter.kt:80) ~[virtual-users.jar:?]
	at com.atlassian.performance.tools.jiraactions.api.measure.ActionMeter$measure$2.invoke(ActionMeter.kt:25) ~[virtual-users.jar:?]
	at com.atlassian.performance.tools.jiraactions.api.measure.ActionMeter.record(ActionMeter.kt:102) ~[virtual-users.jar:?]
	... 12 more
2019-07-22T13:00:32,524Z ERROR {} [applying load #3e020404-5618-409a-84f4-2ce47d577c13] [ExploratoryVirtualUser] Failed to run com.atlassian.performance.tools.jirasoftwareactions.api.actions.ViewBacklogAction@5c1fa075, but we keep running
java.lang.Exception: Failed to run com.atlassian.performance.tools.jirasoftwareactions.api.actions.ViewBacklogAction@5c1fa075
	at com.atlassian.performance.tools.virtualusers.ExploratoryVirtualUser.runWithDiagnostics(ExploratoryVirtualUser.kt:82) ~[virtual-users.jar:?]
	at com.atlassian.performance.tools.virtualusers.ExploratoryVirtualUser.applyLoad(ExploratoryVirtualUser.kt:56) [virtual-users.jar:?]
	at com.atlassian.performance.tools.virtualusers.LoadTest.applyLoad(LoadTest.kt:164) [virtual-users.jar:?]
	at com.atlassian.performance.tools.virtualusers.LoadTest.access$applyLoad(LoadTest.kt:36) [virtual-users.jar:?]
	at com.atlassian.performance.tools.virtualusers.LoadTest$applyLoad$$inlined$forEach$lambda$1.run(LoadTest.kt:111) [virtual-users.jar:?]
	at java.util.concurrent.Executors$RunnableAdapter.call(Executors.java:511) [?:1.8.0_212]
	at java.util.concurrent.FutureTask.run(FutureTask.java:266) [?:1.8.0_212]
	at java.util.concurrent.ThreadPoolExecutor.runWorker(ThreadPoolExecutor.java:1149) [?:1.8.0_212]
	at java.util.concurrent.ThreadPoolExecutor$Worker.run(ThreadPoolExecutor.java:624) [?:1.8.0_212]
	at java.lang.Thread.run(Thread.java:748) [?:1.8.0_212]
Caused by: java.lang.Exception: Action 'View Backlog' ERROR
	at com.atlassian.performance.tools.jiraactions.api.measure.ActionMeter.record(ActionMeter.kt:132) ~[virtual-users.jar:?]
	at com.atlassian.performance.tools.jiraactions.api.measure.ActionMeter.measure(ActionMeter.kt:79) ~[virtual-users.jar:?]
	at com.atlassian.performance.tools.jirasoftwareactions.api.actions.ViewBacklogAction.run(ViewBacklogAction.kt:56) ~[virtual-users.jar:?]
	at com.atlassian.performance.tools.virtualusers.ExploratoryVirtualUser.runWithDiagnostics(ExploratoryVirtualUser.kt:79) ~[virtual-users.jar:?]
	... 9 more
Caused by: org.openqa.selenium.TimeoutException: Expected condition failed: waiting for presence of element located by: By.cssSelector: #ghx-backlog[data-rendered]:not(.browser-metrics-stale) (tried for 30 second(s) with 50 milliseconds interval)
	at org.openqa.selenium.support.ui.WebDriverWait.timeoutException(WebDriverWait.java:81) ~[virtual-users.jar:?]
	at org.openqa.selenium.support.ui.FluentWait.until(FluentWait.java:271) ~[virtual-users.jar:?]
	at com.atlassian.performance.tools.jiraactions.api.page.WebDriverUtils.wait(WebDriverExtension.kt:25) ~[virtual-users.jar:?]
	at com.atlassian.performance.tools.jiraactions.api.page.WebDriverUtils.wait$default(WebDriverExtension.kt:19) ~[virtual-users.jar:?]
	at com.atlassian.performance.tools.jirasoftwareactions.api.page.ViewBacklogPage.waitForBacklog(ViewBacklogPage.kt:12) ~[virtual-users.jar:?]
	at com.atlassian.performance.tools.jirasoftwareactions.api.actions.ViewBacklogAction$run$1.invoke(ViewBacklogAction.kt:60) ~[virtual-users.jar:?]
	at com.atlassian.performance.tools.jirasoftwareactions.api.actions.ViewBacklogAction$run$1.invoke(ViewBacklogAction.kt:15) ~[virtual-users.jar:?]
	at com.atlassian.performance.tools.jiraactions.api.measure.ActionMeter$measure$2.invoke(ActionMeter.kt:80) ~[virtual-users.jar:?]
	at com.atlassian.performance.tools.jiraactions.api.measure.ActionMeter$measure$2.invoke(ActionMeter.kt:25) ~[virtual-users.jar:?]
	at com.atlassian.performance.tools.jiraactions.api.measure.ActionMeter.record(ActionMeter.kt:102) ~[virtual-users.jar:?]
	at com.atlassian.performance.tools.jiraactions.api.measure.ActionMeter.measure(ActionMeter.kt:79) ~[virtual-users.jar:?]
	at com.atlassian.performance.tools.jirasoftwareactions.api.actions.ViewBacklogAction.run(ViewBacklogAction.kt:56) ~[virtual-users.jar:?]
	at com.atlassian.performance.tools.virtualusers.ExploratoryVirtualUser.runWithDiagnostics(ExploratoryVirtualUser.kt:79) ~[virtual-users.jar:?]
	... 9 more
Caused by: org.openqa.selenium.NoSuchElementException: Cannot locate an element using By.cssSelector: #ghx-backlog[data-rendered]:not(.browser-metrics-stale)
For documentation on this error, please visit: http://seleniumhq.org/exceptions/no_such_element.html
Build info: version: 'unknown', revision: 'unknown', time: 'unknown'
System info: host: 'ip-10-0-0-74', ip: '10.0.0.74', os.name: 'Linux', os.arch: 'amd64', os.version: '4.4.0-1067-aws', java.version: '1.8.0_212'
Driver info: driver.version: unknown
	at org.openqa.selenium.support.ui.ExpectedConditions.lambda$findElement$0(ExpectedConditions.java:896) ~[virtual-users.jar:?]
	at java.util.Optional.orElseThrow(Optional.java:290) ~[?:1.8.0_212]
	at org.openqa.selenium.support.ui.ExpectedConditions.findElement(ExpectedConditions.java:895) ~[virtual-users.jar:?]
	at org.openqa.selenium.support.ui.ExpectedConditions.access$000(ExpectedConditions.java:44) ~[virtual-users.jar:?]
	at org.openqa.selenium.support.ui.ExpectedConditions$6.apply(ExpectedConditions.java:183) ~[virtual-users.jar:?]
	at org.openqa.selenium.support.ui.ExpectedConditions$6.apply(ExpectedConditions.java:180) ~[virtual-users.jar:?]
	at org.openqa.selenium.support.ui.FluentWait.until(FluentWait.java:248) ~[virtual-users.jar:?]
	at com.atlassian.performance.tools.jiraactions.api.page.WebDriverUtils.wait(WebDriverExtension.kt:25) ~[virtual-users.jar:?]
	at com.atlassian.performance.tools.jiraactions.api.page.WebDriverUtils.wait$default(WebDriverExtension.kt:19) ~[virtual-users.jar:?]
	at com.atlassian.performance.tools.jirasoftwareactions.api.page.ViewBacklogPage.waitForBacklog(ViewBacklogPage.kt:12) ~[virtual-users.jar:?]
	at com.atlassian.performance.tools.jirasoftwareactions.api.actions.ViewBacklogAction$run$1.invoke(ViewBacklogAction.kt:60) ~[virtual-users.jar:?]
	at com.atlassian.performance.tools.jirasoftwareactions.api.actions.ViewBacklogAction$run$1.invoke(ViewBacklogAction.kt:15) ~[virtual-users.jar:?]
	at com.atlassian.performance.tools.jiraactions.api.measure.ActionMeter$measure$2.invoke(ActionMeter.kt:80) ~[virtual-users.jar:?]
	at com.atlassian.performance.tools.jiraactions.api.measure.ActionMeter$measure$2.invoke(ActionMeter.kt:25) ~[virtual-users.jar:?]
	at com.atlassian.performance.tools.jiraactions.api.measure.ActionMeter.record(ActionMeter.kt:102) ~[virtual-users.jar:?]
	at com.atlassian.performance.tools.jiraactions.api.measure.ActionMeter.measure(ActionMeter.kt:79) ~[virtual-users.jar:?]
	at com.atlassian.performance.tools.jirasoftwareactions.api.actions.ViewBacklogAction.run(ViewBacklogAction.kt:56) ~[virtual-users.jar:?]
	at com.atlassian.performance.tools.virtualusers.ExploratoryVirtualUser.runWithDiagnostics(ExploratoryVirtualUser.kt:79) ~[virtual-users.jar:?]
	... 9 more
2019-07-22T13:00:32,864Z DEBUG {} [applying load #158dce8a-6408-4090-b135-fe82986b9e67] [SeededRandom] Using seed 1563800432
2019-07-22T13:00:37,724Z DEBUG {} [applying load #8c009f6b-b14f-4117-a7d0-ccbf1385a97b] [ViewBacklogAction] Skipping View Backlog. I have no knowledge of Boards.
2019-07-22T13:00:40,703Z DEBUG {} [applying load #10a055f4-eac7-4855-9879-49b6a5b400a4] [SeededRandom] Using seed 1563800440
2019-07-22T13:00:43,526Z DEBUG {} [applying load #3e020404-5618-409a-84f4-2ce47d577c13] [SeededRandom] Using seed 1563800443
2019-07-22T13:00:46,703Z DEBUG {} [applying load #158dce8a-6408-4090-b135-fe82986b9e67] [SeededRandom] Using seed 1563800446
2019-07-22T13:00:46,721Z DEBUG {} [applying load #8c009f6b-b14f-4117-a7d0-ccbf1385a97b] [ViewBacklogAction] Skipping View Backlog. I have no knowledge of Boards.
2019-07-22T13:00:49,371Z DEBUG {} [applying load #8c009f6b-b14f-4117-a7d0-ccbf1385a97b] [ViewBacklogAction] Skipping View Backlog. I have no knowledge of Boards.
2019-07-22T13:00:51,241Z DEBUG {} [applying load #3e020404-5618-409a-84f4-2ce47d577c13] [SeededRandom] Using seed 1563800451
2019-07-22T13:00:52,627Z DEBUG {} [applying load #8c009f6b-b14f-4117-a7d0-ccbf1385a97b] [SeededRandom] Using seed 1563800452
2019-07-22T13:00:56,667Z DEBUG {} [applying load #582b4d8d-21f1-48a2-9e11-3867d69d2c44] [SeededRandom] Using seed 1563800456
2019-07-22T13:00:59,518Z DEBUG {} [applying load #3e495b84-1eb4-438d-9a1c-e9e9a180b08c] [SeededRandom] Using seed 1563800459
2019-07-22T13:01:15,289Z DEBUG {} [applying load #10a055f4-eac7-4855-9879-49b6a5b400a4] [SeededRandom] Using seed 1563800475
2019-07-22T13:01:16,582Z DEBUG {} [applying load #5170d8df-0f36-4de4-acba-d7d1e32b9f81] [SeededRandom] Using seed 1563800476
2019-07-22T13:01:25,350Z DEBUG {} [applying load #158dce8a-6408-4090-b135-fe82986b9e67] [SeededRandom] Using seed 1563800485
2019-07-22T13:01:34,995Z ERROR {} [applying load #facb1f3a-9c68-402b-8a47-b406d1ab1569] [WebDriverDiagnostics] URL: http://jpt-fa46d-loadbala-ttkud6yeo83h-142878392.eu-west-1.elb.amazonaws.com/issues/?jql=text+%7E+%22a*%22+order+by+summary, HTML dumped at diagnoses/e7b4ecda-a49c-4a7c-9384-1da9db68967c/dump.html, screenshot saved to diagnoses/e7b4ecda-a49c-4a7c-9384-1da9db68967c/screenshot.png
java.lang.Exception: Action 'Search with JQL' ERROR
	at com.atlassian.performance.tools.jiraactions.api.measure.ActionMeter.record(ActionMeter.kt:132) ~[virtual-users.jar:?]
	at com.atlassian.performance.tools.jiraactions.api.measure.ActionMeter.measure(ActionMeter.kt:79) ~[virtual-users.jar:?]
	at com.atlassian.performance.tools.jiraactions.api.action.SearchJqlAction.run(SearchJqlAction.kt:21) ~[virtual-users.jar:?]
	at com.atlassian.performance.tools.virtualusers.ExploratoryVirtualUser.runWithDiagnostics(ExploratoryVirtualUser.kt:79) [virtual-users.jar:?]
	at com.atlassian.performance.tools.virtualusers.ExploratoryVirtualUser.applyLoad(ExploratoryVirtualUser.kt:56) [virtual-users.jar:?]
	at com.atlassian.performance.tools.virtualusers.LoadTest.applyLoad(LoadTest.kt:164) [virtual-users.jar:?]
	at com.atlassian.performance.tools.virtualusers.LoadTest.access$applyLoad(LoadTest.kt:36) [virtual-users.jar:?]
	at com.atlassian.performance.tools.virtualusers.LoadTest$applyLoad$$inlined$forEach$lambda$1.run(LoadTest.kt:111) [virtual-users.jar:?]
	at java.util.concurrent.Executors$RunnableAdapter.call(Executors.java:511) [?:1.8.0_212]
	at java.util.concurrent.FutureTask.run(FutureTask.java:266) [?:1.8.0_212]
	at java.util.concurrent.ThreadPoolExecutor.runWorker(ThreadPoolExecutor.java:1149) [?:1.8.0_212]
	at java.util.concurrent.ThreadPoolExecutor$Worker.run(ThreadPoolExecutor.java:624) [?:1.8.0_212]
	at java.lang.Thread.run(Thread.java:748) [?:1.8.0_212]
Caused by: org.openqa.selenium.TimeoutException: Expected condition failed: waiting for at least one condition to be valid: all conditions to be valid: at least one condition to be valid: presence of element located by: By.cssSelector: ol.issue-list || presence of element located by: By.id: issuetable || presence of element located by: By.id: issue-content && presence of element located by: By.id: key-val && presence of element located by: By.className: issue-body-content || presence of element located by: By.className: no-results-hint || at least one condition to be valid: presence of element located by: By.cssSelector: section div.aui-message.error || presence of element located by: By.id: errorPageContainer || presence of element located by: By.cssSelector: div.form-body div.error (tried for 30 second(s) with 50 milliseconds interval)
	at org.openqa.selenium.support.ui.WebDriverWait.timeoutException(WebDriverWait.java:81) ~[virtual-users.jar:?]
	at org.openqa.selenium.support.ui.FluentWait.until(FluentWait.java:271) ~[virtual-users.jar:?]
	at com.atlassian.performance.tools.jiraactions.api.page.WebDriverUtils.wait(WebDriverExtension.kt:25) ~[virtual-users.jar:?]
	at com.atlassian.performance.tools.jiraactions.api.page.WebDriverUtils.wait$default(WebDriverExtension.kt:19) ~[virtual-users.jar:?]
	at com.atlassian.performance.tools.jiraactions.api.page.IssueNavigatorPage.waitForIssueNavigator(IssueNavigatorPage.kt:19) ~[virtual-users.jar:?]
	at com.atlassian.performance.tools.jiraactions.api.action.SearchJqlAction$run$issueNavigatorPage$1.invoke(SearchJqlAction.kt:23) ~[virtual-users.jar:?]
	at com.atlassian.performance.tools.jiraactions.api.action.SearchJqlAction$run$issueNavigatorPage$1.invoke(SearchJqlAction.kt:12) ~[virtual-users.jar:?]
	at com.atlassian.performance.tools.jiraactions.api.measure.ActionMeter$measure$2.invoke(ActionMeter.kt:80) ~[virtual-users.jar:?]
	at com.atlassian.performance.tools.jiraactions.api.measure.ActionMeter$measure$2.invoke(ActionMeter.kt:25) ~[virtual-users.jar:?]
	at com.atlassian.performance.tools.jiraactions.api.measure.ActionMeter.record(ActionMeter.kt:102) ~[virtual-users.jar:?]
	... 12 more
Caused by: org.openqa.selenium.NoSuchElementException: Cannot locate an element using By.cssSelector: div.form-body div.error
For documentation on this error, please visit: http://seleniumhq.org/exceptions/no_such_element.html
Build info: version: 'unknown', revision: 'unknown', time: 'unknown'
System info: host: 'ip-10-0-0-74', ip: '10.0.0.74', os.name: 'Linux', os.arch: 'amd64', os.version: '4.4.0-1067-aws', java.version: '1.8.0_212'
Driver info: driver.version: unknown
	at org.openqa.selenium.support.ui.ExpectedConditions.lambda$findElement$0(ExpectedConditions.java:896) ~[virtual-users.jar:?]
	at java.util.Optional.orElseThrow(Optional.java:290) ~[?:1.8.0_212]
	at org.openqa.selenium.support.ui.ExpectedConditions.findElement(ExpectedConditions.java:895) ~[virtual-users.jar:?]
	at org.openqa.selenium.support.ui.ExpectedConditions.access$000(ExpectedConditions.java:44) ~[virtual-users.jar:?]
	at org.openqa.selenium.support.ui.ExpectedConditions$6.apply(ExpectedConditions.java:183) ~[virtual-users.jar:?]
	at org.openqa.selenium.support.ui.ExpectedConditions$6.apply(ExpectedConditions.java:180) ~[virtual-users.jar:?]
	at org.openqa.selenium.support.ui.ExpectedConditions$47.apply(ExpectedConditions.java:1427) ~[virtual-users.jar:?]
	at org.openqa.selenium.support.ui.ExpectedConditions$47.apply(ExpectedConditions.java:1421) ~[virtual-users.jar:?]
	at org.openqa.selenium.support.ui.ExpectedConditions$47.apply(ExpectedConditions.java:1427) ~[virtual-users.jar:?]
	at org.openqa.selenium.support.ui.ExpectedConditions$47.apply(ExpectedConditions.java:1421) ~[virtual-users.jar:?]
	at org.openqa.selenium.support.ui.FluentWait.until(FluentWait.java:248) ~[virtual-users.jar:?]
	at com.atlassian.performance.tools.jiraactions.api.page.WebDriverUtils.wait(WebDriverExtension.kt:25) ~[virtual-users.jar:?]
	at com.atlassian.performance.tools.jiraactions.api.page.WebDriverUtils.wait$default(WebDriverExtension.kt:19) ~[virtual-users.jar:?]
	at com.atlassian.performance.tools.jiraactions.api.page.IssueNavigatorPage.waitForIssueNavigator(IssueNavigatorPage.kt:19) ~[virtual-users.jar:?]
	at com.atlassian.performance.tools.jiraactions.api.action.SearchJqlAction$run$issueNavigatorPage$1.invoke(SearchJqlAction.kt:23) ~[virtual-users.jar:?]
	at com.atlassian.performance.tools.jiraactions.api.action.SearchJqlAction$run$issueNavigatorPage$1.invoke(SearchJqlAction.kt:12) ~[virtual-users.jar:?]
	at com.atlassian.performance.tools.jiraactions.api.measure.ActionMeter$measure$2.invoke(ActionMeter.kt:80) ~[virtual-users.jar:?]
	at com.atlassian.performance.tools.jiraactions.api.measure.ActionMeter$measure$2.invoke(ActionMeter.kt:25) ~[virtual-users.jar:?]
	at com.atlassian.performance.tools.jiraactions.api.measure.ActionMeter.record(ActionMeter.kt:102) ~[virtual-users.jar:?]
	... 12 more
2019-07-22T13:01:34,997Z ERROR {} [applying load #facb1f3a-9c68-402b-8a47-b406d1ab1569] [ExploratoryVirtualUser] Failed to run com.atlassian.performance.tools.jiraactions.api.action.SearchJqlAction@222a307d, but we keep running
java.lang.Exception: Failed to run com.atlassian.performance.tools.jiraactions.api.action.SearchJqlAction@222a307d
	at com.atlassian.performance.tools.virtualusers.ExploratoryVirtualUser.runWithDiagnostics(ExploratoryVirtualUser.kt:82) ~[virtual-users.jar:?]
	at com.atlassian.performance.tools.virtualusers.ExploratoryVirtualUser.applyLoad(ExploratoryVirtualUser.kt:56) [virtual-users.jar:?]
	at com.atlassian.performance.tools.virtualusers.LoadTest.applyLoad(LoadTest.kt:164) [virtual-users.jar:?]
	at com.atlassian.performance.tools.virtualusers.LoadTest.access$applyLoad(LoadTest.kt:36) [virtual-users.jar:?]
	at com.atlassian.performance.tools.virtualusers.LoadTest$applyLoad$$inlined$forEach$lambda$1.run(LoadTest.kt:111) [virtual-users.jar:?]
	at java.util.concurrent.Executors$RunnableAdapter.call(Executors.java:511) [?:1.8.0_212]
	at java.util.concurrent.FutureTask.run(FutureTask.java:266) [?:1.8.0_212]
	at java.util.concurrent.ThreadPoolExecutor.runWorker(ThreadPoolExecutor.java:1149) [?:1.8.0_212]
	at java.util.concurrent.ThreadPoolExecutor$Worker.run(ThreadPoolExecutor.java:624) [?:1.8.0_212]
	at java.lang.Thread.run(Thread.java:748) [?:1.8.0_212]
Caused by: java.lang.Exception: Action 'Search with JQL' ERROR
	at com.atlassian.performance.tools.jiraactions.api.measure.ActionMeter.record(ActionMeter.kt:132) ~[virtual-users.jar:?]
	at com.atlassian.performance.tools.jiraactions.api.measure.ActionMeter.measure(ActionMeter.kt:79) ~[virtual-users.jar:?]
	at com.atlassian.performance.tools.jiraactions.api.action.SearchJqlAction.run(SearchJqlAction.kt:21) ~[virtual-users.jar:?]
	at com.atlassian.performance.tools.virtualusers.ExploratoryVirtualUser.runWithDiagnostics(ExploratoryVirtualUser.kt:79) ~[virtual-users.jar:?]
	... 9 more
Caused by: org.openqa.selenium.TimeoutException: Expected condition failed: waiting for at least one condition to be valid: all conditions to be valid: at least one condition to be valid: presence of element located by: By.cssSelector: ol.issue-list || presence of element located by: By.id: issuetable || presence of element located by: By.id: issue-content && presence of element located by: By.id: key-val && presence of element located by: By.className: issue-body-content || presence of element located by: By.className: no-results-hint || at least one condition to be valid: presence of element located by: By.cssSelector: section div.aui-message.error || presence of element located by: By.id: errorPageContainer || presence of element located by: By.cssSelector: div.form-body div.error (tried for 30 second(s) with 50 milliseconds interval)
	at org.openqa.selenium.support.ui.WebDriverWait.timeoutException(WebDriverWait.java:81) ~[virtual-users.jar:?]
	at org.openqa.selenium.support.ui.FluentWait.until(FluentWait.java:271) ~[virtual-users.jar:?]
	at com.atlassian.performance.tools.jiraactions.api.page.WebDriverUtils.wait(WebDriverExtension.kt:25) ~[virtual-users.jar:?]
	at com.atlassian.performance.tools.jiraactions.api.page.WebDriverUtils.wait$default(WebDriverExtension.kt:19) ~[virtual-users.jar:?]
	at com.atlassian.performance.tools.jiraactions.api.page.IssueNavigatorPage.waitForIssueNavigator(IssueNavigatorPage.kt:19) ~[virtual-users.jar:?]
	at com.atlassian.performance.tools.jiraactions.api.action.SearchJqlAction$run$issueNavigatorPage$1.invoke(SearchJqlAction.kt:23) ~[virtual-users.jar:?]
	at com.atlassian.performance.tools.jiraactions.api.action.SearchJqlAction$run$issueNavigatorPage$1.invoke(SearchJqlAction.kt:12) ~[virtual-users.jar:?]
	at com.atlassian.performance.tools.jiraactions.api.measure.ActionMeter$measure$2.invoke(ActionMeter.kt:80) ~[virtual-users.jar:?]
	at com.atlassian.performance.tools.jiraactions.api.measure.ActionMeter$measure$2.invoke(ActionMeter.kt:25) ~[virtual-users.jar:?]
	at com.atlassian.performance.tools.jiraactions.api.measure.ActionMeter.record(ActionMeter.kt:102) ~[virtual-users.jar:?]
	at com.atlassian.performance.tools.jiraactions.api.measure.ActionMeter.measure(ActionMeter.kt:79) ~[virtual-users.jar:?]
	at com.atlassian.performance.tools.jiraactions.api.action.SearchJqlAction.run(SearchJqlAction.kt:21) ~[virtual-users.jar:?]
	at com.atlassian.performance.tools.virtualusers.ExploratoryVirtualUser.runWithDiagnostics(ExploratoryVirtualUser.kt:79) ~[virtual-users.jar:?]
	... 9 more
Caused by: org.openqa.selenium.NoSuchElementException: Cannot locate an element using By.cssSelector: div.form-body div.error
For documentation on this error, please visit: http://seleniumhq.org/exceptions/no_such_element.html
Build info: version: 'unknown', revision: 'unknown', time: 'unknown'
System info: host: 'ip-10-0-0-74', ip: '10.0.0.74', os.name: 'Linux', os.arch: 'amd64', os.version: '4.4.0-1067-aws', java.version: '1.8.0_212'
Driver info: driver.version: unknown
	at org.openqa.selenium.support.ui.ExpectedConditions.lambda$findElement$0(ExpectedConditions.java:896) ~[virtual-users.jar:?]
	at java.util.Optional.orElseThrow(Optional.java:290) ~[?:1.8.0_212]
	at org.openqa.selenium.support.ui.ExpectedConditions.findElement(ExpectedConditions.java:895) ~[virtual-users.jar:?]
	at org.openqa.selenium.support.ui.ExpectedConditions.access$000(ExpectedConditions.java:44) ~[virtual-users.jar:?]
	at org.openqa.selenium.support.ui.ExpectedConditions$6.apply(ExpectedConditions.java:183) ~[virtual-users.jar:?]
	at org.openqa.selenium.support.ui.ExpectedConditions$6.apply(ExpectedConditions.java:180) ~[virtual-users.jar:?]
	at org.openqa.selenium.support.ui.ExpectedConditions$47.apply(ExpectedConditions.java:1427) ~[virtual-users.jar:?]
	at org.openqa.selenium.support.ui.ExpectedConditions$47.apply(ExpectedConditions.java:1421) ~[virtual-users.jar:?]
	at org.openqa.selenium.support.ui.ExpectedConditions$47.apply(ExpectedConditions.java:1427) ~[virtual-users.jar:?]
	at org.openqa.selenium.support.ui.ExpectedConditions$47.apply(ExpectedConditions.java:1421) ~[virtual-users.jar:?]
	at org.openqa.selenium.support.ui.FluentWait.until(FluentWait.java:248) ~[virtual-users.jar:?]
	at com.atlassian.performance.tools.jiraactions.api.page.WebDriverUtils.wait(WebDriverExtension.kt:25) ~[virtual-users.jar:?]
	at com.atlassian.performance.tools.jiraactions.api.page.WebDriverUtils.wait$default(WebDriverExtension.kt:19) ~[virtual-users.jar:?]
	at com.atlassian.performance.tools.jiraactions.api.page.IssueNavigatorPage.waitForIssueNavigator(IssueNavigatorPage.kt:19) ~[virtual-users.jar:?]
	at com.atlassian.performance.tools.jiraactions.api.action.SearchJqlAction$run$issueNavigatorPage$1.invoke(SearchJqlAction.kt:23) ~[virtual-users.jar:?]
	at com.atlassian.performance.tools.jiraactions.api.action.SearchJqlAction$run$issueNavigatorPage$1.invoke(SearchJqlAction.kt:12) ~[virtual-users.jar:?]
	at com.atlassian.performance.tools.jiraactions.api.measure.ActionMeter$measure$2.invoke(ActionMeter.kt:80) ~[virtual-users.jar:?]
	at com.atlassian.performance.tools.jiraactions.api.measure.ActionMeter$measure$2.invoke(ActionMeter.kt:25) ~[virtual-users.jar:?]
	at com.atlassian.performance.tools.jiraactions.api.measure.ActionMeter.record(ActionMeter.kt:102) ~[virtual-users.jar:?]
	at com.atlassian.performance.tools.jiraactions.api.measure.ActionMeter.measure(ActionMeter.kt:79) ~[virtual-users.jar:?]
	at com.atlassian.performance.tools.jiraactions.api.action.SearchJqlAction.run(SearchJqlAction.kt:21) ~[virtual-users.jar:?]
	at com.atlassian.performance.tools.virtualusers.ExploratoryVirtualUser.runWithDiagnostics(ExploratoryVirtualUser.kt:79) ~[virtual-users.jar:?]
	... 9 more
2019-07-22T13:01:34,998Z DEBUG {} [applying load #facb1f3a-9c68-402b-8a47-b406d1ab1569] [ViewBacklogAction] Skipping View Backlog. I have no knowledge of Boards.
2019-07-22T13:01:46,177Z DEBUG {} [applying load #127a9233-f6b6-4ed6-9a18-8cbd997936d9] [SeededRandom] Using seed 1563800506
2019-07-22T13:01:47,412Z DEBUG {} [applying load #facb1f3a-9c68-402b-8a47-b406d1ab1569] [ViewBacklogAction] Skipping View Backlog. I have no knowledge of Boards.
2019-07-22T13:02:03,737Z DEBUG {} [applying load #3e020404-5618-409a-84f4-2ce47d577c13] [SeededRandom] Using seed 1563800523
2019-07-22T13:02:06,872Z DEBUG {} [applying load #10a055f4-eac7-4855-9879-49b6a5b400a4] [SeededRandom] Using seed 1563800526
2019-07-22T13:02:11,779Z DEBUG {} [applying load #8c009f6b-b14f-4117-a7d0-ccbf1385a97b] [ViewBoardAction] Skipping View Board. I have no knowledge of Boards.
2019-07-22T13:02:18,154Z DEBUG {} [applying load #8c009f6b-b14f-4117-a7d0-ccbf1385a97b] [SeededRandom] Using seed 1563800538
2019-07-22T13:02:29,190Z DEBUG {} [applying load #582b4d8d-21f1-48a2-9e11-3867d69d2c44] [SeededRandom] Using seed 1563800549
2019-07-22T13:02:39,171Z DEBUG {} [applying load #582b4d8d-21f1-48a2-9e11-3867d69d2c44] [SeededRandom] Using seed 1563800559
2019-07-22T13:02:43,981Z DEBUG {} [applying load #facb1f3a-9c68-402b-8a47-b406d1ab1569] [ViewBoardAction] Skipping View Board. I have no knowledge of Boards.
2019-07-22T13:02:50,688Z DEBUG {} [applying load #facb1f3a-9c68-402b-8a47-b406d1ab1569] [SeededRandom] Using seed 1563800570
2019-07-22T13:02:52,726Z DEBUG {} [applying load #facb1f3a-9c68-402b-8a47-b406d1ab1569] [ViewBacklogAction] Skipping View Backlog. I have no knowledge of Boards.
2019-07-22T13:02:55,108Z DEBUG {} [applying load #158dce8a-6408-4090-b135-fe82986b9e67] [SeededRandom] Using seed 1563800575
2019-07-22T13:03:18,188Z DEBUG {} [applying load #8c009f6b-b14f-4117-a7d0-ccbf1385a97b] [SeededRandom] Using seed 1563800598
2019-07-22T13:03:24,837Z DEBUG {} [applying load #facb1f3a-9c68-402b-8a47-b406d1ab1569] [SeededRandom] Using seed 1563800604
2019-07-22T13:03:30,903Z DEBUG {} [applying load #3d176a3d-2666-4aae-afc1-6aeb03f35e48] [SeededRandom] Using seed 1563800610
2019-07-22T13:03:40,697Z DEBUG {} [applying load #3e020404-5618-409a-84f4-2ce47d577c13] [SeededRandom] Using seed 1563800620
2019-07-22T13:03:40,987Z DEBUG {} [applying load #7c013af1-d88e-4c4f-a190-eb6b3e844226] [SeededRandom] Using seed 1563800620
2019-07-22T13:03:45,764Z DEBUG {} [applying load #10a055f4-eac7-4855-9879-49b6a5b400a4] [SeededRandom] Using seed 1563800625
2019-07-22T13:03:54,877Z DEBUG {} [applying load #10a055f4-eac7-4855-9879-49b6a5b400a4] [SeededRandom] Using seed 1563800634
2019-07-22T13:04:13,308Z ERROR {} [applying load #158dce8a-6408-4090-b135-fe82986b9e67] [WebDriverDiagnostics] URL: http://jpt-fa46d-loadbala-ttkud6yeo83h-142878392.eu-west-1.elb.amazonaws.com/secure/RapidBoard.jspa?rapidView=631&view=planning, HTML dumped at diagnoses/38dea359-6b2c-4e70-aff5-4a70aff3abfa/dump.html, screenshot saved to diagnoses/38dea359-6b2c-4e70-aff5-4a70aff3abfa/screenshot.png
java.lang.Exception: Action 'View Backlog' ERROR
	at com.atlassian.performance.tools.jiraactions.api.measure.ActionMeter.record(ActionMeter.kt:132) ~[virtual-users.jar:?]
	at com.atlassian.performance.tools.jiraactions.api.measure.ActionMeter.measure(ActionMeter.kt:79) ~[virtual-users.jar:?]
	at com.atlassian.performance.tools.jirasoftwareactions.api.actions.ViewBacklogAction.run(ViewBacklogAction.kt:56) ~[virtual-users.jar:?]
	at com.atlassian.performance.tools.virtualusers.ExploratoryVirtualUser.runWithDiagnostics(ExploratoryVirtualUser.kt:79) [virtual-users.jar:?]
	at com.atlassian.performance.tools.virtualusers.ExploratoryVirtualUser.applyLoad(ExploratoryVirtualUser.kt:56) [virtual-users.jar:?]
	at com.atlassian.performance.tools.virtualusers.LoadTest.applyLoad(LoadTest.kt:164) [virtual-users.jar:?]
	at com.atlassian.performance.tools.virtualusers.LoadTest.access$applyLoad(LoadTest.kt:36) [virtual-users.jar:?]
	at com.atlassian.performance.tools.virtualusers.LoadTest$applyLoad$$inlined$forEach$lambda$1.run(LoadTest.kt:111) [virtual-users.jar:?]
	at java.util.concurrent.Executors$RunnableAdapter.call(Executors.java:511) [?:1.8.0_212]
	at java.util.concurrent.FutureTask.run(FutureTask.java:266) [?:1.8.0_212]
	at java.util.concurrent.ThreadPoolExecutor.runWorker(ThreadPoolExecutor.java:1149) [?:1.8.0_212]
	at java.util.concurrent.ThreadPoolExecutor$Worker.run(ThreadPoolExecutor.java:624) [?:1.8.0_212]
	at java.lang.Thread.run(Thread.java:748) [?:1.8.0_212]
Caused by: org.openqa.selenium.TimeoutException: Expected condition failed: waiting for presence of element located by: By.cssSelector: #ghx-backlog[data-rendered]:not(.browser-metrics-stale) (tried for 30 second(s) with 50 milliseconds interval)
	at org.openqa.selenium.support.ui.WebDriverWait.timeoutException(WebDriverWait.java:81) ~[virtual-users.jar:?]
	at org.openqa.selenium.support.ui.FluentWait.until(FluentWait.java:271) ~[virtual-users.jar:?]
	at com.atlassian.performance.tools.jiraactions.api.page.WebDriverUtils.wait(WebDriverExtension.kt:25) ~[virtual-users.jar:?]
	at com.atlassian.performance.tools.jiraactions.api.page.WebDriverUtils.wait$default(WebDriverExtension.kt:19) ~[virtual-users.jar:?]
	at com.atlassian.performance.tools.jirasoftwareactions.api.page.ViewBacklogPage.waitForBacklog(ViewBacklogPage.kt:12) ~[virtual-users.jar:?]
	at com.atlassian.performance.tools.jirasoftwareactions.api.actions.ViewBacklogAction$run$1.invoke(ViewBacklogAction.kt:60) ~[virtual-users.jar:?]
	at com.atlassian.performance.tools.jirasoftwareactions.api.actions.ViewBacklogAction$run$1.invoke(ViewBacklogAction.kt:15) ~[virtual-users.jar:?]
	at com.atlassian.performance.tools.jiraactions.api.measure.ActionMeter$measure$2.invoke(ActionMeter.kt:80) ~[virtual-users.jar:?]
	at com.atlassian.performance.tools.jiraactions.api.measure.ActionMeter$measure$2.invoke(ActionMeter.kt:25) ~[virtual-users.jar:?]
	at com.atlassian.performance.tools.jiraactions.api.measure.ActionMeter.record(ActionMeter.kt:102) ~[virtual-users.jar:?]
	... 12 more
Caused by: org.openqa.selenium.NoSuchElementException: Cannot locate an element using By.cssSelector: #ghx-backlog[data-rendered]:not(.browser-metrics-stale)
For documentation on this error, please visit: http://seleniumhq.org/exceptions/no_such_element.html
Build info: version: 'unknown', revision: 'unknown', time: 'unknown'
System info: host: 'ip-10-0-0-74', ip: '10.0.0.74', os.name: 'Linux', os.arch: 'amd64', os.version: '4.4.0-1067-aws', java.version: '1.8.0_212'
Driver info: driver.version: unknown
	at org.openqa.selenium.support.ui.ExpectedConditions.lambda$findElement$0(ExpectedConditions.java:896) ~[virtual-users.jar:?]
	at java.util.Optional.orElseThrow(Optional.java:290) ~[?:1.8.0_212]
	at org.openqa.selenium.support.ui.ExpectedConditions.findElement(ExpectedConditions.java:895) ~[virtual-users.jar:?]
	at org.openqa.selenium.support.ui.ExpectedConditions.access$000(ExpectedConditions.java:44) ~[virtual-users.jar:?]
	at org.openqa.selenium.support.ui.ExpectedConditions$6.apply(ExpectedConditions.java:183) ~[virtual-users.jar:?]
	at org.openqa.selenium.support.ui.ExpectedConditions$6.apply(ExpectedConditions.java:180) ~[virtual-users.jar:?]
	at org.openqa.selenium.support.ui.FluentWait.until(FluentWait.java:248) ~[virtual-users.jar:?]
	at com.atlassian.performance.tools.jiraactions.api.page.WebDriverUtils.wait(WebDriverExtension.kt:25) ~[virtual-users.jar:?]
	at com.atlassian.performance.tools.jiraactions.api.page.WebDriverUtils.wait$default(WebDriverExtension.kt:19) ~[virtual-users.jar:?]
	at com.atlassian.performance.tools.jirasoftwareactions.api.page.ViewBacklogPage.waitForBacklog(ViewBacklogPage.kt:12) ~[virtual-users.jar:?]
	at com.atlassian.performance.tools.jirasoftwareactions.api.actions.ViewBacklogAction$run$1.invoke(ViewBacklogAction.kt:60) ~[virtual-users.jar:?]
	at com.atlassian.performance.tools.jirasoftwareactions.api.actions.ViewBacklogAction$run$1.invoke(ViewBacklogAction.kt:15) ~[virtual-users.jar:?]
	at com.atlassian.performance.tools.jiraactions.api.measure.ActionMeter$measure$2.invoke(ActionMeter.kt:80) ~[virtual-users.jar:?]
	at com.atlassian.performance.tools.jiraactions.api.measure.ActionMeter$measure$2.invoke(ActionMeter.kt:25) ~[virtual-users.jar:?]
	at com.atlassian.performance.tools.jiraactions.api.measure.ActionMeter.record(ActionMeter.kt:102) ~[virtual-users.jar:?]
	... 12 more
2019-07-22T13:04:13,309Z ERROR {} [applying load #158dce8a-6408-4090-b135-fe82986b9e67] [ExploratoryVirtualUser] Failed to run com.atlassian.performance.tools.jirasoftwareactions.api.actions.ViewBacklogAction@46879f1d, but we keep running
java.lang.Exception: Failed to run com.atlassian.performance.tools.jirasoftwareactions.api.actions.ViewBacklogAction@46879f1d
	at com.atlassian.performance.tools.virtualusers.ExploratoryVirtualUser.runWithDiagnostics(ExploratoryVirtualUser.kt:82) ~[virtual-users.jar:?]
	at com.atlassian.performance.tools.virtualusers.ExploratoryVirtualUser.applyLoad(ExploratoryVirtualUser.kt:56) [virtual-users.jar:?]
	at com.atlassian.performance.tools.virtualusers.LoadTest.applyLoad(LoadTest.kt:164) [virtual-users.jar:?]
	at com.atlassian.performance.tools.virtualusers.LoadTest.access$applyLoad(LoadTest.kt:36) [virtual-users.jar:?]
	at com.atlassian.performance.tools.virtualusers.LoadTest$applyLoad$$inlined$forEach$lambda$1.run(LoadTest.kt:111) [virtual-users.jar:?]
	at java.util.concurrent.Executors$RunnableAdapter.call(Executors.java:511) [?:1.8.0_212]
	at java.util.concurrent.FutureTask.run(FutureTask.java:266) [?:1.8.0_212]
	at java.util.concurrent.ThreadPoolExecutor.runWorker(ThreadPoolExecutor.java:1149) [?:1.8.0_212]
	at java.util.concurrent.ThreadPoolExecutor$Worker.run(ThreadPoolExecutor.java:624) [?:1.8.0_212]
	at java.lang.Thread.run(Thread.java:748) [?:1.8.0_212]
Caused by: java.lang.Exception: Action 'View Backlog' ERROR
	at com.atlassian.performance.tools.jiraactions.api.measure.ActionMeter.record(ActionMeter.kt:132) ~[virtual-users.jar:?]
	at com.atlassian.performance.tools.jiraactions.api.measure.ActionMeter.measure(ActionMeter.kt:79) ~[virtual-users.jar:?]
	at com.atlassian.performance.tools.jirasoftwareactions.api.actions.ViewBacklogAction.run(ViewBacklogAction.kt:56) ~[virtual-users.jar:?]
	at com.atlassian.performance.tools.virtualusers.ExploratoryVirtualUser.runWithDiagnostics(ExploratoryVirtualUser.kt:79) ~[virtual-users.jar:?]
	... 9 more
Caused by: org.openqa.selenium.TimeoutException: Expected condition failed: waiting for presence of element located by: By.cssSelector: #ghx-backlog[data-rendered]:not(.browser-metrics-stale) (tried for 30 second(s) with 50 milliseconds interval)
	at org.openqa.selenium.support.ui.WebDriverWait.timeoutException(WebDriverWait.java:81) ~[virtual-users.jar:?]
	at org.openqa.selenium.support.ui.FluentWait.until(FluentWait.java:271) ~[virtual-users.jar:?]
	at com.atlassian.performance.tools.jiraactions.api.page.WebDriverUtils.wait(WebDriverExtension.kt:25) ~[virtual-users.jar:?]
	at com.atlassian.performance.tools.jiraactions.api.page.WebDriverUtils.wait$default(WebDriverExtension.kt:19) ~[virtual-users.jar:?]
	at com.atlassian.performance.tools.jirasoftwareactions.api.page.ViewBacklogPage.waitForBacklog(ViewBacklogPage.kt:12) ~[virtual-users.jar:?]
	at com.atlassian.performance.tools.jirasoftwareactions.api.actions.ViewBacklogAction$run$1.invoke(ViewBacklogAction.kt:60) ~[virtual-users.jar:?]
	at com.atlassian.performance.tools.jirasoftwareactions.api.actions.ViewBacklogAction$run$1.invoke(ViewBacklogAction.kt:15) ~[virtual-users.jar:?]
	at com.atlassian.performance.tools.jiraactions.api.measure.ActionMeter$measure$2.invoke(ActionMeter.kt:80) ~[virtual-users.jar:?]
	at com.atlassian.performance.tools.jiraactions.api.measure.ActionMeter$measure$2.invoke(ActionMeter.kt:25) ~[virtual-users.jar:?]
	at com.atlassian.performance.tools.jiraactions.api.measure.ActionMeter.record(ActionMeter.kt:102) ~[virtual-users.jar:?]
	at com.atlassian.performance.tools.jiraactions.api.measure.ActionMeter.measure(ActionMeter.kt:79) ~[virtual-users.jar:?]
	at com.atlassian.performance.tools.jirasoftwareactions.api.actions.ViewBacklogAction.run(ViewBacklogAction.kt:56) ~[virtual-users.jar:?]
	at com.atlassian.performance.tools.virtualusers.ExploratoryVirtualUser.runWithDiagnostics(ExploratoryVirtualUser.kt:79) ~[virtual-users.jar:?]
	... 9 more
Caused by: org.openqa.selenium.NoSuchElementException: Cannot locate an element using By.cssSelector: #ghx-backlog[data-rendered]:not(.browser-metrics-stale)
For documentation on this error, please visit: http://seleniumhq.org/exceptions/no_such_element.html
Build info: version: 'unknown', revision: 'unknown', time: 'unknown'
System info: host: 'ip-10-0-0-74', ip: '10.0.0.74', os.name: 'Linux', os.arch: 'amd64', os.version: '4.4.0-1067-aws', java.version: '1.8.0_212'
Driver info: driver.version: unknown
	at org.openqa.selenium.support.ui.ExpectedConditions.lambda$findElement$0(ExpectedConditions.java:896) ~[virtual-users.jar:?]
	at java.util.Optional.orElseThrow(Optional.java:290) ~[?:1.8.0_212]
	at org.openqa.selenium.support.ui.ExpectedConditions.findElement(ExpectedConditions.java:895) ~[virtual-users.jar:?]
	at org.openqa.selenium.support.ui.ExpectedConditions.access$000(ExpectedConditions.java:44) ~[virtual-users.jar:?]
	at org.openqa.selenium.support.ui.ExpectedConditions$6.apply(ExpectedConditions.java:183) ~[virtual-users.jar:?]
	at org.openqa.selenium.support.ui.ExpectedConditions$6.apply(ExpectedConditions.java:180) ~[virtual-users.jar:?]
	at org.openqa.selenium.support.ui.FluentWait.until(FluentWait.java:248) ~[virtual-users.jar:?]
	at com.atlassian.performance.tools.jiraactions.api.page.WebDriverUtils.wait(WebDriverExtension.kt:25) ~[virtual-users.jar:?]
	at com.atlassian.performance.tools.jiraactions.api.page.WebDriverUtils.wait$default(WebDriverExtension.kt:19) ~[virtual-users.jar:?]
	at com.atlassian.performance.tools.jirasoftwareactions.api.page.ViewBacklogPage.waitForBacklog(ViewBacklogPage.kt:12) ~[virtual-users.jar:?]
	at com.atlassian.performance.tools.jirasoftwareactions.api.actions.ViewBacklogAction$run$1.invoke(ViewBacklogAction.kt:60) ~[virtual-users.jar:?]
	at com.atlassian.performance.tools.jirasoftwareactions.api.actions.ViewBacklogAction$run$1.invoke(ViewBacklogAction.kt:15) ~[virtual-users.jar:?]
	at com.atlassian.performance.tools.jiraactions.api.measure.ActionMeter$measure$2.invoke(ActionMeter.kt:80) ~[virtual-users.jar:?]
	at com.atlassian.performance.tools.jiraactions.api.measure.ActionMeter$measure$2.invoke(ActionMeter.kt:25) ~[virtual-users.jar:?]
	at com.atlassian.performance.tools.jiraactions.api.measure.ActionMeter.record(ActionMeter.kt:102) ~[virtual-users.jar:?]
	at com.atlassian.performance.tools.jiraactions.api.measure.ActionMeter.measure(ActionMeter.kt:79) ~[virtual-users.jar:?]
	at com.atlassian.performance.tools.jirasoftwareactions.api.actions.ViewBacklogAction.run(ViewBacklogAction.kt:56) ~[virtual-users.jar:?]
	at com.atlassian.performance.tools.virtualusers.ExploratoryVirtualUser.runWithDiagnostics(ExploratoryVirtualUser.kt:79) ~[virtual-users.jar:?]
	... 9 more
2019-07-22T13:04:22,645Z DEBUG {} [applying load #158dce8a-6408-4090-b135-fe82986b9e67] [SeededRandom] Using seed 1563800662
2019-07-22T13:04:48,903Z DEBUG {} [applying load #3e495b84-1eb4-438d-9a1c-e9e9a180b08c] [SeededRandom] Using seed 1563800688
2019-07-22T13:04:49,640Z DEBUG {} [applying load #3e020404-5618-409a-84f4-2ce47d577c13] [SeededRandom] Using seed 1563800689
2019-07-22T13:04:56,640Z DEBUG {} [applying load #582b4d8d-21f1-48a2-9e11-3867d69d2c44] [SeededRandom] Using seed 1563800696
2019-07-22T13:04:57,299Z DEBUG {} [applying load #3e495b84-1eb4-438d-9a1c-e9e9a180b08c] [SeededRandom] Using seed 1563800697
2019-07-22T13:05:03,490Z DEBUG {} [applying load #582b4d8d-21f1-48a2-9e11-3867d69d2c44] [SeededRandom] Using seed 1563800703
2019-07-22T13:05:04,849Z DEBUG {} [applying load #3e495b84-1eb4-438d-9a1c-e9e9a180b08c] [SeededRandom] Using seed 1563800704
2019-07-22T13:05:05,512Z DEBUG {} [applying load #10a055f4-eac7-4855-9879-49b6a5b400a4] [SeededRandom] Using seed 1563800705
2019-07-22T13:05:08,777Z DEBUG {} [applying load #3e495b84-1eb4-438d-9a1c-e9e9a180b08c] [SeededRandom] Using seed 1563800708
2019-07-22T13:05:17,923Z DEBUG {} [applying load #8c009f6b-b14f-4117-a7d0-ccbf1385a97b] [SeededRandom] Using seed 1563800717
2019-07-22T13:05:20,559Z DEBUG {} [applying load #3e495b84-1eb4-438d-9a1c-e9e9a180b08c] [SeededRandom] Using seed 1563800720
2019-07-22T13:05:23,686Z DEBUG {} [applying load #10a055f4-eac7-4855-9879-49b6a5b400a4] [SeededRandom] Using seed 1563800723
2019-07-22T13:05:25,121Z DEBUG {} [applying load #8c009f6b-b14f-4117-a7d0-ccbf1385a97b] [SeededRandom] Using seed 1563800725
2019-07-22T13:05:32,670Z DEBUG {} [applying load #8c009f6b-b14f-4117-a7d0-ccbf1385a97b] [SeededRandom] Using seed 1563800732
2019-07-22T13:05:50,723Z DEBUG {} [applying load #582b4d8d-21f1-48a2-9e11-3867d69d2c44] [SeededRandom] Using seed 1563800750
2019-07-22T13:06:17,193Z DEBUG {} [applying load #3e020404-5618-409a-84f4-2ce47d577c13] [SeededRandom] Using seed 1563800777
2019-07-22T13:06:21,078Z DEBUG {} [applying load #3d176a3d-2666-4aae-afc1-6aeb03f35e48] [SeededRandom] Using seed 1563800781
2019-07-22T13:06:25,365Z DEBUG {} [applying load #8c009f6b-b14f-4117-a7d0-ccbf1385a97b] [SeededRandom] Using seed 1563800785
2019-07-22T13:06:26,555Z DEBUG {} [applying load #10a055f4-eac7-4855-9879-49b6a5b400a4] [SeededRandom] Using seed 1563800786
2019-07-22T13:06:33,955Z DEBUG {} [applying load #3d176a3d-2666-4aae-afc1-6aeb03f35e48] [SeededRandom] Using seed 1563800793
2019-07-22T13:06:34,466Z DEBUG {} [applying load #582b4d8d-21f1-48a2-9e11-3867d69d2c44] [SeededRandom] Using seed 1563800794
2019-07-22T13:06:47,524Z DEBUG {} [applying load #3e020404-5618-409a-84f4-2ce47d577c13] [SeededRandom] Using seed 1563800807
2019-07-22T13:06:57,923Z DEBUG {} [applying load #facb1f3a-9c68-402b-8a47-b406d1ab1569] [SeededRandom] Using seed 1563800817
2019-07-22T13:07:05,759Z DEBUG {} [applying load #158dce8a-6408-4090-b135-fe82986b9e67] [SeededRandom] Using seed 1563800825
2019-07-22T13:07:11,915Z DEBUG {} [applying load #facb1f3a-9c68-402b-8a47-b406d1ab1569] [SeededRandom] Using seed 1563800831
2019-07-22T13:07:12,798Z DEBUG {} [applying load #158dce8a-6408-4090-b135-fe82986b9e67] [SeededRandom] Using seed 1563800832
2019-07-22T13:07:18,651Z DEBUG {} [applying load #facb1f3a-9c68-402b-8a47-b406d1ab1569] [SeededRandom] Using seed 1563800838
2019-07-22T13:07:22,240Z DEBUG {} [applying load #facb1f3a-9c68-402b-8a47-b406d1ab1569] [SeededRandom] Using seed 1563800842
2019-07-22T13:07:26,330Z DEBUG {} [applying load #facb1f3a-9c68-402b-8a47-b406d1ab1569] [SeededRandom] Using seed 1563800846
2019-07-22T13:07:39,815Z DEBUG {} [applying load #3e495b84-1eb4-438d-9a1c-e9e9a180b08c] [SeededRandom] Using seed 1563800859
2019-07-22T13:07:40,106Z DEBUG {} [applying load #158dce8a-6408-4090-b135-fe82986b9e67] [SeededRandom] Using seed 1563800860
2019-07-22T13:07:43,190Z DEBUG {} [applying load #3e020404-5618-409a-84f4-2ce47d577c13] [SeededRandom] Using seed 1563800863
2019-07-22T13:07:46,608Z DEBUG {} [applying load #8c009f6b-b14f-4117-a7d0-ccbf1385a97b] [SeededRandom] Using seed 1563800866
2019-07-22T13:07:52,593Z DEBUG {} [applying load #facb1f3a-9c68-402b-8a47-b406d1ab1569] [SeededRandom] Using seed 1563800872
2019-07-22T13:08:11,349Z ERROR {} [applying load #367aefa3-aead-4ade-8d5e-361fcdc8bd30] [WebDriverDiagnostics] URL: http://jpt-fa46d-loadbala-ttkud6yeo83h-142878392.eu-west-1.elb.amazonaws.com/secure/RapidBoard.jspa?rapidView=631&view=planning, HTML dumped at diagnoses/09991d22-fd6b-46e2-9da8-2969f5895ff9/dump.html, screenshot saved to diagnoses/09991d22-fd6b-46e2-9da8-2969f5895ff9/screenshot.png
java.lang.Exception: Action 'View Backlog' ERROR
	at com.atlassian.performance.tools.jiraactions.api.measure.ActionMeter.record(ActionMeter.kt:132) ~[virtual-users.jar:?]
	at com.atlassian.performance.tools.jiraactions.api.measure.ActionMeter.measure(ActionMeter.kt:79) ~[virtual-users.jar:?]
	at com.atlassian.performance.tools.jirasoftwareactions.api.actions.ViewBacklogAction.run(ViewBacklogAction.kt:56) ~[virtual-users.jar:?]
	at com.atlassian.performance.tools.virtualusers.ExploratoryVirtualUser.runWithDiagnostics(ExploratoryVirtualUser.kt:79) [virtual-users.jar:?]
	at com.atlassian.performance.tools.virtualusers.ExploratoryVirtualUser.applyLoad(ExploratoryVirtualUser.kt:56) [virtual-users.jar:?]
	at com.atlassian.performance.tools.virtualusers.LoadTest.applyLoad(LoadTest.kt:164) [virtual-users.jar:?]
	at com.atlassian.performance.tools.virtualusers.LoadTest.access$applyLoad(LoadTest.kt:36) [virtual-users.jar:?]
	at com.atlassian.performance.tools.virtualusers.LoadTest$applyLoad$$inlined$forEach$lambda$1.run(LoadTest.kt:111) [virtual-users.jar:?]
	at java.util.concurrent.Executors$RunnableAdapter.call(Executors.java:511) [?:1.8.0_212]
	at java.util.concurrent.FutureTask.run(FutureTask.java:266) [?:1.8.0_212]
	at java.util.concurrent.ThreadPoolExecutor.runWorker(ThreadPoolExecutor.java:1149) [?:1.8.0_212]
	at java.util.concurrent.ThreadPoolExecutor$Worker.run(ThreadPoolExecutor.java:624) [?:1.8.0_212]
	at java.lang.Thread.run(Thread.java:748) [?:1.8.0_212]
Caused by: org.openqa.selenium.TimeoutException: Expected condition failed: waiting for presence of element located by: By.cssSelector: #ghx-backlog[data-rendered]:not(.browser-metrics-stale) (tried for 30 second(s) with 50 milliseconds interval)
	at org.openqa.selenium.support.ui.WebDriverWait.timeoutException(WebDriverWait.java:81) ~[virtual-users.jar:?]
	at org.openqa.selenium.support.ui.FluentWait.until(FluentWait.java:271) ~[virtual-users.jar:?]
	at com.atlassian.performance.tools.jiraactions.api.page.WebDriverUtils.wait(WebDriverExtension.kt:25) ~[virtual-users.jar:?]
	at com.atlassian.performance.tools.jiraactions.api.page.WebDriverUtils.wait$default(WebDriverExtension.kt:19) ~[virtual-users.jar:?]
	at com.atlassian.performance.tools.jirasoftwareactions.api.page.ViewBacklogPage.waitForBacklog(ViewBacklogPage.kt:12) ~[virtual-users.jar:?]
	at com.atlassian.performance.tools.jirasoftwareactions.api.actions.ViewBacklogAction$run$1.invoke(ViewBacklogAction.kt:60) ~[virtual-users.jar:?]
	at com.atlassian.performance.tools.jirasoftwareactions.api.actions.ViewBacklogAction$run$1.invoke(ViewBacklogAction.kt:15) ~[virtual-users.jar:?]
	at com.atlassian.performance.tools.jiraactions.api.measure.ActionMeter$measure$2.invoke(ActionMeter.kt:80) ~[virtual-users.jar:?]
	at com.atlassian.performance.tools.jiraactions.api.measure.ActionMeter$measure$2.invoke(ActionMeter.kt:25) ~[virtual-users.jar:?]
	at com.atlassian.performance.tools.jiraactions.api.measure.ActionMeter.record(ActionMeter.kt:102) ~[virtual-users.jar:?]
	... 12 more
Caused by: org.openqa.selenium.NoSuchElementException: Cannot locate an element using By.cssSelector: #ghx-backlog[data-rendered]:not(.browser-metrics-stale)
For documentation on this error, please visit: http://seleniumhq.org/exceptions/no_such_element.html
Build info: version: 'unknown', revision: 'unknown', time: 'unknown'
System info: host: 'ip-10-0-0-74', ip: '10.0.0.74', os.name: 'Linux', os.arch: 'amd64', os.version: '4.4.0-1067-aws', java.version: '1.8.0_212'
Driver info: driver.version: unknown
	at org.openqa.selenium.support.ui.ExpectedConditions.lambda$findElement$0(ExpectedConditions.java:896) ~[virtual-users.jar:?]
	at java.util.Optional.orElseThrow(Optional.java:290) ~[?:1.8.0_212]
	at org.openqa.selenium.support.ui.ExpectedConditions.findElement(ExpectedConditions.java:895) ~[virtual-users.jar:?]
	at org.openqa.selenium.support.ui.ExpectedConditions.access$000(ExpectedConditions.java:44) ~[virtual-users.jar:?]
	at org.openqa.selenium.support.ui.ExpectedConditions$6.apply(ExpectedConditions.java:183) ~[virtual-users.jar:?]
	at org.openqa.selenium.support.ui.ExpectedConditions$6.apply(ExpectedConditions.java:180) ~[virtual-users.jar:?]
	at org.openqa.selenium.support.ui.FluentWait.until(FluentWait.java:248) ~[virtual-users.jar:?]
	at com.atlassian.performance.tools.jiraactions.api.page.WebDriverUtils.wait(WebDriverExtension.kt:25) ~[virtual-users.jar:?]
	at com.atlassian.performance.tools.jiraactions.api.page.WebDriverUtils.wait$default(WebDriverExtension.kt:19) ~[virtual-users.jar:?]
	at com.atlassian.performance.tools.jirasoftwareactions.api.page.ViewBacklogPage.waitForBacklog(ViewBacklogPage.kt:12) ~[virtual-users.jar:?]
	at com.atlassian.performance.tools.jirasoftwareactions.api.actions.ViewBacklogAction$run$1.invoke(ViewBacklogAction.kt:60) ~[virtual-users.jar:?]
	at com.atlassian.performance.tools.jirasoftwareactions.api.actions.ViewBacklogAction$run$1.invoke(ViewBacklogAction.kt:15) ~[virtual-users.jar:?]
	at com.atlassian.performance.tools.jiraactions.api.measure.ActionMeter$measure$2.invoke(ActionMeter.kt:80) ~[virtual-users.jar:?]
	at com.atlassian.performance.tools.jiraactions.api.measure.ActionMeter$measure$2.invoke(ActionMeter.kt:25) ~[virtual-users.jar:?]
	at com.atlassian.performance.tools.jiraactions.api.measure.ActionMeter.record(ActionMeter.kt:102) ~[virtual-users.jar:?]
	... 12 more
2019-07-22T13:08:11,350Z INFO  {} [applying load #367aefa3-aead-4ade-8d5e-361fcdc8bd30] [DiagnosisPatience] Lost patience after waiting PT44.259S for diagnosis, no more diagnoses will be made
2019-07-22T13:08:11,351Z ERROR {} [applying load #367aefa3-aead-4ade-8d5e-361fcdc8bd30] [ExploratoryVirtualUser] Failed to run com.atlassian.performance.tools.jirasoftwareactions.api.actions.ViewBacklogAction@4a2ebc69, but we keep running
java.lang.Exception: Failed to run com.atlassian.performance.tools.jirasoftwareactions.api.actions.ViewBacklogAction@4a2ebc69
	at com.atlassian.performance.tools.virtualusers.ExploratoryVirtualUser.runWithDiagnostics(ExploratoryVirtualUser.kt:82) ~[virtual-users.jar:?]
	at com.atlassian.performance.tools.virtualusers.ExploratoryVirtualUser.applyLoad(ExploratoryVirtualUser.kt:56) [virtual-users.jar:?]
	at com.atlassian.performance.tools.virtualusers.LoadTest.applyLoad(LoadTest.kt:164) [virtual-users.jar:?]
	at com.atlassian.performance.tools.virtualusers.LoadTest.access$applyLoad(LoadTest.kt:36) [virtual-users.jar:?]
	at com.atlassian.performance.tools.virtualusers.LoadTest$applyLoad$$inlined$forEach$lambda$1.run(LoadTest.kt:111) [virtual-users.jar:?]
	at java.util.concurrent.Executors$RunnableAdapter.call(Executors.java:511) [?:1.8.0_212]
	at java.util.concurrent.FutureTask.run(FutureTask.java:266) [?:1.8.0_212]
	at java.util.concurrent.ThreadPoolExecutor.runWorker(ThreadPoolExecutor.java:1149) [?:1.8.0_212]
	at java.util.concurrent.ThreadPoolExecutor$Worker.run(ThreadPoolExecutor.java:624) [?:1.8.0_212]
	at java.lang.Thread.run(Thread.java:748) [?:1.8.0_212]
Caused by: java.lang.Exception: Action 'View Backlog' ERROR
	at com.atlassian.performance.tools.jiraactions.api.measure.ActionMeter.record(ActionMeter.kt:132) ~[virtual-users.jar:?]
	at com.atlassian.performance.tools.jiraactions.api.measure.ActionMeter.measure(ActionMeter.kt:79) ~[virtual-users.jar:?]
	at com.atlassian.performance.tools.jirasoftwareactions.api.actions.ViewBacklogAction.run(ViewBacklogAction.kt:56) ~[virtual-users.jar:?]
	at com.atlassian.performance.tools.virtualusers.ExploratoryVirtualUser.runWithDiagnostics(ExploratoryVirtualUser.kt:79) ~[virtual-users.jar:?]
	... 9 more
Caused by: org.openqa.selenium.TimeoutException: Expected condition failed: waiting for presence of element located by: By.cssSelector: #ghx-backlog[data-rendered]:not(.browser-metrics-stale) (tried for 30 second(s) with 50 milliseconds interval)
	at org.openqa.selenium.support.ui.WebDriverWait.timeoutException(WebDriverWait.java:81) ~[virtual-users.jar:?]
	at org.openqa.selenium.support.ui.FluentWait.until(FluentWait.java:271) ~[virtual-users.jar:?]
	at com.atlassian.performance.tools.jiraactions.api.page.WebDriverUtils.wait(WebDriverExtension.kt:25) ~[virtual-users.jar:?]
	at com.atlassian.performance.tools.jiraactions.api.page.WebDriverUtils.wait$default(WebDriverExtension.kt:19) ~[virtual-users.jar:?]
	at com.atlassian.performance.tools.jirasoftwareactions.api.page.ViewBacklogPage.waitForBacklog(ViewBacklogPage.kt:12) ~[virtual-users.jar:?]
	at com.atlassian.performance.tools.jirasoftwareactions.api.actions.ViewBacklogAction$run$1.invoke(ViewBacklogAction.kt:60) ~[virtual-users.jar:?]
	at com.atlassian.performance.tools.jirasoftwareactions.api.actions.ViewBacklogAction$run$1.invoke(ViewBacklogAction.kt:15) ~[virtual-users.jar:?]
	at com.atlassian.performance.tools.jiraactions.api.measure.ActionMeter$measure$2.invoke(ActionMeter.kt:80) ~[virtual-users.jar:?]
	at com.atlassian.performance.tools.jiraactions.api.measure.ActionMeter$measure$2.invoke(ActionMeter.kt:25) ~[virtual-users.jar:?]
	at com.atlassian.performance.tools.jiraactions.api.measure.ActionMeter.record(ActionMeter.kt:102) ~[virtual-users.jar:?]
	at com.atlassian.performance.tools.jiraactions.api.measure.ActionMeter.measure(ActionMeter.kt:79) ~[virtual-users.jar:?]
	at com.atlassian.performance.tools.jirasoftwareactions.api.actions.ViewBacklogAction.run(ViewBacklogAction.kt:56) ~[virtual-users.jar:?]
	at com.atlassian.performance.tools.virtualusers.ExploratoryVirtualUser.runWithDiagnostics(ExploratoryVirtualUser.kt:79) ~[virtual-users.jar:?]
	... 9 more
Caused by: org.openqa.selenium.NoSuchElementException: Cannot locate an element using By.cssSelector: #ghx-backlog[data-rendered]:not(.browser-metrics-stale)
For documentation on this error, please visit: http://seleniumhq.org/exceptions/no_such_element.html
Build info: version: 'unknown', revision: 'unknown', time: 'unknown'
System info: host: 'ip-10-0-0-74', ip: '10.0.0.74', os.name: 'Linux', os.arch: 'amd64', os.version: '4.4.0-1067-aws', java.version: '1.8.0_212'
Driver info: driver.version: unknown
	at org.openqa.selenium.support.ui.ExpectedConditions.lambda$findElement$0(ExpectedConditions.java:896) ~[virtual-users.jar:?]
	at java.util.Optional.orElseThrow(Optional.java:290) ~[?:1.8.0_212]
	at org.openqa.selenium.support.ui.ExpectedConditions.findElement(ExpectedConditions.java:895) ~[virtual-users.jar:?]
	at org.openqa.selenium.support.ui.ExpectedConditions.access$000(ExpectedConditions.java:44) ~[virtual-users.jar:?]
	at org.openqa.selenium.support.ui.ExpectedConditions$6.apply(ExpectedConditions.java:183) ~[virtual-users.jar:?]
	at org.openqa.selenium.support.ui.ExpectedConditions$6.apply(ExpectedConditions.java:180) ~[virtual-users.jar:?]
	at org.openqa.selenium.support.ui.FluentWait.until(FluentWait.java:248) ~[virtual-users.jar:?]
	at com.atlassian.performance.tools.jiraactions.api.page.WebDriverUtils.wait(WebDriverExtension.kt:25) ~[virtual-users.jar:?]
	at com.atlassian.performance.tools.jiraactions.api.page.WebDriverUtils.wait$default(WebDriverExtension.kt:19) ~[virtual-users.jar:?]
	at com.atlassian.performance.tools.jirasoftwareactions.api.page.ViewBacklogPage.waitForBacklog(ViewBacklogPage.kt:12) ~[virtual-users.jar:?]
	at com.atlassian.performance.tools.jirasoftwareactions.api.actions.ViewBacklogAction$run$1.invoke(ViewBacklogAction.kt:60) ~[virtual-users.jar:?]
	at com.atlassian.performance.tools.jirasoftwareactions.api.actions.ViewBacklogAction$run$1.invoke(ViewBacklogAction.kt:15) ~[virtual-users.jar:?]
	at com.atlassian.performance.tools.jiraactions.api.measure.ActionMeter$measure$2.invoke(ActionMeter.kt:80) ~[virtual-users.jar:?]
	at com.atlassian.performance.tools.jiraactions.api.measure.ActionMeter$measure$2.invoke(ActionMeter.kt:25) ~[virtual-users.jar:?]
	at com.atlassian.performance.tools.jiraactions.api.measure.ActionMeter.record(ActionMeter.kt:102) ~[virtual-users.jar:?]
	at com.atlassian.performance.tools.jiraactions.api.measure.ActionMeter.measure(ActionMeter.kt:79) ~[virtual-users.jar:?]
	at com.atlassian.performance.tools.jirasoftwareactions.api.actions.ViewBacklogAction.run(ViewBacklogAction.kt:56) ~[virtual-users.jar:?]
	at com.atlassian.performance.tools.virtualusers.ExploratoryVirtualUser.runWithDiagnostics(ExploratoryVirtualUser.kt:79) ~[virtual-users.jar:?]
	... 9 more
2019-07-22T13:08:19,806Z DEBUG {} [applying load #8c009f6b-b14f-4117-a7d0-ccbf1385a97b] [SeededRandom] Using seed 1563800899
2019-07-22T13:08:26,273Z DEBUG {} [applying load #3e020404-5618-409a-84f4-2ce47d577c13] [SeededRandom] Using seed 1563800906
2019-07-22T13:08:27,539Z DEBUG {} [applying load #3d176a3d-2666-4aae-afc1-6aeb03f35e48] [SeededRandom] Using seed 1563800907
2019-07-22T13:08:30,767Z ERROR {} [applying load #5170d8df-0f36-4de4-acba-d7d1e32b9f81] [ExploratoryVirtualUser] Failed to run com.atlassian.performance.tools.jirasoftwareactions.api.actions.ViewBacklogAction@18824945, but we keep running
java.lang.Exception: Failed to run com.atlassian.performance.tools.jirasoftwareactions.api.actions.ViewBacklogAction@18824945
	at com.atlassian.performance.tools.virtualusers.ExploratoryVirtualUser.runWithDiagnostics(ExploratoryVirtualUser.kt:82) ~[virtual-users.jar:?]
	at com.atlassian.performance.tools.virtualusers.ExploratoryVirtualUser.applyLoad(ExploratoryVirtualUser.kt:56) [virtual-users.jar:?]
	at com.atlassian.performance.tools.virtualusers.LoadTest.applyLoad(LoadTest.kt:164) [virtual-users.jar:?]
	at com.atlassian.performance.tools.virtualusers.LoadTest.access$applyLoad(LoadTest.kt:36) [virtual-users.jar:?]
	at com.atlassian.performance.tools.virtualusers.LoadTest$applyLoad$$inlined$forEach$lambda$1.run(LoadTest.kt:111) [virtual-users.jar:?]
	at java.util.concurrent.Executors$RunnableAdapter.call(Executors.java:511) [?:1.8.0_212]
	at java.util.concurrent.FutureTask.run(FutureTask.java:266) [?:1.8.0_212]
	at java.util.concurrent.ThreadPoolExecutor.runWorker(ThreadPoolExecutor.java:1149) [?:1.8.0_212]
	at java.util.concurrent.ThreadPoolExecutor$Worker.run(ThreadPoolExecutor.java:624) [?:1.8.0_212]
	at java.lang.Thread.run(Thread.java:748) [?:1.8.0_212]
Caused by: java.lang.Exception: Action 'View Backlog' ERROR
	at com.atlassian.performance.tools.jiraactions.api.measure.ActionMeter.record(ActionMeter.kt:132) ~[virtual-users.jar:?]
	at com.atlassian.performance.tools.jiraactions.api.measure.ActionMeter.measure(ActionMeter.kt:79) ~[virtual-users.jar:?]
	at com.atlassian.performance.tools.jirasoftwareactions.api.actions.ViewBacklogAction.run(ViewBacklogAction.kt:56) ~[virtual-users.jar:?]
	at com.atlassian.performance.tools.virtualusers.ExploratoryVirtualUser.runWithDiagnostics(ExploratoryVirtualUser.kt:79) ~[virtual-users.jar:?]
	... 9 more
Caused by: org.openqa.selenium.TimeoutException: Expected condition failed: waiting for presence of element located by: By.cssSelector: #ghx-backlog[data-rendered]:not(.browser-metrics-stale) (tried for 30 second(s) with 50 milliseconds interval)
	at org.openqa.selenium.support.ui.WebDriverWait.timeoutException(WebDriverWait.java:81) ~[virtual-users.jar:?]
	at org.openqa.selenium.support.ui.FluentWait.until(FluentWait.java:271) ~[virtual-users.jar:?]
	at com.atlassian.performance.tools.jiraactions.api.page.WebDriverUtils.wait(WebDriverExtension.kt:25) ~[virtual-users.jar:?]
	at com.atlassian.performance.tools.jiraactions.api.page.WebDriverUtils.wait$default(WebDriverExtension.kt:19) ~[virtual-users.jar:?]
	at com.atlassian.performance.tools.jirasoftwareactions.api.page.ViewBacklogPage.waitForBacklog(ViewBacklogPage.kt:12) ~[virtual-users.jar:?]
	at com.atlassian.performance.tools.jirasoftwareactions.api.actions.ViewBacklogAction$run$1.invoke(ViewBacklogAction.kt:60) ~[virtual-users.jar:?]
	at com.atlassian.performance.tools.jirasoftwareactions.api.actions.ViewBacklogAction$run$1.invoke(ViewBacklogAction.kt:15) ~[virtual-users.jar:?]
	at com.atlassian.performance.tools.jiraactions.api.measure.ActionMeter$measure$2.invoke(ActionMeter.kt:80) ~[virtual-users.jar:?]
	at com.atlassian.performance.tools.jiraactions.api.measure.ActionMeter$measure$2.invoke(ActionMeter.kt:25) ~[virtual-users.jar:?]
	at com.atlassian.performance.tools.jiraactions.api.measure.ActionMeter.record(ActionMeter.kt:102) ~[virtual-users.jar:?]
	at com.atlassian.performance.tools.jiraactions.api.measure.ActionMeter.measure(ActionMeter.kt:79) ~[virtual-users.jar:?]
	at com.atlassian.performance.tools.jirasoftwareactions.api.actions.ViewBacklogAction.run(ViewBacklogAction.kt:56) ~[virtual-users.jar:?]
	at com.atlassian.performance.tools.virtualusers.ExploratoryVirtualUser.runWithDiagnostics(ExploratoryVirtualUser.kt:79) ~[virtual-users.jar:?]
	... 9 more
Caused by: org.openqa.selenium.NoSuchElementException: Cannot locate an element using By.cssSelector: #ghx-backlog[data-rendered]:not(.browser-metrics-stale)
For documentation on this error, please visit: http://seleniumhq.org/exceptions/no_such_element.html
Build info: version: 'unknown', revision: 'unknown', time: 'unknown'
System info: host: 'ip-10-0-0-74', ip: '10.0.0.74', os.name: 'Linux', os.arch: 'amd64', os.version: '4.4.0-1067-aws', java.version: '1.8.0_212'
Driver info: driver.version: unknown
	at org.openqa.selenium.support.ui.ExpectedConditions.lambda$findElement$0(ExpectedConditions.java:896) ~[virtual-users.jar:?]
	at java.util.Optional.orElseThrow(Optional.java:290) ~[?:1.8.0_212]
	at org.openqa.selenium.support.ui.ExpectedConditions.findElement(ExpectedConditions.java:895) ~[virtual-users.jar:?]
	at org.openqa.selenium.support.ui.ExpectedConditions.access$000(ExpectedConditions.java:44) ~[virtual-users.jar:?]
	at org.openqa.selenium.support.ui.ExpectedConditions$6.apply(ExpectedConditions.java:183) ~[virtual-users.jar:?]
	at org.openqa.selenium.support.ui.ExpectedConditions$6.apply(ExpectedConditions.java:180) ~[virtual-users.jar:?]
	at org.openqa.selenium.support.ui.FluentWait.until(FluentWait.java:248) ~[virtual-users.jar:?]
	at com.atlassian.performance.tools.jiraactions.api.page.WebDriverUtils.wait(WebDriverExtension.kt:25) ~[virtual-users.jar:?]
	at com.atlassian.performance.tools.jiraactions.api.page.WebDriverUtils.wait$default(WebDriverExtension.kt:19) ~[virtual-users.jar:?]
	at com.atlassian.performance.tools.jirasoftwareactions.api.page.ViewBacklogPage.waitForBacklog(ViewBacklogPage.kt:12) ~[virtual-users.jar:?]
	at com.atlassian.performance.tools.jirasoftwareactions.api.actions.ViewBacklogAction$run$1.invoke(ViewBacklogAction.kt:60) ~[virtual-users.jar:?]
	at com.atlassian.performance.tools.jirasoftwareactions.api.actions.ViewBacklogAction$run$1.invoke(ViewBacklogAction.kt:15) ~[virtual-users.jar:?]
	at com.atlassian.performance.tools.jiraactions.api.measure.ActionMeter$measure$2.invoke(ActionMeter.kt:80) ~[virtual-users.jar:?]
	at com.atlassian.performance.tools.jiraactions.api.measure.ActionMeter$measure$2.invoke(ActionMeter.kt:25) ~[virtual-users.jar:?]
	at com.atlassian.performance.tools.jiraactions.api.measure.ActionMeter.record(ActionMeter.kt:102) ~[virtual-users.jar:?]
	at com.atlassian.performance.tools.jiraactions.api.measure.ActionMeter.measure(ActionMeter.kt:79) ~[virtual-users.jar:?]
	at com.atlassian.performance.tools.jirasoftwareactions.api.actions.ViewBacklogAction.run(ViewBacklogAction.kt:56) ~[virtual-users.jar:?]
	at com.atlassian.performance.tools.virtualusers.ExploratoryVirtualUser.runWithDiagnostics(ExploratoryVirtualUser.kt:79) ~[virtual-users.jar:?]
	... 9 more
2019-07-22T13:08:31,208Z DEBUG {} [applying load #3d176a3d-2666-4aae-afc1-6aeb03f35e48] [SeededRandom] Using seed 1563800911
2019-07-22T13:08:35,234Z DEBUG {} [applying load #facb1f3a-9c68-402b-8a47-b406d1ab1569] [SeededRandom] Using seed 1563800915
2019-07-22T13:08:48,757Z DEBUG {} [applying load #3d176a3d-2666-4aae-afc1-6aeb03f35e48] [SeededRandom] Using seed 1563800928
2019-07-22T13:08:57,938Z DEBUG {} [applying load #3e495b84-1eb4-438d-9a1c-e9e9a180b08c] [SeededRandom] Using seed 1563800937
2019-07-22T13:08:58,362Z DEBUG {} [applying load #3d176a3d-2666-4aae-afc1-6aeb03f35e48] [SeededRandom] Using seed 1563800938
2019-07-22T13:08:58,422Z DEBUG {} [applying load #582b4d8d-21f1-48a2-9e11-3867d69d2c44] [SeededRandom] Using seed 1563800938
2019-07-22T13:09:07,455Z ERROR {} [applying load #127a9233-f6b6-4ed6-9a18-8cbd997936d9] [ExploratoryVirtualUser] Failed to run com.atlassian.performance.tools.jirasoftwareactions.api.actions.ViewBacklogAction@42d7dd6, but we keep running
java.lang.Exception: Failed to run com.atlassian.performance.tools.jirasoftwareactions.api.actions.ViewBacklogAction@42d7dd6
	at com.atlassian.performance.tools.virtualusers.ExploratoryVirtualUser.runWithDiagnostics(ExploratoryVirtualUser.kt:82) ~[virtual-users.jar:?]
	at com.atlassian.performance.tools.virtualusers.ExploratoryVirtualUser.applyLoad(ExploratoryVirtualUser.kt:56) [virtual-users.jar:?]
	at com.atlassian.performance.tools.virtualusers.LoadTest.applyLoad(LoadTest.kt:164) [virtual-users.jar:?]
	at com.atlassian.performance.tools.virtualusers.LoadTest.access$applyLoad(LoadTest.kt:36) [virtual-users.jar:?]
	at com.atlassian.performance.tools.virtualusers.LoadTest$applyLoad$$inlined$forEach$lambda$1.run(LoadTest.kt:111) [virtual-users.jar:?]
	at java.util.concurrent.Executors$RunnableAdapter.call(Executors.java:511) [?:1.8.0_212]
	at java.util.concurrent.FutureTask.run(FutureTask.java:266) [?:1.8.0_212]
	at java.util.concurrent.ThreadPoolExecutor.runWorker(ThreadPoolExecutor.java:1149) [?:1.8.0_212]
	at java.util.concurrent.ThreadPoolExecutor$Worker.run(ThreadPoolExecutor.java:624) [?:1.8.0_212]
	at java.lang.Thread.run(Thread.java:748) [?:1.8.0_212]
Caused by: java.lang.Exception: Action 'View Backlog' ERROR
	at com.atlassian.performance.tools.jiraactions.api.measure.ActionMeter.record(ActionMeter.kt:132) ~[virtual-users.jar:?]
	at com.atlassian.performance.tools.jiraactions.api.measure.ActionMeter.measure(ActionMeter.kt:79) ~[virtual-users.jar:?]
	at com.atlassian.performance.tools.jirasoftwareactions.api.actions.ViewBacklogAction.run(ViewBacklogAction.kt:56) ~[virtual-users.jar:?]
	at com.atlassian.performance.tools.virtualusers.ExploratoryVirtualUser.runWithDiagnostics(ExploratoryVirtualUser.kt:79) ~[virtual-users.jar:?]
	... 9 more
Caused by: org.openqa.selenium.TimeoutException: Expected condition failed: waiting for presence of element located by: By.cssSelector: #ghx-backlog[data-rendered]:not(.browser-metrics-stale) (tried for 30 second(s) with 50 milliseconds interval)
	at org.openqa.selenium.support.ui.WebDriverWait.timeoutException(WebDriverWait.java:81) ~[virtual-users.jar:?]
	at org.openqa.selenium.support.ui.FluentWait.until(FluentWait.java:271) ~[virtual-users.jar:?]
	at com.atlassian.performance.tools.jiraactions.api.page.WebDriverUtils.wait(WebDriverExtension.kt:25) ~[virtual-users.jar:?]
	at com.atlassian.performance.tools.jiraactions.api.page.WebDriverUtils.wait$default(WebDriverExtension.kt:19) ~[virtual-users.jar:?]
	at com.atlassian.performance.tools.jirasoftwareactions.api.page.ViewBacklogPage.waitForBacklog(ViewBacklogPage.kt:12) ~[virtual-users.jar:?]
	at com.atlassian.performance.tools.jirasoftwareactions.api.actions.ViewBacklogAction$run$1.invoke(ViewBacklogAction.kt:60) ~[virtual-users.jar:?]
	at com.atlassian.performance.tools.jirasoftwareactions.api.actions.ViewBacklogAction$run$1.invoke(ViewBacklogAction.kt:15) ~[virtual-users.jar:?]
	at com.atlassian.performance.tools.jiraactions.api.measure.ActionMeter$measure$2.invoke(ActionMeter.kt:80) ~[virtual-users.jar:?]
	at com.atlassian.performance.tools.jiraactions.api.measure.ActionMeter$measure$2.invoke(ActionMeter.kt:25) ~[virtual-users.jar:?]
	at com.atlassian.performance.tools.jiraactions.api.measure.ActionMeter.record(ActionMeter.kt:102) ~[virtual-users.jar:?]
	at com.atlassian.performance.tools.jiraactions.api.measure.ActionMeter.measure(ActionMeter.kt:79) ~[virtual-users.jar:?]
	at com.atlassian.performance.tools.jirasoftwareactions.api.actions.ViewBacklogAction.run(ViewBacklogAction.kt:56) ~[virtual-users.jar:?]
	at com.atlassian.performance.tools.virtualusers.ExploratoryVirtualUser.runWithDiagnostics(ExploratoryVirtualUser.kt:79) ~[virtual-users.jar:?]
	... 9 more
Caused by: org.openqa.selenium.NoSuchElementException: Cannot locate an element using By.cssSelector: #ghx-backlog[data-rendered]:not(.browser-metrics-stale)
For documentation on this error, please visit: http://seleniumhq.org/exceptions/no_such_element.html
Build info: version: 'unknown', revision: 'unknown', time: 'unknown'
System info: host: 'ip-10-0-0-74', ip: '10.0.0.74', os.name: 'Linux', os.arch: 'amd64', os.version: '4.4.0-1067-aws', java.version: '1.8.0_212'
Driver info: driver.version: unknown
	at org.openqa.selenium.support.ui.ExpectedConditions.lambda$findElement$0(ExpectedConditions.java:896) ~[virtual-users.jar:?]
	at java.util.Optional.orElseThrow(Optional.java:290) ~[?:1.8.0_212]
	at org.openqa.selenium.support.ui.ExpectedConditions.findElement(ExpectedConditions.java:895) ~[virtual-users.jar:?]
	at org.openqa.selenium.support.ui.ExpectedConditions.access$000(ExpectedConditions.java:44) ~[virtual-users.jar:?]
	at org.openqa.selenium.support.ui.ExpectedConditions$6.apply(ExpectedConditions.java:183) ~[virtual-users.jar:?]
	at org.openqa.selenium.support.ui.ExpectedConditions$6.apply(ExpectedConditions.java:180) ~[virtual-users.jar:?]
	at org.openqa.selenium.support.ui.FluentWait.until(FluentWait.java:248) ~[virtual-users.jar:?]
	at com.atlassian.performance.tools.jiraactions.api.page.WebDriverUtils.wait(WebDriverExtension.kt:25) ~[virtual-users.jar:?]
	at com.atlassian.performance.tools.jiraactions.api.page.WebDriverUtils.wait$default(WebDriverExtension.kt:19) ~[virtual-users.jar:?]
	at com.atlassian.performance.tools.jirasoftwareactions.api.page.ViewBacklogPage.waitForBacklog(ViewBacklogPage.kt:12) ~[virtual-users.jar:?]
	at com.atlassian.performance.tools.jirasoftwareactions.api.actions.ViewBacklogAction$run$1.invoke(ViewBacklogAction.kt:60) ~[virtual-users.jar:?]
	at com.atlassian.performance.tools.jirasoftwareactions.api.actions.ViewBacklogAction$run$1.invoke(ViewBacklogAction.kt:15) ~[virtual-users.jar:?]
	at com.atlassian.performance.tools.jiraactions.api.measure.ActionMeter$measure$2.invoke(ActionMeter.kt:80) ~[virtual-users.jar:?]
	at com.atlassian.performance.tools.jiraactions.api.measure.ActionMeter$measure$2.invoke(ActionMeter.kt:25) ~[virtual-users.jar:?]
	at com.atlassian.performance.tools.jiraactions.api.measure.ActionMeter.record(ActionMeter.kt:102) ~[virtual-users.jar:?]
	at com.atlassian.performance.tools.jiraactions.api.measure.ActionMeter.measure(ActionMeter.kt:79) ~[virtual-users.jar:?]
	at com.atlassian.performance.tools.jirasoftwareactions.api.actions.ViewBacklogAction.run(ViewBacklogAction.kt:56) ~[virtual-users.jar:?]
	at com.atlassian.performance.tools.virtualusers.ExploratoryVirtualUser.runWithDiagnostics(ExploratoryVirtualUser.kt:79) ~[virtual-users.jar:?]
	... 9 more
2019-07-22T13:09:10,523Z DEBUG {} [applying load #5170d8df-0f36-4de4-acba-d7d1e32b9f81] [SeededRandom] Using seed 1563800950
2019-07-22T13:09:12,407Z DEBUG {} [applying load #582b4d8d-21f1-48a2-9e11-3867d69d2c44] [SeededRandom] Using seed 1563800952
2019-07-22T13:09:16,743Z DEBUG {} [applying load #facb1f3a-9c68-402b-8a47-b406d1ab1569] [SeededRandom] Using seed 1563800956
2019-07-22T13:09:19,006Z DEBUG {} [applying load #10a055f4-eac7-4855-9879-49b6a5b400a4] [SeededRandom] Using seed 1563800959
2019-07-22T13:09:19,128Z DEBUG {} [applying load #158dce8a-6408-4090-b135-fe82986b9e67] [SeededRandom] Using seed 1563800959
2019-07-22T13:09:19,646Z DEBUG {} [applying load #5170d8df-0f36-4de4-acba-d7d1e32b9f81] [SeededRandom] Using seed 1563800959
2019-07-22T13:09:26,147Z DEBUG {} [applying load #158dce8a-6408-4090-b135-fe82986b9e67] [SeededRandom] Using seed 1563800966
2019-07-22T13:09:27,056Z DEBUG {} [applying load #3e495b84-1eb4-438d-9a1c-e9e9a180b08c] [SeededRandom] Using seed 1563800967
2019-07-22T13:09:34,646Z DEBUG {} [applying load #3e495b84-1eb4-438d-9a1c-e9e9a180b08c] [SeededRandom] Using seed 1563800974
2019-07-22T13:09:36,103Z DEBUG {} [applying load #582b4d8d-21f1-48a2-9e11-3867d69d2c44] [SeededRandom] Using seed 1563800976
2019-07-22T13:09:45,398Z DEBUG {} [applying load #5170d8df-0f36-4de4-acba-d7d1e32b9f81] [SeededRandom] Using seed 1563800985
2019-07-22T13:09:54,695Z DEBUG {} [applying load #127a9233-f6b6-4ed6-9a18-8cbd997936d9] [SeededRandom] Using seed 1563800994
2019-07-22T13:09:54,720Z DEBUG {} [applying load #5170d8df-0f36-4de4-acba-d7d1e32b9f81] [SeededRandom] Using seed 1563800994
2019-07-22T13:09:55,835Z DEBUG {} [applying load #367aefa3-aead-4ade-8d5e-361fcdc8bd30] [SeededRandom] Using seed 1563800995
2019-07-22T13:09:56,966Z DEBUG {} [applying load #8c009f6b-b14f-4117-a7d0-ccbf1385a97b] [SeededRandom] Using seed 1563800996
2019-07-22T13:09:57,585Z DEBUG {} [applying load #3e020404-5618-409a-84f4-2ce47d577c13] [SeededRandom] Using seed 1563800997
2019-07-22T13:10:02,956Z DEBUG {} [applying load #10a055f4-eac7-4855-9879-49b6a5b400a4] [SeededRandom] Using seed 1563801002
2019-07-22T13:10:03,845Z DEBUG {} [applying load #367aefa3-aead-4ade-8d5e-361fcdc8bd30] [SeededRandom] Using seed 1563801003
2019-07-22T13:10:33,219Z DEBUG {} [applying load #367aefa3-aead-4ade-8d5e-361fcdc8bd30] [SeededRandom] Using seed 1563801033
2019-07-22T13:10:37,395Z DEBUG {} [applying load #3e020404-5618-409a-84f4-2ce47d577c13] [SeededRandom] Using seed 1563801037
2019-07-22T13:10:37,886Z DEBUG {} [applying load #5170d8df-0f36-4de4-acba-d7d1e32b9f81] [SeededRandom] Using seed 1563801037
2019-07-22T13:10:39,178Z DEBUG {} [applying load #3d176a3d-2666-4aae-afc1-6aeb03f35e48] [SeededRandom] Using seed 1563801039
2019-07-22T13:10:41,523Z DEBUG {} [applying load #367aefa3-aead-4ade-8d5e-361fcdc8bd30] [SeededRandom] Using seed 1563801041
2019-07-22T13:10:46,799Z DEBUG {} [applying load #158dce8a-6408-4090-b135-fe82986b9e67] [SeededRandom] Using seed 1563801046
2019-07-22T13:10:55,146Z DEBUG {} [applying load #3d176a3d-2666-4aae-afc1-6aeb03f35e48] [SeededRandom] Using seed 1563801055
2019-07-22T13:10:58,828Z DEBUG {} [applying load #10a055f4-eac7-4855-9879-49b6a5b400a4] [SeededRandom] Using seed 1563801058
2019-07-22T13:10:59,058Z ERROR {} [applying load #7c013af1-d88e-4c4f-a190-eb6b3e844226] [ExploratoryVirtualUser] Failed to run com.atlassian.performance.tools.jirasoftwareactions.api.actions.ViewBacklogAction@6cec7707, but we keep running
java.lang.Exception: Failed to run com.atlassian.performance.tools.jirasoftwareactions.api.actions.ViewBacklogAction@6cec7707
	at com.atlassian.performance.tools.virtualusers.ExploratoryVirtualUser.runWithDiagnostics(ExploratoryVirtualUser.kt:82) ~[virtual-users.jar:?]
	at com.atlassian.performance.tools.virtualusers.ExploratoryVirtualUser.applyLoad(ExploratoryVirtualUser.kt:56) [virtual-users.jar:?]
	at com.atlassian.performance.tools.virtualusers.LoadTest.applyLoad(LoadTest.kt:164) [virtual-users.jar:?]
	at com.atlassian.performance.tools.virtualusers.LoadTest.access$applyLoad(LoadTest.kt:36) [virtual-users.jar:?]
	at com.atlassian.performance.tools.virtualusers.LoadTest$applyLoad$$inlined$forEach$lambda$1.run(LoadTest.kt:111) [virtual-users.jar:?]
	at java.util.concurrent.Executors$RunnableAdapter.call(Executors.java:511) [?:1.8.0_212]
	at java.util.concurrent.FutureTask.run(FutureTask.java:266) [?:1.8.0_212]
	at java.util.concurrent.ThreadPoolExecutor.runWorker(ThreadPoolExecutor.java:1149) [?:1.8.0_212]
	at java.util.concurrent.ThreadPoolExecutor$Worker.run(ThreadPoolExecutor.java:624) [?:1.8.0_212]
	at java.lang.Thread.run(Thread.java:748) [?:1.8.0_212]
Caused by: java.lang.Exception: Action 'View Backlog' ERROR
	at com.atlassian.performance.tools.jiraactions.api.measure.ActionMeter.record(ActionMeter.kt:132) ~[virtual-users.jar:?]
	at com.atlassian.performance.tools.jiraactions.api.measure.ActionMeter.measure(ActionMeter.kt:79) ~[virtual-users.jar:?]
	at com.atlassian.performance.tools.jirasoftwareactions.api.actions.ViewBacklogAction.run(ViewBacklogAction.kt:56) ~[virtual-users.jar:?]
	at com.atlassian.performance.tools.virtualusers.ExploratoryVirtualUser.runWithDiagnostics(ExploratoryVirtualUser.kt:79) ~[virtual-users.jar:?]
	... 9 more
Caused by: org.openqa.selenium.TimeoutException: Expected condition failed: waiting for presence of element located by: By.cssSelector: #ghx-backlog[data-rendered]:not(.browser-metrics-stale) (tried for 30 second(s) with 50 milliseconds interval)
	at org.openqa.selenium.support.ui.WebDriverWait.timeoutException(WebDriverWait.java:81) ~[virtual-users.jar:?]
	at org.openqa.selenium.support.ui.FluentWait.until(FluentWait.java:271) ~[virtual-users.jar:?]
	at com.atlassian.performance.tools.jiraactions.api.page.WebDriverUtils.wait(WebDriverExtension.kt:25) ~[virtual-users.jar:?]
	at com.atlassian.performance.tools.jiraactions.api.page.WebDriverUtils.wait$default(WebDriverExtension.kt:19) ~[virtual-users.jar:?]
	at com.atlassian.performance.tools.jirasoftwareactions.api.page.ViewBacklogPage.waitForBacklog(ViewBacklogPage.kt:12) ~[virtual-users.jar:?]
	at com.atlassian.performance.tools.jirasoftwareactions.api.actions.ViewBacklogAction$run$1.invoke(ViewBacklogAction.kt:60) ~[virtual-users.jar:?]
	at com.atlassian.performance.tools.jirasoftwareactions.api.actions.ViewBacklogAction$run$1.invoke(ViewBacklogAction.kt:15) ~[virtual-users.jar:?]
	at com.atlassian.performance.tools.jiraactions.api.measure.ActionMeter$measure$2.invoke(ActionMeter.kt:80) ~[virtual-users.jar:?]
	at com.atlassian.performance.tools.jiraactions.api.measure.ActionMeter$measure$2.invoke(ActionMeter.kt:25) ~[virtual-users.jar:?]
	at com.atlassian.performance.tools.jiraactions.api.measure.ActionMeter.record(ActionMeter.kt:102) ~[virtual-users.jar:?]
	at com.atlassian.performance.tools.jiraactions.api.measure.ActionMeter.measure(ActionMeter.kt:79) ~[virtual-users.jar:?]
	at com.atlassian.performance.tools.jirasoftwareactions.api.actions.ViewBacklogAction.run(ViewBacklogAction.kt:56) ~[virtual-users.jar:?]
	at com.atlassian.performance.tools.virtualusers.ExploratoryVirtualUser.runWithDiagnostics(ExploratoryVirtualUser.kt:79) ~[virtual-users.jar:?]
	... 9 more
Caused by: org.openqa.selenium.NoSuchElementException: Cannot locate an element using By.cssSelector: #ghx-backlog[data-rendered]:not(.browser-metrics-stale)
For documentation on this error, please visit: http://seleniumhq.org/exceptions/no_such_element.html
Build info: version: 'unknown', revision: 'unknown', time: 'unknown'
System info: host: 'ip-10-0-0-74', ip: '10.0.0.74', os.name: 'Linux', os.arch: 'amd64', os.version: '4.4.0-1067-aws', java.version: '1.8.0_212'
Driver info: driver.version: unknown
	at org.openqa.selenium.support.ui.ExpectedConditions.lambda$findElement$0(ExpectedConditions.java:896) ~[virtual-users.jar:?]
	at java.util.Optional.orElseThrow(Optional.java:290) ~[?:1.8.0_212]
	at org.openqa.selenium.support.ui.ExpectedConditions.findElement(ExpectedConditions.java:895) ~[virtual-users.jar:?]
	at org.openqa.selenium.support.ui.ExpectedConditions.access$000(ExpectedConditions.java:44) ~[virtual-users.jar:?]
	at org.openqa.selenium.support.ui.ExpectedConditions$6.apply(ExpectedConditions.java:183) ~[virtual-users.jar:?]
	at org.openqa.selenium.support.ui.ExpectedConditions$6.apply(ExpectedConditions.java:180) ~[virtual-users.jar:?]
	at org.openqa.selenium.support.ui.FluentWait.until(FluentWait.java:248) ~[virtual-users.jar:?]
	at com.atlassian.performance.tools.jiraactions.api.page.WebDriverUtils.wait(WebDriverExtension.kt:25) ~[virtual-users.jar:?]
	at com.atlassian.performance.tools.jiraactions.api.page.WebDriverUtils.wait$default(WebDriverExtension.kt:19) ~[virtual-users.jar:?]
	at com.atlassian.performance.tools.jirasoftwareactions.api.page.ViewBacklogPage.waitForBacklog(ViewBacklogPage.kt:12) ~[virtual-users.jar:?]
	at com.atlassian.performance.tools.jirasoftwareactions.api.actions.ViewBacklogAction$run$1.invoke(ViewBacklogAction.kt:60) ~[virtual-users.jar:?]
	at com.atlassian.performance.tools.jirasoftwareactions.api.actions.ViewBacklogAction$run$1.invoke(ViewBacklogAction.kt:15) ~[virtual-users.jar:?]
	at com.atlassian.performance.tools.jiraactions.api.measure.ActionMeter$measure$2.invoke(ActionMeter.kt:80) ~[virtual-users.jar:?]
	at com.atlassian.performance.tools.jiraactions.api.measure.ActionMeter$measure$2.invoke(ActionMeter.kt:25) ~[virtual-users.jar:?]
	at com.atlassian.performance.tools.jiraactions.api.measure.ActionMeter.record(ActionMeter.kt:102) ~[virtual-users.jar:?]
	at com.atlassian.performance.tools.jiraactions.api.measure.ActionMeter.measure(ActionMeter.kt:79) ~[virtual-users.jar:?]
	at com.atlassian.performance.tools.jirasoftwareactions.api.actions.ViewBacklogAction.run(ViewBacklogAction.kt:56) ~[virtual-users.jar:?]
	at com.atlassian.performance.tools.virtualusers.ExploratoryVirtualUser.runWithDiagnostics(ExploratoryVirtualUser.kt:79) ~[virtual-users.jar:?]
	... 9 more
2019-07-22T13:11:01,072Z DEBUG {} [applying load #158dce8a-6408-4090-b135-fe82986b9e67] [SeededRandom] Using seed 1563801061
2019-07-22T13:11:01,278Z DEBUG {} [applying load #3e020404-5618-409a-84f4-2ce47d577c13] [SeededRandom] Using seed 1563801061
2019-07-22T13:11:03,657Z DEBUG {} [applying load #8c009f6b-b14f-4117-a7d0-ccbf1385a97b] [SeededRandom] Using seed 1563801063
2019-07-22T13:11:07,728Z DEBUG {} [applying load #3d176a3d-2666-4aae-afc1-6aeb03f35e48] [SeededRandom] Using seed 1563801067
2019-07-22T13:11:18,161Z ERROR {} [applying load #3e495b84-1eb4-438d-9a1c-e9e9a180b08c] [ExploratoryVirtualUser] Failed to run com.atlassian.performance.tools.jiraactions.api.action.SearchJqlAction@5bbbddb8, but we keep running
java.lang.Exception: Failed to run com.atlassian.performance.tools.jiraactions.api.action.SearchJqlAction@5bbbddb8
	at com.atlassian.performance.tools.virtualusers.ExploratoryVirtualUser.runWithDiagnostics(ExploratoryVirtualUser.kt:82) ~[virtual-users.jar:?]
	at com.atlassian.performance.tools.virtualusers.ExploratoryVirtualUser.applyLoad(ExploratoryVirtualUser.kt:56) [virtual-users.jar:?]
	at com.atlassian.performance.tools.virtualusers.LoadTest.applyLoad(LoadTest.kt:164) [virtual-users.jar:?]
	at com.atlassian.performance.tools.virtualusers.LoadTest.access$applyLoad(LoadTest.kt:36) [virtual-users.jar:?]
	at com.atlassian.performance.tools.virtualusers.LoadTest$applyLoad$$inlined$forEach$lambda$1.run(LoadTest.kt:111) [virtual-users.jar:?]
	at java.util.concurrent.Executors$RunnableAdapter.call(Executors.java:511) [?:1.8.0_212]
	at java.util.concurrent.FutureTask.run(FutureTask.java:266) [?:1.8.0_212]
	at java.util.concurrent.ThreadPoolExecutor.runWorker(ThreadPoolExecutor.java:1149) [?:1.8.0_212]
	at java.util.concurrent.ThreadPoolExecutor$Worker.run(ThreadPoolExecutor.java:624) [?:1.8.0_212]
	at java.lang.Thread.run(Thread.java:748) [?:1.8.0_212]
Caused by: java.lang.Exception: Action 'Search with JQL' ERROR
	at com.atlassian.performance.tools.jiraactions.api.measure.ActionMeter.record(ActionMeter.kt:132) ~[virtual-users.jar:?]
	at com.atlassian.performance.tools.jiraactions.api.measure.ActionMeter.measure(ActionMeter.kt:79) ~[virtual-users.jar:?]
	at com.atlassian.performance.tools.jiraactions.api.action.SearchJqlAction.run(SearchJqlAction.kt:21) ~[virtual-users.jar:?]
	at com.atlassian.performance.tools.virtualusers.ExploratoryVirtualUser.runWithDiagnostics(ExploratoryVirtualUser.kt:79) ~[virtual-users.jar:?]
	... 9 more
Caused by: org.openqa.selenium.TimeoutException: Expected condition failed: waiting for at least one condition to be valid: all conditions to be valid: at least one condition to be valid: presence of element located by: By.cssSelector: ol.issue-list || presence of element located by: By.id: issuetable || presence of element located by: By.id: issue-content && presence of element located by: By.id: key-val && presence of element located by: By.className: issue-body-content || presence of element located by: By.className: no-results-hint || at least one condition to be valid: presence of element located by: By.cssSelector: section div.aui-message.error || presence of element located by: By.id: errorPageContainer || presence of element located by: By.cssSelector: div.form-body div.error (tried for 30 second(s) with 50 milliseconds interval)
	at org.openqa.selenium.support.ui.WebDriverWait.timeoutException(WebDriverWait.java:81) ~[virtual-users.jar:?]
	at org.openqa.selenium.support.ui.FluentWait.until(FluentWait.java:271) ~[virtual-users.jar:?]
	at com.atlassian.performance.tools.jiraactions.api.page.WebDriverUtils.wait(WebDriverExtension.kt:25) ~[virtual-users.jar:?]
	at com.atlassian.performance.tools.jiraactions.api.page.WebDriverUtils.wait$default(WebDriverExtension.kt:19) ~[virtual-users.jar:?]
	at com.atlassian.performance.tools.jiraactions.api.page.IssueNavigatorPage.waitForIssueNavigator(IssueNavigatorPage.kt:19) ~[virtual-users.jar:?]
	at com.atlassian.performance.tools.jiraactions.api.action.SearchJqlAction$run$issueNavigatorPage$1.invoke(SearchJqlAction.kt:23) ~[virtual-users.jar:?]
	at com.atlassian.performance.tools.jiraactions.api.action.SearchJqlAction$run$issueNavigatorPage$1.invoke(SearchJqlAction.kt:12) ~[virtual-users.jar:?]
	at com.atlassian.performance.tools.jiraactions.api.measure.ActionMeter$measure$2.invoke(ActionMeter.kt:80) ~[virtual-users.jar:?]
	at com.atlassian.performance.tools.jiraactions.api.measure.ActionMeter$measure$2.invoke(ActionMeter.kt:25) ~[virtual-users.jar:?]
	at com.atlassian.performance.tools.jiraactions.api.measure.ActionMeter.record(ActionMeter.kt:102) ~[virtual-users.jar:?]
	at com.atlassian.performance.tools.jiraactions.api.measure.ActionMeter.measure(ActionMeter.kt:79) ~[virtual-users.jar:?]
	at com.atlassian.performance.tools.jiraactions.api.action.SearchJqlAction.run(SearchJqlAction.kt:21) ~[virtual-users.jar:?]
	at com.atlassian.performance.tools.virtualusers.ExploratoryVirtualUser.runWithDiagnostics(ExploratoryVirtualUser.kt:79) ~[virtual-users.jar:?]
	... 9 more
Caused by: org.openqa.selenium.NoSuchElementException: Cannot locate an element using By.cssSelector: div.form-body div.error
For documentation on this error, please visit: http://seleniumhq.org/exceptions/no_such_element.html
Build info: version: 'unknown', revision: 'unknown', time: 'unknown'
System info: host: 'ip-10-0-0-74', ip: '10.0.0.74', os.name: 'Linux', os.arch: 'amd64', os.version: '4.4.0-1067-aws', java.version: '1.8.0_212'
Driver info: driver.version: unknown
	at org.openqa.selenium.support.ui.ExpectedConditions.lambda$findElement$0(ExpectedConditions.java:896) ~[virtual-users.jar:?]
	at java.util.Optional.orElseThrow(Optional.java:290) ~[?:1.8.0_212]
	at org.openqa.selenium.support.ui.ExpectedConditions.findElement(ExpectedConditions.java:895) ~[virtual-users.jar:?]
	at org.openqa.selenium.support.ui.ExpectedConditions.access$000(ExpectedConditions.java:44) ~[virtual-users.jar:?]
	at org.openqa.selenium.support.ui.ExpectedConditions$6.apply(ExpectedConditions.java:183) ~[virtual-users.jar:?]
	at org.openqa.selenium.support.ui.ExpectedConditions$6.apply(ExpectedConditions.java:180) ~[virtual-users.jar:?]
	at org.openqa.selenium.support.ui.ExpectedConditions$47.apply(ExpectedConditions.java:1427) ~[virtual-users.jar:?]
	at org.openqa.selenium.support.ui.ExpectedConditions$47.apply(ExpectedConditions.java:1421) ~[virtual-users.jar:?]
	at org.openqa.selenium.support.ui.ExpectedConditions$47.apply(ExpectedConditions.java:1427) ~[virtual-users.jar:?]
	at org.openqa.selenium.support.ui.ExpectedConditions$47.apply(ExpectedConditions.java:1421) ~[virtual-users.jar:?]
	at org.openqa.selenium.support.ui.FluentWait.until(FluentWait.java:248) ~[virtual-users.jar:?]
	at com.atlassian.performance.tools.jiraactions.api.page.WebDriverUtils.wait(WebDriverExtension.kt:25) ~[virtual-users.jar:?]
	at com.atlassian.performance.tools.jiraactions.api.page.WebDriverUtils.wait$default(WebDriverExtension.kt:19) ~[virtual-users.jar:?]
	at com.atlassian.performance.tools.jiraactions.api.page.IssueNavigatorPage.waitForIssueNavigator(IssueNavigatorPage.kt:19) ~[virtual-users.jar:?]
	at com.atlassian.performance.tools.jiraactions.api.action.SearchJqlAction$run$issueNavigatorPage$1.invoke(SearchJqlAction.kt:23) ~[virtual-users.jar:?]
	at com.atlassian.performance.tools.jiraactions.api.action.SearchJqlAction$run$issueNavigatorPage$1.invoke(SearchJqlAction.kt:12) ~[virtual-users.jar:?]
	at com.atlassian.performance.tools.jiraactions.api.measure.ActionMeter$measure$2.invoke(ActionMeter.kt:80) ~[virtual-users.jar:?]
	at com.atlassian.performance.tools.jiraactions.api.measure.ActionMeter$measure$2.invoke(ActionMeter.kt:25) ~[virtual-users.jar:?]
	at com.atlassian.performance.tools.jiraactions.api.measure.ActionMeter.record(ActionMeter.kt:102) ~[virtual-users.jar:?]
	at com.atlassian.performance.tools.jiraactions.api.measure.ActionMeter.measure(ActionMeter.kt:79) ~[virtual-users.jar:?]
	at com.atlassian.performance.tools.jiraactions.api.action.SearchJqlAction.run(SearchJqlAction.kt:21) ~[virtual-users.jar:?]
	at com.atlassian.performance.tools.virtualusers.ExploratoryVirtualUser.runWithDiagnostics(ExploratoryVirtualUser.kt:79) ~[virtual-users.jar:?]
	... 9 more
2019-07-22T13:11:28,258Z DEBUG {} [applying load #127a9233-f6b6-4ed6-9a18-8cbd997936d9] [SeededRandom] Using seed 1563801088
2019-07-22T13:11:29,716Z DEBUG {} [applying load #7c013af1-d88e-4c4f-a190-eb6b3e844226] [SeededRandom] Using seed 1563801089
2019-07-22T13:11:34,186Z DEBUG {} [applying load #10a055f4-eac7-4855-9879-49b6a5b400a4] [SeededRandom] Using seed 1563801094
2019-07-22T13:11:38,023Z DEBUG {} [applying load #158dce8a-6408-4090-b135-fe82986b9e67] [SeededRandom] Using seed 1563801098
2019-07-22T13:11:40,267Z DEBUG {} [applying load #facb1f3a-9c68-402b-8a47-b406d1ab1569] [SeededRandom] Using seed 1563801100
2019-07-22T13:11:46,169Z DEBUG {} [applying load #127a9233-f6b6-4ed6-9a18-8cbd997936d9] [SeededRandom] Using seed 1563801106
2019-07-22T13:11:46,411Z DEBUG {} [applying load #3e495b84-1eb4-438d-9a1c-e9e9a180b08c] [SeededRandom] Using seed 1563801106
2019-07-22T13:11:51,294Z DEBUG {} [applying load #7c013af1-d88e-4c4f-a190-eb6b3e844226] [SeededRandom] Using seed 1563801111
2019-07-22T13:11:52,574Z DEBUG {} [applying load #582b4d8d-21f1-48a2-9e11-3867d69d2c44] [SeededRandom] Using seed 1563801112
2019-07-22T13:12:02,266Z DEBUG {} [applying load #5170d8df-0f36-4de4-acba-d7d1e32b9f81] [SeededRandom] Using seed 1563801122
2019-07-22T13:12:03,805Z DEBUG {} [applying load #3e020404-5618-409a-84f4-2ce47d577c13] [SeededRandom] Using seed 1563801123
2019-07-22T13:12:09,186Z DEBUG {} [applying load #127a9233-f6b6-4ed6-9a18-8cbd997936d9] [SeededRandom] Using seed 1563801129
2019-07-22T13:12:15,078Z DEBUG {} [applying load #127a9233-f6b6-4ed6-9a18-8cbd997936d9] [SeededRandom] Using seed 1563801135
2019-07-22T13:12:25,787Z DEBUG {} [applying load #10a055f4-eac7-4855-9879-49b6a5b400a4] [SeededRandom] Using seed 1563801145
2019-07-22T13:12:28,385Z DEBUG {} [applying load #8c009f6b-b14f-4117-a7d0-ccbf1385a97b] [SeededRandom] Using seed 1563801148
2019-07-22T13:12:37,427Z DEBUG {} [applying load #127a9233-f6b6-4ed6-9a18-8cbd997936d9] [SeededRandom] Using seed 1563801157
2019-07-22T13:12:42,548Z DEBUG {} [applying load #158dce8a-6408-4090-b135-fe82986b9e67] [SeededRandom] Using seed 1563801162
2019-07-22T13:12:43,655Z DEBUG {} [applying load #5170d8df-0f36-4de4-acba-d7d1e32b9f81] [SeededRandom] Using seed 1563801163
2019-07-22T13:12:48,250Z DEBUG {} [applying load #582b4d8d-21f1-48a2-9e11-3867d69d2c44] [SeededRandom] Using seed 1563801168
2019-07-22T13:12:57,753Z DEBUG {} [applying load #582b4d8d-21f1-48a2-9e11-3867d69d2c44] [SeededRandom] Using seed 1563801177
2019-07-22T13:12:59,718Z DEBUG {} [applying load #5170d8df-0f36-4de4-acba-d7d1e32b9f81] [SeededRandom] Using seed 1563801179
2019-07-22T13:13:03,567Z DEBUG {} [applying load #facb1f3a-9c68-402b-8a47-b406d1ab1569] [SeededRandom] Using seed 1563801183
2019-07-22T13:13:09,092Z DEBUG {} [applying load #5170d8df-0f36-4de4-acba-d7d1e32b9f81] [SeededRandom] Using seed 1563801189
2019-07-22T13:13:18,051Z DEBUG {} [applying load #127a9233-f6b6-4ed6-9a18-8cbd997936d9] [SeededRandom] Using seed 1563801198
2019-07-22T13:13:24,567Z DEBUG {} [applying load #127a9233-f6b6-4ed6-9a18-8cbd997936d9] [SeededRandom] Using seed 1563801204
2019-07-22T13:13:45,356Z DEBUG {} [applying load #127a9233-f6b6-4ed6-9a18-8cbd997936d9] [SeededRandom] Using seed 1563801225
2019-07-22T13:13:50,056Z DEBUG {} [applying load #7c013af1-d88e-4c4f-a190-eb6b3e844226] [SeededRandom] Using seed 1563801230
2019-07-22T13:13:51,691Z INFO  {} [] [LoadTest] Closing segments
2019-07-22T13:13:51,723Z ERROR {} [applying load #7c013af1-d88e-4c4f-a190-eb6b3e844226] [ExploratoryVirtualUser] Failed to run com.atlassian.performance.tools.jiraactions.api.action.CreateIssueAction@1b6e8db, but we keep running
java.lang.Exception: Failed to run com.atlassian.performance.tools.jiraactions.api.action.CreateIssueAction@1b6e8db
	at com.atlassian.performance.tools.virtualusers.ExploratoryVirtualUser.runWithDiagnostics(ExploratoryVirtualUser.kt:82) ~[virtual-users.jar:?]
	at com.atlassian.performance.tools.virtualusers.ExploratoryVirtualUser.applyLoad(ExploratoryVirtualUser.kt:56) [virtual-users.jar:?]
	at com.atlassian.performance.tools.virtualusers.LoadTest.applyLoad(LoadTest.kt:164) [virtual-users.jar:?]
	at com.atlassian.performance.tools.virtualusers.LoadTest.access$applyLoad(LoadTest.kt:36) [virtual-users.jar:?]
	at com.atlassian.performance.tools.virtualusers.LoadTest$applyLoad$$inlined$forEach$lambda$1.run(LoadTest.kt:111) [virtual-users.jar:?]
	at java.util.concurrent.Executors$RunnableAdapter.call(Executors.java:511) [?:1.8.0_212]
	at java.util.concurrent.FutureTask.run(FutureTask.java:266) [?:1.8.0_212]
	at java.util.concurrent.ThreadPoolExecutor.runWorker(ThreadPoolExecutor.java:1149) [?:1.8.0_212]
	at java.util.concurrent.ThreadPoolExecutor$Worker.run(ThreadPoolExecutor.java:624) [?:1.8.0_212]
	at java.lang.Thread.run(Thread.java:748) [?:1.8.0_212]
Caused by: java.io.IOException: Stream closed
	at java.io.BufferedWriter.ensureOpen(BufferedWriter.java:116) ~[?:1.8.0_212]
	at java.io.BufferedWriter.write(BufferedWriter.java:221) ~[?:1.8.0_212]
	at java.io.Writer.write(Writer.java:157) ~[?:1.8.0_212]
	at java.io.Writer.append(Writer.java:227) ~[?:1.8.0_212]
	at java.io.Writer.append(Writer.java:50) ~[?:1.8.0_212]
	at com.atlassian.performance.tools.jiraactions.api.measure.output.AppendableActionMetricOutput.write(AppendableActionMetricOutput.kt:15) ~[virtual-users.jar:?]
	at com.atlassian.performance.tools.jiraactions.api.measure.ActionMeter.record(ActionMeter.kt:122) ~[virtual-users.jar:?]
	at com.atlassian.performance.tools.jiraactions.api.measure.ActionMeter.measure(ActionMeter.kt:79) ~[virtual-users.jar:?]
	at com.atlassian.performance.tools.jiraactions.api.measure.ActionMeter.measure(ActionMeter.kt:57) ~[virtual-users.jar:?]
	at com.atlassian.performance.tools.jiraactions.api.action.CreateIssueAction.run(CreateIssueAction.kt:23) ~[virtual-users.jar:?]
	at com.atlassian.performance.tools.virtualusers.ExploratoryVirtualUser.runWithDiagnostics(ExploratoryVirtualUser.kt:79) ~[virtual-users.jar:?]
	... 9 more
2019-07-22T13:13:51,724Z INFO  {} [applying load #7c013af1-d88e-4c4f-a190-eb6b3e844226] [ExploratoryVirtualUser] Done applying load
2019-07-22T13:13:51,788Z ERROR {} [applying load #3e020404-5618-409a-84f4-2ce47d577c13] [ExploratoryVirtualUser] Failed to run com.atlassian.performance.tools.jiraactions.api.action.SearchJqlAction@7ee08c57, but we keep running
java.lang.Exception: Failed to run com.atlassian.performance.tools.jiraactions.api.action.SearchJqlAction@7ee08c57
	at com.atlassian.performance.tools.virtualusers.ExploratoryVirtualUser.runWithDiagnostics(ExploratoryVirtualUser.kt:82) ~[virtual-users.jar:?]
	at com.atlassian.performance.tools.virtualusers.ExploratoryVirtualUser.applyLoad(ExploratoryVirtualUser.kt:56) [virtual-users.jar:?]
	at com.atlassian.performance.tools.virtualusers.LoadTest.applyLoad(LoadTest.kt:164) [virtual-users.jar:?]
	at com.atlassian.performance.tools.virtualusers.LoadTest.access$applyLoad(LoadTest.kt:36) [virtual-users.jar:?]
	at com.atlassian.performance.tools.virtualusers.LoadTest$applyLoad$$inlined$forEach$lambda$1.run(LoadTest.kt:111) [virtual-users.jar:?]
	at java.util.concurrent.Executors$RunnableAdapter.call(Executors.java:511) [?:1.8.0_212]
	at java.util.concurrent.FutureTask.run(FutureTask.java:266) [?:1.8.0_212]
	at java.util.concurrent.ThreadPoolExecutor.runWorker(ThreadPoolExecutor.java:1149) [?:1.8.0_212]
	at java.util.concurrent.ThreadPoolExecutor$Worker.run(ThreadPoolExecutor.java:624) [?:1.8.0_212]
	at java.lang.Thread.run(Thread.java:748) [?:1.8.0_212]
Caused by: org.openqa.selenium.NoSuchSessionException: invalid session id
  (Driver info: chromedriver=2.43.600233 (523efee95e3d68b8719b3a1c83051aa63aa6b10d),platform=Linux 4.4.0-1067-aws x86_64) (WARNING: The server did not provide any stacktrace information)
Command duration or timeout: 0 milliseconds
Build info: version: 'unknown', revision: 'unknown', time: 'unknown'
System info: host: 'ip-10-0-0-74', ip: '10.0.0.74', os.name: 'Linux', os.arch: 'amd64', os.version: '4.4.0-1067-aws', java.version: '1.8.0_212'
Driver info: org.openqa.selenium.chrome.ChromeDriver
Capabilities {acceptInsecureCerts: false, acceptSslCerts: false, applicationCacheEnabled: false, browserConnectionEnabled: false, browserName: chrome, chrome: {chromedriverVersion: 2.43.600233 (523efee95e3d68..., userDataDir: /tmp/.org.chromium.Chromium...}, cssSelectorsEnabled: true, databaseEnabled: false, goog:chromeOptions: {debuggerAddress: localhost:35275}, handlesAlerts: true, hasTouchScreen: false, javascriptEnabled: true, locationContextEnabled: true, mobileEmulationEnabled: false, nativeEvents: true, networkConnectionEnabled: false, pageLoadStrategy: normal, platform: LINUX, platformName: LINUX, rotatable: false, setWindowRect: true, takesHeapSnapshot: true, takesScreenshot: true, unexpectedAlertBehaviour: , unhandledPromptBehavior: , version: 69.0.3497.0, webStorageEnabled: true}
Session ID: 73ab457c0a0e6c6aaeeb6a404be6fa03
	at sun.reflect.NativeConstructorAccessorImpl.newInstance0(Native Method) ~[?:1.8.0_212]
	at sun.reflect.NativeConstructorAccessorImpl.newInstance(NativeConstructorAccessorImpl.java:62) ~[?:1.8.0_212]
	at sun.reflect.DelegatingConstructorAccessorImpl.newInstance(DelegatingConstructorAccessorImpl.java:45) ~[?:1.8.0_212]
	at java.lang.reflect.Constructor.newInstance(Constructor.java:423) ~[?:1.8.0_212]
	at org.openqa.selenium.remote.ErrorHandler.createThrowable(ErrorHandler.java:214) ~[virtual-users.jar:?]
	at org.openqa.selenium.remote.ErrorHandler.throwIfResponseFailed(ErrorHandler.java:166) ~[virtual-users.jar:?]
	at org.openqa.selenium.remote.http.JsonHttpResponseCodec.reconstructValue(JsonHttpResponseCodec.java:40) ~[virtual-users.jar:?]
	at org.openqa.selenium.remote.http.AbstractHttpResponseCodec.decode(AbstractHttpResponseCodec.java:80) ~[virtual-users.jar:?]
	at org.openqa.selenium.remote.http.AbstractHttpResponseCodec.decode(AbstractHttpResponseCodec.java:44) ~[virtual-users.jar:?]
	at org.openqa.selenium.remote.HttpCommandExecutor.execute(HttpCommandExecutor.java:158) ~[virtual-users.jar:?]
	at org.openqa.selenium.remote.service.DriverCommandExecutor.execute(DriverCommandExecutor.java:83) ~[virtual-users.jar:?]
	at org.openqa.selenium.remote.RemoteWebDriver.execute(RemoteWebDriver.java:545) ~[virtual-users.jar:?]
	at org.openqa.selenium.remote.RemoteWebElement.execute(RemoteWebElement.java:279) ~[virtual-users.jar:?]
	at org.openqa.selenium.remote.RemoteWebElement.getText(RemoteWebElement.java:160) ~[virtual-users.jar:?]
	at com.atlassian.performance.tools.jiraactions.api.page.IssueNavigatorPage.getIssueKeys(IssueNavigatorPage.kt:41) ~[virtual-users.jar:?]
	at com.atlassian.performance.tools.jiraactions.api.action.SearchJqlAction.run(SearchJqlAction.kt:26) ~[virtual-users.jar:?]
	at com.atlassian.performance.tools.virtualusers.ExploratoryVirtualUser.runWithDiagnostics(ExploratoryVirtualUser.kt:79) ~[virtual-users.jar:?]
	... 9 more
2019-07-22T13:13:51,789Z INFO  {} [applying load #3e020404-5618-409a-84f4-2ce47d577c13] [ExploratoryVirtualUser] Done applying load
2019-07-22T13:13:51,806Z ERROR {} [applying load #8c009f6b-b14f-4117-a7d0-ccbf1385a97b] [ExploratoryVirtualUser] Failed to run com.atlassian.performance.tools.jiraactions.api.action.SearchJqlAction@6f34a77d, but we keep running
java.lang.Exception: Failed to run com.atlassian.performance.tools.jiraactions.api.action.SearchJqlAction@6f34a77d
	at com.atlassian.performance.tools.virtualusers.ExploratoryVirtualUser.runWithDiagnostics(ExploratoryVirtualUser.kt:82) ~[virtual-users.jar:?]
	at com.atlassian.performance.tools.virtualusers.ExploratoryVirtualUser.applyLoad(ExploratoryVirtualUser.kt:56) [virtual-users.jar:?]
	at com.atlassian.performance.tools.virtualusers.LoadTest.applyLoad(LoadTest.kt:164) [virtual-users.jar:?]
	at com.atlassian.performance.tools.virtualusers.LoadTest.access$applyLoad(LoadTest.kt:36) [virtual-users.jar:?]
	at com.atlassian.performance.tools.virtualusers.LoadTest$applyLoad$$inlined$forEach$lambda$1.run(LoadTest.kt:111) [virtual-users.jar:?]
	at java.util.concurrent.Executors$RunnableAdapter.call(Executors.java:511) [?:1.8.0_212]
	at java.util.concurrent.FutureTask.run(FutureTask.java:266) [?:1.8.0_212]
	at java.util.concurrent.ThreadPoolExecutor.runWorker(ThreadPoolExecutor.java:1149) [?:1.8.0_212]
	at java.util.concurrent.ThreadPoolExecutor$Worker.run(ThreadPoolExecutor.java:624) [?:1.8.0_212]
	at java.lang.Thread.run(Thread.java:748) [?:1.8.0_212]
Caused by: java.io.IOException: Stream closed
	at java.io.BufferedWriter.ensureOpen(BufferedWriter.java:116) ~[?:1.8.0_212]
	at java.io.BufferedWriter.write(BufferedWriter.java:221) ~[?:1.8.0_212]
	at java.io.Writer.write(Writer.java:157) ~[?:1.8.0_212]
	at java.io.Writer.append(Writer.java:227) ~[?:1.8.0_212]
	at java.io.Writer.append(Writer.java:50) ~[?:1.8.0_212]
	at com.atlassian.performance.tools.jiraactions.api.measure.output.AppendableActionMetricOutput.write(AppendableActionMetricOutput.kt:15) ~[virtual-users.jar:?]
	at com.atlassian.performance.tools.jiraactions.api.measure.ActionMeter.record(ActionMeter.kt:122) ~[virtual-users.jar:?]
	at com.atlassian.performance.tools.jiraactions.api.measure.ActionMeter.measure(ActionMeter.kt:79) ~[virtual-users.jar:?]
	at com.atlassian.performance.tools.jiraactions.api.action.SearchJqlAction.run(SearchJqlAction.kt:21) ~[virtual-users.jar:?]
	at com.atlassian.performance.tools.virtualusers.ExploratoryVirtualUser.runWithDiagnostics(ExploratoryVirtualUser.kt:79) ~[virtual-users.jar:?]
	... 9 more
2019-07-22T13:13:51,807Z INFO  {} [applying load #8c009f6b-b14f-4117-a7d0-ccbf1385a97b] [ExploratoryVirtualUser] Done applying load
2019-07-22T13:13:51,820Z ERROR {} [applying load #10a055f4-eac7-4855-9879-49b6a5b400a4] [ExploratoryVirtualUser] Failed to run com.atlassian.performance.tools.jiraactions.api.action.ViewIssueAction@3bd4b3b0, but we keep running
java.lang.Exception: Failed to run com.atlassian.performance.tools.jiraactions.api.action.ViewIssueAction@3bd4b3b0
	at com.atlassian.performance.tools.virtualusers.ExploratoryVirtualUser.runWithDiagnostics(ExploratoryVirtualUser.kt:82) ~[virtual-users.jar:?]
	at com.atlassian.performance.tools.virtualusers.ExploratoryVirtualUser.applyLoad(ExploratoryVirtualUser.kt:56) [virtual-users.jar:?]
	at com.atlassian.performance.tools.virtualusers.LoadTest.applyLoad(LoadTest.kt:164) [virtual-users.jar:?]
	at com.atlassian.performance.tools.virtualusers.LoadTest.access$applyLoad(LoadTest.kt:36) [virtual-users.jar:?]
	at com.atlassian.performance.tools.virtualusers.LoadTest$applyLoad$$inlined$forEach$lambda$1.run(LoadTest.kt:111) [virtual-users.jar:?]
	at java.util.concurrent.Executors$RunnableAdapter.call(Executors.java:511) [?:1.8.0_212]
	at java.util.concurrent.FutureTask.run(FutureTask.java:266) [?:1.8.0_212]
	at java.util.concurrent.ThreadPoolExecutor.runWorker(ThreadPoolExecutor.java:1149) [?:1.8.0_212]
	at java.util.concurrent.ThreadPoolExecutor$Worker.run(ThreadPoolExecutor.java:624) [?:1.8.0_212]
	at java.lang.Thread.run(Thread.java:748) [?:1.8.0_212]
Caused by: java.io.IOException: Stream closed
	at java.io.BufferedWriter.ensureOpen(BufferedWriter.java:116) ~[?:1.8.0_212]
	at java.io.BufferedWriter.write(BufferedWriter.java:221) ~[?:1.8.0_212]
	at java.io.Writer.write(Writer.java:157) ~[?:1.8.0_212]
	at java.io.Writer.append(Writer.java:227) ~[?:1.8.0_212]
	at java.io.Writer.append(Writer.java:50) ~[?:1.8.0_212]
	at com.atlassian.performance.tools.jiraactions.api.measure.output.AppendableActionMetricOutput.write(AppendableActionMetricOutput.kt:15) ~[virtual-users.jar:?]
	at com.atlassian.performance.tools.jiraactions.api.measure.ActionMeter.record(ActionMeter.kt:122) ~[virtual-users.jar:?]
	at com.atlassian.performance.tools.jiraactions.api.measure.ActionMeter.measure(ActionMeter.kt:79) ~[virtual-users.jar:?]
	at com.atlassian.performance.tools.jiraactions.api.measure.ActionMeter.measure(ActionMeter.kt:57) ~[virtual-users.jar:?]
	at com.atlassian.performance.tools.jiraactions.api.action.ViewIssueAction.run(ViewIssueAction.kt:28) ~[virtual-users.jar:?]
	at com.atlassian.performance.tools.virtualusers.ExploratoryVirtualUser.runWithDiagnostics(ExploratoryVirtualUser.kt:79) ~[virtual-users.jar:?]
	... 9 more
2019-07-22T13:13:51,820Z INFO  {} [applying load #10a055f4-eac7-4855-9879-49b6a5b400a4] [ExploratoryVirtualUser] Done applying load
2019-07-22T13:13:51,862Z ERROR {} [applying load #127a9233-f6b6-4ed6-9a18-8cbd997936d9] [ExploratoryVirtualUser] Failed to run com.atlassian.performance.tools.jirasoftwareactions.api.actions.ViewBoardAction@4f53af1a, but we keep running
java.lang.Exception: Failed to run com.atlassian.performance.tools.jirasoftwareactions.api.actions.ViewBoardAction@4f53af1a
	at com.atlassian.performance.tools.virtualusers.ExploratoryVirtualUser.runWithDiagnostics(ExploratoryVirtualUser.kt:82) ~[virtual-users.jar:?]
	at com.atlassian.performance.tools.virtualusers.ExploratoryVirtualUser.applyLoad(ExploratoryVirtualUser.kt:56) [virtual-users.jar:?]
	at com.atlassian.performance.tools.virtualusers.LoadTest.applyLoad(LoadTest.kt:164) [virtual-users.jar:?]
	at com.atlassian.performance.tools.virtualusers.LoadTest.access$applyLoad(LoadTest.kt:36) [virtual-users.jar:?]
	at com.atlassian.performance.tools.virtualusers.LoadTest$applyLoad$$inlined$forEach$lambda$1.run(LoadTest.kt:111) [virtual-users.jar:?]
	at java.util.concurrent.Executors$RunnableAdapter.call(Executors.java:511) [?:1.8.0_212]
	at java.util.concurrent.FutureTask.run(FutureTask.java:266) [?:1.8.0_212]
	at java.util.concurrent.ThreadPoolExecutor.runWorker(ThreadPoolExecutor.java:1149) [?:1.8.0_212]
	at java.util.concurrent.ThreadPoolExecutor$Worker.run(ThreadPoolExecutor.java:624) [?:1.8.0_212]
	at java.lang.Thread.run(Thread.java:748) [?:1.8.0_212]
Caused by: java.io.IOException: Stream closed
	at java.io.BufferedWriter.ensureOpen(BufferedWriter.java:116) ~[?:1.8.0_212]
	at java.io.BufferedWriter.write(BufferedWriter.java:221) ~[?:1.8.0_212]
	at java.io.Writer.write(Writer.java:157) ~[?:1.8.0_212]
	at java.io.Writer.append(Writer.java:227) ~[?:1.8.0_212]
	at java.io.Writer.append(Writer.java:50) ~[?:1.8.0_212]
	at com.atlassian.performance.tools.jiraactions.api.measure.output.AppendableActionMetricOutput.write(AppendableActionMetricOutput.kt:15) ~[virtual-users.jar:?]
	at com.atlassian.performance.tools.jiraactions.api.measure.ActionMeter.record(ActionMeter.kt:122) ~[virtual-users.jar:?]
	at com.atlassian.performance.tools.jiraactions.api.measure.ActionMeter.measure(ActionMeter.kt:79) ~[virtual-users.jar:?]
	at com.atlassian.performance.tools.jirasoftwareactions.api.actions.ViewBoardAction.run(ViewBoardAction.kt:57) ~[virtual-users.jar:?]
	at com.atlassian.performance.tools.virtualusers.ExploratoryVirtualUser.runWithDiagnostics(ExploratoryVirtualUser.kt:79) ~[virtual-users.jar:?]
	... 9 more
2019-07-22T13:13:51,863Z INFO  {} [applying load #127a9233-f6b6-4ed6-9a18-8cbd997936d9] [ExploratoryVirtualUser] Done applying load
2019-07-22T13:13:52,068Z INFO  {} [applying load #158dce8a-6408-4090-b135-fe82986b9e67] [ExploratoryVirtualUser] Done applying load
2019-07-22T13:13:53,393Z INFO  {} [applying load #582b4d8d-21f1-48a2-9e11-3867d69d2c44] [ExploratoryVirtualUser] Done applying load
2019-07-22T13:13:54,365Z INFO  {} [applying load #facb1f3a-9c68-402b-8a47-b406d1ab1569] [ExploratoryVirtualUser] Done applying load
2019-07-22T13:14:21,715Z WARN  {} [] [Companion] Failed to close WebDriver
java.util.concurrent.TimeoutException: null
	at java.util.concurrent.FutureTask.get(FutureTask.java:205) ~[?:1.8.0_212]
	at com.atlassian.performance.tools.virtualusers.LoadSegment.close(LoadSegment.kt:31) [virtual-users.jar:?]
	at com.atlassian.performance.tools.virtualusers.LoadTest$close$1$1.run(LoadTest.kt:204) [virtual-users.jar:?]
	at java.util.concurrent.Executors$RunnableAdapter.call(Executors.java:511) [?:1.8.0_212]
	at java.util.concurrent.FutureTask.run(FutureTask.java:266) [?:1.8.0_212]
	at java.util.concurrent.ThreadPoolExecutor.runWorker(ThreadPoolExecutor.java:1149) [?:1.8.0_212]
	at java.util.concurrent.ThreadPoolExecutor$Worker.run(ThreadPoolExecutor.java:624) [?:1.8.0_212]
	at java.lang.Thread.run(Thread.java:748) [?:1.8.0_212]
2019-07-22T13:14:21,715Z WARN  {} [] [Companion] Failed to close WebDriver
java.util.concurrent.TimeoutException: null
	at java.util.concurrent.FutureTask.get(FutureTask.java:205) ~[?:1.8.0_212]
	at com.atlassian.performance.tools.virtualusers.LoadSegment.close(LoadSegment.kt:31) [virtual-users.jar:?]
	at com.atlassian.performance.tools.virtualusers.LoadTest$close$1$1.run(LoadTest.kt:204) [virtual-users.jar:?]
	at java.util.concurrent.Executors$RunnableAdapter.call(Executors.java:511) [?:1.8.0_212]
	at java.util.concurrent.FutureTask.run(FutureTask.java:266) [?:1.8.0_212]
	at java.util.concurrent.ThreadPoolExecutor.runWorker(ThreadPoolExecutor.java:1149) [?:1.8.0_212]
	at java.util.concurrent.ThreadPoolExecutor$Worker.run(ThreadPoolExecutor.java:624) [?:1.8.0_212]
	at java.lang.Thread.run(Thread.java:748) [?:1.8.0_212]
2019-07-22T13:14:21,715Z WARN  {} [] [Companion] Failed to close WebDriver
java.util.concurrent.TimeoutException: null
	at java.util.concurrent.FutureTask.get(FutureTask.java:205) ~[?:1.8.0_212]
	at com.atlassian.performance.tools.virtualusers.LoadSegment.close(LoadSegment.kt:31) [virtual-users.jar:?]
	at com.atlassian.performance.tools.virtualusers.LoadTest$close$1$1.run(LoadTest.kt:204) [virtual-users.jar:?]
	at java.util.concurrent.Executors$RunnableAdapter.call(Executors.java:511) [?:1.8.0_212]
	at java.util.concurrent.FutureTask.run(FutureTask.java:266) [?:1.8.0_212]
	at java.util.concurrent.ThreadPoolExecutor.runWorker(ThreadPoolExecutor.java:1149) [?:1.8.0_212]
	at java.util.concurrent.ThreadPoolExecutor$Worker.run(ThreadPoolExecutor.java:624) [?:1.8.0_212]
	at java.lang.Thread.run(Thread.java:748) [?:1.8.0_212]
2019-07-22T13:14:21,716Z WARN  {} [] [Companion] Failed to close WebDriver
java.util.concurrent.TimeoutException: null
	at java.util.concurrent.FutureTask.get(FutureTask.java:205) ~[?:1.8.0_212]
	at com.atlassian.performance.tools.virtualusers.LoadSegment.close(LoadSegment.kt:31) [virtual-users.jar:?]
	at com.atlassian.performance.tools.virtualusers.LoadTest$close$1$1.run(LoadTest.kt:204) [virtual-users.jar:?]
	at java.util.concurrent.Executors$RunnableAdapter.call(Executors.java:511) [?:1.8.0_212]
	at java.util.concurrent.FutureTask.run(FutureTask.java:266) [?:1.8.0_212]
	at java.util.concurrent.ThreadPoolExecutor.runWorker(ThreadPoolExecutor.java:1149) [?:1.8.0_212]
	at java.util.concurrent.ThreadPoolExecutor$Worker.run(ThreadPoolExecutor.java:624) [?:1.8.0_212]
	at java.lang.Thread.run(Thread.java:748) [?:1.8.0_212]
2019-07-22T13:14:21,716Z INFO  {} [] [LoadTest] Segments closed
2019-07-22T13:14:21,725Z DEBUG {} [] [LoadTest] Dumped node's counts to test-results/nodes.csv
