2019-05-18T16:31:18,535Z DEBUG {} [] [SeededRandom] Using seed 12345
2019-05-18T16:31:18,543Z INFO  {} [] [LoadTest] Holding for PT1M7.5S.
2019-05-18T16:32:26,045Z DEBUG {} [] [LoadTest] Skipped the setup
2019-05-18T16:32:26,070Z DEBUG {} [] [GoogleChrome] Starting Chrome
2019-05-18T16:32:27,047Z DEBUG {} [] [GoogleChrome] Starting Chrome
2019-05-18T16:32:27,371Z DEBUG {} [] [GoogleChrome] Starting Chrome
2019-05-18T16:32:27,696Z DEBUG {} [] [GoogleChrome] Starting Chrome
2019-05-18T16:32:28,019Z DEBUG {} [] [GoogleChrome] Starting Chrome
2019-05-18T16:32:28,336Z DEBUG {} [] [GoogleChrome] Starting Chrome
2019-05-18T16:32:28,677Z DEBUG {} [] [GoogleChrome] Starting Chrome
2019-05-18T16:32:29,009Z DEBUG {} [] [GoogleChrome] Starting Chrome
2019-05-18T16:32:29,353Z DEBUG {} [] [GoogleChrome] Starting Chrome
2019-05-18T16:32:29,671Z DEBUG {} [] [GoogleChrome] Starting Chrome
2019-05-18T16:32:29,994Z DEBUG {} [] [GoogleChrome] Starting Chrome
2019-05-18T16:32:30,339Z DEBUG {} [] [GoogleChrome] Starting Chrome
2019-05-18T16:32:31,063Z DEBUG {} [applying load #f251d700-f961-43d7-a244-8983219cd61a, create user via REST] [TaskTimer] The task took PT0.334S
2019-05-18T16:32:31,064Z INFO  {} [applying load #f251d700-f961-43d7-a244-8983219cd61a] [RestUserGenerator] Created a new user jpt-d4459a7f-8021-4d58-a55d-4d9abe2c4716
2019-05-18T16:32:31,065Z INFO  {} [applying load #f251d700-f961-43d7-a244-8983219cd61a] [LoadTest] Waiting for PT5.856S
2019-05-18T16:32:31,123Z DEBUG {} [applying load #7634a13c-bec5-43db-9c02-11f5b20af505, create user via REST] [TaskTimer] The task took PT0.396S
2019-05-18T16:32:31,124Z INFO  {} [applying load #7634a13c-bec5-43db-9c02-11f5b20af505] [RestUserGenerator] Created a new user jpt-b4b76821-c290-4a71-8a61-02b63f56eb74
2019-05-18T16:32:31,124Z INFO  {} [applying load #7634a13c-bec5-43db-9c02-11f5b20af505] [LoadTest] Waiting for PT6.422S
2019-05-18T16:32:31,161Z DEBUG {} [applying load #559b5fb4-bceb-465b-9abc-497e31fa53e0, create user via REST] [TaskTimer] The task took PT0.434S
2019-05-18T16:32:31,162Z INFO  {} [applying load #559b5fb4-bceb-465b-9abc-497e31fa53e0] [RestUserGenerator] Created a new user jpt-33ee8f54-e4ec-4f2f-9798-01b49d0664ba
2019-05-18T16:32:31,162Z INFO  {} [applying load #559b5fb4-bceb-465b-9abc-497e31fa53e0] [LoadTest] Waiting for PT0.759S
2019-05-18T16:32:31,937Z DEBUG {} [applying load #559b5fb4-bceb-465b-9abc-497e31fa53e0] [SeededRandom] Using seed 6674089274190705457
2019-05-18T16:32:31,984Z INFO  {} [applying load #559b5fb4-bceb-465b-9abc-497e31fa53e0] [ExploratoryVirtualUser] Applying load...
2019-05-18T16:32:33,147Z DEBUG {} [applying load #d2b1ad2b-061a-4150-b96d-11a848f2957a, create user via REST] [TaskTimer] The task took PT2.42S
2019-05-18T16:32:33,147Z INFO  {} [applying load #d2b1ad2b-061a-4150-b96d-11a848f2957a] [RestUserGenerator] Created a new user jpt-12b9eb67-6738-40e3-ac66-d2934d7d3533
2019-05-18T16:32:33,148Z INFO  {} [applying load #d2b1ad2b-061a-4150-b96d-11a848f2957a] [LoadTest] Waiting for PT0.648S
2019-05-18T16:32:33,164Z DEBUG {} [applying load #91feac14-8c9f-430a-aad3-4afc2fe94a34, create user via REST] [TaskTimer] The task took PT2.437S
2019-05-18T16:32:33,165Z INFO  {} [applying load #91feac14-8c9f-430a-aad3-4afc2fe94a34] [RestUserGenerator] Created a new user jpt-08b6a78e-39ff-4147-91d0-3acc279a3eda
2019-05-18T16:32:33,166Z INFO  {} [applying load #91feac14-8c9f-430a-aad3-4afc2fe94a34] [LoadTest] Waiting for PT3.13S
2019-05-18T16:32:33,796Z DEBUG {} [applying load #d2b1ad2b-061a-4150-b96d-11a848f2957a] [SeededRandom] Using seed -1528963862231680626
2019-05-18T16:32:33,797Z INFO  {} [applying load #d2b1ad2b-061a-4150-b96d-11a848f2957a] [ExploratoryVirtualUser] Applying load...
2019-05-18T16:32:34,380Z DEBUG {} [applying load #7a27b16a-58cd-4d9c-9059-0596a0e4b87b, create user via REST] [TaskTimer] The task took PT3.653S
2019-05-18T16:32:34,381Z INFO  {} [applying load #7a27b16a-58cd-4d9c-9059-0596a0e4b87b] [RestUserGenerator] Created a new user jpt-5d0886aa-38d0-419a-9c34-809c6e13403e
2019-05-18T16:32:34,382Z WARN  {} [applying load #7a27b16a-58cd-4d9c-9059-0596a0e4b87b] [LoadTest] Ramp time prolonged by user generation by PT1.21S
2019-05-18T16:32:34,382Z DEBUG {} [applying load #7a27b16a-58cd-4d9c-9059-0596a0e4b87b] [SeededRandom] Using seed 6022414958441676900
2019-05-18T16:32:34,382Z INFO  {} [applying load #7a27b16a-58cd-4d9c-9059-0596a0e4b87b] [ExploratoryVirtualUser] Applying load...
2019-05-18T16:32:34,388Z DEBUG {} [applying load #cfc0fc31-6ecf-4427-832a-37f5194e0242, create user via REST] [TaskTimer] The task took PT3.661S
2019-05-18T16:32:34,389Z INFO  {} [applying load #cfc0fc31-6ecf-4427-832a-37f5194e0242] [RestUserGenerator] Created a new user jpt-79b6d2ff-70df-42c1-b89c-cea2752b7097
2019-05-18T16:32:34,389Z WARN  {} [applying load #cfc0fc31-6ecf-4427-832a-37f5194e0242] [LoadTest] Ramp time prolonged by user generation by PT1.843S
2019-05-18T16:32:34,390Z DEBUG {} [applying load #cfc0fc31-6ecf-4427-832a-37f5194e0242] [SeededRandom] Using seed 651833349628731322
2019-05-18T16:32:34,390Z INFO  {} [applying load #cfc0fc31-6ecf-4427-832a-37f5194e0242] [ExploratoryVirtualUser] Applying load...
2019-05-18T16:32:34,412Z DEBUG {} [applying load #f2004877-5991-4813-927d-caa8cb5d034f, create user via REST] [TaskTimer] The task took PT3.685S
2019-05-18T16:32:34,412Z INFO  {} [applying load #f2004877-5991-4813-927d-caa8cb5d034f] [RestUserGenerator] Created a new user jpt-fef6aa21-9fe1-4065-b9f8-ac350623d9ba
2019-05-18T16:32:34,413Z WARN  {} [applying load #f2004877-5991-4813-927d-caa8cb5d034f] [LoadTest] Ramp time prolonged by user generation by PT3.116S
2019-05-18T16:32:34,413Z DEBUG {} [applying load #f2004877-5991-4813-927d-caa8cb5d034f] [SeededRandom] Using seed 8265573421575953197
2019-05-18T16:32:34,414Z INFO  {} [applying load #f2004877-5991-4813-927d-caa8cb5d034f] [ExploratoryVirtualUser] Applying load...
2019-05-18T16:32:34,424Z DEBUG {} [applying load #b2f17d1f-e2e6-4718-8d97-8c7ba24d2319, create user via REST] [TaskTimer] The task took PT3.697S
2019-05-18T16:32:34,424Z INFO  {} [applying load #b2f17d1f-e2e6-4718-8d97-8c7ba24d2319] [RestUserGenerator] Created a new user jpt-d6c778e2-992a-4b35-8b0c-3beb5d42fcf0
2019-05-18T16:32:34,425Z INFO  {} [applying load #b2f17d1f-e2e6-4718-8d97-8c7ba24d2319] [LoadTest] Waiting for PT3.746S
2019-05-18T16:32:35,532Z DEBUG {} [applying load #fd2cee84-4cc3-4788-bdb6-52fb4a5cc607, create user via REST] [TaskTimer] The task took PT4.805S
2019-05-18T16:32:35,533Z INFO  {} [applying load #fd2cee84-4cc3-4788-bdb6-52fb4a5cc607] [RestUserGenerator] Created a new user jpt-41de4357-d8ab-4775-a0ac-0b1fe9e4ac93
2019-05-18T16:32:35,533Z WARN  {} [applying load #fd2cee84-4cc3-4788-bdb6-52fb4a5cc607] [LoadTest] Ramp time prolonged by user generation by PT1.112S
2019-05-18T16:32:35,534Z DEBUG {} [applying load #fd2cee84-4cc3-4788-bdb6-52fb4a5cc607] [SeededRandom] Using seed 2132282762986792902
2019-05-18T16:32:35,535Z INFO  {} [applying load #fd2cee84-4cc3-4788-bdb6-52fb4a5cc607] [ExploratoryVirtualUser] Applying load...
2019-05-18T16:32:35,551Z DEBUG {} [applying load #9723ff5e-3b89-4655-828f-4402f6e36912, create user via REST] [TaskTimer] The task took PT4.824S
2019-05-18T16:32:35,551Z INFO  {} [applying load #9723ff5e-3b89-4655-828f-4402f6e36912] [RestUserGenerator] Created a new user jpt-e7c24734-0d6a-4aa4-9d5a-31665677db9f
2019-05-18T16:32:35,552Z WARN  {} [applying load #9723ff5e-3b89-4655-828f-4402f6e36912] [LoadTest] Ramp time prolonged by user generation by PT0.506S
2019-05-18T16:32:35,552Z DEBUG {} [applying load #9723ff5e-3b89-4655-828f-4402f6e36912] [SeededRandom] Using seed -4263262838430303025
2019-05-18T16:32:35,554Z INFO  {} [applying load #9723ff5e-3b89-4655-828f-4402f6e36912] [ExploratoryVirtualUser] Applying load...
2019-05-18T16:32:35,680Z DEBUG {} [applying load #37022922-34df-49a8-9f4f-6101078d0922, create user via REST] [TaskTimer] The task took PT4.953S
2019-05-18T16:32:35,681Z INFO  {} [applying load #37022922-34df-49a8-9f4f-6101078d0922] [RestUserGenerator] Created a new user jpt-74a603a7-18a6-4e94-a1f0-2ea6c2faae29
2019-05-18T16:32:35,682Z WARN  {} [applying load #37022922-34df-49a8-9f4f-6101078d0922] [LoadTest] Ramp time prolonged by user generation by PT0.01S
2019-05-18T16:32:35,682Z DEBUG {} [applying load #37022922-34df-49a8-9f4f-6101078d0922] [SeededRandom] Using seed 2671077540764462672
2019-05-18T16:32:35,682Z INFO  {} [applying load #37022922-34df-49a8-9f4f-6101078d0922] [ExploratoryVirtualUser] Applying load...
2019-05-18T16:32:36,296Z DEBUG {} [applying load #91feac14-8c9f-430a-aad3-4afc2fe94a34] [SeededRandom] Using seed -3500614978637125381
2019-05-18T16:32:36,297Z INFO  {} [applying load #91feac14-8c9f-430a-aad3-4afc2fe94a34] [ExploratoryVirtualUser] Applying load...
2019-05-18T16:32:36,922Z DEBUG {} [applying load #f251d700-f961-43d7-a244-8983219cd61a] [SeededRandom] Using seed -4816872006481583618
2019-05-18T16:32:36,922Z INFO  {} [applying load #f251d700-f961-43d7-a244-8983219cd61a] [ExploratoryVirtualUser] Applying load...
2019-05-18T16:32:37,546Z DEBUG {} [applying load #7634a13c-bec5-43db-9c02-11f5b20af505] [SeededRandom] Using seed -5671795673574091253
2019-05-18T16:32:37,547Z INFO  {} [applying load #7634a13c-bec5-43db-9c02-11f5b20af505] [ExploratoryVirtualUser] Applying load...
2019-05-18T16:32:37,779Z DEBUG {} [applying load #d2b1ad2b-061a-4150-b96d-11a848f2957a] [ExploratoryVirtualUser] Circling through [ViewDashboardAction, SearchJqlAction, ViewIssueAction, ViewBacklogAction, SearchJqlAction, ViewBoardAction, ViewBoardAction, ViewIssueAction, ViewBacklogAction, ViewIssueAction, ViewIssueAction, ProjectSummaryAction, ViewIssueAction, ViewIssueAction, ViewIssueAction, ViewIssueAction, ViewIssueAction, EditIssueAction, CreateIssueAction, CreateIssueAction, BrowseProjectsAction, ViewBoardAction, ViewBoardAction, ViewIssueAction, ViewIssueAction, ViewIssueAction, SearchJqlAction, SearchJqlAction, ViewDashboardAction, ViewBoardAction, ViewDashboardAction, ViewDashboardAction, EditIssueAction, SearchJqlAction, ViewIssueAction, ViewIssueAction, ViewIssueAction, BrowseProjectsAction, SearchJqlAction, ViewIssueAction, ViewIssueAction, ViewIssueAction, ViewBacklogAction, ViewIssueAction, ViewBoardAction, BrowseProjectsAction, SearchJqlAction, ViewIssueAction, ViewIssueAction, EditIssueAction, ViewIssueAction, ViewIssueAction, ViewIssueAction, ViewIssueAction, ViewIssueAction, CreateIssueAction, AddCommentAction, ViewIssueAction, ProjectSummaryAction, SearchJqlAction, ViewBacklogAction, ViewIssueAction, ViewBacklogAction, ViewIssueAction, ProjectSummaryAction, ViewBoardAction, ViewIssueAction, ViewIssueAction, ViewIssueAction, ViewBacklogAction, ViewIssueAction, SearchJqlAction, CreateIssueAction, ViewIssueAction, SearchJqlAction, ViewIssueAction, ViewIssueAction, ViewIssueAction, ViewIssueAction, ViewDashboardAction, ViewBacklogAction, SearchJqlAction, ViewIssueAction, ViewIssueAction, AddCommentAction, ViewIssueAction, ViewBacklogAction, BrowseProjectsAction, ViewBacklogAction, ViewIssueAction, EditIssueAction, ViewIssueAction, SearchJqlAction, ViewIssueAction, SearchJqlAction, ViewIssueAction, ViewIssueAction, ViewDashboardAction, SearchJqlAction, ViewDashboardAction, ViewIssueAction, ViewIssueAction, ViewIssueAction, ViewDashboardAction, ViewDashboardAction, SearchJqlAction, ViewBoardAction, CreateIssueAction, ViewIssueAction, PatientBrowseBoardsAction, ViewIssueAction, ViewIssueAction, SearchJqlAction, BrowseProjectsAction, SearchJqlAction, ViewBoardAction, SearchJqlAction, ViewIssueAction, ViewBoardAction, PatientBrowseBoardsAction, ProjectSummaryAction, ViewDashboardAction, EditIssueAction, ViewIssueAction, SearchJqlAction, ProjectSummaryAction, ViewIssueAction, ViewBacklogAction, SearchJqlAction]
2019-05-18T16:32:37,807Z DEBUG {} [applying load #f2004877-5991-4813-927d-caa8cb5d034f] [ExploratoryVirtualUser] Circling through [BrowseProjectsAction, SearchJqlAction, ViewIssueAction, SearchJqlAction, ViewIssueAction, ViewDashboardAction, AddCommentAction, SearchJqlAction, SearchJqlAction, ViewIssueAction, ViewBacklogAction, ViewIssueAction, ViewIssueAction, SearchJqlAction, SearchJqlAction, ViewIssueAction, ViewIssueAction, ViewBoardAction, SearchJqlAction, ViewBacklogAction, ViewIssueAction, ViewIssueAction, ViewIssueAction, ViewIssueAction, ViewIssueAction, ViewIssueAction, ViewBoardAction, PatientBrowseBoardsAction, ViewIssueAction, EditIssueAction, ViewIssueAction, CreateIssueAction, ViewDashboardAction, ProjectSummaryAction, ViewDashboardAction, ViewIssueAction, ViewIssueAction, ViewDashboardAction, ViewBacklogAction, BrowseProjectsAction, ViewIssueAction, ViewIssueAction, ProjectSummaryAction, SearchJqlAction, ViewBacklogAction, PatientBrowseBoardsAction, SearchJqlAction, ViewIssueAction, EditIssueAction, EditIssueAction, BrowseProjectsAction, ViewIssueAction, SearchJqlAction, CreateIssueAction, ViewIssueAction, ViewIssueAction, CreateIssueAction, ViewDashboardAction, SearchJqlAction, ViewIssueAction, ViewDashboardAction, ViewIssueAction, SearchJqlAction, ViewBacklogAction, ViewIssueAction, ProjectSummaryAction, CreateIssueAction, ViewIssueAction, ViewBoardAction, ViewIssueAction, ViewIssueAction, ViewBacklogAction, EditIssueAction, ViewIssueAction, ViewIssueAction, ViewBacklogAction, ViewBacklogAction, EditIssueAction, SearchJqlAction, ProjectSummaryAction, SearchJqlAction, ViewBoardAction, ViewIssueAction, BrowseProjectsAction, SearchJqlAction, ViewIssueAction, SearchJqlAction, ViewBoardAction, ViewDashboardAction, ViewBoardAction, ViewIssueAction, ViewIssueAction, ViewIssueAction, ViewIssueAction, ViewIssueAction, ViewIssueAction, ViewBoardAction, ViewDashboardAction, ViewIssueAction, ViewBacklogAction, ViewIssueAction, AddCommentAction, ViewIssueAction, SearchJqlAction, ViewIssueAction, ViewBoardAction, ViewIssueAction, ViewIssueAction, BrowseProjectsAction, ViewIssueAction, ViewIssueAction, ViewIssueAction, ViewIssueAction, ViewIssueAction, SearchJqlAction, SearchJqlAction, ViewIssueAction, SearchJqlAction, ViewBoardAction, ViewDashboardAction, ViewBacklogAction, ViewIssueAction, CreateIssueAction, ProjectSummaryAction, ViewBoardAction, ViewIssueAction, ViewIssueAction, ViewDashboardAction, ViewIssueAction]
2019-05-18T16:32:38,173Z DEBUG {} [applying load #b2f17d1f-e2e6-4718-8d97-8c7ba24d2319] [SeededRandom] Using seed 7987185974177307502
2019-05-18T16:32:38,174Z INFO  {} [applying load #b2f17d1f-e2e6-4718-8d97-8c7ba24d2319] [ExploratoryVirtualUser] Applying load...
2019-05-18T16:32:38,850Z DEBUG {} [applying load #9723ff5e-3b89-4655-828f-4402f6e36912] [ExploratoryVirtualUser] Circling through [ViewIssueAction, ViewDashboardAction, SearchJqlAction, ViewIssueAction, ViewBacklogAction, ViewBacklogAction, ViewIssueAction, ViewIssueAction, ViewIssueAction, ViewDashboardAction, SearchJqlAction, ViewBoardAction, SearchJqlAction, ViewBoardAction, ViewIssueAction, ProjectSummaryAction, ViewIssueAction, ViewIssueAction, ViewIssueAction, BrowseProjectsAction, ViewIssueAction, BrowseProjectsAction, SearchJqlAction, ViewDashboardAction, ViewIssueAction, ViewIssueAction, ViewIssueAction, SearchJqlAction, ViewIssueAction, CreateIssueAction, SearchJqlAction, ViewIssueAction, ViewIssueAction, ViewDashboardAction, ViewBacklogAction, ProjectSummaryAction, EditIssueAction, ViewBoardAction, AddCommentAction, ViewBoardAction, PatientBrowseBoardsAction, ViewIssueAction, SearchJqlAction, SearchJqlAction, ViewIssueAction, ViewIssueAction, ViewIssueAction, CreateIssueAction, ViewIssueAction, ViewIssueAction, ViewIssueAction, SearchJqlAction, ViewIssueAction, ViewIssueAction, ViewIssueAction, ProjectSummaryAction, CreateIssueAction, ViewIssueAction, ViewDashboardAction, ViewDashboardAction, ViewIssueAction, ViewBacklogAction, ViewIssueAction, ViewIssueAction, ViewBoardAction, ViewBoardAction, ViewBacklogAction, ViewIssueAction, ViewBoardAction, SearchJqlAction, ViewBacklogAction, ViewIssueAction, ViewBoardAction, SearchJqlAction, ViewIssueAction, CreateIssueAction, SearchJqlAction, ViewIssueAction, BrowseProjectsAction, ViewBacklogAction, ViewBacklogAction, SearchJqlAction, SearchJqlAction, BrowseProjectsAction, EditIssueAction, ViewIssueAction, ViewIssueAction, ViewIssueAction, ViewIssueAction, EditIssueAction, SearchJqlAction, ViewBoardAction, ViewIssueAction, PatientBrowseBoardsAction, ViewDashboardAction, SearchJqlAction, ViewIssueAction, ViewDashboardAction, ProjectSummaryAction, ViewIssueAction, ViewIssueAction, ViewIssueAction, EditIssueAction, ViewIssueAction, SearchJqlAction, ViewDashboardAction, ViewIssueAction, ViewIssueAction, SearchJqlAction, BrowseProjectsAction, SearchJqlAction, ViewIssueAction, ViewIssueAction, ProjectSummaryAction, ViewBoardAction, ViewIssueAction, ViewBacklogAction, EditIssueAction, ViewIssueAction, SearchJqlAction, CreateIssueAction, ViewIssueAction, ViewIssueAction, ViewIssueAction, ViewIssueAction, ViewIssueAction, ViewBacklogAction, ViewDashboardAction, AddCommentAction]
2019-05-18T16:32:38,850Z DEBUG {} [applying load #9723ff5e-3b89-4655-828f-4402f6e36912] [ViewIssueAction] Skipping View Issue action. I have no knowledge of issue keys.
2019-05-18T16:32:38,893Z DEBUG {} [applying load #fd2cee84-4cc3-4788-bdb6-52fb4a5cc607] [ExploratoryVirtualUser] Circling through [EditIssueAction, ViewIssueAction, ViewIssueAction, ViewIssueAction, ViewBacklogAction, SearchJqlAction, ViewIssueAction, ViewBoardAction, ViewBacklogAction, ViewIssueAction, ViewBoardAction, ViewIssueAction, ViewIssueAction, ViewBoardAction, ViewDashboardAction, ViewBacklogAction, ViewIssueAction, ViewIssueAction, ViewIssueAction, SearchJqlAction, ViewIssueAction, ViewIssueAction, ViewIssueAction, ViewBacklogAction, ViewIssueAction, ViewIssueAction, SearchJqlAction, ViewIssueAction, SearchJqlAction, SearchJqlAction, CreateIssueAction, ViewIssueAction, ViewIssueAction, ViewIssueAction, EditIssueAction, ViewIssueAction, SearchJqlAction, ViewIssueAction, SearchJqlAction, ViewDashboardAction, SearchJqlAction, ViewDashboardAction, ViewBoardAction, CreateIssueAction, ViewDashboardAction, ViewBacklogAction, ViewIssueAction, ViewIssueAction, ViewIssueAction, ViewIssueAction, ViewDashboardAction, ViewBoardAction, BrowseProjectsAction, PatientBrowseBoardsAction, ProjectSummaryAction, ViewIssueAction, BrowseProjectsAction, ViewIssueAction, ViewIssueAction, ProjectSummaryAction, ViewIssueAction, ViewIssueAction, ViewIssueAction, AddCommentAction, ViewIssueAction, ViewIssueAction, ViewBoardAction, CreateIssueAction, CreateIssueAction, SearchJqlAction, ViewBacklogAction, ViewBoardAction, ViewIssueAction, ViewIssueAction, ViewDashboardAction, SearchJqlAction, ProjectSummaryAction, ViewIssueAction, SearchJqlAction, ViewIssueAction, ViewIssueAction, ViewIssueAction, ViewBacklogAction, ViewBoardAction, ProjectSummaryAction, AddCommentAction, EditIssueAction, SearchJqlAction, BrowseProjectsAction, EditIssueAction, SearchJqlAction, ViewIssueAction, ViewIssueAction, ViewIssueAction, ViewIssueAction, ViewDashboardAction, CreateIssueAction, ViewIssueAction, ViewIssueAction, PatientBrowseBoardsAction, ViewBacklogAction, SearchJqlAction, ViewIssueAction, ViewIssueAction, SearchJqlAction, ViewBoardAction, ViewDashboardAction, ProjectSummaryAction, ViewIssueAction, SearchJqlAction, EditIssueAction, ViewBoardAction, ViewIssueAction, ViewBacklogAction, SearchJqlAction, ViewIssueAction, ViewDashboardAction, ViewIssueAction, ViewIssueAction, ViewDashboardAction, BrowseProjectsAction, SearchJqlAction, ViewIssueAction, ViewIssueAction, ViewIssueAction, SearchJqlAction, ViewBacklogAction, SearchJqlAction, BrowseProjectsAction]
2019-05-18T16:32:38,894Z DEBUG {} [applying load #fd2cee84-4cc3-4788-bdb6-52fb4a5cc607] [EditIssueAction] Cannot edit any issue, because I didn't see any editable issues
2019-05-18T16:32:42,045Z DEBUG {} [applying load #37022922-34df-49a8-9f4f-6101078d0922] [ExploratoryVirtualUser] Circling through [ViewDashboardAction, ViewDashboardAction, ViewIssueAction, SearchJqlAction, ViewIssueAction, ViewIssueAction, ViewIssueAction, ViewIssueAction, ViewIssueAction, CreateIssueAction, ViewIssueAction, ViewIssueAction, BrowseProjectsAction, ViewBoardAction, ViewIssueAction, BrowseProjectsAction, EditIssueAction, CreateIssueAction, SearchJqlAction, ViewIssueAction, SearchJqlAction, ViewIssueAction, ViewIssueAction, ViewIssueAction, ViewBacklogAction, AddCommentAction, ViewDashboardAction, SearchJqlAction, ViewIssueAction, SearchJqlAction, BrowseProjectsAction, ViewIssueAction, ViewIssueAction, SearchJqlAction, SearchJqlAction, CreateIssueAction, ViewIssueAction, ViewDashboardAction, ViewDashboardAction, ViewIssueAction, SearchJqlAction, ViewIssueAction, ViewIssueAction, ViewBacklogAction, ViewIssueAction, ViewIssueAction, ViewBoardAction, ViewIssueAction, SearchJqlAction, SearchJqlAction, SearchJqlAction, ViewIssueAction, ViewIssueAction, ViewIssueAction, ViewDashboardAction, ViewDashboardAction, ViewIssueAction, ViewBoardAction, ViewBacklogAction, ViewIssueAction, SearchJqlAction, SearchJqlAction, ViewBacklogAction, CreateIssueAction, ViewIssueAction, ViewIssueAction, PatientBrowseBoardsAction, ViewIssueAction, ViewIssueAction, ViewDashboardAction, ViewBoardAction, ViewIssueAction, ViewIssueAction, ViewIssueAction, SearchJqlAction, ViewIssueAction, SearchJqlAction, ViewBacklogAction, ProjectSummaryAction, SearchJqlAction, ViewIssueAction, SearchJqlAction, ViewIssueAction, SearchJqlAction, ProjectSummaryAction, SearchJqlAction, ViewIssueAction, ViewBoardAction, ViewBacklogAction, BrowseProjectsAction, ViewIssueAction, ViewIssueAction, ViewIssueAction, ViewIssueAction, AddCommentAction, ViewIssueAction, EditIssueAction, CreateIssueAction, ProjectSummaryAction, ViewIssueAction, ViewBacklogAction, ProjectSummaryAction, ViewIssueAction, ViewDashboardAction, ViewIssueAction, ViewBoardAction, ViewDashboardAction, ViewBacklogAction, PatientBrowseBoardsAction, ViewIssueAction, ViewBoardAction, ViewBoardAction, EditIssueAction, ViewIssueAction, BrowseProjectsAction, EditIssueAction, ViewBoardAction, SearchJqlAction, ViewBoardAction, ViewIssueAction, ViewIssueAction, ViewIssueAction, ViewIssueAction, ViewBacklogAction, ViewIssueAction, ViewIssueAction, ProjectSummaryAction, ViewBacklogAction, EditIssueAction]
2019-05-18T16:32:43,693Z DEBUG {} [applying load #fd2cee84-4cc3-4788-bdb6-52fb4a5cc607] [ViewIssueAction] Skipping View Issue action. I have no knowledge of issue keys.
2019-05-18T16:32:44,070Z DEBUG {} [applying load #91feac14-8c9f-430a-aad3-4afc2fe94a34] [ExploratoryVirtualUser] Circling through [ViewDashboardAction, ViewBoardAction, ViewIssueAction, ViewIssueAction, SearchJqlAction, ViewIssueAction, ViewIssueAction, AddCommentAction, ViewDashboardAction, ViewIssueAction, ViewDashboardAction, ViewIssueAction, BrowseProjectsAction, CreateIssueAction, CreateIssueAction, ViewBacklogAction, ViewDashboardAction, ViewIssueAction, ViewIssueAction, ViewBacklogAction, ViewIssueAction, ViewBoardAction, ViewBoardAction, SearchJqlAction, ViewBacklogAction, EditIssueAction, SearchJqlAction, ViewBoardAction, ViewBacklogAction, ViewBoardAction, ViewIssueAction, ViewBacklogAction, ViewIssueAction, ProjectSummaryAction, EditIssueAction, SearchJqlAction, ViewIssueAction, ProjectSummaryAction, ViewDashboardAction, AddCommentAction, ViewIssueAction, SearchJqlAction, ViewIssueAction, ViewIssueAction, ViewIssueAction, ViewDashboardAction, PatientBrowseBoardsAction, SearchJqlAction, SearchJqlAction, ViewDashboardAction, ViewIssueAction, ViewIssueAction, SearchJqlAction, SearchJqlAction, ViewIssueAction, ViewBoardAction, ViewIssueAction, CreateIssueAction, ViewBoardAction, ViewDashboardAction, SearchJqlAction, ViewIssueAction, ViewIssueAction, CreateIssueAction, ViewIssueAction, ViewBacklogAction, ViewIssueAction, ViewDashboardAction, ViewIssueAction, ViewIssueAction, BrowseProjectsAction, ViewIssueAction, EditIssueAction, ViewIssueAction, ViewIssueAction, ViewIssueAction, ViewIssueAction, BrowseProjectsAction, SearchJqlAction, ViewIssueAction, SearchJqlAction, BrowseProjectsAction, ViewIssueAction, ViewBacklogAction, ViewIssueAction, ViewIssueAction, SearchJqlAction, ViewIssueAction, CreateIssueAction, ViewBoardAction, SearchJqlAction, ViewIssueAction, ViewIssueAction, ViewDashboardAction, ViewBoardAction, SearchJqlAction, ViewIssueAction, ProjectSummaryAction, SearchJqlAction, ViewBacklogAction, ViewIssueAction, ViewBoardAction, PatientBrowseBoardsAction, BrowseProjectsAction, SearchJqlAction, ViewIssueAction, ViewIssueAction, ViewIssueAction, SearchJqlAction, ViewIssueAction, SearchJqlAction, ViewIssueAction, EditIssueAction, ViewIssueAction, EditIssueAction, ViewIssueAction, ViewBacklogAction, ViewIssueAction, ViewBacklogAction, ProjectSummaryAction, ViewIssueAction, SearchJqlAction, ViewIssueAction, ViewIssueAction, ViewIssueAction, ViewIssueAction, ViewIssueAction, ProjectSummaryAction, ViewIssueAction]
2019-05-18T16:32:44,229Z DEBUG {} [applying load #cfc0fc31-6ecf-4427-832a-37f5194e0242] [ExploratoryVirtualUser] Circling through [ViewIssueAction, ViewIssueAction, ViewIssueAction, ViewBacklogAction, ViewIssueAction, ViewIssueAction, SearchJqlAction, ViewIssueAction, ViewDashboardAction, SearchJqlAction, ViewBoardAction, BrowseProjectsAction, ViewIssueAction, AddCommentAction, BrowseProjectsAction, ViewBacklogAction, ViewIssueAction, SearchJqlAction, ViewBacklogAction, ViewBoardAction, SearchJqlAction, EditIssueAction, ViewIssueAction, ViewBacklogAction, ViewDashboardAction, AddCommentAction, ViewIssueAction, ViewIssueAction, ViewIssueAction, ViewDashboardAction, CreateIssueAction, ViewIssueAction, ViewIssueAction, SearchJqlAction, ViewIssueAction, ViewIssueAction, ProjectSummaryAction, ViewIssueAction, ViewIssueAction, ViewIssueAction, ViewDashboardAction, SearchJqlAction, EditIssueAction, SearchJqlAction, EditIssueAction, BrowseProjectsAction, ViewIssueAction, SearchJqlAction, ViewIssueAction, ViewIssueAction, ViewIssueAction, SearchJqlAction, EditIssueAction, SearchJqlAction, SearchJqlAction, ViewBacklogAction, ViewDashboardAction, ViewBoardAction, ViewIssueAction, ViewIssueAction, BrowseProjectsAction, ViewDashboardAction, ViewIssueAction, ViewIssueAction, ViewBoardAction, ViewBoardAction, ViewBoardAction, ViewIssueAction, ViewBacklogAction, ProjectSummaryAction, CreateIssueAction, ViewIssueAction, EditIssueAction, ProjectSummaryAction, ViewIssueAction, ViewIssueAction, BrowseProjectsAction, ViewBoardAction, ViewIssueAction, CreateIssueAction, ViewDashboardAction, ViewIssueAction, ViewIssueAction, ViewBoardAction, ViewIssueAction, ViewIssueAction, ViewIssueAction, ViewDashboardAction, PatientBrowseBoardsAction, ViewIssueAction, ViewDashboardAction, ViewIssueAction, ViewIssueAction, ViewIssueAction, ViewIssueAction, ViewBoardAction, ViewBoardAction, SearchJqlAction, ViewIssueAction, ViewBacklogAction, SearchJqlAction, ProjectSummaryAction, ViewIssueAction, CreateIssueAction, ViewIssueAction, ViewBacklogAction, SearchJqlAction, SearchJqlAction, SearchJqlAction, ViewIssueAction, ProjectSummaryAction, SearchJqlAction, CreateIssueAction, ViewIssueAction, ViewDashboardAction, ViewIssueAction, ViewIssueAction, PatientBrowseBoardsAction, ViewIssueAction, SearchJqlAction, ViewBacklogAction, ViewIssueAction, ViewIssueAction, SearchJqlAction, SearchJqlAction, ViewIssueAction, ViewIssueAction, ViewBacklogAction, ViewIssueAction]
2019-05-18T16:32:44,230Z DEBUG {} [applying load #cfc0fc31-6ecf-4427-832a-37f5194e0242] [ViewIssueAction] Skipping View Issue action. I have no knowledge of issue keys.
2019-05-18T16:32:44,325Z DEBUG {} [applying load #7a27b16a-58cd-4d9c-9059-0596a0e4b87b] [ExploratoryVirtualUser] Circling through [ProjectSummaryAction, EditIssueAction, EditIssueAction, ViewIssueAction, ViewIssueAction, ViewIssueAction, ViewIssueAction, CreateIssueAction, ViewDashboardAction, ViewBoardAction, ViewBoardAction, ViewIssueAction, ViewIssueAction, ViewDashboardAction, ViewBacklogAction, ViewDashboardAction, ViewIssueAction, SearchJqlAction, SearchJqlAction, ViewIssueAction, ViewIssueAction, ViewIssueAction, SearchJqlAction, ViewIssueAction, ViewIssueAction, ViewBoardAction, ViewIssueAction, ViewBacklogAction, AddCommentAction, ViewIssueAction, SearchJqlAction, ProjectSummaryAction, ViewIssueAction, ViewIssueAction, ViewBoardAction, BrowseProjectsAction, ViewBacklogAction, SearchJqlAction, PatientBrowseBoardsAction, ViewIssueAction, EditIssueAction, ViewIssueAction, ViewIssueAction, ViewIssueAction, ViewIssueAction, ViewIssueAction, SearchJqlAction, BrowseProjectsAction, ViewIssueAction, ViewIssueAction, ViewIssueAction, AddCommentAction, ViewIssueAction, ViewBacklogAction, ViewIssueAction, ViewIssueAction, SearchJqlAction, ViewBacklogAction, ViewBacklogAction, ViewBacklogAction, BrowseProjectsAction, ViewIssueAction, CreateIssueAction, ViewDashboardAction, ViewBacklogAction, ViewBoardAction, ViewDashboardAction, ProjectSummaryAction, CreateIssueAction, CreateIssueAction, ViewIssueAction, ProjectSummaryAction, SearchJqlAction, ViewBoardAction, ViewIssueAction, SearchJqlAction, ViewIssueAction, PatientBrowseBoardsAction, ViewIssueAction, ViewIssueAction, ViewIssueAction, ViewIssueAction, ViewBoardAction, ViewIssueAction, ViewBoardAction, SearchJqlAction, ProjectSummaryAction, SearchJqlAction, SearchJqlAction, SearchJqlAction, ViewIssueAction, ViewIssueAction, EditIssueAction, ViewBoardAction, ViewDashboardAction, ViewIssueAction, SearchJqlAction, BrowseProjectsAction, ViewIssueAction, SearchJqlAction, ViewIssueAction, ViewDashboardAction, BrowseProjectsAction, ViewIssueAction, ViewBacklogAction, ViewIssueAction, SearchJqlAction, ViewBacklogAction, ViewIssueAction, ViewDashboardAction, ViewIssueAction, ViewIssueAction, ViewIssueAction, SearchJqlAction, ViewIssueAction, ViewIssueAction, ViewDashboardAction, ViewBoardAction, ViewIssueAction, SearchJqlAction, ViewIssueAction, SearchJqlAction, CreateIssueAction, SearchJqlAction, ViewDashboardAction, EditIssueAction, ViewIssueAction, ViewIssueAction, ViewIssueAction]
2019-05-18T16:32:44,326Z DEBUG {} [applying load #7a27b16a-58cd-4d9c-9059-0596a0e4b87b] [ProjectSummaryAction] Skipping Project summary action. I have no knowledge of projects.
2019-05-18T16:32:48,493Z DEBUG {} [applying load #fd2cee84-4cc3-4788-bdb6-52fb4a5cc607] [ViewIssueAction] Skipping View Issue action. I have no knowledge of issue keys.
2019-05-18T16:32:48,873Z DEBUG {} [applying load #91feac14-8c9f-430a-aad3-4afc2fe94a34] [ViewBoardAction] Skipping View Board. I have no knowledge of Boards.
2019-05-18T16:32:49,030Z DEBUG {} [applying load #cfc0fc31-6ecf-4427-832a-37f5194e0242] [ViewIssueAction] Skipping View Issue action. I have no knowledge of issue keys.
2019-05-18T16:32:49,126Z DEBUG {} [applying load #7a27b16a-58cd-4d9c-9059-0596a0e4b87b] [EditIssueAction] Cannot edit any issue, because I didn't see any editable issues
2019-05-18T16:32:49,923Z DEBUG {} [applying load #f2004877-5991-4813-927d-caa8cb5d034f] [ViewIssueAction] Skipping View Issue action. I have no knowledge of issue keys.
2019-05-18T16:32:51,543Z DEBUG {} [applying load #559b5fb4-bceb-465b-9abc-497e31fa53e0] [ExploratoryVirtualUser] Circling through [ViewBoardAction, SearchJqlAction, ViewIssueAction, ViewIssueAction, AddCommentAction, ViewBacklogAction, ViewIssueAction, SearchJqlAction, ViewIssueAction, SearchJqlAction, ViewDashboardAction, ViewIssueAction, ViewBoardAction, ViewDashboardAction, SearchJqlAction, ViewBoardAction, ViewIssueAction, SearchJqlAction, SearchJqlAction, ViewIssueAction, CreateIssueAction, SearchJqlAction, CreateIssueAction, ViewIssueAction, ViewIssueAction, EditIssueAction, EditIssueAction, EditIssueAction, ViewIssueAction, ViewDashboardAction, ViewBacklogAction, ViewDashboardAction, SearchJqlAction, ViewIssueAction, ViewIssueAction, ViewIssueAction, SearchJqlAction, ViewIssueAction, CreateIssueAction, ViewIssueAction, ViewBacklogAction, ViewIssueAction, SearchJqlAction, ViewIssueAction, ViewBacklogAction, SearchJqlAction, SearchJqlAction, ViewIssueAction, ViewIssueAction, ViewBoardAction, ViewDashboardAction, BrowseProjectsAction, ProjectSummaryAction, ViewIssueAction, ViewIssueAction, ViewIssueAction, ViewIssueAction, ViewIssueAction, EditIssueAction, ViewIssueAction, ProjectSummaryAction, ViewDashboardAction, ViewIssueAction, SearchJqlAction, ViewIssueAction, ViewBoardAction, ViewIssueAction, ViewIssueAction, CreateIssueAction, ViewIssueAction, SearchJqlAction, ViewDashboardAction, ViewBoardAction, ProjectSummaryAction, ViewBoardAction, ViewDashboardAction, ViewIssueAction, ViewIssueAction, AddCommentAction, SearchJqlAction, ViewIssueAction, SearchJqlAction, SearchJqlAction, ViewBacklogAction, ViewIssueAction, ViewIssueAction, ViewIssueAction, BrowseProjectsAction, ViewIssueAction, ProjectSummaryAction, ViewIssueAction, ViewIssueAction, ViewIssueAction, ProjectSummaryAction, ViewBacklogAction, BrowseProjectsAction, SearchJqlAction, ViewBoardAction, CreateIssueAction, ViewBacklogAction, ViewIssueAction, ViewIssueAction, ViewIssueAction, PatientBrowseBoardsAction, ViewIssueAction, ViewBoardAction, ViewBacklogAction, ViewIssueAction, SearchJqlAction, ViewIssueAction, ViewIssueAction, ViewIssueAction, ViewBacklogAction, BrowseProjectsAction, ViewIssueAction, ViewIssueAction, EditIssueAction, ViewDashboardAction, SearchJqlAction, PatientBrowseBoardsAction, ViewIssueAction, ViewBoardAction, ViewIssueAction, ViewIssueAction, ViewDashboardAction, BrowseProjectsAction, ViewIssueAction, ViewBacklogAction, ViewIssueAction]
2019-05-18T16:32:51,543Z DEBUG {} [applying load #559b5fb4-bceb-465b-9abc-497e31fa53e0] [ViewBoardAction] Skipping View Board. I have no knowledge of Boards.
2019-05-18T16:32:51,647Z DEBUG {} [applying load #37022922-34df-49a8-9f4f-6101078d0922] [ViewIssueAction] Skipping View Issue action. I have no knowledge of issue keys.
2019-05-18T16:32:53,293Z DEBUG {} [applying load #fd2cee84-4cc3-4788-bdb6-52fb4a5cc607] [ViewIssueAction] Skipping View Issue action. I have no knowledge of issue keys.
2019-05-18T16:32:53,670Z DEBUG {} [applying load #91feac14-8c9f-430a-aad3-4afc2fe94a34] [ViewIssueAction] Skipping View Issue action. I have no knowledge of issue keys.
2019-05-18T16:32:53,831Z DEBUG {} [applying load #cfc0fc31-6ecf-4427-832a-37f5194e0242] [ViewIssueAction] Skipping View Issue action. I have no knowledge of issue keys.
2019-05-18T16:32:53,926Z DEBUG {} [applying load #7a27b16a-58cd-4d9c-9059-0596a0e4b87b] [EditIssueAction] Cannot edit any issue, because I didn't see any editable issues
2019-05-18T16:32:55,684Z DEBUG {} [applying load #b2f17d1f-e2e6-4718-8d97-8c7ba24d2319] [ExploratoryVirtualUser] Circling through [ViewBoardAction, ViewIssueAction, ViewBoardAction, ViewIssueAction, AddCommentAction, ViewIssueAction, SearchJqlAction, SearchJqlAction, ViewBoardAction, AddCommentAction, BrowseProjectsAction, CreateIssueAction, ViewDashboardAction, ViewIssueAction, ViewIssueAction, SearchJqlAction, ViewIssueAction, ViewBacklogAction, BrowseProjectsAction, ViewIssueAction, ViewBacklogAction, ViewIssueAction, ViewIssueAction, ProjectSummaryAction, ViewIssueAction, ViewDashboardAction, ViewIssueAction, ViewIssueAction, ViewBoardAction, ViewDashboardAction, ViewBoardAction, ViewIssueAction, CreateIssueAction, SearchJqlAction, SearchJqlAction, SearchJqlAction, PatientBrowseBoardsAction, SearchJqlAction, BrowseProjectsAction, ViewIssueAction, ViewBoardAction, ViewIssueAction, ViewIssueAction, ViewIssueAction, SearchJqlAction, ViewIssueAction, ViewIssueAction, ViewIssueAction, ProjectSummaryAction, ViewBoardAction, ViewIssueAction, ViewIssueAction, ViewDashboardAction, EditIssueAction, SearchJqlAction, ViewIssueAction, ViewBoardAction, ViewIssueAction, CreateIssueAction, ViewIssueAction, PatientBrowseBoardsAction, ProjectSummaryAction, EditIssueAction, ViewIssueAction, ViewIssueAction, ProjectSummaryAction, ViewIssueAction, ViewIssueAction, ViewIssueAction, ViewDashboardAction, ViewBacklogAction, SearchJqlAction, ViewIssueAction, ViewIssueAction, SearchJqlAction, ViewBoardAction, SearchJqlAction, BrowseProjectsAction, SearchJqlAction, ViewDashboardAction, ViewIssueAction, ViewIssueAction, BrowseProjectsAction, SearchJqlAction, SearchJqlAction, ViewIssueAction, ViewIssueAction, ViewIssueAction, ViewBacklogAction, ViewIssueAction, SearchJqlAction, SearchJqlAction, CreateIssueAction, ViewBacklogAction, ViewBacklogAction, ViewIssueAction, ViewIssueAction, ViewBacklogAction, EditIssueAction, ViewBacklogAction, ViewIssueAction, ViewIssueAction, EditIssueAction, ViewDashboardAction, ViewIssueAction, ViewIssueAction, ViewIssueAction, SearchJqlAction, ViewDashboardAction, ViewIssueAction, ViewIssueAction, ViewIssueAction, ViewDashboardAction, ViewDashboardAction, ViewIssueAction, ViewIssueAction, ViewIssueAction, CreateIssueAction, ProjectSummaryAction, ViewBacklogAction, EditIssueAction, ViewIssueAction, SearchJqlAction, ViewBoardAction, SearchJqlAction, ViewIssueAction, ViewBacklogAction, ViewIssueAction, ViewIssueAction]
2019-05-18T16:32:55,685Z DEBUG {} [applying load #b2f17d1f-e2e6-4718-8d97-8c7ba24d2319] [ViewBoardAction] Skipping View Board. I have no knowledge of Boards.
2019-05-18T16:32:55,806Z DEBUG {} [applying load #f251d700-f961-43d7-a244-8983219cd61a] [ExploratoryVirtualUser] Circling through [ViewDashboardAction, ViewIssueAction, ViewIssueAction, ViewBoardAction, BrowseProjectsAction, SearchJqlAction, ViewBoardAction, ViewBoardAction, ViewIssueAction, ViewIssueAction, ViewIssueAction, ViewIssueAction, ViewIssueAction, SearchJqlAction, EditIssueAction, BrowseProjectsAction, ViewIssueAction, CreateIssueAction, ViewIssueAction, ViewBoardAction, ViewBacklogAction, SearchJqlAction, ViewIssueAction, ViewIssueAction, ViewIssueAction, ViewIssueAction, ViewDashboardAction, ViewIssueAction, ViewIssueAction, ViewIssueAction, CreateIssueAction, ViewBoardAction, ViewBoardAction, ViewIssueAction, SearchJqlAction, ViewIssueAction, SearchJqlAction, SearchJqlAction, ViewBacklogAction, ViewBoardAction, ViewIssueAction, AddCommentAction, ViewDashboardAction, ViewIssueAction, ViewIssueAction, ViewDashboardAction, ViewDashboardAction, SearchJqlAction, ViewIssueAction, AddCommentAction, SearchJqlAction, ViewIssueAction, SearchJqlAction, ViewBoardAction, ViewBacklogAction, ViewBacklogAction, ViewIssueAction, ViewIssueAction, SearchJqlAction, BrowseProjectsAction, ViewBoardAction, ViewIssueAction, ViewDashboardAction, ProjectSummaryAction, EditIssueAction, ViewIssueAction, ViewIssueAction, ViewIssueAction, SearchJqlAction, SearchJqlAction, ViewIssueAction, ViewIssueAction, ViewIssueAction, ProjectSummaryAction, SearchJqlAction, ViewBacklogAction, EditIssueAction, ViewIssueAction, ViewIssueAction, BrowseProjectsAction, ViewIssueAction, ViewIssueAction, ViewIssueAction, ViewBacklogAction, ProjectSummaryAction, ViewIssueAction, ViewIssueAction, CreateIssueAction, SearchJqlAction, ViewIssueAction, PatientBrowseBoardsAction, ProjectSummaryAction, BrowseProjectsAction, ViewBoardAction, ViewIssueAction, EditIssueAction, ViewBacklogAction, ViewIssueAction, ViewIssueAction, SearchJqlAction, PatientBrowseBoardsAction, SearchJqlAction, SearchJqlAction, ViewDashboardAction, ViewIssueAction, CreateIssueAction, SearchJqlAction, ViewIssueAction, ViewIssueAction, SearchJqlAction, ViewIssueAction, SearchJqlAction, ViewBacklogAction, ViewDashboardAction, ViewIssueAction, CreateIssueAction, ViewIssueAction, ProjectSummaryAction, ViewDashboardAction, ViewIssueAction, EditIssueAction, ViewBacklogAction, ViewIssueAction, ViewDashboardAction, ViewIssueAction, ViewIssueAction, ViewBacklogAction, ViewIssueAction, ViewIssueAction]
2019-05-18T16:32:55,849Z DEBUG {} [applying load #7634a13c-bec5-43db-9c02-11f5b20af505] [ExploratoryVirtualUser] Circling through [ViewIssueAction, ViewIssueAction, SearchJqlAction, ViewIssueAction, ViewIssueAction, SearchJqlAction, ViewIssueAction, ViewIssueAction, SearchJqlAction, ViewDashboardAction, SearchJqlAction, BrowseProjectsAction, ViewIssueAction, SearchJqlAction, ViewIssueAction, SearchJqlAction, SearchJqlAction, ViewIssueAction, SearchJqlAction, ViewIssueAction, ViewDashboardAction, BrowseProjectsAction, ProjectSummaryAction, CreateIssueAction, CreateIssueAction, BrowseProjectsAction, ViewIssueAction, ViewIssueAction, ViewIssueAction, CreateIssueAction, ViewIssueAction, ViewDashboardAction, ViewIssueAction, ViewDashboardAction, CreateIssueAction, ViewIssueAction, ViewIssueAction, ViewBacklogAction, ViewDashboardAction, ViewIssueAction, ViewBoardAction, ViewBoardAction, ProjectSummaryAction, ViewIssueAction, ViewBoardAction, ViewIssueAction, EditIssueAction, ViewIssueAction, ViewDashboardAction, SearchJqlAction, ViewBacklogAction, SearchJqlAction, ViewIssueAction, ViewIssueAction, ViewDashboardAction, ProjectSummaryAction, ViewIssueAction, ViewIssueAction, ViewIssueAction, SearchJqlAction, PatientBrowseBoardsAction, ViewBacklogAction, ViewBoardAction, ViewIssueAction, CreateIssueAction, ViewDashboardAction, EditIssueAction, AddCommentAction, SearchJqlAction, ViewBacklogAction, ViewIssueAction, SearchJqlAction, ViewIssueAction, ViewIssueAction, SearchJqlAction, ViewIssueAction, BrowseProjectsAction, SearchJqlAction, AddCommentAction, ViewIssueAction, ViewIssueAction, ViewIssueAction, ProjectSummaryAction, ViewIssueAction, ViewBoardAction, ViewIssueAction, ViewBacklogAction, SearchJqlAction, ViewDashboardAction, SearchJqlAction, ViewIssueAction, ViewIssueAction, ViewIssueAction, ProjectSummaryAction, ViewBacklogAction, SearchJqlAction, ViewIssueAction, ViewIssueAction, ViewIssueAction, ViewIssueAction, ViewIssueAction, ViewBacklogAction, ViewIssueAction, ViewIssueAction, ViewBoardAction, ViewIssueAction, ViewDashboardAction, ViewBoardAction, PatientBrowseBoardsAction, ViewBoardAction, ViewIssueAction, ViewIssueAction, EditIssueAction, ViewIssueAction, ViewBacklogAction, EditIssueAction, ViewIssueAction, ViewIssueAction, ViewBoardAction, ViewBacklogAction, ViewBoardAction, ViewIssueAction, ViewBacklogAction, EditIssueAction, ViewIssueAction, SearchJqlAction, BrowseProjectsAction, ViewIssueAction, SearchJqlAction]
2019-05-18T16:32:55,850Z DEBUG {} [applying load #7634a13c-bec5-43db-9c02-11f5b20af505] [ViewIssueAction] Skipping View Issue action. I have no knowledge of issue keys.
2019-05-18T16:32:58,094Z DEBUG {} [applying load #fd2cee84-4cc3-4788-bdb6-52fb4a5cc607] [ViewBacklogAction] Skipping View Backlog. I have no knowledge of Boards.
2019-05-18T16:32:58,471Z DEBUG {} [applying load #91feac14-8c9f-430a-aad3-4afc2fe94a34] [ViewIssueAction] Skipping View Issue action. I have no knowledge of issue keys.
2019-05-18T16:32:58,630Z DEBUG {} [applying load #cfc0fc31-6ecf-4427-832a-37f5194e0242] [ViewBacklogAction] Skipping View Backlog. I have no knowledge of Boards.
2019-05-18T16:32:58,726Z DEBUG {} [applying load #7a27b16a-58cd-4d9c-9059-0596a0e4b87b] [ViewIssueAction] Skipping View Issue action. I have no knowledge of issue keys.
2019-05-18T16:33:00,485Z DEBUG {} [applying load #b2f17d1f-e2e6-4718-8d97-8c7ba24d2319] [ViewIssueAction] Skipping View Issue action. I have no knowledge of issue keys.
2019-05-18T16:33:00,608Z DEBUG {} [applying load #f251d700-f961-43d7-a244-8983219cd61a] [ViewIssueAction] Skipping View Issue action. I have no knowledge of issue keys.
2019-05-18T16:33:00,649Z DEBUG {} [applying load #7634a13c-bec5-43db-9c02-11f5b20af505] [ViewIssueAction] Skipping View Issue action. I have no knowledge of issue keys.
2019-05-18T16:33:03,431Z DEBUG {} [applying load #cfc0fc31-6ecf-4427-832a-37f5194e0242] [ViewIssueAction] Skipping View Issue action. I have no knowledge of issue keys.
2019-05-18T16:33:03,526Z DEBUG {} [applying load #7a27b16a-58cd-4d9c-9059-0596a0e4b87b] [ViewIssueAction] Skipping View Issue action. I have no knowledge of issue keys.
2019-05-18T16:33:05,286Z DEBUG {} [applying load #b2f17d1f-e2e6-4718-8d97-8c7ba24d2319] [ViewBoardAction] Skipping View Board. I have no knowledge of Boards.
2019-05-18T16:33:05,407Z DEBUG {} [applying load #f251d700-f961-43d7-a244-8983219cd61a] [ViewIssueAction] Skipping View Issue action. I have no knowledge of issue keys.
2019-05-18T16:33:07,694Z DEBUG {} [applying load #fd2cee84-4cc3-4788-bdb6-52fb4a5cc607] [ViewIssueAction] Skipping View Issue action. I have no knowledge of issue keys.
2019-05-18T16:33:08,070Z DEBUG {} [applying load #91feac14-8c9f-430a-aad3-4afc2fe94a34] [ViewIssueAction] Skipping View Issue action. I have no knowledge of issue keys.
2019-05-18T16:33:08,230Z DEBUG {} [applying load #cfc0fc31-6ecf-4427-832a-37f5194e0242] [ViewIssueAction] Skipping View Issue action. I have no knowledge of issue keys.
2019-05-18T16:33:08,326Z DEBUG {} [applying load #7a27b16a-58cd-4d9c-9059-0596a0e4b87b] [ViewIssueAction] Skipping View Issue action. I have no knowledge of issue keys.
2019-05-18T16:33:10,085Z DEBUG {} [applying load #b2f17d1f-e2e6-4718-8d97-8c7ba24d2319] [ViewIssueAction] Skipping View Issue action. I have no knowledge of issue keys.
2019-05-18T16:33:10,207Z DEBUG {} [applying load #f251d700-f961-43d7-a244-8983219cd61a] [ViewBoardAction] Skipping View Board. I have no knowledge of Boards.
2019-05-18T16:33:12,493Z DEBUG {} [applying load #fd2cee84-4cc3-4788-bdb6-52fb4a5cc607] [ViewBoardAction] Skipping View Board. I have no knowledge of Boards.
2019-05-18T16:33:12,871Z DEBUG {} [applying load #91feac14-8c9f-430a-aad3-4afc2fe94a34] [ViewIssueAction] Skipping View Issue action. I have no knowledge of issue keys.
2019-05-18T16:33:13,127Z DEBUG {} [applying load #7a27b16a-58cd-4d9c-9059-0596a0e4b87b] [ViewIssueAction] Skipping View Issue action. I have no knowledge of issue keys.
2019-05-18T16:33:14,885Z DEBUG {} [applying load #b2f17d1f-e2e6-4718-8d97-8c7ba24d2319] [AddCommentAction] Cannot add a comment, because I didn't see any issues yet
2019-05-18T16:33:17,293Z DEBUG {} [applying load #fd2cee84-4cc3-4788-bdb6-52fb4a5cc607] [ViewBacklogAction] Skipping View Backlog. I have no knowledge of Boards.
2019-05-18T16:33:17,670Z DEBUG {} [applying load #91feac14-8c9f-430a-aad3-4afc2fe94a34] [AddCommentAction] Cannot add a comment, because I didn't see any issues yet
2019-05-18T16:33:17,926Z DEBUG {} [applying load #7a27b16a-58cd-4d9c-9059-0596a0e4b87b] [CreateIssueAction] Skipping Create issue action. I have no knowledge of projects.
2019-05-18T16:33:19,685Z DEBUG {} [applying load #b2f17d1f-e2e6-4718-8d97-8c7ba24d2319] [ViewIssueAction] Skipping View Issue action. I have no knowledge of issue keys.
2019-05-18T16:33:22,093Z DEBUG {} [applying load #fd2cee84-4cc3-4788-bdb6-52fb4a5cc607] [ViewIssueAction] Skipping View Issue action. I have no knowledge of issue keys.
2019-05-18T16:33:24,381Z DEBUG {} [applying load #cfc0fc31-6ecf-4427-832a-37f5194e0242] [AdaptiveJqlMemory] Rendered a new jql query: <<project = AASKSA order by status>>
2019-05-18T16:33:24,607Z DEBUG {} [applying load #f251d700-f961-43d7-a244-8983219cd61a] [ViewBoardAction] Skipping View Board. I have no knowledge of Boards.
2019-05-18T16:33:26,893Z DEBUG {} [applying load #fd2cee84-4cc3-4788-bdb6-52fb4a5cc607] [ViewBoardAction] Skipping View Board. I have no knowledge of Boards.
2019-05-18T16:33:27,270Z DEBUG {} [applying load #91feac14-8c9f-430a-aad3-4afc2fe94a34] [ViewIssueAction] Skipping View Issue action. I have no knowledge of issue keys.
2019-05-18T16:33:27,526Z DEBUG {} [applying load #7a27b16a-58cd-4d9c-9059-0596a0e4b87b] [ViewBoardAction] Skipping View Board. I have no knowledge of Boards.
2019-05-18T16:33:29,407Z DEBUG {} [applying load #f251d700-f961-43d7-a244-8983219cd61a] [ViewBoardAction] Skipping View Board. I have no knowledge of Boards.
2019-05-18T16:33:31,693Z DEBUG {} [applying load #fd2cee84-4cc3-4788-bdb6-52fb4a5cc607] [ViewIssueAction] Skipping View Issue action. I have no knowledge of issue keys.
2019-05-18T16:33:32,230Z DEBUG {} [applying load #cfc0fc31-6ecf-4427-832a-37f5194e0242] [ViewBoardAction] Skipping View Board. I have no knowledge of Boards.
2019-05-18T16:33:32,326Z DEBUG {} [applying load #7a27b16a-58cd-4d9c-9059-0596a0e4b87b] [ViewBoardAction] Skipping View Board. I have no knowledge of Boards.
2019-05-18T16:33:36,493Z DEBUG {} [applying load #fd2cee84-4cc3-4788-bdb6-52fb4a5cc607] [ViewIssueAction] Skipping View Issue action. I have no knowledge of issue keys.
2019-05-18T16:33:36,870Z DEBUG {} [applying load #91feac14-8c9f-430a-aad3-4afc2fe94a34] [ViewIssueAction] Skipping View Issue action. I have no knowledge of issue keys.
2019-05-18T16:33:37,127Z DEBUG {} [applying load #7a27b16a-58cd-4d9c-9059-0596a0e4b87b] [ViewIssueAction] Skipping View Issue action. I have no knowledge of issue keys.
2019-05-18T16:33:37,246Z DEBUG {} [applying load #d2b1ad2b-061a-4150-b96d-11a848f2957a] [AdaptiveJqlMemory] Rendered a new jql query: <<project = BGFFIA order by status>>
2019-05-18T16:33:37,247Z DEBUG {} [applying load #d2b1ad2b-061a-4150-b96d-11a848f2957a] [ViewBacklogAction] Skipping View Backlog. I have no knowledge of Boards.
2019-05-18T16:33:38,084Z DEBUG {} [applying load #f2004877-5991-4813-927d-caa8cb5d034f] [AdaptiveJqlMemory] Rendered a new jql query: <<project = BYSHI order by status>>
2019-05-18T16:33:38,546Z DEBUG {} [applying load #559b5fb4-bceb-465b-9abc-497e31fa53e0] [AdaptiveJqlMemory] Rendered a new jql query: <<project = AMSAI order by status>>
2019-05-18T16:33:39,559Z DEBUG {} [applying load #559b5fb4-bceb-465b-9abc-497e31fa53e0] [AdaptiveJqlMemory] Rendered a new jql query: <<assignee = xrpjgmuae order by project>>
2019-05-18T16:33:39,699Z DEBUG {} [applying load #9723ff5e-3b89-4655-828f-4402f6e36912] [AdaptiveJqlMemory] Rendered a new jql query: <<project = ANIOS order by status>>
2019-05-18T16:33:39,699Z DEBUG {} [applying load #9723ff5e-3b89-4655-828f-4402f6e36912] [ViewBacklogAction] Skipping View Backlog. I have no knowledge of Boards.
2019-05-18T16:33:39,699Z DEBUG {} [applying load #9723ff5e-3b89-4655-828f-4402f6e36912] [ViewBacklogAction] Skipping View Backlog. I have no knowledge of Boards.
2019-05-18T16:33:39,975Z DEBUG {} [applying load #f251d700-f961-43d7-a244-8983219cd61a] [AdaptiveJqlMemory] Rendered a new jql query: <<project = AALBSA order by status>>
2019-05-18T16:33:40,714Z DEBUG {} [applying load #9723ff5e-3b89-4655-828f-4402f6e36912] [AdaptiveJqlMemory] Rendered a new jql query: <<assignee = iebyxzczp order by project>>
2019-05-18T16:33:40,943Z DEBUG {} [applying load #f251d700-f961-43d7-a244-8983219cd61a] [AdaptiveJqlMemory] Rendered a new jql query: <<reporter was jpt-85aafd7a-bf8a-44c2-920a-d5541cb9123e order by description>>
2019-05-18T16:33:41,293Z DEBUG {} [applying load #fd2cee84-4cc3-4788-bdb6-52fb4a5cc607] [ViewBoardAction] Skipping View Board. I have no knowledge of Boards.
2019-05-18T16:33:41,757Z DEBUG {} [applying load #9723ff5e-3b89-4655-828f-4402f6e36912] [AdaptiveJqlMemory] Rendered a new jql query: <<reporter was dvcjvdgns order by description>>
2019-05-18T16:33:41,926Z DEBUG {} [applying load #7a27b16a-58cd-4d9c-9059-0596a0e4b87b] [ViewIssueAction] Skipping View Issue action. I have no knowledge of issue keys.
2019-05-18T16:33:41,971Z DEBUG {} [applying load #559b5fb4-bceb-465b-9abc-497e31fa53e0] [ViewBacklogAction] Skipping View Backlog. I have no knowledge of Boards.
2019-05-18T16:33:43,049Z DEBUG {} [applying load #559b5fb4-bceb-465b-9abc-497e31fa53e0] [AdaptiveJqlMemory] Rendered a new jql query: <<reporter was cuhxaewcx order by description>>
2019-05-18T16:33:43,072Z DEBUG {} [applying load #9723ff5e-3b89-4655-828f-4402f6e36912] [AdaptiveJqlMemory] Rendered a new jql query: <<project = CGILSA and assignee = dpscdxzgp order by reporter>>
2019-05-18T16:33:43,162Z DEBUG {} [applying load #cfc0fc31-6ecf-4427-832a-37f5194e0242] [AdaptiveJqlMemory] Rendered a new jql query: <<assignee = siwqedicz order by project>>
2019-05-18T16:33:43,773Z DEBUG {} [applying load #37022922-34df-49a8-9f4f-6101078d0922] [AdaptiveJqlMemory] Rendered a new jql query: <<project = CCAFR order by status>>
2019-05-18T16:33:44,493Z DEBUG {} [applying load #7634a13c-bec5-43db-9c02-11f5b20af505] [AdaptiveJqlMemory] Rendered a new jql query: <<project = NLKS order by status>>
2019-05-18T16:33:44,770Z DEBUG {} [applying load #37022922-34df-49a8-9f4f-6101078d0922] [AdaptiveJqlMemory] Rendered a new jql query: <<assignee = sqxumrjtj order by project>>
2019-05-18T16:33:44,843Z DEBUG {} [applying load #f251d700-f961-43d7-a244-8983219cd61a] [AdaptiveJqlMemory] Rendered a new jql query: <<text ~ "summary" order by key>>
2019-05-18T16:33:45,631Z DEBUG {} [applying load #7634a13c-bec5-43db-9c02-11f5b20af505] [AdaptiveJqlMemory] Rendered a new jql query: <<assignee = xgsqbwfpe order by project>>
2019-05-18T16:33:45,876Z DEBUG {} [applying load #37022922-34df-49a8-9f4f-6101078d0922] [AdaptiveJqlMemory] Rendered a new jql query: <<reporter was jhducdxpd order by description>>
2019-05-18T16:33:46,884Z DEBUG {} [applying load #37022922-34df-49a8-9f4f-6101078d0922] [AdaptiveJqlMemory] Rendered a new jql query: <<project = BBEHIA and assignee = sqxumrjtj order by reporter>>
2019-05-18T16:33:47,323Z DEBUG {} [applying load #9723ff5e-3b89-4655-828f-4402f6e36912] [ViewBoardAction] Skipping View Board. I have no knowledge of Boards.
2019-05-18T16:33:47,678Z DEBUG {} [applying load #559b5fb4-bceb-465b-9abc-497e31fa53e0] [AdaptiveJqlMemory] Rendered a new jql query: <<project = BYSHI and assignee = sgquoftoc order by reporter>>
2019-05-18T16:33:48,000Z DEBUG {} [applying load #37022922-34df-49a8-9f4f-6101078d0922] [AdaptiveJqlMemory] Rendered a new jql query: <<text ~ "summary" order by key>>
2019-05-18T16:33:48,000Z DEBUG {} [applying load #37022922-34df-49a8-9f4f-6101078d0922] [CreateIssueAction] Skipping Create issue action. I have no knowledge of projects.
2019-05-18T16:33:49,316Z DEBUG {} [applying load #7634a13c-bec5-43db-9c02-11f5b20af505] [AdaptiveJqlMemory] Rendered a new jql query: <<reporter was jpt-85aafd7a-bf8a-44c2-920a-d5541cb9123e order by description>>
2019-05-18T16:33:50,341Z DEBUG {} [applying load #7634a13c-bec5-43db-9c02-11f5b20af505] [AdaptiveJqlMemory] Rendered a new jql query: <<project = GAMY and assignee = qwbrdwyxk order by reporter>>
2019-05-18T16:33:50,894Z DEBUG {} [applying load #fd2cee84-4cc3-4788-bdb6-52fb4a5cc607] [ViewBacklogAction] Skipping View Backlog. I have no knowledge of Boards.
2019-05-18T16:33:51,526Z DEBUG {} [applying load #7a27b16a-58cd-4d9c-9059-0596a0e4b87b] [ViewBacklogAction] Skipping View Backlog. I have no knowledge of Boards.
2019-05-18T16:33:51,803Z DEBUG {} [applying load #559b5fb4-bceb-465b-9abc-497e31fa53e0] [AdaptiveJqlMemory] Rendered a new jql query: <<text ~ "saucy" order by key>>
2019-05-18T16:33:51,803Z DEBUG {} [applying load #559b5fb4-bceb-465b-9abc-497e31fa53e0] [ViewBoardAction] Skipping View Board. I have no knowledge of Boards.
2019-05-18T16:33:53,263Z DEBUG {} [applying load #91feac14-8c9f-430a-aad3-4afc2fe94a34] [SeededRandom] Using seed 1558197233
2019-05-18T16:33:53,878Z DEBUG {} [applying load #37022922-34df-49a8-9f4f-6101078d0922] [ViewBoardAction] Skipping View Board. I have no knowledge of Boards.
2019-05-18T16:33:55,693Z DEBUG {} [applying load #fd2cee84-4cc3-4788-bdb6-52fb4a5cc607] [ViewIssueAction] Skipping View Issue action. I have no knowledge of issue keys.
2019-05-18T16:33:56,231Z DEBUG {} [applying load #cfc0fc31-6ecf-4427-832a-37f5194e0242] [ViewBacklogAction] Skipping View Backlog. I have no knowledge of Boards.
2019-05-18T16:34:00,493Z DEBUG {} [applying load #fd2cee84-4cc3-4788-bdb6-52fb4a5cc607] [ViewIssueAction] Skipping View Issue action. I have no knowledge of issue keys.
2019-05-18T16:34:01,127Z DEBUG {} [applying load #7a27b16a-58cd-4d9c-9059-0596a0e4b87b] [ViewIssueAction] Skipping View Issue action. I have no knowledge of issue keys.
2019-05-18T16:34:01,655Z DEBUG {} [applying load #91feac14-8c9f-430a-aad3-4afc2fe94a34] [SeededRandom] Using seed 1558197241
2019-05-18T16:34:01,935Z DEBUG {} [applying load #37022922-34df-49a8-9f4f-6101078d0922] [SeededRandom] Using seed 1558197241
2019-05-18T16:34:02,159Z DEBUG {} [applying load #cfc0fc31-6ecf-4427-832a-37f5194e0242] [AdaptiveJqlMemory] Rendered a new jql query: <<reporter was videxetmj order by description>>
2019-05-18T16:34:02,388Z DEBUG {} [applying load #7634a13c-bec5-43db-9c02-11f5b20af505] [AdaptiveJqlMemory] Rendered a new jql query: <<text ~ "Acceptable" order by key>>
2019-05-18T16:34:03,543Z DEBUG {} [applying load #559b5fb4-bceb-465b-9abc-497e31fa53e0] [ViewBoardAction] Skipping View Board. I have no knowledge of Boards.
2019-05-18T16:34:04,261Z DEBUG {} [applying load #91feac14-8c9f-430a-aad3-4afc2fe94a34] [ViewBacklogAction] Skipping View Backlog. I have no knowledge of Boards.
2019-05-18T16:34:05,294Z DEBUG {} [applying load #fd2cee84-4cc3-4788-bdb6-52fb4a5cc607] [ViewIssueAction] Skipping View Issue action. I have no knowledge of issue keys.
2019-05-18T16:34:05,671Z DEBUG {} [applying load #91feac14-8c9f-430a-aad3-4afc2fe94a34] [ViewIssueAction] Skipping View Issue action. I have no knowledge of issue keys.
2019-05-18T16:34:10,470Z DEBUG {} [applying load #91feac14-8c9f-430a-aad3-4afc2fe94a34] [ViewIssueAction] Skipping View Issue action. I have no knowledge of issue keys.
2019-05-18T16:34:10,630Z DEBUG {} [applying load #cfc0fc31-6ecf-4427-832a-37f5194e0242] [ViewBacklogAction] Skipping View Backlog. I have no knowledge of Boards.
2019-05-18T16:34:11,328Z DEBUG {} [applying load #37022922-34df-49a8-9f4f-6101078d0922] [SeededRandom] Using seed 1558197251
2019-05-18T16:34:15,271Z DEBUG {} [applying load #91feac14-8c9f-430a-aad3-4afc2fe94a34] [ViewBacklogAction] Skipping View Backlog. I have no knowledge of Boards.
2019-05-18T16:34:15,430Z DEBUG {} [applying load #cfc0fc31-6ecf-4427-832a-37f5194e0242] [ViewBoardAction] Skipping View Board. I have no knowledge of Boards.
2019-05-18T16:34:20,070Z DEBUG {} [applying load #91feac14-8c9f-430a-aad3-4afc2fe94a34] [ViewIssueAction] Skipping View Issue action. I have no knowledge of issue keys.
2019-05-18T16:34:24,032Z DEBUG {} [applying load #b2f17d1f-e2e6-4718-8d97-8c7ba24d2319] [ViewBoardAction] Skipping View Board. I have no knowledge of Boards.
2019-05-18T16:34:24,032Z DEBUG {} [applying load #b2f17d1f-e2e6-4718-8d97-8c7ba24d2319] [AddCommentAction] Cannot add a comment, because I didn't see any issues yet
2019-05-18T16:34:24,871Z DEBUG {} [applying load #91feac14-8c9f-430a-aad3-4afc2fe94a34] [ViewBoardAction] Skipping View Board. I have no knowledge of Boards.
2019-05-18T16:34:27,543Z DEBUG {} [applying load #559b5fb4-bceb-465b-9abc-497e31fa53e0] [CreateIssueAction] Skipping Create issue action. I have no knowledge of projects.
2019-05-18T16:34:27,825Z DEBUG {} [applying load #cfc0fc31-6ecf-4427-832a-37f5194e0242] [SeededRandom] Using seed 1558197267
2019-05-18T16:34:29,670Z DEBUG {} [applying load #91feac14-8c9f-430a-aad3-4afc2fe94a34] [ViewBoardAction] Skipping View Board. I have no knowledge of Boards.
2019-05-18T16:34:31,843Z DEBUG {} [applying load #cfc0fc31-6ecf-4427-832a-37f5194e0242] [AdaptiveJqlMemory] Rendered a new jql query: <<text ~ "summary" order by key>>
2019-05-18T16:34:34,630Z DEBUG {} [applying load #cfc0fc31-6ecf-4427-832a-37f5194e0242] [ViewBacklogAction] Skipping View Backlog. I have no knowledge of Boards.
2019-05-18T16:34:35,702Z DEBUG {} [applying load #d2b1ad2b-061a-4150-b96d-11a848f2957a] [ViewBoardAction] Skipping View Board. I have no knowledge of Boards.
2019-05-18T16:34:35,702Z DEBUG {} [applying load #d2b1ad2b-061a-4150-b96d-11a848f2957a] [ViewBoardAction] Skipping View Board. I have no knowledge of Boards.
2019-05-18T16:34:36,879Z DEBUG {} [applying load #b2f17d1f-e2e6-4718-8d97-8c7ba24d2319] [SeededRandom] Using seed 1558197276
2019-05-18T16:34:37,144Z DEBUG {} [applying load #559b5fb4-bceb-465b-9abc-497e31fa53e0] [CreateIssueAction] Skipping Create issue action. I have no knowledge of projects.
2019-05-18T16:34:37,247Z DEBUG {} [applying load #37022922-34df-49a8-9f4f-6101078d0922] [ViewBacklogAction] Skipping View Backlog. I have no knowledge of Boards.
2019-05-18T16:34:37,255Z DEBUG {} [applying load #d2b1ad2b-061a-4150-b96d-11a848f2957a] [AdaptiveJqlMemory] Rendered a new jql query: <<assignee = sgquoftoc order by project>>
2019-05-18T16:34:37,255Z DEBUG {} [applying load #d2b1ad2b-061a-4150-b96d-11a848f2957a] [ViewBacklogAction] Skipping View Backlog. I have no knowledge of Boards.
2019-05-18T16:34:38,559Z DEBUG {} [applying load #d2b1ad2b-061a-4150-b96d-11a848f2957a] [AdaptiveJqlMemory] Rendered a new jql query: <<reporter was vlgkqarpa order by description>>
2019-05-18T16:34:39,270Z DEBUG {} [applying load #91feac14-8c9f-430a-aad3-4afc2fe94a34] [ViewBacklogAction] Skipping View Backlog. I have no knowledge of Boards.
2019-05-18T16:34:39,682Z DEBUG {} [applying load #d2b1ad2b-061a-4150-b96d-11a848f2957a] [AdaptiveJqlMemory] Rendered a new jql query: <<project = BEINS and assignee = prdydkapb order by reporter>>
2019-05-18T16:34:39,682Z DEBUG {} [applying load #d2b1ad2b-061a-4150-b96d-11a848f2957a] [ProjectSummaryAction] Skipping Project summary action. I have no knowledge of projects.
2019-05-18T16:34:41,026Z DEBUG {} [applying load #b2f17d1f-e2e6-4718-8d97-8c7ba24d2319] [AdaptiveJqlMemory] Rendered a new jql query: <<project = AAATAA order by status>>
2019-05-18T16:34:41,131Z DEBUG {} [applying load #d2b1ad2b-061a-4150-b96d-11a848f2957a] [AdaptiveJqlMemory] Rendered a new jql query: <<text ~ "galore" order by key>>
2019-05-18T16:34:42,055Z DEBUG {} [applying load #b2f17d1f-e2e6-4718-8d97-8c7ba24d2319] [AdaptiveJqlMemory] Rendered a new jql query: <<reporter was jpt-d6b0d663-5b4d-4cc9-964d-fa5471d90851 order by description>>
2019-05-18T16:34:44,071Z DEBUG {} [applying load #91feac14-8c9f-430a-aad3-4afc2fe94a34] [EditIssueAction] Cannot edit any issue, because I didn't see any editable issues
2019-05-18T16:34:46,410Z DEBUG {} [applying load #b2f17d1f-e2e6-4718-8d97-8c7ba24d2319] [AdaptiveJqlMemory] Rendered a new jql query: <<assignee = icubmurie order by project>>
2019-05-18T16:34:46,410Z DEBUG {} [applying load #b2f17d1f-e2e6-4718-8d97-8c7ba24d2319] [ViewBacklogAction] Skipping View Backlog. I have no knowledge of Boards.
2019-05-18T16:34:48,085Z DEBUG {} [applying load #d2b1ad2b-061a-4150-b96d-11a848f2957a] [SeededRandom] Using seed 1558197288
2019-05-18T16:34:48,165Z DEBUG {} [applying load #f2004877-5991-4813-927d-caa8cb5d034f] [AdaptiveJqlMemory] Rendered a new jql query: <<reporter was jpt-77d6a70f-12ad-4a72-8029-4c74dfde4663 order by description>>
2019-05-18T16:34:48,165Z DEBUG {} [applying load #f2004877-5991-4813-927d-caa8cb5d034f] [ViewBacklogAction] Skipping View Backlog. I have no knowledge of Boards.
2019-05-18T16:34:49,193Z DEBUG {} [applying load #f2004877-5991-4813-927d-caa8cb5d034f] [AdaptiveJqlMemory] Rendered a new jql query: <<assignee = hsceifwmf order by project>>
2019-05-18T16:34:49,988Z DEBUG {} [applying load #d2b1ad2b-061a-4150-b96d-11a848f2957a] [CreateIssueAction] Skipping Create issue action. I have no knowledge of projects.
2019-05-18T16:34:49,988Z DEBUG {} [applying load #d2b1ad2b-061a-4150-b96d-11a848f2957a] [CreateIssueAction] Skipping Create issue action. I have no knowledge of projects.
2019-05-18T16:34:50,133Z DEBUG {} [applying load #cfc0fc31-6ecf-4427-832a-37f5194e0242] [AdaptiveJqlMemory] Rendered a new jql query: <<project = AASKSA and assignee = bagwbdukc order by reporter>>
2019-05-18T16:34:50,204Z DEBUG {} [applying load #f2004877-5991-4813-927d-caa8cb5d034f] [AdaptiveJqlMemory] Rendered a new jql query: <<text ~ "summary" order by key>>
2019-05-18T16:34:50,537Z DEBUG {} [applying load #b2f17d1f-e2e6-4718-8d97-8c7ba24d2319] [AdaptiveJqlMemory] Rendered a new jql query: <<text ~ "summary" order by key>>
2019-05-18T16:34:50,537Z DEBUG {} [applying load #b2f17d1f-e2e6-4718-8d97-8c7ba24d2319] [ViewBacklogAction] Skipping View Backlog. I have no knowledge of Boards.
2019-05-18T16:34:51,547Z DEBUG {} [applying load #b2f17d1f-e2e6-4718-8d97-8c7ba24d2319] [AdaptiveJqlMemory] Rendered a new jql query: <<project = FURX and assignee = eksvtojyj order by reporter>>
2019-05-18T16:34:51,757Z DEBUG {} [applying load #7634a13c-bec5-43db-9c02-11f5b20af505] [SeededRandom] Using seed 1558197291
2019-05-18T16:34:53,041Z DEBUG {} [applying load #d2b1ad2b-061a-4150-b96d-11a848f2957a] [ViewBoardAction] Skipping View Board. I have no knowledge of Boards.
2019-05-18T16:34:53,041Z DEBUG {} [applying load #d2b1ad2b-061a-4150-b96d-11a848f2957a] [ViewBoardAction] Skipping View Board. I have no knowledge of Boards.
2019-05-18T16:34:53,850Z DEBUG {} [applying load #559b5fb4-bceb-465b-9abc-497e31fa53e0] [SeededRandom] Using seed 1558197293
2019-05-18T16:34:54,946Z DEBUG {} [applying load #f251d700-f961-43d7-a244-8983219cd61a] [SeededRandom] Using seed 1558197294
2019-05-18T16:34:58,119Z DEBUG {} [applying load #9723ff5e-3b89-4655-828f-4402f6e36912] [ViewBoardAction] Skipping View Board. I have no knowledge of Boards.
2019-05-18T16:34:58,502Z DEBUG {} [applying load #559b5fb4-bceb-465b-9abc-497e31fa53e0] [SeededRandom] Using seed 1558197298
2019-05-18T16:34:58,832Z DEBUG {} [applying load #7634a13c-bec5-43db-9c02-11f5b20af505] [SeededRandom] Using seed 1558197298
2019-05-18T16:34:59,298Z DEBUG {} [applying load #9723ff5e-3b89-4655-828f-4402f6e36912] [AdaptiveJqlMemory] Rendered a new jql query: <<text ~ "libeler" order by key>>
2019-05-18T16:34:59,298Z DEBUG {} [applying load #9723ff5e-3b89-4655-828f-4402f6e36912] [ProjectSummaryAction] Skipping Project summary action. I have no knowledge of projects.
2019-05-18T16:35:00,987Z DEBUG {} [applying load #f251d700-f961-43d7-a244-8983219cd61a] [AdaptiveJqlMemory] Rendered a new jql query: <<assignee = stzagphbm order by project>>
2019-05-18T16:35:03,122Z DEBUG {} [applying load #559b5fb4-bceb-465b-9abc-497e31fa53e0] [SeededRandom] Using seed 1558197303
2019-05-18T16:35:04,567Z DEBUG {} [applying load #d2b1ad2b-061a-4150-b96d-11a848f2957a] [ViewBoardAction] Skipping View Board. I have no knowledge of Boards.
2019-05-18T16:35:06,367Z DEBUG {} [applying load #f251d700-f961-43d7-a244-8983219cd61a] [SeededRandom] Using seed 1558197306
2019-05-18T16:35:08,590Z DEBUG {} [applying load #7a27b16a-58cd-4d9c-9059-0596a0e4b87b] [AdaptiveJqlMemory] Rendered a new jql query: <<project = ANIOS order by status>>
2019-05-18T16:35:09,666Z DEBUG {} [applying load #f251d700-f961-43d7-a244-8983219cd61a] [AdaptiveJqlMemory] Rendered a new jql query: <<project = CALBA and assignee = gxeppodfe order by reporter>>
2019-05-18T16:35:09,667Z DEBUG {} [applying load #f251d700-f961-43d7-a244-8983219cd61a] [ViewBoardAction] Skipping View Board. I have no knowledge of Boards.
2019-05-18T16:35:09,667Z DEBUG {} [applying load #f251d700-f961-43d7-a244-8983219cd61a] [ViewBacklogAction] Skipping View Backlog. I have no knowledge of Boards.
2019-05-18T16:35:09,806Z DEBUG {} [applying load #7a27b16a-58cd-4d9c-9059-0596a0e4b87b] [AdaptiveJqlMemory] Rendered a new jql query: <<assignee = olulfceea order by project>>
2019-05-18T16:35:10,085Z DEBUG {} [applying load #b2f17d1f-e2e6-4718-8d97-8c7ba24d2319] [ViewBoardAction] Skipping View Board. I have no knowledge of Boards.
2019-05-18T16:35:11,012Z DEBUG {} [applying load #7a27b16a-58cd-4d9c-9059-0596a0e4b87b] [AdaptiveJqlMemory] Rendered a new jql query: <<reporter was mitqclgpg order by description>>
2019-05-18T16:35:13,565Z DEBUG {} [applying load #d2b1ad2b-061a-4150-b96d-11a848f2957a] [SeededRandom] Using seed 1558197313
2019-05-18T16:35:14,205Z DEBUG {} [applying load #cfc0fc31-6ecf-4427-832a-37f5194e0242] [SeededRandom] Using seed 1558197314
2019-05-18T16:35:15,544Z DEBUG {} [applying load #559b5fb4-bceb-465b-9abc-497e31fa53e0] [ViewBacklogAction] Skipping View Backlog. I have no knowledge of Boards.
2019-05-18T16:35:19,685Z DEBUG {} [applying load #b2f17d1f-e2e6-4718-8d97-8c7ba24d2319] [ViewBoardAction] Skipping View Board. I have no knowledge of Boards.
2019-05-18T16:35:19,804Z DEBUG {} [applying load #7a27b16a-58cd-4d9c-9059-0596a0e4b87b] [AdaptiveJqlMemory] Rendered a new jql query: <<project = AHANUA and assignee = cqgdqzjvn order by reporter>>
2019-05-18T16:35:20,844Z DEBUG {} [applying load #7a27b16a-58cd-4d9c-9059-0596a0e4b87b] [AdaptiveJqlMemory] Rendered a new jql query: <<text ~ "Klondike" order by key>>
2019-05-18T16:35:20,844Z DEBUG {} [applying load #7a27b16a-58cd-4d9c-9059-0596a0e4b87b] [ViewBoardAction] Skipping View Board. I have no knowledge of Boards.
2019-05-18T16:35:22,002Z DEBUG {} [applying load #7a27b16a-58cd-4d9c-9059-0596a0e4b87b] [ViewBacklogAction] Skipping View Backlog. I have no knowledge of Boards.
2019-05-18T16:35:22,030Z DEBUG {} [applying load #7634a13c-bec5-43db-9c02-11f5b20af505] [SeededRandom] Using seed 1558197322
2019-05-18T16:35:25,960Z DEBUG {} [applying load #f251d700-f961-43d7-a244-8983219cd61a] [SeededRandom] Using seed 1558197325
2019-05-18T16:35:26,277Z DEBUG {} [applying load #fd2cee84-4cc3-4788-bdb6-52fb4a5cc607] [AdaptiveJqlMemory] Rendered a new jql query: <<project = NLKS order by status>>
2019-05-18T16:35:27,307Z DEBUG {} [applying load #fd2cee84-4cc3-4788-bdb6-52fb4a5cc607] [AdaptiveJqlMemory] Rendered a new jql query: <<assignee = ghumwuhwz order by project>>
2019-05-18T16:35:27,595Z DEBUG {} [applying load #7a27b16a-58cd-4d9c-9059-0596a0e4b87b] [ProjectSummaryAction] Skipping Project summary action. I have no knowledge of projects.
2019-05-18T16:35:28,091Z DEBUG {} [applying load #f251d700-f961-43d7-a244-8983219cd61a] [ViewBoardAction] Skipping View Board. I have no knowledge of Boards.
2019-05-18T16:35:28,302Z DEBUG {} [applying load #fd2cee84-4cc3-4788-bdb6-52fb4a5cc607] [AdaptiveJqlMemory] Rendered a new jql query: <<reporter was brmhbwkzm order by description>>
2019-05-18T16:35:28,302Z DEBUG {} [applying load #fd2cee84-4cc3-4788-bdb6-52fb4a5cc607] [ViewBacklogAction] Skipping View Backlog. I have no knowledge of Boards.
2019-05-18T16:35:29,407Z DEBUG {} [applying load #fd2cee84-4cc3-4788-bdb6-52fb4a5cc607] [AdaptiveJqlMemory] Rendered a new jql query: <<project = BCTIA and assignee = xrpjgmuae order by reporter>>
2019-05-18T16:35:29,407Z DEBUG {} [applying load #f251d700-f961-43d7-a244-8983219cd61a] [ViewBoardAction] Skipping View Board. I have no knowledge of Boards.
2019-05-18T16:35:29,597Z DEBUG {} [applying load #7a27b16a-58cd-4d9c-9059-0596a0e4b87b] [ViewBoardAction] Skipping View Board. I have no knowledge of Boards.
2019-05-18T16:35:30,585Z DEBUG {} [applying load #fd2cee84-4cc3-4788-bdb6-52fb4a5cc607] [AdaptiveJqlMemory] Rendered a new jql query: <<text ~ "sorcerer" order by key>>
2019-05-18T16:35:34,915Z DEBUG {} [applying load #b2f17d1f-e2e6-4718-8d97-8c7ba24d2319] [SeededRandom] Using seed 1558197334
2019-05-18T16:35:35,096Z DEBUG {} [applying load #37022922-34df-49a8-9f4f-6101078d0922] [SeededRandom] Using seed 1558197335
2019-05-18T16:35:37,126Z DEBUG {} [applying load #7a27b16a-58cd-4d9c-9059-0596a0e4b87b] [ViewBacklogAction] Skipping View Backlog. I have no knowledge of Boards.
2019-05-18T16:35:40,027Z DEBUG {} [applying load #f2004877-5991-4813-927d-caa8cb5d034f] [AdaptiveJqlMemory] Rendered a new jql query: <<project = AAENA and assignee = obedbtzrd order by reporter>>
2019-05-18T16:35:41,148Z DEBUG {} [applying load #f2004877-5991-4813-927d-caa8cb5d034f] [ViewBoardAction] Skipping View Board. I have no knowledge of Boards.
2019-05-18T16:35:43,050Z DEBUG {} [applying load #f2004877-5991-4813-927d-caa8cb5d034f] [ViewBacklogAction] Skipping View Backlog. I have no knowledge of Boards.
2019-05-18T16:35:45,168Z DEBUG {} [applying load #7634a13c-bec5-43db-9c02-11f5b20af505] [SeededRandom] Using seed 1558197345
2019-05-18T16:35:49,850Z DEBUG {} [applying load #f2004877-5991-4813-927d-caa8cb5d034f] [ViewBoardAction] Skipping View Board. I have no knowledge of Boards.
2019-05-18T16:35:53,449Z DEBUG {} [applying load #7634a13c-bec5-43db-9c02-11f5b20af505] [ViewBacklogAction] Skipping View Backlog. I have no knowledge of Boards.
2019-05-18T16:35:59,381Z DEBUG {} [applying load #d2b1ad2b-061a-4150-b96d-11a848f2957a] [ViewBacklogAction] Skipping View Backlog. I have no knowledge of Boards.
2019-05-18T16:36:06,759Z DEBUG {} [applying load #91feac14-8c9f-430a-aad3-4afc2fe94a34] [ViewBoardAction] Skipping View Board. I have no knowledge of Boards.
2019-05-18T16:36:06,759Z DEBUG {} [applying load #91feac14-8c9f-430a-aad3-4afc2fe94a34] [ViewBacklogAction] Skipping View Backlog. I have no knowledge of Boards.
2019-05-18T16:36:06,759Z DEBUG {} [applying load #91feac14-8c9f-430a-aad3-4afc2fe94a34] [ViewBoardAction] Skipping View Board. I have no knowledge of Boards.
2019-05-18T16:36:07,849Z DEBUG {} [applying load #7634a13c-bec5-43db-9c02-11f5b20af505] [ViewBoardAction] Skipping View Board. I have no knowledge of Boards.
2019-05-18T16:36:08,446Z DEBUG {} [applying load #37022922-34df-49a8-9f4f-6101078d0922] [ViewBacklogAction] Skipping View Backlog. I have no knowledge of Boards.
2019-05-18T16:36:08,465Z DEBUG {} [applying load #91feac14-8c9f-430a-aad3-4afc2fe94a34] [AdaptiveJqlMemory] Rendered a new jql query: <<project = AAATAA order by status>>
2019-05-18T16:36:08,465Z DEBUG {} [applying load #91feac14-8c9f-430a-aad3-4afc2fe94a34] [ViewBacklogAction] Skipping View Backlog. I have no knowledge of Boards.
2019-05-18T16:36:08,626Z DEBUG {} [applying load #cfc0fc31-6ecf-4427-832a-37f5194e0242] [SeededRandom] Using seed 1558197368
2019-05-18T16:36:08,980Z DEBUG {} [applying load #d2b1ad2b-061a-4150-b96d-11a848f2957a] [ViewBoardAction] Skipping View Board. I have no knowledge of Boards.
2019-05-18T16:36:09,496Z DEBUG {} [applying load #91feac14-8c9f-430a-aad3-4afc2fe94a34] [AdaptiveJqlMemory] Rendered a new jql query: <<reporter was jpt-f28cf245-20c3-49b3-9a90-837cfe482622 order by description>>
2019-05-18T16:36:12,649Z DEBUG {} [applying load #7634a13c-bec5-43db-9c02-11f5b20af505] [ViewBoardAction] Skipping View Board. I have no knowledge of Boards.
2019-05-18T16:36:12,989Z DEBUG {} [applying load #91feac14-8c9f-430a-aad3-4afc2fe94a34] [SeededRandom] Using seed 1558197372
2019-05-18T16:36:17,908Z DEBUG {} [applying load #cfc0fc31-6ecf-4427-832a-37f5194e0242] [SeededRandom] Using seed 1558197377
2019-05-18T16:36:20,556Z DEBUG {} [applying load #91feac14-8c9f-430a-aad3-4afc2fe94a34] [AdaptiveJqlMemory] Rendered a new jql query: <<assignee = iwrinbmev order by project>>
2019-05-18T16:36:22,847Z DEBUG {} [applying load #37022922-34df-49a8-9f4f-6101078d0922] [ViewBoardAction] Skipping View Board. I have no knowledge of Boards.
2019-05-18T16:36:27,049Z DEBUG {} [applying load #7634a13c-bec5-43db-9c02-11f5b20af505] [ViewBoardAction] Skipping View Board. I have no knowledge of Boards.
2019-05-18T16:36:30,162Z DEBUG {} [applying load #559b5fb4-bceb-465b-9abc-497e31fa53e0] [CreateIssueAction] Skipping Create issue action. I have no knowledge of projects.
2019-05-18T16:36:31,114Z DEBUG {} [applying load #559b5fb4-bceb-465b-9abc-497e31fa53e0] [ViewBacklogAction] Skipping View Backlog. I have no knowledge of Boards.
2019-05-18T16:36:33,111Z DEBUG {} [applying load #91feac14-8c9f-430a-aad3-4afc2fe94a34] [AdaptiveJqlMemory] Rendered a new jql query: <<text ~ "summary" order by key>>
2019-05-18T16:36:36,533Z DEBUG {} [applying load #f2004877-5991-4813-927d-caa8cb5d034f] [SeededRandom] Using seed 1558197396
2019-05-18T16:36:36,651Z DEBUG {} [applying load #559b5fb4-bceb-465b-9abc-497e31fa53e0] [ViewBacklogAction] Skipping View Backlog. I have no knowledge of Boards.
2019-05-18T16:36:38,728Z DEBUG {} [applying load #91feac14-8c9f-430a-aad3-4afc2fe94a34] [AdaptiveJqlMemory] Rendered a new jql query: <<project = CCENI and assignee = jscuspibd order by reporter>>
2019-05-18T16:36:38,852Z DEBUG {} [applying load #7634a13c-bec5-43db-9c02-11f5b20af505] [SeededRandom] Using seed 1558197398
2019-05-18T16:36:45,239Z DEBUG {} [applying load #f2004877-5991-4813-927d-caa8cb5d034f] [SeededRandom] Using seed 1558197405
2019-05-18T16:36:46,743Z DEBUG {} [applying load #559b5fb4-bceb-465b-9abc-497e31fa53e0] [ViewBoardAction] Skipping View Board. I have no knowledge of Boards.
2019-05-18T16:36:47,597Z DEBUG {} [applying load #fd2cee84-4cc3-4788-bdb6-52fb4a5cc607] [CreateIssueAction] Skipping Create issue action. I have no knowledge of projects.
2019-05-18T16:36:49,420Z DEBUG {} [applying load #9723ff5e-3b89-4655-828f-4402f6e36912] [SeededRandom] Using seed 1558197409
2019-05-18T16:36:52,791Z DEBUG {} [applying load #fd2cee84-4cc3-4788-bdb6-52fb4a5cc607] [SeededRandom] Using seed 1558197412
2019-05-18T16:36:55,849Z DEBUG {} [applying load #7634a13c-bec5-43db-9c02-11f5b20af505] [ViewBacklogAction] Skipping View Backlog. I have no knowledge of Boards.
2019-05-18T16:36:55,928Z DEBUG {} [applying load #cfc0fc31-6ecf-4427-832a-37f5194e0242] [SeededRandom] Using seed 1558197415
2019-05-18T16:37:00,557Z DEBUG {} [applying load #9723ff5e-3b89-4655-828f-4402f6e36912] [ViewBacklogAction] Skipping View Backlog. I have no knowledge of Boards.
2019-05-18T16:37:03,566Z DEBUG {} [applying load #9723ff5e-3b89-4655-828f-4402f6e36912] [SeededRandom] Using seed 1558197423
2019-05-18T16:37:04,888Z DEBUG {} [applying load #fd2cee84-4cc3-4788-bdb6-52fb4a5cc607] [ViewBoardAction] Skipping View Board. I have no knowledge of Boards.
2019-05-18T16:37:04,888Z DEBUG {} [applying load #fd2cee84-4cc3-4788-bdb6-52fb4a5cc607] [CreateIssueAction] Skipping Create issue action. I have no knowledge of projects.
2019-05-18T16:37:05,315Z DEBUG {} [applying load #9723ff5e-3b89-4655-828f-4402f6e36912] [ViewBoardAction] Skipping View Board. I have no knowledge of Boards.
2019-05-18T16:37:05,372Z DEBUG {} [applying load #fd2cee84-4cc3-4788-bdb6-52fb4a5cc607] [ViewBacklogAction] Skipping View Backlog. I have no knowledge of Boards.
2019-05-18T16:37:07,098Z DEBUG {} [applying load #9723ff5e-3b89-4655-828f-4402f6e36912] [ViewBoardAction] Skipping View Board. I have no knowledge of Boards.
2019-05-18T16:37:09,361Z DEBUG {} [applying load #cfc0fc31-6ecf-4427-832a-37f5194e0242] [ViewBacklogAction] Skipping View Backlog. I have no knowledge of Boards.
2019-05-18T16:37:09,791Z DEBUG {} [applying load #fd2cee84-4cc3-4788-bdb6-52fb4a5cc607] [ViewBoardAction] Skipping View Board. I have no knowledge of Boards.
2019-05-18T16:37:17,831Z DEBUG {} [applying load #cfc0fc31-6ecf-4427-832a-37f5194e0242] [ViewBoardAction] Skipping View Board. I have no knowledge of Boards.
2019-05-18T16:37:24,308Z DEBUG {} [applying load #f251d700-f961-43d7-a244-8983219cd61a] [ViewBacklogAction] Skipping View Backlog. I have no knowledge of Boards.
2019-05-18T16:37:24,308Z DEBUG {} [applying load #f251d700-f961-43d7-a244-8983219cd61a] [ViewBoardAction] Skipping View Board. I have no knowledge of Boards.
2019-05-18T16:37:30,232Z DEBUG {} [applying load #d2b1ad2b-061a-4150-b96d-11a848f2957a] [SeededRandom] Using seed 1558197450
2019-05-18T16:37:31,893Z DEBUG {} [applying load #559b5fb4-bceb-465b-9abc-497e31fa53e0] [SeededRandom] Using seed 1558197451
2019-05-18T16:37:33,730Z DEBUG {} [applying load #7a27b16a-58cd-4d9c-9059-0596a0e4b87b] [SeededRandom] Using seed 1558197453
2019-05-18T16:37:34,516Z DEBUG {} [applying load #37022922-34df-49a8-9f4f-6101078d0922] [ViewBoardAction] Skipping View Board. I have no knowledge of Boards.
2019-05-18T16:37:34,516Z DEBUG {} [applying load #37022922-34df-49a8-9f4f-6101078d0922] [ViewBacklogAction] Skipping View Backlog. I have no knowledge of Boards.
2019-05-18T16:37:41,697Z DEBUG {} [applying load #d2b1ad2b-061a-4150-b96d-11a848f2957a] [SeededRandom] Using seed 1558197461
2019-05-18T16:37:42,029Z DEBUG {} [applying load #37022922-34df-49a8-9f4f-6101078d0922] [ViewBacklogAction] Skipping View Backlog. I have no knowledge of Boards.
2019-05-18T16:37:44,906Z DEBUG {} [applying load #f251d700-f961-43d7-a244-8983219cd61a] [ViewBoardAction] Skipping View Board. I have no knowledge of Boards.
2019-05-18T16:37:44,906Z DEBUG {} [applying load #f251d700-f961-43d7-a244-8983219cd61a] [ViewBacklogAction] Skipping View Backlog. I have no knowledge of Boards.
2019-05-18T16:37:44,906Z DEBUG {} [applying load #f251d700-f961-43d7-a244-8983219cd61a] [ViewBacklogAction] Skipping View Backlog. I have no knowledge of Boards.
2019-05-18T16:37:49,307Z DEBUG {} [applying load #37022922-34df-49a8-9f4f-6101078d0922] [SeededRandom] Using seed 1558197469
2019-05-18T16:37:51,431Z DEBUG {} [applying load #cfc0fc31-6ecf-4427-832a-37f5194e0242] [ViewBoardAction] Skipping View Board. I have no knowledge of Boards.
2019-05-18T16:37:54,893Z DEBUG {} [applying load #f251d700-f961-43d7-a244-8983219cd61a] [ViewBoardAction] Skipping View Board. I have no knowledge of Boards.
2019-05-18T16:37:55,660Z DEBUG {} [applying load #f2004877-5991-4813-927d-caa8cb5d034f] [SeededRandom] Using seed 1558197475
2019-05-18T16:37:56,230Z DEBUG {} [applying load #cfc0fc31-6ecf-4427-832a-37f5194e0242] [ViewBoardAction] Skipping View Board. I have no knowledge of Boards.
2019-05-18T16:37:59,218Z DEBUG {} [applying load #f2004877-5991-4813-927d-caa8cb5d034f] [SeededRandom] Using seed 1558197479
2019-05-18T16:38:01,030Z DEBUG {} [applying load #cfc0fc31-6ecf-4427-832a-37f5194e0242] [ViewBoardAction] Skipping View Board. I have no knowledge of Boards.
2019-05-18T16:38:05,038Z DEBUG {} [applying load #f251d700-f961-43d7-a244-8983219cd61a] [SeededRandom] Using seed 1558197485
2019-05-18T16:38:06,457Z DEBUG {} [applying load #91feac14-8c9f-430a-aad3-4afc2fe94a34] [SeededRandom] Using seed 1558197486
2019-05-18T16:38:10,631Z DEBUG {} [applying load #cfc0fc31-6ecf-4427-832a-37f5194e0242] [ViewBacklogAction] Skipping View Backlog. I have no knowledge of Boards.
2019-05-18T16:38:13,677Z DEBUG {} [applying load #f2004877-5991-4813-927d-caa8cb5d034f] [SeededRandom] Using seed 1558197493
2019-05-18T16:38:15,205Z DEBUG {} [applying load #9723ff5e-3b89-4655-828f-4402f6e36912] [SeededRandom] Using seed 1558197495
2019-05-18T16:38:20,566Z DEBUG {} [applying load #91feac14-8c9f-430a-aad3-4afc2fe94a34] [SeededRandom] Using seed 1558197500
2019-05-18T16:38:22,471Z DEBUG {} [applying load #f2004877-5991-4813-927d-caa8cb5d034f] [SeededRandom] Using seed 1558197502
2019-05-18T16:38:23,390Z DEBUG {} [applying load #d2b1ad2b-061a-4150-b96d-11a848f2957a] [ViewBacklogAction] Skipping View Backlog. I have no knowledge of Boards.
2019-05-18T16:38:24,371Z DEBUG {} [applying load #d2b1ad2b-061a-4150-b96d-11a848f2957a] [ViewBacklogAction] Skipping View Backlog. I have no knowledge of Boards.
2019-05-18T16:38:25,147Z DEBUG {} [applying load #cfc0fc31-6ecf-4427-832a-37f5194e0242] [SeededRandom] Using seed 1558197505
2019-05-18T16:38:25,479Z DEBUG {} [applying load #7a27b16a-58cd-4d9c-9059-0596a0e4b87b] [SeededRandom] Using seed 1558197505
2019-05-18T16:38:25,874Z DEBUG {} [applying load #d2b1ad2b-061a-4150-b96d-11a848f2957a] [ViewBoardAction] Skipping View Board. I have no knowledge of Boards.
2019-05-18T16:38:28,501Z DEBUG {} [applying load #d2b1ad2b-061a-4150-b96d-11a848f2957a] [ViewBacklogAction] Skipping View Backlog. I have no knowledge of Boards.
2019-05-18T16:38:29,019Z DEBUG {} [applying load #fd2cee84-4cc3-4788-bdb6-52fb4a5cc607] [SeededRandom] Using seed 1558197509
2019-05-18T16:38:30,034Z DEBUG {} [applying load #b2f17d1f-e2e6-4718-8d97-8c7ba24d2319] [SeededRandom] Using seed 1558197510
2019-05-18T16:38:32,018Z DEBUG {} [applying load #cfc0fc31-6ecf-4427-832a-37f5194e0242] [SeededRandom] Using seed 1558197512
2019-05-18T16:38:34,156Z DEBUG {} [applying load #9723ff5e-3b89-4655-828f-4402f6e36912] [SeededRandom] Using seed 1558197514
2019-05-18T16:38:35,337Z DEBUG {} [applying load #91feac14-8c9f-430a-aad3-4afc2fe94a34] [SeededRandom] Using seed 1558197515
2019-05-18T16:38:35,436Z DEBUG {} [applying load #fd2cee84-4cc3-4788-bdb6-52fb4a5cc607] [SeededRandom] Using seed 1558197515
2019-05-18T16:38:37,435Z DEBUG {} [applying load #d2b1ad2b-061a-4150-b96d-11a848f2957a] [SeededRandom] Using seed 1558197517
2019-05-18T16:38:39,503Z DEBUG {} [applying load #f2004877-5991-4813-927d-caa8cb5d034f] [SeededRandom] Using seed 1558197519
2019-05-18T16:38:43,107Z DEBUG {} [applying load #b2f17d1f-e2e6-4718-8d97-8c7ba24d2319] [SeededRandom] Using seed 1558197523
2019-05-18T16:38:46,612Z DEBUG {} [applying load #7634a13c-bec5-43db-9c02-11f5b20af505] [SeededRandom] Using seed 1558197526
2019-05-18T16:38:50,469Z DEBUG {} [applying load #f2004877-5991-4813-927d-caa8cb5d034f] [SeededRandom] Using seed 1558197530
2019-05-18T16:38:51,313Z DEBUG {} [applying load #7634a13c-bec5-43db-9c02-11f5b20af505] [SeededRandom] Using seed 1558197531
2019-05-18T16:38:52,069Z DEBUG {} [applying load #559b5fb4-bceb-465b-9abc-497e31fa53e0] [ViewBoardAction] Skipping View Board. I have no knowledge of Boards.
2019-05-18T16:38:53,830Z DEBUG {} [applying load #cfc0fc31-6ecf-4427-832a-37f5194e0242] [ViewBoardAction] Skipping View Board. I have no knowledge of Boards.
2019-05-18T16:38:55,807Z DEBUG {} [applying load #f251d700-f961-43d7-a244-8983219cd61a] [ViewBacklogAction] Skipping View Backlog. I have no knowledge of Boards.
2019-05-18T16:38:58,399Z ERROR {} [applying load #7a27b16a-58cd-4d9c-9059-0596a0e4b87b] [WebDriverDiagnostics] URL: http://jpt-a7080-loadbala-1wnkosb19kzsy-588422585.eu-west-1.elb.amazonaws.com/secure/RapidBoard.jspa?rapidView=631&view=planning, HTML dumped at diagnoses/e3d61c19-c74b-437d-8bfe-450cc8b45b03/dump.html, screenshot saved to diagnoses/e3d61c19-c74b-437d-8bfe-450cc8b45b03/screenshot.png
java.lang.Exception: Action 'View Backlog' ERROR
	at com.atlassian.performance.tools.jiraactions.api.measure.ActionMeter.record(ActionMeter.kt:132) ~[virtual-users.jar:?]
	at com.atlassian.performance.tools.jiraactions.api.measure.ActionMeter.measure(ActionMeter.kt:79) ~[virtual-users.jar:?]
	at com.atlassian.performance.tools.jirasoftwareactions.api.actions.ViewBacklogAction.run(ViewBacklogAction.kt:56) ~[virtual-users.jar:?]
	at com.atlassian.performance.tools.virtualusers.ExploratoryVirtualUser.runWithDiagnostics(ExploratoryVirtualUser.kt:79) [virtual-users.jar:?]
	at com.atlassian.performance.tools.virtualusers.ExploratoryVirtualUser.applyLoad(ExploratoryVirtualUser.kt:56) [virtual-users.jar:?]
	at com.atlassian.performance.tools.virtualusers.LoadTest.applyLoad(LoadTest.kt:164) [virtual-users.jar:?]
	at com.atlassian.performance.tools.virtualusers.LoadTest.access$applyLoad(LoadTest.kt:36) [virtual-users.jar:?]
	at com.atlassian.performance.tools.virtualusers.LoadTest$applyLoad$$inlined$forEach$lambda$1.run(LoadTest.kt:111) [virtual-users.jar:?]
	at java.util.concurrent.Executors$RunnableAdapter.call(Executors.java:511) [?:1.8.0_212]
	at java.util.concurrent.FutureTask.run(FutureTask.java:266) [?:1.8.0_212]
	at java.util.concurrent.ThreadPoolExecutor.runWorker(ThreadPoolExecutor.java:1149) [?:1.8.0_212]
	at java.util.concurrent.ThreadPoolExecutor$Worker.run(ThreadPoolExecutor.java:624) [?:1.8.0_212]
	at java.lang.Thread.run(Thread.java:748) [?:1.8.0_212]
Caused by: org.openqa.selenium.TimeoutException: Expected condition failed: waiting for presence of element located by: By.cssSelector: #ghx-backlog[data-rendered]:not(.browser-metrics-stale) (tried for 30 second(s) with 50 milliseconds interval)
	at org.openqa.selenium.support.ui.WebDriverWait.timeoutException(WebDriverWait.java:81) ~[virtual-users.jar:?]
	at org.openqa.selenium.support.ui.FluentWait.until(FluentWait.java:271) ~[virtual-users.jar:?]
	at com.atlassian.performance.tools.jiraactions.api.page.WebDriverUtils.wait(WebDriverExtension.kt:25) ~[virtual-users.jar:?]
	at com.atlassian.performance.tools.jiraactions.api.page.WebDriverUtils.wait$default(WebDriverExtension.kt:19) ~[virtual-users.jar:?]
	at com.atlassian.performance.tools.jirasoftwareactions.api.page.ViewBacklogPage.waitForBacklog(ViewBacklogPage.kt:12) ~[virtual-users.jar:?]
	at com.atlassian.performance.tools.jirasoftwareactions.api.actions.ViewBacklogAction$run$1.invoke(ViewBacklogAction.kt:60) ~[virtual-users.jar:?]
	at com.atlassian.performance.tools.jirasoftwareactions.api.actions.ViewBacklogAction$run$1.invoke(ViewBacklogAction.kt:15) ~[virtual-users.jar:?]
	at com.atlassian.performance.tools.jiraactions.api.measure.ActionMeter$measure$2.invoke(ActionMeter.kt:80) ~[virtual-users.jar:?]
	at com.atlassian.performance.tools.jiraactions.api.measure.ActionMeter$measure$2.invoke(ActionMeter.kt:25) ~[virtual-users.jar:?]
	at com.atlassian.performance.tools.jiraactions.api.measure.ActionMeter.record(ActionMeter.kt:102) ~[virtual-users.jar:?]
	... 12 more
Caused by: org.openqa.selenium.NoSuchElementException: Cannot locate an element using By.cssSelector: #ghx-backlog[data-rendered]:not(.browser-metrics-stale)
For documentation on this error, please visit: http://seleniumhq.org/exceptions/no_such_element.html
Build info: version: 'unknown', revision: 'unknown', time: 'unknown'
System info: host: 'ip-10-0-0-138', ip: '10.0.0.138', os.name: 'Linux', os.arch: 'amd64', os.version: '4.4.0-1067-aws', java.version: '1.8.0_212'
Driver info: driver.version: unknown
	at org.openqa.selenium.support.ui.ExpectedConditions.lambda$findElement$0(ExpectedConditions.java:896) ~[virtual-users.jar:?]
	at java.util.Optional.orElseThrow(Optional.java:290) ~[?:1.8.0_212]
	at org.openqa.selenium.support.ui.ExpectedConditions.findElement(ExpectedConditions.java:895) ~[virtual-users.jar:?]
	at org.openqa.selenium.support.ui.ExpectedConditions.access$000(ExpectedConditions.java:44) ~[virtual-users.jar:?]
	at org.openqa.selenium.support.ui.ExpectedConditions$6.apply(ExpectedConditions.java:183) ~[virtual-users.jar:?]
	at org.openqa.selenium.support.ui.ExpectedConditions$6.apply(ExpectedConditions.java:180) ~[virtual-users.jar:?]
	at org.openqa.selenium.support.ui.FluentWait.until(FluentWait.java:248) ~[virtual-users.jar:?]
	at com.atlassian.performance.tools.jiraactions.api.page.WebDriverUtils.wait(WebDriverExtension.kt:25) ~[virtual-users.jar:?]
	at com.atlassian.performance.tools.jiraactions.api.page.WebDriverUtils.wait$default(WebDriverExtension.kt:19) ~[virtual-users.jar:?]
	at com.atlassian.performance.tools.jirasoftwareactions.api.page.ViewBacklogPage.waitForBacklog(ViewBacklogPage.kt:12) ~[virtual-users.jar:?]
	at com.atlassian.performance.tools.jirasoftwareactions.api.actions.ViewBacklogAction$run$1.invoke(ViewBacklogAction.kt:60) ~[virtual-users.jar:?]
	at com.atlassian.performance.tools.jirasoftwareactions.api.actions.ViewBacklogAction$run$1.invoke(ViewBacklogAction.kt:15) ~[virtual-users.jar:?]
	at com.atlassian.performance.tools.jiraactions.api.measure.ActionMeter$measure$2.invoke(ActionMeter.kt:80) ~[virtual-users.jar:?]
	at com.atlassian.performance.tools.jiraactions.api.measure.ActionMeter$measure$2.invoke(ActionMeter.kt:25) ~[virtual-users.jar:?]
	at com.atlassian.performance.tools.jiraactions.api.measure.ActionMeter.record(ActionMeter.kt:102) ~[virtual-users.jar:?]
	... 12 more
2019-05-18T16:38:58,411Z ERROR {} [applying load #7a27b16a-58cd-4d9c-9059-0596a0e4b87b] [ExploratoryVirtualUser] Failed to run com.atlassian.performance.tools.jirasoftwareactions.api.actions.ViewBacklogAction@133c6249, but we keep running
java.lang.Exception: Failed to run com.atlassian.performance.tools.jirasoftwareactions.api.actions.ViewBacklogAction@133c6249
	at com.atlassian.performance.tools.virtualusers.ExploratoryVirtualUser.runWithDiagnostics(ExploratoryVirtualUser.kt:82) ~[virtual-users.jar:?]
	at com.atlassian.performance.tools.virtualusers.ExploratoryVirtualUser.applyLoad(ExploratoryVirtualUser.kt:56) [virtual-users.jar:?]
	at com.atlassian.performance.tools.virtualusers.LoadTest.applyLoad(LoadTest.kt:164) [virtual-users.jar:?]
	at com.atlassian.performance.tools.virtualusers.LoadTest.access$applyLoad(LoadTest.kt:36) [virtual-users.jar:?]
	at com.atlassian.performance.tools.virtualusers.LoadTest$applyLoad$$inlined$forEach$lambda$1.run(LoadTest.kt:111) [virtual-users.jar:?]
	at java.util.concurrent.Executors$RunnableAdapter.call(Executors.java:511) [?:1.8.0_212]
	at java.util.concurrent.FutureTask.run(FutureTask.java:266) [?:1.8.0_212]
	at java.util.concurrent.ThreadPoolExecutor.runWorker(ThreadPoolExecutor.java:1149) [?:1.8.0_212]
	at java.util.concurrent.ThreadPoolExecutor$Worker.run(ThreadPoolExecutor.java:624) [?:1.8.0_212]
	at java.lang.Thread.run(Thread.java:748) [?:1.8.0_212]
Caused by: java.lang.Exception: Action 'View Backlog' ERROR
	at com.atlassian.performance.tools.jiraactions.api.measure.ActionMeter.record(ActionMeter.kt:132) ~[virtual-users.jar:?]
	at com.atlassian.performance.tools.jiraactions.api.measure.ActionMeter.measure(ActionMeter.kt:79) ~[virtual-users.jar:?]
	at com.atlassian.performance.tools.jirasoftwareactions.api.actions.ViewBacklogAction.run(ViewBacklogAction.kt:56) ~[virtual-users.jar:?]
	at com.atlassian.performance.tools.virtualusers.ExploratoryVirtualUser.runWithDiagnostics(ExploratoryVirtualUser.kt:79) ~[virtual-users.jar:?]
	... 9 more
Caused by: org.openqa.selenium.TimeoutException: Expected condition failed: waiting for presence of element located by: By.cssSelector: #ghx-backlog[data-rendered]:not(.browser-metrics-stale) (tried for 30 second(s) with 50 milliseconds interval)
	at org.openqa.selenium.support.ui.WebDriverWait.timeoutException(WebDriverWait.java:81) ~[virtual-users.jar:?]
	at org.openqa.selenium.support.ui.FluentWait.until(FluentWait.java:271) ~[virtual-users.jar:?]
	at com.atlassian.performance.tools.jiraactions.api.page.WebDriverUtils.wait(WebDriverExtension.kt:25) ~[virtual-users.jar:?]
	at com.atlassian.performance.tools.jiraactions.api.page.WebDriverUtils.wait$default(WebDriverExtension.kt:19) ~[virtual-users.jar:?]
	at com.atlassian.performance.tools.jirasoftwareactions.api.page.ViewBacklogPage.waitForBacklog(ViewBacklogPage.kt:12) ~[virtual-users.jar:?]
	at com.atlassian.performance.tools.jirasoftwareactions.api.actions.ViewBacklogAction$run$1.invoke(ViewBacklogAction.kt:60) ~[virtual-users.jar:?]
	at com.atlassian.performance.tools.jirasoftwareactions.api.actions.ViewBacklogAction$run$1.invoke(ViewBacklogAction.kt:15) ~[virtual-users.jar:?]
	at com.atlassian.performance.tools.jiraactions.api.measure.ActionMeter$measure$2.invoke(ActionMeter.kt:80) ~[virtual-users.jar:?]
	at com.atlassian.performance.tools.jiraactions.api.measure.ActionMeter$measure$2.invoke(ActionMeter.kt:25) ~[virtual-users.jar:?]
	at com.atlassian.performance.tools.jiraactions.api.measure.ActionMeter.record(ActionMeter.kt:102) ~[virtual-users.jar:?]
	at com.atlassian.performance.tools.jiraactions.api.measure.ActionMeter.measure(ActionMeter.kt:79) ~[virtual-users.jar:?]
	at com.atlassian.performance.tools.jirasoftwareactions.api.actions.ViewBacklogAction.run(ViewBacklogAction.kt:56) ~[virtual-users.jar:?]
	at com.atlassian.performance.tools.virtualusers.ExploratoryVirtualUser.runWithDiagnostics(ExploratoryVirtualUser.kt:79) ~[virtual-users.jar:?]
	... 9 more
Caused by: org.openqa.selenium.NoSuchElementException: Cannot locate an element using By.cssSelector: #ghx-backlog[data-rendered]:not(.browser-metrics-stale)
For documentation on this error, please visit: http://seleniumhq.org/exceptions/no_such_element.html
Build info: version: 'unknown', revision: 'unknown', time: 'unknown'
System info: host: 'ip-10-0-0-138', ip: '10.0.0.138', os.name: 'Linux', os.arch: 'amd64', os.version: '4.4.0-1067-aws', java.version: '1.8.0_212'
Driver info: driver.version: unknown
	at org.openqa.selenium.support.ui.ExpectedConditions.lambda$findElement$0(ExpectedConditions.java:896) ~[virtual-users.jar:?]
	at java.util.Optional.orElseThrow(Optional.java:290) ~[?:1.8.0_212]
	at org.openqa.selenium.support.ui.ExpectedConditions.findElement(ExpectedConditions.java:895) ~[virtual-users.jar:?]
	at org.openqa.selenium.support.ui.ExpectedConditions.access$000(ExpectedConditions.java:44) ~[virtual-users.jar:?]
	at org.openqa.selenium.support.ui.ExpectedConditions$6.apply(ExpectedConditions.java:183) ~[virtual-users.jar:?]
	at org.openqa.selenium.support.ui.ExpectedConditions$6.apply(ExpectedConditions.java:180) ~[virtual-users.jar:?]
	at org.openqa.selenium.support.ui.FluentWait.until(FluentWait.java:248) ~[virtual-users.jar:?]
	at com.atlassian.performance.tools.jiraactions.api.page.WebDriverUtils.wait(WebDriverExtension.kt:25) ~[virtual-users.jar:?]
	at com.atlassian.performance.tools.jiraactions.api.page.WebDriverUtils.wait$default(WebDriverExtension.kt:19) ~[virtual-users.jar:?]
	at com.atlassian.performance.tools.jirasoftwareactions.api.page.ViewBacklogPage.waitForBacklog(ViewBacklogPage.kt:12) ~[virtual-users.jar:?]
	at com.atlassian.performance.tools.jirasoftwareactions.api.actions.ViewBacklogAction$run$1.invoke(ViewBacklogAction.kt:60) ~[virtual-users.jar:?]
	at com.atlassian.performance.tools.jirasoftwareactions.api.actions.ViewBacklogAction$run$1.invoke(ViewBacklogAction.kt:15) ~[virtual-users.jar:?]
	at com.atlassian.performance.tools.jiraactions.api.measure.ActionMeter$measure$2.invoke(ActionMeter.kt:80) ~[virtual-users.jar:?]
	at com.atlassian.performance.tools.jiraactions.api.measure.ActionMeter$measure$2.invoke(ActionMeter.kt:25) ~[virtual-users.jar:?]
	at com.atlassian.performance.tools.jiraactions.api.measure.ActionMeter.record(ActionMeter.kt:102) ~[virtual-users.jar:?]
	at com.atlassian.performance.tools.jiraactions.api.measure.ActionMeter.measure(ActionMeter.kt:79) ~[virtual-users.jar:?]
	at com.atlassian.performance.tools.jirasoftwareactions.api.actions.ViewBacklogAction.run(ViewBacklogAction.kt:56) ~[virtual-users.jar:?]
	at com.atlassian.performance.tools.virtualusers.ExploratoryVirtualUser.runWithDiagnostics(ExploratoryVirtualUser.kt:79) ~[virtual-users.jar:?]
	... 9 more
2019-05-18T16:38:59,218Z DEBUG {} [applying load #559b5fb4-bceb-465b-9abc-497e31fa53e0] [SeededRandom] Using seed 1558197539
2019-05-18T16:39:01,780Z DEBUG {} [applying load #d2b1ad2b-061a-4150-b96d-11a848f2957a] [ViewBacklogAction] Skipping View Backlog. I have no knowledge of Boards.
2019-05-18T16:39:02,497Z DEBUG {} [applying load #f251d700-f961-43d7-a244-8983219cd61a] [SeededRandom] Using seed 1558197542
2019-05-18T16:39:04,696Z DEBUG {} [applying load #559b5fb4-bceb-465b-9abc-497e31fa53e0] [ViewBoardAction] Skipping View Board. I have no knowledge of Boards.
2019-05-18T16:39:05,375Z DEBUG {} [applying load #559b5fb4-bceb-465b-9abc-497e31fa53e0] [ViewBoardAction] Skipping View Board. I have no knowledge of Boards.
2019-05-18T16:39:05,822Z DEBUG {} [applying load #7a27b16a-58cd-4d9c-9059-0596a0e4b87b] [SeededRandom] Using seed 1558197545
2019-05-18T16:39:06,035Z DEBUG {} [applying load #f2004877-5991-4813-927d-caa8cb5d034f] [SeededRandom] Using seed 1558197546
2019-05-18T16:39:08,717Z DEBUG {} [applying load #cfc0fc31-6ecf-4427-832a-37f5194e0242] [SeededRandom] Using seed 1558197548
2019-05-18T16:39:12,854Z DEBUG {} [applying load #7a27b16a-58cd-4d9c-9059-0596a0e4b87b] [SeededRandom] Using seed 1558197552
2019-05-18T16:39:22,631Z DEBUG {} [applying load #cfc0fc31-6ecf-4427-832a-37f5194e0242] [ViewBoardAction] Skipping View Board. I have no knowledge of Boards.
2019-05-18T16:39:33,012Z ERROR {} [applying load #37022922-34df-49a8-9f4f-6101078d0922] [WebDriverDiagnostics] URL: http://jpt-a7080-loadbala-1wnkosb19kzsy-588422585.eu-west-1.elb.amazonaws.com/secure/RapidBoard.jspa?rapidView=631&view=planning, HTML dumped at diagnoses/2674a89e-5f11-4fe9-94dd-6d0697940e5a/dump.html, screenshot saved to diagnoses/2674a89e-5f11-4fe9-94dd-6d0697940e5a/screenshot.png
java.lang.Exception: Action 'View Backlog' ERROR
	at com.atlassian.performance.tools.jiraactions.api.measure.ActionMeter.record(ActionMeter.kt:132) ~[virtual-users.jar:?]
	at com.atlassian.performance.tools.jiraactions.api.measure.ActionMeter.measure(ActionMeter.kt:79) ~[virtual-users.jar:?]
	at com.atlassian.performance.tools.jirasoftwareactions.api.actions.ViewBacklogAction.run(ViewBacklogAction.kt:56) ~[virtual-users.jar:?]
	at com.atlassian.performance.tools.virtualusers.ExploratoryVirtualUser.runWithDiagnostics(ExploratoryVirtualUser.kt:79) [virtual-users.jar:?]
	at com.atlassian.performance.tools.virtualusers.ExploratoryVirtualUser.applyLoad(ExploratoryVirtualUser.kt:56) [virtual-users.jar:?]
	at com.atlassian.performance.tools.virtualusers.LoadTest.applyLoad(LoadTest.kt:164) [virtual-users.jar:?]
	at com.atlassian.performance.tools.virtualusers.LoadTest.access$applyLoad(LoadTest.kt:36) [virtual-users.jar:?]
	at com.atlassian.performance.tools.virtualusers.LoadTest$applyLoad$$inlined$forEach$lambda$1.run(LoadTest.kt:111) [virtual-users.jar:?]
	at java.util.concurrent.Executors$RunnableAdapter.call(Executors.java:511) [?:1.8.0_212]
	at java.util.concurrent.FutureTask.run(FutureTask.java:266) [?:1.8.0_212]
	at java.util.concurrent.ThreadPoolExecutor.runWorker(ThreadPoolExecutor.java:1149) [?:1.8.0_212]
	at java.util.concurrent.ThreadPoolExecutor$Worker.run(ThreadPoolExecutor.java:624) [?:1.8.0_212]
	at java.lang.Thread.run(Thread.java:748) [?:1.8.0_212]
Caused by: org.openqa.selenium.TimeoutException: Expected condition failed: waiting for presence of element located by: By.cssSelector: #ghx-backlog[data-rendered]:not(.browser-metrics-stale) (tried for 30 second(s) with 50 milliseconds interval)
	at org.openqa.selenium.support.ui.WebDriverWait.timeoutException(WebDriverWait.java:81) ~[virtual-users.jar:?]
	at org.openqa.selenium.support.ui.FluentWait.until(FluentWait.java:271) ~[virtual-users.jar:?]
	at com.atlassian.performance.tools.jiraactions.api.page.WebDriverUtils.wait(WebDriverExtension.kt:25) ~[virtual-users.jar:?]
	at com.atlassian.performance.tools.jiraactions.api.page.WebDriverUtils.wait$default(WebDriverExtension.kt:19) ~[virtual-users.jar:?]
	at com.atlassian.performance.tools.jirasoftwareactions.api.page.ViewBacklogPage.waitForBacklog(ViewBacklogPage.kt:12) ~[virtual-users.jar:?]
	at com.atlassian.performance.tools.jirasoftwareactions.api.actions.ViewBacklogAction$run$1.invoke(ViewBacklogAction.kt:60) ~[virtual-users.jar:?]
	at com.atlassian.performance.tools.jirasoftwareactions.api.actions.ViewBacklogAction$run$1.invoke(ViewBacklogAction.kt:15) ~[virtual-users.jar:?]
	at com.atlassian.performance.tools.jiraactions.api.measure.ActionMeter$measure$2.invoke(ActionMeter.kt:80) ~[virtual-users.jar:?]
	at com.atlassian.performance.tools.jiraactions.api.measure.ActionMeter$measure$2.invoke(ActionMeter.kt:25) ~[virtual-users.jar:?]
	at com.atlassian.performance.tools.jiraactions.api.measure.ActionMeter.record(ActionMeter.kt:102) ~[virtual-users.jar:?]
	... 12 more
Caused by: org.openqa.selenium.NoSuchElementException: Cannot locate an element using By.cssSelector: #ghx-backlog[data-rendered]:not(.browser-metrics-stale)
For documentation on this error, please visit: http://seleniumhq.org/exceptions/no_such_element.html
Build info: version: 'unknown', revision: 'unknown', time: 'unknown'
System info: host: 'ip-10-0-0-138', ip: '10.0.0.138', os.name: 'Linux', os.arch: 'amd64', os.version: '4.4.0-1067-aws', java.version: '1.8.0_212'
Driver info: driver.version: unknown
	at org.openqa.selenium.support.ui.ExpectedConditions.lambda$findElement$0(ExpectedConditions.java:896) ~[virtual-users.jar:?]
	at java.util.Optional.orElseThrow(Optional.java:290) ~[?:1.8.0_212]
	at org.openqa.selenium.support.ui.ExpectedConditions.findElement(ExpectedConditions.java:895) ~[virtual-users.jar:?]
	at org.openqa.selenium.support.ui.ExpectedConditions.access$000(ExpectedConditions.java:44) ~[virtual-users.jar:?]
	at org.openqa.selenium.support.ui.ExpectedConditions$6.apply(ExpectedConditions.java:183) ~[virtual-users.jar:?]
	at org.openqa.selenium.support.ui.ExpectedConditions$6.apply(ExpectedConditions.java:180) ~[virtual-users.jar:?]
	at org.openqa.selenium.support.ui.FluentWait.until(FluentWait.java:248) ~[virtual-users.jar:?]
	at com.atlassian.performance.tools.jiraactions.api.page.WebDriverUtils.wait(WebDriverExtension.kt:25) ~[virtual-users.jar:?]
	at com.atlassian.performance.tools.jiraactions.api.page.WebDriverUtils.wait$default(WebDriverExtension.kt:19) ~[virtual-users.jar:?]
	at com.atlassian.performance.tools.jirasoftwareactions.api.page.ViewBacklogPage.waitForBacklog(ViewBacklogPage.kt:12) ~[virtual-users.jar:?]
	at com.atlassian.performance.tools.jirasoftwareactions.api.actions.ViewBacklogAction$run$1.invoke(ViewBacklogAction.kt:60) ~[virtual-users.jar:?]
	at com.atlassian.performance.tools.jirasoftwareactions.api.actions.ViewBacklogAction$run$1.invoke(ViewBacklogAction.kt:15) ~[virtual-users.jar:?]
	at com.atlassian.performance.tools.jiraactions.api.measure.ActionMeter$measure$2.invoke(ActionMeter.kt:80) ~[virtual-users.jar:?]
	at com.atlassian.performance.tools.jiraactions.api.measure.ActionMeter$measure$2.invoke(ActionMeter.kt:25) ~[virtual-users.jar:?]
	at com.atlassian.performance.tools.jiraactions.api.measure.ActionMeter.record(ActionMeter.kt:102) ~[virtual-users.jar:?]
	... 12 more
2019-05-18T16:39:33,015Z ERROR {} [applying load #37022922-34df-49a8-9f4f-6101078d0922] [ExploratoryVirtualUser] Failed to run com.atlassian.performance.tools.jirasoftwareactions.api.actions.ViewBacklogAction@7bacba95, but we keep running
java.lang.Exception: Failed to run com.atlassian.performance.tools.jirasoftwareactions.api.actions.ViewBacklogAction@7bacba95
	at com.atlassian.performance.tools.virtualusers.ExploratoryVirtualUser.runWithDiagnostics(ExploratoryVirtualUser.kt:82) ~[virtual-users.jar:?]
	at com.atlassian.performance.tools.virtualusers.ExploratoryVirtualUser.applyLoad(ExploratoryVirtualUser.kt:56) [virtual-users.jar:?]
	at com.atlassian.performance.tools.virtualusers.LoadTest.applyLoad(LoadTest.kt:164) [virtual-users.jar:?]
	at com.atlassian.performance.tools.virtualusers.LoadTest.access$applyLoad(LoadTest.kt:36) [virtual-users.jar:?]
	at com.atlassian.performance.tools.virtualusers.LoadTest$applyLoad$$inlined$forEach$lambda$1.run(LoadTest.kt:111) [virtual-users.jar:?]
	at java.util.concurrent.Executors$RunnableAdapter.call(Executors.java:511) [?:1.8.0_212]
	at java.util.concurrent.FutureTask.run(FutureTask.java:266) [?:1.8.0_212]
	at java.util.concurrent.ThreadPoolExecutor.runWorker(ThreadPoolExecutor.java:1149) [?:1.8.0_212]
	at java.util.concurrent.ThreadPoolExecutor$Worker.run(ThreadPoolExecutor.java:624) [?:1.8.0_212]
	at java.lang.Thread.run(Thread.java:748) [?:1.8.0_212]
Caused by: java.lang.Exception: Action 'View Backlog' ERROR
	at com.atlassian.performance.tools.jiraactions.api.measure.ActionMeter.record(ActionMeter.kt:132) ~[virtual-users.jar:?]
	at com.atlassian.performance.tools.jiraactions.api.measure.ActionMeter.measure(ActionMeter.kt:79) ~[virtual-users.jar:?]
	at com.atlassian.performance.tools.jirasoftwareactions.api.actions.ViewBacklogAction.run(ViewBacklogAction.kt:56) ~[virtual-users.jar:?]
	at com.atlassian.performance.tools.virtualusers.ExploratoryVirtualUser.runWithDiagnostics(ExploratoryVirtualUser.kt:79) ~[virtual-users.jar:?]
	... 9 more
Caused by: org.openqa.selenium.TimeoutException: Expected condition failed: waiting for presence of element located by: By.cssSelector: #ghx-backlog[data-rendered]:not(.browser-metrics-stale) (tried for 30 second(s) with 50 milliseconds interval)
	at org.openqa.selenium.support.ui.WebDriverWait.timeoutException(WebDriverWait.java:81) ~[virtual-users.jar:?]
	at org.openqa.selenium.support.ui.FluentWait.until(FluentWait.java:271) ~[virtual-users.jar:?]
	at com.atlassian.performance.tools.jiraactions.api.page.WebDriverUtils.wait(WebDriverExtension.kt:25) ~[virtual-users.jar:?]
	at com.atlassian.performance.tools.jiraactions.api.page.WebDriverUtils.wait$default(WebDriverExtension.kt:19) ~[virtual-users.jar:?]
	at com.atlassian.performance.tools.jirasoftwareactions.api.page.ViewBacklogPage.waitForBacklog(ViewBacklogPage.kt:12) ~[virtual-users.jar:?]
	at com.atlassian.performance.tools.jirasoftwareactions.api.actions.ViewBacklogAction$run$1.invoke(ViewBacklogAction.kt:60) ~[virtual-users.jar:?]
	at com.atlassian.performance.tools.jirasoftwareactions.api.actions.ViewBacklogAction$run$1.invoke(ViewBacklogAction.kt:15) ~[virtual-users.jar:?]
	at com.atlassian.performance.tools.jiraactions.api.measure.ActionMeter$measure$2.invoke(ActionMeter.kt:80) ~[virtual-users.jar:?]
	at com.atlassian.performance.tools.jiraactions.api.measure.ActionMeter$measure$2.invoke(ActionMeter.kt:25) ~[virtual-users.jar:?]
	at com.atlassian.performance.tools.jiraactions.api.measure.ActionMeter.record(ActionMeter.kt:102) ~[virtual-users.jar:?]
	at com.atlassian.performance.tools.jiraactions.api.measure.ActionMeter.measure(ActionMeter.kt:79) ~[virtual-users.jar:?]
	at com.atlassian.performance.tools.jirasoftwareactions.api.actions.ViewBacklogAction.run(ViewBacklogAction.kt:56) ~[virtual-users.jar:?]
	at com.atlassian.performance.tools.virtualusers.ExploratoryVirtualUser.runWithDiagnostics(ExploratoryVirtualUser.kt:79) ~[virtual-users.jar:?]
	... 9 more
Caused by: org.openqa.selenium.NoSuchElementException: Cannot locate an element using By.cssSelector: #ghx-backlog[data-rendered]:not(.browser-metrics-stale)
For documentation on this error, please visit: http://seleniumhq.org/exceptions/no_such_element.html
Build info: version: 'unknown', revision: 'unknown', time: 'unknown'
System info: host: 'ip-10-0-0-138', ip: '10.0.0.138', os.name: 'Linux', os.arch: 'amd64', os.version: '4.4.0-1067-aws', java.version: '1.8.0_212'
Driver info: driver.version: unknown
	at org.openqa.selenium.support.ui.ExpectedConditions.lambda$findElement$0(ExpectedConditions.java:896) ~[virtual-users.jar:?]
	at java.util.Optional.orElseThrow(Optional.java:290) ~[?:1.8.0_212]
	at org.openqa.selenium.support.ui.ExpectedConditions.findElement(ExpectedConditions.java:895) ~[virtual-users.jar:?]
	at org.openqa.selenium.support.ui.ExpectedConditions.access$000(ExpectedConditions.java:44) ~[virtual-users.jar:?]
	at org.openqa.selenium.support.ui.ExpectedConditions$6.apply(ExpectedConditions.java:183) ~[virtual-users.jar:?]
	at org.openqa.selenium.support.ui.ExpectedConditions$6.apply(ExpectedConditions.java:180) ~[virtual-users.jar:?]
	at org.openqa.selenium.support.ui.FluentWait.until(FluentWait.java:248) ~[virtual-users.jar:?]
	at com.atlassian.performance.tools.jiraactions.api.page.WebDriverUtils.wait(WebDriverExtension.kt:25) ~[virtual-users.jar:?]
	at com.atlassian.performance.tools.jiraactions.api.page.WebDriverUtils.wait$default(WebDriverExtension.kt:19) ~[virtual-users.jar:?]
	at com.atlassian.performance.tools.jirasoftwareactions.api.page.ViewBacklogPage.waitForBacklog(ViewBacklogPage.kt:12) ~[virtual-users.jar:?]
	at com.atlassian.performance.tools.jirasoftwareactions.api.actions.ViewBacklogAction$run$1.invoke(ViewBacklogAction.kt:60) ~[virtual-users.jar:?]
	at com.atlassian.performance.tools.jirasoftwareactions.api.actions.ViewBacklogAction$run$1.invoke(ViewBacklogAction.kt:15) ~[virtual-users.jar:?]
	at com.atlassian.performance.tools.jiraactions.api.measure.ActionMeter$measure$2.invoke(ActionMeter.kt:80) ~[virtual-users.jar:?]
	at com.atlassian.performance.tools.jiraactions.api.measure.ActionMeter$measure$2.invoke(ActionMeter.kt:25) ~[virtual-users.jar:?]
	at com.atlassian.performance.tools.jiraactions.api.measure.ActionMeter.record(ActionMeter.kt:102) ~[virtual-users.jar:?]
	at com.atlassian.performance.tools.jiraactions.api.measure.ActionMeter.measure(ActionMeter.kt:79) ~[virtual-users.jar:?]
	at com.atlassian.performance.tools.jirasoftwareactions.api.actions.ViewBacklogAction.run(ViewBacklogAction.kt:56) ~[virtual-users.jar:?]
	at com.atlassian.performance.tools.virtualusers.ExploratoryVirtualUser.runWithDiagnostics(ExploratoryVirtualUser.kt:79) ~[virtual-users.jar:?]
	... 9 more
2019-05-18T16:39:34,208Z DEBUG {} [applying load #f251d700-f961-43d7-a244-8983219cd61a] [ViewBacklogAction] Skipping View Backlog. I have no knowledge of Boards.
2019-05-18T16:39:35,461Z DEBUG {} [applying load #fd2cee84-4cc3-4788-bdb6-52fb4a5cc607] [SeededRandom] Using seed 1558197575
2019-05-18T16:39:45,782Z DEBUG {} [applying load #9723ff5e-3b89-4655-828f-4402f6e36912] [SeededRandom] Using seed 1558197585
2019-05-18T16:39:59,072Z DEBUG {} [applying load #f251d700-f961-43d7-a244-8983219cd61a] [SeededRandom] Using seed 1558197599
2019-05-18T16:40:02,698Z DEBUG {} [applying load #d2b1ad2b-061a-4150-b96d-11a848f2957a] [ViewBacklogAction] Skipping View Backlog. I have no knowledge of Boards.
2019-05-18T16:40:05,567Z DEBUG {} [applying load #d2b1ad2b-061a-4150-b96d-11a848f2957a] [ViewBacklogAction] Skipping View Backlog. I have no knowledge of Boards.
2019-05-18T16:40:08,390Z DEBUG {} [applying load #559b5fb4-bceb-465b-9abc-497e31fa53e0] [ViewBacklogAction] Skipping View Backlog. I have no knowledge of Boards.
2019-05-18T16:40:09,159Z DEBUG {} [applying load #d2b1ad2b-061a-4150-b96d-11a848f2957a] [SeededRandom] Using seed 1558197609
2019-05-18T16:40:17,248Z DEBUG {} [applying load #91feac14-8c9f-430a-aad3-4afc2fe94a34] [SeededRandom] Using seed 1558197617
2019-05-18T16:40:22,743Z DEBUG {} [applying load #559b5fb4-bceb-465b-9abc-497e31fa53e0] [ViewBacklogAction] Skipping View Backlog. I have no knowledge of Boards.
2019-05-18T16:40:31,079Z ERROR {} [applying load #9723ff5e-3b89-4655-828f-4402f6e36912] [WebDriverDiagnostics] URL: http://jpt-a7080-loadbala-1wnkosb19kzsy-588422585.eu-west-1.elb.amazonaws.com/secure/RapidBoard.jspa?rapidView=631&view=planning, HTML dumped at diagnoses/656b0f0f-a6d2-4c4e-b04e-aa7723e31de4/dump.html, screenshot saved to diagnoses/656b0f0f-a6d2-4c4e-b04e-aa7723e31de4/screenshot.png
java.lang.Exception: Action 'View Backlog' ERROR
	at com.atlassian.performance.tools.jiraactions.api.measure.ActionMeter.record(ActionMeter.kt:132) ~[virtual-users.jar:?]
	at com.atlassian.performance.tools.jiraactions.api.measure.ActionMeter.measure(ActionMeter.kt:79) ~[virtual-users.jar:?]
	at com.atlassian.performance.tools.jirasoftwareactions.api.actions.ViewBacklogAction.run(ViewBacklogAction.kt:56) ~[virtual-users.jar:?]
	at com.atlassian.performance.tools.virtualusers.ExploratoryVirtualUser.runWithDiagnostics(ExploratoryVirtualUser.kt:79) [virtual-users.jar:?]
	at com.atlassian.performance.tools.virtualusers.ExploratoryVirtualUser.applyLoad(ExploratoryVirtualUser.kt:56) [virtual-users.jar:?]
	at com.atlassian.performance.tools.virtualusers.LoadTest.applyLoad(LoadTest.kt:164) [virtual-users.jar:?]
	at com.atlassian.performance.tools.virtualusers.LoadTest.access$applyLoad(LoadTest.kt:36) [virtual-users.jar:?]
	at com.atlassian.performance.tools.virtualusers.LoadTest$applyLoad$$inlined$forEach$lambda$1.run(LoadTest.kt:111) [virtual-users.jar:?]
	at java.util.concurrent.Executors$RunnableAdapter.call(Executors.java:511) [?:1.8.0_212]
	at java.util.concurrent.FutureTask.run(FutureTask.java:266) [?:1.8.0_212]
	at java.util.concurrent.ThreadPoolExecutor.runWorker(ThreadPoolExecutor.java:1149) [?:1.8.0_212]
	at java.util.concurrent.ThreadPoolExecutor$Worker.run(ThreadPoolExecutor.java:624) [?:1.8.0_212]
	at java.lang.Thread.run(Thread.java:748) [?:1.8.0_212]
Caused by: org.openqa.selenium.TimeoutException: Expected condition failed: waiting for presence of element located by: By.cssSelector: #ghx-backlog[data-rendered]:not(.browser-metrics-stale) (tried for 30 second(s) with 50 milliseconds interval)
	at org.openqa.selenium.support.ui.WebDriverWait.timeoutException(WebDriverWait.java:81) ~[virtual-users.jar:?]
	at org.openqa.selenium.support.ui.FluentWait.until(FluentWait.java:271) ~[virtual-users.jar:?]
	at com.atlassian.performance.tools.jiraactions.api.page.WebDriverUtils.wait(WebDriverExtension.kt:25) ~[virtual-users.jar:?]
	at com.atlassian.performance.tools.jiraactions.api.page.WebDriverUtils.wait$default(WebDriverExtension.kt:19) ~[virtual-users.jar:?]
	at com.atlassian.performance.tools.jirasoftwareactions.api.page.ViewBacklogPage.waitForBacklog(ViewBacklogPage.kt:12) ~[virtual-users.jar:?]
	at com.atlassian.performance.tools.jirasoftwareactions.api.actions.ViewBacklogAction$run$1.invoke(ViewBacklogAction.kt:60) ~[virtual-users.jar:?]
	at com.atlassian.performance.tools.jirasoftwareactions.api.actions.ViewBacklogAction$run$1.invoke(ViewBacklogAction.kt:15) ~[virtual-users.jar:?]
	at com.atlassian.performance.tools.jiraactions.api.measure.ActionMeter$measure$2.invoke(ActionMeter.kt:80) ~[virtual-users.jar:?]
	at com.atlassian.performance.tools.jiraactions.api.measure.ActionMeter$measure$2.invoke(ActionMeter.kt:25) ~[virtual-users.jar:?]
	at com.atlassian.performance.tools.jiraactions.api.measure.ActionMeter.record(ActionMeter.kt:102) ~[virtual-users.jar:?]
	... 12 more
Caused by: org.openqa.selenium.NoSuchElementException: Cannot locate an element using By.cssSelector: #ghx-backlog[data-rendered]:not(.browser-metrics-stale)
For documentation on this error, please visit: http://seleniumhq.org/exceptions/no_such_element.html
Build info: version: 'unknown', revision: 'unknown', time: 'unknown'
System info: host: 'ip-10-0-0-138', ip: '10.0.0.138', os.name: 'Linux', os.arch: 'amd64', os.version: '4.4.0-1067-aws', java.version: '1.8.0_212'
Driver info: driver.version: unknown
	at org.openqa.selenium.support.ui.ExpectedConditions.lambda$findElement$0(ExpectedConditions.java:896) ~[virtual-users.jar:?]
	at java.util.Optional.orElseThrow(Optional.java:290) ~[?:1.8.0_212]
	at org.openqa.selenium.support.ui.ExpectedConditions.findElement(ExpectedConditions.java:895) ~[virtual-users.jar:?]
	at org.openqa.selenium.support.ui.ExpectedConditions.access$000(ExpectedConditions.java:44) ~[virtual-users.jar:?]
	at org.openqa.selenium.support.ui.ExpectedConditions$6.apply(ExpectedConditions.java:183) ~[virtual-users.jar:?]
	at org.openqa.selenium.support.ui.ExpectedConditions$6.apply(ExpectedConditions.java:180) ~[virtual-users.jar:?]
	at org.openqa.selenium.support.ui.FluentWait.until(FluentWait.java:248) ~[virtual-users.jar:?]
	at com.atlassian.performance.tools.jiraactions.api.page.WebDriverUtils.wait(WebDriverExtension.kt:25) ~[virtual-users.jar:?]
	at com.atlassian.performance.tools.jiraactions.api.page.WebDriverUtils.wait$default(WebDriverExtension.kt:19) ~[virtual-users.jar:?]
	at com.atlassian.performance.tools.jirasoftwareactions.api.page.ViewBacklogPage.waitForBacklog(ViewBacklogPage.kt:12) ~[virtual-users.jar:?]
	at com.atlassian.performance.tools.jirasoftwareactions.api.actions.ViewBacklogAction$run$1.invoke(ViewBacklogAction.kt:60) ~[virtual-users.jar:?]
	at com.atlassian.performance.tools.jirasoftwareactions.api.actions.ViewBacklogAction$run$1.invoke(ViewBacklogAction.kt:15) ~[virtual-users.jar:?]
	at com.atlassian.performance.tools.jiraactions.api.measure.ActionMeter$measure$2.invoke(ActionMeter.kt:80) ~[virtual-users.jar:?]
	at com.atlassian.performance.tools.jiraactions.api.measure.ActionMeter$measure$2.invoke(ActionMeter.kt:25) ~[virtual-users.jar:?]
	at com.atlassian.performance.tools.jiraactions.api.measure.ActionMeter.record(ActionMeter.kt:102) ~[virtual-users.jar:?]
	... 12 more
2019-05-18T16:40:31,080Z ERROR {} [applying load #9723ff5e-3b89-4655-828f-4402f6e36912] [ExploratoryVirtualUser] Failed to run com.atlassian.performance.tools.jirasoftwareactions.api.actions.ViewBacklogAction@3b1bda8c, but we keep running
java.lang.Exception: Failed to run com.atlassian.performance.tools.jirasoftwareactions.api.actions.ViewBacklogAction@3b1bda8c
	at com.atlassian.performance.tools.virtualusers.ExploratoryVirtualUser.runWithDiagnostics(ExploratoryVirtualUser.kt:82) ~[virtual-users.jar:?]
	at com.atlassian.performance.tools.virtualusers.ExploratoryVirtualUser.applyLoad(ExploratoryVirtualUser.kt:56) [virtual-users.jar:?]
	at com.atlassian.performance.tools.virtualusers.LoadTest.applyLoad(LoadTest.kt:164) [virtual-users.jar:?]
	at com.atlassian.performance.tools.virtualusers.LoadTest.access$applyLoad(LoadTest.kt:36) [virtual-users.jar:?]
	at com.atlassian.performance.tools.virtualusers.LoadTest$applyLoad$$inlined$forEach$lambda$1.run(LoadTest.kt:111) [virtual-users.jar:?]
	at java.util.concurrent.Executors$RunnableAdapter.call(Executors.java:511) [?:1.8.0_212]
	at java.util.concurrent.FutureTask.run(FutureTask.java:266) [?:1.8.0_212]
	at java.util.concurrent.ThreadPoolExecutor.runWorker(ThreadPoolExecutor.java:1149) [?:1.8.0_212]
	at java.util.concurrent.ThreadPoolExecutor$Worker.run(ThreadPoolExecutor.java:624) [?:1.8.0_212]
	at java.lang.Thread.run(Thread.java:748) [?:1.8.0_212]
Caused by: java.lang.Exception: Action 'View Backlog' ERROR
	at com.atlassian.performance.tools.jiraactions.api.measure.ActionMeter.record(ActionMeter.kt:132) ~[virtual-users.jar:?]
	at com.atlassian.performance.tools.jiraactions.api.measure.ActionMeter.measure(ActionMeter.kt:79) ~[virtual-users.jar:?]
	at com.atlassian.performance.tools.jirasoftwareactions.api.actions.ViewBacklogAction.run(ViewBacklogAction.kt:56) ~[virtual-users.jar:?]
	at com.atlassian.performance.tools.virtualusers.ExploratoryVirtualUser.runWithDiagnostics(ExploratoryVirtualUser.kt:79) ~[virtual-users.jar:?]
	... 9 more
Caused by: org.openqa.selenium.TimeoutException: Expected condition failed: waiting for presence of element located by: By.cssSelector: #ghx-backlog[data-rendered]:not(.browser-metrics-stale) (tried for 30 second(s) with 50 milliseconds interval)
	at org.openqa.selenium.support.ui.WebDriverWait.timeoutException(WebDriverWait.java:81) ~[virtual-users.jar:?]
	at org.openqa.selenium.support.ui.FluentWait.until(FluentWait.java:271) ~[virtual-users.jar:?]
	at com.atlassian.performance.tools.jiraactions.api.page.WebDriverUtils.wait(WebDriverExtension.kt:25) ~[virtual-users.jar:?]
	at com.atlassian.performance.tools.jiraactions.api.page.WebDriverUtils.wait$default(WebDriverExtension.kt:19) ~[virtual-users.jar:?]
	at com.atlassian.performance.tools.jirasoftwareactions.api.page.ViewBacklogPage.waitForBacklog(ViewBacklogPage.kt:12) ~[virtual-users.jar:?]
	at com.atlassian.performance.tools.jirasoftwareactions.api.actions.ViewBacklogAction$run$1.invoke(ViewBacklogAction.kt:60) ~[virtual-users.jar:?]
	at com.atlassian.performance.tools.jirasoftwareactions.api.actions.ViewBacklogAction$run$1.invoke(ViewBacklogAction.kt:15) ~[virtual-users.jar:?]
	at com.atlassian.performance.tools.jiraactions.api.measure.ActionMeter$measure$2.invoke(ActionMeter.kt:80) ~[virtual-users.jar:?]
	at com.atlassian.performance.tools.jiraactions.api.measure.ActionMeter$measure$2.invoke(ActionMeter.kt:25) ~[virtual-users.jar:?]
	at com.atlassian.performance.tools.jiraactions.api.measure.ActionMeter.record(ActionMeter.kt:102) ~[virtual-users.jar:?]
	at com.atlassian.performance.tools.jiraactions.api.measure.ActionMeter.measure(ActionMeter.kt:79) ~[virtual-users.jar:?]
	at com.atlassian.performance.tools.jirasoftwareactions.api.actions.ViewBacklogAction.run(ViewBacklogAction.kt:56) ~[virtual-users.jar:?]
	at com.atlassian.performance.tools.virtualusers.ExploratoryVirtualUser.runWithDiagnostics(ExploratoryVirtualUser.kt:79) ~[virtual-users.jar:?]
	... 9 more
Caused by: org.openqa.selenium.NoSuchElementException: Cannot locate an element using By.cssSelector: #ghx-backlog[data-rendered]:not(.browser-metrics-stale)
For documentation on this error, please visit: http://seleniumhq.org/exceptions/no_such_element.html
Build info: version: 'unknown', revision: 'unknown', time: 'unknown'
System info: host: 'ip-10-0-0-138', ip: '10.0.0.138', os.name: 'Linux', os.arch: 'amd64', os.version: '4.4.0-1067-aws', java.version: '1.8.0_212'
Driver info: driver.version: unknown
	at org.openqa.selenium.support.ui.ExpectedConditions.lambda$findElement$0(ExpectedConditions.java:896) ~[virtual-users.jar:?]
	at java.util.Optional.orElseThrow(Optional.java:290) ~[?:1.8.0_212]
	at org.openqa.selenium.support.ui.ExpectedConditions.findElement(ExpectedConditions.java:895) ~[virtual-users.jar:?]
	at org.openqa.selenium.support.ui.ExpectedConditions.access$000(ExpectedConditions.java:44) ~[virtual-users.jar:?]
	at org.openqa.selenium.support.ui.ExpectedConditions$6.apply(ExpectedConditions.java:183) ~[virtual-users.jar:?]
	at org.openqa.selenium.support.ui.ExpectedConditions$6.apply(ExpectedConditions.java:180) ~[virtual-users.jar:?]
	at org.openqa.selenium.support.ui.FluentWait.until(FluentWait.java:248) ~[virtual-users.jar:?]
	at com.atlassian.performance.tools.jiraactions.api.page.WebDriverUtils.wait(WebDriverExtension.kt:25) ~[virtual-users.jar:?]
	at com.atlassian.performance.tools.jiraactions.api.page.WebDriverUtils.wait$default(WebDriverExtension.kt:19) ~[virtual-users.jar:?]
	at com.atlassian.performance.tools.jirasoftwareactions.api.page.ViewBacklogPage.waitForBacklog(ViewBacklogPage.kt:12) ~[virtual-users.jar:?]
	at com.atlassian.performance.tools.jirasoftwareactions.api.actions.ViewBacklogAction$run$1.invoke(ViewBacklogAction.kt:60) ~[virtual-users.jar:?]
	at com.atlassian.performance.tools.jirasoftwareactions.api.actions.ViewBacklogAction$run$1.invoke(ViewBacklogAction.kt:15) ~[virtual-users.jar:?]
	at com.atlassian.performance.tools.jiraactions.api.measure.ActionMeter$measure$2.invoke(ActionMeter.kt:80) ~[virtual-users.jar:?]
	at com.atlassian.performance.tools.jiraactions.api.measure.ActionMeter$measure$2.invoke(ActionMeter.kt:25) ~[virtual-users.jar:?]
	at com.atlassian.performance.tools.jiraactions.api.measure.ActionMeter.record(ActionMeter.kt:102) ~[virtual-users.jar:?]
	at com.atlassian.performance.tools.jiraactions.api.measure.ActionMeter.measure(ActionMeter.kt:79) ~[virtual-users.jar:?]
	at com.atlassian.performance.tools.jirasoftwareactions.api.actions.ViewBacklogAction.run(ViewBacklogAction.kt:56) ~[virtual-users.jar:?]
	at com.atlassian.performance.tools.virtualusers.ExploratoryVirtualUser.runWithDiagnostics(ExploratoryVirtualUser.kt:79) ~[virtual-users.jar:?]
	... 9 more
2019-05-18T16:40:37,424Z DEBUG {} [applying load #fd2cee84-4cc3-4788-bdb6-52fb4a5cc607] [SeededRandom] Using seed 1558197637
2019-05-18T16:40:41,270Z DEBUG {} [applying load #9723ff5e-3b89-4655-828f-4402f6e36912] [SeededRandom] Using seed 1558197641
2019-05-18T16:40:48,863Z DEBUG {} [applying load #9723ff5e-3b89-4655-828f-4402f6e36912] [SeededRandom] Using seed 1558197648
2019-05-18T16:40:53,368Z DEBUG {} [applying load #fd2cee84-4cc3-4788-bdb6-52fb4a5cc607] [SeededRandom] Using seed 1558197653
2019-05-18T16:40:55,154Z DEBUG {} [applying load #37022922-34df-49a8-9f4f-6101078d0922] [SeededRandom] Using seed 1558197655
2019-05-18T16:41:01,916Z DEBUG {} [applying load #37022922-34df-49a8-9f4f-6101078d0922] [SeededRandom] Using seed 1558197661
2019-05-18T16:41:24,311Z DEBUG {} [applying load #559b5fb4-bceb-465b-9abc-497e31fa53e0] [ViewBoardAction] Skipping View Board. I have no knowledge of Boards.
2019-05-18T16:41:29,631Z DEBUG {} [applying load #559b5fb4-bceb-465b-9abc-497e31fa53e0] [SeededRandom] Using seed 1558197689
2019-05-18T16:41:31,443Z DEBUG {} [applying load #559b5fb4-bceb-465b-9abc-497e31fa53e0] [ViewBacklogAction] Skipping View Backlog. I have no knowledge of Boards.
2019-05-18T16:41:45,269Z DEBUG {} [applying load #f251d700-f961-43d7-a244-8983219cd61a] [SeededRandom] Using seed 1558197705
2019-05-18T16:41:47,126Z DEBUG {} [applying load #d2b1ad2b-061a-4150-b96d-11a848f2957a] [ViewBoardAction] Skipping View Board. I have no knowledge of Boards.
2019-05-18T16:41:52,137Z DEBUG {} [applying load #d2b1ad2b-061a-4150-b96d-11a848f2957a] [SeededRandom] Using seed 1558197712
2019-05-18T16:41:56,543Z DEBUG {} [applying load #cfc0fc31-6ecf-4427-832a-37f5194e0242] [SeededRandom] Using seed 1558197716
2019-05-18T16:42:08,065Z DEBUG {} [applying load #91feac14-8c9f-430a-aad3-4afc2fe94a34] [SeededRandom] Using seed 1558197728
2019-05-18T16:42:09,496Z DEBUG {} [applying load #fd2cee84-4cc3-4788-bdb6-52fb4a5cc607] [SeededRandom] Using seed 1558197729
2019-05-18T16:42:12,647Z DEBUG {} [applying load #91feac14-8c9f-430a-aad3-4afc2fe94a34] [SeededRandom] Using seed 1558197732
2019-05-18T16:42:20,348Z DEBUG {} [applying load #cfc0fc31-6ecf-4427-832a-37f5194e0242] [SeededRandom] Using seed 1558197740
2019-05-18T16:42:21,866Z DEBUG {} [applying load #37022922-34df-49a8-9f4f-6101078d0922] [SeededRandom] Using seed 1558197741
2019-05-18T16:42:29,265Z DEBUG {} [applying load #37022922-34df-49a8-9f4f-6101078d0922] [SeededRandom] Using seed 1558197749
2019-05-18T16:42:30,386Z DEBUG {} [applying load #7634a13c-bec5-43db-9c02-11f5b20af505] [SeededRandom] Using seed 1558197750
2019-05-18T16:42:37,170Z DEBUG {} [applying load #559b5fb4-bceb-465b-9abc-497e31fa53e0] [SeededRandom] Using seed 1558197757
2019-05-18T16:42:37,281Z DEBUG {} [applying load #7634a13c-bec5-43db-9c02-11f5b20af505] [SeededRandom] Using seed 1558197757
2019-05-18T16:42:48,957Z DEBUG {} [applying load #7a27b16a-58cd-4d9c-9059-0596a0e4b87b] [SeededRandom] Using seed 1558197768
2019-05-18T16:42:57,592Z DEBUG {} [applying load #7634a13c-bec5-43db-9c02-11f5b20af505] [SeededRandom] Using seed 1558197777
2019-05-18T16:43:02,243Z DEBUG {} [applying load #9723ff5e-3b89-4655-828f-4402f6e36912] [SeededRandom] Using seed 1558197782
2019-05-18T16:43:03,967Z DEBUG {} [applying load #f251d700-f961-43d7-a244-8983219cd61a] [SeededRandom] Using seed 1558197783
2019-05-18T16:43:29,204Z DEBUG {} [applying load #f251d700-f961-43d7-a244-8983219cd61a] [SeededRandom] Using seed 1558197809
2019-05-18T16:43:36,891Z DEBUG {} [applying load #f251d700-f961-43d7-a244-8983219cd61a] [SeededRandom] Using seed 1558197816
2019-05-18T16:44:06,428Z DEBUG {} [applying load #fd2cee84-4cc3-4788-bdb6-52fb4a5cc607] [SeededRandom] Using seed 1558197846
2019-05-18T16:44:11,566Z DEBUG {} [applying load #91feac14-8c9f-430a-aad3-4afc2fe94a34] [SeededRandom] Using seed 1558197851
2019-05-18T16:44:18,445Z DEBUG {} [applying load #91feac14-8c9f-430a-aad3-4afc2fe94a34] [SeededRandom] Using seed 1558197858
2019-05-18T16:44:22,059Z DEBUG {} [applying load #9723ff5e-3b89-4655-828f-4402f6e36912] [SeededRandom] Using seed 1558197862
2019-05-18T16:44:38,281Z DEBUG {} [applying load #f2004877-5991-4813-927d-caa8cb5d034f] [SeededRandom] Using seed 1558197878
2019-05-18T16:44:44,651Z DEBUG {} [applying load #7a27b16a-58cd-4d9c-9059-0596a0e4b87b] [SeededRandom] Using seed 1558197884
2019-05-18T16:44:50,893Z DEBUG {} [applying load #7a27b16a-58cd-4d9c-9059-0596a0e4b87b] [SeededRandom] Using seed 1558197890
2019-05-18T16:44:58,362Z DEBUG {} [applying load #7a27b16a-58cd-4d9c-9059-0596a0e4b87b] [SeededRandom] Using seed 1558197898
2019-05-18T16:45:01,796Z DEBUG {} [applying load #7a27b16a-58cd-4d9c-9059-0596a0e4b87b] [SeededRandom] Using seed 1558197901
2019-05-18T16:45:05,943Z DEBUG {} [applying load #91feac14-8c9f-430a-aad3-4afc2fe94a34] [SeededRandom] Using seed 1558197905
2019-05-18T16:45:12,470Z DEBUG {} [applying load #7a27b16a-58cd-4d9c-9059-0596a0e4b87b] [SeededRandom] Using seed 1558197912
2019-05-18T16:45:17,425Z DEBUG {} [applying load #cfc0fc31-6ecf-4427-832a-37f5194e0242] [SeededRandom] Using seed 1558197917
2019-05-18T16:45:20,390Z DEBUG {} [applying load #d2b1ad2b-061a-4150-b96d-11a848f2957a] [SeededRandom] Using seed 1558197920
2019-05-18T16:45:24,593Z DEBUG {} [applying load #9723ff5e-3b89-4655-828f-4402f6e36912] [SeededRandom] Using seed 1558197924
2019-05-18T16:45:26,543Z ERROR {} [applying load #7634a13c-bec5-43db-9c02-11f5b20af505] [WebDriverDiagnostics] URL: http://jpt-a7080-loadbala-1wnkosb19kzsy-588422585.eu-west-1.elb.amazonaws.com/issues/?jql=text+%7E+%22a*%22+order+by+summary, HTML dumped at diagnoses/a70a4bae-49db-42ee-b35c-00fbb9cf62d2/dump.html, screenshot saved to diagnoses/a70a4bae-49db-42ee-b35c-00fbb9cf62d2/screenshot.png
java.lang.Exception: Action 'Search with JQL' ERROR
	at com.atlassian.performance.tools.jiraactions.api.measure.ActionMeter.record(ActionMeter.kt:132) ~[virtual-users.jar:?]
	at com.atlassian.performance.tools.jiraactions.api.measure.ActionMeter.measure(ActionMeter.kt:79) ~[virtual-users.jar:?]
	at com.atlassian.performance.tools.jiraactions.api.action.SearchJqlAction.run(SearchJqlAction.kt:21) ~[virtual-users.jar:?]
	at com.atlassian.performance.tools.virtualusers.ExploratoryVirtualUser.runWithDiagnostics(ExploratoryVirtualUser.kt:79) [virtual-users.jar:?]
	at com.atlassian.performance.tools.virtualusers.ExploratoryVirtualUser.applyLoad(ExploratoryVirtualUser.kt:56) [virtual-users.jar:?]
	at com.atlassian.performance.tools.virtualusers.LoadTest.applyLoad(LoadTest.kt:164) [virtual-users.jar:?]
	at com.atlassian.performance.tools.virtualusers.LoadTest.access$applyLoad(LoadTest.kt:36) [virtual-users.jar:?]
	at com.atlassian.performance.tools.virtualusers.LoadTest$applyLoad$$inlined$forEach$lambda$1.run(LoadTest.kt:111) [virtual-users.jar:?]
	at java.util.concurrent.Executors$RunnableAdapter.call(Executors.java:511) [?:1.8.0_212]
	at java.util.concurrent.FutureTask.run(FutureTask.java:266) [?:1.8.0_212]
	at java.util.concurrent.ThreadPoolExecutor.runWorker(ThreadPoolExecutor.java:1149) [?:1.8.0_212]
	at java.util.concurrent.ThreadPoolExecutor$Worker.run(ThreadPoolExecutor.java:624) [?:1.8.0_212]
	at java.lang.Thread.run(Thread.java:748) [?:1.8.0_212]
Caused by: org.openqa.selenium.TimeoutException: Expected condition failed: waiting for at least one condition to be valid: all conditions to be valid: at least one condition to be valid: presence of element located by: By.cssSelector: ol.issue-list || presence of element located by: By.id: issuetable || presence of element located by: By.id: issue-content && presence of element located by: By.id: key-val && presence of element located by: By.className: issue-body-content || presence of element located by: By.className: no-results-hint || at least one condition to be valid: presence of element located by: By.cssSelector: section div.aui-message.error || presence of element located by: By.id: errorPageContainer || presence of element located by: By.cssSelector: div.form-body div.error (tried for 30 second(s) with 50 milliseconds interval)
	at org.openqa.selenium.support.ui.WebDriverWait.timeoutException(WebDriverWait.java:81) ~[virtual-users.jar:?]
	at org.openqa.selenium.support.ui.FluentWait.until(FluentWait.java:271) ~[virtual-users.jar:?]
	at com.atlassian.performance.tools.jiraactions.api.page.WebDriverUtils.wait(WebDriverExtension.kt:25) ~[virtual-users.jar:?]
	at com.atlassian.performance.tools.jiraactions.api.page.WebDriverUtils.wait$default(WebDriverExtension.kt:19) ~[virtual-users.jar:?]
	at com.atlassian.performance.tools.jiraactions.api.page.IssueNavigatorPage.waitForIssueNavigator(IssueNavigatorPage.kt:19) ~[virtual-users.jar:?]
	at com.atlassian.performance.tools.jiraactions.api.action.SearchJqlAction$run$issueNavigatorPage$1.invoke(SearchJqlAction.kt:23) ~[virtual-users.jar:?]
	at com.atlassian.performance.tools.jiraactions.api.action.SearchJqlAction$run$issueNavigatorPage$1.invoke(SearchJqlAction.kt:12) ~[virtual-users.jar:?]
	at com.atlassian.performance.tools.jiraactions.api.measure.ActionMeter$measure$2.invoke(ActionMeter.kt:80) ~[virtual-users.jar:?]
	at com.atlassian.performance.tools.jiraactions.api.measure.ActionMeter$measure$2.invoke(ActionMeter.kt:25) ~[virtual-users.jar:?]
	at com.atlassian.performance.tools.jiraactions.api.measure.ActionMeter.record(ActionMeter.kt:102) ~[virtual-users.jar:?]
	... 12 more
Caused by: org.openqa.selenium.NoSuchElementException: Cannot locate an element using By.cssSelector: div.form-body div.error
For documentation on this error, please visit: http://seleniumhq.org/exceptions/no_such_element.html
Build info: version: 'unknown', revision: 'unknown', time: 'unknown'
System info: host: 'ip-10-0-0-138', ip: '10.0.0.138', os.name: 'Linux', os.arch: 'amd64', os.version: '4.4.0-1067-aws', java.version: '1.8.0_212'
Driver info: driver.version: unknown
	at org.openqa.selenium.support.ui.ExpectedConditions.lambda$findElement$0(ExpectedConditions.java:896) ~[virtual-users.jar:?]
	at java.util.Optional.orElseThrow(Optional.java:290) ~[?:1.8.0_212]
	at org.openqa.selenium.support.ui.ExpectedConditions.findElement(ExpectedConditions.java:895) ~[virtual-users.jar:?]
	at org.openqa.selenium.support.ui.ExpectedConditions.access$000(ExpectedConditions.java:44) ~[virtual-users.jar:?]
	at org.openqa.selenium.support.ui.ExpectedConditions$6.apply(ExpectedConditions.java:183) ~[virtual-users.jar:?]
	at org.openqa.selenium.support.ui.ExpectedConditions$6.apply(ExpectedConditions.java:180) ~[virtual-users.jar:?]
	at org.openqa.selenium.support.ui.ExpectedConditions$47.apply(ExpectedConditions.java:1427) ~[virtual-users.jar:?]
	at org.openqa.selenium.support.ui.ExpectedConditions$47.apply(ExpectedConditions.java:1421) ~[virtual-users.jar:?]
	at org.openqa.selenium.support.ui.ExpectedConditions$47.apply(ExpectedConditions.java:1427) ~[virtual-users.jar:?]
	at org.openqa.selenium.support.ui.ExpectedConditions$47.apply(ExpectedConditions.java:1421) ~[virtual-users.jar:?]
	at org.openqa.selenium.support.ui.FluentWait.until(FluentWait.java:248) ~[virtual-users.jar:?]
	at com.atlassian.performance.tools.jiraactions.api.page.WebDriverUtils.wait(WebDriverExtension.kt:25) ~[virtual-users.jar:?]
	at com.atlassian.performance.tools.jiraactions.api.page.WebDriverUtils.wait$default(WebDriverExtension.kt:19) ~[virtual-users.jar:?]
	at com.atlassian.performance.tools.jiraactions.api.page.IssueNavigatorPage.waitForIssueNavigator(IssueNavigatorPage.kt:19) ~[virtual-users.jar:?]
	at com.atlassian.performance.tools.jiraactions.api.action.SearchJqlAction$run$issueNavigatorPage$1.invoke(SearchJqlAction.kt:23) ~[virtual-users.jar:?]
	at com.atlassian.performance.tools.jiraactions.api.action.SearchJqlAction$run$issueNavigatorPage$1.invoke(SearchJqlAction.kt:12) ~[virtual-users.jar:?]
	at com.atlassian.performance.tools.jiraactions.api.measure.ActionMeter$measure$2.invoke(ActionMeter.kt:80) ~[virtual-users.jar:?]
	at com.atlassian.performance.tools.jiraactions.api.measure.ActionMeter$measure$2.invoke(ActionMeter.kt:25) ~[virtual-users.jar:?]
	at com.atlassian.performance.tools.jiraactions.api.measure.ActionMeter.record(ActionMeter.kt:102) ~[virtual-users.jar:?]
	... 12 more
2019-05-18T16:45:26,545Z ERROR {} [applying load #7634a13c-bec5-43db-9c02-11f5b20af505] [ExploratoryVirtualUser] Failed to run com.atlassian.performance.tools.jiraactions.api.action.SearchJqlAction@276861d2, but we keep running
java.lang.Exception: Failed to run com.atlassian.performance.tools.jiraactions.api.action.SearchJqlAction@276861d2
	at com.atlassian.performance.tools.virtualusers.ExploratoryVirtualUser.runWithDiagnostics(ExploratoryVirtualUser.kt:82) ~[virtual-users.jar:?]
	at com.atlassian.performance.tools.virtualusers.ExploratoryVirtualUser.applyLoad(ExploratoryVirtualUser.kt:56) [virtual-users.jar:?]
	at com.atlassian.performance.tools.virtualusers.LoadTest.applyLoad(LoadTest.kt:164) [virtual-users.jar:?]
	at com.atlassian.performance.tools.virtualusers.LoadTest.access$applyLoad(LoadTest.kt:36) [virtual-users.jar:?]
	at com.atlassian.performance.tools.virtualusers.LoadTest$applyLoad$$inlined$forEach$lambda$1.run(LoadTest.kt:111) [virtual-users.jar:?]
	at java.util.concurrent.Executors$RunnableAdapter.call(Executors.java:511) [?:1.8.0_212]
	at java.util.concurrent.FutureTask.run(FutureTask.java:266) [?:1.8.0_212]
	at java.util.concurrent.ThreadPoolExecutor.runWorker(ThreadPoolExecutor.java:1149) [?:1.8.0_212]
	at java.util.concurrent.ThreadPoolExecutor$Worker.run(ThreadPoolExecutor.java:624) [?:1.8.0_212]
	at java.lang.Thread.run(Thread.java:748) [?:1.8.0_212]
Caused by: java.lang.Exception: Action 'Search with JQL' ERROR
	at com.atlassian.performance.tools.jiraactions.api.measure.ActionMeter.record(ActionMeter.kt:132) ~[virtual-users.jar:?]
	at com.atlassian.performance.tools.jiraactions.api.measure.ActionMeter.measure(ActionMeter.kt:79) ~[virtual-users.jar:?]
	at com.atlassian.performance.tools.jiraactions.api.action.SearchJqlAction.run(SearchJqlAction.kt:21) ~[virtual-users.jar:?]
	at com.atlassian.performance.tools.virtualusers.ExploratoryVirtualUser.runWithDiagnostics(ExploratoryVirtualUser.kt:79) ~[virtual-users.jar:?]
	... 9 more
Caused by: org.openqa.selenium.TimeoutException: Expected condition failed: waiting for at least one condition to be valid: all conditions to be valid: at least one condition to be valid: presence of element located by: By.cssSelector: ol.issue-list || presence of element located by: By.id: issuetable || presence of element located by: By.id: issue-content && presence of element located by: By.id: key-val && presence of element located by: By.className: issue-body-content || presence of element located by: By.className: no-results-hint || at least one condition to be valid: presence of element located by: By.cssSelector: section div.aui-message.error || presence of element located by: By.id: errorPageContainer || presence of element located by: By.cssSelector: div.form-body div.error (tried for 30 second(s) with 50 milliseconds interval)
	at org.openqa.selenium.support.ui.WebDriverWait.timeoutException(WebDriverWait.java:81) ~[virtual-users.jar:?]
	at org.openqa.selenium.support.ui.FluentWait.until(FluentWait.java:271) ~[virtual-users.jar:?]
	at com.atlassian.performance.tools.jiraactions.api.page.WebDriverUtils.wait(WebDriverExtension.kt:25) ~[virtual-users.jar:?]
	at com.atlassian.performance.tools.jiraactions.api.page.WebDriverUtils.wait$default(WebDriverExtension.kt:19) ~[virtual-users.jar:?]
	at com.atlassian.performance.tools.jiraactions.api.page.IssueNavigatorPage.waitForIssueNavigator(IssueNavigatorPage.kt:19) ~[virtual-users.jar:?]
	at com.atlassian.performance.tools.jiraactions.api.action.SearchJqlAction$run$issueNavigatorPage$1.invoke(SearchJqlAction.kt:23) ~[virtual-users.jar:?]
	at com.atlassian.performance.tools.jiraactions.api.action.SearchJqlAction$run$issueNavigatorPage$1.invoke(SearchJqlAction.kt:12) ~[virtual-users.jar:?]
	at com.atlassian.performance.tools.jiraactions.api.measure.ActionMeter$measure$2.invoke(ActionMeter.kt:80) ~[virtual-users.jar:?]
	at com.atlassian.performance.tools.jiraactions.api.measure.ActionMeter$measure$2.invoke(ActionMeter.kt:25) ~[virtual-users.jar:?]
	at com.atlassian.performance.tools.jiraactions.api.measure.ActionMeter.record(ActionMeter.kt:102) ~[virtual-users.jar:?]
	at com.atlassian.performance.tools.jiraactions.api.measure.ActionMeter.measure(ActionMeter.kt:79) ~[virtual-users.jar:?]
	at com.atlassian.performance.tools.jiraactions.api.action.SearchJqlAction.run(SearchJqlAction.kt:21) ~[virtual-users.jar:?]
	at com.atlassian.performance.tools.virtualusers.ExploratoryVirtualUser.runWithDiagnostics(ExploratoryVirtualUser.kt:79) ~[virtual-users.jar:?]
	... 9 more
Caused by: org.openqa.selenium.NoSuchElementException: Cannot locate an element using By.cssSelector: div.form-body div.error
For documentation on this error, please visit: http://seleniumhq.org/exceptions/no_such_element.html
Build info: version: 'unknown', revision: 'unknown', time: 'unknown'
System info: host: 'ip-10-0-0-138', ip: '10.0.0.138', os.name: 'Linux', os.arch: 'amd64', os.version: '4.4.0-1067-aws', java.version: '1.8.0_212'
Driver info: driver.version: unknown
	at org.openqa.selenium.support.ui.ExpectedConditions.lambda$findElement$0(ExpectedConditions.java:896) ~[virtual-users.jar:?]
	at java.util.Optional.orElseThrow(Optional.java:290) ~[?:1.8.0_212]
	at org.openqa.selenium.support.ui.ExpectedConditions.findElement(ExpectedConditions.java:895) ~[virtual-users.jar:?]
	at org.openqa.selenium.support.ui.ExpectedConditions.access$000(ExpectedConditions.java:44) ~[virtual-users.jar:?]
	at org.openqa.selenium.support.ui.ExpectedConditions$6.apply(ExpectedConditions.java:183) ~[virtual-users.jar:?]
	at org.openqa.selenium.support.ui.ExpectedConditions$6.apply(ExpectedConditions.java:180) ~[virtual-users.jar:?]
	at org.openqa.selenium.support.ui.ExpectedConditions$47.apply(ExpectedConditions.java:1427) ~[virtual-users.jar:?]
	at org.openqa.selenium.support.ui.ExpectedConditions$47.apply(ExpectedConditions.java:1421) ~[virtual-users.jar:?]
	at org.openqa.selenium.support.ui.ExpectedConditions$47.apply(ExpectedConditions.java:1427) ~[virtual-users.jar:?]
	at org.openqa.selenium.support.ui.ExpectedConditions$47.apply(ExpectedConditions.java:1421) ~[virtual-users.jar:?]
	at org.openqa.selenium.support.ui.FluentWait.until(FluentWait.java:248) ~[virtual-users.jar:?]
	at com.atlassian.performance.tools.jiraactions.api.page.WebDriverUtils.wait(WebDriverExtension.kt:25) ~[virtual-users.jar:?]
	at com.atlassian.performance.tools.jiraactions.api.page.WebDriverUtils.wait$default(WebDriverExtension.kt:19) ~[virtual-users.jar:?]
	at com.atlassian.performance.tools.jiraactions.api.page.IssueNavigatorPage.waitForIssueNavigator(IssueNavigatorPage.kt:19) ~[virtual-users.jar:?]
	at com.atlassian.performance.tools.jiraactions.api.action.SearchJqlAction$run$issueNavigatorPage$1.invoke(SearchJqlAction.kt:23) ~[virtual-users.jar:?]
	at com.atlassian.performance.tools.jiraactions.api.action.SearchJqlAction$run$issueNavigatorPage$1.invoke(SearchJqlAction.kt:12) ~[virtual-users.jar:?]
	at com.atlassian.performance.tools.jiraactions.api.measure.ActionMeter$measure$2.invoke(ActionMeter.kt:80) ~[virtual-users.jar:?]
	at com.atlassian.performance.tools.jiraactions.api.measure.ActionMeter$measure$2.invoke(ActionMeter.kt:25) ~[virtual-users.jar:?]
	at com.atlassian.performance.tools.jiraactions.api.measure.ActionMeter.record(ActionMeter.kt:102) ~[virtual-users.jar:?]
	at com.atlassian.performance.tools.jiraactions.api.measure.ActionMeter.measure(ActionMeter.kt:79) ~[virtual-users.jar:?]
	at com.atlassian.performance.tools.jiraactions.api.action.SearchJqlAction.run(SearchJqlAction.kt:21) ~[virtual-users.jar:?]
	at com.atlassian.performance.tools.virtualusers.ExploratoryVirtualUser.runWithDiagnostics(ExploratoryVirtualUser.kt:79) ~[virtual-users.jar:?]
	... 9 more
2019-05-18T16:45:28,995Z DEBUG {} [applying load #fd2cee84-4cc3-4788-bdb6-52fb4a5cc607] [SeededRandom] Using seed 1558197928
2019-05-18T16:45:33,168Z DEBUG {} [applying load #cfc0fc31-6ecf-4427-832a-37f5194e0242] [SeededRandom] Using seed 1558197933
2019-05-18T16:45:43,317Z DEBUG {} [applying load #fd2cee84-4cc3-4788-bdb6-52fb4a5cc607] [SeededRandom] Using seed 1558197943
2019-05-18T16:45:48,528Z DEBUG {} [applying load #91feac14-8c9f-430a-aad3-4afc2fe94a34] [SeededRandom] Using seed 1558197948
2019-05-18T16:46:00,972Z DEBUG {} [applying load #7634a13c-bec5-43db-9c02-11f5b20af505] [SeededRandom] Using seed 1558197960
2019-05-18T16:46:08,248Z DEBUG {} [applying load #7634a13c-bec5-43db-9c02-11f5b20af505] [SeededRandom] Using seed 1558197968
2019-05-18T16:46:20,966Z DEBUG {} [applying load #7634a13c-bec5-43db-9c02-11f5b20af505] [SeededRandom] Using seed 1558197980
2019-05-18T16:46:21,822Z DEBUG {} [applying load #f2004877-5991-4813-927d-caa8cb5d034f] [SeededRandom] Using seed 1558197981
2019-05-18T16:46:26,974Z DEBUG {} [applying load #cfc0fc31-6ecf-4427-832a-37f5194e0242] [SeededRandom] Using seed 1558197986
2019-05-18T16:46:29,542Z DEBUG {} [applying load #f2004877-5991-4813-927d-caa8cb5d034f] [SeededRandom] Using seed 1558197989
2019-05-18T16:46:29,660Z DEBUG {} [applying load #fd2cee84-4cc3-4788-bdb6-52fb4a5cc607] [SeededRandom] Using seed 1558197989
2019-05-18T16:46:30,389Z DEBUG {} [applying load #7634a13c-bec5-43db-9c02-11f5b20af505] [SeededRandom] Using seed 1558197990
2019-05-18T16:46:32,219Z DEBUG {} [applying load #9723ff5e-3b89-4655-828f-4402f6e36912] [SeededRandom] Using seed 1558197992
2019-05-18T16:46:36,586Z DEBUG {} [applying load #cfc0fc31-6ecf-4427-832a-37f5194e0242] [SeededRandom] Using seed 1558197996
2019-05-18T16:46:42,572Z ERROR {} [applying load #559b5fb4-bceb-465b-9abc-497e31fa53e0] [WebDriverDiagnostics] URL: http://jpt-a7080-loadbala-1wnkosb19kzsy-588422585.eu-west-1.elb.amazonaws.com/secure/Dashboard.jspa, HTML dumped at diagnoses/ed7f61de-4392-4c2f-a660-4f050bb189b2/dump.html, screenshot saved to diagnoses/ed7f61de-4392-4c2f-a660-4f050bb189b2/screenshot.png
java.lang.Exception: Action 'Full Create Issue' ERROR
	at com.atlassian.performance.tools.jiraactions.api.measure.ActionMeter.record(ActionMeter.kt:132) ~[virtual-users.jar:?]
	at com.atlassian.performance.tools.jiraactions.api.measure.ActionMeter.measure(ActionMeter.kt:79) ~[virtual-users.jar:?]
	at com.atlassian.performance.tools.jiraactions.api.measure.ActionMeter.measure(ActionMeter.kt:57) ~[virtual-users.jar:?]
	at com.atlassian.performance.tools.jiraactions.api.action.CreateIssueAction.run(CreateIssueAction.kt:23) ~[virtual-users.jar:?]
	at com.atlassian.performance.tools.virtualusers.ExploratoryVirtualUser.runWithDiagnostics(ExploratoryVirtualUser.kt:79) [virtual-users.jar:?]
	at com.atlassian.performance.tools.virtualusers.ExploratoryVirtualUser.applyLoad(ExploratoryVirtualUser.kt:56) [virtual-users.jar:?]
	at com.atlassian.performance.tools.virtualusers.LoadTest.applyLoad(LoadTest.kt:164) [virtual-users.jar:?]
	at com.atlassian.performance.tools.virtualusers.LoadTest.access$applyLoad(LoadTest.kt:36) [virtual-users.jar:?]
	at com.atlassian.performance.tools.virtualusers.LoadTest$applyLoad$$inlined$forEach$lambda$1.run(LoadTest.kt:111) [virtual-users.jar:?]
	at java.util.concurrent.Executors$RunnableAdapter.call(Executors.java:511) [?:1.8.0_212]
	at java.util.concurrent.FutureTask.run(FutureTask.java:266) [?:1.8.0_212]
	at java.util.concurrent.ThreadPoolExecutor.runWorker(ThreadPoolExecutor.java:1149) [?:1.8.0_212]
	at java.util.concurrent.ThreadPoolExecutor$Worker.run(ThreadPoolExecutor.java:624) [?:1.8.0_212]
	at java.lang.Thread.run(Thread.java:748) [?:1.8.0_212]
Caused by: org.openqa.selenium.TimeoutException: Expected condition failed: waiting for invisibility of [[ChromeDriver: chrome on LINUX (6cd5d88c159f46734a11a0bcbec4f880)] -> css selector: form[name=jiraform]] (tried for 30 second(s) with 50 milliseconds interval)
Build info: version: 'unknown', revision: 'unknown', time: 'unknown'
System info: host: 'ip-10-0-0-138', ip: '10.0.0.138', os.name: 'Linux', os.arch: 'amd64', os.version: '4.4.0-1067-aws', java.version: '1.8.0_212'
Driver info: org.openqa.selenium.chrome.ChromeDriver
Capabilities {acceptInsecureCerts: false, acceptSslCerts: false, applicationCacheEnabled: false, browserConnectionEnabled: false, browserName: chrome, chrome: {chromedriverVersion: 2.43.600233 (523efee95e3d68..., userDataDir: /tmp/.org.chromium.Chromium...}, cssSelectorsEnabled: true, databaseEnabled: false, goog:chromeOptions: {debuggerAddress: localhost:36735}, handlesAlerts: true, hasTouchScreen: false, javascriptEnabled: true, locationContextEnabled: true, mobileEmulationEnabled: false, nativeEvents: true, networkConnectionEnabled: false, pageLoadStrategy: normal, platform: LINUX, platformName: LINUX, rotatable: false, setWindowRect: true, takesHeapSnapshot: true, takesScreenshot: true, unexpectedAlertBehaviour: , unhandledPromptBehavior: , version: 69.0.3497.0, webStorageEnabled: true}
Session ID: 6cd5d88c159f46734a11a0bcbec4f880
	at org.openqa.selenium.support.ui.WebDriverWait.timeoutException(WebDriverWait.java:81) ~[virtual-users.jar:?]
	at org.openqa.selenium.support.ui.FluentWait.until(FluentWait.java:271) ~[virtual-users.jar:?]
	at com.atlassian.performance.tools.jiraactions.api.page.WebDriverUtils.wait(WebDriverExtension.kt:25) ~[virtual-users.jar:?]
	at com.atlassian.performance.tools.jiraactions.api.page.WebDriverUtils.wait$default(WebDriverExtension.kt:19) ~[virtual-users.jar:?]
	at com.atlassian.performance.tools.jiraactions.page.form.IssueForm.waitForRefresh(IssueForm.kt:21) ~[virtual-users.jar:?]
	at com.atlassian.performance.tools.jiraactions.page.IssueCreateDialog.selectIssueType(IssueCreateDialog.kt:43) ~[virtual-users.jar:?]
	at com.atlassian.performance.tools.jiraactions.api.action.CreateIssueAction$run$1.invoke(CreateIssueAction.kt:31) ~[virtual-users.jar:?]
	at com.atlassian.performance.tools.jiraactions.api.action.CreateIssueAction$run$1.invoke(CreateIssueAction.kt:9) ~[virtual-users.jar:?]
	at com.atlassian.performance.tools.jiraactions.api.measure.ActionMeter$measure$2.invoke(ActionMeter.kt:80) ~[virtual-users.jar:?]
	at com.atlassian.performance.tools.jiraactions.api.measure.ActionMeter$measure$2.invoke(ActionMeter.kt:25) ~[virtual-users.jar:?]
	at com.atlassian.performance.tools.jiraactions.api.measure.ActionMeter.record(ActionMeter.kt:102) ~[virtual-users.jar:?]
	... 13 more
2019-05-18T16:46:42,573Z ERROR {} [applying load #559b5fb4-bceb-465b-9abc-497e31fa53e0] [ExploratoryVirtualUser] Failed to run com.atlassian.performance.tools.jiraactions.api.action.CreateIssueAction@769dee0c, but we keep running
java.lang.Exception: Failed to run com.atlassian.performance.tools.jiraactions.api.action.CreateIssueAction@769dee0c
	at com.atlassian.performance.tools.virtualusers.ExploratoryVirtualUser.runWithDiagnostics(ExploratoryVirtualUser.kt:82) ~[virtual-users.jar:?]
	at com.atlassian.performance.tools.virtualusers.ExploratoryVirtualUser.applyLoad(ExploratoryVirtualUser.kt:56) [virtual-users.jar:?]
	at com.atlassian.performance.tools.virtualusers.LoadTest.applyLoad(LoadTest.kt:164) [virtual-users.jar:?]
	at com.atlassian.performance.tools.virtualusers.LoadTest.access$applyLoad(LoadTest.kt:36) [virtual-users.jar:?]
	at com.atlassian.performance.tools.virtualusers.LoadTest$applyLoad$$inlined$forEach$lambda$1.run(LoadTest.kt:111) [virtual-users.jar:?]
	at java.util.concurrent.Executors$RunnableAdapter.call(Executors.java:511) [?:1.8.0_212]
	at java.util.concurrent.FutureTask.run(FutureTask.java:266) [?:1.8.0_212]
	at java.util.concurrent.ThreadPoolExecutor.runWorker(ThreadPoolExecutor.java:1149) [?:1.8.0_212]
	at java.util.concurrent.ThreadPoolExecutor$Worker.run(ThreadPoolExecutor.java:624) [?:1.8.0_212]
	at java.lang.Thread.run(Thread.java:748) [?:1.8.0_212]
Caused by: java.lang.Exception: Action 'Full Create Issue' ERROR
	at com.atlassian.performance.tools.jiraactions.api.measure.ActionMeter.record(ActionMeter.kt:132) ~[virtual-users.jar:?]
	at com.atlassian.performance.tools.jiraactions.api.measure.ActionMeter.measure(ActionMeter.kt:79) ~[virtual-users.jar:?]
	at com.atlassian.performance.tools.jiraactions.api.measure.ActionMeter.measure(ActionMeter.kt:57) ~[virtual-users.jar:?]
	at com.atlassian.performance.tools.jiraactions.api.action.CreateIssueAction.run(CreateIssueAction.kt:23) ~[virtual-users.jar:?]
	at com.atlassian.performance.tools.virtualusers.ExploratoryVirtualUser.runWithDiagnostics(ExploratoryVirtualUser.kt:79) ~[virtual-users.jar:?]
	... 9 more
Caused by: org.openqa.selenium.TimeoutException: Expected condition failed: waiting for invisibility of [[ChromeDriver: chrome on LINUX (6cd5d88c159f46734a11a0bcbec4f880)] -> css selector: form[name=jiraform]] (tried for 30 second(s) with 50 milliseconds interval)
Build info: version: 'unknown', revision: 'unknown', time: 'unknown'
System info: host: 'ip-10-0-0-138', ip: '10.0.0.138', os.name: 'Linux', os.arch: 'amd64', os.version: '4.4.0-1067-aws', java.version: '1.8.0_212'
Driver info: org.openqa.selenium.chrome.ChromeDriver
Capabilities {acceptInsecureCerts: false, acceptSslCerts: false, applicationCacheEnabled: false, browserConnectionEnabled: false, browserName: chrome, chrome: {chromedriverVersion: 2.43.600233 (523efee95e3d68..., userDataDir: /tmp/.org.chromium.Chromium...}, cssSelectorsEnabled: true, databaseEnabled: false, goog:chromeOptions: {debuggerAddress: localhost:36735}, handlesAlerts: true, hasTouchScreen: false, javascriptEnabled: true, locationContextEnabled: true, mobileEmulationEnabled: false, nativeEvents: true, networkConnectionEnabled: false, pageLoadStrategy: normal, platform: LINUX, platformName: LINUX, rotatable: false, setWindowRect: true, takesHeapSnapshot: true, takesScreenshot: true, unexpectedAlertBehaviour: , unhandledPromptBehavior: , version: 69.0.3497.0, webStorageEnabled: true}
Session ID: 6cd5d88c159f46734a11a0bcbec4f880
	at org.openqa.selenium.support.ui.WebDriverWait.timeoutException(WebDriverWait.java:81) ~[virtual-users.jar:?]
	at org.openqa.selenium.support.ui.FluentWait.until(FluentWait.java:271) ~[virtual-users.jar:?]
	at com.atlassian.performance.tools.jiraactions.api.page.WebDriverUtils.wait(WebDriverExtension.kt:25) ~[virtual-users.jar:?]
	at com.atlassian.performance.tools.jiraactions.api.page.WebDriverUtils.wait$default(WebDriverExtension.kt:19) ~[virtual-users.jar:?]
	at com.atlassian.performance.tools.jiraactions.page.form.IssueForm.waitForRefresh(IssueForm.kt:21) ~[virtual-users.jar:?]
	at com.atlassian.performance.tools.jiraactions.page.IssueCreateDialog.selectIssueType(IssueCreateDialog.kt:43) ~[virtual-users.jar:?]
	at com.atlassian.performance.tools.jiraactions.api.action.CreateIssueAction$run$1.invoke(CreateIssueAction.kt:31) ~[virtual-users.jar:?]
	at com.atlassian.performance.tools.jiraactions.api.action.CreateIssueAction$run$1.invoke(CreateIssueAction.kt:9) ~[virtual-users.jar:?]
	at com.atlassian.performance.tools.jiraactions.api.measure.ActionMeter$measure$2.invoke(ActionMeter.kt:80) ~[virtual-users.jar:?]
	at com.atlassian.performance.tools.jiraactions.api.measure.ActionMeter$measure$2.invoke(ActionMeter.kt:25) ~[virtual-users.jar:?]
	at com.atlassian.performance.tools.jiraactions.api.measure.ActionMeter.record(ActionMeter.kt:102) ~[virtual-users.jar:?]
	at com.atlassian.performance.tools.jiraactions.api.measure.ActionMeter.measure(ActionMeter.kt:79) ~[virtual-users.jar:?]
	at com.atlassian.performance.tools.jiraactions.api.measure.ActionMeter.measure(ActionMeter.kt:57) ~[virtual-users.jar:?]
	at com.atlassian.performance.tools.jiraactions.api.action.CreateIssueAction.run(CreateIssueAction.kt:23) ~[virtual-users.jar:?]
	at com.atlassian.performance.tools.virtualusers.ExploratoryVirtualUser.runWithDiagnostics(ExploratoryVirtualUser.kt:79) ~[virtual-users.jar:?]
	... 9 more
2019-05-18T16:46:47,887Z DEBUG {} [applying load #9723ff5e-3b89-4655-828f-4402f6e36912] [SeededRandom] Using seed 1558198007
2019-05-18T16:46:52,872Z DEBUG {} [applying load #559b5fb4-bceb-465b-9abc-497e31fa53e0] [SeededRandom] Using seed 1558198012
2019-05-18T16:46:58,564Z DEBUG {} [applying load #559b5fb4-bceb-465b-9abc-497e31fa53e0] [SeededRandom] Using seed 1558198018
2019-05-18T16:47:01,504Z DEBUG {} [applying load #7634a13c-bec5-43db-9c02-11f5b20af505] [SeededRandom] Using seed 1558198021
2019-05-18T16:47:01,992Z DEBUG {} [applying load #559b5fb4-bceb-465b-9abc-497e31fa53e0] [SeededRandom] Using seed 1558198021
2019-05-18T16:47:05,365Z DEBUG {} [applying load #559b5fb4-bceb-465b-9abc-497e31fa53e0] [SeededRandom] Using seed 1558198025
2019-05-18T16:47:14,893Z DEBUG {} [applying load #cfc0fc31-6ecf-4427-832a-37f5194e0242] [SeededRandom] Using seed 1558198034
2019-05-18T16:47:29,989Z DEBUG {} [applying load #559b5fb4-bceb-465b-9abc-497e31fa53e0] [SeededRandom] Using seed 1558198049
2019-05-18T16:47:34,145Z DEBUG {} [applying load #7a27b16a-58cd-4d9c-9059-0596a0e4b87b] [SeededRandom] Using seed 1558198054
2019-05-18T16:48:04,304Z DEBUG {} [applying load #9723ff5e-3b89-4655-828f-4402f6e36912] [SeededRandom] Using seed 1558198084
2019-05-18T16:48:10,105Z DEBUG {} [applying load #559b5fb4-bceb-465b-9abc-497e31fa53e0] [SeededRandom] Using seed 1558198090
2019-05-18T16:48:21,721Z DEBUG {} [applying load #9723ff5e-3b89-4655-828f-4402f6e36912] [SeededRandom] Using seed 1558198101
2019-05-18T16:48:26,343Z DEBUG {} [applying load #fd2cee84-4cc3-4788-bdb6-52fb4a5cc607] [SeededRandom] Using seed 1558198106
2019-05-18T16:48:31,169Z ERROR {} [applying load #d2b1ad2b-061a-4150-b96d-11a848f2957a] [WebDriverDiagnostics] URL: http://jpt-a7080-loadbala-1wnkosb19kzsy-588422585.eu-west-1.elb.amazonaws.com/issues/?jql=text+%7E+%22a*%22+order+by+summary, HTML dumped at diagnoses/8ee00970-5ad4-40f7-987c-305aaae33d52/dump.html, screenshot saved to diagnoses/8ee00970-5ad4-40f7-987c-305aaae33d52/screenshot.png
java.lang.Exception: Action 'Search with JQL' ERROR
	at com.atlassian.performance.tools.jiraactions.api.measure.ActionMeter.record(ActionMeter.kt:132) ~[virtual-users.jar:?]
	at com.atlassian.performance.tools.jiraactions.api.measure.ActionMeter.measure(ActionMeter.kt:79) ~[virtual-users.jar:?]
	at com.atlassian.performance.tools.jiraactions.api.action.SearchJqlAction.run(SearchJqlAction.kt:21) ~[virtual-users.jar:?]
	at com.atlassian.performance.tools.virtualusers.ExploratoryVirtualUser.runWithDiagnostics(ExploratoryVirtualUser.kt:79) [virtual-users.jar:?]
	at com.atlassian.performance.tools.virtualusers.ExploratoryVirtualUser.applyLoad(ExploratoryVirtualUser.kt:56) [virtual-users.jar:?]
	at com.atlassian.performance.tools.virtualusers.LoadTest.applyLoad(LoadTest.kt:164) [virtual-users.jar:?]
	at com.atlassian.performance.tools.virtualusers.LoadTest.access$applyLoad(LoadTest.kt:36) [virtual-users.jar:?]
	at com.atlassian.performance.tools.virtualusers.LoadTest$applyLoad$$inlined$forEach$lambda$1.run(LoadTest.kt:111) [virtual-users.jar:?]
	at java.util.concurrent.Executors$RunnableAdapter.call(Executors.java:511) [?:1.8.0_212]
	at java.util.concurrent.FutureTask.run(FutureTask.java:266) [?:1.8.0_212]
	at java.util.concurrent.ThreadPoolExecutor.runWorker(ThreadPoolExecutor.java:1149) [?:1.8.0_212]
	at java.util.concurrent.ThreadPoolExecutor$Worker.run(ThreadPoolExecutor.java:624) [?:1.8.0_212]
	at java.lang.Thread.run(Thread.java:748) [?:1.8.0_212]
Caused by: org.openqa.selenium.TimeoutException: Expected condition failed: waiting for at least one condition to be valid: all conditions to be valid: at least one condition to be valid: presence of element located by: By.cssSelector: ol.issue-list || presence of element located by: By.id: issuetable || presence of element located by: By.id: issue-content && presence of element located by: By.id: key-val && presence of element located by: By.className: issue-body-content || presence of element located by: By.className: no-results-hint || at least one condition to be valid: presence of element located by: By.cssSelector: section div.aui-message.error || presence of element located by: By.id: errorPageContainer || presence of element located by: By.cssSelector: div.form-body div.error (tried for 30 second(s) with 50 milliseconds interval)
	at org.openqa.selenium.support.ui.WebDriverWait.timeoutException(WebDriverWait.java:81) ~[virtual-users.jar:?]
	at org.openqa.selenium.support.ui.FluentWait.until(FluentWait.java:271) ~[virtual-users.jar:?]
	at com.atlassian.performance.tools.jiraactions.api.page.WebDriverUtils.wait(WebDriverExtension.kt:25) ~[virtual-users.jar:?]
	at com.atlassian.performance.tools.jiraactions.api.page.WebDriverUtils.wait$default(WebDriverExtension.kt:19) ~[virtual-users.jar:?]
	at com.atlassian.performance.tools.jiraactions.api.page.IssueNavigatorPage.waitForIssueNavigator(IssueNavigatorPage.kt:19) ~[virtual-users.jar:?]
	at com.atlassian.performance.tools.jiraactions.api.action.SearchJqlAction$run$issueNavigatorPage$1.invoke(SearchJqlAction.kt:23) ~[virtual-users.jar:?]
	at com.atlassian.performance.tools.jiraactions.api.action.SearchJqlAction$run$issueNavigatorPage$1.invoke(SearchJqlAction.kt:12) ~[virtual-users.jar:?]
	at com.atlassian.performance.tools.jiraactions.api.measure.ActionMeter$measure$2.invoke(ActionMeter.kt:80) ~[virtual-users.jar:?]
	at com.atlassian.performance.tools.jiraactions.api.measure.ActionMeter$measure$2.invoke(ActionMeter.kt:25) ~[virtual-users.jar:?]
	at com.atlassian.performance.tools.jiraactions.api.measure.ActionMeter.record(ActionMeter.kt:102) ~[virtual-users.jar:?]
	... 12 more
Caused by: org.openqa.selenium.NoSuchElementException: Cannot locate an element using By.cssSelector: div.form-body div.error
For documentation on this error, please visit: http://seleniumhq.org/exceptions/no_such_element.html
Build info: version: 'unknown', revision: 'unknown', time: 'unknown'
System info: host: 'ip-10-0-0-138', ip: '10.0.0.138', os.name: 'Linux', os.arch: 'amd64', os.version: '4.4.0-1067-aws', java.version: '1.8.0_212'
Driver info: driver.version: unknown
	at org.openqa.selenium.support.ui.ExpectedConditions.lambda$findElement$0(ExpectedConditions.java:896) ~[virtual-users.jar:?]
	at java.util.Optional.orElseThrow(Optional.java:290) ~[?:1.8.0_212]
	at org.openqa.selenium.support.ui.ExpectedConditions.findElement(ExpectedConditions.java:895) ~[virtual-users.jar:?]
	at org.openqa.selenium.support.ui.ExpectedConditions.access$000(ExpectedConditions.java:44) ~[virtual-users.jar:?]
	at org.openqa.selenium.support.ui.ExpectedConditions$6.apply(ExpectedConditions.java:183) ~[virtual-users.jar:?]
	at org.openqa.selenium.support.ui.ExpectedConditions$6.apply(ExpectedConditions.java:180) ~[virtual-users.jar:?]
	at org.openqa.selenium.support.ui.ExpectedConditions$47.apply(ExpectedConditions.java:1427) ~[virtual-users.jar:?]
	at org.openqa.selenium.support.ui.ExpectedConditions$47.apply(ExpectedConditions.java:1421) ~[virtual-users.jar:?]
	at org.openqa.selenium.support.ui.ExpectedConditions$47.apply(ExpectedConditions.java:1427) ~[virtual-users.jar:?]
	at org.openqa.selenium.support.ui.ExpectedConditions$47.apply(ExpectedConditions.java:1421) ~[virtual-users.jar:?]
	at org.openqa.selenium.support.ui.FluentWait.until(FluentWait.java:248) ~[virtual-users.jar:?]
	at com.atlassian.performance.tools.jiraactions.api.page.WebDriverUtils.wait(WebDriverExtension.kt:25) ~[virtual-users.jar:?]
	at com.atlassian.performance.tools.jiraactions.api.page.WebDriverUtils.wait$default(WebDriverExtension.kt:19) ~[virtual-users.jar:?]
	at com.atlassian.performance.tools.jiraactions.api.page.IssueNavigatorPage.waitForIssueNavigator(IssueNavigatorPage.kt:19) ~[virtual-users.jar:?]
	at com.atlassian.performance.tools.jiraactions.api.action.SearchJqlAction$run$issueNavigatorPage$1.invoke(SearchJqlAction.kt:23) ~[virtual-users.jar:?]
	at com.atlassian.performance.tools.jiraactions.api.action.SearchJqlAction$run$issueNavigatorPage$1.invoke(SearchJqlAction.kt:12) ~[virtual-users.jar:?]
	at com.atlassian.performance.tools.jiraactions.api.measure.ActionMeter$measure$2.invoke(ActionMeter.kt:80) ~[virtual-users.jar:?]
	at com.atlassian.performance.tools.jiraactions.api.measure.ActionMeter$measure$2.invoke(ActionMeter.kt:25) ~[virtual-users.jar:?]
	at com.atlassian.performance.tools.jiraactions.api.measure.ActionMeter.record(ActionMeter.kt:102) ~[virtual-users.jar:?]
	... 12 more
2019-05-18T16:48:31,169Z ERROR {} [applying load #d2b1ad2b-061a-4150-b96d-11a848f2957a] [ExploratoryVirtualUser] Failed to run com.atlassian.performance.tools.jiraactions.api.action.SearchJqlAction@5af8b97a, but we keep running
java.lang.Exception: Failed to run com.atlassian.performance.tools.jiraactions.api.action.SearchJqlAction@5af8b97a
	at com.atlassian.performance.tools.virtualusers.ExploratoryVirtualUser.runWithDiagnostics(ExploratoryVirtualUser.kt:82) ~[virtual-users.jar:?]
	at com.atlassian.performance.tools.virtualusers.ExploratoryVirtualUser.applyLoad(ExploratoryVirtualUser.kt:56) [virtual-users.jar:?]
	at com.atlassian.performance.tools.virtualusers.LoadTest.applyLoad(LoadTest.kt:164) [virtual-users.jar:?]
	at com.atlassian.performance.tools.virtualusers.LoadTest.access$applyLoad(LoadTest.kt:36) [virtual-users.jar:?]
	at com.atlassian.performance.tools.virtualusers.LoadTest$applyLoad$$inlined$forEach$lambda$1.run(LoadTest.kt:111) [virtual-users.jar:?]
	at java.util.concurrent.Executors$RunnableAdapter.call(Executors.java:511) [?:1.8.0_212]
	at java.util.concurrent.FutureTask.run(FutureTask.java:266) [?:1.8.0_212]
	at java.util.concurrent.ThreadPoolExecutor.runWorker(ThreadPoolExecutor.java:1149) [?:1.8.0_212]
	at java.util.concurrent.ThreadPoolExecutor$Worker.run(ThreadPoolExecutor.java:624) [?:1.8.0_212]
	at java.lang.Thread.run(Thread.java:748) [?:1.8.0_212]
Caused by: java.lang.Exception: Action 'Search with JQL' ERROR
	at com.atlassian.performance.tools.jiraactions.api.measure.ActionMeter.record(ActionMeter.kt:132) ~[virtual-users.jar:?]
	at com.atlassian.performance.tools.jiraactions.api.measure.ActionMeter.measure(ActionMeter.kt:79) ~[virtual-users.jar:?]
	at com.atlassian.performance.tools.jiraactions.api.action.SearchJqlAction.run(SearchJqlAction.kt:21) ~[virtual-users.jar:?]
	at com.atlassian.performance.tools.virtualusers.ExploratoryVirtualUser.runWithDiagnostics(ExploratoryVirtualUser.kt:79) ~[virtual-users.jar:?]
	... 9 more
Caused by: org.openqa.selenium.TimeoutException: Expected condition failed: waiting for at least one condition to be valid: all conditions to be valid: at least one condition to be valid: presence of element located by: By.cssSelector: ol.issue-list || presence of element located by: By.id: issuetable || presence of element located by: By.id: issue-content && presence of element located by: By.id: key-val && presence of element located by: By.className: issue-body-content || presence of element located by: By.className: no-results-hint || at least one condition to be valid: presence of element located by: By.cssSelector: section div.aui-message.error || presence of element located by: By.id: errorPageContainer || presence of element located by: By.cssSelector: div.form-body div.error (tried for 30 second(s) with 50 milliseconds interval)
	at org.openqa.selenium.support.ui.WebDriverWait.timeoutException(WebDriverWait.java:81) ~[virtual-users.jar:?]
	at org.openqa.selenium.support.ui.FluentWait.until(FluentWait.java:271) ~[virtual-users.jar:?]
	at com.atlassian.performance.tools.jiraactions.api.page.WebDriverUtils.wait(WebDriverExtension.kt:25) ~[virtual-users.jar:?]
	at com.atlassian.performance.tools.jiraactions.api.page.WebDriverUtils.wait$default(WebDriverExtension.kt:19) ~[virtual-users.jar:?]
	at com.atlassian.performance.tools.jiraactions.api.page.IssueNavigatorPage.waitForIssueNavigator(IssueNavigatorPage.kt:19) ~[virtual-users.jar:?]
	at com.atlassian.performance.tools.jiraactions.api.action.SearchJqlAction$run$issueNavigatorPage$1.invoke(SearchJqlAction.kt:23) ~[virtual-users.jar:?]
	at com.atlassian.performance.tools.jiraactions.api.action.SearchJqlAction$run$issueNavigatorPage$1.invoke(SearchJqlAction.kt:12) ~[virtual-users.jar:?]
	at com.atlassian.performance.tools.jiraactions.api.measure.ActionMeter$measure$2.invoke(ActionMeter.kt:80) ~[virtual-users.jar:?]
	at com.atlassian.performance.tools.jiraactions.api.measure.ActionMeter$measure$2.invoke(ActionMeter.kt:25) ~[virtual-users.jar:?]
	at com.atlassian.performance.tools.jiraactions.api.measure.ActionMeter.record(ActionMeter.kt:102) ~[virtual-users.jar:?]
	at com.atlassian.performance.tools.jiraactions.api.measure.ActionMeter.measure(ActionMeter.kt:79) ~[virtual-users.jar:?]
	at com.atlassian.performance.tools.jiraactions.api.action.SearchJqlAction.run(SearchJqlAction.kt:21) ~[virtual-users.jar:?]
	at com.atlassian.performance.tools.virtualusers.ExploratoryVirtualUser.runWithDiagnostics(ExploratoryVirtualUser.kt:79) ~[virtual-users.jar:?]
	... 9 more
Caused by: org.openqa.selenium.NoSuchElementException: Cannot locate an element using By.cssSelector: div.form-body div.error
For documentation on this error, please visit: http://seleniumhq.org/exceptions/no_such_element.html
Build info: version: 'unknown', revision: 'unknown', time: 'unknown'
System info: host: 'ip-10-0-0-138', ip: '10.0.0.138', os.name: 'Linux', os.arch: 'amd64', os.version: '4.4.0-1067-aws', java.version: '1.8.0_212'
Driver info: driver.version: unknown
	at org.openqa.selenium.support.ui.ExpectedConditions.lambda$findElement$0(ExpectedConditions.java:896) ~[virtual-users.jar:?]
	at java.util.Optional.orElseThrow(Optional.java:290) ~[?:1.8.0_212]
	at org.openqa.selenium.support.ui.ExpectedConditions.findElement(ExpectedConditions.java:895) ~[virtual-users.jar:?]
	at org.openqa.selenium.support.ui.ExpectedConditions.access$000(ExpectedConditions.java:44) ~[virtual-users.jar:?]
	at org.openqa.selenium.support.ui.ExpectedConditions$6.apply(ExpectedConditions.java:183) ~[virtual-users.jar:?]
	at org.openqa.selenium.support.ui.ExpectedConditions$6.apply(ExpectedConditions.java:180) ~[virtual-users.jar:?]
	at org.openqa.selenium.support.ui.ExpectedConditions$47.apply(ExpectedConditions.java:1427) ~[virtual-users.jar:?]
	at org.openqa.selenium.support.ui.ExpectedConditions$47.apply(ExpectedConditions.java:1421) ~[virtual-users.jar:?]
	at org.openqa.selenium.support.ui.ExpectedConditions$47.apply(ExpectedConditions.java:1427) ~[virtual-users.jar:?]
	at org.openqa.selenium.support.ui.ExpectedConditions$47.apply(ExpectedConditions.java:1421) ~[virtual-users.jar:?]
	at org.openqa.selenium.support.ui.FluentWait.until(FluentWait.java:248) ~[virtual-users.jar:?]
	at com.atlassian.performance.tools.jiraactions.api.page.WebDriverUtils.wait(WebDriverExtension.kt:25) ~[virtual-users.jar:?]
	at com.atlassian.performance.tools.jiraactions.api.page.WebDriverUtils.wait$default(WebDriverExtension.kt:19) ~[virtual-users.jar:?]
	at com.atlassian.performance.tools.jiraactions.api.page.IssueNavigatorPage.waitForIssueNavigator(IssueNavigatorPage.kt:19) ~[virtual-users.jar:?]
	at com.atlassian.performance.tools.jiraactions.api.action.SearchJqlAction$run$issueNavigatorPage$1.invoke(SearchJqlAction.kt:23) ~[virtual-users.jar:?]
	at com.atlassian.performance.tools.jiraactions.api.action.SearchJqlAction$run$issueNavigatorPage$1.invoke(SearchJqlAction.kt:12) ~[virtual-users.jar:?]
	at com.atlassian.performance.tools.jiraactions.api.measure.ActionMeter$measure$2.invoke(ActionMeter.kt:80) ~[virtual-users.jar:?]
	at com.atlassian.performance.tools.jiraactions.api.measure.ActionMeter$measure$2.invoke(ActionMeter.kt:25) ~[virtual-users.jar:?]
	at com.atlassian.performance.tools.jiraactions.api.measure.ActionMeter.record(ActionMeter.kt:102) ~[virtual-users.jar:?]
	at com.atlassian.performance.tools.jiraactions.api.measure.ActionMeter.measure(ActionMeter.kt:79) ~[virtual-users.jar:?]
	at com.atlassian.performance.tools.jiraactions.api.action.SearchJqlAction.run(SearchJqlAction.kt:21) ~[virtual-users.jar:?]
	at com.atlassian.performance.tools.virtualusers.ExploratoryVirtualUser.runWithDiagnostics(ExploratoryVirtualUser.kt:79) ~[virtual-users.jar:?]
	... 9 more
2019-05-18T16:48:32,807Z DEBUG {} [applying load #fd2cee84-4cc3-4788-bdb6-52fb4a5cc607] [SeededRandom] Using seed 1558198112
2019-05-18T16:48:37,581Z DEBUG {} [applying load #559b5fb4-bceb-465b-9abc-497e31fa53e0] [SeededRandom] Using seed 1558198117
2019-05-18T16:48:41,300Z DEBUG {} [applying load #91feac14-8c9f-430a-aad3-4afc2fe94a34] [SeededRandom] Using seed 1558198121
2019-05-18T16:48:44,250Z DEBUG {} [applying load #cfc0fc31-6ecf-4427-832a-37f5194e0242] [SeededRandom] Using seed 1558198124
2019-05-18T16:48:44,962Z DEBUG {} [applying load #d2b1ad2b-061a-4150-b96d-11a848f2957a] [SeededRandom] Using seed 1558198124
2019-05-18T16:48:45,425Z DEBUG {} [applying load #7634a13c-bec5-43db-9c02-11f5b20af505] [SeededRandom] Using seed 1558198125
2019-05-18T16:48:46,658Z ERROR {} [applying load #b2f17d1f-e2e6-4718-8d97-8c7ba24d2319] [WebDriverDiagnostics] URL: http://jpt-a7080-loadbala-1wnkosb19kzsy-588422585.eu-west-1.elb.amazonaws.com/secure/ManageRapidViews.jspa, HTML dumped at diagnoses/06277fa2-e66d-45c8-ba20-8098ce353c7d/dump.html, screenshot saved to diagnoses/06277fa2-e66d-45c8-ba20-8098ce353c7d/screenshot.png
java.lang.Exception: Action 'Browse Boards' ERROR
	at com.atlassian.performance.tools.jiraactions.api.measure.ActionMeter.record(ActionMeter.kt:132) ~[virtual-users.jar:?]
	at com.atlassian.performance.tools.jiraactions.api.measure.ActionMeter.measure(ActionMeter.kt:79) ~[virtual-users.jar:?]
	at com.atlassian.performance.tools.jiraactions.api.measure.ActionMeter.measure(ActionMeter.kt:57) ~[virtual-users.jar:?]
	at com.atlassian.performance.tools.hardware.vu.PatientBrowseBoardsAction.run(BrowseBoardsAction.kt:29) ~[virtual-users.jar:?]
	at com.atlassian.performance.tools.virtualusers.ExploratoryVirtualUser.runWithDiagnostics(ExploratoryVirtualUser.kt:79) [virtual-users.jar:?]
	at com.atlassian.performance.tools.virtualusers.ExploratoryVirtualUser.applyLoad(ExploratoryVirtualUser.kt:56) [virtual-users.jar:?]
	at com.atlassian.performance.tools.virtualusers.LoadTest.applyLoad(LoadTest.kt:164) [virtual-users.jar:?]
	at com.atlassian.performance.tools.virtualusers.LoadTest.access$applyLoad(LoadTest.kt:36) [virtual-users.jar:?]
	at com.atlassian.performance.tools.virtualusers.LoadTest$applyLoad$$inlined$forEach$lambda$1.run(LoadTest.kt:111) [virtual-users.jar:?]
	at java.util.concurrent.Executors$RunnableAdapter.call(Executors.java:511) [?:1.8.0_212]
	at java.util.concurrent.FutureTask.run(FutureTask.java:266) [?:1.8.0_212]
	at java.util.concurrent.ThreadPoolExecutor.runWorker(ThreadPoolExecutor.java:1149) [?:1.8.0_212]
	at java.util.concurrent.ThreadPoolExecutor$Worker.run(ThreadPoolExecutor.java:624) [?:1.8.0_212]
	at java.lang.Thread.run(Thread.java:748) [?:1.8.0_212]
Caused by: org.openqa.selenium.TimeoutException: Expected condition failed: waiting for at least one condition to be valid: all conditions to be valid: text ('Boards') to be present in element found by By.cssSelector: #ghx-header h2 && presence of element located by: By.cssSelector: #ghx-content-main table.aui || at least one condition to be valid: presence of element located by: By.cssSelector: section div.aui-message.error || presence of element located by: By.id: errorPageContainer || presence of element located by: By.cssSelector: div.form-body div.error (tried for 600 second(s) with 50 milliseconds interval)
	at org.openqa.selenium.support.ui.WebDriverWait.timeoutException(WebDriverWait.java:81) ~[virtual-users.jar:?]
	at org.openqa.selenium.support.ui.FluentWait.until(FluentWait.java:271) ~[virtual-users.jar:?]
	at com.atlassian.performance.tools.jiraactions.api.page.WebDriverUtils.wait(WebDriverExtension.kt:25) ~[virtual-users.jar:?]
	at com.atlassian.performance.tools.jiraactions.api.page.WebDriverUtils.wait$default(WebDriverExtension.kt:19) ~[virtual-users.jar:?]
	at com.atlassian.performance.tools.hardware.vu.PatientBrowseBoardsAction.waitForBoardsList(BrowseBoardsAction.kt:40) ~[virtual-users.jar:?]
	at com.atlassian.performance.tools.hardware.vu.PatientBrowseBoardsAction.access$waitForBoardsList(BrowseBoardsAction.kt:20) ~[virtual-users.jar:?]
	at com.atlassian.performance.tools.hardware.vu.PatientBrowseBoardsAction$run$browseBoardsPage$1.invoke(BrowseBoardsAction.kt:30) ~[virtual-users.jar:?]
	at com.atlassian.performance.tools.hardware.vu.PatientBrowseBoardsAction$run$browseBoardsPage$1.invoke(BrowseBoardsAction.kt:20) ~[virtual-users.jar:?]
	at com.atlassian.performance.tools.jiraactions.api.measure.ActionMeter$measure$2.invoke(ActionMeter.kt:80) ~[virtual-users.jar:?]
	at com.atlassian.performance.tools.jiraactions.api.measure.ActionMeter$measure$2.invoke(ActionMeter.kt:25) ~[virtual-users.jar:?]
	at com.atlassian.performance.tools.jiraactions.api.measure.ActionMeter.record(ActionMeter.kt:102) ~[virtual-users.jar:?]
	... 13 more
Caused by: org.openqa.selenium.NoSuchElementException: Cannot locate an element using By.cssSelector: div.form-body div.error
For documentation on this error, please visit: http://seleniumhq.org/exceptions/no_such_element.html
Build info: version: 'unknown', revision: 'unknown', time: 'unknown'
System info: host: 'ip-10-0-0-138', ip: '10.0.0.138', os.name: 'Linux', os.arch: 'amd64', os.version: '4.4.0-1067-aws', java.version: '1.8.0_212'
Driver info: driver.version: unknown
	at org.openqa.selenium.support.ui.ExpectedConditions.lambda$findElement$0(ExpectedConditions.java:896) ~[virtual-users.jar:?]
	at java.util.Optional.orElseThrow(Optional.java:290) ~[?:1.8.0_212]
	at org.openqa.selenium.support.ui.ExpectedConditions.findElement(ExpectedConditions.java:895) ~[virtual-users.jar:?]
	at org.openqa.selenium.support.ui.ExpectedConditions.access$000(ExpectedConditions.java:44) ~[virtual-users.jar:?]
	at org.openqa.selenium.support.ui.ExpectedConditions$6.apply(ExpectedConditions.java:183) ~[virtual-users.jar:?]
	at org.openqa.selenium.support.ui.ExpectedConditions$6.apply(ExpectedConditions.java:180) ~[virtual-users.jar:?]
	at org.openqa.selenium.support.ui.ExpectedConditions$47.apply(ExpectedConditions.java:1427) ~[virtual-users.jar:?]
	at org.openqa.selenium.support.ui.ExpectedConditions$47.apply(ExpectedConditions.java:1421) ~[virtual-users.jar:?]
	at org.openqa.selenium.support.ui.ExpectedConditions$47.apply(ExpectedConditions.java:1427) ~[virtual-users.jar:?]
	at org.openqa.selenium.support.ui.ExpectedConditions$47.apply(ExpectedConditions.java:1421) ~[virtual-users.jar:?]
	at org.openqa.selenium.support.ui.FluentWait.until(FluentWait.java:248) ~[virtual-users.jar:?]
	at com.atlassian.performance.tools.jiraactions.api.page.WebDriverUtils.wait(WebDriverExtension.kt:25) ~[virtual-users.jar:?]
	at com.atlassian.performance.tools.jiraactions.api.page.WebDriverUtils.wait$default(WebDriverExtension.kt:19) ~[virtual-users.jar:?]
	at com.atlassian.performance.tools.hardware.vu.PatientBrowseBoardsAction.waitForBoardsList(BrowseBoardsAction.kt:40) ~[virtual-users.jar:?]
	at com.atlassian.performance.tools.hardware.vu.PatientBrowseBoardsAction.access$waitForBoardsList(BrowseBoardsAction.kt:20) ~[virtual-users.jar:?]
	at com.atlassian.performance.tools.hardware.vu.PatientBrowseBoardsAction$run$browseBoardsPage$1.invoke(BrowseBoardsAction.kt:30) ~[virtual-users.jar:?]
	at com.atlassian.performance.tools.hardware.vu.PatientBrowseBoardsAction$run$browseBoardsPage$1.invoke(BrowseBoardsAction.kt:20) ~[virtual-users.jar:?]
	at com.atlassian.performance.tools.jiraactions.api.measure.ActionMeter$measure$2.invoke(ActionMeter.kt:80) ~[virtual-users.jar:?]
	at com.atlassian.performance.tools.jiraactions.api.measure.ActionMeter$measure$2.invoke(ActionMeter.kt:25) ~[virtual-users.jar:?]
	at com.atlassian.performance.tools.jiraactions.api.measure.ActionMeter.record(ActionMeter.kt:102) ~[virtual-users.jar:?]
	... 13 more
2019-05-18T16:48:46,660Z ERROR {} [applying load #b2f17d1f-e2e6-4718-8d97-8c7ba24d2319] [ExploratoryVirtualUser] Failed to run com.atlassian.performance.tools.hardware.vu.PatientBrowseBoardsAction@132de1fa, but we keep running
java.lang.Exception: Failed to run com.atlassian.performance.tools.hardware.vu.PatientBrowseBoardsAction@132de1fa
	at com.atlassian.performance.tools.virtualusers.ExploratoryVirtualUser.runWithDiagnostics(ExploratoryVirtualUser.kt:82) ~[virtual-users.jar:?]
	at com.atlassian.performance.tools.virtualusers.ExploratoryVirtualUser.applyLoad(ExploratoryVirtualUser.kt:56) [virtual-users.jar:?]
	at com.atlassian.performance.tools.virtualusers.LoadTest.applyLoad(LoadTest.kt:164) [virtual-users.jar:?]
	at com.atlassian.performance.tools.virtualusers.LoadTest.access$applyLoad(LoadTest.kt:36) [virtual-users.jar:?]
	at com.atlassian.performance.tools.virtualusers.LoadTest$applyLoad$$inlined$forEach$lambda$1.run(LoadTest.kt:111) [virtual-users.jar:?]
	at java.util.concurrent.Executors$RunnableAdapter.call(Executors.java:511) [?:1.8.0_212]
	at java.util.concurrent.FutureTask.run(FutureTask.java:266) [?:1.8.0_212]
	at java.util.concurrent.ThreadPoolExecutor.runWorker(ThreadPoolExecutor.java:1149) [?:1.8.0_212]
	at java.util.concurrent.ThreadPoolExecutor$Worker.run(ThreadPoolExecutor.java:624) [?:1.8.0_212]
	at java.lang.Thread.run(Thread.java:748) [?:1.8.0_212]
Caused by: java.lang.Exception: Action 'Browse Boards' ERROR
	at com.atlassian.performance.tools.jiraactions.api.measure.ActionMeter.record(ActionMeter.kt:132) ~[virtual-users.jar:?]
	at com.atlassian.performance.tools.jiraactions.api.measure.ActionMeter.measure(ActionMeter.kt:79) ~[virtual-users.jar:?]
	at com.atlassian.performance.tools.jiraactions.api.measure.ActionMeter.measure(ActionMeter.kt:57) ~[virtual-users.jar:?]
	at com.atlassian.performance.tools.hardware.vu.PatientBrowseBoardsAction.run(BrowseBoardsAction.kt:29) ~[virtual-users.jar:?]
	at com.atlassian.performance.tools.virtualusers.ExploratoryVirtualUser.runWithDiagnostics(ExploratoryVirtualUser.kt:79) ~[virtual-users.jar:?]
	... 9 more
Caused by: org.openqa.selenium.TimeoutException: Expected condition failed: waiting for at least one condition to be valid: all conditions to be valid: text ('Boards') to be present in element found by By.cssSelector: #ghx-header h2 && presence of element located by: By.cssSelector: #ghx-content-main table.aui || at least one condition to be valid: presence of element located by: By.cssSelector: section div.aui-message.error || presence of element located by: By.id: errorPageContainer || presence of element located by: By.cssSelector: div.form-body div.error (tried for 600 second(s) with 50 milliseconds interval)
	at org.openqa.selenium.support.ui.WebDriverWait.timeoutException(WebDriverWait.java:81) ~[virtual-users.jar:?]
	at org.openqa.selenium.support.ui.FluentWait.until(FluentWait.java:271) ~[virtual-users.jar:?]
	at com.atlassian.performance.tools.jiraactions.api.page.WebDriverUtils.wait(WebDriverExtension.kt:25) ~[virtual-users.jar:?]
	at com.atlassian.performance.tools.jiraactions.api.page.WebDriverUtils.wait$default(WebDriverExtension.kt:19) ~[virtual-users.jar:?]
	at com.atlassian.performance.tools.hardware.vu.PatientBrowseBoardsAction.waitForBoardsList(BrowseBoardsAction.kt:40) ~[virtual-users.jar:?]
	at com.atlassian.performance.tools.hardware.vu.PatientBrowseBoardsAction.access$waitForBoardsList(BrowseBoardsAction.kt:20) ~[virtual-users.jar:?]
	at com.atlassian.performance.tools.hardware.vu.PatientBrowseBoardsAction$run$browseBoardsPage$1.invoke(BrowseBoardsAction.kt:30) ~[virtual-users.jar:?]
	at com.atlassian.performance.tools.hardware.vu.PatientBrowseBoardsAction$run$browseBoardsPage$1.invoke(BrowseBoardsAction.kt:20) ~[virtual-users.jar:?]
	at com.atlassian.performance.tools.jiraactions.api.measure.ActionMeter$measure$2.invoke(ActionMeter.kt:80) ~[virtual-users.jar:?]
	at com.atlassian.performance.tools.jiraactions.api.measure.ActionMeter$measure$2.invoke(ActionMeter.kt:25) ~[virtual-users.jar:?]
	at com.atlassian.performance.tools.jiraactions.api.measure.ActionMeter.record(ActionMeter.kt:102) ~[virtual-users.jar:?]
	at com.atlassian.performance.tools.jiraactions.api.measure.ActionMeter.measure(ActionMeter.kt:79) ~[virtual-users.jar:?]
	at com.atlassian.performance.tools.jiraactions.api.measure.ActionMeter.measure(ActionMeter.kt:57) ~[virtual-users.jar:?]
	at com.atlassian.performance.tools.hardware.vu.PatientBrowseBoardsAction.run(BrowseBoardsAction.kt:29) ~[virtual-users.jar:?]
	at com.atlassian.performance.tools.virtualusers.ExploratoryVirtualUser.runWithDiagnostics(ExploratoryVirtualUser.kt:79) ~[virtual-users.jar:?]
	... 9 more
Caused by: org.openqa.selenium.NoSuchElementException: Cannot locate an element using By.cssSelector: div.form-body div.error
For documentation on this error, please visit: http://seleniumhq.org/exceptions/no_such_element.html
Build info: version: 'unknown', revision: 'unknown', time: 'unknown'
System info: host: 'ip-10-0-0-138', ip: '10.0.0.138', os.name: 'Linux', os.arch: 'amd64', os.version: '4.4.0-1067-aws', java.version: '1.8.0_212'
Driver info: driver.version: unknown
	at org.openqa.selenium.support.ui.ExpectedConditions.lambda$findElement$0(ExpectedConditions.java:896) ~[virtual-users.jar:?]
	at java.util.Optional.orElseThrow(Optional.java:290) ~[?:1.8.0_212]
	at org.openqa.selenium.support.ui.ExpectedConditions.findElement(ExpectedConditions.java:895) ~[virtual-users.jar:?]
	at org.openqa.selenium.support.ui.ExpectedConditions.access$000(ExpectedConditions.java:44) ~[virtual-users.jar:?]
	at org.openqa.selenium.support.ui.ExpectedConditions$6.apply(ExpectedConditions.java:183) ~[virtual-users.jar:?]
	at org.openqa.selenium.support.ui.ExpectedConditions$6.apply(ExpectedConditions.java:180) ~[virtual-users.jar:?]
	at org.openqa.selenium.support.ui.ExpectedConditions$47.apply(ExpectedConditions.java:1427) ~[virtual-users.jar:?]
	at org.openqa.selenium.support.ui.ExpectedConditions$47.apply(ExpectedConditions.java:1421) ~[virtual-users.jar:?]
	at org.openqa.selenium.support.ui.ExpectedConditions$47.apply(ExpectedConditions.java:1427) ~[virtual-users.jar:?]
	at org.openqa.selenium.support.ui.ExpectedConditions$47.apply(ExpectedConditions.java:1421) ~[virtual-users.jar:?]
	at org.openqa.selenium.support.ui.FluentWait.until(FluentWait.java:248) ~[virtual-users.jar:?]
	at com.atlassian.performance.tools.jiraactions.api.page.WebDriverUtils.wait(WebDriverExtension.kt:25) ~[virtual-users.jar:?]
	at com.atlassian.performance.tools.jiraactions.api.page.WebDriverUtils.wait$default(WebDriverExtension.kt:19) ~[virtual-users.jar:?]
	at com.atlassian.performance.tools.hardware.vu.PatientBrowseBoardsAction.waitForBoardsList(BrowseBoardsAction.kt:40) ~[virtual-users.jar:?]
	at com.atlassian.performance.tools.hardware.vu.PatientBrowseBoardsAction.access$waitForBoardsList(BrowseBoardsAction.kt:20) ~[virtual-users.jar:?]
	at com.atlassian.performance.tools.hardware.vu.PatientBrowseBoardsAction$run$browseBoardsPage$1.invoke(BrowseBoardsAction.kt:30) ~[virtual-users.jar:?]
	at com.atlassian.performance.tools.hardware.vu.PatientBrowseBoardsAction$run$browseBoardsPage$1.invoke(BrowseBoardsAction.kt:20) ~[virtual-users.jar:?]
	at com.atlassian.performance.tools.jiraactions.api.measure.ActionMeter$measure$2.invoke(ActionMeter.kt:80) ~[virtual-users.jar:?]
	at com.atlassian.performance.tools.jiraactions.api.measure.ActionMeter$measure$2.invoke(ActionMeter.kt:25) ~[virtual-users.jar:?]
	at com.atlassian.performance.tools.jiraactions.api.measure.ActionMeter.record(ActionMeter.kt:102) ~[virtual-users.jar:?]
	at com.atlassian.performance.tools.jiraactions.api.measure.ActionMeter.measure(ActionMeter.kt:79) ~[virtual-users.jar:?]
	at com.atlassian.performance.tools.jiraactions.api.measure.ActionMeter.measure(ActionMeter.kt:57) ~[virtual-users.jar:?]
	at com.atlassian.performance.tools.hardware.vu.PatientBrowseBoardsAction.run(BrowseBoardsAction.kt:29) ~[virtual-users.jar:?]
	at com.atlassian.performance.tools.virtualusers.ExploratoryVirtualUser.runWithDiagnostics(ExploratoryVirtualUser.kt:79) ~[virtual-users.jar:?]
	... 9 more
2019-05-18T16:48:49,668Z DEBUG {} [applying load #b2f17d1f-e2e6-4718-8d97-8c7ba24d2319] [SeededRandom] Using seed 1558198129
2019-05-18T16:48:49,714Z DEBUG {} [applying load #7634a13c-bec5-43db-9c02-11f5b20af505] [SeededRandom] Using seed 1558198129
2019-05-18T16:48:50,962Z DEBUG {} [applying load #cfc0fc31-6ecf-4427-832a-37f5194e0242] [SeededRandom] Using seed 1558198130
2019-05-18T16:48:51,825Z DEBUG {} [applying load #d2b1ad2b-061a-4150-b96d-11a848f2957a] [SeededRandom] Using seed 1558198131
2019-05-18T16:48:57,707Z DEBUG {} [applying load #91feac14-8c9f-430a-aad3-4afc2fe94a34] [SeededRandom] Using seed 1558198137
2019-05-18T16:48:58,834Z DEBUG {} [applying load #d2b1ad2b-061a-4150-b96d-11a848f2957a] [SeededRandom] Using seed 1558198138
2019-05-18T16:48:59,836Z DEBUG {} [applying load #9723ff5e-3b89-4655-828f-4402f6e36912] [SeededRandom] Using seed 1558198139
2019-05-18T16:49:14,835Z DEBUG {} [applying load #91feac14-8c9f-430a-aad3-4afc2fe94a34] [SeededRandom] Using seed 1558198154
2019-05-18T16:49:20,535Z DEBUG {} [applying load #d2b1ad2b-061a-4150-b96d-11a848f2957a] [SeededRandom] Using seed 1558198160
2019-05-18T16:49:28,769Z DEBUG {} [applying load #cfc0fc31-6ecf-4427-832a-37f5194e0242] [SeededRandom] Using seed 1558198168
2019-05-18T16:49:38,659Z DEBUG {} [applying load #9723ff5e-3b89-4655-828f-4402f6e36912] [SeededRandom] Using seed 1558198178
2019-05-18T16:49:44,940Z DEBUG {} [applying load #7a27b16a-58cd-4d9c-9059-0596a0e4b87b] [SeededRandom] Using seed 1558198184
2019-05-18T16:49:52,834Z DEBUG {} [applying load #fd2cee84-4cc3-4788-bdb6-52fb4a5cc607] [SeededRandom] Using seed 1558198192
2019-05-18T16:49:56,828Z DEBUG {} [applying load #7a27b16a-58cd-4d9c-9059-0596a0e4b87b] [SeededRandom] Using seed 1558198196
2019-05-18T16:49:57,272Z DEBUG {} [applying load #d2b1ad2b-061a-4150-b96d-11a848f2957a] [SeededRandom] Using seed 1558198197
2019-05-18T16:50:02,587Z DEBUG {} [applying load #9723ff5e-3b89-4655-828f-4402f6e36912] [SeededRandom] Using seed 1558198202
2019-05-18T16:50:03,580Z DEBUG {} [applying load #7a27b16a-58cd-4d9c-9059-0596a0e4b87b] [SeededRandom] Using seed 1558198203
2019-05-18T16:50:07,171Z DEBUG {} [applying load #fd2cee84-4cc3-4788-bdb6-52fb4a5cc607] [SeededRandom] Using seed 1558198207
2019-05-18T16:50:08,488Z DEBUG {} [applying load #d2b1ad2b-061a-4150-b96d-11a848f2957a] [SeededRandom] Using seed 1558198208
2019-05-18T16:50:41,337Z DEBUG {} [applying load #d2b1ad2b-061a-4150-b96d-11a848f2957a] [SeededRandom] Using seed 1558198241
2019-05-18T16:50:43,912Z DEBUG {} [applying load #fd2cee84-4cc3-4788-bdb6-52fb4a5cc607] [SeededRandom] Using seed 1558198243
2019-05-18T16:50:48,306Z DEBUG {} [applying load #b2f17d1f-e2e6-4718-8d97-8c7ba24d2319] [SeededRandom] Using seed 1558198248
2019-05-18T16:51:01,251Z DEBUG {} [applying load #559b5fb4-bceb-465b-9abc-497e31fa53e0] [SeededRandom] Using seed 1558198261
2019-05-18T16:51:14,831Z DEBUG {} [applying load #9723ff5e-3b89-4655-828f-4402f6e36912] [SeededRandom] Using seed 1558198274
2019-05-18T16:51:16,345Z DEBUG {} [applying load #d2b1ad2b-061a-4150-b96d-11a848f2957a] [SeededRandom] Using seed 1558198276
2019-05-18T16:51:18,520Z DEBUG {} [applying load #91feac14-8c9f-430a-aad3-4afc2fe94a34] [SeededRandom] Using seed 1558198278
2019-05-18T16:51:23,063Z DEBUG {} [applying load #cfc0fc31-6ecf-4427-832a-37f5194e0242] [SeededRandom] Using seed 1558198283
2019-05-18T16:52:06,116Z DEBUG {} [applying load #cfc0fc31-6ecf-4427-832a-37f5194e0242] [SeededRandom] Using seed 1558198326
2019-05-18T16:52:09,203Z DEBUG {} [applying load #7a27b16a-58cd-4d9c-9059-0596a0e4b87b] [SeededRandom] Using seed 1558198329
2019-05-18T16:52:28,969Z DEBUG {} [applying load #559b5fb4-bceb-465b-9abc-497e31fa53e0] [SeededRandom] Using seed 1558198348
2019-05-18T16:52:32,147Z DEBUG {} [applying load #d2b1ad2b-061a-4150-b96d-11a848f2957a] [SeededRandom] Using seed 1558198352
2019-05-18T16:52:41,510Z DEBUG {} [applying load #7634a13c-bec5-43db-9c02-11f5b20af505] [SeededRandom] Using seed 1558198361
2019-05-18T16:52:51,365Z DEBUG {} [applying load #7634a13c-bec5-43db-9c02-11f5b20af505] [SeededRandom] Using seed 1558198371
2019-05-18T16:52:53,168Z INFO  {} [] [LoadTest] Closing segments
2019-05-18T16:52:53,255Z ERROR {} [applying load #fd2cee84-4cc3-4788-bdb6-52fb4a5cc607] [ExploratoryVirtualUser] Failed to run com.atlassian.performance.tools.jiraactions.api.action.ViewIssueAction@39c859f7, but we keep running
org.openqa.selenium.WebDriverException: org.apache.http.conn.HttpHostConnectException: Connect to localhost:31337 [localhost/127.0.0.1] failed: Connection refused (Connection refused)
Build info: version: 'unknown', revision: 'unknown', time: 'unknown'
System info: host: 'ip-10-0-0-138', ip: '10.0.0.138', os.name: 'Linux', os.arch: 'amd64', os.version: '4.4.0-1067-aws', java.version: '1.8.0_212'
Driver info: driver.version: RemoteWebDriver
	at org.openqa.selenium.remote.service.DriverCommandExecutor.execute(DriverCommandExecutor.java:92) ~[virtual-users.jar:?]
	at org.openqa.selenium.remote.RemoteWebDriver.execute(RemoteWebDriver.java:545) ~[virtual-users.jar:?]
	at org.openqa.selenium.remote.RemoteWebDriver.execute(RemoteWebDriver.java:602) ~[virtual-users.jar:?]
	at org.openqa.selenium.remote.RemoteWebDriver.getCurrentUrl(RemoteWebDriver.java:283) ~[virtual-users.jar:?]
	at com.atlassian.performance.tools.virtualusers.api.diagnostics.WebDriverDiagnostics.diagnose(WebDriverDiagnostics.kt:34) ~[virtual-users.jar:?]
	at com.atlassian.performance.tools.virtualusers.api.diagnostics.ImpatientDiagnostics.diagnose(ImpatientDiagnostics.kt:24) ~[virtual-users.jar:?]
	at com.atlassian.performance.tools.virtualusers.api.diagnostics.LimitedDiagnostics.diagnose(LimitedDiagnostics.kt:19) ~[virtual-users.jar:?]
	at com.atlassian.performance.tools.virtualusers.ExploratoryVirtualUser.runWithDiagnostics(ExploratoryVirtualUser.kt:81) ~[virtual-users.jar:?]
	at com.atlassian.performance.tools.virtualusers.ExploratoryVirtualUser.applyLoad(ExploratoryVirtualUser.kt:56) [virtual-users.jar:?]
	at com.atlassian.performance.tools.virtualusers.LoadTest.applyLoad(LoadTest.kt:164) [virtual-users.jar:?]
	at com.atlassian.performance.tools.virtualusers.LoadTest.access$applyLoad(LoadTest.kt:36) [virtual-users.jar:?]
	at com.atlassian.performance.tools.virtualusers.LoadTest$applyLoad$$inlined$forEach$lambda$1.run(LoadTest.kt:111) [virtual-users.jar:?]
	at java.util.concurrent.Executors$RunnableAdapter.call(Executors.java:511) [?:1.8.0_212]
	at java.util.concurrent.FutureTask.run(FutureTask.java:266) [?:1.8.0_212]
	at java.util.concurrent.ThreadPoolExecutor.runWorker(ThreadPoolExecutor.java:1149) [?:1.8.0_212]
	at java.util.concurrent.ThreadPoolExecutor$Worker.run(ThreadPoolExecutor.java:624) [?:1.8.0_212]
	at java.lang.Thread.run(Thread.java:748) [?:1.8.0_212]
Caused by: org.apache.http.conn.HttpHostConnectException: Connect to localhost:31337 [localhost/127.0.0.1] failed: Connection refused (Connection refused)
	at org.apache.http.impl.conn.DefaultHttpClientConnectionOperator.connect(DefaultHttpClientConnectionOperator.java:159) ~[virtual-users.jar:?]
	at org.apache.http.impl.conn.PoolingHttpClientConnectionManager.connect(PoolingHttpClientConnectionManager.java:359) ~[virtual-users.jar:?]
	at org.apache.http.impl.execchain.MainClientExec.establishRoute(MainClientExec.java:381) ~[virtual-users.jar:?]
	at org.apache.http.impl.execchain.MainClientExec.execute(MainClientExec.java:237) ~[virtual-users.jar:?]
	at org.apache.http.impl.execchain.ProtocolExec.execute(ProtocolExec.java:185) ~[virtual-users.jar:?]
	at org.apache.http.impl.execchain.RetryExec.execute(RetryExec.java:89) ~[virtual-users.jar:?]
	at org.apache.http.impl.execchain.RedirectExec.execute(RedirectExec.java:111) ~[virtual-users.jar:?]
	at org.apache.http.impl.client.InternalHttpClient.doExecute(InternalHttpClient.java:185) ~[virtual-users.jar:?]
	at org.apache.http.impl.client.CloseableHttpClient.execute(CloseableHttpClient.java:72) ~[virtual-users.jar:?]
	at org.apache.http.impl.client.CloseableHttpClient.execute(CloseableHttpClient.java:56) ~[virtual-users.jar:?]
	at org.openqa.selenium.remote.internal.ApacheHttpClient.fallBackExecute(ApacheHttpClient.java:150) ~[virtual-users.jar:?]
	at org.openqa.selenium.remote.internal.ApacheHttpClient.execute(ApacheHttpClient.java:92) ~[virtual-users.jar:?]
	at org.openqa.selenium.remote.HttpCommandExecutor.execute(HttpCommandExecutor.java:155) ~[virtual-users.jar:?]
	at org.openqa.selenium.remote.service.DriverCommandExecutor.execute(DriverCommandExecutor.java:83) ~[virtual-users.jar:?]
	... 16 more
Caused by: java.net.ConnectException: Connection refused (Connection refused)
	at java.net.PlainSocketImpl.socketConnect(Native Method) ~[?:1.8.0_212]
	at java.net.AbstractPlainSocketImpl.doConnect(AbstractPlainSocketImpl.java:350) ~[?:1.8.0_212]
	at java.net.AbstractPlainSocketImpl.connectToAddress(AbstractPlainSocketImpl.java:206) ~[?:1.8.0_212]
	at java.net.AbstractPlainSocketImpl.connect(AbstractPlainSocketImpl.java:188) ~[?:1.8.0_212]
	at java.net.SocksSocketImpl.connect(SocksSocketImpl.java:392) ~[?:1.8.0_212]
	at java.net.Socket.connect(Socket.java:589) ~[?:1.8.0_212]
	at org.apache.http.conn.socket.PlainConnectionSocketFactory.connectSocket(PlainConnectionSocketFactory.java:75) ~[virtual-users.jar:?]
	at org.apache.http.impl.conn.DefaultHttpClientConnectionOperator.connect(DefaultHttpClientConnectionOperator.java:142) ~[virtual-users.jar:?]
	at org.apache.http.impl.conn.PoolingHttpClientConnectionManager.connect(PoolingHttpClientConnectionManager.java:359) ~[virtual-users.jar:?]
	at org.apache.http.impl.execchain.MainClientExec.establishRoute(MainClientExec.java:381) ~[virtual-users.jar:?]
	at org.apache.http.impl.execchain.MainClientExec.execute(MainClientExec.java:237) ~[virtual-users.jar:?]
	at org.apache.http.impl.execchain.ProtocolExec.execute(ProtocolExec.java:185) ~[virtual-users.jar:?]
	at org.apache.http.impl.execchain.RetryExec.execute(RetryExec.java:89) ~[virtual-users.jar:?]
	at org.apache.http.impl.execchain.RedirectExec.execute(RedirectExec.java:111) ~[virtual-users.jar:?]
	at org.apache.http.impl.client.InternalHttpClient.doExecute(InternalHttpClient.java:185) ~[virtual-users.jar:?]
	at org.apache.http.impl.client.CloseableHttpClient.execute(CloseableHttpClient.java:72) ~[virtual-users.jar:?]
	at org.apache.http.impl.client.CloseableHttpClient.execute(CloseableHttpClient.java:56) ~[virtual-users.jar:?]
	at org.openqa.selenium.remote.internal.ApacheHttpClient.fallBackExecute(ApacheHttpClient.java:150) ~[virtual-users.jar:?]
	at org.openqa.selenium.remote.internal.ApacheHttpClient.execute(ApacheHttpClient.java:92) ~[virtual-users.jar:?]
	at org.openqa.selenium.remote.HttpCommandExecutor.execute(HttpCommandExecutor.java:155) ~[virtual-users.jar:?]
	at org.openqa.selenium.remote.service.DriverCommandExecutor.execute(DriverCommandExecutor.java:83) ~[virtual-users.jar:?]
	... 16 more
2019-05-18T16:52:53,255Z ERROR {} [applying load #91feac14-8c9f-430a-aad3-4afc2fe94a34] [ExploratoryVirtualUser] Failed to run com.atlassian.performance.tools.jiraactions.api.action.SearchJqlAction@c9a1550, but we keep running
org.openqa.selenium.WebDriverException: org.apache.http.conn.HttpHostConnectException: Connect to localhost:27471 [localhost/127.0.0.1] failed: Connection refused (Connection refused)
Build info: version: 'unknown', revision: 'unknown', time: 'unknown'
System info: host: 'ip-10-0-0-138', ip: '10.0.0.138', os.name: 'Linux', os.arch: 'amd64', os.version: '4.4.0-1067-aws', java.version: '1.8.0_212'
Driver info: driver.version: RemoteWebDriver
	at org.openqa.selenium.remote.service.DriverCommandExecutor.execute(DriverCommandExecutor.java:92) ~[virtual-users.jar:?]
	at org.openqa.selenium.remote.RemoteWebDriver.execute(RemoteWebDriver.java:545) ~[virtual-users.jar:?]
	at org.openqa.selenium.remote.RemoteWebDriver.execute(RemoteWebDriver.java:602) ~[virtual-users.jar:?]
	at org.openqa.selenium.remote.RemoteWebDriver.getCurrentUrl(RemoteWebDriver.java:283) ~[virtual-users.jar:?]
	at com.atlassian.performance.tools.virtualusers.api.diagnostics.WebDriverDiagnostics.diagnose(WebDriverDiagnostics.kt:34) ~[virtual-users.jar:?]
	at com.atlassian.performance.tools.virtualusers.api.diagnostics.ImpatientDiagnostics.diagnose(ImpatientDiagnostics.kt:24) ~[virtual-users.jar:?]
	at com.atlassian.performance.tools.virtualusers.api.diagnostics.LimitedDiagnostics.diagnose(LimitedDiagnostics.kt:19) ~[virtual-users.jar:?]
	at com.atlassian.performance.tools.virtualusers.ExploratoryVirtualUser.runWithDiagnostics(ExploratoryVirtualUser.kt:81) ~[virtual-users.jar:?]
	at com.atlassian.performance.tools.virtualusers.ExploratoryVirtualUser.applyLoad(ExploratoryVirtualUser.kt:56) [virtual-users.jar:?]
	at com.atlassian.performance.tools.virtualusers.LoadTest.applyLoad(LoadTest.kt:164) [virtual-users.jar:?]
	at com.atlassian.performance.tools.virtualusers.LoadTest.access$applyLoad(LoadTest.kt:36) [virtual-users.jar:?]
	at com.atlassian.performance.tools.virtualusers.LoadTest$applyLoad$$inlined$forEach$lambda$1.run(LoadTest.kt:111) [virtual-users.jar:?]
	at java.util.concurrent.Executors$RunnableAdapter.call(Executors.java:511) [?:1.8.0_212]
	at java.util.concurrent.FutureTask.run(FutureTask.java:266) [?:1.8.0_212]
	at java.util.concurrent.ThreadPoolExecutor.runWorker(ThreadPoolExecutor.java:1149) [?:1.8.0_212]
	at java.util.concurrent.ThreadPoolExecutor$Worker.run(ThreadPoolExecutor.java:624) [?:1.8.0_212]
	at java.lang.Thread.run(Thread.java:748) [?:1.8.0_212]
Caused by: org.apache.http.conn.HttpHostConnectException: Connect to localhost:27471 [localhost/127.0.0.1] failed: Connection refused (Connection refused)
	at org.apache.http.impl.conn.DefaultHttpClientConnectionOperator.connect(DefaultHttpClientConnectionOperator.java:159) ~[virtual-users.jar:?]
	at org.apache.http.impl.conn.PoolingHttpClientConnectionManager.connect(PoolingHttpClientConnectionManager.java:359) ~[virtual-users.jar:?]
	at org.apache.http.impl.execchain.MainClientExec.establishRoute(MainClientExec.java:381) ~[virtual-users.jar:?]
	at org.apache.http.impl.execchain.MainClientExec.execute(MainClientExec.java:237) ~[virtual-users.jar:?]
	at org.apache.http.impl.execchain.ProtocolExec.execute(ProtocolExec.java:185) ~[virtual-users.jar:?]
	at org.apache.http.impl.execchain.RetryExec.execute(RetryExec.java:89) ~[virtual-users.jar:?]
	at org.apache.http.impl.execchain.RedirectExec.execute(RedirectExec.java:111) ~[virtual-users.jar:?]
	at org.apache.http.impl.client.InternalHttpClient.doExecute(InternalHttpClient.java:185) ~[virtual-users.jar:?]
	at org.apache.http.impl.client.CloseableHttpClient.execute(CloseableHttpClient.java:72) ~[virtual-users.jar:?]
	at org.apache.http.impl.client.CloseableHttpClient.execute(CloseableHttpClient.java:56) ~[virtual-users.jar:?]
	at org.openqa.selenium.remote.internal.ApacheHttpClient.fallBackExecute(ApacheHttpClient.java:150) ~[virtual-users.jar:?]
	at org.openqa.selenium.remote.internal.ApacheHttpClient.execute(ApacheHttpClient.java:92) ~[virtual-users.jar:?]
	at org.openqa.selenium.remote.HttpCommandExecutor.execute(HttpCommandExecutor.java:155) ~[virtual-users.jar:?]
	at org.openqa.selenium.remote.service.DriverCommandExecutor.execute(DriverCommandExecutor.java:83) ~[virtual-users.jar:?]
	... 16 more
Caused by: java.net.ConnectException: Connection refused (Connection refused)
	at java.net.PlainSocketImpl.socketConnect(Native Method) ~[?:1.8.0_212]
	at java.net.AbstractPlainSocketImpl.doConnect(AbstractPlainSocketImpl.java:350) ~[?:1.8.0_212]
	at java.net.AbstractPlainSocketImpl.connectToAddress(AbstractPlainSocketImpl.java:206) ~[?:1.8.0_212]
	at java.net.AbstractPlainSocketImpl.connect(AbstractPlainSocketImpl.java:188) ~[?:1.8.0_212]
	at java.net.SocksSocketImpl.connect(SocksSocketImpl.java:392) ~[?:1.8.0_212]
	at java.net.Socket.connect(Socket.java:589) ~[?:1.8.0_212]
	at org.apache.http.conn.socket.PlainConnectionSocketFactory.connectSocket(PlainConnectionSocketFactory.java:75) ~[virtual-users.jar:?]
	at org.apache.http.impl.conn.DefaultHttpClientConnectionOperator.connect(DefaultHttpClientConnectionOperator.java:142) ~[virtual-users.jar:?]
	at org.apache.http.impl.conn.PoolingHttpClientConnectionManager.connect(PoolingHttpClientConnectionManager.java:359) ~[virtual-users.jar:?]
	at org.apache.http.impl.execchain.MainClientExec.establishRoute(MainClientExec.java:381) ~[virtual-users.jar:?]
	at org.apache.http.impl.execchain.MainClientExec.execute(MainClientExec.java:237) ~[virtual-users.jar:?]
	at org.apache.http.impl.execchain.ProtocolExec.execute(ProtocolExec.java:185) ~[virtual-users.jar:?]
	at org.apache.http.impl.execchain.RetryExec.execute(RetryExec.java:89) ~[virtual-users.jar:?]
	at org.apache.http.impl.execchain.RedirectExec.execute(RedirectExec.java:111) ~[virtual-users.jar:?]
	at org.apache.http.impl.client.InternalHttpClient.doExecute(InternalHttpClient.java:185) ~[virtual-users.jar:?]
	at org.apache.http.impl.client.CloseableHttpClient.execute(CloseableHttpClient.java:72) ~[virtual-users.jar:?]
	at org.apache.http.impl.client.CloseableHttpClient.execute(CloseableHttpClient.java:56) ~[virtual-users.jar:?]
	at org.openqa.selenium.remote.internal.ApacheHttpClient.fallBackExecute(ApacheHttpClient.java:150) ~[virtual-users.jar:?]
	at org.openqa.selenium.remote.internal.ApacheHttpClient.execute(ApacheHttpClient.java:92) ~[virtual-users.jar:?]
	at org.openqa.selenium.remote.HttpCommandExecutor.execute(HttpCommandExecutor.java:155) ~[virtual-users.jar:?]
	at org.openqa.selenium.remote.service.DriverCommandExecutor.execute(DriverCommandExecutor.java:83) ~[virtual-users.jar:?]
	... 16 more
2019-05-18T16:52:53,256Z INFO  {} [applying load #fd2cee84-4cc3-4788-bdb6-52fb4a5cc607] [ExploratoryVirtualUser] Done applying load
2019-05-18T16:52:53,256Z INFO  {} [applying load #91feac14-8c9f-430a-aad3-4afc2fe94a34] [ExploratoryVirtualUser] Done applying load
2019-05-18T16:52:53,261Z ERROR {} [applying load #559b5fb4-bceb-465b-9abc-497e31fa53e0] [ExploratoryVirtualUser] Failed to run com.atlassian.performance.tools.hardware.vu.PatientBrowseBoardsAction@6beae1eb, but we keep running
org.openqa.selenium.NoSuchSessionException: Session ID is null. Using WebDriver after calling quit()?
Build info: version: 'unknown', revision: 'unknown', time: 'unknown'
System info: host: 'ip-10-0-0-138', ip: '10.0.0.138', os.name: 'Linux', os.arch: 'amd64', os.version: '4.4.0-1067-aws', java.version: '1.8.0_212'
Driver info: driver.version: RemoteWebDriver
	at org.openqa.selenium.remote.HttpCommandExecutor.execute(HttpCommandExecutor.java:125) ~[virtual-users.jar:?]
	at org.openqa.selenium.remote.service.DriverCommandExecutor.execute(DriverCommandExecutor.java:83) ~[virtual-users.jar:?]
	at org.openqa.selenium.remote.RemoteWebDriver.execute(RemoteWebDriver.java:545) ~[virtual-users.jar:?]
	at org.openqa.selenium.remote.RemoteWebDriver.execute(RemoteWebDriver.java:602) ~[virtual-users.jar:?]
	at org.openqa.selenium.remote.RemoteWebDriver.getCurrentUrl(RemoteWebDriver.java:283) ~[virtual-users.jar:?]
	at com.atlassian.performance.tools.virtualusers.api.diagnostics.WebDriverDiagnostics.diagnose(WebDriverDiagnostics.kt:34) ~[virtual-users.jar:?]
	at com.atlassian.performance.tools.virtualusers.api.diagnostics.ImpatientDiagnostics.diagnose(ImpatientDiagnostics.kt:24) ~[virtual-users.jar:?]
	at com.atlassian.performance.tools.virtualusers.api.diagnostics.LimitedDiagnostics.diagnose(LimitedDiagnostics.kt:19) ~[virtual-users.jar:?]
	at com.atlassian.performance.tools.virtualusers.ExploratoryVirtualUser.runWithDiagnostics(ExploratoryVirtualUser.kt:81) ~[virtual-users.jar:?]
	at com.atlassian.performance.tools.virtualusers.ExploratoryVirtualUser.applyLoad(ExploratoryVirtualUser.kt:56) [virtual-users.jar:?]
	at com.atlassian.performance.tools.virtualusers.LoadTest.applyLoad(LoadTest.kt:164) [virtual-users.jar:?]
	at com.atlassian.performance.tools.virtualusers.LoadTest.access$applyLoad(LoadTest.kt:36) [virtual-users.jar:?]
	at com.atlassian.performance.tools.virtualusers.LoadTest$applyLoad$$inlined$forEach$lambda$1.run(LoadTest.kt:111) [virtual-users.jar:?]
	at java.util.concurrent.Executors$RunnableAdapter.call(Executors.java:511) [?:1.8.0_212]
	at java.util.concurrent.FutureTask.run(FutureTask.java:266) [?:1.8.0_212]
	at java.util.concurrent.ThreadPoolExecutor.runWorker(ThreadPoolExecutor.java:1149) [?:1.8.0_212]
	at java.util.concurrent.ThreadPoolExecutor$Worker.run(ThreadPoolExecutor.java:624) [?:1.8.0_212]
	at java.lang.Thread.run(Thread.java:748) [?:1.8.0_212]
2019-05-18T16:52:53,261Z INFO  {} [applying load #559b5fb4-bceb-465b-9abc-497e31fa53e0] [ExploratoryVirtualUser] Done applying load
2019-05-18T16:52:53,261Z ERROR {} [applying load #cfc0fc31-6ecf-4427-832a-37f5194e0242] [ExploratoryVirtualUser] Failed to run com.atlassian.performance.tools.hardware.vu.PatientBrowseBoardsAction@45f55916, but we keep running
org.openqa.selenium.NoSuchSessionException: Session ID is null. Using WebDriver after calling quit()?
Build info: version: 'unknown', revision: 'unknown', time: 'unknown'
System info: host: 'ip-10-0-0-138', ip: '10.0.0.138', os.name: 'Linux', os.arch: 'amd64', os.version: '4.4.0-1067-aws', java.version: '1.8.0_212'
Driver info: driver.version: RemoteWebDriver
	at org.openqa.selenium.remote.HttpCommandExecutor.execute(HttpCommandExecutor.java:125) ~[virtual-users.jar:?]
	at org.openqa.selenium.remote.service.DriverCommandExecutor.execute(DriverCommandExecutor.java:83) ~[virtual-users.jar:?]
	at org.openqa.selenium.remote.RemoteWebDriver.execute(RemoteWebDriver.java:545) ~[virtual-users.jar:?]
	at org.openqa.selenium.remote.RemoteWebDriver.execute(RemoteWebDriver.java:602) ~[virtual-users.jar:?]
	at org.openqa.selenium.remote.RemoteWebDriver.getCurrentUrl(RemoteWebDriver.java:283) ~[virtual-users.jar:?]
	at com.atlassian.performance.tools.virtualusers.api.diagnostics.WebDriverDiagnostics.diagnose(WebDriverDiagnostics.kt:34) ~[virtual-users.jar:?]
	at com.atlassian.performance.tools.virtualusers.api.diagnostics.ImpatientDiagnostics.diagnose(ImpatientDiagnostics.kt:24) ~[virtual-users.jar:?]
	at com.atlassian.performance.tools.virtualusers.api.diagnostics.LimitedDiagnostics.diagnose(LimitedDiagnostics.kt:19) ~[virtual-users.jar:?]
	at com.atlassian.performance.tools.virtualusers.ExploratoryVirtualUser.runWithDiagnostics(ExploratoryVirtualUser.kt:81) ~[virtual-users.jar:?]
	at com.atlassian.performance.tools.virtualusers.ExploratoryVirtualUser.applyLoad(ExploratoryVirtualUser.kt:56) [virtual-users.jar:?]
	at com.atlassian.performance.tools.virtualusers.LoadTest.applyLoad(LoadTest.kt:164) [virtual-users.jar:?]
	at com.atlassian.performance.tools.virtualusers.LoadTest.access$applyLoad(LoadTest.kt:36) [virtual-users.jar:?]
	at com.atlassian.performance.tools.virtualusers.LoadTest$applyLoad$$inlined$forEach$lambda$1.run(LoadTest.kt:111) [virtual-users.jar:?]
	at java.util.concurrent.Executors$RunnableAdapter.call(Executors.java:511) [?:1.8.0_212]
	at java.util.concurrent.FutureTask.run(FutureTask.java:266) [?:1.8.0_212]
	at java.util.concurrent.ThreadPoolExecutor.runWorker(ThreadPoolExecutor.java:1149) [?:1.8.0_212]
	at java.util.concurrent.ThreadPoolExecutor$Worker.run(ThreadPoolExecutor.java:624) [?:1.8.0_212]
	at java.lang.Thread.run(Thread.java:748) [?:1.8.0_212]
2019-05-18T16:52:53,262Z INFO  {} [applying load #cfc0fc31-6ecf-4427-832a-37f5194e0242] [ExploratoryVirtualUser] Done applying load
2019-05-18T16:52:53,262Z ERROR {} [applying load #d2b1ad2b-061a-4150-b96d-11a848f2957a] [ExploratoryVirtualUser] Failed to run com.atlassian.performance.tools.hardware.vu.PatientBrowseBoardsAction@42303f36, but we keep running
org.openqa.selenium.NoSuchSessionException: Session ID is null. Using WebDriver after calling quit()?
Build info: version: 'unknown', revision: 'unknown', time: 'unknown'
System info: host: 'ip-10-0-0-138', ip: '10.0.0.138', os.name: 'Linux', os.arch: 'amd64', os.version: '4.4.0-1067-aws', java.version: '1.8.0_212'
Driver info: driver.version: RemoteWebDriver
	at org.openqa.selenium.remote.HttpCommandExecutor.execute(HttpCommandExecutor.java:125) ~[virtual-users.jar:?]
	at org.openqa.selenium.remote.service.DriverCommandExecutor.execute(DriverCommandExecutor.java:83) ~[virtual-users.jar:?]
	at org.openqa.selenium.remote.RemoteWebDriver.execute(RemoteWebDriver.java:545) ~[virtual-users.jar:?]
	at org.openqa.selenium.remote.RemoteWebDriver.execute(RemoteWebDriver.java:602) ~[virtual-users.jar:?]
	at org.openqa.selenium.remote.RemoteWebDriver.getCurrentUrl(RemoteWebDriver.java:283) ~[virtual-users.jar:?]
	at com.atlassian.performance.tools.virtualusers.api.diagnostics.WebDriverDiagnostics.diagnose(WebDriverDiagnostics.kt:34) ~[virtual-users.jar:?]
	at com.atlassian.performance.tools.virtualusers.api.diagnostics.ImpatientDiagnostics.diagnose(ImpatientDiagnostics.kt:24) ~[virtual-users.jar:?]
	at com.atlassian.performance.tools.virtualusers.api.diagnostics.LimitedDiagnostics.diagnose(LimitedDiagnostics.kt:19) ~[virtual-users.jar:?]
	at com.atlassian.performance.tools.virtualusers.ExploratoryVirtualUser.runWithDiagnostics(ExploratoryVirtualUser.kt:81) ~[virtual-users.jar:?]
	at com.atlassian.performance.tools.virtualusers.ExploratoryVirtualUser.applyLoad(ExploratoryVirtualUser.kt:56) [virtual-users.jar:?]
	at com.atlassian.performance.tools.virtualusers.LoadTest.applyLoad(LoadTest.kt:164) [virtual-users.jar:?]
	at com.atlassian.performance.tools.virtualusers.LoadTest.access$applyLoad(LoadTest.kt:36) [virtual-users.jar:?]
	at com.atlassian.performance.tools.virtualusers.LoadTest$applyLoad$$inlined$forEach$lambda$1.run(LoadTest.kt:111) [virtual-users.jar:?]
	at java.util.concurrent.Executors$RunnableAdapter.call(Executors.java:511) [?:1.8.0_212]
	at java.util.concurrent.FutureTask.run(FutureTask.java:266) [?:1.8.0_212]
	at java.util.concurrent.ThreadPoolExecutor.runWorker(ThreadPoolExecutor.java:1149) [?:1.8.0_212]
	at java.util.concurrent.ThreadPoolExecutor$Worker.run(ThreadPoolExecutor.java:624) [?:1.8.0_212]
	at java.lang.Thread.run(Thread.java:748) [?:1.8.0_212]
2019-05-18T16:52:53,262Z INFO  {} [applying load #d2b1ad2b-061a-4150-b96d-11a848f2957a] [ExploratoryVirtualUser] Done applying load
2019-05-18T16:52:53,271Z ERROR {} [applying load #37022922-34df-49a8-9f4f-6101078d0922] [ExploratoryVirtualUser] Failed to run com.atlassian.performance.tools.jirasoftwareactions.api.actions.ViewBacklogAction@7bacba95, but we keep running
org.openqa.selenium.WebDriverException: org.apache.http.conn.HttpHostConnectException: Connect to localhost:9449 [localhost/127.0.0.1] failed: Connection refused (Connection refused)
Build info: version: 'unknown', revision: 'unknown', time: 'unknown'
System info: host: 'ip-10-0-0-138', ip: '10.0.0.138', os.name: 'Linux', os.arch: 'amd64', os.version: '4.4.0-1067-aws', java.version: '1.8.0_212'
Driver info: driver.version: RemoteWebDriver
	at org.openqa.selenium.remote.service.DriverCommandExecutor.execute(DriverCommandExecutor.java:92) ~[virtual-users.jar:?]
	at org.openqa.selenium.remote.RemoteWebDriver.execute(RemoteWebDriver.java:545) ~[virtual-users.jar:?]
	at org.openqa.selenium.remote.RemoteWebDriver.execute(RemoteWebDriver.java:602) ~[virtual-users.jar:?]
	at org.openqa.selenium.remote.RemoteWebDriver.getCurrentUrl(RemoteWebDriver.java:283) ~[virtual-users.jar:?]
	at com.atlassian.performance.tools.virtualusers.api.diagnostics.WebDriverDiagnostics.diagnose(WebDriverDiagnostics.kt:34) ~[virtual-users.jar:?]
	at com.atlassian.performance.tools.virtualusers.api.diagnostics.ImpatientDiagnostics.diagnose(ImpatientDiagnostics.kt:24) ~[virtual-users.jar:?]
	at com.atlassian.performance.tools.virtualusers.api.diagnostics.LimitedDiagnostics.diagnose(LimitedDiagnostics.kt:19) ~[virtual-users.jar:?]
	at com.atlassian.performance.tools.virtualusers.ExploratoryVirtualUser.runWithDiagnostics(ExploratoryVirtualUser.kt:81) ~[virtual-users.jar:?]
	at com.atlassian.performance.tools.virtualusers.ExploratoryVirtualUser.applyLoad(ExploratoryVirtualUser.kt:56) [virtual-users.jar:?]
	at com.atlassian.performance.tools.virtualusers.LoadTest.applyLoad(LoadTest.kt:164) [virtual-users.jar:?]
	at com.atlassian.performance.tools.virtualusers.LoadTest.access$applyLoad(LoadTest.kt:36) [virtual-users.jar:?]
	at com.atlassian.performance.tools.virtualusers.LoadTest$applyLoad$$inlined$forEach$lambda$1.run(LoadTest.kt:111) [virtual-users.jar:?]
	at java.util.concurrent.Executors$RunnableAdapter.call(Executors.java:511) [?:1.8.0_212]
	at java.util.concurrent.FutureTask.run(FutureTask.java:266) [?:1.8.0_212]
	at java.util.concurrent.ThreadPoolExecutor.runWorker(ThreadPoolExecutor.java:1149) [?:1.8.0_212]
	at java.util.concurrent.ThreadPoolExecutor$Worker.run(ThreadPoolExecutor.java:624) [?:1.8.0_212]
	at java.lang.Thread.run(Thread.java:748) [?:1.8.0_212]
Caused by: org.apache.http.conn.HttpHostConnectException: Connect to localhost:9449 [localhost/127.0.0.1] failed: Connection refused (Connection refused)
	at org.apache.http.impl.conn.DefaultHttpClientConnectionOperator.connect(DefaultHttpClientConnectionOperator.java:159) ~[virtual-users.jar:?]
	at org.apache.http.impl.conn.PoolingHttpClientConnectionManager.connect(PoolingHttpClientConnectionManager.java:359) ~[virtual-users.jar:?]
	at org.apache.http.impl.execchain.MainClientExec.establishRoute(MainClientExec.java:381) ~[virtual-users.jar:?]
	at org.apache.http.impl.execchain.MainClientExec.execute(MainClientExec.java:237) ~[virtual-users.jar:?]
	at org.apache.http.impl.execchain.ProtocolExec.execute(ProtocolExec.java:185) ~[virtual-users.jar:?]
	at org.apache.http.impl.execchain.RetryExec.execute(RetryExec.java:89) ~[virtual-users.jar:?]
	at org.apache.http.impl.execchain.RedirectExec.execute(RedirectExec.java:111) ~[virtual-users.jar:?]
	at org.apache.http.impl.client.InternalHttpClient.doExecute(InternalHttpClient.java:185) ~[virtual-users.jar:?]
	at org.apache.http.impl.client.CloseableHttpClient.execute(CloseableHttpClient.java:72) ~[virtual-users.jar:?]
	at org.apache.http.impl.client.CloseableHttpClient.execute(CloseableHttpClient.java:56) ~[virtual-users.jar:?]
	at org.openqa.selenium.remote.internal.ApacheHttpClient.fallBackExecute(ApacheHttpClient.java:150) ~[virtual-users.jar:?]
	at org.openqa.selenium.remote.internal.ApacheHttpClient.execute(ApacheHttpClient.java:92) ~[virtual-users.jar:?]
	at org.openqa.selenium.remote.HttpCommandExecutor.execute(HttpCommandExecutor.java:155) ~[virtual-users.jar:?]
	at org.openqa.selenium.remote.service.DriverCommandExecutor.execute(DriverCommandExecutor.java:83) ~[virtual-users.jar:?]
	... 16 more
Caused by: java.net.ConnectException: Connection refused (Connection refused)
	at java.net.PlainSocketImpl.socketConnect(Native Method) ~[?:1.8.0_212]
	at java.net.AbstractPlainSocketImpl.doConnect(AbstractPlainSocketImpl.java:350) ~[?:1.8.0_212]
	at java.net.AbstractPlainSocketImpl.connectToAddress(AbstractPlainSocketImpl.java:206) ~[?:1.8.0_212]
	at java.net.AbstractPlainSocketImpl.connect(AbstractPlainSocketImpl.java:188) ~[?:1.8.0_212]
	at java.net.SocksSocketImpl.connect(SocksSocketImpl.java:392) ~[?:1.8.0_212]
	at java.net.Socket.connect(Socket.java:589) ~[?:1.8.0_212]
	at org.apache.http.conn.socket.PlainConnectionSocketFactory.connectSocket(PlainConnectionSocketFactory.java:75) ~[virtual-users.jar:?]
	at org.apache.http.impl.conn.DefaultHttpClientConnectionOperator.connect(DefaultHttpClientConnectionOperator.java:142) ~[virtual-users.jar:?]
	at org.apache.http.impl.conn.PoolingHttpClientConnectionManager.connect(PoolingHttpClientConnectionManager.java:359) ~[virtual-users.jar:?]
	at org.apache.http.impl.execchain.MainClientExec.establishRoute(MainClientExec.java:381) ~[virtual-users.jar:?]
	at org.apache.http.impl.execchain.MainClientExec.execute(MainClientExec.java:237) ~[virtual-users.jar:?]
	at org.apache.http.impl.execchain.ProtocolExec.execute(ProtocolExec.java:185) ~[virtual-users.jar:?]
	at org.apache.http.impl.execchain.RetryExec.execute(RetryExec.java:89) ~[virtual-users.jar:?]
	at org.apache.http.impl.execchain.RedirectExec.execute(RedirectExec.java:111) ~[virtual-users.jar:?]
	at org.apache.http.impl.client.InternalHttpClient.doExecute(InternalHttpClient.java:185) ~[virtual-users.jar:?]
	at org.apache.http.impl.client.CloseableHttpClient.execute(CloseableHttpClient.java:72) ~[virtual-users.jar:?]
	at org.apache.http.impl.client.CloseableHttpClient.execute(CloseableHttpClient.java:56) ~[virtual-users.jar:?]
	at org.openqa.selenium.remote.internal.ApacheHttpClient.fallBackExecute(ApacheHttpClient.java:150) ~[virtual-users.jar:?]
	at org.openqa.selenium.remote.internal.ApacheHttpClient.execute(ApacheHttpClient.java:92) ~[virtual-users.jar:?]
	at org.openqa.selenium.remote.HttpCommandExecutor.execute(HttpCommandExecutor.java:155) ~[virtual-users.jar:?]
	at org.openqa.selenium.remote.service.DriverCommandExecutor.execute(DriverCommandExecutor.java:83) ~[virtual-users.jar:?]
	... 16 more
2019-05-18T16:52:53,272Z INFO  {} [applying load #37022922-34df-49a8-9f4f-6101078d0922] [ExploratoryVirtualUser] Done applying load
2019-05-18T16:52:53,777Z ERROR {} [applying load #7634a13c-bec5-43db-9c02-11f5b20af505] [ExploratoryVirtualUser] Failed to run com.atlassian.performance.tools.jiraactions.api.action.ViewIssueAction@7b41d4b8, but we keep running
org.openqa.selenium.WebDriverException: org.apache.http.conn.HttpHostConnectException: Connect to localhost:5972 [localhost/127.0.0.1] failed: Connection refused (Connection refused)
Build info: version: 'unknown', revision: 'unknown', time: 'unknown'
System info: host: 'ip-10-0-0-138', ip: '10.0.0.138', os.name: 'Linux', os.arch: 'amd64', os.version: '4.4.0-1067-aws', java.version: '1.8.0_212'
Driver info: driver.version: RemoteWebDriver
	at org.openqa.selenium.remote.service.DriverCommandExecutor.execute(DriverCommandExecutor.java:92) ~[virtual-users.jar:?]
	at org.openqa.selenium.remote.RemoteWebDriver.execute(RemoteWebDriver.java:545) ~[virtual-users.jar:?]
	at org.openqa.selenium.remote.RemoteWebDriver.execute(RemoteWebDriver.java:602) ~[virtual-users.jar:?]
	at org.openqa.selenium.remote.RemoteWebDriver.getCurrentUrl(RemoteWebDriver.java:283) ~[virtual-users.jar:?]
	at com.atlassian.performance.tools.virtualusers.api.diagnostics.WebDriverDiagnostics.diagnose(WebDriverDiagnostics.kt:34) ~[virtual-users.jar:?]
	at com.atlassian.performance.tools.virtualusers.api.diagnostics.ImpatientDiagnostics.diagnose(ImpatientDiagnostics.kt:24) ~[virtual-users.jar:?]
	at com.atlassian.performance.tools.virtualusers.api.diagnostics.LimitedDiagnostics.diagnose(LimitedDiagnostics.kt:19) ~[virtual-users.jar:?]
	at com.atlassian.performance.tools.virtualusers.ExploratoryVirtualUser.runWithDiagnostics(ExploratoryVirtualUser.kt:81) ~[virtual-users.jar:?]
	at com.atlassian.performance.tools.virtualusers.ExploratoryVirtualUser.applyLoad(ExploratoryVirtualUser.kt:56) [virtual-users.jar:?]
	at com.atlassian.performance.tools.virtualusers.LoadTest.applyLoad(LoadTest.kt:164) [virtual-users.jar:?]
	at com.atlassian.performance.tools.virtualusers.LoadTest.access$applyLoad(LoadTest.kt:36) [virtual-users.jar:?]
	at com.atlassian.performance.tools.virtualusers.LoadTest$applyLoad$$inlined$forEach$lambda$1.run(LoadTest.kt:111) [virtual-users.jar:?]
	at java.util.concurrent.Executors$RunnableAdapter.call(Executors.java:511) [?:1.8.0_212]
	at java.util.concurrent.FutureTask.run(FutureTask.java:266) [?:1.8.0_212]
	at java.util.concurrent.ThreadPoolExecutor.runWorker(ThreadPoolExecutor.java:1149) [?:1.8.0_212]
	at java.util.concurrent.ThreadPoolExecutor$Worker.run(ThreadPoolExecutor.java:624) [?:1.8.0_212]
	at java.lang.Thread.run(Thread.java:748) [?:1.8.0_212]
Caused by: org.apache.http.conn.HttpHostConnectException: Connect to localhost:5972 [localhost/127.0.0.1] failed: Connection refused (Connection refused)
	at org.apache.http.impl.conn.DefaultHttpClientConnectionOperator.connect(DefaultHttpClientConnectionOperator.java:159) ~[virtual-users.jar:?]
	at org.apache.http.impl.conn.PoolingHttpClientConnectionManager.connect(PoolingHttpClientConnectionManager.java:359) ~[virtual-users.jar:?]
	at org.apache.http.impl.execchain.MainClientExec.establishRoute(MainClientExec.java:381) ~[virtual-users.jar:?]
	at org.apache.http.impl.execchain.MainClientExec.execute(MainClientExec.java:237) ~[virtual-users.jar:?]
	at org.apache.http.impl.execchain.ProtocolExec.execute(ProtocolExec.java:185) ~[virtual-users.jar:?]
	at org.apache.http.impl.execchain.RetryExec.execute(RetryExec.java:89) ~[virtual-users.jar:?]
	at org.apache.http.impl.execchain.RedirectExec.execute(RedirectExec.java:111) ~[virtual-users.jar:?]
	at org.apache.http.impl.client.InternalHttpClient.doExecute(InternalHttpClient.java:185) ~[virtual-users.jar:?]
	at org.apache.http.impl.client.CloseableHttpClient.execute(CloseableHttpClient.java:72) ~[virtual-users.jar:?]
	at org.apache.http.impl.client.CloseableHttpClient.execute(CloseableHttpClient.java:56) ~[virtual-users.jar:?]
	at org.openqa.selenium.remote.internal.ApacheHttpClient.fallBackExecute(ApacheHttpClient.java:150) ~[virtual-users.jar:?]
	at org.openqa.selenium.remote.internal.ApacheHttpClient.execute(ApacheHttpClient.java:92) ~[virtual-users.jar:?]
	at org.openqa.selenium.remote.HttpCommandExecutor.execute(HttpCommandExecutor.java:155) ~[virtual-users.jar:?]
	at org.openqa.selenium.remote.service.DriverCommandExecutor.execute(DriverCommandExecutor.java:83) ~[virtual-users.jar:?]
	... 16 more
Caused by: java.net.ConnectException: Connection refused (Connection refused)
	at java.net.PlainSocketImpl.socketConnect(Native Method) ~[?:1.8.0_212]
	at java.net.AbstractPlainSocketImpl.doConnect(AbstractPlainSocketImpl.java:350) ~[?:1.8.0_212]
	at java.net.AbstractPlainSocketImpl.connectToAddress(AbstractPlainSocketImpl.java:206) ~[?:1.8.0_212]
	at java.net.AbstractPlainSocketImpl.connect(AbstractPlainSocketImpl.java:188) ~[?:1.8.0_212]
	at java.net.SocksSocketImpl.connect(SocksSocketImpl.java:392) ~[?:1.8.0_212]
	at java.net.Socket.connect(Socket.java:589) ~[?:1.8.0_212]
	at org.apache.http.conn.socket.PlainConnectionSocketFactory.connectSocket(PlainConnectionSocketFactory.java:75) ~[virtual-users.jar:?]
	at org.apache.http.impl.conn.DefaultHttpClientConnectionOperator.connect(DefaultHttpClientConnectionOperator.java:142) ~[virtual-users.jar:?]
	at org.apache.http.impl.conn.PoolingHttpClientConnectionManager.connect(PoolingHttpClientConnectionManager.java:359) ~[virtual-users.jar:?]
	at org.apache.http.impl.execchain.MainClientExec.establishRoute(MainClientExec.java:381) ~[virtual-users.jar:?]
	at org.apache.http.impl.execchain.MainClientExec.execute(MainClientExec.java:237) ~[virtual-users.jar:?]
	at org.apache.http.impl.execchain.ProtocolExec.execute(ProtocolExec.java:185) ~[virtual-users.jar:?]
	at org.apache.http.impl.execchain.RetryExec.execute(RetryExec.java:89) ~[virtual-users.jar:?]
	at org.apache.http.impl.execchain.RedirectExec.execute(RedirectExec.java:111) ~[virtual-users.jar:?]
	at org.apache.http.impl.client.InternalHttpClient.doExecute(InternalHttpClient.java:185) ~[virtual-users.jar:?]
	at org.apache.http.impl.client.CloseableHttpClient.execute(CloseableHttpClient.java:72) ~[virtual-users.jar:?]
	at org.apache.http.impl.client.CloseableHttpClient.execute(CloseableHttpClient.java:56) ~[virtual-users.jar:?]
	at org.openqa.selenium.remote.internal.ApacheHttpClient.fallBackExecute(ApacheHttpClient.java:150) ~[virtual-users.jar:?]
	at org.openqa.selenium.remote.internal.ApacheHttpClient.execute(ApacheHttpClient.java:92) ~[virtual-users.jar:?]
	at org.openqa.selenium.remote.HttpCommandExecutor.execute(HttpCommandExecutor.java:155) ~[virtual-users.jar:?]
	at org.openqa.selenium.remote.service.DriverCommandExecutor.execute(DriverCommandExecutor.java:83) ~[virtual-users.jar:?]
	... 16 more
2019-05-18T16:52:53,778Z INFO  {} [applying load #7634a13c-bec5-43db-9c02-11f5b20af505] [ExploratoryVirtualUser] Done applying load
2019-05-18T16:53:00,058Z ERROR {} [applying load #f251d700-f961-43d7-a244-8983219cd61a] [ExploratoryVirtualUser] Failed to run com.atlassian.performance.tools.jirasoftwareactions.api.actions.ViewBacklogAction@1b4cbc6f, but we keep running
org.openqa.selenium.WebDriverException: org.apache.http.conn.HttpHostConnectException: Connect to localhost:14112 [localhost/127.0.0.1] failed: Connection refused (Connection refused)
Build info: version: 'unknown', revision: 'unknown', time: 'unknown'
System info: host: 'ip-10-0-0-138', ip: '10.0.0.138', os.name: 'Linux', os.arch: 'amd64', os.version: '4.4.0-1067-aws', java.version: '1.8.0_212'
Driver info: driver.version: RemoteWebDriver
	at org.openqa.selenium.remote.service.DriverCommandExecutor.execute(DriverCommandExecutor.java:92) ~[virtual-users.jar:?]
	at org.openqa.selenium.remote.RemoteWebDriver.execute(RemoteWebDriver.java:545) ~[virtual-users.jar:?]
	at org.openqa.selenium.remote.RemoteWebDriver.execute(RemoteWebDriver.java:602) ~[virtual-users.jar:?]
	at org.openqa.selenium.remote.RemoteWebDriver.getCurrentUrl(RemoteWebDriver.java:283) ~[virtual-users.jar:?]
	at com.atlassian.performance.tools.virtualusers.api.diagnostics.WebDriverDiagnostics.diagnose(WebDriverDiagnostics.kt:34) ~[virtual-users.jar:?]
	at com.atlassian.performance.tools.virtualusers.api.diagnostics.ImpatientDiagnostics.diagnose(ImpatientDiagnostics.kt:24) ~[virtual-users.jar:?]
	at com.atlassian.performance.tools.virtualusers.api.diagnostics.LimitedDiagnostics.diagnose(LimitedDiagnostics.kt:19) ~[virtual-users.jar:?]
	at com.atlassian.performance.tools.virtualusers.ExploratoryVirtualUser.runWithDiagnostics(ExploratoryVirtualUser.kt:81) ~[virtual-users.jar:?]
	at com.atlassian.performance.tools.virtualusers.ExploratoryVirtualUser.applyLoad(ExploratoryVirtualUser.kt:56) [virtual-users.jar:?]
	at com.atlassian.performance.tools.virtualusers.LoadTest.applyLoad(LoadTest.kt:164) [virtual-users.jar:?]
	at com.atlassian.performance.tools.virtualusers.LoadTest.access$applyLoad(LoadTest.kt:36) [virtual-users.jar:?]
	at com.atlassian.performance.tools.virtualusers.LoadTest$applyLoad$$inlined$forEach$lambda$1.run(LoadTest.kt:111) [virtual-users.jar:?]
	at java.util.concurrent.Executors$RunnableAdapter.call(Executors.java:511) [?:1.8.0_212]
	at java.util.concurrent.FutureTask.run(FutureTask.java:266) [?:1.8.0_212]
	at java.util.concurrent.ThreadPoolExecutor.runWorker(ThreadPoolExecutor.java:1149) [?:1.8.0_212]
	at java.util.concurrent.ThreadPoolExecutor$Worker.run(ThreadPoolExecutor.java:624) [?:1.8.0_212]
	at java.lang.Thread.run(Thread.java:748) [?:1.8.0_212]
Caused by: org.apache.http.conn.HttpHostConnectException: Connect to localhost:14112 [localhost/127.0.0.1] failed: Connection refused (Connection refused)
	at org.apache.http.impl.conn.DefaultHttpClientConnectionOperator.connect(DefaultHttpClientConnectionOperator.java:159) ~[virtual-users.jar:?]
	at org.apache.http.impl.conn.PoolingHttpClientConnectionManager.connect(PoolingHttpClientConnectionManager.java:359) ~[virtual-users.jar:?]
	at org.apache.http.impl.execchain.MainClientExec.establishRoute(MainClientExec.java:381) ~[virtual-users.jar:?]
	at org.apache.http.impl.execchain.MainClientExec.execute(MainClientExec.java:237) ~[virtual-users.jar:?]
	at org.apache.http.impl.execchain.ProtocolExec.execute(ProtocolExec.java:185) ~[virtual-users.jar:?]
	at org.apache.http.impl.execchain.RetryExec.execute(RetryExec.java:89) ~[virtual-users.jar:?]
	at org.apache.http.impl.execchain.RedirectExec.execute(RedirectExec.java:111) ~[virtual-users.jar:?]
	at org.apache.http.impl.client.InternalHttpClient.doExecute(InternalHttpClient.java:185) ~[virtual-users.jar:?]
	at org.apache.http.impl.client.CloseableHttpClient.execute(CloseableHttpClient.java:72) ~[virtual-users.jar:?]
	at org.apache.http.impl.client.CloseableHttpClient.execute(CloseableHttpClient.java:56) ~[virtual-users.jar:?]
	at org.openqa.selenium.remote.internal.ApacheHttpClient.fallBackExecute(ApacheHttpClient.java:150) ~[virtual-users.jar:?]
	at org.openqa.selenium.remote.internal.ApacheHttpClient.execute(ApacheHttpClient.java:92) ~[virtual-users.jar:?]
	at org.openqa.selenium.remote.HttpCommandExecutor.execute(HttpCommandExecutor.java:155) ~[virtual-users.jar:?]
	at org.openqa.selenium.remote.service.DriverCommandExecutor.execute(DriverCommandExecutor.java:83) ~[virtual-users.jar:?]
	... 16 more
Caused by: java.net.ConnectException: Connection refused (Connection refused)
	at java.net.PlainSocketImpl.socketConnect(Native Method) ~[?:1.8.0_212]
	at java.net.AbstractPlainSocketImpl.doConnect(AbstractPlainSocketImpl.java:350) ~[?:1.8.0_212]
	at java.net.AbstractPlainSocketImpl.connectToAddress(AbstractPlainSocketImpl.java:206) ~[?:1.8.0_212]
	at java.net.AbstractPlainSocketImpl.connect(AbstractPlainSocketImpl.java:188) ~[?:1.8.0_212]
	at java.net.SocksSocketImpl.connect(SocksSocketImpl.java:392) ~[?:1.8.0_212]
	at java.net.Socket.connect(Socket.java:589) ~[?:1.8.0_212]
	at org.apache.http.conn.socket.PlainConnectionSocketFactory.connectSocket(PlainConnectionSocketFactory.java:75) ~[virtual-users.jar:?]
	at org.apache.http.impl.conn.DefaultHttpClientConnectionOperator.connect(DefaultHttpClientConnectionOperator.java:142) ~[virtual-users.jar:?]
	at org.apache.http.impl.conn.PoolingHttpClientConnectionManager.connect(PoolingHttpClientConnectionManager.java:359) ~[virtual-users.jar:?]
	at org.apache.http.impl.execchain.MainClientExec.establishRoute(MainClientExec.java:381) ~[virtual-users.jar:?]
	at org.apache.http.impl.execchain.MainClientExec.execute(MainClientExec.java:237) ~[virtual-users.jar:?]
	at org.apache.http.impl.execchain.ProtocolExec.execute(ProtocolExec.java:185) ~[virtual-users.jar:?]
	at org.apache.http.impl.execchain.RetryExec.execute(RetryExec.java:89) ~[virtual-users.jar:?]
	at org.apache.http.impl.execchain.RedirectExec.execute(RedirectExec.java:111) ~[virtual-users.jar:?]
	at org.apache.http.impl.client.InternalHttpClient.doExecute(InternalHttpClient.java:185) ~[virtual-users.jar:?]
	at org.apache.http.impl.client.CloseableHttpClient.execute(CloseableHttpClient.java:72) ~[virtual-users.jar:?]
	at org.apache.http.impl.client.CloseableHttpClient.execute(CloseableHttpClient.java:56) ~[virtual-users.jar:?]
	at org.openqa.selenium.remote.internal.ApacheHttpClient.fallBackExecute(ApacheHttpClient.java:150) ~[virtual-users.jar:?]
	at org.openqa.selenium.remote.internal.ApacheHttpClient.execute(ApacheHttpClient.java:92) ~[virtual-users.jar:?]
	at org.openqa.selenium.remote.HttpCommandExecutor.execute(HttpCommandExecutor.java:155) ~[virtual-users.jar:?]
	at org.openqa.selenium.remote.service.DriverCommandExecutor.execute(DriverCommandExecutor.java:83) ~[virtual-users.jar:?]
	... 16 more
2019-05-18T16:53:00,059Z INFO  {} [applying load #f251d700-f961-43d7-a244-8983219cd61a] [ExploratoryVirtualUser] Done applying load
2019-05-18T16:53:06,701Z INFO  {} [applying load #f2004877-5991-4813-927d-caa8cb5d034f] [DiagnosisPatience] Lost patience after waiting PT2M40.044S for diagnosis, no more diagnoses will be made
2019-05-18T16:53:06,701Z ERROR {} [applying load #f2004877-5991-4813-927d-caa8cb5d034f] [ExploratoryVirtualUser] Failed to run com.atlassian.performance.tools.jirasoftwareactions.api.actions.ViewBacklogAction@56a4d8cc, but we keep running
org.openqa.selenium.WebDriverException: org.apache.http.ConnectionClosedException: Premature end of Content-Length delimited message body (expected: 115674285; received: 2946644
Build info: version: 'unknown', revision: 'unknown', time: 'unknown'
System info: host: 'ip-10-0-0-138', ip: '10.0.0.138', os.name: 'Linux', os.arch: 'amd64', os.version: '4.4.0-1067-aws', java.version: '1.8.0_212'
Driver info: driver.version: RemoteWebDriver
	at org.openqa.selenium.remote.service.DriverCommandExecutor.execute(DriverCommandExecutor.java:92) ~[virtual-users.jar:?]
	at org.openqa.selenium.remote.RemoteWebDriver.execute(RemoteWebDriver.java:545) ~[virtual-users.jar:?]
	at org.openqa.selenium.remote.RemoteWebDriver.execute(RemoteWebDriver.java:602) ~[virtual-users.jar:?]
	at org.openqa.selenium.remote.RemoteWebDriver.getPageSource(RemoteWebDriver.java:431) ~[virtual-users.jar:?]
	at com.atlassian.performance.tools.virtualusers.api.diagnostics.WebDriverDiagnostics.dumpHtml(WebDriverDiagnostics.kt:41) ~[virtual-users.jar:?]
	at com.atlassian.performance.tools.virtualusers.api.diagnostics.WebDriverDiagnostics.diagnose(WebDriverDiagnostics.kt:34) ~[virtual-users.jar:?]
	at com.atlassian.performance.tools.virtualusers.api.diagnostics.ImpatientDiagnostics.diagnose(ImpatientDiagnostics.kt:24) ~[virtual-users.jar:?]
	at com.atlassian.performance.tools.virtualusers.api.diagnostics.LimitedDiagnostics.diagnose(LimitedDiagnostics.kt:19) ~[virtual-users.jar:?]
	at com.atlassian.performance.tools.virtualusers.ExploratoryVirtualUser.runWithDiagnostics(ExploratoryVirtualUser.kt:81) ~[virtual-users.jar:?]
	at com.atlassian.performance.tools.virtualusers.ExploratoryVirtualUser.applyLoad(ExploratoryVirtualUser.kt:56) [virtual-users.jar:?]
	at com.atlassian.performance.tools.virtualusers.LoadTest.applyLoad(LoadTest.kt:164) [virtual-users.jar:?]
	at com.atlassian.performance.tools.virtualusers.LoadTest.access$applyLoad(LoadTest.kt:36) [virtual-users.jar:?]
	at com.atlassian.performance.tools.virtualusers.LoadTest$applyLoad$$inlined$forEach$lambda$1.run(LoadTest.kt:111) [virtual-users.jar:?]
	at java.util.concurrent.Executors$RunnableAdapter.call(Executors.java:511) [?:1.8.0_212]
	at java.util.concurrent.FutureTask.run(FutureTask.java:266) [?:1.8.0_212]
	at java.util.concurrent.ThreadPoolExecutor.runWorker(ThreadPoolExecutor.java:1149) [?:1.8.0_212]
	at java.util.concurrent.ThreadPoolExecutor$Worker.run(ThreadPoolExecutor.java:624) [?:1.8.0_212]
	at java.lang.Thread.run(Thread.java:748) [?:1.8.0_212]
Caused by: org.apache.http.ConnectionClosedException: Premature end of Content-Length delimited message body (expected: 115674285; received: 2946644
	at org.apache.http.impl.io.ContentLengthInputStream.read(ContentLengthInputStream.java:178) ~[virtual-users.jar:?]
	at org.apache.http.impl.io.ContentLengthInputStream.read(ContentLengthInputStream.java:198) ~[virtual-users.jar:?]
	at org.apache.http.impl.io.ContentLengthInputStream.close(ContentLengthInputStream.java:101) ~[virtual-users.jar:?]
	at org.apache.http.impl.execchain.ResponseEntityProxy.streamClosed(ResponseEntityProxy.java:143) ~[virtual-users.jar:?]
	at org.apache.http.conn.EofSensorInputStream.checkClose(EofSensorInputStream.java:228) ~[virtual-users.jar:?]
	at org.apache.http.conn.EofSensorInputStream.close(EofSensorInputStream.java:172) ~[virtual-users.jar:?]
	at org.apache.http.util.EntityUtils.consume(EntityUtils.java:88) ~[virtual-users.jar:?]
	at org.openqa.selenium.remote.internal.ApacheHttpClient.createResponse(ApacheHttpClient.java:111) ~[virtual-users.jar:?]
	at org.openqa.selenium.remote.internal.ApacheHttpClient.execute(ApacheHttpClient.java:94) ~[virtual-users.jar:?]
	at org.openqa.selenium.remote.HttpCommandExecutor.execute(HttpCommandExecutor.java:155) ~[virtual-users.jar:?]
	at org.openqa.selenium.remote.service.DriverCommandExecutor.execute(DriverCommandExecutor.java:83) ~[virtual-users.jar:?]
	... 17 more
2019-05-18T16:53:06,701Z INFO  {} [applying load #f2004877-5991-4813-927d-caa8cb5d034f] [ExploratoryVirtualUser] Done applying load
2019-05-18T16:53:10,126Z ERROR {} [applying load #9723ff5e-3b89-4655-828f-4402f6e36912] [ExploratoryVirtualUser] Failed to run com.atlassian.performance.tools.jiraactions.api.action.SearchJqlAction@6c5c012e, but we keep running
java.lang.Exception: Failed to run com.atlassian.performance.tools.jiraactions.api.action.SearchJqlAction@6c5c012e
	at com.atlassian.performance.tools.virtualusers.ExploratoryVirtualUser.runWithDiagnostics(ExploratoryVirtualUser.kt:82) ~[virtual-users.jar:?]
	at com.atlassian.performance.tools.virtualusers.ExploratoryVirtualUser.applyLoad(ExploratoryVirtualUser.kt:56) [virtual-users.jar:?]
	at com.atlassian.performance.tools.virtualusers.LoadTest.applyLoad(LoadTest.kt:164) [virtual-users.jar:?]
	at com.atlassian.performance.tools.virtualusers.LoadTest.access$applyLoad(LoadTest.kt:36) [virtual-users.jar:?]
	at com.atlassian.performance.tools.virtualusers.LoadTest$applyLoad$$inlined$forEach$lambda$1.run(LoadTest.kt:111) [virtual-users.jar:?]
	at java.util.concurrent.Executors$RunnableAdapter.call(Executors.java:511) [?:1.8.0_212]
	at java.util.concurrent.FutureTask.run(FutureTask.java:266) [?:1.8.0_212]
	at java.util.concurrent.ThreadPoolExecutor.runWorker(ThreadPoolExecutor.java:1149) [?:1.8.0_212]
	at java.util.concurrent.ThreadPoolExecutor$Worker.run(ThreadPoolExecutor.java:624) [?:1.8.0_212]
	at java.lang.Thread.run(Thread.java:748) [?:1.8.0_212]
Caused by: java.io.IOException: Stream closed
	at java.io.BufferedWriter.ensureOpen(BufferedWriter.java:116) ~[?:1.8.0_212]
	at java.io.BufferedWriter.write(BufferedWriter.java:221) ~[?:1.8.0_212]
	at java.io.Writer.write(Writer.java:157) ~[?:1.8.0_212]
	at java.io.Writer.append(Writer.java:227) ~[?:1.8.0_212]
	at java.io.Writer.append(Writer.java:50) ~[?:1.8.0_212]
	at com.atlassian.performance.tools.jiraactions.api.measure.output.AppendableActionMetricOutput.write(AppendableActionMetricOutput.kt:15) ~[virtual-users.jar:?]
	at com.atlassian.performance.tools.jiraactions.api.measure.ActionMeter.record(ActionMeter.kt:122) ~[virtual-users.jar:?]
	at com.atlassian.performance.tools.jiraactions.api.measure.ActionMeter.measure(ActionMeter.kt:79) ~[virtual-users.jar:?]
	at com.atlassian.performance.tools.jiraactions.api.action.SearchJqlAction.run(SearchJqlAction.kt:21) ~[virtual-users.jar:?]
	at com.atlassian.performance.tools.virtualusers.ExploratoryVirtualUser.runWithDiagnostics(ExploratoryVirtualUser.kt:79) ~[virtual-users.jar:?]
	... 9 more
2019-05-18T16:53:10,127Z INFO  {} [applying load #9723ff5e-3b89-4655-828f-4402f6e36912] [ExploratoryVirtualUser] Done applying load
2019-05-18T16:53:10,503Z ERROR {} [applying load #7a27b16a-58cd-4d9c-9059-0596a0e4b87b] [ExploratoryVirtualUser] Failed to run com.atlassian.performance.tools.jiraactions.api.action.SearchJqlAction@7e94095d, but we keep running
java.lang.Exception: Failed to run com.atlassian.performance.tools.jiraactions.api.action.SearchJqlAction@7e94095d
	at com.atlassian.performance.tools.virtualusers.ExploratoryVirtualUser.runWithDiagnostics(ExploratoryVirtualUser.kt:82) ~[virtual-users.jar:?]
	at com.atlassian.performance.tools.virtualusers.ExploratoryVirtualUser.applyLoad(ExploratoryVirtualUser.kt:56) [virtual-users.jar:?]
	at com.atlassian.performance.tools.virtualusers.LoadTest.applyLoad(LoadTest.kt:164) [virtual-users.jar:?]
	at com.atlassian.performance.tools.virtualusers.LoadTest.access$applyLoad(LoadTest.kt:36) [virtual-users.jar:?]
	at com.atlassian.performance.tools.virtualusers.LoadTest$applyLoad$$inlined$forEach$lambda$1.run(LoadTest.kt:111) [virtual-users.jar:?]
	at java.util.concurrent.Executors$RunnableAdapter.call(Executors.java:511) [?:1.8.0_212]
	at java.util.concurrent.FutureTask.run(FutureTask.java:266) [?:1.8.0_212]
	at java.util.concurrent.ThreadPoolExecutor.runWorker(ThreadPoolExecutor.java:1149) [?:1.8.0_212]
	at java.util.concurrent.ThreadPoolExecutor$Worker.run(ThreadPoolExecutor.java:624) [?:1.8.0_212]
	at java.lang.Thread.run(Thread.java:748) [?:1.8.0_212]
Caused by: java.io.IOException: Stream closed
	at java.io.BufferedWriter.ensureOpen(BufferedWriter.java:116) ~[?:1.8.0_212]
	at java.io.BufferedWriter.write(BufferedWriter.java:221) ~[?:1.8.0_212]
	at java.io.Writer.write(Writer.java:157) ~[?:1.8.0_212]
	at java.io.Writer.append(Writer.java:227) ~[?:1.8.0_212]
	at java.io.Writer.append(Writer.java:50) ~[?:1.8.0_212]
	at com.atlassian.performance.tools.jiraactions.api.measure.output.AppendableActionMetricOutput.write(AppendableActionMetricOutput.kt:15) ~[virtual-users.jar:?]
	at com.atlassian.performance.tools.jiraactions.api.measure.ActionMeter.record(ActionMeter.kt:122) ~[virtual-users.jar:?]
	at com.atlassian.performance.tools.jiraactions.api.measure.ActionMeter.measure(ActionMeter.kt:79) ~[virtual-users.jar:?]
	at com.atlassian.performance.tools.jiraactions.api.action.SearchJqlAction.run(SearchJqlAction.kt:21) ~[virtual-users.jar:?]
	at com.atlassian.performance.tools.virtualusers.ExploratoryVirtualUser.runWithDiagnostics(ExploratoryVirtualUser.kt:79) ~[virtual-users.jar:?]
	... 9 more
2019-05-18T16:53:10,503Z INFO  {} [applying load #7a27b16a-58cd-4d9c-9059-0596a0e4b87b] [ExploratoryVirtualUser] Done applying load
2019-05-18T16:53:23,179Z WARN  {} [] [Companion] Failed to close WebDriver
java.util.concurrent.TimeoutException: null
	at java.util.concurrent.FutureTask.get(FutureTask.java:205) ~[?:1.8.0_212]
	at com.atlassian.performance.tools.virtualusers.LoadSegment.close(LoadSegment.kt:31) [virtual-users.jar:?]
	at com.atlassian.performance.tools.virtualusers.LoadTest$close$1$1.run(LoadTest.kt:204) [virtual-users.jar:?]
	at java.util.concurrent.Executors$RunnableAdapter.call(Executors.java:511) [?:1.8.0_212]
	at java.util.concurrent.FutureTask.run(FutureTask.java:266) [?:1.8.0_212]
	at java.util.concurrent.ThreadPoolExecutor.runWorker(ThreadPoolExecutor.java:1149) [?:1.8.0_212]
	at java.util.concurrent.ThreadPoolExecutor$Worker.run(ThreadPoolExecutor.java:624) [?:1.8.0_212]
	at java.lang.Thread.run(Thread.java:748) [?:1.8.0_212]
2019-05-18T16:53:23,180Z INFO  {} [] [LoadTest] Segments closed
2019-05-18T16:53:23,189Z DEBUG {} [] [LoadTest] Dumped node's counts to test-results/nodes.csv
