2019-07-22T12:51:18,580Z DEBUG {} [] [SeededRandom] Using seed 12345
2019-07-22T12:51:18,593Z INFO  {} [] [LoadTest] Holding for PT45S.
2019-07-22T12:52:03,596Z DEBUG {} [] [LoadTest] Skipped the setup
2019-07-22T12:52:03,620Z DEBUG {} [] [GoogleChrome] Starting Chrome
2019-07-22T12:52:04,604Z DEBUG {} [] [GoogleChrome] Starting Chrome
2019-07-22T12:52:04,931Z DEBUG {} [] [GoogleChrome] Starting Chrome
2019-07-22T12:52:05,256Z DEBUG {} [] [GoogleChrome] Starting Chrome
2019-07-22T12:52:05,583Z DEBUG {} [] [GoogleChrome] Starting Chrome
2019-07-22T12:52:05,907Z DEBUG {} [] [GoogleChrome] Starting Chrome
2019-07-22T12:52:06,230Z DEBUG {} [] [GoogleChrome] Starting Chrome
2019-07-22T12:52:06,553Z DEBUG {} [] [GoogleChrome] Starting Chrome
2019-07-22T12:52:06,892Z DEBUG {} [] [GoogleChrome] Starting Chrome
2019-07-22T12:52:07,213Z DEBUG {} [] [GoogleChrome] Starting Chrome
2019-07-22T12:52:07,536Z DEBUG {} [] [GoogleChrome] Starting Chrome
2019-07-22T12:52:07,884Z DEBUG {} [] [GoogleChrome] Starting Chrome
2019-07-22T12:52:08,586Z DEBUG {} [applying load #1f7dcd7b-c382-4cb3-b8aa-a3b9718be0bf, create user via REST] [TaskTimer] The task took PT0.31S
2019-07-22T12:52:08,587Z INFO  {} [applying load #1f7dcd7b-c382-4cb3-b8aa-a3b9718be0bf] [RestUserGenerator] Created a new user jpt-9e6cf622-d288-4155-8c7f-89aa4d09292a
2019-07-22T12:52:08,589Z INFO  {} [applying load #1f7dcd7b-c382-4cb3-b8aa-a3b9718be0bf] [LoadTest] Waiting for PT2.758S
2019-07-22T12:52:08,740Z DEBUG {} [applying load #8aa37d03-2227-4989-9931-243672ea7efd, create user via REST] [TaskTimer] The task took PT0.466S
2019-07-22T12:52:08,741Z INFO  {} [applying load #8aa37d03-2227-4989-9931-243672ea7efd] [RestUserGenerator] Created a new user jpt-385aa300-6b06-4257-95b5-a75e7d8ca871
2019-07-22T12:52:08,741Z INFO  {} [applying load #8aa37d03-2227-4989-9931-243672ea7efd] [LoadTest] Waiting for PT6.98S
2019-07-22T12:52:08,749Z DEBUG {} [applying load #9031a274-2d3d-42dd-9553-0f229f91b2d4, create user via REST] [TaskTimer] The task took PT0.475S
2019-07-22T12:52:08,749Z INFO  {} [applying load #9031a274-2d3d-42dd-9553-0f229f91b2d4] [RestUserGenerator] Created a new user jpt-320ac7d1-fca4-485d-9c22-8f690f2d8c37
2019-07-22T12:52:08,750Z INFO  {} [applying load #9031a274-2d3d-42dd-9553-0f229f91b2d4] [LoadTest] Waiting for PT5.096S
2019-07-22T12:52:09,064Z DEBUG {} [applying load #8cd1a712-f4b4-46ed-befd-e8c3aca03d8a, create user via REST] [TaskTimer] The task took PT0.79S
2019-07-22T12:52:09,065Z INFO  {} [applying load #8cd1a712-f4b4-46ed-befd-e8c3aca03d8a] [RestUserGenerator] Created a new user jpt-ecc6960b-0fc5-4374-aa4a-c1c45977f581
2019-07-22T12:52:09,065Z INFO  {} [applying load #8cd1a712-f4b4-46ed-befd-e8c3aca03d8a] [LoadTest] Waiting for PT5.406S
2019-07-22T12:52:09,477Z DEBUG {} [applying load #18d55f82-6733-4538-8342-6150daa90495, create user via REST] [TaskTimer] The task took PT1.202S
2019-07-22T12:52:09,477Z INFO  {} [applying load #18d55f82-6733-4538-8342-6150daa90495] [RestUserGenerator] Created a new user jpt-f2a6ff80-6c35-46b2-a966-541a373f5ce8
2019-07-22T12:52:09,478Z INFO  {} [applying load #18d55f82-6733-4538-8342-6150daa90495] [LoadTest] Waiting for PT0.619S
2019-07-22T12:52:09,978Z DEBUG {} [applying load #a5316aab-bcb8-46be-89ba-f63dcd77f469, create user via REST] [TaskTimer] The task took PT1.704S
2019-07-22T12:52:09,979Z INFO  {} [applying load #a5316aab-bcb8-46be-89ba-f63dcd77f469] [RestUserGenerator] Created a new user jpt-57b1082e-1962-4ed4-87d9-3b5a9485718e
2019-07-22T12:52:09,979Z INFO  {} [applying load #a5316aab-bcb8-46be-89ba-f63dcd77f469] [LoadTest] Waiting for PT5.117S
2019-07-22T12:52:10,111Z DEBUG {} [applying load #18d55f82-6733-4538-8342-6150daa90495] [SeededRandom] Using seed 6674089274190705457
2019-07-22T12:52:10,158Z INFO  {} [applying load #18d55f82-6733-4538-8342-6150daa90495] [ExploratoryVirtualUser] Applying load...
2019-07-22T12:52:11,348Z DEBUG {} [applying load #1f7dcd7b-c382-4cb3-b8aa-a3b9718be0bf] [SeededRandom] Using seed -1528963862231680626
2019-07-22T12:52:11,349Z INFO  {} [applying load #1f7dcd7b-c382-4cb3-b8aa-a3b9718be0bf] [ExploratoryVirtualUser] Applying load...
2019-07-22T12:52:11,953Z DEBUG {} [applying load #59b5c97f-cca3-4de6-a969-6fabe52b2a98, create user via REST] [TaskTimer] The task took PT3.679S
2019-07-22T12:52:11,955Z INFO  {} [applying load #59b5c97f-cca3-4de6-a969-6fabe52b2a98] [RestUserGenerator] Created a new user jpt-c242b0d7-a0f9-4f67-a882-1d3ad74b099f
2019-07-22T12:52:11,956Z WARN  {} [applying load #59b5c97f-cca3-4de6-a969-6fabe52b2a98] [LoadTest] Ramp time prolonged by user generation by PT3.109S
2019-07-22T12:52:11,956Z DEBUG {} [applying load #59b5c97f-cca3-4de6-a969-6fabe52b2a98] [SeededRandom] Using seed 6022414958441676900
2019-07-22T12:52:11,957Z INFO  {} [applying load #59b5c97f-cca3-4de6-a969-6fabe52b2a98] [ExploratoryVirtualUser] Applying load...
2019-07-22T12:52:12,368Z DEBUG {} [applying load #7e7e4356-92eb-4af6-9671-b22b9d03f198, create user via REST] [TaskTimer] The task took PT4.093S
2019-07-22T12:52:12,368Z INFO  {} [applying load #7e7e4356-92eb-4af6-9671-b22b9d03f198] [RestUserGenerator] Created a new user jpt-db5ddb16-0bcb-45c9-9efe-265737779641
2019-07-22T12:52:12,369Z WARN  {} [applying load #7e7e4356-92eb-4af6-9671-b22b9d03f198] [LoadTest] Ramp time prolonged by user generation by PT0.398S
2019-07-22T12:52:12,369Z DEBUG {} [applying load #7e7e4356-92eb-4af6-9671-b22b9d03f198] [SeededRandom] Using seed 651833349628731322
2019-07-22T12:52:12,370Z INFO  {} [applying load #7e7e4356-92eb-4af6-9671-b22b9d03f198] [ExploratoryVirtualUser] Applying load...
2019-07-22T12:52:12,809Z DEBUG {} [applying load #eef81577-7d1a-44d1-9248-a578c922bb3f, create user via REST] [TaskTimer] The task took PT4.535S
2019-07-22T12:52:12,810Z INFO  {} [applying load #eef81577-7d1a-44d1-9248-a578c922bb3f] [RestUserGenerator] Created a new user jpt-ca97534f-1617-4121-a1fa-e52971d69854
2019-07-22T12:52:12,811Z WARN  {} [applying load #eef81577-7d1a-44d1-9248-a578c922bb3f] [LoadTest] Ramp time prolonged by user generation by PT0.214S
2019-07-22T12:52:12,811Z DEBUG {} [applying load #eef81577-7d1a-44d1-9248-a578c922bb3f] [SeededRandom] Using seed 8265573421575953197
2019-07-22T12:52:12,812Z INFO  {} [applying load #eef81577-7d1a-44d1-9248-a578c922bb3f] [ExploratoryVirtualUser] Applying load...
2019-07-22T12:52:12,819Z DEBUG {} [applying load #8dc8658a-2fa9-4e2b-af0a-02629f5854ac, create user via REST] [TaskTimer] The task took PT4.544S
2019-07-22T12:52:12,819Z INFO  {} [applying load #8dc8658a-2fa9-4e2b-af0a-02629f5854ac] [RestUserGenerator] Created a new user jpt-b6e0c0e2-6338-490c-9438-a6d581951a12
2019-07-22T12:52:12,820Z WARN  {} [applying load #8dc8658a-2fa9-4e2b-af0a-02629f5854ac] [LoadTest] Ramp time prolonged by user generation by PT2.098S
2019-07-22T12:52:12,820Z DEBUG {} [applying load #8dc8658a-2fa9-4e2b-af0a-02629f5854ac] [SeededRandom] Using seed 2132282762986792902
2019-07-22T12:52:12,821Z INFO  {} [applying load #8dc8658a-2fa9-4e2b-af0a-02629f5854ac] [ExploratoryVirtualUser] Applying load...
2019-07-22T12:52:13,377Z DEBUG {} [applying load #f02d292d-ad15-45a6-9528-9220ad08ce4f, create user via REST] [TaskTimer] The task took PT5.103S
2019-07-22T12:52:13,377Z INFO  {} [applying load #f02d292d-ad15-45a6-9528-9220ad08ce4f] [RestUserGenerator] Created a new user jpt-4af42727-6f29-427c-b0eb-2d146c9fc61a
2019-07-22T12:52:13,378Z WARN  {} [applying load #f02d292d-ad15-45a6-9528-9220ad08ce4f] [LoadTest] Ramp time prolonged by user generation by PT3.907S
2019-07-22T12:52:13,379Z DEBUG {} [applying load #f02d292d-ad15-45a6-9528-9220ad08ce4f] [SeededRandom] Using seed -4263262838430303025
2019-07-22T12:52:13,379Z INFO  {} [applying load #f02d292d-ad15-45a6-9528-9220ad08ce4f] [ExploratoryVirtualUser] Applying load...
2019-07-22T12:52:13,384Z DEBUG {} [applying load #a2039b28-76c0-43d8-9fef-52556a9b7086, create user via REST] [TaskTimer] The task took PT5.11S
2019-07-22T12:52:13,384Z INFO  {} [applying load #a2039b28-76c0-43d8-9fef-52556a9b7086] [RestUserGenerator] Created a new user jpt-bf51e4d7-aff8-4477-a952-bc38d7e6ebe4
2019-07-22T12:52:13,385Z WARN  {} [applying load #a2039b28-76c0-43d8-9fef-52556a9b7086] [LoadTest] Ramp time prolonged by user generation by PT0.164S
2019-07-22T12:52:13,386Z DEBUG {} [applying load #a2039b28-76c0-43d8-9fef-52556a9b7086] [SeededRandom] Using seed 2671077540764462672
2019-07-22T12:52:13,386Z INFO  {} [applying load #a2039b28-76c0-43d8-9fef-52556a9b7086] [ExploratoryVirtualUser] Applying load...
2019-07-22T12:52:13,846Z DEBUG {} [applying load #9031a274-2d3d-42dd-9553-0f229f91b2d4] [SeededRandom] Using seed -3500614978637125381
2019-07-22T12:52:13,847Z INFO  {} [applying load #9031a274-2d3d-42dd-9553-0f229f91b2d4] [ExploratoryVirtualUser] Applying load...
2019-07-22T12:52:14,472Z DEBUG {} [applying load #8cd1a712-f4b4-46ed-befd-e8c3aca03d8a] [SeededRandom] Using seed -4816872006481583618
2019-07-22T12:52:14,472Z INFO  {} [applying load #8cd1a712-f4b4-46ed-befd-e8c3aca03d8a] [ExploratoryVirtualUser] Applying load...
2019-07-22T12:52:15,097Z DEBUG {} [applying load #a5316aab-bcb8-46be-89ba-f63dcd77f469] [SeededRandom] Using seed -5671795673574091253
2019-07-22T12:52:15,097Z INFO  {} [applying load #a5316aab-bcb8-46be-89ba-f63dcd77f469] [ExploratoryVirtualUser] Applying load...
2019-07-22T12:52:15,722Z DEBUG {} [applying load #8aa37d03-2227-4989-9931-243672ea7efd] [SeededRandom] Using seed 7987185974177307502
2019-07-22T12:52:15,722Z INFO  {} [applying load #8aa37d03-2227-4989-9931-243672ea7efd] [ExploratoryVirtualUser] Applying load...
2019-07-22T12:52:16,130Z DEBUG {} [applying load #eef81577-7d1a-44d1-9248-a578c922bb3f] [ExploratoryVirtualUser] Circling through [BrowseProjectsAction, SearchJqlAction, ViewIssueAction, SearchJqlAction, ViewIssueAction, ViewDashboardAction, AddCommentAction, SearchJqlAction, SearchJqlAction, ViewIssueAction, ViewBacklogAction, ViewIssueAction, ViewIssueAction, SearchJqlAction, SearchJqlAction, ViewIssueAction, ViewIssueAction, ViewBoardAction, SearchJqlAction, ViewBacklogAction, ViewIssueAction, ViewIssueAction, ViewIssueAction, ViewIssueAction, ViewIssueAction, ViewIssueAction, ViewBoardAction, PatientBrowseBoardsAction, ViewIssueAction, EditIssueAction, ViewIssueAction, CreateIssueAction, ViewDashboardAction, ProjectSummaryAction, ViewDashboardAction, ViewIssueAction, ViewIssueAction, ViewDashboardAction, ViewBacklogAction, BrowseProjectsAction, ViewIssueAction, ViewIssueAction, ProjectSummaryAction, SearchJqlAction, ViewBacklogAction, PatientBrowseBoardsAction, SearchJqlAction, ViewIssueAction, EditIssueAction, EditIssueAction, BrowseProjectsAction, ViewIssueAction, SearchJqlAction, CreateIssueAction, ViewIssueAction, ViewIssueAction, CreateIssueAction, ViewDashboardAction, SearchJqlAction, ViewIssueAction, ViewDashboardAction, ViewIssueAction, SearchJqlAction, ViewBacklogAction, ViewIssueAction, ProjectSummaryAction, CreateIssueAction, ViewIssueAction, ViewBoardAction, ViewIssueAction, ViewIssueAction, ViewBacklogAction, EditIssueAction, ViewIssueAction, ViewIssueAction, ViewBacklogAction, ViewBacklogAction, EditIssueAction, SearchJqlAction, ProjectSummaryAction, SearchJqlAction, ViewBoardAction, ViewIssueAction, BrowseProjectsAction, SearchJqlAction, ViewIssueAction, SearchJqlAction, ViewBoardAction, ViewDashboardAction, ViewBoardAction, ViewIssueAction, ViewIssueAction, ViewIssueAction, ViewIssueAction, ViewIssueAction, ViewIssueAction, ViewBoardAction, ViewDashboardAction, ViewIssueAction, ViewBacklogAction, ViewIssueAction, AddCommentAction, ViewIssueAction, SearchJqlAction, ViewIssueAction, ViewBoardAction, ViewIssueAction, ViewIssueAction, BrowseProjectsAction, ViewIssueAction, ViewIssueAction, ViewIssueAction, ViewIssueAction, ViewIssueAction, SearchJqlAction, SearchJqlAction, ViewIssueAction, SearchJqlAction, ViewBoardAction, ViewDashboardAction, ViewBacklogAction, ViewIssueAction, CreateIssueAction, ProjectSummaryAction, ViewBoardAction, ViewIssueAction, ViewIssueAction, ViewDashboardAction, ViewIssueAction]
2019-07-22T12:52:16,332Z DEBUG {} [applying load #a2039b28-76c0-43d8-9fef-52556a9b7086] [ExploratoryVirtualUser] Circling through [ViewDashboardAction, ViewDashboardAction, ViewIssueAction, SearchJqlAction, ViewIssueAction, ViewIssueAction, ViewIssueAction, ViewIssueAction, ViewIssueAction, CreateIssueAction, ViewIssueAction, ViewIssueAction, BrowseProjectsAction, ViewBoardAction, ViewIssueAction, BrowseProjectsAction, EditIssueAction, CreateIssueAction, SearchJqlAction, ViewIssueAction, SearchJqlAction, ViewIssueAction, ViewIssueAction, ViewIssueAction, ViewBacklogAction, AddCommentAction, ViewDashboardAction, SearchJqlAction, ViewIssueAction, SearchJqlAction, BrowseProjectsAction, ViewIssueAction, ViewIssueAction, SearchJqlAction, SearchJqlAction, CreateIssueAction, ViewIssueAction, ViewDashboardAction, ViewDashboardAction, ViewIssueAction, SearchJqlAction, ViewIssueAction, ViewIssueAction, ViewBacklogAction, ViewIssueAction, ViewIssueAction, ViewBoardAction, ViewIssueAction, SearchJqlAction, SearchJqlAction, SearchJqlAction, ViewIssueAction, ViewIssueAction, ViewIssueAction, ViewDashboardAction, ViewDashboardAction, ViewIssueAction, ViewBoardAction, ViewBacklogAction, ViewIssueAction, SearchJqlAction, SearchJqlAction, ViewBacklogAction, CreateIssueAction, ViewIssueAction, ViewIssueAction, PatientBrowseBoardsAction, ViewIssueAction, ViewIssueAction, ViewDashboardAction, ViewBoardAction, ViewIssueAction, ViewIssueAction, ViewIssueAction, SearchJqlAction, ViewIssueAction, SearchJqlAction, ViewBacklogAction, ProjectSummaryAction, SearchJqlAction, ViewIssueAction, SearchJqlAction, ViewIssueAction, SearchJqlAction, ProjectSummaryAction, SearchJqlAction, ViewIssueAction, ViewBoardAction, ViewBacklogAction, BrowseProjectsAction, ViewIssueAction, ViewIssueAction, ViewIssueAction, ViewIssueAction, AddCommentAction, ViewIssueAction, EditIssueAction, CreateIssueAction, ProjectSummaryAction, ViewIssueAction, ViewBacklogAction, ProjectSummaryAction, ViewIssueAction, ViewDashboardAction, ViewIssueAction, ViewBoardAction, ViewDashboardAction, ViewBacklogAction, PatientBrowseBoardsAction, ViewIssueAction, ViewBoardAction, ViewBoardAction, EditIssueAction, ViewIssueAction, BrowseProjectsAction, EditIssueAction, ViewBoardAction, SearchJqlAction, ViewBoardAction, ViewIssueAction, ViewIssueAction, ViewIssueAction, ViewIssueAction, ViewBacklogAction, ViewIssueAction, ViewIssueAction, ProjectSummaryAction, ViewBacklogAction, EditIssueAction]
2019-07-22T12:52:16,634Z DEBUG {} [applying load #18d55f82-6733-4538-8342-6150daa90495] [ExploratoryVirtualUser] Circling through [ViewBoardAction, SearchJqlAction, ViewIssueAction, ViewIssueAction, AddCommentAction, ViewBacklogAction, ViewIssueAction, SearchJqlAction, ViewIssueAction, SearchJqlAction, ViewDashboardAction, ViewIssueAction, ViewBoardAction, ViewDashboardAction, SearchJqlAction, ViewBoardAction, ViewIssueAction, SearchJqlAction, SearchJqlAction, ViewIssueAction, CreateIssueAction, SearchJqlAction, CreateIssueAction, ViewIssueAction, ViewIssueAction, EditIssueAction, EditIssueAction, EditIssueAction, ViewIssueAction, ViewDashboardAction, ViewBacklogAction, ViewDashboardAction, SearchJqlAction, ViewIssueAction, ViewIssueAction, ViewIssueAction, SearchJqlAction, ViewIssueAction, CreateIssueAction, ViewIssueAction, ViewBacklogAction, ViewIssueAction, SearchJqlAction, ViewIssueAction, ViewBacklogAction, SearchJqlAction, SearchJqlAction, ViewIssueAction, ViewIssueAction, ViewBoardAction, ViewDashboardAction, BrowseProjectsAction, ProjectSummaryAction, ViewIssueAction, ViewIssueAction, ViewIssueAction, ViewIssueAction, ViewIssueAction, EditIssueAction, ViewIssueAction, ProjectSummaryAction, ViewDashboardAction, ViewIssueAction, SearchJqlAction, ViewIssueAction, ViewBoardAction, ViewIssueAction, ViewIssueAction, CreateIssueAction, ViewIssueAction, SearchJqlAction, ViewDashboardAction, ViewBoardAction, ProjectSummaryAction, ViewBoardAction, ViewDashboardAction, ViewIssueAction, ViewIssueAction, AddCommentAction, SearchJqlAction, ViewIssueAction, SearchJqlAction, SearchJqlAction, ViewBacklogAction, ViewIssueAction, ViewIssueAction, ViewIssueAction, BrowseProjectsAction, ViewIssueAction, ProjectSummaryAction, ViewIssueAction, ViewIssueAction, ViewIssueAction, ProjectSummaryAction, ViewBacklogAction, BrowseProjectsAction, SearchJqlAction, ViewBoardAction, CreateIssueAction, ViewBacklogAction, ViewIssueAction, ViewIssueAction, ViewIssueAction, PatientBrowseBoardsAction, ViewIssueAction, ViewBoardAction, ViewBacklogAction, ViewIssueAction, SearchJqlAction, ViewIssueAction, ViewIssueAction, ViewIssueAction, ViewBacklogAction, BrowseProjectsAction, ViewIssueAction, ViewIssueAction, EditIssueAction, ViewDashboardAction, SearchJqlAction, PatientBrowseBoardsAction, ViewIssueAction, ViewBoardAction, ViewIssueAction, ViewIssueAction, ViewDashboardAction, BrowseProjectsAction, ViewIssueAction, ViewBacklogAction, ViewIssueAction]
2019-07-22T12:52:16,636Z DEBUG {} [applying load #18d55f82-6733-4538-8342-6150daa90495] [ViewBoardAction] Skipping View Board. I have no knowledge of Boards.
2019-07-22T12:52:17,084Z DEBUG {} [applying load #9031a274-2d3d-42dd-9553-0f229f91b2d4] [ExploratoryVirtualUser] Circling through [ViewDashboardAction, ViewBoardAction, ViewIssueAction, ViewIssueAction, SearchJqlAction, ViewIssueAction, ViewIssueAction, AddCommentAction, ViewDashboardAction, ViewIssueAction, ViewDashboardAction, ViewIssueAction, BrowseProjectsAction, CreateIssueAction, CreateIssueAction, ViewBacklogAction, ViewDashboardAction, ViewIssueAction, ViewIssueAction, ViewBacklogAction, ViewIssueAction, ViewBoardAction, ViewBoardAction, SearchJqlAction, ViewBacklogAction, EditIssueAction, SearchJqlAction, ViewBoardAction, ViewBacklogAction, ViewBoardAction, ViewIssueAction, ViewBacklogAction, ViewIssueAction, ProjectSummaryAction, EditIssueAction, SearchJqlAction, ViewIssueAction, ProjectSummaryAction, ViewDashboardAction, AddCommentAction, ViewIssueAction, SearchJqlAction, ViewIssueAction, ViewIssueAction, ViewIssueAction, ViewDashboardAction, PatientBrowseBoardsAction, SearchJqlAction, SearchJqlAction, ViewDashboardAction, ViewIssueAction, ViewIssueAction, SearchJqlAction, SearchJqlAction, ViewIssueAction, ViewBoardAction, ViewIssueAction, CreateIssueAction, ViewBoardAction, ViewDashboardAction, SearchJqlAction, ViewIssueAction, ViewIssueAction, CreateIssueAction, ViewIssueAction, ViewBacklogAction, ViewIssueAction, ViewDashboardAction, ViewIssueAction, ViewIssueAction, BrowseProjectsAction, ViewIssueAction, EditIssueAction, ViewIssueAction, ViewIssueAction, ViewIssueAction, ViewIssueAction, BrowseProjectsAction, SearchJqlAction, ViewIssueAction, SearchJqlAction, BrowseProjectsAction, ViewIssueAction, ViewBacklogAction, ViewIssueAction, ViewIssueAction, SearchJqlAction, ViewIssueAction, CreateIssueAction, ViewBoardAction, SearchJqlAction, ViewIssueAction, ViewIssueAction, ViewDashboardAction, ViewBoardAction, SearchJqlAction, ViewIssueAction, ProjectSummaryAction, SearchJqlAction, ViewBacklogAction, ViewIssueAction, ViewBoardAction, PatientBrowseBoardsAction, BrowseProjectsAction, SearchJqlAction, ViewIssueAction, ViewIssueAction, ViewIssueAction, SearchJqlAction, ViewIssueAction, SearchJqlAction, ViewIssueAction, EditIssueAction, ViewIssueAction, EditIssueAction, ViewIssueAction, ViewBacklogAction, ViewIssueAction, ViewBacklogAction, ProjectSummaryAction, ViewIssueAction, SearchJqlAction, ViewIssueAction, ViewIssueAction, ViewIssueAction, ViewIssueAction, ViewIssueAction, ProjectSummaryAction, ViewIssueAction]
2019-07-22T12:52:17,825Z DEBUG {} [applying load #8cd1a712-f4b4-46ed-befd-e8c3aca03d8a] [ExploratoryVirtualUser] Circling through [ViewDashboardAction, ViewIssueAction, ViewIssueAction, ViewBoardAction, BrowseProjectsAction, SearchJqlAction, ViewBoardAction, ViewBoardAction, ViewIssueAction, ViewIssueAction, ViewIssueAction, ViewIssueAction, ViewIssueAction, SearchJqlAction, EditIssueAction, BrowseProjectsAction, ViewIssueAction, CreateIssueAction, ViewIssueAction, ViewBoardAction, ViewBacklogAction, SearchJqlAction, ViewIssueAction, ViewIssueAction, ViewIssueAction, ViewIssueAction, ViewDashboardAction, ViewIssueAction, ViewIssueAction, ViewIssueAction, CreateIssueAction, ViewBoardAction, ViewBoardAction, ViewIssueAction, SearchJqlAction, ViewIssueAction, SearchJqlAction, SearchJqlAction, ViewBacklogAction, ViewBoardAction, ViewIssueAction, AddCommentAction, ViewDashboardAction, ViewIssueAction, ViewIssueAction, ViewDashboardAction, ViewDashboardAction, SearchJqlAction, ViewIssueAction, AddCommentAction, SearchJqlAction, ViewIssueAction, SearchJqlAction, ViewBoardAction, ViewBacklogAction, ViewBacklogAction, ViewIssueAction, ViewIssueAction, SearchJqlAction, BrowseProjectsAction, ViewBoardAction, ViewIssueAction, ViewDashboardAction, ProjectSummaryAction, EditIssueAction, ViewIssueAction, ViewIssueAction, ViewIssueAction, SearchJqlAction, SearchJqlAction, ViewIssueAction, ViewIssueAction, ViewIssueAction, ProjectSummaryAction, SearchJqlAction, ViewBacklogAction, EditIssueAction, ViewIssueAction, ViewIssueAction, BrowseProjectsAction, ViewIssueAction, ViewIssueAction, ViewIssueAction, ViewBacklogAction, ProjectSummaryAction, ViewIssueAction, ViewIssueAction, CreateIssueAction, SearchJqlAction, ViewIssueAction, PatientBrowseBoardsAction, ProjectSummaryAction, BrowseProjectsAction, ViewBoardAction, ViewIssueAction, EditIssueAction, ViewBacklogAction, ViewIssueAction, ViewIssueAction, SearchJqlAction, PatientBrowseBoardsAction, SearchJqlAction, SearchJqlAction, ViewDashboardAction, ViewIssueAction, CreateIssueAction, SearchJqlAction, ViewIssueAction, ViewIssueAction, SearchJqlAction, ViewIssueAction, SearchJqlAction, ViewBacklogAction, ViewDashboardAction, ViewIssueAction, CreateIssueAction, ViewIssueAction, ProjectSummaryAction, ViewDashboardAction, ViewIssueAction, EditIssueAction, ViewBacklogAction, ViewIssueAction, ViewDashboardAction, ViewIssueAction, ViewIssueAction, ViewBacklogAction, ViewIssueAction, ViewIssueAction]
2019-07-22T12:52:18,573Z DEBUG {} [applying load #59b5c97f-cca3-4de6-a969-6fabe52b2a98] [ExploratoryVirtualUser] Circling through [ProjectSummaryAction, EditIssueAction, EditIssueAction, ViewIssueAction, ViewIssueAction, ViewIssueAction, ViewIssueAction, CreateIssueAction, ViewDashboardAction, ViewBoardAction, ViewBoardAction, ViewIssueAction, ViewIssueAction, ViewDashboardAction, ViewBacklogAction, ViewDashboardAction, ViewIssueAction, SearchJqlAction, SearchJqlAction, ViewIssueAction, ViewIssueAction, ViewIssueAction, SearchJqlAction, ViewIssueAction, ViewIssueAction, ViewBoardAction, ViewIssueAction, ViewBacklogAction, AddCommentAction, ViewIssueAction, SearchJqlAction, ProjectSummaryAction, ViewIssueAction, ViewIssueAction, ViewBoardAction, BrowseProjectsAction, ViewBacklogAction, SearchJqlAction, PatientBrowseBoardsAction, ViewIssueAction, EditIssueAction, ViewIssueAction, ViewIssueAction, ViewIssueAction, ViewIssueAction, ViewIssueAction, SearchJqlAction, BrowseProjectsAction, ViewIssueAction, ViewIssueAction, ViewIssueAction, AddCommentAction, ViewIssueAction, ViewBacklogAction, ViewIssueAction, ViewIssueAction, SearchJqlAction, ViewBacklogAction, ViewBacklogAction, ViewBacklogAction, BrowseProjectsAction, ViewIssueAction, CreateIssueAction, ViewDashboardAction, ViewBacklogAction, ViewBoardAction, ViewDashboardAction, ProjectSummaryAction, CreateIssueAction, CreateIssueAction, ViewIssueAction, ProjectSummaryAction, SearchJqlAction, ViewBoardAction, ViewIssueAction, SearchJqlAction, ViewIssueAction, PatientBrowseBoardsAction, ViewIssueAction, ViewIssueAction, ViewIssueAction, ViewIssueAction, ViewBoardAction, ViewIssueAction, ViewBoardAction, SearchJqlAction, ProjectSummaryAction, SearchJqlAction, SearchJqlAction, SearchJqlAction, ViewIssueAction, ViewIssueAction, EditIssueAction, ViewBoardAction, ViewDashboardAction, ViewIssueAction, SearchJqlAction, BrowseProjectsAction, ViewIssueAction, SearchJqlAction, ViewIssueAction, ViewDashboardAction, BrowseProjectsAction, ViewIssueAction, ViewBacklogAction, ViewIssueAction, SearchJqlAction, ViewBacklogAction, ViewIssueAction, ViewDashboardAction, ViewIssueAction, ViewIssueAction, ViewIssueAction, SearchJqlAction, ViewIssueAction, ViewIssueAction, ViewDashboardAction, ViewBoardAction, ViewIssueAction, SearchJqlAction, ViewIssueAction, SearchJqlAction, CreateIssueAction, SearchJqlAction, ViewDashboardAction, EditIssueAction, ViewIssueAction, ViewIssueAction, ViewIssueAction]
2019-07-22T12:52:18,574Z DEBUG {} [applying load #59b5c97f-cca3-4de6-a969-6fabe52b2a98] [ProjectSummaryAction] Skipping Project summary action. I have no knowledge of projects.
2019-07-22T12:52:21,885Z DEBUG {} [applying load #9031a274-2d3d-42dd-9553-0f229f91b2d4] [ViewBoardAction] Skipping View Board. I have no knowledge of Boards.
2019-07-22T12:52:22,625Z DEBUG {} [applying load #8cd1a712-f4b4-46ed-befd-e8c3aca03d8a] [ViewIssueAction] Skipping View Issue action. I have no knowledge of issue keys.
2019-07-22T12:52:23,375Z DEBUG {} [applying load #59b5c97f-cca3-4de6-a969-6fabe52b2a98] [EditIssueAction] Cannot edit any issue, because I didn't see any editable issues
2019-07-22T12:52:25,080Z DEBUG {} [applying load #f02d292d-ad15-45a6-9528-9220ad08ce4f] [ExploratoryVirtualUser] Circling through [ViewIssueAction, ViewDashboardAction, SearchJqlAction, ViewIssueAction, ViewBacklogAction, ViewBacklogAction, ViewIssueAction, ViewIssueAction, ViewIssueAction, ViewDashboardAction, SearchJqlAction, ViewBoardAction, SearchJqlAction, ViewBoardAction, ViewIssueAction, ProjectSummaryAction, ViewIssueAction, ViewIssueAction, ViewIssueAction, BrowseProjectsAction, ViewIssueAction, BrowseProjectsAction, SearchJqlAction, ViewDashboardAction, ViewIssueAction, ViewIssueAction, ViewIssueAction, SearchJqlAction, ViewIssueAction, CreateIssueAction, SearchJqlAction, ViewIssueAction, ViewIssueAction, ViewDashboardAction, ViewBacklogAction, ProjectSummaryAction, EditIssueAction, ViewBoardAction, AddCommentAction, ViewBoardAction, PatientBrowseBoardsAction, ViewIssueAction, SearchJqlAction, SearchJqlAction, ViewIssueAction, ViewIssueAction, ViewIssueAction, CreateIssueAction, ViewIssueAction, ViewIssueAction, ViewIssueAction, SearchJqlAction, ViewIssueAction, ViewIssueAction, ViewIssueAction, ProjectSummaryAction, CreateIssueAction, ViewIssueAction, ViewDashboardAction, ViewDashboardAction, ViewIssueAction, ViewBacklogAction, ViewIssueAction, ViewIssueAction, ViewBoardAction, ViewBoardAction, ViewBacklogAction, ViewIssueAction, ViewBoardAction, SearchJqlAction, ViewBacklogAction, ViewIssueAction, ViewBoardAction, SearchJqlAction, ViewIssueAction, CreateIssueAction, SearchJqlAction, ViewIssueAction, BrowseProjectsAction, ViewBacklogAction, ViewBacklogAction, SearchJqlAction, SearchJqlAction, BrowseProjectsAction, EditIssueAction, ViewIssueAction, ViewIssueAction, ViewIssueAction, ViewIssueAction, EditIssueAction, SearchJqlAction, ViewBoardAction, ViewIssueAction, PatientBrowseBoardsAction, ViewDashboardAction, SearchJqlAction, ViewIssueAction, ViewDashboardAction, ProjectSummaryAction, ViewIssueAction, ViewIssueAction, ViewIssueAction, EditIssueAction, ViewIssueAction, SearchJqlAction, ViewDashboardAction, ViewIssueAction, ViewIssueAction, SearchJqlAction, BrowseProjectsAction, SearchJqlAction, ViewIssueAction, ViewIssueAction, ProjectSummaryAction, ViewBoardAction, ViewIssueAction, ViewBacklogAction, EditIssueAction, ViewIssueAction, SearchJqlAction, CreateIssueAction, ViewIssueAction, ViewIssueAction, ViewIssueAction, ViewIssueAction, ViewIssueAction, ViewBacklogAction, ViewDashboardAction, AddCommentAction]
2019-07-22T12:52:25,081Z DEBUG {} [applying load #f02d292d-ad15-45a6-9528-9220ad08ce4f] [ViewIssueAction] Skipping View Issue action. I have no knowledge of issue keys.
2019-07-22T12:52:25,731Z DEBUG {} [applying load #eef81577-7d1a-44d1-9248-a578c922bb3f] [ViewIssueAction] Skipping View Issue action. I have no knowledge of issue keys.
2019-07-22T12:52:25,932Z DEBUG {} [applying load #a2039b28-76c0-43d8-9fef-52556a9b7086] [ViewIssueAction] Skipping View Issue action. I have no knowledge of issue keys.
2019-07-22T12:52:26,684Z DEBUG {} [applying load #9031a274-2d3d-42dd-9553-0f229f91b2d4] [ViewIssueAction] Skipping View Issue action. I have no knowledge of issue keys.
2019-07-22T12:52:27,425Z DEBUG {} [applying load #8cd1a712-f4b4-46ed-befd-e8c3aca03d8a] [ViewIssueAction] Skipping View Issue action. I have no knowledge of issue keys.
2019-07-22T12:52:27,813Z DEBUG {} [applying load #a5316aab-bcb8-46be-89ba-f63dcd77f469] [ExploratoryVirtualUser] Circling through [ViewIssueAction, ViewIssueAction, SearchJqlAction, ViewIssueAction, ViewIssueAction, SearchJqlAction, ViewIssueAction, ViewIssueAction, SearchJqlAction, ViewDashboardAction, SearchJqlAction, BrowseProjectsAction, ViewIssueAction, SearchJqlAction, ViewIssueAction, SearchJqlAction, SearchJqlAction, ViewIssueAction, SearchJqlAction, ViewIssueAction, ViewDashboardAction, BrowseProjectsAction, ProjectSummaryAction, CreateIssueAction, CreateIssueAction, BrowseProjectsAction, ViewIssueAction, ViewIssueAction, ViewIssueAction, CreateIssueAction, ViewIssueAction, ViewDashboardAction, ViewIssueAction, ViewDashboardAction, CreateIssueAction, ViewIssueAction, ViewIssueAction, ViewBacklogAction, ViewDashboardAction, ViewIssueAction, ViewBoardAction, ViewBoardAction, ProjectSummaryAction, ViewIssueAction, ViewBoardAction, ViewIssueAction, EditIssueAction, ViewIssueAction, ViewDashboardAction, SearchJqlAction, ViewBacklogAction, SearchJqlAction, ViewIssueAction, ViewIssueAction, ViewDashboardAction, ProjectSummaryAction, ViewIssueAction, ViewIssueAction, ViewIssueAction, SearchJqlAction, PatientBrowseBoardsAction, ViewBacklogAction, ViewBoardAction, ViewIssueAction, CreateIssueAction, ViewDashboardAction, EditIssueAction, AddCommentAction, SearchJqlAction, ViewBacklogAction, ViewIssueAction, SearchJqlAction, ViewIssueAction, ViewIssueAction, SearchJqlAction, ViewIssueAction, BrowseProjectsAction, SearchJqlAction, AddCommentAction, ViewIssueAction, ViewIssueAction, ViewIssueAction, ProjectSummaryAction, ViewIssueAction, ViewBoardAction, ViewIssueAction, ViewBacklogAction, SearchJqlAction, ViewDashboardAction, SearchJqlAction, ViewIssueAction, ViewIssueAction, ViewIssueAction, ProjectSummaryAction, ViewBacklogAction, SearchJqlAction, ViewIssueAction, ViewIssueAction, ViewIssueAction, ViewIssueAction, ViewIssueAction, ViewBacklogAction, ViewIssueAction, ViewIssueAction, ViewBoardAction, ViewIssueAction, ViewDashboardAction, ViewBoardAction, PatientBrowseBoardsAction, ViewBoardAction, ViewIssueAction, ViewIssueAction, EditIssueAction, ViewIssueAction, ViewBacklogAction, EditIssueAction, ViewIssueAction, ViewIssueAction, ViewBoardAction, ViewBacklogAction, ViewBoardAction, ViewIssueAction, ViewBacklogAction, EditIssueAction, ViewIssueAction, SearchJqlAction, BrowseProjectsAction, ViewIssueAction, SearchJqlAction]
2019-07-22T12:52:27,813Z DEBUG {} [applying load #a5316aab-bcb8-46be-89ba-f63dcd77f469] [ViewIssueAction] Skipping View Issue action. I have no knowledge of issue keys.
2019-07-22T12:52:27,986Z DEBUG {} [applying load #8aa37d03-2227-4989-9931-243672ea7efd] [ExploratoryVirtualUser] Circling through [ViewBoardAction, ViewIssueAction, ViewBoardAction, ViewIssueAction, AddCommentAction, ViewIssueAction, SearchJqlAction, SearchJqlAction, ViewBoardAction, AddCommentAction, BrowseProjectsAction, CreateIssueAction, ViewDashboardAction, ViewIssueAction, ViewIssueAction, SearchJqlAction, ViewIssueAction, ViewBacklogAction, BrowseProjectsAction, ViewIssueAction, ViewBacklogAction, ViewIssueAction, ViewIssueAction, ProjectSummaryAction, ViewIssueAction, ViewDashboardAction, ViewIssueAction, ViewIssueAction, ViewBoardAction, ViewDashboardAction, ViewBoardAction, ViewIssueAction, CreateIssueAction, SearchJqlAction, SearchJqlAction, SearchJqlAction, PatientBrowseBoardsAction, SearchJqlAction, BrowseProjectsAction, ViewIssueAction, ViewBoardAction, ViewIssueAction, ViewIssueAction, ViewIssueAction, SearchJqlAction, ViewIssueAction, ViewIssueAction, ViewIssueAction, ProjectSummaryAction, ViewBoardAction, ViewIssueAction, ViewIssueAction, ViewDashboardAction, EditIssueAction, SearchJqlAction, ViewIssueAction, ViewBoardAction, ViewIssueAction, CreateIssueAction, ViewIssueAction, PatientBrowseBoardsAction, ProjectSummaryAction, EditIssueAction, ViewIssueAction, ViewIssueAction, ProjectSummaryAction, ViewIssueAction, ViewIssueAction, ViewIssueAction, ViewDashboardAction, ViewBacklogAction, SearchJqlAction, ViewIssueAction, ViewIssueAction, SearchJqlAction, ViewBoardAction, SearchJqlAction, BrowseProjectsAction, SearchJqlAction, ViewDashboardAction, ViewIssueAction, ViewIssueAction, BrowseProjectsAction, SearchJqlAction, SearchJqlAction, ViewIssueAction, ViewIssueAction, ViewIssueAction, ViewBacklogAction, ViewIssueAction, SearchJqlAction, SearchJqlAction, CreateIssueAction, ViewBacklogAction, ViewBacklogAction, ViewIssueAction, ViewIssueAction, ViewBacklogAction, EditIssueAction, ViewBacklogAction, ViewIssueAction, ViewIssueAction, EditIssueAction, ViewDashboardAction, ViewIssueAction, ViewIssueAction, ViewIssueAction, SearchJqlAction, ViewDashboardAction, ViewIssueAction, ViewIssueAction, ViewIssueAction, ViewDashboardAction, ViewDashboardAction, ViewIssueAction, ViewIssueAction, ViewIssueAction, CreateIssueAction, ProjectSummaryAction, ViewBacklogAction, EditIssueAction, ViewIssueAction, SearchJqlAction, ViewBoardAction, SearchJqlAction, ViewIssueAction, ViewBacklogAction, ViewIssueAction, ViewIssueAction]
2019-07-22T12:52:27,986Z DEBUG {} [applying load #8aa37d03-2227-4989-9931-243672ea7efd] [ViewBoardAction] Skipping View Board. I have no knowledge of Boards.
2019-07-22T12:52:28,174Z DEBUG {} [applying load #59b5c97f-cca3-4de6-a969-6fabe52b2a98] [EditIssueAction] Cannot edit any issue, because I didn't see any editable issues
2019-07-22T12:52:28,586Z DEBUG {} [applying load #7e7e4356-92eb-4af6-9671-b22b9d03f198] [ExploratoryVirtualUser] Circling through [ViewIssueAction, ViewIssueAction, ViewIssueAction, ViewBacklogAction, ViewIssueAction, ViewIssueAction, SearchJqlAction, ViewIssueAction, ViewDashboardAction, SearchJqlAction, ViewBoardAction, BrowseProjectsAction, ViewIssueAction, AddCommentAction, BrowseProjectsAction, ViewBacklogAction, ViewIssueAction, SearchJqlAction, ViewBacklogAction, ViewBoardAction, SearchJqlAction, EditIssueAction, ViewIssueAction, ViewBacklogAction, ViewDashboardAction, AddCommentAction, ViewIssueAction, ViewIssueAction, ViewIssueAction, ViewDashboardAction, CreateIssueAction, ViewIssueAction, ViewIssueAction, SearchJqlAction, ViewIssueAction, ViewIssueAction, ProjectSummaryAction, ViewIssueAction, ViewIssueAction, ViewIssueAction, ViewDashboardAction, SearchJqlAction, EditIssueAction, SearchJqlAction, EditIssueAction, BrowseProjectsAction, ViewIssueAction, SearchJqlAction, ViewIssueAction, ViewIssueAction, ViewIssueAction, SearchJqlAction, EditIssueAction, SearchJqlAction, SearchJqlAction, ViewBacklogAction, ViewDashboardAction, ViewBoardAction, ViewIssueAction, ViewIssueAction, BrowseProjectsAction, ViewDashboardAction, ViewIssueAction, ViewIssueAction, ViewBoardAction, ViewBoardAction, ViewBoardAction, ViewIssueAction, ViewBacklogAction, ProjectSummaryAction, CreateIssueAction, ViewIssueAction, EditIssueAction, ProjectSummaryAction, ViewIssueAction, ViewIssueAction, BrowseProjectsAction, ViewBoardAction, ViewIssueAction, CreateIssueAction, ViewDashboardAction, ViewIssueAction, ViewIssueAction, ViewBoardAction, ViewIssueAction, ViewIssueAction, ViewIssueAction, ViewDashboardAction, PatientBrowseBoardsAction, ViewIssueAction, ViewDashboardAction, ViewIssueAction, ViewIssueAction, ViewIssueAction, ViewIssueAction, ViewBoardAction, ViewBoardAction, SearchJqlAction, ViewIssueAction, ViewBacklogAction, SearchJqlAction, ProjectSummaryAction, ViewIssueAction, CreateIssueAction, ViewIssueAction, ViewBacklogAction, SearchJqlAction, SearchJqlAction, SearchJqlAction, ViewIssueAction, ProjectSummaryAction, SearchJqlAction, CreateIssueAction, ViewIssueAction, ViewDashboardAction, ViewIssueAction, ViewIssueAction, PatientBrowseBoardsAction, ViewIssueAction, SearchJqlAction, ViewBacklogAction, ViewIssueAction, ViewIssueAction, SearchJqlAction, SearchJqlAction, ViewIssueAction, ViewIssueAction, ViewBacklogAction, ViewIssueAction]
2019-07-22T12:52:28,586Z DEBUG {} [applying load #7e7e4356-92eb-4af6-9671-b22b9d03f198] [ViewIssueAction] Skipping View Issue action. I have no knowledge of issue keys.
2019-07-22T12:52:28,676Z DEBUG {} [applying load #1f7dcd7b-c382-4cb3-b8aa-a3b9718be0bf] [ExploratoryVirtualUser] Circling through [ViewDashboardAction, SearchJqlAction, ViewIssueAction, ViewBacklogAction, SearchJqlAction, ViewBoardAction, ViewBoardAction, ViewIssueAction, ViewBacklogAction, ViewIssueAction, ViewIssueAction, ProjectSummaryAction, ViewIssueAction, ViewIssueAction, ViewIssueAction, ViewIssueAction, ViewIssueAction, EditIssueAction, CreateIssueAction, CreateIssueAction, BrowseProjectsAction, ViewBoardAction, ViewBoardAction, ViewIssueAction, ViewIssueAction, ViewIssueAction, SearchJqlAction, SearchJqlAction, ViewDashboardAction, ViewBoardAction, ViewDashboardAction, ViewDashboardAction, EditIssueAction, SearchJqlAction, ViewIssueAction, ViewIssueAction, ViewIssueAction, BrowseProjectsAction, SearchJqlAction, ViewIssueAction, ViewIssueAction, ViewIssueAction, ViewBacklogAction, ViewIssueAction, ViewBoardAction, BrowseProjectsAction, SearchJqlAction, ViewIssueAction, ViewIssueAction, EditIssueAction, ViewIssueAction, ViewIssueAction, ViewIssueAction, ViewIssueAction, ViewIssueAction, CreateIssueAction, AddCommentAction, ViewIssueAction, ProjectSummaryAction, SearchJqlAction, ViewBacklogAction, ViewIssueAction, ViewBacklogAction, ViewIssueAction, ProjectSummaryAction, ViewBoardAction, ViewIssueAction, ViewIssueAction, ViewIssueAction, ViewBacklogAction, ViewIssueAction, SearchJqlAction, CreateIssueAction, ViewIssueAction, SearchJqlAction, ViewIssueAction, ViewIssueAction, ViewIssueAction, ViewIssueAction, ViewDashboardAction, ViewBacklogAction, SearchJqlAction, ViewIssueAction, ViewIssueAction, AddCommentAction, ViewIssueAction, ViewBacklogAction, BrowseProjectsAction, ViewBacklogAction, ViewIssueAction, EditIssueAction, ViewIssueAction, SearchJqlAction, ViewIssueAction, SearchJqlAction, ViewIssueAction, ViewIssueAction, ViewDashboardAction, SearchJqlAction, ViewDashboardAction, ViewIssueAction, ViewIssueAction, ViewIssueAction, ViewDashboardAction, ViewDashboardAction, SearchJqlAction, ViewBoardAction, CreateIssueAction, ViewIssueAction, PatientBrowseBoardsAction, ViewIssueAction, ViewIssueAction, SearchJqlAction, BrowseProjectsAction, SearchJqlAction, ViewBoardAction, SearchJqlAction, ViewIssueAction, ViewBoardAction, PatientBrowseBoardsAction, ProjectSummaryAction, ViewDashboardAction, EditIssueAction, ViewIssueAction, SearchJqlAction, ProjectSummaryAction, ViewIssueAction, ViewBacklogAction, SearchJqlAction]
2019-07-22T12:52:28,698Z DEBUG {} [applying load #8dc8658a-2fa9-4e2b-af0a-02629f5854ac] [ExploratoryVirtualUser] Circling through [EditIssueAction, ViewIssueAction, ViewIssueAction, ViewIssueAction, ViewBacklogAction, SearchJqlAction, ViewIssueAction, ViewBoardAction, ViewBacklogAction, ViewIssueAction, ViewBoardAction, ViewIssueAction, ViewIssueAction, ViewBoardAction, ViewDashboardAction, ViewBacklogAction, ViewIssueAction, ViewIssueAction, ViewIssueAction, SearchJqlAction, ViewIssueAction, ViewIssueAction, ViewIssueAction, ViewBacklogAction, ViewIssueAction, ViewIssueAction, SearchJqlAction, ViewIssueAction, SearchJqlAction, SearchJqlAction, CreateIssueAction, ViewIssueAction, ViewIssueAction, ViewIssueAction, EditIssueAction, ViewIssueAction, SearchJqlAction, ViewIssueAction, SearchJqlAction, ViewDashboardAction, SearchJqlAction, ViewDashboardAction, ViewBoardAction, CreateIssueAction, ViewDashboardAction, ViewBacklogAction, ViewIssueAction, ViewIssueAction, ViewIssueAction, ViewIssueAction, ViewDashboardAction, ViewBoardAction, BrowseProjectsAction, PatientBrowseBoardsAction, ProjectSummaryAction, ViewIssueAction, BrowseProjectsAction, ViewIssueAction, ViewIssueAction, ProjectSummaryAction, ViewIssueAction, ViewIssueAction, ViewIssueAction, AddCommentAction, ViewIssueAction, ViewIssueAction, ViewBoardAction, CreateIssueAction, CreateIssueAction, SearchJqlAction, ViewBacklogAction, ViewBoardAction, ViewIssueAction, ViewIssueAction, ViewDashboardAction, SearchJqlAction, ProjectSummaryAction, ViewIssueAction, SearchJqlAction, ViewIssueAction, ViewIssueAction, ViewIssueAction, ViewBacklogAction, ViewBoardAction, ProjectSummaryAction, AddCommentAction, EditIssueAction, SearchJqlAction, BrowseProjectsAction, EditIssueAction, SearchJqlAction, ViewIssueAction, ViewIssueAction, ViewIssueAction, ViewIssueAction, ViewDashboardAction, CreateIssueAction, ViewIssueAction, ViewIssueAction, PatientBrowseBoardsAction, ViewBacklogAction, SearchJqlAction, ViewIssueAction, ViewIssueAction, SearchJqlAction, ViewBoardAction, ViewDashboardAction, ProjectSummaryAction, ViewIssueAction, SearchJqlAction, EditIssueAction, ViewBoardAction, ViewIssueAction, ViewBacklogAction, SearchJqlAction, ViewIssueAction, ViewDashboardAction, ViewIssueAction, ViewIssueAction, ViewDashboardAction, BrowseProjectsAction, SearchJqlAction, ViewIssueAction, ViewIssueAction, ViewIssueAction, SearchJqlAction, ViewBacklogAction, SearchJqlAction, BrowseProjectsAction]
2019-07-22T12:52:28,699Z DEBUG {} [applying load #8dc8658a-2fa9-4e2b-af0a-02629f5854ac] [EditIssueAction] Cannot edit any issue, because I didn't see any editable issues
2019-07-22T12:52:31,485Z DEBUG {} [applying load #9031a274-2d3d-42dd-9553-0f229f91b2d4] [ViewIssueAction] Skipping View Issue action. I have no knowledge of issue keys.
2019-07-22T12:52:32,225Z DEBUG {} [applying load #8cd1a712-f4b4-46ed-befd-e8c3aca03d8a] [ViewBoardAction] Skipping View Board. I have no knowledge of Boards.
2019-07-22T12:52:32,613Z DEBUG {} [applying load #a5316aab-bcb8-46be-89ba-f63dcd77f469] [ViewIssueAction] Skipping View Issue action. I have no knowledge of issue keys.
2019-07-22T12:52:32,787Z DEBUG {} [applying load #8aa37d03-2227-4989-9931-243672ea7efd] [ViewIssueAction] Skipping View Issue action. I have no knowledge of issue keys.
2019-07-22T12:52:32,975Z DEBUG {} [applying load #59b5c97f-cca3-4de6-a969-6fabe52b2a98] [ViewIssueAction] Skipping View Issue action. I have no knowledge of issue keys.
2019-07-22T12:52:33,386Z DEBUG {} [applying load #7e7e4356-92eb-4af6-9671-b22b9d03f198] [ViewIssueAction] Skipping View Issue action. I have no knowledge of issue keys.
2019-07-22T12:52:33,499Z DEBUG {} [applying load #8dc8658a-2fa9-4e2b-af0a-02629f5854ac] [ViewIssueAction] Skipping View Issue action. I have no knowledge of issue keys.
2019-07-22T12:52:37,586Z DEBUG {} [applying load #8aa37d03-2227-4989-9931-243672ea7efd] [ViewBoardAction] Skipping View Board. I have no knowledge of Boards.
2019-07-22T12:52:37,774Z DEBUG {} [applying load #59b5c97f-cca3-4de6-a969-6fabe52b2a98] [ViewIssueAction] Skipping View Issue action. I have no knowledge of issue keys.
2019-07-22T12:52:38,186Z DEBUG {} [applying load #7e7e4356-92eb-4af6-9671-b22b9d03f198] [ViewIssueAction] Skipping View Issue action. I have no knowledge of issue keys.
2019-07-22T12:52:38,300Z DEBUG {} [applying load #8dc8658a-2fa9-4e2b-af0a-02629f5854ac] [ViewIssueAction] Skipping View Issue action. I have no knowledge of issue keys.
2019-07-22T12:52:41,085Z DEBUG {} [applying load #9031a274-2d3d-42dd-9553-0f229f91b2d4] [ViewIssueAction] Skipping View Issue action. I have no knowledge of issue keys.
2019-07-22T12:52:42,387Z DEBUG {} [applying load #8aa37d03-2227-4989-9931-243672ea7efd] [ViewIssueAction] Skipping View Issue action. I have no knowledge of issue keys.
2019-07-22T12:52:42,575Z DEBUG {} [applying load #59b5c97f-cca3-4de6-a969-6fabe52b2a98] [ViewIssueAction] Skipping View Issue action. I have no knowledge of issue keys.
2019-07-22T12:52:42,987Z DEBUG {} [applying load #7e7e4356-92eb-4af6-9671-b22b9d03f198] [ViewBacklogAction] Skipping View Backlog. I have no knowledge of Boards.
2019-07-22T12:52:43,099Z DEBUG {} [applying load #8dc8658a-2fa9-4e2b-af0a-02629f5854ac] [ViewIssueAction] Skipping View Issue action. I have no knowledge of issue keys.
2019-07-22T12:52:45,884Z DEBUG {} [applying load #9031a274-2d3d-42dd-9553-0f229f91b2d4] [ViewIssueAction] Skipping View Issue action. I have no knowledge of issue keys.
2019-07-22T12:52:47,186Z DEBUG {} [applying load #8aa37d03-2227-4989-9931-243672ea7efd] [AddCommentAction] Cannot add a comment, because I didn't see any issues yet
2019-07-22T12:52:47,374Z DEBUG {} [applying load #59b5c97f-cca3-4de6-a969-6fabe52b2a98] [ViewIssueAction] Skipping View Issue action. I have no knowledge of issue keys.
2019-07-22T12:52:47,786Z DEBUG {} [applying load #7e7e4356-92eb-4af6-9671-b22b9d03f198] [ViewIssueAction] Skipping View Issue action. I have no knowledge of issue keys.
2019-07-22T12:52:47,900Z DEBUG {} [applying load #8dc8658a-2fa9-4e2b-af0a-02629f5854ac] [ViewBacklogAction] Skipping View Backlog. I have no knowledge of Boards.
2019-07-22T12:52:49,074Z DEBUG {} [applying load #8cd1a712-f4b4-46ed-befd-e8c3aca03d8a] [ViewBoardAction] Skipping View Board. I have no knowledge of Boards.
2019-07-22T12:52:50,685Z DEBUG {} [applying load #9031a274-2d3d-42dd-9553-0f229f91b2d4] [AddCommentAction] Cannot add a comment, because I didn't see any issues yet
2019-07-22T12:52:51,426Z DEBUG {} [applying load #8cd1a712-f4b4-46ed-befd-e8c3aca03d8a] [ViewBoardAction] Skipping View Board. I have no knowledge of Boards.
2019-07-22T12:52:51,986Z DEBUG {} [applying load #8aa37d03-2227-4989-9931-243672ea7efd] [ViewIssueAction] Skipping View Issue action. I have no knowledge of issue keys.
2019-07-22T12:52:52,175Z DEBUG {} [applying load #59b5c97f-cca3-4de6-a969-6fabe52b2a98] [CreateIssueAction] Skipping Create issue action. I have no knowledge of projects.
2019-07-22T12:52:52,587Z DEBUG {} [applying load #7e7e4356-92eb-4af6-9671-b22b9d03f198] [ViewIssueAction] Skipping View Issue action. I have no knowledge of issue keys.
2019-07-22T12:52:56,225Z DEBUG {} [applying load #8cd1a712-f4b4-46ed-befd-e8c3aca03d8a] [ViewIssueAction] Skipping View Issue action. I have no knowledge of issue keys.
2019-07-22T12:52:58,792Z DEBUG {} [applying load #8dc8658a-2fa9-4e2b-af0a-02629f5854ac] [ViewIssueAction] Skipping View Issue action. I have no knowledge of issue keys.
2019-07-22T12:53:00,285Z DEBUG {} [applying load #9031a274-2d3d-42dd-9553-0f229f91b2d4] [ViewIssueAction] Skipping View Issue action. I have no knowledge of issue keys.
2019-07-22T12:53:01,026Z DEBUG {} [applying load #8cd1a712-f4b4-46ed-befd-e8c3aca03d8a] [ViewIssueAction] Skipping View Issue action. I have no knowledge of issue keys.
2019-07-22T12:53:01,775Z DEBUG {} [applying load #59b5c97f-cca3-4de6-a969-6fabe52b2a98] [ViewBoardAction] Skipping View Board. I have no knowledge of Boards.
2019-07-22T12:53:02,187Z DEBUG {} [applying load #7e7e4356-92eb-4af6-9671-b22b9d03f198] [ViewIssueAction] Skipping View Issue action. I have no knowledge of issue keys.
2019-07-22T12:53:02,299Z DEBUG {} [applying load #8dc8658a-2fa9-4e2b-af0a-02629f5854ac] [ViewBoardAction] Skipping View Board. I have no knowledge of Boards.
2019-07-22T12:53:05,825Z DEBUG {} [applying load #8cd1a712-f4b4-46ed-befd-e8c3aca03d8a] [ViewIssueAction] Skipping View Issue action. I have no knowledge of issue keys.
2019-07-22T12:53:06,574Z DEBUG {} [applying load #59b5c97f-cca3-4de6-a969-6fabe52b2a98] [ViewBoardAction] Skipping View Board. I have no knowledge of Boards.
2019-07-22T12:53:07,100Z DEBUG {} [applying load #8dc8658a-2fa9-4e2b-af0a-02629f5854ac] [ViewBacklogAction] Skipping View Backlog. I have no knowledge of Boards.
2019-07-22T12:53:09,884Z DEBUG {} [applying load #9031a274-2d3d-42dd-9553-0f229f91b2d4] [ViewIssueAction] Skipping View Issue action. I have no knowledge of issue keys.
2019-07-22T12:53:10,625Z DEBUG {} [applying load #8cd1a712-f4b4-46ed-befd-e8c3aca03d8a] [ViewIssueAction] Skipping View Issue action. I have no knowledge of issue keys.
2019-07-22T12:53:11,374Z DEBUG {} [applying load #59b5c97f-cca3-4de6-a969-6fabe52b2a98] [ViewIssueAction] Skipping View Issue action. I have no knowledge of issue keys.
2019-07-22T12:53:11,899Z DEBUG {} [applying load #8dc8658a-2fa9-4e2b-af0a-02629f5854ac] [ViewIssueAction] Skipping View Issue action. I have no knowledge of issue keys.
2019-07-22T12:53:13,332Z DEBUG {} [applying load #f02d292d-ad15-45a6-9528-9220ad08ce4f] [AdaptiveJqlMemory] Rendered a new jql query: <<project = ANIOS order by status>>
2019-07-22T12:53:13,332Z DEBUG {} [applying load #f02d292d-ad15-45a6-9528-9220ad08ce4f] [ViewBacklogAction] Skipping View Backlog. I have no knowledge of Boards.
2019-07-22T12:53:13,332Z DEBUG {} [applying load #f02d292d-ad15-45a6-9528-9220ad08ce4f] [ViewBacklogAction] Skipping View Backlog. I have no knowledge of Boards.
2019-07-22T12:53:14,675Z DEBUG {} [applying load #f02d292d-ad15-45a6-9528-9220ad08ce4f] [AdaptiveJqlMemory] Rendered a new jql query: <<assignee = iebyxzczp order by project>>
2019-07-22T12:53:15,425Z DEBUG {} [applying load #8cd1a712-f4b4-46ed-befd-e8c3aca03d8a] [ViewIssueAction] Skipping View Issue action. I have no knowledge of issue keys.
2019-07-22T12:53:16,174Z DEBUG {} [applying load #59b5c97f-cca3-4de6-a969-6fabe52b2a98] [ViewIssueAction] Skipping View Issue action. I have no knowledge of issue keys.
2019-07-22T12:53:16,586Z DEBUG {} [applying load #7e7e4356-92eb-4af6-9671-b22b9d03f198] [ViewBoardAction] Skipping View Board. I have no knowledge of Boards.
2019-07-22T12:53:16,666Z DEBUG {} [applying load #f02d292d-ad15-45a6-9528-9220ad08ce4f] [AdaptiveJqlMemory] Rendered a new jql query: <<reporter was dvcjvdgns order by description>>
2019-07-22T12:53:16,700Z DEBUG {} [applying load #8dc8658a-2fa9-4e2b-af0a-02629f5854ac] [ViewBoardAction] Skipping View Board. I have no knowledge of Boards.
2019-07-22T12:53:17,857Z DEBUG {} [applying load #f02d292d-ad15-45a6-9528-9220ad08ce4f] [AdaptiveJqlMemory] Rendered a new jql query: <<project = CGILSA and assignee = dpscdxzgp order by reporter>>
2019-07-22T12:53:20,005Z DEBUG {} [applying load #1f7dcd7b-c382-4cb3-b8aa-a3b9718be0bf] [AdaptiveJqlMemory] Rendered a new jql query: <<project = BGFFIA order by status>>
2019-07-22T12:53:20,005Z DEBUG {} [applying load #1f7dcd7b-c382-4cb3-b8aa-a3b9718be0bf] [ViewBacklogAction] Skipping View Backlog. I have no knowledge of Boards.
2019-07-22T12:53:21,499Z DEBUG {} [applying load #8dc8658a-2fa9-4e2b-af0a-02629f5854ac] [ViewIssueAction] Skipping View Issue action. I have no knowledge of issue keys.
2019-07-22T12:53:23,020Z DEBUG {} [applying load #18d55f82-6733-4538-8342-6150daa90495] [AdaptiveJqlMemory] Rendered a new jql query: <<project = AMSAI order by status>>
2019-07-22T12:53:24,305Z DEBUG {} [applying load #18d55f82-6733-4538-8342-6150daa90495] [AdaptiveJqlMemory] Rendered a new jql query: <<assignee = xrpjgmuae order by project>>
2019-07-22T12:53:24,689Z DEBUG {} [applying load #f02d292d-ad15-45a6-9528-9220ad08ce4f] [ViewBoardAction] Skipping View Board. I have no knowledge of Boards.
2019-07-22T12:53:25,774Z DEBUG {} [applying load #59b5c97f-cca3-4de6-a969-6fabe52b2a98] [ViewBacklogAction] Skipping View Backlog. I have no knowledge of Boards.
2019-07-22T12:53:26,186Z DEBUG {} [applying load #7e7e4356-92eb-4af6-9671-b22b9d03f198] [ViewIssueAction] Skipping View Issue action. I have no knowledge of issue keys.
2019-07-22T12:53:26,300Z DEBUG {} [applying load #8dc8658a-2fa9-4e2b-af0a-02629f5854ac] [ViewIssueAction] Skipping View Issue action. I have no knowledge of issue keys.
2019-07-22T12:53:26,494Z DEBUG {} [applying load #9031a274-2d3d-42dd-9553-0f229f91b2d4] [SeededRandom] Using seed 1563800006
2019-07-22T12:53:30,986Z DEBUG {} [applying load #7e7e4356-92eb-4af6-9671-b22b9d03f198] [AddCommentAction] Cannot add a comment, because I didn't see any issues yet
2019-07-22T12:53:31,099Z DEBUG {} [applying load #8dc8658a-2fa9-4e2b-af0a-02629f5854ac] [ViewBoardAction] Skipping View Board. I have no knowledge of Boards.
2019-07-22T12:53:35,375Z DEBUG {} [applying load #59b5c97f-cca3-4de6-a969-6fabe52b2a98] [ViewIssueAction] Skipping View Issue action. I have no knowledge of issue keys.
2019-07-22T12:53:36,600Z DEBUG {} [applying load #8aa37d03-2227-4989-9931-243672ea7efd] [ViewBoardAction] Skipping View Board. I have no knowledge of Boards.
2019-07-22T12:53:36,600Z DEBUG {} [applying load #8aa37d03-2227-4989-9931-243672ea7efd] [AddCommentAction] Cannot add a comment, because I didn't see any issues yet
2019-07-22T12:53:37,310Z DEBUG {} [applying load #a5316aab-bcb8-46be-89ba-f63dcd77f469] [AdaptiveJqlMemory] Rendered a new jql query: <<project = NLKS order by status>>
2019-07-22T12:53:38,584Z DEBUG {} [applying load #a5316aab-bcb8-46be-89ba-f63dcd77f469] [AdaptiveJqlMemory] Rendered a new jql query: <<assignee = xgsqbwfpe order by project>>
2019-07-22T12:53:40,587Z DEBUG {} [applying load #7e7e4356-92eb-4af6-9671-b22b9d03f198] [ViewBacklogAction] Skipping View Backlog. I have no knowledge of Boards.
2019-07-22T12:53:40,700Z DEBUG {} [applying load #8dc8658a-2fa9-4e2b-af0a-02629f5854ac] [ViewBacklogAction] Skipping View Backlog. I have no knowledge of Boards.
2019-07-22T12:53:41,215Z DEBUG {} [applying load #a5316aab-bcb8-46be-89ba-f63dcd77f469] [AdaptiveJqlMemory] Rendered a new jql query: <<reporter was anfdfvwrf order by description>>
2019-07-22T12:53:41,421Z DEBUG {} [applying load #eef81577-7d1a-44d1-9248-a578c922bb3f] [AdaptiveJqlMemory] Rendered a new jql query: <<project = BYSHI order by status>>
2019-07-22T12:53:41,452Z DEBUG {} [applying load #a2039b28-76c0-43d8-9fef-52556a9b7086] [AdaptiveJqlMemory] Rendered a new jql query: <<project = CCAFR order by status>>
2019-07-22T12:53:42,430Z DEBUG {} [applying load #a2039b28-76c0-43d8-9fef-52556a9b7086] [AdaptiveJqlMemory] Rendered a new jql query: <<assignee = sqxumrjtj order by project>>
2019-07-22T12:53:42,468Z DEBUG {} [applying load #a5316aab-bcb8-46be-89ba-f63dcd77f469] [AdaptiveJqlMemory] Rendered a new jql query: <<text ~ "summary" order by key>>
2019-07-22T12:53:43,148Z DEBUG {} [applying load #9031a274-2d3d-42dd-9553-0f229f91b2d4] [SeededRandom] Using seed 1563800023
2019-07-22T12:53:43,552Z DEBUG {} [applying load #a2039b28-76c0-43d8-9fef-52556a9b7086] [AdaptiveJqlMemory] Rendered a new jql query: <<reporter was jhducdxpd order by description>>
2019-07-22T12:53:45,227Z DEBUG {} [applying load #a2039b28-76c0-43d8-9fef-52556a9b7086] [AdaptiveJqlMemory] Rendered a new jql query: <<project = BBEHIA and assignee = sqxumrjtj order by reporter>>
2019-07-22T12:53:45,386Z DEBUG {} [applying load #7e7e4356-92eb-4af6-9671-b22b9d03f198] [ViewIssueAction] Skipping View Issue action. I have no knowledge of issue keys.
2019-07-22T12:53:45,499Z DEBUG {} [applying load #8dc8658a-2fa9-4e2b-af0a-02629f5854ac] [ViewIssueAction] Skipping View Issue action. I have no knowledge of issue keys.
2019-07-22T12:53:45,589Z DEBUG {} [applying load #9031a274-2d3d-42dd-9553-0f229f91b2d4] [ViewBacklogAction] Skipping View Backlog. I have no knowledge of Boards.
2019-07-22T12:53:46,201Z DEBUG {} [applying load #9031a274-2d3d-42dd-9553-0f229f91b2d4] [ViewIssueAction] Skipping View Issue action. I have no knowledge of issue keys.
2019-07-22T12:53:46,201Z DEBUG {} [applying load #9031a274-2d3d-42dd-9553-0f229f91b2d4] [ViewIssueAction] Skipping View Issue action. I have no knowledge of issue keys.
2019-07-22T12:53:46,393Z DEBUG {} [applying load #a2039b28-76c0-43d8-9fef-52556a9b7086] [AdaptiveJqlMemory] Rendered a new jql query: <<text ~ "summary" order by key>>
2019-07-22T12:53:46,393Z DEBUG {} [applying load #a2039b28-76c0-43d8-9fef-52556a9b7086] [CreateIssueAction] Skipping Create issue action. I have no knowledge of projects.
2019-07-22T12:53:46,596Z DEBUG {} [applying load #8aa37d03-2227-4989-9931-243672ea7efd] [SeededRandom] Using seed 1563800026
2019-07-22T12:53:47,510Z DEBUG {} [applying load #18d55f82-6733-4538-8342-6150daa90495] [ViewBacklogAction] Skipping View Backlog. I have no knowledge of Boards.
2019-07-22T12:53:48,284Z DEBUG {} [applying load #9031a274-2d3d-42dd-9553-0f229f91b2d4] [ViewBacklogAction] Skipping View Backlog. I have no knowledge of Boards.
2019-07-22T12:53:48,842Z DEBUG {} [applying load #18d55f82-6733-4538-8342-6150daa90495] [AdaptiveJqlMemory] Rendered a new jql query: <<reporter was cuhxaewcx order by description>>
2019-07-22T12:53:50,299Z DEBUG {} [applying load #8dc8658a-2fa9-4e2b-af0a-02629f5854ac] [ViewIssueAction] Skipping View Issue action. I have no knowledge of issue keys.
2019-07-22T12:53:50,870Z DEBUG {} [applying load #8cd1a712-f4b4-46ed-befd-e8c3aca03d8a] [EditIssueAction] Cannot edit any issue, because I didn't see any editable issues
2019-07-22T12:53:51,464Z DEBUG {} [applying load #a2039b28-76c0-43d8-9fef-52556a9b7086] [ViewBoardAction] Skipping View Board. I have no knowledge of Boards.
2019-07-22T12:53:53,085Z DEBUG {} [applying load #9031a274-2d3d-42dd-9553-0f229f91b2d4] [ViewIssueAction] Skipping View Issue action. I have no knowledge of issue keys.
2019-07-22T12:53:54,339Z DEBUG {} [applying load #a5316aab-bcb8-46be-89ba-f63dcd77f469] [AdaptiveJqlMemory] Rendered a new jql query: <<project = SBEU and assignee = rahyryjga order by reporter>>
2019-07-22T12:53:54,987Z DEBUG {} [applying load #7e7e4356-92eb-4af6-9671-b22b9d03f198] [ViewBacklogAction] Skipping View Backlog. I have no knowledge of Boards.
2019-07-22T12:53:55,099Z DEBUG {} [applying load #8dc8658a-2fa9-4e2b-af0a-02629f5854ac] [ViewIssueAction] Skipping View Issue action. I have no knowledge of issue keys.
2019-07-22T12:53:55,450Z DEBUG {} [applying load #18d55f82-6733-4538-8342-6150daa90495] [AdaptiveJqlMemory] Rendered a new jql query: <<project = BYSHI and assignee = sgquoftoc order by reporter>>
2019-07-22T12:53:55,665Z DEBUG {} [applying load #8cd1a712-f4b4-46ed-befd-e8c3aca03d8a] [AdaptiveJqlMemory] Rendered a new jql query: <<project = BAEOS order by status>>
2019-07-22T12:53:57,884Z DEBUG {} [applying load #9031a274-2d3d-42dd-9553-0f229f91b2d4] [ViewBoardAction] Skipping View Board. I have no knowledge of Boards.
2019-07-22T12:53:58,928Z DEBUG {} [applying load #a2039b28-76c0-43d8-9fef-52556a9b7086] [SeededRandom] Using seed 1563800038
2019-07-22T12:53:59,740Z DEBUG {} [applying load #18d55f82-6733-4538-8342-6150daa90495] [AdaptiveJqlMemory] Rendered a new jql query: <<text ~ "saucy" order by key>>
2019-07-22T12:53:59,740Z DEBUG {} [applying load #18d55f82-6733-4538-8342-6150daa90495] [ViewBoardAction] Skipping View Board. I have no knowledge of Boards.
2019-07-22T12:53:59,787Z DEBUG {} [applying load #7e7e4356-92eb-4af6-9671-b22b9d03f198] [ViewBoardAction] Skipping View Board. I have no knowledge of Boards.
2019-07-22T12:53:59,945Z DEBUG {} [applying load #8aa37d03-2227-4989-9931-243672ea7efd] [AdaptiveJqlMemory] Rendered a new jql query: <<project = AHANUA order by status>>
2019-07-22T12:54:00,559Z DEBUG {} [applying load #1f7dcd7b-c382-4cb3-b8aa-a3b9718be0bf] [ViewBoardAction] Skipping View Board. I have no knowledge of Boards.
2019-07-22T12:54:00,559Z DEBUG {} [applying load #1f7dcd7b-c382-4cb3-b8aa-a3b9718be0bf] [ViewBoardAction] Skipping View Board. I have no knowledge of Boards.
2019-07-22T12:54:00,981Z DEBUG {} [applying load #8aa37d03-2227-4989-9931-243672ea7efd] [AdaptiveJqlMemory] Rendered a new jql query: <<assignee = ojeeojili order by project>>
2019-07-22T12:54:01,953Z DEBUG {} [applying load #1f7dcd7b-c382-4cb3-b8aa-a3b9718be0bf] [AdaptiveJqlMemory] Rendered a new jql query: <<assignee = gekavvjdx order by project>>
2019-07-22T12:54:01,954Z DEBUG {} [applying load #1f7dcd7b-c382-4cb3-b8aa-a3b9718be0bf] [ViewBacklogAction] Skipping View Backlog. I have no knowledge of Boards.
2019-07-22T12:54:02,234Z DEBUG {} [applying load #8cd1a712-f4b4-46ed-befd-e8c3aca03d8a] [SeededRandom] Using seed 1563800042
2019-07-22T12:54:02,387Z DEBUG {} [applying load #18d55f82-6733-4538-8342-6150daa90495] [ViewBoardAction] Skipping View Board. I have no knowledge of Boards.
2019-07-22T12:54:02,685Z DEBUG {} [applying load #9031a274-2d3d-42dd-9553-0f229f91b2d4] [ViewBoardAction] Skipping View Board. I have no knowledge of Boards.
2019-07-22T12:54:02,994Z DEBUG {} [applying load #1f7dcd7b-c382-4cb3-b8aa-a3b9718be0bf] [AdaptiveJqlMemory] Rendered a new jql query: <<reporter was xpyslntyv order by description>>
2019-07-22T12:54:03,517Z DEBUG {} [applying load #f02d292d-ad15-45a6-9528-9220ad08ce4f] [ViewBoardAction] Skipping View Board. I have no knowledge of Boards.
2019-07-22T12:54:04,098Z DEBUG {} [applying load #1f7dcd7b-c382-4cb3-b8aa-a3b9718be0bf] [AdaptiveJqlMemory] Rendered a new jql query: <<project = SBEU and assignee = rahyryjga order by reporter>>
2019-07-22T12:54:04,098Z DEBUG {} [applying load #1f7dcd7b-c382-4cb3-b8aa-a3b9718be0bf] [ProjectSummaryAction] Skipping Project summary action. I have no knowledge of projects.
2019-07-22T12:54:04,452Z DEBUG {} [applying load #8aa37d03-2227-4989-9931-243672ea7efd] [AdaptiveJqlMemory] Rendered a new jql query: <<reporter was scqcmniie order by description>>
2019-07-22T12:54:04,452Z DEBUG {} [applying load #8aa37d03-2227-4989-9931-243672ea7efd] [ViewBacklogAction] Skipping View Backlog. I have no knowledge of Boards.
2019-07-22T12:54:04,750Z DEBUG {} [applying load #f02d292d-ad15-45a6-9528-9220ad08ce4f] [AdaptiveJqlMemory] Rendered a new jql query: <<text ~ "blistering" order by key>>
2019-07-22T12:54:04,751Z DEBUG {} [applying load #f02d292d-ad15-45a6-9528-9220ad08ce4f] [ProjectSummaryAction] Skipping Project summary action. I have no knowledge of projects.
2019-07-22T12:54:05,103Z DEBUG {} [applying load #1f7dcd7b-c382-4cb3-b8aa-a3b9718be0bf] [AdaptiveJqlMemory] Rendered a new jql query: <<text ~ "motoring" order by key>>
2019-07-22T12:54:05,961Z DEBUG {} [applying load #8cd1a712-f4b4-46ed-befd-e8c3aca03d8a] [AdaptiveJqlMemory] Rendered a new jql query: <<assignee = xgsqbwfpe order by project>>
2019-07-22T12:54:05,961Z DEBUG {} [applying load #8cd1a712-f4b4-46ed-befd-e8c3aca03d8a] [ViewBoardAction] Skipping View Board. I have no knowledge of Boards.
2019-07-22T12:54:05,961Z DEBUG {} [applying load #8cd1a712-f4b4-46ed-befd-e8c3aca03d8a] [ViewBacklogAction] Skipping View Backlog. I have no knowledge of Boards.
2019-07-22T12:54:06,580Z DEBUG {} [applying load #a2039b28-76c0-43d8-9fef-52556a9b7086] [SeededRandom] Using seed 1563800046
2019-07-22T12:54:08,170Z DEBUG {} [applying load #8aa37d03-2227-4989-9931-243672ea7efd] [AdaptiveJqlMemory] Rendered a new jql query: <<project = CCRMI and assignee = dflsvgsgu order by reporter>>
2019-07-22T12:54:08,171Z DEBUG {} [applying load #8aa37d03-2227-4989-9931-243672ea7efd] [ViewBacklogAction] Skipping View Backlog. I have no knowledge of Boards.
2019-07-22T12:54:09,858Z DEBUG {} [applying load #18d55f82-6733-4538-8342-6150daa90495] [CreateIssueAction] Skipping Create issue action. I have no knowledge of projects.
2019-07-22T12:54:09,950Z DEBUG {} [applying load #8aa37d03-2227-4989-9931-243672ea7efd] [AdaptiveJqlMemory] Rendered a new jql query: <<text ~ "summary" order by key>>
2019-07-22T12:54:11,214Z DEBUG {} [applying load #1f7dcd7b-c382-4cb3-b8aa-a3b9718be0bf] [SeededRandom] Using seed 1563800051
2019-07-22T12:54:11,686Z DEBUG {} [applying load #8cd1a712-f4b4-46ed-befd-e8c3aca03d8a] [AdaptiveJqlMemory] Rendered a new jql query: <<reporter was mfonhrnrg order by description>>
2019-07-22T12:54:12,285Z DEBUG {} [applying load #9031a274-2d3d-42dd-9553-0f229f91b2d4] [ViewBacklogAction] Skipping View Backlog. I have no knowledge of Boards.
2019-07-22T12:54:12,910Z DEBUG {} [applying load #8cd1a712-f4b4-46ed-befd-e8c3aca03d8a] [AdaptiveJqlMemory] Rendered a new jql query: <<project = BAEOS and assignee = lpdfknyeo order by reporter>>
2019-07-22T12:54:13,782Z DEBUG {} [applying load #1f7dcd7b-c382-4cb3-b8aa-a3b9718be0bf] [CreateIssueAction] Skipping Create issue action. I have no knowledge of projects.
2019-07-22T12:54:13,782Z DEBUG {} [applying load #1f7dcd7b-c382-4cb3-b8aa-a3b9718be0bf] [CreateIssueAction] Skipping Create issue action. I have no knowledge of projects.
2019-07-22T12:54:14,617Z DEBUG {} [applying load #18d55f82-6733-4538-8342-6150daa90495] [CreateIssueAction] Skipping Create issue action. I have no knowledge of projects.
2019-07-22T12:54:15,510Z DEBUG {} [applying load #8cd1a712-f4b4-46ed-befd-e8c3aca03d8a] [AdaptiveJqlMemory] Rendered a new jql query: <<text ~ "appears" order by key>>
2019-07-22T12:54:16,832Z DEBUG {} [applying load #1f7dcd7b-c382-4cb3-b8aa-a3b9718be0bf] [ViewBoardAction] Skipping View Board. I have no knowledge of Boards.
2019-07-22T12:54:16,832Z DEBUG {} [applying load #1f7dcd7b-c382-4cb3-b8aa-a3b9718be0bf] [ViewBoardAction] Skipping View Board. I have no knowledge of Boards.
2019-07-22T12:54:17,084Z DEBUG {} [applying load #9031a274-2d3d-42dd-9553-0f229f91b2d4] [EditIssueAction] Cannot edit any issue, because I didn't see any editable issues
2019-07-22T12:54:19,354Z DEBUG {} [applying load #18d55f82-6733-4538-8342-6150daa90495] [SeededRandom] Using seed 1563800059
2019-07-22T12:54:23,440Z DEBUG {} [applying load #a2039b28-76c0-43d8-9fef-52556a9b7086] [ViewBacklogAction] Skipping View Backlog. I have no knowledge of Boards.
2019-07-22T12:54:23,664Z DEBUG {} [applying load #18d55f82-6733-4538-8342-6150daa90495] [SeededRandom] Using seed 1563800063
2019-07-22T12:54:28,362Z DEBUG {} [applying load #18d55f82-6733-4538-8342-6150daa90495] [SeededRandom] Using seed 1563800068
2019-07-22T12:54:40,635Z DEBUG {} [applying load #18d55f82-6733-4538-8342-6150daa90495] [ViewBacklogAction] Skipping View Backlog. I have no knowledge of Boards.
2019-07-22T12:54:42,387Z DEBUG {} [applying load #8aa37d03-2227-4989-9931-243672ea7efd] [ViewBoardAction] Skipping View Board. I have no knowledge of Boards.
2019-07-22T12:54:45,169Z DEBUG {} [applying load #a5316aab-bcb8-46be-89ba-f63dcd77f469] [SeededRandom] Using seed 1563800085
2019-07-22T12:54:45,556Z DEBUG {} [applying load #eef81577-7d1a-44d1-9248-a578c922bb3f] [AdaptiveJqlMemory] Rendered a new jql query: <<assignee = icubmurie order by project>>
2019-07-22T12:54:45,556Z DEBUG {} [applying load #eef81577-7d1a-44d1-9248-a578c922bb3f] [ViewBacklogAction] Skipping View Backlog. I have no knowledge of Boards.
2019-07-22T12:54:46,532Z DEBUG {} [applying load #eef81577-7d1a-44d1-9248-a578c922bb3f] [AdaptiveJqlMemory] Rendered a new jql query: <<reporter was hnavoudka order by description>>
2019-07-22T12:54:47,601Z DEBUG {} [applying load #eef81577-7d1a-44d1-9248-a578c922bb3f] [AdaptiveJqlMemory] Rendered a new jql query: <<text ~ "summary" order by key>>
2019-07-22T12:54:48,553Z DEBUG {} [applying load #8cd1a712-f4b4-46ed-befd-e8c3aca03d8a] [SeededRandom] Using seed 1563800088
2019-07-22T12:54:50,545Z DEBUG {} [applying load #8cd1a712-f4b4-46ed-befd-e8c3aca03d8a] [ViewBoardAction] Skipping View Board. I have no knowledge of Boards.
2019-07-22T12:54:51,060Z DEBUG {} [applying load #f02d292d-ad15-45a6-9528-9220ad08ce4f] [SeededRandom] Using seed 1563800091
2019-07-22T12:54:51,425Z DEBUG {} [applying load #8cd1a712-f4b4-46ed-befd-e8c3aca03d8a] [ViewBoardAction] Skipping View Board. I have no knowledge of Boards.
2019-07-22T12:54:51,986Z DEBUG {} [applying load #8aa37d03-2227-4989-9931-243672ea7efd] [ViewBoardAction] Skipping View Board. I have no knowledge of Boards.
2019-07-22T12:54:52,529Z DEBUG {} [applying load #a5316aab-bcb8-46be-89ba-f63dcd77f469] [SeededRandom] Using seed 1563800092
2019-07-22T12:55:00,295Z DEBUG {} [applying load #7e7e4356-92eb-4af6-9671-b22b9d03f198] [EditIssueAction] Cannot edit any issue, because I didn't see any editable issues
2019-07-22T12:55:01,806Z DEBUG {} [applying load #7e7e4356-92eb-4af6-9671-b22b9d03f198] [AdaptiveJqlMemory] Rendered a new jql query: <<project = CGILSA order by status>>
2019-07-22T12:55:01,807Z DEBUG {} [applying load #7e7e4356-92eb-4af6-9671-b22b9d03f198] [ViewBacklogAction] Skipping View Backlog. I have no knowledge of Boards.
2019-07-22T12:55:05,719Z DEBUG {} [applying load #7e7e4356-92eb-4af6-9671-b22b9d03f198] [AdaptiveJqlMemory] Rendered a new jql query: <<assignee = acvdjznlx order by project>>
2019-07-22T12:55:06,643Z DEBUG {} [applying load #7e7e4356-92eb-4af6-9671-b22b9d03f198] [AdaptiveJqlMemory] Rendered a new jql query: <<reporter was sainzjbgm order by description>>
2019-07-22T12:55:07,202Z DEBUG {} [applying load #a5316aab-bcb8-46be-89ba-f63dcd77f469] [SeededRandom] Using seed 1563800107
2019-07-22T12:55:07,628Z DEBUG {} [applying load #7e7e4356-92eb-4af6-9671-b22b9d03f198] [AdaptiveJqlMemory] Rendered a new jql query: <<text ~ "summary" order by key>>
2019-07-22T12:55:08,039Z DEBUG {} [applying load #8aa37d03-2227-4989-9931-243672ea7efd] [SeededRandom] Using seed 1563800108
2019-07-22T12:55:10,067Z DEBUG {} [applying load #a2039b28-76c0-43d8-9fef-52556a9b7086] [SeededRandom] Using seed 1563800110
2019-07-22T12:55:10,258Z DEBUG {} [applying load #59b5c97f-cca3-4de6-a969-6fabe52b2a98] [AdaptiveJqlMemory] Rendered a new jql query: <<project = CRICSA order by status>>
2019-07-22T12:55:10,895Z DEBUG {} [applying load #9031a274-2d3d-42dd-9553-0f229f91b2d4] [ViewBoardAction] Skipping View Board. I have no knowledge of Boards.
2019-07-22T12:55:10,895Z DEBUG {} [applying load #9031a274-2d3d-42dd-9553-0f229f91b2d4] [ViewBacklogAction] Skipping View Backlog. I have no knowledge of Boards.
2019-07-22T12:55:10,895Z DEBUG {} [applying load #9031a274-2d3d-42dd-9553-0f229f91b2d4] [ViewBoardAction] Skipping View Board. I have no knowledge of Boards.
2019-07-22T12:55:11,341Z DEBUG {} [applying load #59b5c97f-cca3-4de6-a969-6fabe52b2a98] [AdaptiveJqlMemory] Rendered a new jql query: <<assignee = jscuspibd order by project>>
2019-07-22T12:55:12,251Z DEBUG {} [applying load #59b5c97f-cca3-4de6-a969-6fabe52b2a98] [AdaptiveJqlMemory] Rendered a new jql query: <<reporter was fpwgpdqqb order by description>>
2019-07-22T12:55:12,282Z DEBUG {} [applying load #9031a274-2d3d-42dd-9553-0f229f91b2d4] [AdaptiveJqlMemory] Rendered a new jql query: <<project = CGILSA order by status>>
2019-07-22T12:55:12,282Z DEBUG {} [applying load #9031a274-2d3d-42dd-9553-0f229f91b2d4] [ViewBacklogAction] Skipping View Backlog. I have no knowledge of Boards.
2019-07-22T12:55:13,353Z DEBUG {} [applying load #9031a274-2d3d-42dd-9553-0f229f91b2d4] [AdaptiveJqlMemory] Rendered a new jql query: <<assignee = dmxecdpot order by project>>
2019-07-22T12:55:14,173Z DEBUG {} [applying load #7e7e4356-92eb-4af6-9671-b22b9d03f198] [SeededRandom] Using seed 1563800114
2019-07-22T12:55:16,560Z DEBUG {} [applying load #9031a274-2d3d-42dd-9553-0f229f91b2d4] [SeededRandom] Using seed 1563800116
2019-07-22T12:55:16,885Z DEBUG {} [applying load #59b5c97f-cca3-4de6-a969-6fabe52b2a98] [AdaptiveJqlMemory] Rendered a new jql query: <<project = CGAIEA and assignee = dmxecdpot order by reporter>>
2019-07-22T12:55:17,833Z DEBUG {} [applying load #a5316aab-bcb8-46be-89ba-f63dcd77f469] [SeededRandom] Using seed 1563800117
2019-07-22T12:55:17,894Z DEBUG {} [applying load #59b5c97f-cca3-4de6-a969-6fabe52b2a98] [AdaptiveJqlMemory] Rendered a new jql query: <<text ~ "Rotterdam" order by key>>
2019-07-22T12:55:17,894Z DEBUG {} [applying load #59b5c97f-cca3-4de6-a969-6fabe52b2a98] [ViewBoardAction] Skipping View Board. I have no knowledge of Boards.
2019-07-22T12:55:18,484Z DEBUG {} [applying load #7e7e4356-92eb-4af6-9671-b22b9d03f198] [AdaptiveJqlMemory] Rendered a new jql query: <<project = AHANUA and assignee = urytiuqlu order by reporter>>
2019-07-22T12:55:18,752Z DEBUG {} [applying load #1f7dcd7b-c382-4cb3-b8aa-a3b9718be0bf] [ViewBoardAction] Skipping View Board. I have no knowledge of Boards.
2019-07-22T12:55:18,827Z DEBUG {} [applying load #59b5c97f-cca3-4de6-a969-6fabe52b2a98] [ViewBacklogAction] Skipping View Backlog. I have no knowledge of Boards.
2019-07-22T12:55:20,225Z DEBUG {} [applying load #8cd1a712-f4b4-46ed-befd-e8c3aca03d8a] [ViewBacklogAction] Skipping View Backlog. I have no knowledge of Boards.
2019-07-22T12:55:22,028Z DEBUG {} [applying load #1f7dcd7b-c382-4cb3-b8aa-a3b9718be0bf] [SeededRandom] Using seed 1563800122
2019-07-22T12:55:23,233Z DEBUG {} [applying load #9031a274-2d3d-42dd-9553-0f229f91b2d4] [AdaptiveJqlMemory] Rendered a new jql query: <<reporter was zlphtdnpw order by description>>
2019-07-22T12:55:23,943Z DEBUG {} [applying load #59b5c97f-cca3-4de6-a969-6fabe52b2a98] [ProjectSummaryAction] Skipping Project summary action. I have no knowledge of projects.
2019-07-22T12:55:25,025Z DEBUG {} [applying load #8cd1a712-f4b4-46ed-befd-e8c3aca03d8a] [ViewBoardAction] Skipping View Board. I have no knowledge of Boards.
2019-07-22T12:55:25,413Z DEBUG {} [applying load #a5316aab-bcb8-46be-89ba-f63dcd77f469] [ViewBacklogAction] Skipping View Backlog. I have no knowledge of Boards.
2019-07-22T12:55:25,810Z DEBUG {} [applying load #59b5c97f-cca3-4de6-a969-6fabe52b2a98] [ViewBoardAction] Skipping View Board. I have no knowledge of Boards.
2019-07-22T12:55:28,020Z ERROR {} [applying load #8dc8658a-2fa9-4e2b-af0a-02629f5854ac] [WebDriverDiagnostics] URL: http://jpt-0e8cf-loadbala-13pu7nwaohba-1805958026.eu-west-1.elb.amazonaws.com/issues/?jql=text+%7E+%22a*%22+order+by+summary, HTML dumped at diagnoses/5bdf7bf4-3fb7-4622-b77c-52f604eb3ed3/dump.html, screenshot saved to diagnoses/5bdf7bf4-3fb7-4622-b77c-52f604eb3ed3/screenshot.png
java.lang.Exception: Action 'Search with JQL' ERROR
	at com.atlassian.performance.tools.jiraactions.api.measure.ActionMeter.record(ActionMeter.kt:132) ~[virtual-users.jar:?]
	at com.atlassian.performance.tools.jiraactions.api.measure.ActionMeter.measure(ActionMeter.kt:79) ~[virtual-users.jar:?]
	at com.atlassian.performance.tools.jiraactions.api.action.SearchJqlAction.run(SearchJqlAction.kt:21) ~[virtual-users.jar:?]
	at com.atlassian.performance.tools.virtualusers.ExploratoryVirtualUser.runWithDiagnostics(ExploratoryVirtualUser.kt:79) [virtual-users.jar:?]
	at com.atlassian.performance.tools.virtualusers.ExploratoryVirtualUser.applyLoad(ExploratoryVirtualUser.kt:56) [virtual-users.jar:?]
	at com.atlassian.performance.tools.virtualusers.LoadTest.applyLoad(LoadTest.kt:164) [virtual-users.jar:?]
	at com.atlassian.performance.tools.virtualusers.LoadTest.access$applyLoad(LoadTest.kt:36) [virtual-users.jar:?]
	at com.atlassian.performance.tools.virtualusers.LoadTest$applyLoad$$inlined$forEach$lambda$1.run(LoadTest.kt:111) [virtual-users.jar:?]
	at java.util.concurrent.Executors$RunnableAdapter.call(Executors.java:511) [?:1.8.0_212]
	at java.util.concurrent.FutureTask.run(FutureTask.java:266) [?:1.8.0_212]
	at java.util.concurrent.ThreadPoolExecutor.runWorker(ThreadPoolExecutor.java:1149) [?:1.8.0_212]
	at java.util.concurrent.ThreadPoolExecutor$Worker.run(ThreadPoolExecutor.java:624) [?:1.8.0_212]
	at java.lang.Thread.run(Thread.java:748) [?:1.8.0_212]
Caused by: org.openqa.selenium.TimeoutException: Expected condition failed: waiting for at least one condition to be valid: all conditions to be valid: at least one condition to be valid: presence of element located by: By.cssSelector: ol.issue-list || presence of element located by: By.id: issuetable || presence of element located by: By.id: issue-content && presence of element located by: By.id: key-val && presence of element located by: By.className: issue-body-content || presence of element located by: By.className: no-results-hint || at least one condition to be valid: presence of element located by: By.cssSelector: section div.aui-message.error || presence of element located by: By.id: errorPageContainer || presence of element located by: By.cssSelector: div.form-body div.error (tried for 30 second(s) with 50 milliseconds interval)
	at org.openqa.selenium.support.ui.WebDriverWait.timeoutException(WebDriverWait.java:81) ~[virtual-users.jar:?]
	at org.openqa.selenium.support.ui.FluentWait.until(FluentWait.java:271) ~[virtual-users.jar:?]
	at com.atlassian.performance.tools.jiraactions.api.page.WebDriverUtils.wait(WebDriverExtension.kt:25) ~[virtual-users.jar:?]
	at com.atlassian.performance.tools.jiraactions.api.page.WebDriverUtils.wait$default(WebDriverExtension.kt:19) ~[virtual-users.jar:?]
	at com.atlassian.performance.tools.jiraactions.api.page.IssueNavigatorPage.waitForIssueNavigator(IssueNavigatorPage.kt:19) ~[virtual-users.jar:?]
	at com.atlassian.performance.tools.jiraactions.api.action.SearchJqlAction$run$issueNavigatorPage$1.invoke(SearchJqlAction.kt:23) ~[virtual-users.jar:?]
	at com.atlassian.performance.tools.jiraactions.api.action.SearchJqlAction$run$issueNavigatorPage$1.invoke(SearchJqlAction.kt:12) ~[virtual-users.jar:?]
	at com.atlassian.performance.tools.jiraactions.api.measure.ActionMeter$measure$2.invoke(ActionMeter.kt:80) ~[virtual-users.jar:?]
	at com.atlassian.performance.tools.jiraactions.api.measure.ActionMeter$measure$2.invoke(ActionMeter.kt:25) ~[virtual-users.jar:?]
	at com.atlassian.performance.tools.jiraactions.api.measure.ActionMeter.record(ActionMeter.kt:102) ~[virtual-users.jar:?]
	... 12 more
Caused by: org.openqa.selenium.NoSuchElementException: Cannot locate an element using By.cssSelector: div.form-body div.error
For documentation on this error, please visit: http://seleniumhq.org/exceptions/no_such_element.html
Build info: version: 'unknown', revision: 'unknown', time: 'unknown'
System info: host: 'ip-10-0-0-233', ip: '10.0.0.233', os.name: 'Linux', os.arch: 'amd64', os.version: '4.4.0-1067-aws', java.version: '1.8.0_212'
Driver info: driver.version: unknown
	at org.openqa.selenium.support.ui.ExpectedConditions.lambda$findElement$0(ExpectedConditions.java:896) ~[virtual-users.jar:?]
	at java.util.Optional.orElseThrow(Optional.java:290) ~[?:1.8.0_212]
	at org.openqa.selenium.support.ui.ExpectedConditions.findElement(ExpectedConditions.java:895) ~[virtual-users.jar:?]
	at org.openqa.selenium.support.ui.ExpectedConditions.access$000(ExpectedConditions.java:44) ~[virtual-users.jar:?]
	at org.openqa.selenium.support.ui.ExpectedConditions$6.apply(ExpectedConditions.java:183) ~[virtual-users.jar:?]
	at org.openqa.selenium.support.ui.ExpectedConditions$6.apply(ExpectedConditions.java:180) ~[virtual-users.jar:?]
	at org.openqa.selenium.support.ui.ExpectedConditions$47.apply(ExpectedConditions.java:1427) ~[virtual-users.jar:?]
	at org.openqa.selenium.support.ui.ExpectedConditions$47.apply(ExpectedConditions.java:1421) ~[virtual-users.jar:?]
	at org.openqa.selenium.support.ui.ExpectedConditions$47.apply(ExpectedConditions.java:1427) ~[virtual-users.jar:?]
	at org.openqa.selenium.support.ui.ExpectedConditions$47.apply(ExpectedConditions.java:1421) ~[virtual-users.jar:?]
	at org.openqa.selenium.support.ui.FluentWait.until(FluentWait.java:248) ~[virtual-users.jar:?]
	at com.atlassian.performance.tools.jiraactions.api.page.WebDriverUtils.wait(WebDriverExtension.kt:25) ~[virtual-users.jar:?]
	at com.atlassian.performance.tools.jiraactions.api.page.WebDriverUtils.wait$default(WebDriverExtension.kt:19) ~[virtual-users.jar:?]
	at com.atlassian.performance.tools.jiraactions.api.page.IssueNavigatorPage.waitForIssueNavigator(IssueNavigatorPage.kt:19) ~[virtual-users.jar:?]
	at com.atlassian.performance.tools.jiraactions.api.action.SearchJqlAction$run$issueNavigatorPage$1.invoke(SearchJqlAction.kt:23) ~[virtual-users.jar:?]
	at com.atlassian.performance.tools.jiraactions.api.action.SearchJqlAction$run$issueNavigatorPage$1.invoke(SearchJqlAction.kt:12) ~[virtual-users.jar:?]
	at com.atlassian.performance.tools.jiraactions.api.measure.ActionMeter$measure$2.invoke(ActionMeter.kt:80) ~[virtual-users.jar:?]
	at com.atlassian.performance.tools.jiraactions.api.measure.ActionMeter$measure$2.invoke(ActionMeter.kt:25) ~[virtual-users.jar:?]
	at com.atlassian.performance.tools.jiraactions.api.measure.ActionMeter.record(ActionMeter.kt:102) ~[virtual-users.jar:?]
	... 12 more
2019-07-22T12:55:28,035Z ERROR {} [applying load #8dc8658a-2fa9-4e2b-af0a-02629f5854ac] [ExploratoryVirtualUser] Failed to run com.atlassian.performance.tools.jiraactions.api.action.SearchJqlAction@256c7acb, but we keep running
java.lang.Exception: Failed to run com.atlassian.performance.tools.jiraactions.api.action.SearchJqlAction@256c7acb
	at com.atlassian.performance.tools.virtualusers.ExploratoryVirtualUser.runWithDiagnostics(ExploratoryVirtualUser.kt:82) ~[virtual-users.jar:?]
	at com.atlassian.performance.tools.virtualusers.ExploratoryVirtualUser.applyLoad(ExploratoryVirtualUser.kt:56) [virtual-users.jar:?]
	at com.atlassian.performance.tools.virtualusers.LoadTest.applyLoad(LoadTest.kt:164) [virtual-users.jar:?]
	at com.atlassian.performance.tools.virtualusers.LoadTest.access$applyLoad(LoadTest.kt:36) [virtual-users.jar:?]
	at com.atlassian.performance.tools.virtualusers.LoadTest$applyLoad$$inlined$forEach$lambda$1.run(LoadTest.kt:111) [virtual-users.jar:?]
	at java.util.concurrent.Executors$RunnableAdapter.call(Executors.java:511) [?:1.8.0_212]
	at java.util.concurrent.FutureTask.run(FutureTask.java:266) [?:1.8.0_212]
	at java.util.concurrent.ThreadPoolExecutor.runWorker(ThreadPoolExecutor.java:1149) [?:1.8.0_212]
	at java.util.concurrent.ThreadPoolExecutor$Worker.run(ThreadPoolExecutor.java:624) [?:1.8.0_212]
	at java.lang.Thread.run(Thread.java:748) [?:1.8.0_212]
Caused by: java.lang.Exception: Action 'Search with JQL' ERROR
	at com.atlassian.performance.tools.jiraactions.api.measure.ActionMeter.record(ActionMeter.kt:132) ~[virtual-users.jar:?]
	at com.atlassian.performance.tools.jiraactions.api.measure.ActionMeter.measure(ActionMeter.kt:79) ~[virtual-users.jar:?]
	at com.atlassian.performance.tools.jiraactions.api.action.SearchJqlAction.run(SearchJqlAction.kt:21) ~[virtual-users.jar:?]
	at com.atlassian.performance.tools.virtualusers.ExploratoryVirtualUser.runWithDiagnostics(ExploratoryVirtualUser.kt:79) ~[virtual-users.jar:?]
	... 9 more
Caused by: org.openqa.selenium.TimeoutException: Expected condition failed: waiting for at least one condition to be valid: all conditions to be valid: at least one condition to be valid: presence of element located by: By.cssSelector: ol.issue-list || presence of element located by: By.id: issuetable || presence of element located by: By.id: issue-content && presence of element located by: By.id: key-val && presence of element located by: By.className: issue-body-content || presence of element located by: By.className: no-results-hint || at least one condition to be valid: presence of element located by: By.cssSelector: section div.aui-message.error || presence of element located by: By.id: errorPageContainer || presence of element located by: By.cssSelector: div.form-body div.error (tried for 30 second(s) with 50 milliseconds interval)
	at org.openqa.selenium.support.ui.WebDriverWait.timeoutException(WebDriverWait.java:81) ~[virtual-users.jar:?]
	at org.openqa.selenium.support.ui.FluentWait.until(FluentWait.java:271) ~[virtual-users.jar:?]
	at com.atlassian.performance.tools.jiraactions.api.page.WebDriverUtils.wait(WebDriverExtension.kt:25) ~[virtual-users.jar:?]
	at com.atlassian.performance.tools.jiraactions.api.page.WebDriverUtils.wait$default(WebDriverExtension.kt:19) ~[virtual-users.jar:?]
	at com.atlassian.performance.tools.jiraactions.api.page.IssueNavigatorPage.waitForIssueNavigator(IssueNavigatorPage.kt:19) ~[virtual-users.jar:?]
	at com.atlassian.performance.tools.jiraactions.api.action.SearchJqlAction$run$issueNavigatorPage$1.invoke(SearchJqlAction.kt:23) ~[virtual-users.jar:?]
	at com.atlassian.performance.tools.jiraactions.api.action.SearchJqlAction$run$issueNavigatorPage$1.invoke(SearchJqlAction.kt:12) ~[virtual-users.jar:?]
	at com.atlassian.performance.tools.jiraactions.api.measure.ActionMeter$measure$2.invoke(ActionMeter.kt:80) ~[virtual-users.jar:?]
	at com.atlassian.performance.tools.jiraactions.api.measure.ActionMeter$measure$2.invoke(ActionMeter.kt:25) ~[virtual-users.jar:?]
	at com.atlassian.performance.tools.jiraactions.api.measure.ActionMeter.record(ActionMeter.kt:102) ~[virtual-users.jar:?]
	at com.atlassian.performance.tools.jiraactions.api.measure.ActionMeter.measure(ActionMeter.kt:79) ~[virtual-users.jar:?]
	at com.atlassian.performance.tools.jiraactions.api.action.SearchJqlAction.run(SearchJqlAction.kt:21) ~[virtual-users.jar:?]
	at com.atlassian.performance.tools.virtualusers.ExploratoryVirtualUser.runWithDiagnostics(ExploratoryVirtualUser.kt:79) ~[virtual-users.jar:?]
	... 9 more
Caused by: org.openqa.selenium.NoSuchElementException: Cannot locate an element using By.cssSelector: div.form-body div.error
For documentation on this error, please visit: http://seleniumhq.org/exceptions/no_such_element.html
Build info: version: 'unknown', revision: 'unknown', time: 'unknown'
System info: host: 'ip-10-0-0-233', ip: '10.0.0.233', os.name: 'Linux', os.arch: 'amd64', os.version: '4.4.0-1067-aws', java.version: '1.8.0_212'
Driver info: driver.version: unknown
	at org.openqa.selenium.support.ui.ExpectedConditions.lambda$findElement$0(ExpectedConditions.java:896) ~[virtual-users.jar:?]
	at java.util.Optional.orElseThrow(Optional.java:290) ~[?:1.8.0_212]
	at org.openqa.selenium.support.ui.ExpectedConditions.findElement(ExpectedConditions.java:895) ~[virtual-users.jar:?]
	at org.openqa.selenium.support.ui.ExpectedConditions.access$000(ExpectedConditions.java:44) ~[virtual-users.jar:?]
	at org.openqa.selenium.support.ui.ExpectedConditions$6.apply(ExpectedConditions.java:183) ~[virtual-users.jar:?]
	at org.openqa.selenium.support.ui.ExpectedConditions$6.apply(ExpectedConditions.java:180) ~[virtual-users.jar:?]
	at org.openqa.selenium.support.ui.ExpectedConditions$47.apply(ExpectedConditions.java:1427) ~[virtual-users.jar:?]
	at org.openqa.selenium.support.ui.ExpectedConditions$47.apply(ExpectedConditions.java:1421) ~[virtual-users.jar:?]
	at org.openqa.selenium.support.ui.ExpectedConditions$47.apply(ExpectedConditions.java:1427) ~[virtual-users.jar:?]
	at org.openqa.selenium.support.ui.ExpectedConditions$47.apply(ExpectedConditions.java:1421) ~[virtual-users.jar:?]
	at org.openqa.selenium.support.ui.FluentWait.until(FluentWait.java:248) ~[virtual-users.jar:?]
	at com.atlassian.performance.tools.jiraactions.api.page.WebDriverUtils.wait(WebDriverExtension.kt:25) ~[virtual-users.jar:?]
	at com.atlassian.performance.tools.jiraactions.api.page.WebDriverUtils.wait$default(WebDriverExtension.kt:19) ~[virtual-users.jar:?]
	at com.atlassian.performance.tools.jiraactions.api.page.IssueNavigatorPage.waitForIssueNavigator(IssueNavigatorPage.kt:19) ~[virtual-users.jar:?]
	at com.atlassian.performance.tools.jiraactions.api.action.SearchJqlAction$run$issueNavigatorPage$1.invoke(SearchJqlAction.kt:23) ~[virtual-users.jar:?]
	at com.atlassian.performance.tools.jiraactions.api.action.SearchJqlAction$run$issueNavigatorPage$1.invoke(SearchJqlAction.kt:12) ~[virtual-users.jar:?]
	at com.atlassian.performance.tools.jiraactions.api.measure.ActionMeter$measure$2.invoke(ActionMeter.kt:80) ~[virtual-users.jar:?]
	at com.atlassian.performance.tools.jiraactions.api.measure.ActionMeter$measure$2.invoke(ActionMeter.kt:25) ~[virtual-users.jar:?]
	at com.atlassian.performance.tools.jiraactions.api.measure.ActionMeter.record(ActionMeter.kt:102) ~[virtual-users.jar:?]
	at com.atlassian.performance.tools.jiraactions.api.measure.ActionMeter.measure(ActionMeter.kt:79) ~[virtual-users.jar:?]
	at com.atlassian.performance.tools.jiraactions.api.action.SearchJqlAction.run(SearchJqlAction.kt:21) ~[virtual-users.jar:?]
	at com.atlassian.performance.tools.virtualusers.ExploratoryVirtualUser.runWithDiagnostics(ExploratoryVirtualUser.kt:79) ~[virtual-users.jar:?]
	... 9 more
2019-07-22T12:55:28,037Z DEBUG {} [applying load #8dc8658a-2fa9-4e2b-af0a-02629f5854ac] [ViewIssueAction] Skipping View Issue action. I have no knowledge of issue keys.
2019-07-22T12:55:28,037Z DEBUG {} [applying load #8dc8658a-2fa9-4e2b-af0a-02629f5854ac] [ViewIssueAction] Skipping View Issue action. I have no knowledge of issue keys.
2019-07-22T12:55:28,037Z DEBUG {} [applying load #8dc8658a-2fa9-4e2b-af0a-02629f5854ac] [ViewIssueAction] Skipping View Issue action. I have no knowledge of issue keys.
2019-07-22T12:55:28,037Z DEBUG {} [applying load #8dc8658a-2fa9-4e2b-af0a-02629f5854ac] [ViewBacklogAction] Skipping View Backlog. I have no knowledge of Boards.
2019-07-22T12:55:28,037Z DEBUG {} [applying load #8dc8658a-2fa9-4e2b-af0a-02629f5854ac] [ViewIssueAction] Skipping View Issue action. I have no knowledge of issue keys.
2019-07-22T12:55:28,037Z DEBUG {} [applying load #8dc8658a-2fa9-4e2b-af0a-02629f5854ac] [ViewIssueAction] Skipping View Issue action. I have no knowledge of issue keys.
2019-07-22T12:55:28,652Z DEBUG {} [applying load #59b5c97f-cca3-4de6-a969-6fabe52b2a98] [ViewBacklogAction] Skipping View Backlog. I have no knowledge of Boards.
2019-07-22T12:55:30,609Z DEBUG {} [applying load #9031a274-2d3d-42dd-9553-0f229f91b2d4] [AdaptiveJqlMemory] Rendered a new jql query: <<project = BJOBSA and assignee = olulfceea order by reporter>>
2019-07-22T12:55:32,587Z DEBUG {} [applying load #8dc8658a-2fa9-4e2b-af0a-02629f5854ac] [AdaptiveJqlMemory] Rendered a new jql query: <<project = AALBSA order by status>>
2019-07-22T12:55:35,650Z DEBUG {} [applying load #59b5c97f-cca3-4de6-a969-6fabe52b2a98] [SeededRandom] Using seed 1563800135
2019-07-22T12:55:39,813Z DEBUG {} [applying load #a5316aab-bcb8-46be-89ba-f63dcd77f469] [ViewBoardAction] Skipping View Board. I have no knowledge of Boards.
2019-07-22T12:55:40,115Z DEBUG {} [applying load #9031a274-2d3d-42dd-9553-0f229f91b2d4] [AdaptiveJqlMemory] Rendered a new jql query: <<text ~ "bandies" order by key>>
2019-07-22T12:55:40,647Z DEBUG {} [applying load #8dc8658a-2fa9-4e2b-af0a-02629f5854ac] [CreateIssueAction] Skipping Create issue action. I have no knowledge of projects.
2019-07-22T12:55:42,126Z DEBUG {} [applying load #8dc8658a-2fa9-4e2b-af0a-02629f5854ac] [AdaptiveJqlMemory] Rendered a new jql query: <<assignee = zuayttuub order by project>>
2019-07-22T12:55:42,379Z DEBUG {} [applying load #f02d292d-ad15-45a6-9528-9220ad08ce4f] [ViewBacklogAction] Skipping View Backlog. I have no knowledge of Boards.
2019-07-22T12:55:42,732Z DEBUG {} [applying load #a2039b28-76c0-43d8-9fef-52556a9b7086] [ViewBacklogAction] Skipping View Backlog. I have no knowledge of Boards.
2019-07-22T12:55:43,350Z DEBUG {} [applying load #8dc8658a-2fa9-4e2b-af0a-02629f5854ac] [AdaptiveJqlMemory] Rendered a new jql query: <<reporter was jpt-8aec2f6c-44d9-44af-966f-575a748f3cd2 order by description>>
2019-07-22T12:55:44,399Z DEBUG {} [applying load #eef81577-7d1a-44d1-9248-a578c922bb3f] [AdaptiveJqlMemory] Rendered a new jql query: <<project = ACUTIA and assignee = njcbhfjov order by reporter>>
2019-07-22T12:55:44,589Z DEBUG {} [applying load #8dc8658a-2fa9-4e2b-af0a-02629f5854ac] [AdaptiveJqlMemory] Rendered a new jql query: <<text ~ "summary" order by key>>
2019-07-22T12:55:44,613Z DEBUG {} [applying load #a5316aab-bcb8-46be-89ba-f63dcd77f469] [ViewBoardAction] Skipping View Board. I have no knowledge of Boards.
2019-07-22T12:55:45,476Z DEBUG {} [applying load #eef81577-7d1a-44d1-9248-a578c922bb3f] [ViewBoardAction] Skipping View Board. I have no knowledge of Boards.
2019-07-22T12:55:45,819Z DEBUG {} [applying load #f02d292d-ad15-45a6-9528-9220ad08ce4f] [SeededRandom] Using seed 1563800145
2019-07-22T12:55:46,998Z DEBUG {} [applying load #8dc8658a-2fa9-4e2b-af0a-02629f5854ac] [SeededRandom] Using seed 1563800146
2019-07-22T12:55:47,542Z DEBUG {} [applying load #eef81577-7d1a-44d1-9248-a578c922bb3f] [ViewBacklogAction] Skipping View Backlog. I have no knowledge of Boards.
2019-07-22T12:55:48,086Z DEBUG {} [applying load #f02d292d-ad15-45a6-9528-9220ad08ce4f] [ViewBoardAction] Skipping View Board. I have no knowledge of Boards.
2019-07-22T12:55:50,400Z DEBUG {} [applying load #f02d292d-ad15-45a6-9528-9220ad08ce4f] [ViewBoardAction] Skipping View Board. I have no knowledge of Boards.
2019-07-22T12:55:52,720Z DEBUG {} [applying load #7e7e4356-92eb-4af6-9671-b22b9d03f198] [SeededRandom] Using seed 1563800152
2019-07-22T12:55:54,598Z DEBUG {} [applying load #eef81577-7d1a-44d1-9248-a578c922bb3f] [ViewBoardAction] Skipping View Board. I have no knowledge of Boards.
2019-07-22T12:55:57,133Z DEBUG {} [applying load #a2039b28-76c0-43d8-9fef-52556a9b7086] [ViewBoardAction] Skipping View Board. I have no knowledge of Boards.
2019-07-22T12:55:59,013Z DEBUG {} [applying load #a5316aab-bcb8-46be-89ba-f63dcd77f469] [ViewBoardAction] Skipping View Board. I have no knowledge of Boards.
2019-07-22T12:55:59,611Z DEBUG {} [applying load #18d55f82-6733-4538-8342-6150daa90495] [CreateIssueAction] Skipping Create issue action. I have no knowledge of projects.
2019-07-22T12:55:59,641Z DEBUG {} [applying load #eef81577-7d1a-44d1-9248-a578c922bb3f] [SeededRandom] Using seed 1563800159
2019-07-22T12:56:00,675Z DEBUG {} [applying load #18d55f82-6733-4538-8342-6150daa90495] [ViewBacklogAction] Skipping View Backlog. I have no knowledge of Boards.
2019-07-22T12:56:01,717Z DEBUG {} [applying load #7e7e4356-92eb-4af6-9671-b22b9d03f198] [SeededRandom] Using seed 1563800161
2019-07-22T12:56:06,352Z DEBUG {} [applying load #18d55f82-6733-4538-8342-6150daa90495] [ViewBacklogAction] Skipping View Backlog. I have no knowledge of Boards.
2019-07-22T12:56:09,310Z DEBUG {} [applying load #eef81577-7d1a-44d1-9248-a578c922bb3f] [SeededRandom] Using seed 1563800169
2019-07-22T12:56:10,872Z DEBUG {} [applying load #a5316aab-bcb8-46be-89ba-f63dcd77f469] [SeededRandom] Using seed 1563800170
2019-07-22T12:56:14,967Z DEBUG {} [applying load #18d55f82-6733-4538-8342-6150daa90495] [ViewBoardAction] Skipping View Board. I have no knowledge of Boards.
2019-07-22T12:56:16,551Z DEBUG {} [applying load #f02d292d-ad15-45a6-9528-9220ad08ce4f] [SeededRandom] Using seed 1563800176
2019-07-22T12:56:25,293Z DEBUG {} [applying load #1f7dcd7b-c382-4cb3-b8aa-a3b9718be0bf] [ViewBacklogAction] Skipping View Backlog. I have no knowledge of Boards.
2019-07-22T12:56:26,380Z DEBUG {} [applying load #1f7dcd7b-c382-4cb3-b8aa-a3b9718be0bf] [ViewBoardAction] Skipping View Board. I have no knowledge of Boards.
2019-07-22T12:56:27,813Z DEBUG {} [applying load #a5316aab-bcb8-46be-89ba-f63dcd77f469] [ViewBacklogAction] Skipping View Backlog. I have no knowledge of Boards.
2019-07-22T12:56:36,194Z DEBUG {} [applying load #1f7dcd7b-c382-4cb3-b8aa-a3b9718be0bf] [SeededRandom] Using seed 1563800196
2019-07-22T12:56:40,480Z DEBUG {} [applying load #7e7e4356-92eb-4af6-9671-b22b9d03f198] [SeededRandom] Using seed 1563800200
2019-07-22T12:56:41,416Z DEBUG {} [applying load #8dc8658a-2fa9-4e2b-af0a-02629f5854ac] [ViewBoardAction] Skipping View Board. I have no knowledge of Boards.
2019-07-22T12:56:41,416Z DEBUG {} [applying load #8dc8658a-2fa9-4e2b-af0a-02629f5854ac] [CreateIssueAction] Skipping Create issue action. I have no knowledge of projects.
2019-07-22T12:56:41,947Z DEBUG {} [applying load #8dc8658a-2fa9-4e2b-af0a-02629f5854ac] [ViewBacklogAction] Skipping View Backlog. I have no knowledge of Boards.
2019-07-22T12:56:43,209Z DEBUG {} [applying load #8dc8658a-2fa9-4e2b-af0a-02629f5854ac] [AdaptiveJqlMemory] Rendered a new jql query: <<project = AAARM and assignee = ibyiiqkjl order by reporter>>
2019-07-22T12:56:47,866Z DEBUG {} [applying load #8dc8658a-2fa9-4e2b-af0a-02629f5854ac] [ViewBoardAction] Skipping View Board. I have no knowledge of Boards.
2019-07-22T12:56:48,273Z DEBUG {} [applying load #eef81577-7d1a-44d1-9248-a578c922bb3f] [SeededRandom] Using seed 1563800208
2019-07-22T12:56:52,371Z DEBUG {} [applying load #eef81577-7d1a-44d1-9248-a578c922bb3f] [SeededRandom] Using seed 1563800212
2019-07-22T12:56:57,114Z DEBUG {} [applying load #18d55f82-6733-4538-8342-6150daa90495] [SeededRandom] Using seed 1563800217
2019-07-22T12:56:58,455Z DEBUG {} [applying load #1f7dcd7b-c382-4cb3-b8aa-a3b9718be0bf] [SeededRandom] Using seed 1563800218
2019-07-22T12:56:59,865Z DEBUG {} [applying load #f02d292d-ad15-45a6-9528-9220ad08ce4f] [SeededRandom] Using seed 1563800219
2019-07-22T12:57:08,653Z DEBUG {} [applying load #eef81577-7d1a-44d1-9248-a578c922bb3f] [SeededRandom] Using seed 1563800228
2019-07-22T12:57:13,881Z DEBUG {} [applying load #a2039b28-76c0-43d8-9fef-52556a9b7086] [ViewBoardAction] Skipping View Board. I have no knowledge of Boards.
2019-07-22T12:57:13,881Z DEBUG {} [applying load #a2039b28-76c0-43d8-9fef-52556a9b7086] [ViewBacklogAction] Skipping View Backlog. I have no knowledge of Boards.
2019-07-22T12:57:16,677Z DEBUG {} [applying load #1f7dcd7b-c382-4cb3-b8aa-a3b9718be0bf] [ViewBacklogAction] Skipping View Backlog. I have no knowledge of Boards.
2019-07-22T12:57:19,819Z DEBUG {} [applying load #eef81577-7d1a-44d1-9248-a578c922bb3f] [SeededRandom] Using seed 1563800239
2019-07-22T12:57:21,839Z DEBUG {} [applying load #59b5c97f-cca3-4de6-a969-6fabe52b2a98] [SeededRandom] Using seed 1563800241
2019-07-22T12:57:22,507Z DEBUG {} [applying load #a2039b28-76c0-43d8-9fef-52556a9b7086] [ViewBacklogAction] Skipping View Backlog. I have no knowledge of Boards.
2019-07-22T12:57:24,354Z DEBUG {} [applying load #8cd1a712-f4b4-46ed-befd-e8c3aca03d8a] [ViewBoardAction] Skipping View Board. I have no knowledge of Boards.
2019-07-22T12:57:24,354Z DEBUG {} [applying load #8cd1a712-f4b4-46ed-befd-e8c3aca03d8a] [ViewBacklogAction] Skipping View Backlog. I have no knowledge of Boards.
2019-07-22T12:57:24,354Z DEBUG {} [applying load #8cd1a712-f4b4-46ed-befd-e8c3aca03d8a] [ViewBacklogAction] Skipping View Backlog. I have no knowledge of Boards.
2019-07-22T12:57:24,545Z DEBUG {} [applying load #9031a274-2d3d-42dd-9553-0f229f91b2d4] [SeededRandom] Using seed 1563800244
2019-07-22T12:57:26,278Z DEBUG {} [applying load #1f7dcd7b-c382-4cb3-b8aa-a3b9718be0bf] [ViewBacklogAction] Skipping View Backlog. I have no knowledge of Boards.
2019-07-22T12:57:28,146Z DEBUG {} [applying load #a2039b28-76c0-43d8-9fef-52556a9b7086] [SeededRandom] Using seed 1563800248
2019-07-22T12:57:33,788Z DEBUG {} [applying load #8cd1a712-f4b4-46ed-befd-e8c3aca03d8a] [ViewBoardAction] Skipping View Board. I have no knowledge of Boards.
2019-07-22T12:57:38,950Z DEBUG {} [applying load #8cd1a712-f4b4-46ed-befd-e8c3aca03d8a] [SeededRandom] Using seed 1563800258
2019-07-22T12:57:40,217Z DEBUG {} [applying load #7e7e4356-92eb-4af6-9671-b22b9d03f198] [ViewBacklogAction] Skipping View Backlog. I have no knowledge of Boards.
2019-07-22T12:57:40,678Z DEBUG {} [applying load #1f7dcd7b-c382-4cb3-b8aa-a3b9718be0bf] [ViewBoardAction] Skipping View Board. I have no knowledge of Boards.
2019-07-22T12:57:40,907Z DEBUG {} [applying load #7e7e4356-92eb-4af6-9671-b22b9d03f198] [ViewBoardAction] Skipping View Board. I have no knowledge of Boards.
2019-07-22T12:57:43,469Z DEBUG {} [applying load #9031a274-2d3d-42dd-9553-0f229f91b2d4] [SeededRandom] Using seed 1563800263
2019-07-22T12:57:44,011Z DEBUG {} [applying load #eef81577-7d1a-44d1-9248-a578c922bb3f] [SeededRandom] Using seed 1563800264
2019-07-22T12:57:48,011Z DEBUG {} [applying load #7e7e4356-92eb-4af6-9671-b22b9d03f198] [ViewBoardAction] Skipping View Board. I have no knowledge of Boards.
2019-07-22T12:57:48,011Z DEBUG {} [applying load #7e7e4356-92eb-4af6-9671-b22b9d03f198] [ViewBoardAction] Skipping View Board. I have no knowledge of Boards.
2019-07-22T12:57:48,011Z DEBUG {} [applying load #7e7e4356-92eb-4af6-9671-b22b9d03f198] [ViewBoardAction] Skipping View Board. I have no knowledge of Boards.
2019-07-22T12:57:50,204Z DEBUG {} [applying load #59b5c97f-cca3-4de6-a969-6fabe52b2a98] [SeededRandom] Using seed 1563800270
2019-07-22T12:57:50,837Z DEBUG {} [applying load #8dc8658a-2fa9-4e2b-af0a-02629f5854ac] [SeededRandom] Using seed 1563800270
2019-07-22T12:57:54,986Z DEBUG {} [applying load #7e7e4356-92eb-4af6-9671-b22b9d03f198] [ViewBacklogAction] Skipping View Backlog. I have no knowledge of Boards.
2019-07-22T12:57:57,215Z DEBUG {} [applying load #a5316aab-bcb8-46be-89ba-f63dcd77f469] [SeededRandom] Using seed 1563800277
2019-07-22T12:57:57,375Z DEBUG {} [applying load #59b5c97f-cca3-4de6-a969-6fabe52b2a98] [SeededRandom] Using seed 1563800277
2019-07-22T12:57:57,873Z DEBUG {} [applying load #8dc8658a-2fa9-4e2b-af0a-02629f5854ac] [SeededRandom] Using seed 1563800277
2019-07-22T12:57:59,006Z ERROR {} [applying load #8aa37d03-2227-4989-9931-243672ea7efd] [WebDriverDiagnostics] URL: http://jpt-0e8cf-loadbala-13pu7nwaohba-1805958026.eu-west-1.elb.amazonaws.com/issues/?jql=text+%7E+%22a*%22+order+by+summary, HTML dumped at diagnoses/6914140c-7e0e-4fa5-bf07-92f12c72a7f3/dump.html, screenshot saved to diagnoses/6914140c-7e0e-4fa5-bf07-92f12c72a7f3/screenshot.png
java.lang.Exception: Action 'Search with JQL' ERROR
	at com.atlassian.performance.tools.jiraactions.api.measure.ActionMeter.record(ActionMeter.kt:132) ~[virtual-users.jar:?]
	at com.atlassian.performance.tools.jiraactions.api.measure.ActionMeter.measure(ActionMeter.kt:79) ~[virtual-users.jar:?]
	at com.atlassian.performance.tools.jiraactions.api.action.SearchJqlAction.run(SearchJqlAction.kt:21) ~[virtual-users.jar:?]
	at com.atlassian.performance.tools.virtualusers.ExploratoryVirtualUser.runWithDiagnostics(ExploratoryVirtualUser.kt:79) [virtual-users.jar:?]
	at com.atlassian.performance.tools.virtualusers.ExploratoryVirtualUser.applyLoad(ExploratoryVirtualUser.kt:56) [virtual-users.jar:?]
	at com.atlassian.performance.tools.virtualusers.LoadTest.applyLoad(LoadTest.kt:164) [virtual-users.jar:?]
	at com.atlassian.performance.tools.virtualusers.LoadTest.access$applyLoad(LoadTest.kt:36) [virtual-users.jar:?]
	at com.atlassian.performance.tools.virtualusers.LoadTest$applyLoad$$inlined$forEach$lambda$1.run(LoadTest.kt:111) [virtual-users.jar:?]
	at java.util.concurrent.Executors$RunnableAdapter.call(Executors.java:511) [?:1.8.0_212]
	at java.util.concurrent.FutureTask.run(FutureTask.java:266) [?:1.8.0_212]
	at java.util.concurrent.ThreadPoolExecutor.runWorker(ThreadPoolExecutor.java:1149) [?:1.8.0_212]
	at java.util.concurrent.ThreadPoolExecutor$Worker.run(ThreadPoolExecutor.java:624) [?:1.8.0_212]
	at java.lang.Thread.run(Thread.java:748) [?:1.8.0_212]
Caused by: org.openqa.selenium.TimeoutException: Expected condition failed: waiting for at least one condition to be valid: all conditions to be valid: at least one condition to be valid: presence of element located by: By.cssSelector: ol.issue-list || presence of element located by: By.id: issuetable || presence of element located by: By.id: issue-content && presence of element located by: By.id: key-val && presence of element located by: By.className: issue-body-content || presence of element located by: By.className: no-results-hint || at least one condition to be valid: presence of element located by: By.cssSelector: section div.aui-message.error || presence of element located by: By.id: errorPageContainer || presence of element located by: By.cssSelector: div.form-body div.error (tried for 30 second(s) with 50 milliseconds interval)
	at org.openqa.selenium.support.ui.WebDriverWait.timeoutException(WebDriverWait.java:81) ~[virtual-users.jar:?]
	at org.openqa.selenium.support.ui.FluentWait.until(FluentWait.java:271) ~[virtual-users.jar:?]
	at com.atlassian.performance.tools.jiraactions.api.page.WebDriverUtils.wait(WebDriverExtension.kt:25) ~[virtual-users.jar:?]
	at com.atlassian.performance.tools.jiraactions.api.page.WebDriverUtils.wait$default(WebDriverExtension.kt:19) ~[virtual-users.jar:?]
	at com.atlassian.performance.tools.jiraactions.api.page.IssueNavigatorPage.waitForIssueNavigator(IssueNavigatorPage.kt:19) ~[virtual-users.jar:?]
	at com.atlassian.performance.tools.jiraactions.api.action.SearchJqlAction$run$issueNavigatorPage$1.invoke(SearchJqlAction.kt:23) ~[virtual-users.jar:?]
	at com.atlassian.performance.tools.jiraactions.api.action.SearchJqlAction$run$issueNavigatorPage$1.invoke(SearchJqlAction.kt:12) ~[virtual-users.jar:?]
	at com.atlassian.performance.tools.jiraactions.api.measure.ActionMeter$measure$2.invoke(ActionMeter.kt:80) ~[virtual-users.jar:?]
	at com.atlassian.performance.tools.jiraactions.api.measure.ActionMeter$measure$2.invoke(ActionMeter.kt:25) ~[virtual-users.jar:?]
	at com.atlassian.performance.tools.jiraactions.api.measure.ActionMeter.record(ActionMeter.kt:102) ~[virtual-users.jar:?]
	... 12 more
Caused by: org.openqa.selenium.NoSuchElementException: Cannot locate an element using By.cssSelector: div.form-body div.error
For documentation on this error, please visit: http://seleniumhq.org/exceptions/no_such_element.html
Build info: version: 'unknown', revision: 'unknown', time: 'unknown'
System info: host: 'ip-10-0-0-233', ip: '10.0.0.233', os.name: 'Linux', os.arch: 'amd64', os.version: '4.4.0-1067-aws', java.version: '1.8.0_212'
Driver info: driver.version: unknown
	at org.openqa.selenium.support.ui.ExpectedConditions.lambda$findElement$0(ExpectedConditions.java:896) ~[virtual-users.jar:?]
	at java.util.Optional.orElseThrow(Optional.java:290) ~[?:1.8.0_212]
	at org.openqa.selenium.support.ui.ExpectedConditions.findElement(ExpectedConditions.java:895) ~[virtual-users.jar:?]
	at org.openqa.selenium.support.ui.ExpectedConditions.access$000(ExpectedConditions.java:44) ~[virtual-users.jar:?]
	at org.openqa.selenium.support.ui.ExpectedConditions$6.apply(ExpectedConditions.java:183) ~[virtual-users.jar:?]
	at org.openqa.selenium.support.ui.ExpectedConditions$6.apply(ExpectedConditions.java:180) ~[virtual-users.jar:?]
	at org.openqa.selenium.support.ui.ExpectedConditions$47.apply(ExpectedConditions.java:1427) ~[virtual-users.jar:?]
	at org.openqa.selenium.support.ui.ExpectedConditions$47.apply(ExpectedConditions.java:1421) ~[virtual-users.jar:?]
	at org.openqa.selenium.support.ui.ExpectedConditions$47.apply(ExpectedConditions.java:1427) ~[virtual-users.jar:?]
	at org.openqa.selenium.support.ui.ExpectedConditions$47.apply(ExpectedConditions.java:1421) ~[virtual-users.jar:?]
	at org.openqa.selenium.support.ui.FluentWait.until(FluentWait.java:248) ~[virtual-users.jar:?]
	at com.atlassian.performance.tools.jiraactions.api.page.WebDriverUtils.wait(WebDriverExtension.kt:25) ~[virtual-users.jar:?]
	at com.atlassian.performance.tools.jiraactions.api.page.WebDriverUtils.wait$default(WebDriverExtension.kt:19) ~[virtual-users.jar:?]
	at com.atlassian.performance.tools.jiraactions.api.page.IssueNavigatorPage.waitForIssueNavigator(IssueNavigatorPage.kt:19) ~[virtual-users.jar:?]
	at com.atlassian.performance.tools.jiraactions.api.action.SearchJqlAction$run$issueNavigatorPage$1.invoke(SearchJqlAction.kt:23) ~[virtual-users.jar:?]
	at com.atlassian.performance.tools.jiraactions.api.action.SearchJqlAction$run$issueNavigatorPage$1.invoke(SearchJqlAction.kt:12) ~[virtual-users.jar:?]
	at com.atlassian.performance.tools.jiraactions.api.measure.ActionMeter$measure$2.invoke(ActionMeter.kt:80) ~[virtual-users.jar:?]
	at com.atlassian.performance.tools.jiraactions.api.measure.ActionMeter$measure$2.invoke(ActionMeter.kt:25) ~[virtual-users.jar:?]
	at com.atlassian.performance.tools.jiraactions.api.measure.ActionMeter.record(ActionMeter.kt:102) ~[virtual-users.jar:?]
	... 12 more
2019-07-22T12:57:59,008Z ERROR {} [applying load #8aa37d03-2227-4989-9931-243672ea7efd] [ExploratoryVirtualUser] Failed to run com.atlassian.performance.tools.jiraactions.api.action.SearchJqlAction@f59ae6e, but we keep running
java.lang.Exception: Failed to run com.atlassian.performance.tools.jiraactions.api.action.SearchJqlAction@f59ae6e
	at com.atlassian.performance.tools.virtualusers.ExploratoryVirtualUser.runWithDiagnostics(ExploratoryVirtualUser.kt:82) ~[virtual-users.jar:?]
	at com.atlassian.performance.tools.virtualusers.ExploratoryVirtualUser.applyLoad(ExploratoryVirtualUser.kt:56) [virtual-users.jar:?]
	at com.atlassian.performance.tools.virtualusers.LoadTest.applyLoad(LoadTest.kt:164) [virtual-users.jar:?]
	at com.atlassian.performance.tools.virtualusers.LoadTest.access$applyLoad(LoadTest.kt:36) [virtual-users.jar:?]
	at com.atlassian.performance.tools.virtualusers.LoadTest$applyLoad$$inlined$forEach$lambda$1.run(LoadTest.kt:111) [virtual-users.jar:?]
	at java.util.concurrent.Executors$RunnableAdapter.call(Executors.java:511) [?:1.8.0_212]
	at java.util.concurrent.FutureTask.run(FutureTask.java:266) [?:1.8.0_212]
	at java.util.concurrent.ThreadPoolExecutor.runWorker(ThreadPoolExecutor.java:1149) [?:1.8.0_212]
	at java.util.concurrent.ThreadPoolExecutor$Worker.run(ThreadPoolExecutor.java:624) [?:1.8.0_212]
	at java.lang.Thread.run(Thread.java:748) [?:1.8.0_212]
Caused by: java.lang.Exception: Action 'Search with JQL' ERROR
	at com.atlassian.performance.tools.jiraactions.api.measure.ActionMeter.record(ActionMeter.kt:132) ~[virtual-users.jar:?]
	at com.atlassian.performance.tools.jiraactions.api.measure.ActionMeter.measure(ActionMeter.kt:79) ~[virtual-users.jar:?]
	at com.atlassian.performance.tools.jiraactions.api.action.SearchJqlAction.run(SearchJqlAction.kt:21) ~[virtual-users.jar:?]
	at com.atlassian.performance.tools.virtualusers.ExploratoryVirtualUser.runWithDiagnostics(ExploratoryVirtualUser.kt:79) ~[virtual-users.jar:?]
	... 9 more
Caused by: org.openqa.selenium.TimeoutException: Expected condition failed: waiting for at least one condition to be valid: all conditions to be valid: at least one condition to be valid: presence of element located by: By.cssSelector: ol.issue-list || presence of element located by: By.id: issuetable || presence of element located by: By.id: issue-content && presence of element located by: By.id: key-val && presence of element located by: By.className: issue-body-content || presence of element located by: By.className: no-results-hint || at least one condition to be valid: presence of element located by: By.cssSelector: section div.aui-message.error || presence of element located by: By.id: errorPageContainer || presence of element located by: By.cssSelector: div.form-body div.error (tried for 30 second(s) with 50 milliseconds interval)
	at org.openqa.selenium.support.ui.WebDriverWait.timeoutException(WebDriverWait.java:81) ~[virtual-users.jar:?]
	at org.openqa.selenium.support.ui.FluentWait.until(FluentWait.java:271) ~[virtual-users.jar:?]
	at com.atlassian.performance.tools.jiraactions.api.page.WebDriverUtils.wait(WebDriverExtension.kt:25) ~[virtual-users.jar:?]
	at com.atlassian.performance.tools.jiraactions.api.page.WebDriverUtils.wait$default(WebDriverExtension.kt:19) ~[virtual-users.jar:?]
	at com.atlassian.performance.tools.jiraactions.api.page.IssueNavigatorPage.waitForIssueNavigator(IssueNavigatorPage.kt:19) ~[virtual-users.jar:?]
	at com.atlassian.performance.tools.jiraactions.api.action.SearchJqlAction$run$issueNavigatorPage$1.invoke(SearchJqlAction.kt:23) ~[virtual-users.jar:?]
	at com.atlassian.performance.tools.jiraactions.api.action.SearchJqlAction$run$issueNavigatorPage$1.invoke(SearchJqlAction.kt:12) ~[virtual-users.jar:?]
	at com.atlassian.performance.tools.jiraactions.api.measure.ActionMeter$measure$2.invoke(ActionMeter.kt:80) ~[virtual-users.jar:?]
	at com.atlassian.performance.tools.jiraactions.api.measure.ActionMeter$measure$2.invoke(ActionMeter.kt:25) ~[virtual-users.jar:?]
	at com.atlassian.performance.tools.jiraactions.api.measure.ActionMeter.record(ActionMeter.kt:102) ~[virtual-users.jar:?]
	at com.atlassian.performance.tools.jiraactions.api.measure.ActionMeter.measure(ActionMeter.kt:79) ~[virtual-users.jar:?]
	at com.atlassian.performance.tools.jiraactions.api.action.SearchJqlAction.run(SearchJqlAction.kt:21) ~[virtual-users.jar:?]
	at com.atlassian.performance.tools.virtualusers.ExploratoryVirtualUser.runWithDiagnostics(ExploratoryVirtualUser.kt:79) ~[virtual-users.jar:?]
	... 9 more
Caused by: org.openqa.selenium.NoSuchElementException: Cannot locate an element using By.cssSelector: div.form-body div.error
For documentation on this error, please visit: http://seleniumhq.org/exceptions/no_such_element.html
Build info: version: 'unknown', revision: 'unknown', time: 'unknown'
System info: host: 'ip-10-0-0-233', ip: '10.0.0.233', os.name: 'Linux', os.arch: 'amd64', os.version: '4.4.0-1067-aws', java.version: '1.8.0_212'
Driver info: driver.version: unknown
	at org.openqa.selenium.support.ui.ExpectedConditions.lambda$findElement$0(ExpectedConditions.java:896) ~[virtual-users.jar:?]
	at java.util.Optional.orElseThrow(Optional.java:290) ~[?:1.8.0_212]
	at org.openqa.selenium.support.ui.ExpectedConditions.findElement(ExpectedConditions.java:895) ~[virtual-users.jar:?]
	at org.openqa.selenium.support.ui.ExpectedConditions.access$000(ExpectedConditions.java:44) ~[virtual-users.jar:?]
	at org.openqa.selenium.support.ui.ExpectedConditions$6.apply(ExpectedConditions.java:183) ~[virtual-users.jar:?]
	at org.openqa.selenium.support.ui.ExpectedConditions$6.apply(ExpectedConditions.java:180) ~[virtual-users.jar:?]
	at org.openqa.selenium.support.ui.ExpectedConditions$47.apply(ExpectedConditions.java:1427) ~[virtual-users.jar:?]
	at org.openqa.selenium.support.ui.ExpectedConditions$47.apply(ExpectedConditions.java:1421) ~[virtual-users.jar:?]
	at org.openqa.selenium.support.ui.ExpectedConditions$47.apply(ExpectedConditions.java:1427) ~[virtual-users.jar:?]
	at org.openqa.selenium.support.ui.ExpectedConditions$47.apply(ExpectedConditions.java:1421) ~[virtual-users.jar:?]
	at org.openqa.selenium.support.ui.FluentWait.until(FluentWait.java:248) ~[virtual-users.jar:?]
	at com.atlassian.performance.tools.jiraactions.api.page.WebDriverUtils.wait(WebDriverExtension.kt:25) ~[virtual-users.jar:?]
	at com.atlassian.performance.tools.jiraactions.api.page.WebDriverUtils.wait$default(WebDriverExtension.kt:19) ~[virtual-users.jar:?]
	at com.atlassian.performance.tools.jiraactions.api.page.IssueNavigatorPage.waitForIssueNavigator(IssueNavigatorPage.kt:19) ~[virtual-users.jar:?]
	at com.atlassian.performance.tools.jiraactions.api.action.SearchJqlAction$run$issueNavigatorPage$1.invoke(SearchJqlAction.kt:23) ~[virtual-users.jar:?]
	at com.atlassian.performance.tools.jiraactions.api.action.SearchJqlAction$run$issueNavigatorPage$1.invoke(SearchJqlAction.kt:12) ~[virtual-users.jar:?]
	at com.atlassian.performance.tools.jiraactions.api.measure.ActionMeter$measure$2.invoke(ActionMeter.kt:80) ~[virtual-users.jar:?]
	at com.atlassian.performance.tools.jiraactions.api.measure.ActionMeter$measure$2.invoke(ActionMeter.kt:25) ~[virtual-users.jar:?]
	at com.atlassian.performance.tools.jiraactions.api.measure.ActionMeter.record(ActionMeter.kt:102) ~[virtual-users.jar:?]
	at com.atlassian.performance.tools.jiraactions.api.measure.ActionMeter.measure(ActionMeter.kt:79) ~[virtual-users.jar:?]
	at com.atlassian.performance.tools.jiraactions.api.action.SearchJqlAction.run(SearchJqlAction.kt:21) ~[virtual-users.jar:?]
	at com.atlassian.performance.tools.virtualusers.ExploratoryVirtualUser.runWithDiagnostics(ExploratoryVirtualUser.kt:79) ~[virtual-users.jar:?]
	... 9 more
2019-07-22T12:57:59,877Z DEBUG {} [applying load #1f7dcd7b-c382-4cb3-b8aa-a3b9718be0bf] [ViewBacklogAction] Skipping View Backlog. I have no knowledge of Boards.
2019-07-22T12:58:02,038Z DEBUG {} [applying load #a5316aab-bcb8-46be-89ba-f63dcd77f469] [SeededRandom] Using seed 1563800282
2019-07-22T12:58:03,935Z DEBUG {} [applying load #eef81577-7d1a-44d1-9248-a578c922bb3f] [SeededRandom] Using seed 1563800283
2019-07-22T12:58:04,829Z DEBUG {} [applying load #9031a274-2d3d-42dd-9553-0f229f91b2d4] [SeededRandom] Using seed 1563800284
2019-07-22T12:58:10,799Z DEBUG {} [applying load #7e7e4356-92eb-4af6-9671-b22b9d03f198] [SeededRandom] Using seed 1563800290
2019-07-22T12:58:17,429Z DEBUG {} [applying load #7e7e4356-92eb-4af6-9671-b22b9d03f198] [SeededRandom] Using seed 1563800297
2019-07-22T12:58:17,826Z DEBUG {} [applying load #8cd1a712-f4b4-46ed-befd-e8c3aca03d8a] [ViewBacklogAction] Skipping View Backlog. I have no knowledge of Boards.
2019-07-22T12:58:20,109Z DEBUG {} [applying load #1f7dcd7b-c382-4cb3-b8aa-a3b9718be0bf] [SeededRandom] Using seed 1563800300
2019-07-22T12:58:20,231Z DEBUG {} [applying load #8aa37d03-2227-4989-9931-243672ea7efd] [SeededRandom] Using seed 1563800300
2019-07-22T12:58:24,817Z DEBUG {} [applying load #8cd1a712-f4b4-46ed-befd-e8c3aca03d8a] [SeededRandom] Using seed 1563800304
2019-07-22T12:58:30,832Z DEBUG {} [applying load #f02d292d-ad15-45a6-9528-9220ad08ce4f] [SeededRandom] Using seed 1563800310
2019-07-22T12:58:32,023Z DEBUG {} [applying load #eef81577-7d1a-44d1-9248-a578c922bb3f] [SeededRandom] Using seed 1563800312
2019-07-22T12:58:33,882Z DEBUG {} [applying load #8aa37d03-2227-4989-9931-243672ea7efd] [SeededRandom] Using seed 1563800313
2019-07-22T12:58:38,187Z DEBUG {} [applying load #7e7e4356-92eb-4af6-9671-b22b9d03f198] [ViewBoardAction] Skipping View Board. I have no knowledge of Boards.
2019-07-22T12:58:47,236Z ERROR {} [applying load #18d55f82-6733-4538-8342-6150daa90495] [WebDriverDiagnostics] URL: http://jpt-0e8cf-loadbala-13pu7nwaohba-1805958026.eu-west-1.elb.amazonaws.com/issues/?jql=text+%7E+%22a*%22+order+by+summary, HTML dumped at diagnoses/0d301628-8e4d-4fa6-8538-a6a07d66b6e8/dump.html, screenshot saved to diagnoses/0d301628-8e4d-4fa6-8538-a6a07d66b6e8/screenshot.png
java.lang.Exception: Action 'Search with JQL' ERROR
	at com.atlassian.performance.tools.jiraactions.api.measure.ActionMeter.record(ActionMeter.kt:132) ~[virtual-users.jar:?]
	at com.atlassian.performance.tools.jiraactions.api.measure.ActionMeter.measure(ActionMeter.kt:79) ~[virtual-users.jar:?]
	at com.atlassian.performance.tools.jiraactions.api.action.SearchJqlAction.run(SearchJqlAction.kt:21) ~[virtual-users.jar:?]
	at com.atlassian.performance.tools.virtualusers.ExploratoryVirtualUser.runWithDiagnostics(ExploratoryVirtualUser.kt:79) [virtual-users.jar:?]
	at com.atlassian.performance.tools.virtualusers.ExploratoryVirtualUser.applyLoad(ExploratoryVirtualUser.kt:56) [virtual-users.jar:?]
	at com.atlassian.performance.tools.virtualusers.LoadTest.applyLoad(LoadTest.kt:164) [virtual-users.jar:?]
	at com.atlassian.performance.tools.virtualusers.LoadTest.access$applyLoad(LoadTest.kt:36) [virtual-users.jar:?]
	at com.atlassian.performance.tools.virtualusers.LoadTest$applyLoad$$inlined$forEach$lambda$1.run(LoadTest.kt:111) [virtual-users.jar:?]
	at java.util.concurrent.Executors$RunnableAdapter.call(Executors.java:511) [?:1.8.0_212]
	at java.util.concurrent.FutureTask.run(FutureTask.java:266) [?:1.8.0_212]
	at java.util.concurrent.ThreadPoolExecutor.runWorker(ThreadPoolExecutor.java:1149) [?:1.8.0_212]
	at java.util.concurrent.ThreadPoolExecutor$Worker.run(ThreadPoolExecutor.java:624) [?:1.8.0_212]
	at java.lang.Thread.run(Thread.java:748) [?:1.8.0_212]
Caused by: org.openqa.selenium.TimeoutException: Expected condition failed: waiting for at least one condition to be valid: all conditions to be valid: at least one condition to be valid: presence of element located by: By.cssSelector: ol.issue-list || presence of element located by: By.id: issuetable || presence of element located by: By.id: issue-content && presence of element located by: By.id: key-val && presence of element located by: By.className: issue-body-content || presence of element located by: By.className: no-results-hint || at least one condition to be valid: presence of element located by: By.cssSelector: section div.aui-message.error || presence of element located by: By.id: errorPageContainer || presence of element located by: By.cssSelector: div.form-body div.error (tried for 30 second(s) with 50 milliseconds interval)
	at org.openqa.selenium.support.ui.WebDriverWait.timeoutException(WebDriverWait.java:81) ~[virtual-users.jar:?]
	at org.openqa.selenium.support.ui.FluentWait.until(FluentWait.java:271) ~[virtual-users.jar:?]
	at com.atlassian.performance.tools.jiraactions.api.page.WebDriverUtils.wait(WebDriverExtension.kt:25) ~[virtual-users.jar:?]
	at com.atlassian.performance.tools.jiraactions.api.page.WebDriverUtils.wait$default(WebDriverExtension.kt:19) ~[virtual-users.jar:?]
	at com.atlassian.performance.tools.jiraactions.api.page.IssueNavigatorPage.waitForIssueNavigator(IssueNavigatorPage.kt:19) ~[virtual-users.jar:?]
	at com.atlassian.performance.tools.jiraactions.api.action.SearchJqlAction$run$issueNavigatorPage$1.invoke(SearchJqlAction.kt:23) ~[virtual-users.jar:?]
	at com.atlassian.performance.tools.jiraactions.api.action.SearchJqlAction$run$issueNavigatorPage$1.invoke(SearchJqlAction.kt:12) ~[virtual-users.jar:?]
	at com.atlassian.performance.tools.jiraactions.api.measure.ActionMeter$measure$2.invoke(ActionMeter.kt:80) ~[virtual-users.jar:?]
	at com.atlassian.performance.tools.jiraactions.api.measure.ActionMeter$measure$2.invoke(ActionMeter.kt:25) ~[virtual-users.jar:?]
	at com.atlassian.performance.tools.jiraactions.api.measure.ActionMeter.record(ActionMeter.kt:102) ~[virtual-users.jar:?]
	... 12 more
Caused by: org.openqa.selenium.NoSuchElementException: Cannot locate an element using By.cssSelector: div.form-body div.error
For documentation on this error, please visit: http://seleniumhq.org/exceptions/no_such_element.html
Build info: version: 'unknown', revision: 'unknown', time: 'unknown'
System info: host: 'ip-10-0-0-233', ip: '10.0.0.233', os.name: 'Linux', os.arch: 'amd64', os.version: '4.4.0-1067-aws', java.version: '1.8.0_212'
Driver info: driver.version: unknown
	at org.openqa.selenium.support.ui.ExpectedConditions.lambda$findElement$0(ExpectedConditions.java:896) ~[virtual-users.jar:?]
	at java.util.Optional.orElseThrow(Optional.java:290) ~[?:1.8.0_212]
	at org.openqa.selenium.support.ui.ExpectedConditions.findElement(ExpectedConditions.java:895) ~[virtual-users.jar:?]
	at org.openqa.selenium.support.ui.ExpectedConditions.access$000(ExpectedConditions.java:44) ~[virtual-users.jar:?]
	at org.openqa.selenium.support.ui.ExpectedConditions$6.apply(ExpectedConditions.java:183) ~[virtual-users.jar:?]
	at org.openqa.selenium.support.ui.ExpectedConditions$6.apply(ExpectedConditions.java:180) ~[virtual-users.jar:?]
	at org.openqa.selenium.support.ui.ExpectedConditions$47.apply(ExpectedConditions.java:1427) ~[virtual-users.jar:?]
	at org.openqa.selenium.support.ui.ExpectedConditions$47.apply(ExpectedConditions.java:1421) ~[virtual-users.jar:?]
	at org.openqa.selenium.support.ui.ExpectedConditions$47.apply(ExpectedConditions.java:1427) ~[virtual-users.jar:?]
	at org.openqa.selenium.support.ui.ExpectedConditions$47.apply(ExpectedConditions.java:1421) ~[virtual-users.jar:?]
	at org.openqa.selenium.support.ui.FluentWait.until(FluentWait.java:248) ~[virtual-users.jar:?]
	at com.atlassian.performance.tools.jiraactions.api.page.WebDriverUtils.wait(WebDriverExtension.kt:25) ~[virtual-users.jar:?]
	at com.atlassian.performance.tools.jiraactions.api.page.WebDriverUtils.wait$default(WebDriverExtension.kt:19) ~[virtual-users.jar:?]
	at com.atlassian.performance.tools.jiraactions.api.page.IssueNavigatorPage.waitForIssueNavigator(IssueNavigatorPage.kt:19) ~[virtual-users.jar:?]
	at com.atlassian.performance.tools.jiraactions.api.action.SearchJqlAction$run$issueNavigatorPage$1.invoke(SearchJqlAction.kt:23) ~[virtual-users.jar:?]
	at com.atlassian.performance.tools.jiraactions.api.action.SearchJqlAction$run$issueNavigatorPage$1.invoke(SearchJqlAction.kt:12) ~[virtual-users.jar:?]
	at com.atlassian.performance.tools.jiraactions.api.measure.ActionMeter$measure$2.invoke(ActionMeter.kt:80) ~[virtual-users.jar:?]
	at com.atlassian.performance.tools.jiraactions.api.measure.ActionMeter$measure$2.invoke(ActionMeter.kt:25) ~[virtual-users.jar:?]
	at com.atlassian.performance.tools.jiraactions.api.measure.ActionMeter.record(ActionMeter.kt:102) ~[virtual-users.jar:?]
	... 12 more
2019-07-22T12:58:47,237Z ERROR {} [applying load #18d55f82-6733-4538-8342-6150daa90495] [ExploratoryVirtualUser] Failed to run com.atlassian.performance.tools.jiraactions.api.action.SearchJqlAction@34086880, but we keep running
java.lang.Exception: Failed to run com.atlassian.performance.tools.jiraactions.api.action.SearchJqlAction@34086880
	at com.atlassian.performance.tools.virtualusers.ExploratoryVirtualUser.runWithDiagnostics(ExploratoryVirtualUser.kt:82) ~[virtual-users.jar:?]
	at com.atlassian.performance.tools.virtualusers.ExploratoryVirtualUser.applyLoad(ExploratoryVirtualUser.kt:56) [virtual-users.jar:?]
	at com.atlassian.performance.tools.virtualusers.LoadTest.applyLoad(LoadTest.kt:164) [virtual-users.jar:?]
	at com.atlassian.performance.tools.virtualusers.LoadTest.access$applyLoad(LoadTest.kt:36) [virtual-users.jar:?]
	at com.atlassian.performance.tools.virtualusers.LoadTest$applyLoad$$inlined$forEach$lambda$1.run(LoadTest.kt:111) [virtual-users.jar:?]
	at java.util.concurrent.Executors$RunnableAdapter.call(Executors.java:511) [?:1.8.0_212]
	at java.util.concurrent.FutureTask.run(FutureTask.java:266) [?:1.8.0_212]
	at java.util.concurrent.ThreadPoolExecutor.runWorker(ThreadPoolExecutor.java:1149) [?:1.8.0_212]
	at java.util.concurrent.ThreadPoolExecutor$Worker.run(ThreadPoolExecutor.java:624) [?:1.8.0_212]
	at java.lang.Thread.run(Thread.java:748) [?:1.8.0_212]
Caused by: java.lang.Exception: Action 'Search with JQL' ERROR
	at com.atlassian.performance.tools.jiraactions.api.measure.ActionMeter.record(ActionMeter.kt:132) ~[virtual-users.jar:?]
	at com.atlassian.performance.tools.jiraactions.api.measure.ActionMeter.measure(ActionMeter.kt:79) ~[virtual-users.jar:?]
	at com.atlassian.performance.tools.jiraactions.api.action.SearchJqlAction.run(SearchJqlAction.kt:21) ~[virtual-users.jar:?]
	at com.atlassian.performance.tools.virtualusers.ExploratoryVirtualUser.runWithDiagnostics(ExploratoryVirtualUser.kt:79) ~[virtual-users.jar:?]
	... 9 more
Caused by: org.openqa.selenium.TimeoutException: Expected condition failed: waiting for at least one condition to be valid: all conditions to be valid: at least one condition to be valid: presence of element located by: By.cssSelector: ol.issue-list || presence of element located by: By.id: issuetable || presence of element located by: By.id: issue-content && presence of element located by: By.id: key-val && presence of element located by: By.className: issue-body-content || presence of element located by: By.className: no-results-hint || at least one condition to be valid: presence of element located by: By.cssSelector: section div.aui-message.error || presence of element located by: By.id: errorPageContainer || presence of element located by: By.cssSelector: div.form-body div.error (tried for 30 second(s) with 50 milliseconds interval)
	at org.openqa.selenium.support.ui.WebDriverWait.timeoutException(WebDriverWait.java:81) ~[virtual-users.jar:?]
	at org.openqa.selenium.support.ui.FluentWait.until(FluentWait.java:271) ~[virtual-users.jar:?]
	at com.atlassian.performance.tools.jiraactions.api.page.WebDriverUtils.wait(WebDriverExtension.kt:25) ~[virtual-users.jar:?]
	at com.atlassian.performance.tools.jiraactions.api.page.WebDriverUtils.wait$default(WebDriverExtension.kt:19) ~[virtual-users.jar:?]
	at com.atlassian.performance.tools.jiraactions.api.page.IssueNavigatorPage.waitForIssueNavigator(IssueNavigatorPage.kt:19) ~[virtual-users.jar:?]
	at com.atlassian.performance.tools.jiraactions.api.action.SearchJqlAction$run$issueNavigatorPage$1.invoke(SearchJqlAction.kt:23) ~[virtual-users.jar:?]
	at com.atlassian.performance.tools.jiraactions.api.action.SearchJqlAction$run$issueNavigatorPage$1.invoke(SearchJqlAction.kt:12) ~[virtual-users.jar:?]
	at com.atlassian.performance.tools.jiraactions.api.measure.ActionMeter$measure$2.invoke(ActionMeter.kt:80) ~[virtual-users.jar:?]
	at com.atlassian.performance.tools.jiraactions.api.measure.ActionMeter$measure$2.invoke(ActionMeter.kt:25) ~[virtual-users.jar:?]
	at com.atlassian.performance.tools.jiraactions.api.measure.ActionMeter.record(ActionMeter.kt:102) ~[virtual-users.jar:?]
	at com.atlassian.performance.tools.jiraactions.api.measure.ActionMeter.measure(ActionMeter.kt:79) ~[virtual-users.jar:?]
	at com.atlassian.performance.tools.jiraactions.api.action.SearchJqlAction.run(SearchJqlAction.kt:21) ~[virtual-users.jar:?]
	at com.atlassian.performance.tools.virtualusers.ExploratoryVirtualUser.runWithDiagnostics(ExploratoryVirtualUser.kt:79) ~[virtual-users.jar:?]
	... 9 more
Caused by: org.openqa.selenium.NoSuchElementException: Cannot locate an element using By.cssSelector: div.form-body div.error
For documentation on this error, please visit: http://seleniumhq.org/exceptions/no_such_element.html
Build info: version: 'unknown', revision: 'unknown', time: 'unknown'
System info: host: 'ip-10-0-0-233', ip: '10.0.0.233', os.name: 'Linux', os.arch: 'amd64', os.version: '4.4.0-1067-aws', java.version: '1.8.0_212'
Driver info: driver.version: unknown
	at org.openqa.selenium.support.ui.ExpectedConditions.lambda$findElement$0(ExpectedConditions.java:896) ~[virtual-users.jar:?]
	at java.util.Optional.orElseThrow(Optional.java:290) ~[?:1.8.0_212]
	at org.openqa.selenium.support.ui.ExpectedConditions.findElement(ExpectedConditions.java:895) ~[virtual-users.jar:?]
	at org.openqa.selenium.support.ui.ExpectedConditions.access$000(ExpectedConditions.java:44) ~[virtual-users.jar:?]
	at org.openqa.selenium.support.ui.ExpectedConditions$6.apply(ExpectedConditions.java:183) ~[virtual-users.jar:?]
	at org.openqa.selenium.support.ui.ExpectedConditions$6.apply(ExpectedConditions.java:180) ~[virtual-users.jar:?]
	at org.openqa.selenium.support.ui.ExpectedConditions$47.apply(ExpectedConditions.java:1427) ~[virtual-users.jar:?]
	at org.openqa.selenium.support.ui.ExpectedConditions$47.apply(ExpectedConditions.java:1421) ~[virtual-users.jar:?]
	at org.openqa.selenium.support.ui.ExpectedConditions$47.apply(ExpectedConditions.java:1427) ~[virtual-users.jar:?]
	at org.openqa.selenium.support.ui.ExpectedConditions$47.apply(ExpectedConditions.java:1421) ~[virtual-users.jar:?]
	at org.openqa.selenium.support.ui.FluentWait.until(FluentWait.java:248) ~[virtual-users.jar:?]
	at com.atlassian.performance.tools.jiraactions.api.page.WebDriverUtils.wait(WebDriverExtension.kt:25) ~[virtual-users.jar:?]
	at com.atlassian.performance.tools.jiraactions.api.page.WebDriverUtils.wait$default(WebDriverExtension.kt:19) ~[virtual-users.jar:?]
	at com.atlassian.performance.tools.jiraactions.api.page.IssueNavigatorPage.waitForIssueNavigator(IssueNavigatorPage.kt:19) ~[virtual-users.jar:?]
	at com.atlassian.performance.tools.jiraactions.api.action.SearchJqlAction$run$issueNavigatorPage$1.invoke(SearchJqlAction.kt:23) ~[virtual-users.jar:?]
	at com.atlassian.performance.tools.jiraactions.api.action.SearchJqlAction$run$issueNavigatorPage$1.invoke(SearchJqlAction.kt:12) ~[virtual-users.jar:?]
	at com.atlassian.performance.tools.jiraactions.api.measure.ActionMeter$measure$2.invoke(ActionMeter.kt:80) ~[virtual-users.jar:?]
	at com.atlassian.performance.tools.jiraactions.api.measure.ActionMeter$measure$2.invoke(ActionMeter.kt:25) ~[virtual-users.jar:?]
	at com.atlassian.performance.tools.jiraactions.api.measure.ActionMeter.record(ActionMeter.kt:102) ~[virtual-users.jar:?]
	at com.atlassian.performance.tools.jiraactions.api.measure.ActionMeter.measure(ActionMeter.kt:79) ~[virtual-users.jar:?]
	at com.atlassian.performance.tools.jiraactions.api.action.SearchJqlAction.run(SearchJqlAction.kt:21) ~[virtual-users.jar:?]
	at com.atlassian.performance.tools.virtualusers.ExploratoryVirtualUser.runWithDiagnostics(ExploratoryVirtualUser.kt:79) ~[virtual-users.jar:?]
	... 9 more
2019-07-22T12:58:48,220Z DEBUG {} [applying load #18d55f82-6733-4538-8342-6150daa90495] [ViewBoardAction] Skipping View Board. I have no knowledge of Boards.
2019-07-22T12:58:53,125Z DEBUG {} [applying load #7e7e4356-92eb-4af6-9671-b22b9d03f198] [SeededRandom] Using seed 1563800333
2019-07-22T12:58:54,629Z DEBUG {} [applying load #8aa37d03-2227-4989-9931-243672ea7efd] [SeededRandom] Using seed 1563800334
2019-07-22T12:58:56,226Z DEBUG {} [applying load #8cd1a712-f4b4-46ed-befd-e8c3aca03d8a] [ViewBacklogAction] Skipping View Backlog. I have no knowledge of Boards.
2019-07-22T12:58:56,582Z DEBUG {} [applying load #18d55f82-6733-4538-8342-6150daa90495] [SeededRandom] Using seed 1563800336
2019-07-22T12:59:06,987Z DEBUG {} [applying load #7e7e4356-92eb-4af6-9671-b22b9d03f198] [ViewBoardAction] Skipping View Board. I have no knowledge of Boards.
2019-07-22T12:59:10,375Z DEBUG {} [applying load #f02d292d-ad15-45a6-9528-9220ad08ce4f] [SeededRandom] Using seed 1563800350
2019-07-22T12:59:17,510Z DEBUG {} [applying load #18d55f82-6733-4538-8342-6150daa90495] [ViewBoardAction] Skipping View Board. I have no knowledge of Boards.
2019-07-22T12:59:18,675Z DEBUG {} [applying load #18d55f82-6733-4538-8342-6150daa90495] [ViewBoardAction] Skipping View Board. I have no knowledge of Boards.
2019-07-22T12:59:21,643Z DEBUG {} [applying load #8cd1a712-f4b4-46ed-befd-e8c3aca03d8a] [SeededRandom] Using seed 1563800361
2019-07-22T12:59:27,510Z DEBUG {} [applying load #8dc8658a-2fa9-4e2b-af0a-02629f5854ac] [SeededRandom] Using seed 1563800367
2019-07-22T12:59:34,762Z DEBUG {} [applying load #f02d292d-ad15-45a6-9528-9220ad08ce4f] [SeededRandom] Using seed 1563800374
2019-07-22T12:59:38,331Z DEBUG {} [applying load #8dc8658a-2fa9-4e2b-af0a-02629f5854ac] [SeededRandom] Using seed 1563800378
2019-07-22T12:59:48,547Z ERROR {} [applying load #1f7dcd7b-c382-4cb3-b8aa-a3b9718be0bf] [WebDriverDiagnostics] URL: http://jpt-0e8cf-loadbala-13pu7nwaohba-1805958026.eu-west-1.elb.amazonaws.com/issues/?jql=text+%7E+%22a*%22+order+by+summary, HTML dumped at diagnoses/b8559404-1858-48ba-98a6-76a52ccf15a6/dump.html, screenshot saved to diagnoses/b8559404-1858-48ba-98a6-76a52ccf15a6/screenshot.png
java.lang.Exception: Action 'Search with JQL' ERROR
	at com.atlassian.performance.tools.jiraactions.api.measure.ActionMeter.record(ActionMeter.kt:132) ~[virtual-users.jar:?]
	at com.atlassian.performance.tools.jiraactions.api.measure.ActionMeter.measure(ActionMeter.kt:79) ~[virtual-users.jar:?]
	at com.atlassian.performance.tools.jiraactions.api.action.SearchJqlAction.run(SearchJqlAction.kt:21) ~[virtual-users.jar:?]
	at com.atlassian.performance.tools.virtualusers.ExploratoryVirtualUser.runWithDiagnostics(ExploratoryVirtualUser.kt:79) [virtual-users.jar:?]
	at com.atlassian.performance.tools.virtualusers.ExploratoryVirtualUser.applyLoad(ExploratoryVirtualUser.kt:56) [virtual-users.jar:?]
	at com.atlassian.performance.tools.virtualusers.LoadTest.applyLoad(LoadTest.kt:164) [virtual-users.jar:?]
	at com.atlassian.performance.tools.virtualusers.LoadTest.access$applyLoad(LoadTest.kt:36) [virtual-users.jar:?]
	at com.atlassian.performance.tools.virtualusers.LoadTest$applyLoad$$inlined$forEach$lambda$1.run(LoadTest.kt:111) [virtual-users.jar:?]
	at java.util.concurrent.Executors$RunnableAdapter.call(Executors.java:511) [?:1.8.0_212]
	at java.util.concurrent.FutureTask.run(FutureTask.java:266) [?:1.8.0_212]
	at java.util.concurrent.ThreadPoolExecutor.runWorker(ThreadPoolExecutor.java:1149) [?:1.8.0_212]
	at java.util.concurrent.ThreadPoolExecutor$Worker.run(ThreadPoolExecutor.java:624) [?:1.8.0_212]
	at java.lang.Thread.run(Thread.java:748) [?:1.8.0_212]
Caused by: org.openqa.selenium.TimeoutException: Expected condition failed: waiting for at least one condition to be valid: all conditions to be valid: at least one condition to be valid: presence of element located by: By.cssSelector: ol.issue-list || presence of element located by: By.id: issuetable || presence of element located by: By.id: issue-content && presence of element located by: By.id: key-val && presence of element located by: By.className: issue-body-content || presence of element located by: By.className: no-results-hint || at least one condition to be valid: presence of element located by: By.cssSelector: section div.aui-message.error || presence of element located by: By.id: errorPageContainer || presence of element located by: By.cssSelector: div.form-body div.error (tried for 30 second(s) with 50 milliseconds interval)
	at org.openqa.selenium.support.ui.WebDriverWait.timeoutException(WebDriverWait.java:81) ~[virtual-users.jar:?]
	at org.openqa.selenium.support.ui.FluentWait.until(FluentWait.java:271) ~[virtual-users.jar:?]
	at com.atlassian.performance.tools.jiraactions.api.page.WebDriverUtils.wait(WebDriverExtension.kt:25) ~[virtual-users.jar:?]
	at com.atlassian.performance.tools.jiraactions.api.page.WebDriverUtils.wait$default(WebDriverExtension.kt:19) ~[virtual-users.jar:?]
	at com.atlassian.performance.tools.jiraactions.api.page.IssueNavigatorPage.waitForIssueNavigator(IssueNavigatorPage.kt:19) ~[virtual-users.jar:?]
	at com.atlassian.performance.tools.jiraactions.api.action.SearchJqlAction$run$issueNavigatorPage$1.invoke(SearchJqlAction.kt:23) ~[virtual-users.jar:?]
	at com.atlassian.performance.tools.jiraactions.api.action.SearchJqlAction$run$issueNavigatorPage$1.invoke(SearchJqlAction.kt:12) ~[virtual-users.jar:?]
	at com.atlassian.performance.tools.jiraactions.api.measure.ActionMeter$measure$2.invoke(ActionMeter.kt:80) ~[virtual-users.jar:?]
	at com.atlassian.performance.tools.jiraactions.api.measure.ActionMeter$measure$2.invoke(ActionMeter.kt:25) ~[virtual-users.jar:?]
	at com.atlassian.performance.tools.jiraactions.api.measure.ActionMeter.record(ActionMeter.kt:102) ~[virtual-users.jar:?]
	... 12 more
Caused by: org.openqa.selenium.NoSuchElementException: Cannot locate an element using By.cssSelector: div.form-body div.error
For documentation on this error, please visit: http://seleniumhq.org/exceptions/no_such_element.html
Build info: version: 'unknown', revision: 'unknown', time: 'unknown'
System info: host: 'ip-10-0-0-233', ip: '10.0.0.233', os.name: 'Linux', os.arch: 'amd64', os.version: '4.4.0-1067-aws', java.version: '1.8.0_212'
Driver info: driver.version: unknown
	at org.openqa.selenium.support.ui.ExpectedConditions.lambda$findElement$0(ExpectedConditions.java:896) ~[virtual-users.jar:?]
	at java.util.Optional.orElseThrow(Optional.java:290) ~[?:1.8.0_212]
	at org.openqa.selenium.support.ui.ExpectedConditions.findElement(ExpectedConditions.java:895) ~[virtual-users.jar:?]
	at org.openqa.selenium.support.ui.ExpectedConditions.access$000(ExpectedConditions.java:44) ~[virtual-users.jar:?]
	at org.openqa.selenium.support.ui.ExpectedConditions$6.apply(ExpectedConditions.java:183) ~[virtual-users.jar:?]
	at org.openqa.selenium.support.ui.ExpectedConditions$6.apply(ExpectedConditions.java:180) ~[virtual-users.jar:?]
	at org.openqa.selenium.support.ui.ExpectedConditions$47.apply(ExpectedConditions.java:1427) ~[virtual-users.jar:?]
	at org.openqa.selenium.support.ui.ExpectedConditions$47.apply(ExpectedConditions.java:1421) ~[virtual-users.jar:?]
	at org.openqa.selenium.support.ui.ExpectedConditions$47.apply(ExpectedConditions.java:1427) ~[virtual-users.jar:?]
	at org.openqa.selenium.support.ui.ExpectedConditions$47.apply(ExpectedConditions.java:1421) ~[virtual-users.jar:?]
	at org.openqa.selenium.support.ui.FluentWait.until(FluentWait.java:248) ~[virtual-users.jar:?]
	at com.atlassian.performance.tools.jiraactions.api.page.WebDriverUtils.wait(WebDriverExtension.kt:25) ~[virtual-users.jar:?]
	at com.atlassian.performance.tools.jiraactions.api.page.WebDriverUtils.wait$default(WebDriverExtension.kt:19) ~[virtual-users.jar:?]
	at com.atlassian.performance.tools.jiraactions.api.page.IssueNavigatorPage.waitForIssueNavigator(IssueNavigatorPage.kt:19) ~[virtual-users.jar:?]
	at com.atlassian.performance.tools.jiraactions.api.action.SearchJqlAction$run$issueNavigatorPage$1.invoke(SearchJqlAction.kt:23) ~[virtual-users.jar:?]
	at com.atlassian.performance.tools.jiraactions.api.action.SearchJqlAction$run$issueNavigatorPage$1.invoke(SearchJqlAction.kt:12) ~[virtual-users.jar:?]
	at com.atlassian.performance.tools.jiraactions.api.measure.ActionMeter$measure$2.invoke(ActionMeter.kt:80) ~[virtual-users.jar:?]
	at com.atlassian.performance.tools.jiraactions.api.measure.ActionMeter$measure$2.invoke(ActionMeter.kt:25) ~[virtual-users.jar:?]
	at com.atlassian.performance.tools.jiraactions.api.measure.ActionMeter.record(ActionMeter.kt:102) ~[virtual-users.jar:?]
	... 12 more
2019-07-22T12:59:48,550Z ERROR {} [applying load #1f7dcd7b-c382-4cb3-b8aa-a3b9718be0bf] [ExploratoryVirtualUser] Failed to run com.atlassian.performance.tools.jiraactions.api.action.SearchJqlAction@78470a80, but we keep running
java.lang.Exception: Failed to run com.atlassian.performance.tools.jiraactions.api.action.SearchJqlAction@78470a80
	at com.atlassian.performance.tools.virtualusers.ExploratoryVirtualUser.runWithDiagnostics(ExploratoryVirtualUser.kt:82) ~[virtual-users.jar:?]
	at com.atlassian.performance.tools.virtualusers.ExploratoryVirtualUser.applyLoad(ExploratoryVirtualUser.kt:56) [virtual-users.jar:?]
	at com.atlassian.performance.tools.virtualusers.LoadTest.applyLoad(LoadTest.kt:164) [virtual-users.jar:?]
	at com.atlassian.performance.tools.virtualusers.LoadTest.access$applyLoad(LoadTest.kt:36) [virtual-users.jar:?]
	at com.atlassian.performance.tools.virtualusers.LoadTest$applyLoad$$inlined$forEach$lambda$1.run(LoadTest.kt:111) [virtual-users.jar:?]
	at java.util.concurrent.Executors$RunnableAdapter.call(Executors.java:511) [?:1.8.0_212]
	at java.util.concurrent.FutureTask.run(FutureTask.java:266) [?:1.8.0_212]
	at java.util.concurrent.ThreadPoolExecutor.runWorker(ThreadPoolExecutor.java:1149) [?:1.8.0_212]
	at java.util.concurrent.ThreadPoolExecutor$Worker.run(ThreadPoolExecutor.java:624) [?:1.8.0_212]
	at java.lang.Thread.run(Thread.java:748) [?:1.8.0_212]
Caused by: java.lang.Exception: Action 'Search with JQL' ERROR
	at com.atlassian.performance.tools.jiraactions.api.measure.ActionMeter.record(ActionMeter.kt:132) ~[virtual-users.jar:?]
	at com.atlassian.performance.tools.jiraactions.api.measure.ActionMeter.measure(ActionMeter.kt:79) ~[virtual-users.jar:?]
	at com.atlassian.performance.tools.jiraactions.api.action.SearchJqlAction.run(SearchJqlAction.kt:21) ~[virtual-users.jar:?]
	at com.atlassian.performance.tools.virtualusers.ExploratoryVirtualUser.runWithDiagnostics(ExploratoryVirtualUser.kt:79) ~[virtual-users.jar:?]
	... 9 more
Caused by: org.openqa.selenium.TimeoutException: Expected condition failed: waiting for at least one condition to be valid: all conditions to be valid: at least one condition to be valid: presence of element located by: By.cssSelector: ol.issue-list || presence of element located by: By.id: issuetable || presence of element located by: By.id: issue-content && presence of element located by: By.id: key-val && presence of element located by: By.className: issue-body-content || presence of element located by: By.className: no-results-hint || at least one condition to be valid: presence of element located by: By.cssSelector: section div.aui-message.error || presence of element located by: By.id: errorPageContainer || presence of element located by: By.cssSelector: div.form-body div.error (tried for 30 second(s) with 50 milliseconds interval)
	at org.openqa.selenium.support.ui.WebDriverWait.timeoutException(WebDriverWait.java:81) ~[virtual-users.jar:?]
	at org.openqa.selenium.support.ui.FluentWait.until(FluentWait.java:271) ~[virtual-users.jar:?]
	at com.atlassian.performance.tools.jiraactions.api.page.WebDriverUtils.wait(WebDriverExtension.kt:25) ~[virtual-users.jar:?]
	at com.atlassian.performance.tools.jiraactions.api.page.WebDriverUtils.wait$default(WebDriverExtension.kt:19) ~[virtual-users.jar:?]
	at com.atlassian.performance.tools.jiraactions.api.page.IssueNavigatorPage.waitForIssueNavigator(IssueNavigatorPage.kt:19) ~[virtual-users.jar:?]
	at com.atlassian.performance.tools.jiraactions.api.action.SearchJqlAction$run$issueNavigatorPage$1.invoke(SearchJqlAction.kt:23) ~[virtual-users.jar:?]
	at com.atlassian.performance.tools.jiraactions.api.action.SearchJqlAction$run$issueNavigatorPage$1.invoke(SearchJqlAction.kt:12) ~[virtual-users.jar:?]
	at com.atlassian.performance.tools.jiraactions.api.measure.ActionMeter$measure$2.invoke(ActionMeter.kt:80) ~[virtual-users.jar:?]
	at com.atlassian.performance.tools.jiraactions.api.measure.ActionMeter$measure$2.invoke(ActionMeter.kt:25) ~[virtual-users.jar:?]
	at com.atlassian.performance.tools.jiraactions.api.measure.ActionMeter.record(ActionMeter.kt:102) ~[virtual-users.jar:?]
	at com.atlassian.performance.tools.jiraactions.api.measure.ActionMeter.measure(ActionMeter.kt:79) ~[virtual-users.jar:?]
	at com.atlassian.performance.tools.jiraactions.api.action.SearchJqlAction.run(SearchJqlAction.kt:21) ~[virtual-users.jar:?]
	at com.atlassian.performance.tools.virtualusers.ExploratoryVirtualUser.runWithDiagnostics(ExploratoryVirtualUser.kt:79) ~[virtual-users.jar:?]
	... 9 more
Caused by: org.openqa.selenium.NoSuchElementException: Cannot locate an element using By.cssSelector: div.form-body div.error
For documentation on this error, please visit: http://seleniumhq.org/exceptions/no_such_element.html
Build info: version: 'unknown', revision: 'unknown', time: 'unknown'
System info: host: 'ip-10-0-0-233', ip: '10.0.0.233', os.name: 'Linux', os.arch: 'amd64', os.version: '4.4.0-1067-aws', java.version: '1.8.0_212'
Driver info: driver.version: unknown
	at org.openqa.selenium.support.ui.ExpectedConditions.lambda$findElement$0(ExpectedConditions.java:896) ~[virtual-users.jar:?]
	at java.util.Optional.orElseThrow(Optional.java:290) ~[?:1.8.0_212]
	at org.openqa.selenium.support.ui.ExpectedConditions.findElement(ExpectedConditions.java:895) ~[virtual-users.jar:?]
	at org.openqa.selenium.support.ui.ExpectedConditions.access$000(ExpectedConditions.java:44) ~[virtual-users.jar:?]
	at org.openqa.selenium.support.ui.ExpectedConditions$6.apply(ExpectedConditions.java:183) ~[virtual-users.jar:?]
	at org.openqa.selenium.support.ui.ExpectedConditions$6.apply(ExpectedConditions.java:180) ~[virtual-users.jar:?]
	at org.openqa.selenium.support.ui.ExpectedConditions$47.apply(ExpectedConditions.java:1427) ~[virtual-users.jar:?]
	at org.openqa.selenium.support.ui.ExpectedConditions$47.apply(ExpectedConditions.java:1421) ~[virtual-users.jar:?]
	at org.openqa.selenium.support.ui.ExpectedConditions$47.apply(ExpectedConditions.java:1427) ~[virtual-users.jar:?]
	at org.openqa.selenium.support.ui.ExpectedConditions$47.apply(ExpectedConditions.java:1421) ~[virtual-users.jar:?]
	at org.openqa.selenium.support.ui.FluentWait.until(FluentWait.java:248) ~[virtual-users.jar:?]
	at com.atlassian.performance.tools.jiraactions.api.page.WebDriverUtils.wait(WebDriverExtension.kt:25) ~[virtual-users.jar:?]
	at com.atlassian.performance.tools.jiraactions.api.page.WebDriverUtils.wait$default(WebDriverExtension.kt:19) ~[virtual-users.jar:?]
	at com.atlassian.performance.tools.jiraactions.api.page.IssueNavigatorPage.waitForIssueNavigator(IssueNavigatorPage.kt:19) ~[virtual-users.jar:?]
	at com.atlassian.performance.tools.jiraactions.api.action.SearchJqlAction$run$issueNavigatorPage$1.invoke(SearchJqlAction.kt:23) ~[virtual-users.jar:?]
	at com.atlassian.performance.tools.jiraactions.api.action.SearchJqlAction$run$issueNavigatorPage$1.invoke(SearchJqlAction.kt:12) ~[virtual-users.jar:?]
	at com.atlassian.performance.tools.jiraactions.api.measure.ActionMeter$measure$2.invoke(ActionMeter.kt:80) ~[virtual-users.jar:?]
	at com.atlassian.performance.tools.jiraactions.api.measure.ActionMeter$measure$2.invoke(ActionMeter.kt:25) ~[virtual-users.jar:?]
	at com.atlassian.performance.tools.jiraactions.api.measure.ActionMeter.record(ActionMeter.kt:102) ~[virtual-users.jar:?]
	at com.atlassian.performance.tools.jiraactions.api.measure.ActionMeter.measure(ActionMeter.kt:79) ~[virtual-users.jar:?]
	at com.atlassian.performance.tools.jiraactions.api.action.SearchJqlAction.run(SearchJqlAction.kt:21) ~[virtual-users.jar:?]
	at com.atlassian.performance.tools.virtualusers.ExploratoryVirtualUser.runWithDiagnostics(ExploratoryVirtualUser.kt:79) ~[virtual-users.jar:?]
	... 9 more
2019-07-22T12:59:53,320Z DEBUG {} [applying load #1f7dcd7b-c382-4cb3-b8aa-a3b9718be0bf] [ViewBacklogAction] Skipping View Backlog. I have no knowledge of Boards.
2019-07-22T12:59:56,322Z DEBUG {} [applying load #8cd1a712-f4b4-46ed-befd-e8c3aca03d8a] [SeededRandom] Using seed 1563800396
2019-07-22T13:00:02,755Z DEBUG {} [applying load #1f7dcd7b-c382-4cb3-b8aa-a3b9718be0bf] [ViewBacklogAction] Skipping View Backlog. I have no knowledge of Boards.
2019-07-22T13:00:05,565Z DEBUG {} [applying load #1f7dcd7b-c382-4cb3-b8aa-a3b9718be0bf] [ViewBacklogAction] Skipping View Backlog. I have no knowledge of Boards.
2019-07-22T13:00:08,643Z DEBUG {} [applying load #1f7dcd7b-c382-4cb3-b8aa-a3b9718be0bf] [SeededRandom] Using seed 1563800408
2019-07-22T13:00:10,841Z DEBUG {} [applying load #8dc8658a-2fa9-4e2b-af0a-02629f5854ac] [SeededRandom] Using seed 1563800410
2019-07-22T13:00:19,065Z DEBUG {} [applying load #59b5c97f-cca3-4de6-a969-6fabe52b2a98] [SeededRandom] Using seed 1563800419
2019-07-22T13:00:36,791Z DEBUG {} [applying load #f02d292d-ad15-45a6-9528-9220ad08ce4f] [SeededRandom] Using seed 1563800436
2019-07-22T13:00:43,643Z DEBUG {} [applying load #18d55f82-6733-4538-8342-6150daa90495] [ViewBacklogAction] Skipping View Backlog. I have no knowledge of Boards.
2019-07-22T13:00:47,851Z DEBUG {} [applying load #8cd1a712-f4b4-46ed-befd-e8c3aca03d8a] [SeededRandom] Using seed 1563800447
2019-07-22T13:00:48,636Z DEBUG {} [applying load #7e7e4356-92eb-4af6-9671-b22b9d03f198] [SeededRandom] Using seed 1563800448
2019-07-22T13:00:54,958Z DEBUG {} [applying load #18d55f82-6733-4538-8342-6150daa90495] [ViewBacklogAction] Skipping View Backlog. I have no knowledge of Boards.
2019-07-22T13:01:14,236Z DEBUG {} [applying load #8dc8658a-2fa9-4e2b-af0a-02629f5854ac] [SeededRandom] Using seed 1563800474
2019-07-22T13:01:16,443Z DEBUG {} [applying load #8aa37d03-2227-4989-9931-243672ea7efd] [SeededRandom] Using seed 1563800476
2019-07-22T13:01:22,862Z DEBUG {} [applying load #1f7dcd7b-c382-4cb3-b8aa-a3b9718be0bf] [ViewBoardAction] Skipping View Board. I have no knowledge of Boards.
2019-07-22T13:01:27,417Z DEBUG {} [applying load #a5316aab-bcb8-46be-89ba-f63dcd77f469] [SeededRandom] Using seed 1563800487
2019-07-22T13:01:29,011Z DEBUG {} [applying load #1f7dcd7b-c382-4cb3-b8aa-a3b9718be0bf] [SeededRandom] Using seed 1563800489
2019-07-22T13:01:44,587Z DEBUG {} [applying load #a5316aab-bcb8-46be-89ba-f63dcd77f469] [SeededRandom] Using seed 1563800504
2019-07-22T13:01:49,055Z DEBUG {} [applying load #f02d292d-ad15-45a6-9528-9220ad08ce4f] [SeededRandom] Using seed 1563800509
2019-07-22T13:02:03,434Z DEBUG {} [applying load #8cd1a712-f4b4-46ed-befd-e8c3aca03d8a] [SeededRandom] Using seed 1563800523
2019-07-22T13:02:05,430Z DEBUG {} [applying load #7e7e4356-92eb-4af6-9671-b22b9d03f198] [SeededRandom] Using seed 1563800525
2019-07-22T13:02:07,249Z DEBUG {} [applying load #f02d292d-ad15-45a6-9528-9220ad08ce4f] [SeededRandom] Using seed 1563800527
2019-07-22T13:02:09,330Z DEBUG {} [applying load #18d55f82-6733-4538-8342-6150daa90495] [ViewBoardAction] Skipping View Board. I have no knowledge of Boards.
2019-07-22T13:02:09,487Z DEBUG {} [applying load #59b5c97f-cca3-4de6-a969-6fabe52b2a98] [SeededRandom] Using seed 1563800529
2019-07-22T13:02:11,118Z DEBUG {} [applying load #8cd1a712-f4b4-46ed-befd-e8c3aca03d8a] [SeededRandom] Using seed 1563800531
2019-07-22T13:02:11,622Z DEBUG {} [applying load #1f7dcd7b-c382-4cb3-b8aa-a3b9718be0bf] [SeededRandom] Using seed 1563800531
2019-07-22T13:02:15,060Z DEBUG {} [applying load #18d55f82-6733-4538-8342-6150daa90495] [SeededRandom] Using seed 1563800535
2019-07-22T13:02:20,059Z DEBUG {} [applying load #a5316aab-bcb8-46be-89ba-f63dcd77f469] [SeededRandom] Using seed 1563800540
2019-07-22T13:02:20,476Z DEBUG {} [applying load #59b5c97f-cca3-4de6-a969-6fabe52b2a98] [SeededRandom] Using seed 1563800540
2019-07-22T13:02:33,044Z DEBUG {} [applying load #18d55f82-6733-4538-8342-6150daa90495] [ViewBacklogAction] Skipping View Backlog. I have no knowledge of Boards.
2019-07-22T13:02:44,491Z DEBUG {} [applying load #59b5c97f-cca3-4de6-a969-6fabe52b2a98] [SeededRandom] Using seed 1563800564
2019-07-22T13:02:45,170Z DEBUG {} [applying load #8dc8658a-2fa9-4e2b-af0a-02629f5854ac] [SeededRandom] Using seed 1563800565
2019-07-22T13:02:49,410Z DEBUG {} [applying load #59b5c97f-cca3-4de6-a969-6fabe52b2a98] [SeededRandom] Using seed 1563800569
2019-07-22T13:03:03,780Z DEBUG {} [applying load #18d55f82-6733-4538-8342-6150daa90495] [SeededRandom] Using seed 1563800583
2019-07-22T13:03:17,414Z DEBUG {} [applying load #59b5c97f-cca3-4de6-a969-6fabe52b2a98] [SeededRandom] Using seed 1563800597
2019-07-22T13:03:46,534Z DEBUG {} [applying load #8cd1a712-f4b4-46ed-befd-e8c3aca03d8a] [SeededRandom] Using seed 1563800626
2019-07-22T13:04:05,041Z DEBUG {} [applying load #8cd1a712-f4b4-46ed-befd-e8c3aca03d8a] [SeededRandom] Using seed 1563800645
2019-07-22T13:04:07,967Z DEBUG {} [applying load #1f7dcd7b-c382-4cb3-b8aa-a3b9718be0bf] [SeededRandom] Using seed 1563800647
2019-07-22T13:04:14,928Z DEBUG {} [applying load #1f7dcd7b-c382-4cb3-b8aa-a3b9718be0bf] [SeededRandom] Using seed 1563800654
2019-07-22T13:04:20,533Z DEBUG {} [applying load #eef81577-7d1a-44d1-9248-a578c922bb3f] [SeededRandom] Using seed 1563800660
2019-07-22T13:04:21,990Z DEBUG {} [applying load #1f7dcd7b-c382-4cb3-b8aa-a3b9718be0bf] [SeededRandom] Using seed 1563800661
2019-07-22T13:04:30,862Z DEBUG {} [applying load #7e7e4356-92eb-4af6-9671-b22b9d03f198] [SeededRandom] Using seed 1563800670
2019-07-22T13:05:07,324Z DEBUG {} [applying load #8cd1a712-f4b4-46ed-befd-e8c3aca03d8a] [SeededRandom] Using seed 1563800707
2019-07-22T13:05:15,839Z DEBUG {} [applying load #a5316aab-bcb8-46be-89ba-f63dcd77f469] [SeededRandom] Using seed 1563800715
2019-07-22T13:05:17,648Z DEBUG {} [applying load #7e7e4356-92eb-4af6-9671-b22b9d03f198] [SeededRandom] Using seed 1563800717
2019-07-22T13:05:19,082Z DEBUG {} [applying load #1f7dcd7b-c382-4cb3-b8aa-a3b9718be0bf] [SeededRandom] Using seed 1563800719
2019-07-22T13:05:23,379Z DEBUG {} [applying load #a5316aab-bcb8-46be-89ba-f63dcd77f469] [SeededRandom] Using seed 1563800723
2019-07-22T13:05:35,853Z DEBUG {} [applying load #eef81577-7d1a-44d1-9248-a578c922bb3f] [SeededRandom] Using seed 1563800735
2019-07-22T13:05:37,384Z DEBUG {} [applying load #a5316aab-bcb8-46be-89ba-f63dcd77f469] [SeededRandom] Using seed 1563800737
2019-07-22T13:05:41,840Z DEBUG {} [applying load #8dc8658a-2fa9-4e2b-af0a-02629f5854ac] [SeededRandom] Using seed 1563800741
2019-07-22T13:05:44,388Z DEBUG {} [applying load #eef81577-7d1a-44d1-9248-a578c922bb3f] [SeededRandom] Using seed 1563800744
2019-07-22T13:05:48,780Z DEBUG {} [applying load #a5316aab-bcb8-46be-89ba-f63dcd77f469] [SeededRandom] Using seed 1563800748
2019-07-22T13:05:50,290Z DEBUG {} [applying load #8dc8658a-2fa9-4e2b-af0a-02629f5854ac] [SeededRandom] Using seed 1563800750
2019-07-22T13:05:51,782Z DEBUG {} [applying load #59b5c97f-cca3-4de6-a969-6fabe52b2a98] [SeededRandom] Using seed 1563800751
2019-07-22T13:06:20,744Z DEBUG {} [applying load #7e7e4356-92eb-4af6-9671-b22b9d03f198] [SeededRandom] Using seed 1563800780
2019-07-22T13:06:26,767Z DEBUG {} [applying load #7e7e4356-92eb-4af6-9671-b22b9d03f198] [SeededRandom] Using seed 1563800786
2019-07-22T13:06:29,953Z DEBUG {} [applying load #a5316aab-bcb8-46be-89ba-f63dcd77f469] [SeededRandom] Using seed 1563800789
2019-07-22T13:06:36,560Z ERROR {} [applying load #a2039b28-76c0-43d8-9fef-52556a9b7086] [WebDriverDiagnostics] URL: http://jpt-0e8cf-loadbala-13pu7nwaohba-1805958026.eu-west-1.elb.amazonaws.com/secure/RapidBoard.jspa?rapidView=631&view=planning, HTML dumped at diagnoses/9cd28de7-37ac-4eb7-8d97-f243ef613867/dump.html, screenshot saved to diagnoses/9cd28de7-37ac-4eb7-8d97-f243ef613867/screenshot.png
java.lang.Exception: Action 'View Backlog' ERROR
	at com.atlassian.performance.tools.jiraactions.api.measure.ActionMeter.record(ActionMeter.kt:132) ~[virtual-users.jar:?]
	at com.atlassian.performance.tools.jiraactions.api.measure.ActionMeter.measure(ActionMeter.kt:79) ~[virtual-users.jar:?]
	at com.atlassian.performance.tools.jirasoftwareactions.api.actions.ViewBacklogAction.run(ViewBacklogAction.kt:56) ~[virtual-users.jar:?]
	at com.atlassian.performance.tools.virtualusers.ExploratoryVirtualUser.runWithDiagnostics(ExploratoryVirtualUser.kt:79) [virtual-users.jar:?]
	at com.atlassian.performance.tools.virtualusers.ExploratoryVirtualUser.applyLoad(ExploratoryVirtualUser.kt:56) [virtual-users.jar:?]
	at com.atlassian.performance.tools.virtualusers.LoadTest.applyLoad(LoadTest.kt:164) [virtual-users.jar:?]
	at com.atlassian.performance.tools.virtualusers.LoadTest.access$applyLoad(LoadTest.kt:36) [virtual-users.jar:?]
	at com.atlassian.performance.tools.virtualusers.LoadTest$applyLoad$$inlined$forEach$lambda$1.run(LoadTest.kt:111) [virtual-users.jar:?]
	at java.util.concurrent.Executors$RunnableAdapter.call(Executors.java:511) [?:1.8.0_212]
	at java.util.concurrent.FutureTask.run(FutureTask.java:266) [?:1.8.0_212]
	at java.util.concurrent.ThreadPoolExecutor.runWorker(ThreadPoolExecutor.java:1149) [?:1.8.0_212]
	at java.util.concurrent.ThreadPoolExecutor$Worker.run(ThreadPoolExecutor.java:624) [?:1.8.0_212]
	at java.lang.Thread.run(Thread.java:748) [?:1.8.0_212]
Caused by: org.openqa.selenium.TimeoutException: Expected condition failed: waiting for presence of element located by: By.cssSelector: #ghx-backlog[data-rendered]:not(.browser-metrics-stale) (tried for 30 second(s) with 50 milliseconds interval)
	at org.openqa.selenium.support.ui.WebDriverWait.timeoutException(WebDriverWait.java:81) ~[virtual-users.jar:?]
	at org.openqa.selenium.support.ui.FluentWait.until(FluentWait.java:271) ~[virtual-users.jar:?]
	at com.atlassian.performance.tools.jiraactions.api.page.WebDriverUtils.wait(WebDriverExtension.kt:25) ~[virtual-users.jar:?]
	at com.atlassian.performance.tools.jiraactions.api.page.WebDriverUtils.wait$default(WebDriverExtension.kt:19) ~[virtual-users.jar:?]
	at com.atlassian.performance.tools.jirasoftwareactions.api.page.ViewBacklogPage.waitForBacklog(ViewBacklogPage.kt:12) ~[virtual-users.jar:?]
	at com.atlassian.performance.tools.jirasoftwareactions.api.actions.ViewBacklogAction$run$1.invoke(ViewBacklogAction.kt:60) ~[virtual-users.jar:?]
	at com.atlassian.performance.tools.jirasoftwareactions.api.actions.ViewBacklogAction$run$1.invoke(ViewBacklogAction.kt:15) ~[virtual-users.jar:?]
	at com.atlassian.performance.tools.jiraactions.api.measure.ActionMeter$measure$2.invoke(ActionMeter.kt:80) ~[virtual-users.jar:?]
	at com.atlassian.performance.tools.jiraactions.api.measure.ActionMeter$measure$2.invoke(ActionMeter.kt:25) ~[virtual-users.jar:?]
	at com.atlassian.performance.tools.jiraactions.api.measure.ActionMeter.record(ActionMeter.kt:102) ~[virtual-users.jar:?]
	... 12 more
Caused by: org.openqa.selenium.NoSuchElementException: Cannot locate an element using By.cssSelector: #ghx-backlog[data-rendered]:not(.browser-metrics-stale)
For documentation on this error, please visit: http://seleniumhq.org/exceptions/no_such_element.html
Build info: version: 'unknown', revision: 'unknown', time: 'unknown'
System info: host: 'ip-10-0-0-233', ip: '10.0.0.233', os.name: 'Linux', os.arch: 'amd64', os.version: '4.4.0-1067-aws', java.version: '1.8.0_212'
Driver info: driver.version: unknown
	at org.openqa.selenium.support.ui.ExpectedConditions.lambda$findElement$0(ExpectedConditions.java:896) ~[virtual-users.jar:?]
	at java.util.Optional.orElseThrow(Optional.java:290) ~[?:1.8.0_212]
	at org.openqa.selenium.support.ui.ExpectedConditions.findElement(ExpectedConditions.java:895) ~[virtual-users.jar:?]
	at org.openqa.selenium.support.ui.ExpectedConditions.access$000(ExpectedConditions.java:44) ~[virtual-users.jar:?]
	at org.openqa.selenium.support.ui.ExpectedConditions$6.apply(ExpectedConditions.java:183) ~[virtual-users.jar:?]
	at org.openqa.selenium.support.ui.ExpectedConditions$6.apply(ExpectedConditions.java:180) ~[virtual-users.jar:?]
	at org.openqa.selenium.support.ui.FluentWait.until(FluentWait.java:248) ~[virtual-users.jar:?]
	at com.atlassian.performance.tools.jiraactions.api.page.WebDriverUtils.wait(WebDriverExtension.kt:25) ~[virtual-users.jar:?]
	at com.atlassian.performance.tools.jiraactions.api.page.WebDriverUtils.wait$default(WebDriverExtension.kt:19) ~[virtual-users.jar:?]
	at com.atlassian.performance.tools.jirasoftwareactions.api.page.ViewBacklogPage.waitForBacklog(ViewBacklogPage.kt:12) ~[virtual-users.jar:?]
	at com.atlassian.performance.tools.jirasoftwareactions.api.actions.ViewBacklogAction$run$1.invoke(ViewBacklogAction.kt:60) ~[virtual-users.jar:?]
	at com.atlassian.performance.tools.jirasoftwareactions.api.actions.ViewBacklogAction$run$1.invoke(ViewBacklogAction.kt:15) ~[virtual-users.jar:?]
	at com.atlassian.performance.tools.jiraactions.api.measure.ActionMeter$measure$2.invoke(ActionMeter.kt:80) ~[virtual-users.jar:?]
	at com.atlassian.performance.tools.jiraactions.api.measure.ActionMeter$measure$2.invoke(ActionMeter.kt:25) ~[virtual-users.jar:?]
	at com.atlassian.performance.tools.jiraactions.api.measure.ActionMeter.record(ActionMeter.kt:102) ~[virtual-users.jar:?]
	... 12 more
2019-07-22T13:06:36,562Z INFO  {} [applying load #a2039b28-76c0-43d8-9fef-52556a9b7086] [DiagnosisPatience] Lost patience after waiting PT39.127S for diagnosis, no more diagnoses will be made
2019-07-22T13:06:36,562Z ERROR {} [applying load #a2039b28-76c0-43d8-9fef-52556a9b7086] [ExploratoryVirtualUser] Failed to run com.atlassian.performance.tools.jirasoftwareactions.api.actions.ViewBacklogAction@24fe16e8, but we keep running
java.lang.Exception: Failed to run com.atlassian.performance.tools.jirasoftwareactions.api.actions.ViewBacklogAction@24fe16e8
	at com.atlassian.performance.tools.virtualusers.ExploratoryVirtualUser.runWithDiagnostics(ExploratoryVirtualUser.kt:82) ~[virtual-users.jar:?]
	at com.atlassian.performance.tools.virtualusers.ExploratoryVirtualUser.applyLoad(ExploratoryVirtualUser.kt:56) [virtual-users.jar:?]
	at com.atlassian.performance.tools.virtualusers.LoadTest.applyLoad(LoadTest.kt:164) [virtual-users.jar:?]
	at com.atlassian.performance.tools.virtualusers.LoadTest.access$applyLoad(LoadTest.kt:36) [virtual-users.jar:?]
	at com.atlassian.performance.tools.virtualusers.LoadTest$applyLoad$$inlined$forEach$lambda$1.run(LoadTest.kt:111) [virtual-users.jar:?]
	at java.util.concurrent.Executors$RunnableAdapter.call(Executors.java:511) [?:1.8.0_212]
	at java.util.concurrent.FutureTask.run(FutureTask.java:266) [?:1.8.0_212]
	at java.util.concurrent.ThreadPoolExecutor.runWorker(ThreadPoolExecutor.java:1149) [?:1.8.0_212]
	at java.util.concurrent.ThreadPoolExecutor$Worker.run(ThreadPoolExecutor.java:624) [?:1.8.0_212]
	at java.lang.Thread.run(Thread.java:748) [?:1.8.0_212]
Caused by: java.lang.Exception: Action 'View Backlog' ERROR
	at com.atlassian.performance.tools.jiraactions.api.measure.ActionMeter.record(ActionMeter.kt:132) ~[virtual-users.jar:?]
	at com.atlassian.performance.tools.jiraactions.api.measure.ActionMeter.measure(ActionMeter.kt:79) ~[virtual-users.jar:?]
	at com.atlassian.performance.tools.jirasoftwareactions.api.actions.ViewBacklogAction.run(ViewBacklogAction.kt:56) ~[virtual-users.jar:?]
	at com.atlassian.performance.tools.virtualusers.ExploratoryVirtualUser.runWithDiagnostics(ExploratoryVirtualUser.kt:79) ~[virtual-users.jar:?]
	... 9 more
Caused by: org.openqa.selenium.TimeoutException: Expected condition failed: waiting for presence of element located by: By.cssSelector: #ghx-backlog[data-rendered]:not(.browser-metrics-stale) (tried for 30 second(s) with 50 milliseconds interval)
	at org.openqa.selenium.support.ui.WebDriverWait.timeoutException(WebDriverWait.java:81) ~[virtual-users.jar:?]
	at org.openqa.selenium.support.ui.FluentWait.until(FluentWait.java:271) ~[virtual-users.jar:?]
	at com.atlassian.performance.tools.jiraactions.api.page.WebDriverUtils.wait(WebDriverExtension.kt:25) ~[virtual-users.jar:?]
	at com.atlassian.performance.tools.jiraactions.api.page.WebDriverUtils.wait$default(WebDriverExtension.kt:19) ~[virtual-users.jar:?]
	at com.atlassian.performance.tools.jirasoftwareactions.api.page.ViewBacklogPage.waitForBacklog(ViewBacklogPage.kt:12) ~[virtual-users.jar:?]
	at com.atlassian.performance.tools.jirasoftwareactions.api.actions.ViewBacklogAction$run$1.invoke(ViewBacklogAction.kt:60) ~[virtual-users.jar:?]
	at com.atlassian.performance.tools.jirasoftwareactions.api.actions.ViewBacklogAction$run$1.invoke(ViewBacklogAction.kt:15) ~[virtual-users.jar:?]
	at com.atlassian.performance.tools.jiraactions.api.measure.ActionMeter$measure$2.invoke(ActionMeter.kt:80) ~[virtual-users.jar:?]
	at com.atlassian.performance.tools.jiraactions.api.measure.ActionMeter$measure$2.invoke(ActionMeter.kt:25) ~[virtual-users.jar:?]
	at com.atlassian.performance.tools.jiraactions.api.measure.ActionMeter.record(ActionMeter.kt:102) ~[virtual-users.jar:?]
	at com.atlassian.performance.tools.jiraactions.api.measure.ActionMeter.measure(ActionMeter.kt:79) ~[virtual-users.jar:?]
	at com.atlassian.performance.tools.jirasoftwareactions.api.actions.ViewBacklogAction.run(ViewBacklogAction.kt:56) ~[virtual-users.jar:?]
	at com.atlassian.performance.tools.virtualusers.ExploratoryVirtualUser.runWithDiagnostics(ExploratoryVirtualUser.kt:79) ~[virtual-users.jar:?]
	... 9 more
Caused by: org.openqa.selenium.NoSuchElementException: Cannot locate an element using By.cssSelector: #ghx-backlog[data-rendered]:not(.browser-metrics-stale)
For documentation on this error, please visit: http://seleniumhq.org/exceptions/no_such_element.html
Build info: version: 'unknown', revision: 'unknown', time: 'unknown'
System info: host: 'ip-10-0-0-233', ip: '10.0.0.233', os.name: 'Linux', os.arch: 'amd64', os.version: '4.4.0-1067-aws', java.version: '1.8.0_212'
Driver info: driver.version: unknown
	at org.openqa.selenium.support.ui.ExpectedConditions.lambda$findElement$0(ExpectedConditions.java:896) ~[virtual-users.jar:?]
	at java.util.Optional.orElseThrow(Optional.java:290) ~[?:1.8.0_212]
	at org.openqa.selenium.support.ui.ExpectedConditions.findElement(ExpectedConditions.java:895) ~[virtual-users.jar:?]
	at org.openqa.selenium.support.ui.ExpectedConditions.access$000(ExpectedConditions.java:44) ~[virtual-users.jar:?]
	at org.openqa.selenium.support.ui.ExpectedConditions$6.apply(ExpectedConditions.java:183) ~[virtual-users.jar:?]
	at org.openqa.selenium.support.ui.ExpectedConditions$6.apply(ExpectedConditions.java:180) ~[virtual-users.jar:?]
	at org.openqa.selenium.support.ui.FluentWait.until(FluentWait.java:248) ~[virtual-users.jar:?]
	at com.atlassian.performance.tools.jiraactions.api.page.WebDriverUtils.wait(WebDriverExtension.kt:25) ~[virtual-users.jar:?]
	at com.atlassian.performance.tools.jiraactions.api.page.WebDriverUtils.wait$default(WebDriverExtension.kt:19) ~[virtual-users.jar:?]
	at com.atlassian.performance.tools.jirasoftwareactions.api.page.ViewBacklogPage.waitForBacklog(ViewBacklogPage.kt:12) ~[virtual-users.jar:?]
	at com.atlassian.performance.tools.jirasoftwareactions.api.actions.ViewBacklogAction$run$1.invoke(ViewBacklogAction.kt:60) ~[virtual-users.jar:?]
	at com.atlassian.performance.tools.jirasoftwareactions.api.actions.ViewBacklogAction$run$1.invoke(ViewBacklogAction.kt:15) ~[virtual-users.jar:?]
	at com.atlassian.performance.tools.jiraactions.api.measure.ActionMeter$measure$2.invoke(ActionMeter.kt:80) ~[virtual-users.jar:?]
	at com.atlassian.performance.tools.jiraactions.api.measure.ActionMeter$measure$2.invoke(ActionMeter.kt:25) ~[virtual-users.jar:?]
	at com.atlassian.performance.tools.jiraactions.api.measure.ActionMeter.record(ActionMeter.kt:102) ~[virtual-users.jar:?]
	at com.atlassian.performance.tools.jiraactions.api.measure.ActionMeter.measure(ActionMeter.kt:79) ~[virtual-users.jar:?]
	at com.atlassian.performance.tools.jirasoftwareactions.api.actions.ViewBacklogAction.run(ViewBacklogAction.kt:56) ~[virtual-users.jar:?]
	at com.atlassian.performance.tools.virtualusers.ExploratoryVirtualUser.runWithDiagnostics(ExploratoryVirtualUser.kt:79) ~[virtual-users.jar:?]
	... 9 more
2019-07-22T13:06:40,736Z DEBUG {} [applying load #1f7dcd7b-c382-4cb3-b8aa-a3b9718be0bf] [SeededRandom] Using seed 1563800800
2019-07-22T13:06:55,872Z ERROR {} [applying load #9031a274-2d3d-42dd-9553-0f229f91b2d4] [ExploratoryVirtualUser] Failed to run com.atlassian.performance.tools.jirasoftwareactions.api.actions.ViewBacklogAction@60e31a5e, but we keep running
java.lang.Exception: Failed to run com.atlassian.performance.tools.jirasoftwareactions.api.actions.ViewBacklogAction@60e31a5e
	at com.atlassian.performance.tools.virtualusers.ExploratoryVirtualUser.runWithDiagnostics(ExploratoryVirtualUser.kt:82) ~[virtual-users.jar:?]
	at com.atlassian.performance.tools.virtualusers.ExploratoryVirtualUser.applyLoad(ExploratoryVirtualUser.kt:56) [virtual-users.jar:?]
	at com.atlassian.performance.tools.virtualusers.LoadTest.applyLoad(LoadTest.kt:164) [virtual-users.jar:?]
	at com.atlassian.performance.tools.virtualusers.LoadTest.access$applyLoad(LoadTest.kt:36) [virtual-users.jar:?]
	at com.atlassian.performance.tools.virtualusers.LoadTest$applyLoad$$inlined$forEach$lambda$1.run(LoadTest.kt:111) [virtual-users.jar:?]
	at java.util.concurrent.Executors$RunnableAdapter.call(Executors.java:511) [?:1.8.0_212]
	at java.util.concurrent.FutureTask.run(FutureTask.java:266) [?:1.8.0_212]
	at java.util.concurrent.ThreadPoolExecutor.runWorker(ThreadPoolExecutor.java:1149) [?:1.8.0_212]
	at java.util.concurrent.ThreadPoolExecutor$Worker.run(ThreadPoolExecutor.java:624) [?:1.8.0_212]
	at java.lang.Thread.run(Thread.java:748) [?:1.8.0_212]
Caused by: java.lang.Exception: Action 'View Backlog' ERROR
	at com.atlassian.performance.tools.jiraactions.api.measure.ActionMeter.record(ActionMeter.kt:132) ~[virtual-users.jar:?]
	at com.atlassian.performance.tools.jiraactions.api.measure.ActionMeter.measure(ActionMeter.kt:79) ~[virtual-users.jar:?]
	at com.atlassian.performance.tools.jirasoftwareactions.api.actions.ViewBacklogAction.run(ViewBacklogAction.kt:56) ~[virtual-users.jar:?]
	at com.atlassian.performance.tools.virtualusers.ExploratoryVirtualUser.runWithDiagnostics(ExploratoryVirtualUser.kt:79) ~[virtual-users.jar:?]
	... 9 more
Caused by: org.openqa.selenium.TimeoutException: Expected condition failed: waiting for presence of element located by: By.cssSelector: #ghx-backlog[data-rendered]:not(.browser-metrics-stale) (tried for 30 second(s) with 50 milliseconds interval)
	at org.openqa.selenium.support.ui.WebDriverWait.timeoutException(WebDriverWait.java:81) ~[virtual-users.jar:?]
	at org.openqa.selenium.support.ui.FluentWait.until(FluentWait.java:271) ~[virtual-users.jar:?]
	at com.atlassian.performance.tools.jiraactions.api.page.WebDriverUtils.wait(WebDriverExtension.kt:25) ~[virtual-users.jar:?]
	at com.atlassian.performance.tools.jiraactions.api.page.WebDriverUtils.wait$default(WebDriverExtension.kt:19) ~[virtual-users.jar:?]
	at com.atlassian.performance.tools.jirasoftwareactions.api.page.ViewBacklogPage.waitForBacklog(ViewBacklogPage.kt:12) ~[virtual-users.jar:?]
	at com.atlassian.performance.tools.jirasoftwareactions.api.actions.ViewBacklogAction$run$1.invoke(ViewBacklogAction.kt:60) ~[virtual-users.jar:?]
	at com.atlassian.performance.tools.jirasoftwareactions.api.actions.ViewBacklogAction$run$1.invoke(ViewBacklogAction.kt:15) ~[virtual-users.jar:?]
	at com.atlassian.performance.tools.jiraactions.api.measure.ActionMeter$measure$2.invoke(ActionMeter.kt:80) ~[virtual-users.jar:?]
	at com.atlassian.performance.tools.jiraactions.api.measure.ActionMeter$measure$2.invoke(ActionMeter.kt:25) ~[virtual-users.jar:?]
	at com.atlassian.performance.tools.jiraactions.api.measure.ActionMeter.record(ActionMeter.kt:102) ~[virtual-users.jar:?]
	at com.atlassian.performance.tools.jiraactions.api.measure.ActionMeter.measure(ActionMeter.kt:79) ~[virtual-users.jar:?]
	at com.atlassian.performance.tools.jirasoftwareactions.api.actions.ViewBacklogAction.run(ViewBacklogAction.kt:56) ~[virtual-users.jar:?]
	at com.atlassian.performance.tools.virtualusers.ExploratoryVirtualUser.runWithDiagnostics(ExploratoryVirtualUser.kt:79) ~[virtual-users.jar:?]
	... 9 more
Caused by: org.openqa.selenium.NoSuchElementException: Cannot locate an element using By.cssSelector: #ghx-backlog[data-rendered]:not(.browser-metrics-stale)
For documentation on this error, please visit: http://seleniumhq.org/exceptions/no_such_element.html
Build info: version: 'unknown', revision: 'unknown', time: 'unknown'
System info: host: 'ip-10-0-0-233', ip: '10.0.0.233', os.name: 'Linux', os.arch: 'amd64', os.version: '4.4.0-1067-aws', java.version: '1.8.0_212'
Driver info: driver.version: unknown
	at org.openqa.selenium.support.ui.ExpectedConditions.lambda$findElement$0(ExpectedConditions.java:896) ~[virtual-users.jar:?]
	at java.util.Optional.orElseThrow(Optional.java:290) ~[?:1.8.0_212]
	at org.openqa.selenium.support.ui.ExpectedConditions.findElement(ExpectedConditions.java:895) ~[virtual-users.jar:?]
	at org.openqa.selenium.support.ui.ExpectedConditions.access$000(ExpectedConditions.java:44) ~[virtual-users.jar:?]
	at org.openqa.selenium.support.ui.ExpectedConditions$6.apply(ExpectedConditions.java:183) ~[virtual-users.jar:?]
	at org.openqa.selenium.support.ui.ExpectedConditions$6.apply(ExpectedConditions.java:180) ~[virtual-users.jar:?]
	at org.openqa.selenium.support.ui.FluentWait.until(FluentWait.java:248) ~[virtual-users.jar:?]
	at com.atlassian.performance.tools.jiraactions.api.page.WebDriverUtils.wait(WebDriverExtension.kt:25) ~[virtual-users.jar:?]
	at com.atlassian.performance.tools.jiraactions.api.page.WebDriverUtils.wait$default(WebDriverExtension.kt:19) ~[virtual-users.jar:?]
	at com.atlassian.performance.tools.jirasoftwareactions.api.page.ViewBacklogPage.waitForBacklog(ViewBacklogPage.kt:12) ~[virtual-users.jar:?]
	at com.atlassian.performance.tools.jirasoftwareactions.api.actions.ViewBacklogAction$run$1.invoke(ViewBacklogAction.kt:60) ~[virtual-users.jar:?]
	at com.atlassian.performance.tools.jirasoftwareactions.api.actions.ViewBacklogAction$run$1.invoke(ViewBacklogAction.kt:15) ~[virtual-users.jar:?]
	at com.atlassian.performance.tools.jiraactions.api.measure.ActionMeter$measure$2.invoke(ActionMeter.kt:80) ~[virtual-users.jar:?]
	at com.atlassian.performance.tools.jiraactions.api.measure.ActionMeter$measure$2.invoke(ActionMeter.kt:25) ~[virtual-users.jar:?]
	at com.atlassian.performance.tools.jiraactions.api.measure.ActionMeter.record(ActionMeter.kt:102) ~[virtual-users.jar:?]
	at com.atlassian.performance.tools.jiraactions.api.measure.ActionMeter.measure(ActionMeter.kt:79) ~[virtual-users.jar:?]
	at com.atlassian.performance.tools.jirasoftwareactions.api.actions.ViewBacklogAction.run(ViewBacklogAction.kt:56) ~[virtual-users.jar:?]
	at com.atlassian.performance.tools.virtualusers.ExploratoryVirtualUser.runWithDiagnostics(ExploratoryVirtualUser.kt:79) ~[virtual-users.jar:?]
	... 9 more
2019-07-22T13:06:57,954Z DEBUG {} [applying load #8dc8658a-2fa9-4e2b-af0a-02629f5854ac] [SeededRandom] Using seed 1563800817
2019-07-22T13:06:59,486Z DEBUG {} [applying load #7e7e4356-92eb-4af6-9671-b22b9d03f198] [SeededRandom] Using seed 1563800819
2019-07-22T13:07:08,529Z ERROR {} [applying load #f02d292d-ad15-45a6-9528-9220ad08ce4f] [ExploratoryVirtualUser] Failed to run com.atlassian.performance.tools.jirasoftwareactions.api.actions.ViewBacklogAction@3b60a1f6, but we keep running
java.lang.Exception: Failed to run com.atlassian.performance.tools.jirasoftwareactions.api.actions.ViewBacklogAction@3b60a1f6
	at com.atlassian.performance.tools.virtualusers.ExploratoryVirtualUser.runWithDiagnostics(ExploratoryVirtualUser.kt:82) ~[virtual-users.jar:?]
	at com.atlassian.performance.tools.virtualusers.ExploratoryVirtualUser.applyLoad(ExploratoryVirtualUser.kt:56) [virtual-users.jar:?]
	at com.atlassian.performance.tools.virtualusers.LoadTest.applyLoad(LoadTest.kt:164) [virtual-users.jar:?]
	at com.atlassian.performance.tools.virtualusers.LoadTest.access$applyLoad(LoadTest.kt:36) [virtual-users.jar:?]
	at com.atlassian.performance.tools.virtualusers.LoadTest$applyLoad$$inlined$forEach$lambda$1.run(LoadTest.kt:111) [virtual-users.jar:?]
	at java.util.concurrent.Executors$RunnableAdapter.call(Executors.java:511) [?:1.8.0_212]
	at java.util.concurrent.FutureTask.run(FutureTask.java:266) [?:1.8.0_212]
	at java.util.concurrent.ThreadPoolExecutor.runWorker(ThreadPoolExecutor.java:1149) [?:1.8.0_212]
	at java.util.concurrent.ThreadPoolExecutor$Worker.run(ThreadPoolExecutor.java:624) [?:1.8.0_212]
	at java.lang.Thread.run(Thread.java:748) [?:1.8.0_212]
Caused by: java.lang.Exception: Action 'View Backlog' ERROR
	at com.atlassian.performance.tools.jiraactions.api.measure.ActionMeter.record(ActionMeter.kt:132) ~[virtual-users.jar:?]
	at com.atlassian.performance.tools.jiraactions.api.measure.ActionMeter.measure(ActionMeter.kt:79) ~[virtual-users.jar:?]
	at com.atlassian.performance.tools.jirasoftwareactions.api.actions.ViewBacklogAction.run(ViewBacklogAction.kt:56) ~[virtual-users.jar:?]
	at com.atlassian.performance.tools.virtualusers.ExploratoryVirtualUser.runWithDiagnostics(ExploratoryVirtualUser.kt:79) ~[virtual-users.jar:?]
	... 9 more
Caused by: org.openqa.selenium.TimeoutException: Expected condition failed: waiting for presence of element located by: By.cssSelector: #ghx-backlog[data-rendered]:not(.browser-metrics-stale) (tried for 30 second(s) with 50 milliseconds interval)
	at org.openqa.selenium.support.ui.WebDriverWait.timeoutException(WebDriverWait.java:81) ~[virtual-users.jar:?]
	at org.openqa.selenium.support.ui.FluentWait.until(FluentWait.java:271) ~[virtual-users.jar:?]
	at com.atlassian.performance.tools.jiraactions.api.page.WebDriverUtils.wait(WebDriverExtension.kt:25) ~[virtual-users.jar:?]
	at com.atlassian.performance.tools.jiraactions.api.page.WebDriverUtils.wait$default(WebDriverExtension.kt:19) ~[virtual-users.jar:?]
	at com.atlassian.performance.tools.jirasoftwareactions.api.page.ViewBacklogPage.waitForBacklog(ViewBacklogPage.kt:12) ~[virtual-users.jar:?]
	at com.atlassian.performance.tools.jirasoftwareactions.api.actions.ViewBacklogAction$run$1.invoke(ViewBacklogAction.kt:60) ~[virtual-users.jar:?]
	at com.atlassian.performance.tools.jirasoftwareactions.api.actions.ViewBacklogAction$run$1.invoke(ViewBacklogAction.kt:15) ~[virtual-users.jar:?]
	at com.atlassian.performance.tools.jiraactions.api.measure.ActionMeter$measure$2.invoke(ActionMeter.kt:80) ~[virtual-users.jar:?]
	at com.atlassian.performance.tools.jiraactions.api.measure.ActionMeter$measure$2.invoke(ActionMeter.kt:25) ~[virtual-users.jar:?]
	at com.atlassian.performance.tools.jiraactions.api.measure.ActionMeter.record(ActionMeter.kt:102) ~[virtual-users.jar:?]
	at com.atlassian.performance.tools.jiraactions.api.measure.ActionMeter.measure(ActionMeter.kt:79) ~[virtual-users.jar:?]
	at com.atlassian.performance.tools.jirasoftwareactions.api.actions.ViewBacklogAction.run(ViewBacklogAction.kt:56) ~[virtual-users.jar:?]
	at com.atlassian.performance.tools.virtualusers.ExploratoryVirtualUser.runWithDiagnostics(ExploratoryVirtualUser.kt:79) ~[virtual-users.jar:?]
	... 9 more
Caused by: org.openqa.selenium.NoSuchElementException: Cannot locate an element using By.cssSelector: #ghx-backlog[data-rendered]:not(.browser-metrics-stale)
For documentation on this error, please visit: http://seleniumhq.org/exceptions/no_such_element.html
Build info: version: 'unknown', revision: 'unknown', time: 'unknown'
System info: host: 'ip-10-0-0-233', ip: '10.0.0.233', os.name: 'Linux', os.arch: 'amd64', os.version: '4.4.0-1067-aws', java.version: '1.8.0_212'
Driver info: driver.version: unknown
	at org.openqa.selenium.support.ui.ExpectedConditions.lambda$findElement$0(ExpectedConditions.java:896) ~[virtual-users.jar:?]
	at java.util.Optional.orElseThrow(Optional.java:290) ~[?:1.8.0_212]
	at org.openqa.selenium.support.ui.ExpectedConditions.findElement(ExpectedConditions.java:895) ~[virtual-users.jar:?]
	at org.openqa.selenium.support.ui.ExpectedConditions.access$000(ExpectedConditions.java:44) ~[virtual-users.jar:?]
	at org.openqa.selenium.support.ui.ExpectedConditions$6.apply(ExpectedConditions.java:183) ~[virtual-users.jar:?]
	at org.openqa.selenium.support.ui.ExpectedConditions$6.apply(ExpectedConditions.java:180) ~[virtual-users.jar:?]
	at org.openqa.selenium.support.ui.FluentWait.until(FluentWait.java:248) ~[virtual-users.jar:?]
	at com.atlassian.performance.tools.jiraactions.api.page.WebDriverUtils.wait(WebDriverExtension.kt:25) ~[virtual-users.jar:?]
	at com.atlassian.performance.tools.jiraactions.api.page.WebDriverUtils.wait$default(WebDriverExtension.kt:19) ~[virtual-users.jar:?]
	at com.atlassian.performance.tools.jirasoftwareactions.api.page.ViewBacklogPage.waitForBacklog(ViewBacklogPage.kt:12) ~[virtual-users.jar:?]
	at com.atlassian.performance.tools.jirasoftwareactions.api.actions.ViewBacklogAction$run$1.invoke(ViewBacklogAction.kt:60) ~[virtual-users.jar:?]
	at com.atlassian.performance.tools.jirasoftwareactions.api.actions.ViewBacklogAction$run$1.invoke(ViewBacklogAction.kt:15) ~[virtual-users.jar:?]
	at com.atlassian.performance.tools.jiraactions.api.measure.ActionMeter$measure$2.invoke(ActionMeter.kt:80) ~[virtual-users.jar:?]
	at com.atlassian.performance.tools.jiraactions.api.measure.ActionMeter$measure$2.invoke(ActionMeter.kt:25) ~[virtual-users.jar:?]
	at com.atlassian.performance.tools.jiraactions.api.measure.ActionMeter.record(ActionMeter.kt:102) ~[virtual-users.jar:?]
	at com.atlassian.performance.tools.jiraactions.api.measure.ActionMeter.measure(ActionMeter.kt:79) ~[virtual-users.jar:?]
	at com.atlassian.performance.tools.jirasoftwareactions.api.actions.ViewBacklogAction.run(ViewBacklogAction.kt:56) ~[virtual-users.jar:?]
	at com.atlassian.performance.tools.virtualusers.ExploratoryVirtualUser.runWithDiagnostics(ExploratoryVirtualUser.kt:79) ~[virtual-users.jar:?]
	... 9 more
2019-07-22T13:07:12,506Z DEBUG {} [applying load #1f7dcd7b-c382-4cb3-b8aa-a3b9718be0bf] [SeededRandom] Using seed 1563800832
2019-07-22T13:07:16,866Z DEBUG {} [applying load #18d55f82-6733-4538-8342-6150daa90495] [SeededRandom] Using seed 1563800836
2019-07-22T13:07:41,844Z DEBUG {} [applying load #59b5c97f-cca3-4de6-a969-6fabe52b2a98] [SeededRandom] Using seed 1563800861
2019-07-22T13:07:46,087Z DEBUG {} [applying load #18d55f82-6733-4538-8342-6150daa90495] [SeededRandom] Using seed 1563800866
2019-07-22T13:07:54,564Z DEBUG {} [applying load #8cd1a712-f4b4-46ed-befd-e8c3aca03d8a] [SeededRandom] Using seed 1563800874
2019-07-22T13:08:02,023Z DEBUG {} [applying load #18d55f82-6733-4538-8342-6150daa90495] [SeededRandom] Using seed 1563800882
2019-07-22T13:08:06,151Z DEBUG {} [applying load #18d55f82-6733-4538-8342-6150daa90495] [SeededRandom] Using seed 1563800886
2019-07-22T13:08:09,832Z DEBUG {} [applying load #18d55f82-6733-4538-8342-6150daa90495] [SeededRandom] Using seed 1563800889
2019-07-22T13:08:10,031Z DEBUG {} [applying load #8dc8658a-2fa9-4e2b-af0a-02629f5854ac] [SeededRandom] Using seed 1563800890
2019-07-22T13:08:10,327Z DEBUG {} [applying load #59b5c97f-cca3-4de6-a969-6fabe52b2a98] [SeededRandom] Using seed 1563800890
2019-07-22T13:08:12,926Z DEBUG {} [applying load #a2039b28-76c0-43d8-9fef-52556a9b7086] [SeededRandom] Using seed 1563800892
2019-07-22T13:08:16,613Z DEBUG {} [applying load #8dc8658a-2fa9-4e2b-af0a-02629f5854ac] [SeededRandom] Using seed 1563800896
2019-07-22T13:08:17,402Z DEBUG {} [applying load #59b5c97f-cca3-4de6-a969-6fabe52b2a98] [SeededRandom] Using seed 1563800897
2019-07-22T13:08:20,984Z DEBUG {} [applying load #a2039b28-76c0-43d8-9fef-52556a9b7086] [SeededRandom] Using seed 1563800900
2019-07-22T13:08:22,773Z DEBUG {} [applying load #9031a274-2d3d-42dd-9553-0f229f91b2d4] [SeededRandom] Using seed 1563800902
2019-07-22T13:08:29,029Z DEBUG {} [applying load #7e7e4356-92eb-4af6-9671-b22b9d03f198] [SeededRandom] Using seed 1563800909
2019-07-22T13:08:35,274Z DEBUG {} [applying load #7e7e4356-92eb-4af6-9671-b22b9d03f198] [SeededRandom] Using seed 1563800915
2019-07-22T13:08:35,529Z DEBUG {} [applying load #18d55f82-6733-4538-8342-6150daa90495] [SeededRandom] Using seed 1563800915
2019-07-22T13:08:43,774Z DEBUG {} [applying load #8cd1a712-f4b4-46ed-befd-e8c3aca03d8a] [SeededRandom] Using seed 1563800923
2019-07-22T13:08:47,222Z DEBUG {} [applying load #1f7dcd7b-c382-4cb3-b8aa-a3b9718be0bf] [SeededRandom] Using seed 1563800927
2019-07-22T13:08:51,977Z DEBUG {} [applying load #a2039b28-76c0-43d8-9fef-52556a9b7086] [SeededRandom] Using seed 1563800931
2019-07-22T13:08:58,475Z ERROR {} [applying load #8aa37d03-2227-4989-9931-243672ea7efd] [WebDriverDiagnostics] URL: http://jpt-0e8cf-loadbala-13pu7nwaohba-1805958026.eu-west-1.elb.amazonaws.com/secure/RapidBoard.jspa?rapidView=631&view=planning, HTML dumped at diagnoses/4eb9007a-cbad-4aaa-8b54-1da761ab6e76/dump.html, screenshot saved to diagnoses/4eb9007a-cbad-4aaa-8b54-1da761ab6e76/screenshot.png
java.lang.Exception: Action 'View Backlog' ERROR
	at com.atlassian.performance.tools.jiraactions.api.measure.ActionMeter.record(ActionMeter.kt:132) ~[virtual-users.jar:?]
	at com.atlassian.performance.tools.jiraactions.api.measure.ActionMeter.measure(ActionMeter.kt:79) ~[virtual-users.jar:?]
	at com.atlassian.performance.tools.jirasoftwareactions.api.actions.ViewBacklogAction.run(ViewBacklogAction.kt:56) ~[virtual-users.jar:?]
	at com.atlassian.performance.tools.virtualusers.ExploratoryVirtualUser.runWithDiagnostics(ExploratoryVirtualUser.kt:79) [virtual-users.jar:?]
	at com.atlassian.performance.tools.virtualusers.ExploratoryVirtualUser.applyLoad(ExploratoryVirtualUser.kt:56) [virtual-users.jar:?]
	at com.atlassian.performance.tools.virtualusers.LoadTest.applyLoad(LoadTest.kt:164) [virtual-users.jar:?]
	at com.atlassian.performance.tools.virtualusers.LoadTest.access$applyLoad(LoadTest.kt:36) [virtual-users.jar:?]
	at com.atlassian.performance.tools.virtualusers.LoadTest$applyLoad$$inlined$forEach$lambda$1.run(LoadTest.kt:111) [virtual-users.jar:?]
	at java.util.concurrent.Executors$RunnableAdapter.call(Executors.java:511) [?:1.8.0_212]
	at java.util.concurrent.FutureTask.run(FutureTask.java:266) [?:1.8.0_212]
	at java.util.concurrent.ThreadPoolExecutor.runWorker(ThreadPoolExecutor.java:1149) [?:1.8.0_212]
	at java.util.concurrent.ThreadPoolExecutor$Worker.run(ThreadPoolExecutor.java:624) [?:1.8.0_212]
	at java.lang.Thread.run(Thread.java:748) [?:1.8.0_212]
Caused by: org.openqa.selenium.TimeoutException: Expected condition failed: waiting for presence of element located by: By.cssSelector: #ghx-backlog[data-rendered]:not(.browser-metrics-stale) (tried for 30 second(s) with 50 milliseconds interval)
	at org.openqa.selenium.support.ui.WebDriverWait.timeoutException(WebDriverWait.java:81) ~[virtual-users.jar:?]
	at org.openqa.selenium.support.ui.FluentWait.until(FluentWait.java:271) ~[virtual-users.jar:?]
	at com.atlassian.performance.tools.jiraactions.api.page.WebDriverUtils.wait(WebDriverExtension.kt:25) ~[virtual-users.jar:?]
	at com.atlassian.performance.tools.jiraactions.api.page.WebDriverUtils.wait$default(WebDriverExtension.kt:19) ~[virtual-users.jar:?]
	at com.atlassian.performance.tools.jirasoftwareactions.api.page.ViewBacklogPage.waitForBacklog(ViewBacklogPage.kt:12) ~[virtual-users.jar:?]
	at com.atlassian.performance.tools.jirasoftwareactions.api.actions.ViewBacklogAction$run$1.invoke(ViewBacklogAction.kt:60) ~[virtual-users.jar:?]
	at com.atlassian.performance.tools.jirasoftwareactions.api.actions.ViewBacklogAction$run$1.invoke(ViewBacklogAction.kt:15) ~[virtual-users.jar:?]
	at com.atlassian.performance.tools.jiraactions.api.measure.ActionMeter$measure$2.invoke(ActionMeter.kt:80) ~[virtual-users.jar:?]
	at com.atlassian.performance.tools.jiraactions.api.measure.ActionMeter$measure$2.invoke(ActionMeter.kt:25) ~[virtual-users.jar:?]
	at com.atlassian.performance.tools.jiraactions.api.measure.ActionMeter.record(ActionMeter.kt:102) ~[virtual-users.jar:?]
	... 12 more
Caused by: org.openqa.selenium.NoSuchElementException: Cannot locate an element using By.cssSelector: #ghx-backlog[data-rendered]:not(.browser-metrics-stale)
For documentation on this error, please visit: http://seleniumhq.org/exceptions/no_such_element.html
Build info: version: 'unknown', revision: 'unknown', time: 'unknown'
System info: host: 'ip-10-0-0-233', ip: '10.0.0.233', os.name: 'Linux', os.arch: 'amd64', os.version: '4.4.0-1067-aws', java.version: '1.8.0_212'
Driver info: driver.version: unknown
	at org.openqa.selenium.support.ui.ExpectedConditions.lambda$findElement$0(ExpectedConditions.java:896) ~[virtual-users.jar:?]
	at java.util.Optional.orElseThrow(Optional.java:290) ~[?:1.8.0_212]
	at org.openqa.selenium.support.ui.ExpectedConditions.findElement(ExpectedConditions.java:895) ~[virtual-users.jar:?]
	at org.openqa.selenium.support.ui.ExpectedConditions.access$000(ExpectedConditions.java:44) ~[virtual-users.jar:?]
	at org.openqa.selenium.support.ui.ExpectedConditions$6.apply(ExpectedConditions.java:183) ~[virtual-users.jar:?]
	at org.openqa.selenium.support.ui.ExpectedConditions$6.apply(ExpectedConditions.java:180) ~[virtual-users.jar:?]
	at org.openqa.selenium.support.ui.FluentWait.until(FluentWait.java:248) ~[virtual-users.jar:?]
	at com.atlassian.performance.tools.jiraactions.api.page.WebDriverUtils.wait(WebDriverExtension.kt:25) ~[virtual-users.jar:?]
	at com.atlassian.performance.tools.jiraactions.api.page.WebDriverUtils.wait$default(WebDriverExtension.kt:19) ~[virtual-users.jar:?]
	at com.atlassian.performance.tools.jirasoftwareactions.api.page.ViewBacklogPage.waitForBacklog(ViewBacklogPage.kt:12) ~[virtual-users.jar:?]
	at com.atlassian.performance.tools.jirasoftwareactions.api.actions.ViewBacklogAction$run$1.invoke(ViewBacklogAction.kt:60) ~[virtual-users.jar:?]
	at com.atlassian.performance.tools.jirasoftwareactions.api.actions.ViewBacklogAction$run$1.invoke(ViewBacklogAction.kt:15) ~[virtual-users.jar:?]
	at com.atlassian.performance.tools.jiraactions.api.measure.ActionMeter$measure$2.invoke(ActionMeter.kt:80) ~[virtual-users.jar:?]
	at com.atlassian.performance.tools.jiraactions.api.measure.ActionMeter$measure$2.invoke(ActionMeter.kt:25) ~[virtual-users.jar:?]
	at com.atlassian.performance.tools.jiraactions.api.measure.ActionMeter.record(ActionMeter.kt:102) ~[virtual-users.jar:?]
	... 12 more
2019-07-22T13:08:58,476Z INFO  {} [applying load #8aa37d03-2227-4989-9931-243672ea7efd] [DiagnosisPatience] Lost patience after waiting PT6M51.562S for diagnosis, no more diagnoses will be made
2019-07-22T13:08:58,476Z ERROR {} [applying load #8aa37d03-2227-4989-9931-243672ea7efd] [ExploratoryVirtualUser] Failed to run com.atlassian.performance.tools.jirasoftwareactions.api.actions.ViewBacklogAction@74a9bf7, but we keep running
java.lang.Exception: Failed to run com.atlassian.performance.tools.jirasoftwareactions.api.actions.ViewBacklogAction@74a9bf7
	at com.atlassian.performance.tools.virtualusers.ExploratoryVirtualUser.runWithDiagnostics(ExploratoryVirtualUser.kt:82) ~[virtual-users.jar:?]
	at com.atlassian.performance.tools.virtualusers.ExploratoryVirtualUser.applyLoad(ExploratoryVirtualUser.kt:56) [virtual-users.jar:?]
	at com.atlassian.performance.tools.virtualusers.LoadTest.applyLoad(LoadTest.kt:164) [virtual-users.jar:?]
	at com.atlassian.performance.tools.virtualusers.LoadTest.access$applyLoad(LoadTest.kt:36) [virtual-users.jar:?]
	at com.atlassian.performance.tools.virtualusers.LoadTest$applyLoad$$inlined$forEach$lambda$1.run(LoadTest.kt:111) [virtual-users.jar:?]
	at java.util.concurrent.Executors$RunnableAdapter.call(Executors.java:511) [?:1.8.0_212]
	at java.util.concurrent.FutureTask.run(FutureTask.java:266) [?:1.8.0_212]
	at java.util.concurrent.ThreadPoolExecutor.runWorker(ThreadPoolExecutor.java:1149) [?:1.8.0_212]
	at java.util.concurrent.ThreadPoolExecutor$Worker.run(ThreadPoolExecutor.java:624) [?:1.8.0_212]
	at java.lang.Thread.run(Thread.java:748) [?:1.8.0_212]
Caused by: java.lang.Exception: Action 'View Backlog' ERROR
	at com.atlassian.performance.tools.jiraactions.api.measure.ActionMeter.record(ActionMeter.kt:132) ~[virtual-users.jar:?]
	at com.atlassian.performance.tools.jiraactions.api.measure.ActionMeter.measure(ActionMeter.kt:79) ~[virtual-users.jar:?]
	at com.atlassian.performance.tools.jirasoftwareactions.api.actions.ViewBacklogAction.run(ViewBacklogAction.kt:56) ~[virtual-users.jar:?]
	at com.atlassian.performance.tools.virtualusers.ExploratoryVirtualUser.runWithDiagnostics(ExploratoryVirtualUser.kt:79) ~[virtual-users.jar:?]
	... 9 more
Caused by: org.openqa.selenium.TimeoutException: Expected condition failed: waiting for presence of element located by: By.cssSelector: #ghx-backlog[data-rendered]:not(.browser-metrics-stale) (tried for 30 second(s) with 50 milliseconds interval)
	at org.openqa.selenium.support.ui.WebDriverWait.timeoutException(WebDriverWait.java:81) ~[virtual-users.jar:?]
	at org.openqa.selenium.support.ui.FluentWait.until(FluentWait.java:271) ~[virtual-users.jar:?]
	at com.atlassian.performance.tools.jiraactions.api.page.WebDriverUtils.wait(WebDriverExtension.kt:25) ~[virtual-users.jar:?]
	at com.atlassian.performance.tools.jiraactions.api.page.WebDriverUtils.wait$default(WebDriverExtension.kt:19) ~[virtual-users.jar:?]
	at com.atlassian.performance.tools.jirasoftwareactions.api.page.ViewBacklogPage.waitForBacklog(ViewBacklogPage.kt:12) ~[virtual-users.jar:?]
	at com.atlassian.performance.tools.jirasoftwareactions.api.actions.ViewBacklogAction$run$1.invoke(ViewBacklogAction.kt:60) ~[virtual-users.jar:?]
	at com.atlassian.performance.tools.jirasoftwareactions.api.actions.ViewBacklogAction$run$1.invoke(ViewBacklogAction.kt:15) ~[virtual-users.jar:?]
	at com.atlassian.performance.tools.jiraactions.api.measure.ActionMeter$measure$2.invoke(ActionMeter.kt:80) ~[virtual-users.jar:?]
	at com.atlassian.performance.tools.jiraactions.api.measure.ActionMeter$measure$2.invoke(ActionMeter.kt:25) ~[virtual-users.jar:?]
	at com.atlassian.performance.tools.jiraactions.api.measure.ActionMeter.record(ActionMeter.kt:102) ~[virtual-users.jar:?]
	at com.atlassian.performance.tools.jiraactions.api.measure.ActionMeter.measure(ActionMeter.kt:79) ~[virtual-users.jar:?]
	at com.atlassian.performance.tools.jirasoftwareactions.api.actions.ViewBacklogAction.run(ViewBacklogAction.kt:56) ~[virtual-users.jar:?]
	at com.atlassian.performance.tools.virtualusers.ExploratoryVirtualUser.runWithDiagnostics(ExploratoryVirtualUser.kt:79) ~[virtual-users.jar:?]
	... 9 more
Caused by: org.openqa.selenium.NoSuchElementException: Cannot locate an element using By.cssSelector: #ghx-backlog[data-rendered]:not(.browser-metrics-stale)
For documentation on this error, please visit: http://seleniumhq.org/exceptions/no_such_element.html
Build info: version: 'unknown', revision: 'unknown', time: 'unknown'
System info: host: 'ip-10-0-0-233', ip: '10.0.0.233', os.name: 'Linux', os.arch: 'amd64', os.version: '4.4.0-1067-aws', java.version: '1.8.0_212'
Driver info: driver.version: unknown
	at org.openqa.selenium.support.ui.ExpectedConditions.lambda$findElement$0(ExpectedConditions.java:896) ~[virtual-users.jar:?]
	at java.util.Optional.orElseThrow(Optional.java:290) ~[?:1.8.0_212]
	at org.openqa.selenium.support.ui.ExpectedConditions.findElement(ExpectedConditions.java:895) ~[virtual-users.jar:?]
	at org.openqa.selenium.support.ui.ExpectedConditions.access$000(ExpectedConditions.java:44) ~[virtual-users.jar:?]
	at org.openqa.selenium.support.ui.ExpectedConditions$6.apply(ExpectedConditions.java:183) ~[virtual-users.jar:?]
	at org.openqa.selenium.support.ui.ExpectedConditions$6.apply(ExpectedConditions.java:180) ~[virtual-users.jar:?]
	at org.openqa.selenium.support.ui.FluentWait.until(FluentWait.java:248) ~[virtual-users.jar:?]
	at com.atlassian.performance.tools.jiraactions.api.page.WebDriverUtils.wait(WebDriverExtension.kt:25) ~[virtual-users.jar:?]
	at com.atlassian.performance.tools.jiraactions.api.page.WebDriverUtils.wait$default(WebDriverExtension.kt:19) ~[virtual-users.jar:?]
	at com.atlassian.performance.tools.jirasoftwareactions.api.page.ViewBacklogPage.waitForBacklog(ViewBacklogPage.kt:12) ~[virtual-users.jar:?]
	at com.atlassian.performance.tools.jirasoftwareactions.api.actions.ViewBacklogAction$run$1.invoke(ViewBacklogAction.kt:60) ~[virtual-users.jar:?]
	at com.atlassian.performance.tools.jirasoftwareactions.api.actions.ViewBacklogAction$run$1.invoke(ViewBacklogAction.kt:15) ~[virtual-users.jar:?]
	at com.atlassian.performance.tools.jiraactions.api.measure.ActionMeter$measure$2.invoke(ActionMeter.kt:80) ~[virtual-users.jar:?]
	at com.atlassian.performance.tools.jiraactions.api.measure.ActionMeter$measure$2.invoke(ActionMeter.kt:25) ~[virtual-users.jar:?]
	at com.atlassian.performance.tools.jiraactions.api.measure.ActionMeter.record(ActionMeter.kt:102) ~[virtual-users.jar:?]
	at com.atlassian.performance.tools.jiraactions.api.measure.ActionMeter.measure(ActionMeter.kt:79) ~[virtual-users.jar:?]
	at com.atlassian.performance.tools.jirasoftwareactions.api.actions.ViewBacklogAction.run(ViewBacklogAction.kt:56) ~[virtual-users.jar:?]
	at com.atlassian.performance.tools.virtualusers.ExploratoryVirtualUser.runWithDiagnostics(ExploratoryVirtualUser.kt:79) ~[virtual-users.jar:?]
	... 9 more
2019-07-22T13:09:00,872Z DEBUG {} [applying load #a2039b28-76c0-43d8-9fef-52556a9b7086] [SeededRandom] Using seed 1563800940
2019-07-22T13:09:12,360Z DEBUG {} [applying load #7e7e4356-92eb-4af6-9671-b22b9d03f198] [SeededRandom] Using seed 1563800952
2019-07-22T13:09:33,199Z DEBUG {} [applying load #18d55f82-6733-4538-8342-6150daa90495] [SeededRandom] Using seed 1563800973
2019-07-22T13:09:37,684Z DEBUG {} [applying load #8dc8658a-2fa9-4e2b-af0a-02629f5854ac] [SeededRandom] Using seed 1563800977
2019-07-22T13:09:39,920Z DEBUG {} [applying load #8cd1a712-f4b4-46ed-befd-e8c3aca03d8a] [SeededRandom] Using seed 1563800979
2019-07-22T13:09:41,958Z DEBUG {} [applying load #8aa37d03-2227-4989-9931-243672ea7efd] [SeededRandom] Using seed 1563800981
2019-07-22T13:09:51,295Z DEBUG {} [applying load #8aa37d03-2227-4989-9931-243672ea7efd] [SeededRandom] Using seed 1563800991
2019-07-22T13:09:51,446Z DEBUG {} [applying load #18d55f82-6733-4538-8342-6150daa90495] [SeededRandom] Using seed 1563800991
2019-07-22T13:09:52,293Z DEBUG {} [applying load #8dc8658a-2fa9-4e2b-af0a-02629f5854ac] [SeededRandom] Using seed 1563800992
2019-07-22T13:09:57,022Z DEBUG {} [applying load #1f7dcd7b-c382-4cb3-b8aa-a3b9718be0bf] [SeededRandom] Using seed 1563800997
2019-07-22T13:09:59,827Z DEBUG {} [applying load #9031a274-2d3d-42dd-9553-0f229f91b2d4] [SeededRandom] Using seed 1563800999
2019-07-22T13:10:05,032Z DEBUG {} [applying load #9031a274-2d3d-42dd-9553-0f229f91b2d4] [SeededRandom] Using seed 1563801005
2019-07-22T13:10:15,181Z DEBUG {} [applying load #8cd1a712-f4b4-46ed-befd-e8c3aca03d8a] [SeededRandom] Using seed 1563801015
2019-07-22T13:10:19,157Z DEBUG {} [applying load #8aa37d03-2227-4989-9931-243672ea7efd] [SeededRandom] Using seed 1563801019
2019-07-22T13:10:29,404Z DEBUG {} [applying load #8dc8658a-2fa9-4e2b-af0a-02629f5854ac] [SeededRandom] Using seed 1563801029
2019-07-22T13:10:32,109Z DEBUG {} [applying load #59b5c97f-cca3-4de6-a969-6fabe52b2a98] [SeededRandom] Using seed 1563801032
2019-07-22T13:10:42,990Z DEBUG {} [applying load #8aa37d03-2227-4989-9931-243672ea7efd] [SeededRandom] Using seed 1563801042
2019-07-22T13:10:57,281Z DEBUG {} [applying load #9031a274-2d3d-42dd-9553-0f229f91b2d4] [SeededRandom] Using seed 1563801057
2019-07-22T13:11:04,856Z DEBUG {} [applying load #18d55f82-6733-4538-8342-6150daa90495] [SeededRandom] Using seed 1563801064
2019-07-22T13:11:05,460Z DEBUG {} [applying load #9031a274-2d3d-42dd-9553-0f229f91b2d4] [SeededRandom] Using seed 1563801065
2019-07-22T13:11:06,688Z DEBUG {} [applying load #8cd1a712-f4b4-46ed-befd-e8c3aca03d8a] [SeededRandom] Using seed 1563801066
2019-07-22T13:11:22,088Z DEBUG {} [applying load #1f7dcd7b-c382-4cb3-b8aa-a3b9718be0bf] [SeededRandom] Using seed 1563801082
2019-07-22T13:11:29,173Z DEBUG {} [applying load #9031a274-2d3d-42dd-9553-0f229f91b2d4] [SeededRandom] Using seed 1563801089
2019-07-22T13:11:32,608Z DEBUG {} [applying load #8aa37d03-2227-4989-9931-243672ea7efd] [SeededRandom] Using seed 1563801092
2019-07-22T13:11:54,089Z DEBUG {} [applying load #9031a274-2d3d-42dd-9553-0f229f91b2d4] [SeededRandom] Using seed 1563801114
2019-07-22T13:11:55,750Z ERROR {} [applying load #7e7e4356-92eb-4af6-9671-b22b9d03f198] [ExploratoryVirtualUser] Failed to run com.atlassian.performance.tools.jiraactions.api.action.SearchJqlAction@174f7c02, but we keep running
java.lang.Exception: Failed to run com.atlassian.performance.tools.jiraactions.api.action.SearchJqlAction@174f7c02
	at com.atlassian.performance.tools.virtualusers.ExploratoryVirtualUser.runWithDiagnostics(ExploratoryVirtualUser.kt:82) ~[virtual-users.jar:?]
	at com.atlassian.performance.tools.virtualusers.ExploratoryVirtualUser.applyLoad(ExploratoryVirtualUser.kt:56) [virtual-users.jar:?]
	at com.atlassian.performance.tools.virtualusers.LoadTest.applyLoad(LoadTest.kt:164) [virtual-users.jar:?]
	at com.atlassian.performance.tools.virtualusers.LoadTest.access$applyLoad(LoadTest.kt:36) [virtual-users.jar:?]
	at com.atlassian.performance.tools.virtualusers.LoadTest$applyLoad$$inlined$forEach$lambda$1.run(LoadTest.kt:111) [virtual-users.jar:?]
	at java.util.concurrent.Executors$RunnableAdapter.call(Executors.java:511) [?:1.8.0_212]
	at java.util.concurrent.FutureTask.run(FutureTask.java:266) [?:1.8.0_212]
	at java.util.concurrent.ThreadPoolExecutor.runWorker(ThreadPoolExecutor.java:1149) [?:1.8.0_212]
	at java.util.concurrent.ThreadPoolExecutor$Worker.run(ThreadPoolExecutor.java:624) [?:1.8.0_212]
	at java.lang.Thread.run(Thread.java:748) [?:1.8.0_212]
Caused by: java.lang.Exception: Action 'Search with JQL' ERROR
	at com.atlassian.performance.tools.jiraactions.api.measure.ActionMeter.record(ActionMeter.kt:132) ~[virtual-users.jar:?]
	at com.atlassian.performance.tools.jiraactions.api.measure.ActionMeter.measure(ActionMeter.kt:79) ~[virtual-users.jar:?]
	at com.atlassian.performance.tools.jiraactions.api.action.SearchJqlAction.run(SearchJqlAction.kt:21) ~[virtual-users.jar:?]
	at com.atlassian.performance.tools.virtualusers.ExploratoryVirtualUser.runWithDiagnostics(ExploratoryVirtualUser.kt:79) ~[virtual-users.jar:?]
	... 9 more
Caused by: org.openqa.selenium.TimeoutException: Expected condition failed: waiting for at least one condition to be valid: all conditions to be valid: at least one condition to be valid: presence of element located by: By.cssSelector: ol.issue-list || presence of element located by: By.id: issuetable || presence of element located by: By.id: issue-content && presence of element located by: By.id: key-val && presence of element located by: By.className: issue-body-content || presence of element located by: By.className: no-results-hint || at least one condition to be valid: presence of element located by: By.cssSelector: section div.aui-message.error || presence of element located by: By.id: errorPageContainer || presence of element located by: By.cssSelector: div.form-body div.error (tried for 30 second(s) with 50 milliseconds interval)
	at org.openqa.selenium.support.ui.WebDriverWait.timeoutException(WebDriverWait.java:81) ~[virtual-users.jar:?]
	at org.openqa.selenium.support.ui.FluentWait.until(FluentWait.java:271) ~[virtual-users.jar:?]
	at com.atlassian.performance.tools.jiraactions.api.page.WebDriverUtils.wait(WebDriverExtension.kt:25) ~[virtual-users.jar:?]
	at com.atlassian.performance.tools.jiraactions.api.page.WebDriverUtils.wait$default(WebDriverExtension.kt:19) ~[virtual-users.jar:?]
	at com.atlassian.performance.tools.jiraactions.api.page.IssueNavigatorPage.waitForIssueNavigator(IssueNavigatorPage.kt:19) ~[virtual-users.jar:?]
	at com.atlassian.performance.tools.jiraactions.api.action.SearchJqlAction$run$issueNavigatorPage$1.invoke(SearchJqlAction.kt:23) ~[virtual-users.jar:?]
	at com.atlassian.performance.tools.jiraactions.api.action.SearchJqlAction$run$issueNavigatorPage$1.invoke(SearchJqlAction.kt:12) ~[virtual-users.jar:?]
	at com.atlassian.performance.tools.jiraactions.api.measure.ActionMeter$measure$2.invoke(ActionMeter.kt:80) ~[virtual-users.jar:?]
	at com.atlassian.performance.tools.jiraactions.api.measure.ActionMeter$measure$2.invoke(ActionMeter.kt:25) ~[virtual-users.jar:?]
	at com.atlassian.performance.tools.jiraactions.api.measure.ActionMeter.record(ActionMeter.kt:102) ~[virtual-users.jar:?]
	at com.atlassian.performance.tools.jiraactions.api.measure.ActionMeter.measure(ActionMeter.kt:79) ~[virtual-users.jar:?]
	at com.atlassian.performance.tools.jiraactions.api.action.SearchJqlAction.run(SearchJqlAction.kt:21) ~[virtual-users.jar:?]
	at com.atlassian.performance.tools.virtualusers.ExploratoryVirtualUser.runWithDiagnostics(ExploratoryVirtualUser.kt:79) ~[virtual-users.jar:?]
	... 9 more
Caused by: org.openqa.selenium.NoSuchElementException: Cannot locate an element using By.cssSelector: div.form-body div.error
For documentation on this error, please visit: http://seleniumhq.org/exceptions/no_such_element.html
Build info: version: 'unknown', revision: 'unknown', time: 'unknown'
System info: host: 'ip-10-0-0-233', ip: '10.0.0.233', os.name: 'Linux', os.arch: 'amd64', os.version: '4.4.0-1067-aws', java.version: '1.8.0_212'
Driver info: driver.version: unknown
	at org.openqa.selenium.support.ui.ExpectedConditions.lambda$findElement$0(ExpectedConditions.java:896) ~[virtual-users.jar:?]
	at java.util.Optional.orElseThrow(Optional.java:290) ~[?:1.8.0_212]
	at org.openqa.selenium.support.ui.ExpectedConditions.findElement(ExpectedConditions.java:895) ~[virtual-users.jar:?]
	at org.openqa.selenium.support.ui.ExpectedConditions.access$000(ExpectedConditions.java:44) ~[virtual-users.jar:?]
	at org.openqa.selenium.support.ui.ExpectedConditions$6.apply(ExpectedConditions.java:183) ~[virtual-users.jar:?]
	at org.openqa.selenium.support.ui.ExpectedConditions$6.apply(ExpectedConditions.java:180) ~[virtual-users.jar:?]
	at org.openqa.selenium.support.ui.ExpectedConditions$47.apply(ExpectedConditions.java:1427) ~[virtual-users.jar:?]
	at org.openqa.selenium.support.ui.ExpectedConditions$47.apply(ExpectedConditions.java:1421) ~[virtual-users.jar:?]
	at org.openqa.selenium.support.ui.ExpectedConditions$47.apply(ExpectedConditions.java:1427) ~[virtual-users.jar:?]
	at org.openqa.selenium.support.ui.ExpectedConditions$47.apply(ExpectedConditions.java:1421) ~[virtual-users.jar:?]
	at org.openqa.selenium.support.ui.FluentWait.until(FluentWait.java:248) ~[virtual-users.jar:?]
	at com.atlassian.performance.tools.jiraactions.api.page.WebDriverUtils.wait(WebDriverExtension.kt:25) ~[virtual-users.jar:?]
	at com.atlassian.performance.tools.jiraactions.api.page.WebDriverUtils.wait$default(WebDriverExtension.kt:19) ~[virtual-users.jar:?]
	at com.atlassian.performance.tools.jiraactions.api.page.IssueNavigatorPage.waitForIssueNavigator(IssueNavigatorPage.kt:19) ~[virtual-users.jar:?]
	at com.atlassian.performance.tools.jiraactions.api.action.SearchJqlAction$run$issueNavigatorPage$1.invoke(SearchJqlAction.kt:23) ~[virtual-users.jar:?]
	at com.atlassian.performance.tools.jiraactions.api.action.SearchJqlAction$run$issueNavigatorPage$1.invoke(SearchJqlAction.kt:12) ~[virtual-users.jar:?]
	at com.atlassian.performance.tools.jiraactions.api.measure.ActionMeter$measure$2.invoke(ActionMeter.kt:80) ~[virtual-users.jar:?]
	at com.atlassian.performance.tools.jiraactions.api.measure.ActionMeter$measure$2.invoke(ActionMeter.kt:25) ~[virtual-users.jar:?]
	at com.atlassian.performance.tools.jiraactions.api.measure.ActionMeter.record(ActionMeter.kt:102) ~[virtual-users.jar:?]
	at com.atlassian.performance.tools.jiraactions.api.measure.ActionMeter.measure(ActionMeter.kt:79) ~[virtual-users.jar:?]
	at com.atlassian.performance.tools.jiraactions.api.action.SearchJqlAction.run(SearchJqlAction.kt:21) ~[virtual-users.jar:?]
	at com.atlassian.performance.tools.virtualusers.ExploratoryVirtualUser.runWithDiagnostics(ExploratoryVirtualUser.kt:79) ~[virtual-users.jar:?]
	... 9 more
2019-07-22T13:11:59,396Z DEBUG {} [applying load #18d55f82-6733-4538-8342-6150daa90495] [SeededRandom] Using seed 1563801119
2019-07-22T13:12:07,247Z DEBUG {} [applying load #8dc8658a-2fa9-4e2b-af0a-02629f5854ac] [SeededRandom] Using seed 1563801127
2019-07-22T13:12:29,142Z DEBUG {} [applying load #59b5c97f-cca3-4de6-a969-6fabe52b2a98] [SeededRandom] Using seed 1563801149
2019-07-22T13:12:32,982Z ERROR {} [applying load #8cd1a712-f4b4-46ed-befd-e8c3aca03d8a] [ExploratoryVirtualUser] Failed to run com.atlassian.performance.tools.jiraactions.api.action.SearchJqlAction@79dd2496, but we keep running
java.lang.Exception: Failed to run com.atlassian.performance.tools.jiraactions.api.action.SearchJqlAction@79dd2496
	at com.atlassian.performance.tools.virtualusers.ExploratoryVirtualUser.runWithDiagnostics(ExploratoryVirtualUser.kt:82) ~[virtual-users.jar:?]
	at com.atlassian.performance.tools.virtualusers.ExploratoryVirtualUser.applyLoad(ExploratoryVirtualUser.kt:56) [virtual-users.jar:?]
	at com.atlassian.performance.tools.virtualusers.LoadTest.applyLoad(LoadTest.kt:164) [virtual-users.jar:?]
	at com.atlassian.performance.tools.virtualusers.LoadTest.access$applyLoad(LoadTest.kt:36) [virtual-users.jar:?]
	at com.atlassian.performance.tools.virtualusers.LoadTest$applyLoad$$inlined$forEach$lambda$1.run(LoadTest.kt:111) [virtual-users.jar:?]
	at java.util.concurrent.Executors$RunnableAdapter.call(Executors.java:511) [?:1.8.0_212]
	at java.util.concurrent.FutureTask.run(FutureTask.java:266) [?:1.8.0_212]
	at java.util.concurrent.ThreadPoolExecutor.runWorker(ThreadPoolExecutor.java:1149) [?:1.8.0_212]
	at java.util.concurrent.ThreadPoolExecutor$Worker.run(ThreadPoolExecutor.java:624) [?:1.8.0_212]
	at java.lang.Thread.run(Thread.java:748) [?:1.8.0_212]
Caused by: java.lang.Exception: Action 'Search with JQL' ERROR
	at com.atlassian.performance.tools.jiraactions.api.measure.ActionMeter.record(ActionMeter.kt:132) ~[virtual-users.jar:?]
	at com.atlassian.performance.tools.jiraactions.api.measure.ActionMeter.measure(ActionMeter.kt:79) ~[virtual-users.jar:?]
	at com.atlassian.performance.tools.jiraactions.api.action.SearchJqlAction.run(SearchJqlAction.kt:21) ~[virtual-users.jar:?]
	at com.atlassian.performance.tools.virtualusers.ExploratoryVirtualUser.runWithDiagnostics(ExploratoryVirtualUser.kt:79) ~[virtual-users.jar:?]
	... 9 more
Caused by: org.openqa.selenium.TimeoutException: Expected condition failed: waiting for at least one condition to be valid: all conditions to be valid: at least one condition to be valid: presence of element located by: By.cssSelector: ol.issue-list || presence of element located by: By.id: issuetable || presence of element located by: By.id: issue-content && presence of element located by: By.id: key-val && presence of element located by: By.className: issue-body-content || presence of element located by: By.className: no-results-hint || at least one condition to be valid: presence of element located by: By.cssSelector: section div.aui-message.error || presence of element located by: By.id: errorPageContainer || presence of element located by: By.cssSelector: div.form-body div.error (tried for 30 second(s) with 50 milliseconds interval)
	at org.openqa.selenium.support.ui.WebDriverWait.timeoutException(WebDriverWait.java:81) ~[virtual-users.jar:?]
	at org.openqa.selenium.support.ui.FluentWait.until(FluentWait.java:271) ~[virtual-users.jar:?]
	at com.atlassian.performance.tools.jiraactions.api.page.WebDriverUtils.wait(WebDriverExtension.kt:25) ~[virtual-users.jar:?]
	at com.atlassian.performance.tools.jiraactions.api.page.WebDriverUtils.wait$default(WebDriverExtension.kt:19) ~[virtual-users.jar:?]
	at com.atlassian.performance.tools.jiraactions.api.page.IssueNavigatorPage.waitForIssueNavigator(IssueNavigatorPage.kt:19) ~[virtual-users.jar:?]
	at com.atlassian.performance.tools.jiraactions.api.action.SearchJqlAction$run$issueNavigatorPage$1.invoke(SearchJqlAction.kt:23) ~[virtual-users.jar:?]
	at com.atlassian.performance.tools.jiraactions.api.action.SearchJqlAction$run$issueNavigatorPage$1.invoke(SearchJqlAction.kt:12) ~[virtual-users.jar:?]
	at com.atlassian.performance.tools.jiraactions.api.measure.ActionMeter$measure$2.invoke(ActionMeter.kt:80) ~[virtual-users.jar:?]
	at com.atlassian.performance.tools.jiraactions.api.measure.ActionMeter$measure$2.invoke(ActionMeter.kt:25) ~[virtual-users.jar:?]
	at com.atlassian.performance.tools.jiraactions.api.measure.ActionMeter.record(ActionMeter.kt:102) ~[virtual-users.jar:?]
	at com.atlassian.performance.tools.jiraactions.api.measure.ActionMeter.measure(ActionMeter.kt:79) ~[virtual-users.jar:?]
	at com.atlassian.performance.tools.jiraactions.api.action.SearchJqlAction.run(SearchJqlAction.kt:21) ~[virtual-users.jar:?]
	at com.atlassian.performance.tools.virtualusers.ExploratoryVirtualUser.runWithDiagnostics(ExploratoryVirtualUser.kt:79) ~[virtual-users.jar:?]
	... 9 more
Caused by: org.openqa.selenium.NoSuchElementException: Cannot locate an element using By.cssSelector: div.form-body div.error
For documentation on this error, please visit: http://seleniumhq.org/exceptions/no_such_element.html
Build info: version: 'unknown', revision: 'unknown', time: 'unknown'
System info: host: 'ip-10-0-0-233', ip: '10.0.0.233', os.name: 'Linux', os.arch: 'amd64', os.version: '4.4.0-1067-aws', java.version: '1.8.0_212'
Driver info: driver.version: unknown
	at org.openqa.selenium.support.ui.ExpectedConditions.lambda$findElement$0(ExpectedConditions.java:896) ~[virtual-users.jar:?]
	at java.util.Optional.orElseThrow(Optional.java:290) ~[?:1.8.0_212]
	at org.openqa.selenium.support.ui.ExpectedConditions.findElement(ExpectedConditions.java:895) ~[virtual-users.jar:?]
	at org.openqa.selenium.support.ui.ExpectedConditions.access$000(ExpectedConditions.java:44) ~[virtual-users.jar:?]
	at org.openqa.selenium.support.ui.ExpectedConditions$6.apply(ExpectedConditions.java:183) ~[virtual-users.jar:?]
	at org.openqa.selenium.support.ui.ExpectedConditions$6.apply(ExpectedConditions.java:180) ~[virtual-users.jar:?]
	at org.openqa.selenium.support.ui.ExpectedConditions$47.apply(ExpectedConditions.java:1427) ~[virtual-users.jar:?]
	at org.openqa.selenium.support.ui.ExpectedConditions$47.apply(ExpectedConditions.java:1421) ~[virtual-users.jar:?]
	at org.openqa.selenium.support.ui.ExpectedConditions$47.apply(ExpectedConditions.java:1427) ~[virtual-users.jar:?]
	at org.openqa.selenium.support.ui.ExpectedConditions$47.apply(ExpectedConditions.java:1421) ~[virtual-users.jar:?]
	at org.openqa.selenium.support.ui.FluentWait.until(FluentWait.java:248) ~[virtual-users.jar:?]
	at com.atlassian.performance.tools.jiraactions.api.page.WebDriverUtils.wait(WebDriverExtension.kt:25) ~[virtual-users.jar:?]
	at com.atlassian.performance.tools.jiraactions.api.page.WebDriverUtils.wait$default(WebDriverExtension.kt:19) ~[virtual-users.jar:?]
	at com.atlassian.performance.tools.jiraactions.api.page.IssueNavigatorPage.waitForIssueNavigator(IssueNavigatorPage.kt:19) ~[virtual-users.jar:?]
	at com.atlassian.performance.tools.jiraactions.api.action.SearchJqlAction$run$issueNavigatorPage$1.invoke(SearchJqlAction.kt:23) ~[virtual-users.jar:?]
	at com.atlassian.performance.tools.jiraactions.api.action.SearchJqlAction$run$issueNavigatorPage$1.invoke(SearchJqlAction.kt:12) ~[virtual-users.jar:?]
	at com.atlassian.performance.tools.jiraactions.api.measure.ActionMeter$measure$2.invoke(ActionMeter.kt:80) ~[virtual-users.jar:?]
	at com.atlassian.performance.tools.jiraactions.api.measure.ActionMeter$measure$2.invoke(ActionMeter.kt:25) ~[virtual-users.jar:?]
	at com.atlassian.performance.tools.jiraactions.api.measure.ActionMeter.record(ActionMeter.kt:102) ~[virtual-users.jar:?]
	at com.atlassian.performance.tools.jiraactions.api.measure.ActionMeter.measure(ActionMeter.kt:79) ~[virtual-users.jar:?]
	at com.atlassian.performance.tools.jiraactions.api.action.SearchJqlAction.run(SearchJqlAction.kt:21) ~[virtual-users.jar:?]
	at com.atlassian.performance.tools.virtualusers.ExploratoryVirtualUser.runWithDiagnostics(ExploratoryVirtualUser.kt:79) ~[virtual-users.jar:?]
	... 9 more
2019-07-22T13:12:36,880Z DEBUG {} [applying load #f02d292d-ad15-45a6-9528-9220ad08ce4f] [SeededRandom] Using seed 1563801156
2019-07-22T13:12:39,961Z DEBUG {} [applying load #59b5c97f-cca3-4de6-a969-6fabe52b2a98] [SeededRandom] Using seed 1563801159
2019-07-22T13:12:47,773Z DEBUG {} [applying load #1f7dcd7b-c382-4cb3-b8aa-a3b9718be0bf] [SeededRandom] Using seed 1563801167
2019-07-22T13:12:52,346Z DEBUG {} [applying load #f02d292d-ad15-45a6-9528-9220ad08ce4f] [SeededRandom] Using seed 1563801172
2019-07-22T13:12:53,217Z INFO  {} [] [LoadTest] Closing segments
2019-07-22T13:12:53,295Z ERROR {} [applying load #8cd1a712-f4b4-46ed-befd-e8c3aca03d8a] [ExploratoryVirtualUser] Failed to run com.atlassian.performance.tools.jirasoftwareactions.api.actions.ViewBacklogAction@6f44cb30, but we keep running
java.lang.Exception: Failed to run com.atlassian.performance.tools.jirasoftwareactions.api.actions.ViewBacklogAction@6f44cb30
	at com.atlassian.performance.tools.virtualusers.ExploratoryVirtualUser.runWithDiagnostics(ExploratoryVirtualUser.kt:82) ~[virtual-users.jar:?]
	at com.atlassian.performance.tools.virtualusers.ExploratoryVirtualUser.applyLoad(ExploratoryVirtualUser.kt:56) [virtual-users.jar:?]
	at com.atlassian.performance.tools.virtualusers.LoadTest.applyLoad(LoadTest.kt:164) [virtual-users.jar:?]
	at com.atlassian.performance.tools.virtualusers.LoadTest.access$applyLoad(LoadTest.kt:36) [virtual-users.jar:?]
	at com.atlassian.performance.tools.virtualusers.LoadTest$applyLoad$$inlined$forEach$lambda$1.run(LoadTest.kt:111) [virtual-users.jar:?]
	at java.util.concurrent.Executors$RunnableAdapter.call(Executors.java:511) [?:1.8.0_212]
	at java.util.concurrent.FutureTask.run(FutureTask.java:266) [?:1.8.0_212]
	at java.util.concurrent.ThreadPoolExecutor.runWorker(ThreadPoolExecutor.java:1149) [?:1.8.0_212]
	at java.util.concurrent.ThreadPoolExecutor$Worker.run(ThreadPoolExecutor.java:624) [?:1.8.0_212]
	at java.lang.Thread.run(Thread.java:748) [?:1.8.0_212]
Caused by: java.io.IOException: Stream closed
	at java.io.BufferedWriter.ensureOpen(BufferedWriter.java:116) ~[?:1.8.0_212]
	at java.io.BufferedWriter.write(BufferedWriter.java:221) ~[?:1.8.0_212]
	at java.io.Writer.write(Writer.java:157) ~[?:1.8.0_212]
	at java.io.Writer.append(Writer.java:227) ~[?:1.8.0_212]
	at java.io.Writer.append(Writer.java:50) ~[?:1.8.0_212]
	at com.atlassian.performance.tools.jiraactions.api.measure.output.AppendableActionMetricOutput.write(AppendableActionMetricOutput.kt:15) ~[virtual-users.jar:?]
	at com.atlassian.performance.tools.jiraactions.api.measure.ActionMeter.record(ActionMeter.kt:122) ~[virtual-users.jar:?]
	at com.atlassian.performance.tools.jiraactions.api.measure.ActionMeter.measure(ActionMeter.kt:79) ~[virtual-users.jar:?]
	at com.atlassian.performance.tools.jirasoftwareactions.api.actions.ViewBacklogAction.run(ViewBacklogAction.kt:56) ~[virtual-users.jar:?]
	at com.atlassian.performance.tools.virtualusers.ExploratoryVirtualUser.runWithDiagnostics(ExploratoryVirtualUser.kt:79) ~[virtual-users.jar:?]
	... 9 more
2019-07-22T13:12:53,295Z INFO  {} [applying load #8cd1a712-f4b4-46ed-befd-e8c3aca03d8a] [ExploratoryVirtualUser] Done applying load
2019-07-22T13:12:53,581Z ERROR {} [applying load #1f7dcd7b-c382-4cb3-b8aa-a3b9718be0bf] [ExploratoryVirtualUser] Failed to run com.atlassian.performance.tools.jiraactions.api.action.SearchJqlAction@78470a80, but we keep running
java.lang.Exception: Failed to run com.atlassian.performance.tools.jiraactions.api.action.SearchJqlAction@78470a80
	at com.atlassian.performance.tools.virtualusers.ExploratoryVirtualUser.runWithDiagnostics(ExploratoryVirtualUser.kt:82) ~[virtual-users.jar:?]
	at com.atlassian.performance.tools.virtualusers.ExploratoryVirtualUser.applyLoad(ExploratoryVirtualUser.kt:56) [virtual-users.jar:?]
	at com.atlassian.performance.tools.virtualusers.LoadTest.applyLoad(LoadTest.kt:164) [virtual-users.jar:?]
	at com.atlassian.performance.tools.virtualusers.LoadTest.access$applyLoad(LoadTest.kt:36) [virtual-users.jar:?]
	at com.atlassian.performance.tools.virtualusers.LoadTest$applyLoad$$inlined$forEach$lambda$1.run(LoadTest.kt:111) [virtual-users.jar:?]
	at java.util.concurrent.Executors$RunnableAdapter.call(Executors.java:511) [?:1.8.0_212]
	at java.util.concurrent.FutureTask.run(FutureTask.java:266) [?:1.8.0_212]
	at java.util.concurrent.ThreadPoolExecutor.runWorker(ThreadPoolExecutor.java:1149) [?:1.8.0_212]
	at java.util.concurrent.ThreadPoolExecutor$Worker.run(ThreadPoolExecutor.java:624) [?:1.8.0_212]
	at java.lang.Thread.run(Thread.java:748) [?:1.8.0_212]
Caused by: java.io.IOException: Stream closed
	at java.io.BufferedWriter.ensureOpen(BufferedWriter.java:116) ~[?:1.8.0_212]
	at java.io.BufferedWriter.write(BufferedWriter.java:221) ~[?:1.8.0_212]
	at java.io.Writer.write(Writer.java:157) ~[?:1.8.0_212]
	at java.io.Writer.append(Writer.java:227) ~[?:1.8.0_212]
	at java.io.Writer.append(Writer.java:50) ~[?:1.8.0_212]
	at com.atlassian.performance.tools.jiraactions.api.measure.output.AppendableActionMetricOutput.write(AppendableActionMetricOutput.kt:15) ~[virtual-users.jar:?]
	at com.atlassian.performance.tools.jiraactions.api.measure.ActionMeter.record(ActionMeter.kt:122) ~[virtual-users.jar:?]
	at com.atlassian.performance.tools.jiraactions.api.measure.ActionMeter.measure(ActionMeter.kt:79) ~[virtual-users.jar:?]
	at com.atlassian.performance.tools.jiraactions.api.action.SearchJqlAction.run(SearchJqlAction.kt:21) ~[virtual-users.jar:?]
	at com.atlassian.performance.tools.virtualusers.ExploratoryVirtualUser.runWithDiagnostics(ExploratoryVirtualUser.kt:79) ~[virtual-users.jar:?]
	... 9 more
2019-07-22T13:12:53,581Z INFO  {} [applying load #1f7dcd7b-c382-4cb3-b8aa-a3b9718be0bf] [ExploratoryVirtualUser] Done applying load
2019-07-22T13:12:54,172Z ERROR {} [applying load #f02d292d-ad15-45a6-9528-9220ad08ce4f] [ExploratoryVirtualUser] Failed to run com.atlassian.performance.tools.jiraactions.api.action.EditIssueAction@244aa8c8, but we keep running
java.lang.Exception: Failed to run com.atlassian.performance.tools.jiraactions.api.action.EditIssueAction@244aa8c8
	at com.atlassian.performance.tools.virtualusers.ExploratoryVirtualUser.runWithDiagnostics(ExploratoryVirtualUser.kt:82) ~[virtual-users.jar:?]
	at com.atlassian.performance.tools.virtualusers.ExploratoryVirtualUser.applyLoad(ExploratoryVirtualUser.kt:56) [virtual-users.jar:?]
	at com.atlassian.performance.tools.virtualusers.LoadTest.applyLoad(LoadTest.kt:164) [virtual-users.jar:?]
	at com.atlassian.performance.tools.virtualusers.LoadTest.access$applyLoad(LoadTest.kt:36) [virtual-users.jar:?]
	at com.atlassian.performance.tools.virtualusers.LoadTest$applyLoad$$inlined$forEach$lambda$1.run(LoadTest.kt:111) [virtual-users.jar:?]
	at java.util.concurrent.Executors$RunnableAdapter.call(Executors.java:511) [?:1.8.0_212]
	at java.util.concurrent.FutureTask.run(FutureTask.java:266) [?:1.8.0_212]
	at java.util.concurrent.ThreadPoolExecutor.runWorker(ThreadPoolExecutor.java:1149) [?:1.8.0_212]
	at java.util.concurrent.ThreadPoolExecutor$Worker.run(ThreadPoolExecutor.java:624) [?:1.8.0_212]
	at java.lang.Thread.run(Thread.java:748) [?:1.8.0_212]
Caused by: java.io.IOException: Stream closed
	at java.io.BufferedWriter.ensureOpen(BufferedWriter.java:116) ~[?:1.8.0_212]
	at java.io.BufferedWriter.write(BufferedWriter.java:221) ~[?:1.8.0_212]
	at java.io.Writer.write(Writer.java:157) ~[?:1.8.0_212]
	at java.io.Writer.append(Writer.java:227) ~[?:1.8.0_212]
	at java.io.Writer.append(Writer.java:50) ~[?:1.8.0_212]
	at com.atlassian.performance.tools.jiraactions.api.measure.output.AppendableActionMetricOutput.write(AppendableActionMetricOutput.kt:15) ~[virtual-users.jar:?]
	at com.atlassian.performance.tools.jiraactions.api.measure.ActionMeter.record(ActionMeter.kt:122) ~[virtual-users.jar:?]
	at com.atlassian.performance.tools.jiraactions.api.measure.ActionMeter.measure(ActionMeter.kt:79) ~[virtual-users.jar:?]
	at com.atlassian.performance.tools.jiraactions.api.measure.ActionMeter.measure(ActionMeter.kt:57) ~[virtual-users.jar:?]
	at com.atlassian.performance.tools.jiraactions.api.action.EditIssueAction.run(EditIssueAction.kt:25) ~[virtual-users.jar:?]
	at com.atlassian.performance.tools.virtualusers.ExploratoryVirtualUser.runWithDiagnostics(ExploratoryVirtualUser.kt:79) ~[virtual-users.jar:?]
	... 9 more
2019-07-22T13:12:54,172Z INFO  {} [applying load #f02d292d-ad15-45a6-9528-9220ad08ce4f] [ExploratoryVirtualUser] Done applying load
2019-07-22T13:12:55,036Z INFO  {} [applying load #18d55f82-6733-4538-8342-6150daa90495] [ExploratoryVirtualUser] Done applying load
2019-07-22T13:12:55,811Z ERROR {} [applying load #7e7e4356-92eb-4af6-9671-b22b9d03f198] [ExploratoryVirtualUser] Failed to run com.atlassian.performance.tools.jiraactions.api.action.SearchJqlAction@174f7c02, but we keep running
java.lang.Exception: Failed to run com.atlassian.performance.tools.jiraactions.api.action.SearchJqlAction@174f7c02
	at com.atlassian.performance.tools.virtualusers.ExploratoryVirtualUser.runWithDiagnostics(ExploratoryVirtualUser.kt:82) ~[virtual-users.jar:?]
	at com.atlassian.performance.tools.virtualusers.ExploratoryVirtualUser.applyLoad(ExploratoryVirtualUser.kt:56) [virtual-users.jar:?]
	at com.atlassian.performance.tools.virtualusers.LoadTest.applyLoad(LoadTest.kt:164) [virtual-users.jar:?]
	at com.atlassian.performance.tools.virtualusers.LoadTest.access$applyLoad(LoadTest.kt:36) [virtual-users.jar:?]
	at com.atlassian.performance.tools.virtualusers.LoadTest$applyLoad$$inlined$forEach$lambda$1.run(LoadTest.kt:111) [virtual-users.jar:?]
	at java.util.concurrent.Executors$RunnableAdapter.call(Executors.java:511) [?:1.8.0_212]
	at java.util.concurrent.FutureTask.run(FutureTask.java:266) [?:1.8.0_212]
	at java.util.concurrent.ThreadPoolExecutor.runWorker(ThreadPoolExecutor.java:1149) [?:1.8.0_212]
	at java.util.concurrent.ThreadPoolExecutor$Worker.run(ThreadPoolExecutor.java:624) [?:1.8.0_212]
	at java.lang.Thread.run(Thread.java:748) [?:1.8.0_212]
Caused by: java.io.IOException: Stream closed
	at java.io.BufferedWriter.ensureOpen(BufferedWriter.java:116) ~[?:1.8.0_212]
	at java.io.BufferedWriter.write(BufferedWriter.java:221) ~[?:1.8.0_212]
	at java.io.Writer.write(Writer.java:157) ~[?:1.8.0_212]
	at java.io.Writer.append(Writer.java:227) ~[?:1.8.0_212]
	at java.io.Writer.append(Writer.java:50) ~[?:1.8.0_212]
	at com.atlassian.performance.tools.jiraactions.api.measure.output.AppendableActionMetricOutput.write(AppendableActionMetricOutput.kt:15) ~[virtual-users.jar:?]
	at com.atlassian.performance.tools.jiraactions.api.measure.ActionMeter.record(ActionMeter.kt:122) ~[virtual-users.jar:?]
	at com.atlassian.performance.tools.jiraactions.api.measure.ActionMeter.measure(ActionMeter.kt:79) ~[virtual-users.jar:?]
	at com.atlassian.performance.tools.jiraactions.api.action.SearchJqlAction.run(SearchJqlAction.kt:21) ~[virtual-users.jar:?]
	at com.atlassian.performance.tools.virtualusers.ExploratoryVirtualUser.runWithDiagnostics(ExploratoryVirtualUser.kt:79) ~[virtual-users.jar:?]
	... 9 more
2019-07-22T13:12:55,812Z INFO  {} [applying load #7e7e4356-92eb-4af6-9671-b22b9d03f198] [ExploratoryVirtualUser] Done applying load
2019-07-22T13:12:56,974Z INFO  {} [applying load #59b5c97f-cca3-4de6-a969-6fabe52b2a98] [ExploratoryVirtualUser] Done applying load
2019-07-22T13:12:59,212Z ERROR {} [applying load #9031a274-2d3d-42dd-9553-0f229f91b2d4] [ExploratoryVirtualUser] Failed to run com.atlassian.performance.tools.jiraactions.api.action.SearchJqlAction@56d90f60, but we keep running
java.lang.Exception: Failed to run com.atlassian.performance.tools.jiraactions.api.action.SearchJqlAction@56d90f60
	at com.atlassian.performance.tools.virtualusers.ExploratoryVirtualUser.runWithDiagnostics(ExploratoryVirtualUser.kt:82) ~[virtual-users.jar:?]
	at com.atlassian.performance.tools.virtualusers.ExploratoryVirtualUser.applyLoad(ExploratoryVirtualUser.kt:56) [virtual-users.jar:?]
	at com.atlassian.performance.tools.virtualusers.LoadTest.applyLoad(LoadTest.kt:164) [virtual-users.jar:?]
	at com.atlassian.performance.tools.virtualusers.LoadTest.access$applyLoad(LoadTest.kt:36) [virtual-users.jar:?]
	at com.atlassian.performance.tools.virtualusers.LoadTest$applyLoad$$inlined$forEach$lambda$1.run(LoadTest.kt:111) [virtual-users.jar:?]
	at java.util.concurrent.Executors$RunnableAdapter.call(Executors.java:511) [?:1.8.0_212]
	at java.util.concurrent.FutureTask.run(FutureTask.java:266) [?:1.8.0_212]
	at java.util.concurrent.ThreadPoolExecutor.runWorker(ThreadPoolExecutor.java:1149) [?:1.8.0_212]
	at java.util.concurrent.ThreadPoolExecutor$Worker.run(ThreadPoolExecutor.java:624) [?:1.8.0_212]
	at java.lang.Thread.run(Thread.java:748) [?:1.8.0_212]
Caused by: java.io.IOException: Stream closed
	at java.io.BufferedWriter.ensureOpen(BufferedWriter.java:116) ~[?:1.8.0_212]
	at java.io.BufferedWriter.write(BufferedWriter.java:221) ~[?:1.8.0_212]
	at java.io.Writer.write(Writer.java:157) ~[?:1.8.0_212]
	at java.io.Writer.append(Writer.java:227) ~[?:1.8.0_212]
	at java.io.Writer.append(Writer.java:50) ~[?:1.8.0_212]
	at com.atlassian.performance.tools.jiraactions.api.measure.output.AppendableActionMetricOutput.write(AppendableActionMetricOutput.kt:15) ~[virtual-users.jar:?]
	at com.atlassian.performance.tools.jiraactions.api.measure.ActionMeter.record(ActionMeter.kt:122) ~[virtual-users.jar:?]
	at com.atlassian.performance.tools.jiraactions.api.measure.ActionMeter.measure(ActionMeter.kt:79) ~[virtual-users.jar:?]
	at com.atlassian.performance.tools.jiraactions.api.action.SearchJqlAction.run(SearchJqlAction.kt:21) ~[virtual-users.jar:?]
	at com.atlassian.performance.tools.virtualusers.ExploratoryVirtualUser.runWithDiagnostics(ExploratoryVirtualUser.kt:79) ~[virtual-users.jar:?]
	... 9 more
2019-07-22T13:12:59,212Z INFO  {} [applying load #9031a274-2d3d-42dd-9553-0f229f91b2d4] [ExploratoryVirtualUser] Done applying load
2019-07-22T13:12:59,526Z ERROR {} [applying load #8aa37d03-2227-4989-9931-243672ea7efd] [ExploratoryVirtualUser] Failed to run com.atlassian.performance.tools.jiraactions.api.action.SearchJqlAction@f59ae6e, but we keep running
java.lang.Exception: Failed to run com.atlassian.performance.tools.jiraactions.api.action.SearchJqlAction@f59ae6e
	at com.atlassian.performance.tools.virtualusers.ExploratoryVirtualUser.runWithDiagnostics(ExploratoryVirtualUser.kt:82) ~[virtual-users.jar:?]
	at com.atlassian.performance.tools.virtualusers.ExploratoryVirtualUser.applyLoad(ExploratoryVirtualUser.kt:56) [virtual-users.jar:?]
	at com.atlassian.performance.tools.virtualusers.LoadTest.applyLoad(LoadTest.kt:164) [virtual-users.jar:?]
	at com.atlassian.performance.tools.virtualusers.LoadTest.access$applyLoad(LoadTest.kt:36) [virtual-users.jar:?]
	at com.atlassian.performance.tools.virtualusers.LoadTest$applyLoad$$inlined$forEach$lambda$1.run(LoadTest.kt:111) [virtual-users.jar:?]
	at java.util.concurrent.Executors$RunnableAdapter.call(Executors.java:511) [?:1.8.0_212]
	at java.util.concurrent.FutureTask.run(FutureTask.java:266) [?:1.8.0_212]
	at java.util.concurrent.ThreadPoolExecutor.runWorker(ThreadPoolExecutor.java:1149) [?:1.8.0_212]
	at java.util.concurrent.ThreadPoolExecutor$Worker.run(ThreadPoolExecutor.java:624) [?:1.8.0_212]
	at java.lang.Thread.run(Thread.java:748) [?:1.8.0_212]
Caused by: java.io.IOException: Stream closed
	at java.io.BufferedWriter.ensureOpen(BufferedWriter.java:116) ~[?:1.8.0_212]
	at java.io.BufferedWriter.write(BufferedWriter.java:221) ~[?:1.8.0_212]
	at java.io.Writer.write(Writer.java:157) ~[?:1.8.0_212]
	at java.io.Writer.append(Writer.java:227) ~[?:1.8.0_212]
	at java.io.Writer.append(Writer.java:50) ~[?:1.8.0_212]
	at com.atlassian.performance.tools.jiraactions.api.measure.output.AppendableActionMetricOutput.write(AppendableActionMetricOutput.kt:15) ~[virtual-users.jar:?]
	at com.atlassian.performance.tools.jiraactions.api.measure.ActionMeter.record(ActionMeter.kt:122) ~[virtual-users.jar:?]
	at com.atlassian.performance.tools.jiraactions.api.measure.ActionMeter.measure(ActionMeter.kt:79) ~[virtual-users.jar:?]
	at com.atlassian.performance.tools.jiraactions.api.action.SearchJqlAction.run(SearchJqlAction.kt:21) ~[virtual-users.jar:?]
	at com.atlassian.performance.tools.virtualusers.ExploratoryVirtualUser.runWithDiagnostics(ExploratoryVirtualUser.kt:79) ~[virtual-users.jar:?]
	... 9 more
2019-07-22T13:12:59,527Z INFO  {} [applying load #8aa37d03-2227-4989-9931-243672ea7efd] [ExploratoryVirtualUser] Done applying load
2019-07-22T13:13:23,226Z WARN  {} [] [Companion] Failed to close WebDriver
java.util.concurrent.TimeoutException: null
	at java.util.concurrent.FutureTask.get(FutureTask.java:205) ~[?:1.8.0_212]
	at com.atlassian.performance.tools.virtualusers.LoadSegment.close(LoadSegment.kt:31) [virtual-users.jar:?]
	at com.atlassian.performance.tools.virtualusers.LoadTest$close$1$1.run(LoadTest.kt:204) [virtual-users.jar:?]
	at java.util.concurrent.Executors$RunnableAdapter.call(Executors.java:511) [?:1.8.0_212]
	at java.util.concurrent.FutureTask.run(FutureTask.java:266) [?:1.8.0_212]
	at java.util.concurrent.ThreadPoolExecutor.runWorker(ThreadPoolExecutor.java:1149) [?:1.8.0_212]
	at java.util.concurrent.ThreadPoolExecutor$Worker.run(ThreadPoolExecutor.java:624) [?:1.8.0_212]
	at java.lang.Thread.run(Thread.java:748) [?:1.8.0_212]
2019-07-22T13:13:23,226Z WARN  {} [] [Companion] Failed to close WebDriver
java.util.concurrent.TimeoutException: null
	at java.util.concurrent.FutureTask.get(FutureTask.java:205) ~[?:1.8.0_212]
	at com.atlassian.performance.tools.virtualusers.LoadSegment.close(LoadSegment.kt:31) [virtual-users.jar:?]
	at com.atlassian.performance.tools.virtualusers.LoadTest$close$1$1.run(LoadTest.kt:204) [virtual-users.jar:?]
	at java.util.concurrent.Executors$RunnableAdapter.call(Executors.java:511) [?:1.8.0_212]
	at java.util.concurrent.FutureTask.run(FutureTask.java:266) [?:1.8.0_212]
	at java.util.concurrent.ThreadPoolExecutor.runWorker(ThreadPoolExecutor.java:1149) [?:1.8.0_212]
	at java.util.concurrent.ThreadPoolExecutor$Worker.run(ThreadPoolExecutor.java:624) [?:1.8.0_212]
	at java.lang.Thread.run(Thread.java:748) [?:1.8.0_212]
2019-07-22T13:13:23,228Z WARN  {} [] [Companion] Failed to close WebDriver
java.util.concurrent.TimeoutException: null
	at java.util.concurrent.FutureTask.get(FutureTask.java:205) ~[?:1.8.0_212]
	at com.atlassian.performance.tools.virtualusers.LoadSegment.close(LoadSegment.kt:31) [virtual-users.jar:?]
	at com.atlassian.performance.tools.virtualusers.LoadTest$close$1$1.run(LoadTest.kt:204) [virtual-users.jar:?]
	at java.util.concurrent.Executors$RunnableAdapter.call(Executors.java:511) [?:1.8.0_212]
	at java.util.concurrent.FutureTask.run(FutureTask.java:266) [?:1.8.0_212]
	at java.util.concurrent.ThreadPoolExecutor.runWorker(ThreadPoolExecutor.java:1149) [?:1.8.0_212]
	at java.util.concurrent.ThreadPoolExecutor$Worker.run(ThreadPoolExecutor.java:624) [?:1.8.0_212]
	at java.lang.Thread.run(Thread.java:748) [?:1.8.0_212]
2019-07-22T13:13:23,230Z WARN  {} [] [Companion] Failed to close WebDriver
java.util.concurrent.TimeoutException: null
	at java.util.concurrent.FutureTask.get(FutureTask.java:205) ~[?:1.8.0_212]
	at com.atlassian.performance.tools.virtualusers.LoadSegment.close(LoadSegment.kt:31) [virtual-users.jar:?]
	at com.atlassian.performance.tools.virtualusers.LoadTest$close$1$1.run(LoadTest.kt:204) [virtual-users.jar:?]
	at java.util.concurrent.Executors$RunnableAdapter.call(Executors.java:511) [?:1.8.0_212]
	at java.util.concurrent.FutureTask.run(FutureTask.java:266) [?:1.8.0_212]
	at java.util.concurrent.ThreadPoolExecutor.runWorker(ThreadPoolExecutor.java:1149) [?:1.8.0_212]
	at java.util.concurrent.ThreadPoolExecutor$Worker.run(ThreadPoolExecutor.java:624) [?:1.8.0_212]
	at java.lang.Thread.run(Thread.java:748) [?:1.8.0_212]
2019-07-22T13:13:23,231Z INFO  {} [] [LoadTest] Segments closed
2019-07-22T13:13:23,245Z DEBUG {} [] [LoadTest] Dumped node's counts to test-results/nodes.csv
