2019-05-18T16:31:00,230Z DEBUG {} [] [SeededRandom] Using seed 12345
2019-05-18T16:31:00,248Z INFO  {} [] [LoadTest] Holding for PT52.5S.
2019-05-18T16:31:52,751Z DEBUG {} [] [LoadTest] Skipped the setup
2019-05-18T16:31:52,778Z DEBUG {} [] [GoogleChrome] Starting Chrome
2019-05-18T16:31:53,747Z DEBUG {} [] [GoogleChrome] Starting Chrome
2019-05-18T16:31:54,069Z DEBUG {} [] [GoogleChrome] Starting Chrome
2019-05-18T16:31:54,397Z DEBUG {} [] [GoogleChrome] Starting Chrome
2019-05-18T16:31:54,721Z DEBUG {} [] [GoogleChrome] Starting Chrome
2019-05-18T16:31:55,054Z DEBUG {} [] [GoogleChrome] Starting Chrome
2019-05-18T16:31:55,385Z DEBUG {} [] [GoogleChrome] Starting Chrome
2019-05-18T16:31:55,711Z DEBUG {} [] [GoogleChrome] Starting Chrome
2019-05-18T16:31:56,072Z DEBUG {} [] [GoogleChrome] Starting Chrome
2019-05-18T16:31:56,398Z DEBUG {} [] [GoogleChrome] Starting Chrome
2019-05-18T16:31:56,727Z DEBUG {} [] [GoogleChrome] Starting Chrome
2019-05-18T16:31:57,067Z DEBUG {} [] [GoogleChrome] Starting Chrome
2019-05-18T16:31:57,772Z DEBUG {} [applying load #d77005d0-673d-4c04-920a-1881e321e82b, create user via REST] [TaskTimer] The task took PT0.313S
2019-05-18T16:31:57,774Z INFO  {} [applying load #d77005d0-673d-4c04-920a-1881e321e82b] [RestUserGenerator] Created a new user jpt-a301630c-19c9-4537-a691-e978e9bcb0bc
2019-05-18T16:31:57,776Z INFO  {} [applying load #d77005d0-673d-4c04-920a-1881e321e82b] [LoadTest] Waiting for PT7.123S
2019-05-18T16:31:57,801Z DEBUG {} [applying load #3dc01efc-d49c-42b2-b65a-6d21bf0e30d4, create user via REST] [TaskTimer] The task took PT0.343S
2019-05-18T16:31:57,802Z INFO  {} [applying load #3dc01efc-d49c-42b2-b65a-6d21bf0e30d4] [RestUserGenerator] Created a new user jpt-c0111623-5c76-4d95-926e-9c05c32f798e
2019-05-18T16:31:57,802Z INFO  {} [applying load #3dc01efc-d49c-42b2-b65a-6d21bf0e30d4] [LoadTest] Waiting for PT2.721S
2019-05-18T16:31:58,273Z DEBUG {} [applying load #793259b7-cd24-4c17-bab5-059a1021e37c, create user via REST] [TaskTimer] The task took PT0.815S
2019-05-18T16:31:58,273Z INFO  {} [applying load #793259b7-cd24-4c17-bab5-059a1021e37c] [RestUserGenerator] Created a new user jpt-f26f725f-dc60-4762-8054-d3cdccc07385
2019-05-18T16:31:58,274Z INFO  {} [applying load #793259b7-cd24-4c17-bab5-059a1021e37c] [LoadTest] Waiting for PT2.875S
2019-05-18T16:31:58,291Z DEBUG {} [applying load #b62887ff-1e23-422b-86c8-d739ec8fcf02, create user via REST] [TaskTimer] The task took PT0.833S
2019-05-18T16:31:58,292Z INFO  {} [applying load #b62887ff-1e23-422b-86c8-d739ec8fcf02] [RestUserGenerator] Created a new user jpt-cae6609f-bfd6-4ad3-a73d-51f8c417d890
2019-05-18T16:31:58,292Z INFO  {} [applying load #b62887ff-1e23-422b-86c8-d739ec8fcf02] [LoadTest] Waiting for PT1.606S
2019-05-18T16:31:58,898Z DEBUG {} [applying load #dcf61535-ba9b-4b3c-80d2-7fb4bec82993, create user via REST] [TaskTimer] The task took PT1.44S
2019-05-18T16:31:58,899Z INFO  {} [applying load #dcf61535-ba9b-4b3c-80d2-7fb4bec82993] [RestUserGenerator] Created a new user jpt-9b1afd12-ee43-4662-8054-c9998e420706
2019-05-18T16:31:58,899Z WARN  {} [applying load #dcf61535-ba9b-4b3c-80d2-7fb4bec82993] [LoadTest] Ramp time prolonged by user generation by PT0.876S
2019-05-18T16:31:58,913Z DEBUG {} [applying load #dcf61535-ba9b-4b3c-80d2-7fb4bec82993] [SeededRandom] Using seed 6674089274190705457
2019-05-18T16:31:58,959Z INFO  {} [applying load #dcf61535-ba9b-4b3c-80d2-7fb4bec82993] [ExploratoryVirtualUser] Applying load...
2019-05-18T16:31:59,583Z DEBUG {} [applying load #3442614e-e986-4611-88d6-e63cdeab8fc8, create user via REST] [TaskTimer] The task took PT2.124S
2019-05-18T16:31:59,583Z INFO  {} [applying load #3442614e-e986-4611-88d6-e63cdeab8fc8] [RestUserGenerator] Created a new user jpt-0dd63564-3471-494a-aade-8905f1b0c920
2019-05-18T16:31:59,584Z INFO  {} [applying load #3442614e-e986-4611-88d6-e63cdeab8fc8] [LoadTest] Waiting for PT2.189S
2019-05-18T16:31:59,899Z DEBUG {} [applying load #b62887ff-1e23-422b-86c8-d739ec8fcf02] [SeededRandom] Using seed -1528963862231680626
2019-05-18T16:31:59,899Z INFO  {} [applying load #b62887ff-1e23-422b-86c8-d739ec8fcf02] [ExploratoryVirtualUser] Applying load...
2019-05-18T16:32:00,091Z DEBUG {} [applying load #a861ba06-43db-4dcb-9d8f-a191388ee7d2, create user via REST] [TaskTimer] The task took PT2.633S
2019-05-18T16:32:00,091Z INFO  {} [applying load #a861ba06-43db-4dcb-9d8f-a191388ee7d2] [RestUserGenerator] Created a new user jpt-ab1c9965-59f7-464d-ab2d-e6f38a0322bc
2019-05-18T16:32:00,092Z INFO  {} [applying load #a861ba06-43db-4dcb-9d8f-a191388ee7d2] [LoadTest] Waiting for PT2.932S
2019-05-18T16:32:00,524Z DEBUG {} [applying load #3dc01efc-d49c-42b2-b65a-6d21bf0e30d4] [SeededRandom] Using seed 6022414958441676900
2019-05-18T16:32:00,525Z INFO  {} [applying load #3dc01efc-d49c-42b2-b65a-6d21bf0e30d4] [ExploratoryVirtualUser] Applying load...
2019-05-18T16:32:01,149Z DEBUG {} [applying load #793259b7-cd24-4c17-bab5-059a1021e37c] [SeededRandom] Using seed 651833349628731322
2019-05-18T16:32:01,150Z INFO  {} [applying load #793259b7-cd24-4c17-bab5-059a1021e37c] [ExploratoryVirtualUser] Applying load...
2019-05-18T16:32:01,318Z DEBUG {} [applying load #c332aaa7-c663-40ba-b634-5dc400b066a0, create user via REST] [TaskTimer] The task took PT3.86S
2019-05-18T16:32:01,319Z INFO  {} [applying load #c332aaa7-c663-40ba-b634-5dc400b066a0] [RestUserGenerator] Created a new user jpt-cca7dc07-216c-44a4-87c9-e9cb2977cfcb
2019-05-18T16:32:01,320Z WARN  {} [applying load #c332aaa7-c663-40ba-b634-5dc400b066a0] [LoadTest] Ramp time prolonged by user generation by PT2.046S
2019-05-18T16:32:01,320Z DEBUG {} [applying load #c332aaa7-c663-40ba-b634-5dc400b066a0] [SeededRandom] Using seed 8265573421575953197
2019-05-18T16:32:01,321Z INFO  {} [applying load #c332aaa7-c663-40ba-b634-5dc400b066a0] [ExploratoryVirtualUser] Applying load...
2019-05-18T16:32:01,330Z DEBUG {} [applying load #dba596a8-f3ac-44b1-b141-f7cea702583e, create user via REST] [TaskTimer] The task took PT3.872S
2019-05-18T16:32:01,331Z INFO  {} [applying load #dba596a8-f3ac-44b1-b141-f7cea702583e] [RestUserGenerator] Created a new user jpt-d754b900-27fc-4b6f-8562-9ee783ee6361
2019-05-18T16:32:01,332Z INFO  {} [applying load #dba596a8-f3ac-44b1-b141-f7cea702583e] [LoadTest] Waiting for PT2.317S
2019-05-18T16:32:01,513Z DEBUG {} [applying load #6f510be9-4b48-4630-b77a-1617519ebe3b, create user via REST] [TaskTimer] The task took PT4.054S
2019-05-18T16:32:01,513Z INFO  {} [applying load #6f510be9-4b48-4630-b77a-1617519ebe3b] [RestUserGenerator] Created a new user jpt-8bca5ad5-8ee3-4ccc-9ba8-730dc96b14eb
2019-05-18T16:32:01,514Z INFO  {} [applying load #6f510be9-4b48-4630-b77a-1617519ebe3b] [LoadTest] Waiting for PT0.885S
2019-05-18T16:32:01,774Z DEBUG {} [applying load #3442614e-e986-4611-88d6-e63cdeab8fc8] [SeededRandom] Using seed 2132282762986792902
2019-05-18T16:32:01,775Z INFO  {} [applying load #3442614e-e986-4611-88d6-e63cdeab8fc8] [ExploratoryVirtualUser] Applying load...
2019-05-18T16:32:02,400Z DEBUG {} [applying load #6f510be9-4b48-4630-b77a-1617519ebe3b] [SeededRandom] Using seed -4263262838430303025
2019-05-18T16:32:02,400Z INFO  {} [applying load #6f510be9-4b48-4630-b77a-1617519ebe3b] [ExploratoryVirtualUser] Applying load...
2019-05-18T16:32:03,025Z DEBUG {} [applying load #a861ba06-43db-4dcb-9d8f-a191388ee7d2] [SeededRandom] Using seed 2671077540764462672
2019-05-18T16:32:03,026Z INFO  {} [applying load #a861ba06-43db-4dcb-9d8f-a191388ee7d2] [ExploratoryVirtualUser] Applying load...
2019-05-18T16:32:03,236Z DEBUG {} [applying load #e99eb406-a9b6-40f8-b981-c514daa18c6b, create user via REST] [TaskTimer] The task took PT5.777S
2019-05-18T16:32:03,236Z INFO  {} [applying load #e99eb406-a9b6-40f8-b981-c514daa18c6b] [RestUserGenerator] Created a new user jpt-c7846b14-2abd-495d-a6ba-83e041f37995
2019-05-18T16:32:03,237Z WARN  {} [applying load #e99eb406-a9b6-40f8-b981-c514daa18c6b] [LoadTest] Ramp time prolonged by user generation by PT4.588S
2019-05-18T16:32:03,237Z DEBUG {} [applying load #e99eb406-a9b6-40f8-b981-c514daa18c6b] [SeededRandom] Using seed -3500614978637125381
2019-05-18T16:32:03,238Z INFO  {} [applying load #e99eb406-a9b6-40f8-b981-c514daa18c6b] [ExploratoryVirtualUser] Applying load...
2019-05-18T16:32:03,650Z DEBUG {} [applying load #dba596a8-f3ac-44b1-b141-f7cea702583e] [SeededRandom] Using seed -4816872006481583618
2019-05-18T16:32:03,650Z INFO  {} [applying load #dba596a8-f3ac-44b1-b141-f7cea702583e] [ExploratoryVirtualUser] Applying load...
2019-05-18T16:32:04,932Z DEBUG {} [applying load #d77005d0-673d-4c04-920a-1881e321e82b] [SeededRandom] Using seed -5671795673574091253
2019-05-18T16:32:04,932Z DEBUG {} [applying load #5853dcb3-bacc-44cf-88f2-818df28d0ab9, create user via REST] [TaskTimer] The task took PT7.474S
2019-05-18T16:32:04,934Z INFO  {} [applying load #5853dcb3-bacc-44cf-88f2-818df28d0ab9] [RestUserGenerator] Created a new user jpt-f830d276-37db-4810-bf94-970d6821d467
2019-05-18T16:32:04,936Z INFO  {} [applying load #d77005d0-673d-4c04-920a-1881e321e82b] [ExploratoryVirtualUser] Applying load...
2019-05-18T16:32:04,936Z WARN  {} [applying load #5853dcb3-bacc-44cf-88f2-818df28d0ab9] [LoadTest] Ramp time prolonged by user generation by PT0.663S
2019-05-18T16:32:04,937Z DEBUG {} [applying load #5853dcb3-bacc-44cf-88f2-818df28d0ab9] [SeededRandom] Using seed 7987185974177307502
2019-05-18T16:32:04,937Z INFO  {} [applying load #5853dcb3-bacc-44cf-88f2-818df28d0ab9] [ExploratoryVirtualUser] Applying load...
2019-05-18T16:32:09,482Z DEBUG {} [applying load #6f510be9-4b48-4630-b77a-1617519ebe3b] [ExploratoryVirtualUser] Circling through [ViewIssueAction, ViewDashboardAction, SearchJqlAction, ViewIssueAction, ViewBacklogAction, ViewBacklogAction, ViewIssueAction, ViewIssueAction, ViewIssueAction, ViewDashboardAction, SearchJqlAction, ViewBoardAction, SearchJqlAction, ViewBoardAction, ViewIssueAction, ProjectSummaryAction, ViewIssueAction, ViewIssueAction, ViewIssueAction, BrowseProjectsAction, ViewIssueAction, BrowseProjectsAction, SearchJqlAction, ViewDashboardAction, ViewIssueAction, ViewIssueAction, ViewIssueAction, SearchJqlAction, ViewIssueAction, CreateIssueAction, SearchJqlAction, ViewIssueAction, ViewIssueAction, ViewDashboardAction, ViewBacklogAction, ProjectSummaryAction, EditIssueAction, ViewBoardAction, AddCommentAction, ViewBoardAction, PatientBrowseBoardsAction, ViewIssueAction, SearchJqlAction, SearchJqlAction, ViewIssueAction, ViewIssueAction, ViewIssueAction, CreateIssueAction, ViewIssueAction, ViewIssueAction, ViewIssueAction, SearchJqlAction, ViewIssueAction, ViewIssueAction, ViewIssueAction, ProjectSummaryAction, CreateIssueAction, ViewIssueAction, ViewDashboardAction, ViewDashboardAction, ViewIssueAction, ViewBacklogAction, ViewIssueAction, ViewIssueAction, ViewBoardAction, ViewBoardAction, ViewBacklogAction, ViewIssueAction, ViewBoardAction, SearchJqlAction, ViewBacklogAction, ViewIssueAction, ViewBoardAction, SearchJqlAction, ViewIssueAction, CreateIssueAction, SearchJqlAction, ViewIssueAction, BrowseProjectsAction, ViewBacklogAction, ViewBacklogAction, SearchJqlAction, SearchJqlAction, BrowseProjectsAction, EditIssueAction, ViewIssueAction, ViewIssueAction, ViewIssueAction, ViewIssueAction, EditIssueAction, SearchJqlAction, ViewBoardAction, ViewIssueAction, PatientBrowseBoardsAction, ViewDashboardAction, SearchJqlAction, ViewIssueAction, ViewDashboardAction, ProjectSummaryAction, ViewIssueAction, ViewIssueAction, ViewIssueAction, EditIssueAction, ViewIssueAction, SearchJqlAction, ViewDashboardAction, ViewIssueAction, ViewIssueAction, SearchJqlAction, BrowseProjectsAction, SearchJqlAction, ViewIssueAction, ViewIssueAction, ProjectSummaryAction, ViewBoardAction, ViewIssueAction, ViewBacklogAction, EditIssueAction, ViewIssueAction, SearchJqlAction, CreateIssueAction, ViewIssueAction, ViewIssueAction, ViewIssueAction, ViewIssueAction, ViewIssueAction, ViewBacklogAction, ViewDashboardAction, AddCommentAction]
2019-05-18T16:32:09,483Z DEBUG {} [applying load #6f510be9-4b48-4630-b77a-1617519ebe3b] [ViewIssueAction] Skipping View Issue action. I have no knowledge of issue keys.
2019-05-18T16:32:09,492Z DEBUG {} [applying load #c332aaa7-c663-40ba-b634-5dc400b066a0] [ExploratoryVirtualUser] Circling through [BrowseProjectsAction, SearchJqlAction, ViewIssueAction, SearchJqlAction, ViewIssueAction, ViewDashboardAction, AddCommentAction, SearchJqlAction, SearchJqlAction, ViewIssueAction, ViewBacklogAction, ViewIssueAction, ViewIssueAction, SearchJqlAction, SearchJqlAction, ViewIssueAction, ViewIssueAction, ViewBoardAction, SearchJqlAction, ViewBacklogAction, ViewIssueAction, ViewIssueAction, ViewIssueAction, ViewIssueAction, ViewIssueAction, ViewIssueAction, ViewBoardAction, PatientBrowseBoardsAction, ViewIssueAction, EditIssueAction, ViewIssueAction, CreateIssueAction, ViewDashboardAction, ProjectSummaryAction, ViewDashboardAction, ViewIssueAction, ViewIssueAction, ViewDashboardAction, ViewBacklogAction, BrowseProjectsAction, ViewIssueAction, ViewIssueAction, ProjectSummaryAction, SearchJqlAction, ViewBacklogAction, PatientBrowseBoardsAction, SearchJqlAction, ViewIssueAction, EditIssueAction, EditIssueAction, BrowseProjectsAction, ViewIssueAction, SearchJqlAction, CreateIssueAction, ViewIssueAction, ViewIssueAction, CreateIssueAction, ViewDashboardAction, SearchJqlAction, ViewIssueAction, ViewDashboardAction, ViewIssueAction, SearchJqlAction, ViewBacklogAction, ViewIssueAction, ProjectSummaryAction, CreateIssueAction, ViewIssueAction, ViewBoardAction, ViewIssueAction, ViewIssueAction, ViewBacklogAction, EditIssueAction, ViewIssueAction, ViewIssueAction, ViewBacklogAction, ViewBacklogAction, EditIssueAction, SearchJqlAction, ProjectSummaryAction, SearchJqlAction, ViewBoardAction, ViewIssueAction, BrowseProjectsAction, SearchJqlAction, ViewIssueAction, SearchJqlAction, ViewBoardAction, ViewDashboardAction, ViewBoardAction, ViewIssueAction, ViewIssueAction, ViewIssueAction, ViewIssueAction, ViewIssueAction, ViewIssueAction, ViewBoardAction, ViewDashboardAction, ViewIssueAction, ViewBacklogAction, ViewIssueAction, AddCommentAction, ViewIssueAction, SearchJqlAction, ViewIssueAction, ViewBoardAction, ViewIssueAction, ViewIssueAction, BrowseProjectsAction, ViewIssueAction, ViewIssueAction, ViewIssueAction, ViewIssueAction, ViewIssueAction, SearchJqlAction, SearchJqlAction, ViewIssueAction, SearchJqlAction, ViewBoardAction, ViewDashboardAction, ViewBacklogAction, ViewIssueAction, CreateIssueAction, ProjectSummaryAction, ViewBoardAction, ViewIssueAction, ViewIssueAction, ViewDashboardAction, ViewIssueAction]
2019-05-18T16:32:16,874Z DEBUG {} [applying load #dcf61535-ba9b-4b3c-80d2-7fb4bec82993] [ExploratoryVirtualUser] Circling through [ViewBoardAction, SearchJqlAction, ViewIssueAction, ViewIssueAction, AddCommentAction, ViewBacklogAction, ViewIssueAction, SearchJqlAction, ViewIssueAction, SearchJqlAction, ViewDashboardAction, ViewIssueAction, ViewBoardAction, ViewDashboardAction, SearchJqlAction, ViewBoardAction, ViewIssueAction, SearchJqlAction, SearchJqlAction, ViewIssueAction, CreateIssueAction, SearchJqlAction, CreateIssueAction, ViewIssueAction, ViewIssueAction, EditIssueAction, EditIssueAction, EditIssueAction, ViewIssueAction, ViewDashboardAction, ViewBacklogAction, ViewDashboardAction, SearchJqlAction, ViewIssueAction, ViewIssueAction, ViewIssueAction, SearchJqlAction, ViewIssueAction, CreateIssueAction, ViewIssueAction, ViewBacklogAction, ViewIssueAction, SearchJqlAction, ViewIssueAction, ViewBacklogAction, SearchJqlAction, SearchJqlAction, ViewIssueAction, ViewIssueAction, ViewBoardAction, ViewDashboardAction, BrowseProjectsAction, ProjectSummaryAction, ViewIssueAction, ViewIssueAction, ViewIssueAction, ViewIssueAction, ViewIssueAction, EditIssueAction, ViewIssueAction, ProjectSummaryAction, ViewDashboardAction, ViewIssueAction, SearchJqlAction, ViewIssueAction, ViewBoardAction, ViewIssueAction, ViewIssueAction, CreateIssueAction, ViewIssueAction, SearchJqlAction, ViewDashboardAction, ViewBoardAction, ProjectSummaryAction, ViewBoardAction, ViewDashboardAction, ViewIssueAction, ViewIssueAction, AddCommentAction, SearchJqlAction, ViewIssueAction, SearchJqlAction, SearchJqlAction, ViewBacklogAction, ViewIssueAction, ViewIssueAction, ViewIssueAction, BrowseProjectsAction, ViewIssueAction, ProjectSummaryAction, ViewIssueAction, ViewIssueAction, ViewIssueAction, ProjectSummaryAction, ViewBacklogAction, BrowseProjectsAction, SearchJqlAction, ViewBoardAction, CreateIssueAction, ViewBacklogAction, ViewIssueAction, ViewIssueAction, ViewIssueAction, PatientBrowseBoardsAction, ViewIssueAction, ViewBoardAction, ViewBacklogAction, ViewIssueAction, SearchJqlAction, ViewIssueAction, ViewIssueAction, ViewIssueAction, ViewBacklogAction, BrowseProjectsAction, ViewIssueAction, ViewIssueAction, EditIssueAction, ViewDashboardAction, SearchJqlAction, PatientBrowseBoardsAction, ViewIssueAction, ViewBoardAction, ViewIssueAction, ViewIssueAction, ViewDashboardAction, BrowseProjectsAction, ViewIssueAction, ViewBacklogAction, ViewIssueAction]
2019-05-18T16:32:16,877Z DEBUG {} [applying load #dcf61535-ba9b-4b3c-80d2-7fb4bec82993] [ViewBoardAction] Skipping View Board. I have no knowledge of Boards.
2019-05-18T16:32:16,894Z DEBUG {} [applying load #d77005d0-673d-4c04-920a-1881e321e82b] [ExploratoryVirtualUser] Circling through [ViewIssueAction, ViewIssueAction, SearchJqlAction, ViewIssueAction, ViewIssueAction, SearchJqlAction, ViewIssueAction, ViewIssueAction, SearchJqlAction, ViewDashboardAction, SearchJqlAction, BrowseProjectsAction, ViewIssueAction, SearchJqlAction, ViewIssueAction, SearchJqlAction, SearchJqlAction, ViewIssueAction, SearchJqlAction, ViewIssueAction, ViewDashboardAction, BrowseProjectsAction, ProjectSummaryAction, CreateIssueAction, CreateIssueAction, BrowseProjectsAction, ViewIssueAction, ViewIssueAction, ViewIssueAction, CreateIssueAction, ViewIssueAction, ViewDashboardAction, ViewIssueAction, ViewDashboardAction, CreateIssueAction, ViewIssueAction, ViewIssueAction, ViewBacklogAction, ViewDashboardAction, ViewIssueAction, ViewBoardAction, ViewBoardAction, ProjectSummaryAction, ViewIssueAction, ViewBoardAction, ViewIssueAction, EditIssueAction, ViewIssueAction, ViewDashboardAction, SearchJqlAction, ViewBacklogAction, SearchJqlAction, ViewIssueAction, ViewIssueAction, ViewDashboardAction, ProjectSummaryAction, ViewIssueAction, ViewIssueAction, ViewIssueAction, SearchJqlAction, PatientBrowseBoardsAction, ViewBacklogAction, ViewBoardAction, ViewIssueAction, CreateIssueAction, ViewDashboardAction, EditIssueAction, AddCommentAction, SearchJqlAction, ViewBacklogAction, ViewIssueAction, SearchJqlAction, ViewIssueAction, ViewIssueAction, SearchJqlAction, ViewIssueAction, BrowseProjectsAction, SearchJqlAction, AddCommentAction, ViewIssueAction, ViewIssueAction, ViewIssueAction, ProjectSummaryAction, ViewIssueAction, ViewBoardAction, ViewIssueAction, ViewBacklogAction, SearchJqlAction, ViewDashboardAction, SearchJqlAction, ViewIssueAction, ViewIssueAction, ViewIssueAction, ProjectSummaryAction, ViewBacklogAction, SearchJqlAction, ViewIssueAction, ViewIssueAction, ViewIssueAction, ViewIssueAction, ViewIssueAction, ViewBacklogAction, ViewIssueAction, ViewIssueAction, ViewBoardAction, ViewIssueAction, ViewDashboardAction, ViewBoardAction, PatientBrowseBoardsAction, ViewBoardAction, ViewIssueAction, ViewIssueAction, EditIssueAction, ViewIssueAction, ViewBacklogAction, EditIssueAction, ViewIssueAction, ViewIssueAction, ViewBoardAction, ViewBacklogAction, ViewBoardAction, ViewIssueAction, ViewBacklogAction, EditIssueAction, ViewIssueAction, SearchJqlAction, BrowseProjectsAction, ViewIssueAction, SearchJqlAction]
2019-05-18T16:32:16,895Z DEBUG {} [applying load #d77005d0-673d-4c04-920a-1881e321e82b] [ViewIssueAction] Skipping View Issue action. I have no knowledge of issue keys.
2019-05-18T16:32:16,905Z DEBUG {} [applying load #3442614e-e986-4611-88d6-e63cdeab8fc8] [ExploratoryVirtualUser] Circling through [EditIssueAction, ViewIssueAction, ViewIssueAction, ViewIssueAction, ViewBacklogAction, SearchJqlAction, ViewIssueAction, ViewBoardAction, ViewBacklogAction, ViewIssueAction, ViewBoardAction, ViewIssueAction, ViewIssueAction, ViewBoardAction, ViewDashboardAction, ViewBacklogAction, ViewIssueAction, ViewIssueAction, ViewIssueAction, SearchJqlAction, ViewIssueAction, ViewIssueAction, ViewIssueAction, ViewBacklogAction, ViewIssueAction, ViewIssueAction, SearchJqlAction, ViewIssueAction, SearchJqlAction, SearchJqlAction, CreateIssueAction, ViewIssueAction, ViewIssueAction, ViewIssueAction, EditIssueAction, ViewIssueAction, SearchJqlAction, ViewIssueAction, SearchJqlAction, ViewDashboardAction, SearchJqlAction, ViewDashboardAction, ViewBoardAction, CreateIssueAction, ViewDashboardAction, ViewBacklogAction, ViewIssueAction, ViewIssueAction, ViewIssueAction, ViewIssueAction, ViewDashboardAction, ViewBoardAction, BrowseProjectsAction, PatientBrowseBoardsAction, ProjectSummaryAction, ViewIssueAction, BrowseProjectsAction, ViewIssueAction, ViewIssueAction, ProjectSummaryAction, ViewIssueAction, ViewIssueAction, ViewIssueAction, AddCommentAction, ViewIssueAction, ViewIssueAction, ViewBoardAction, CreateIssueAction, CreateIssueAction, SearchJqlAction, ViewBacklogAction, ViewBoardAction, ViewIssueAction, ViewIssueAction, ViewDashboardAction, SearchJqlAction, ProjectSummaryAction, ViewIssueAction, SearchJqlAction, ViewIssueAction, ViewIssueAction, ViewIssueAction, ViewBacklogAction, ViewBoardAction, ProjectSummaryAction, AddCommentAction, EditIssueAction, SearchJqlAction, BrowseProjectsAction, EditIssueAction, SearchJqlAction, ViewIssueAction, ViewIssueAction, ViewIssueAction, ViewIssueAction, ViewDashboardAction, CreateIssueAction, ViewIssueAction, ViewIssueAction, PatientBrowseBoardsAction, ViewBacklogAction, SearchJqlAction, ViewIssueAction, ViewIssueAction, SearchJqlAction, ViewBoardAction, ViewDashboardAction, ProjectSummaryAction, ViewIssueAction, SearchJqlAction, EditIssueAction, ViewBoardAction, ViewIssueAction, ViewBacklogAction, SearchJqlAction, ViewIssueAction, ViewDashboardAction, ViewIssueAction, ViewIssueAction, ViewDashboardAction, BrowseProjectsAction, SearchJqlAction, ViewIssueAction, ViewIssueAction, ViewIssueAction, SearchJqlAction, ViewBacklogAction, SearchJqlAction, BrowseProjectsAction]
2019-05-18T16:32:16,905Z DEBUG {} [applying load #3442614e-e986-4611-88d6-e63cdeab8fc8] [EditIssueAction] Cannot edit any issue, because I didn't see any editable issues
2019-05-18T16:32:16,914Z DEBUG {} [applying load #3dc01efc-d49c-42b2-b65a-6d21bf0e30d4] [ExploratoryVirtualUser] Circling through [ProjectSummaryAction, EditIssueAction, EditIssueAction, ViewIssueAction, ViewIssueAction, ViewIssueAction, ViewIssueAction, CreateIssueAction, ViewDashboardAction, ViewBoardAction, ViewBoardAction, ViewIssueAction, ViewIssueAction, ViewDashboardAction, ViewBacklogAction, ViewDashboardAction, ViewIssueAction, SearchJqlAction, SearchJqlAction, ViewIssueAction, ViewIssueAction, ViewIssueAction, SearchJqlAction, ViewIssueAction, ViewIssueAction, ViewBoardAction, ViewIssueAction, ViewBacklogAction, AddCommentAction, ViewIssueAction, SearchJqlAction, ProjectSummaryAction, ViewIssueAction, ViewIssueAction, ViewBoardAction, BrowseProjectsAction, ViewBacklogAction, SearchJqlAction, PatientBrowseBoardsAction, ViewIssueAction, EditIssueAction, ViewIssueAction, ViewIssueAction, ViewIssueAction, ViewIssueAction, ViewIssueAction, SearchJqlAction, BrowseProjectsAction, ViewIssueAction, ViewIssueAction, ViewIssueAction, AddCommentAction, ViewIssueAction, ViewBacklogAction, ViewIssueAction, ViewIssueAction, SearchJqlAction, ViewBacklogAction, ViewBacklogAction, ViewBacklogAction, BrowseProjectsAction, ViewIssueAction, CreateIssueAction, ViewDashboardAction, ViewBacklogAction, ViewBoardAction, ViewDashboardAction, ProjectSummaryAction, CreateIssueAction, CreateIssueAction, ViewIssueAction, ProjectSummaryAction, SearchJqlAction, ViewBoardAction, ViewIssueAction, SearchJqlAction, ViewIssueAction, PatientBrowseBoardsAction, ViewIssueAction, ViewIssueAction, ViewIssueAction, ViewIssueAction, ViewBoardAction, ViewIssueAction, ViewBoardAction, SearchJqlAction, ProjectSummaryAction, SearchJqlAction, SearchJqlAction, SearchJqlAction, ViewIssueAction, ViewIssueAction, EditIssueAction, ViewBoardAction, ViewDashboardAction, ViewIssueAction, SearchJqlAction, BrowseProjectsAction, ViewIssueAction, SearchJqlAction, ViewIssueAction, ViewDashboardAction, BrowseProjectsAction, ViewIssueAction, ViewBacklogAction, ViewIssueAction, SearchJqlAction, ViewBacklogAction, ViewIssueAction, ViewDashboardAction, ViewIssueAction, ViewIssueAction, ViewIssueAction, SearchJqlAction, ViewIssueAction, ViewIssueAction, ViewDashboardAction, ViewBoardAction, ViewIssueAction, SearchJqlAction, ViewIssueAction, SearchJqlAction, CreateIssueAction, SearchJqlAction, ViewDashboardAction, EditIssueAction, ViewIssueAction, ViewIssueAction, ViewIssueAction]
2019-05-18T16:32:16,915Z DEBUG {} [applying load #3dc01efc-d49c-42b2-b65a-6d21bf0e30d4] [ProjectSummaryAction] Skipping Project summary action. I have no knowledge of projects.
2019-05-18T16:32:17,111Z DEBUG {} [applying load #a861ba06-43db-4dcb-9d8f-a191388ee7d2] [ExploratoryVirtualUser] Circling through [ViewDashboardAction, ViewDashboardAction, ViewIssueAction, SearchJqlAction, ViewIssueAction, ViewIssueAction, ViewIssueAction, ViewIssueAction, ViewIssueAction, CreateIssueAction, ViewIssueAction, ViewIssueAction, BrowseProjectsAction, ViewBoardAction, ViewIssueAction, BrowseProjectsAction, EditIssueAction, CreateIssueAction, SearchJqlAction, ViewIssueAction, SearchJqlAction, ViewIssueAction, ViewIssueAction, ViewIssueAction, ViewBacklogAction, AddCommentAction, ViewDashboardAction, SearchJqlAction, ViewIssueAction, SearchJqlAction, BrowseProjectsAction, ViewIssueAction, ViewIssueAction, SearchJqlAction, SearchJqlAction, CreateIssueAction, ViewIssueAction, ViewDashboardAction, ViewDashboardAction, ViewIssueAction, SearchJqlAction, ViewIssueAction, ViewIssueAction, ViewBacklogAction, ViewIssueAction, ViewIssueAction, ViewBoardAction, ViewIssueAction, SearchJqlAction, SearchJqlAction, SearchJqlAction, ViewIssueAction, ViewIssueAction, ViewIssueAction, ViewDashboardAction, ViewDashboardAction, ViewIssueAction, ViewBoardAction, ViewBacklogAction, ViewIssueAction, SearchJqlAction, SearchJqlAction, ViewBacklogAction, CreateIssueAction, ViewIssueAction, ViewIssueAction, PatientBrowseBoardsAction, ViewIssueAction, ViewIssueAction, ViewDashboardAction, ViewBoardAction, ViewIssueAction, ViewIssueAction, ViewIssueAction, SearchJqlAction, ViewIssueAction, SearchJqlAction, ViewBacklogAction, ProjectSummaryAction, SearchJqlAction, ViewIssueAction, SearchJqlAction, ViewIssueAction, SearchJqlAction, ProjectSummaryAction, SearchJqlAction, ViewIssueAction, ViewBoardAction, ViewBacklogAction, BrowseProjectsAction, ViewIssueAction, ViewIssueAction, ViewIssueAction, ViewIssueAction, AddCommentAction, ViewIssueAction, EditIssueAction, CreateIssueAction, ProjectSummaryAction, ViewIssueAction, ViewBacklogAction, ProjectSummaryAction, ViewIssueAction, ViewDashboardAction, ViewIssueAction, ViewBoardAction, ViewDashboardAction, ViewBacklogAction, PatientBrowseBoardsAction, ViewIssueAction, ViewBoardAction, ViewBoardAction, EditIssueAction, ViewIssueAction, BrowseProjectsAction, EditIssueAction, ViewBoardAction, SearchJqlAction, ViewBoardAction, ViewIssueAction, ViewIssueAction, ViewIssueAction, ViewIssueAction, ViewBacklogAction, ViewIssueAction, ViewIssueAction, ProjectSummaryAction, ViewBacklogAction, EditIssueAction]
2019-05-18T16:32:19,158Z DEBUG {} [applying load #793259b7-cd24-4c17-bab5-059a1021e37c] [ExploratoryVirtualUser] Circling through [ViewIssueAction, ViewIssueAction, ViewIssueAction, ViewBacklogAction, ViewIssueAction, ViewIssueAction, SearchJqlAction, ViewIssueAction, ViewDashboardAction, SearchJqlAction, ViewBoardAction, BrowseProjectsAction, ViewIssueAction, AddCommentAction, BrowseProjectsAction, ViewBacklogAction, ViewIssueAction, SearchJqlAction, ViewBacklogAction, ViewBoardAction, SearchJqlAction, EditIssueAction, ViewIssueAction, ViewBacklogAction, ViewDashboardAction, AddCommentAction, ViewIssueAction, ViewIssueAction, ViewIssueAction, ViewDashboardAction, CreateIssueAction, ViewIssueAction, ViewIssueAction, SearchJqlAction, ViewIssueAction, ViewIssueAction, ProjectSummaryAction, ViewIssueAction, ViewIssueAction, ViewIssueAction, ViewDashboardAction, SearchJqlAction, EditIssueAction, SearchJqlAction, EditIssueAction, BrowseProjectsAction, ViewIssueAction, SearchJqlAction, ViewIssueAction, ViewIssueAction, ViewIssueAction, SearchJqlAction, EditIssueAction, SearchJqlAction, SearchJqlAction, ViewBacklogAction, ViewDashboardAction, ViewBoardAction, ViewIssueAction, ViewIssueAction, BrowseProjectsAction, ViewDashboardAction, ViewIssueAction, ViewIssueAction, ViewBoardAction, ViewBoardAction, ViewBoardAction, ViewIssueAction, ViewBacklogAction, ProjectSummaryAction, CreateIssueAction, ViewIssueAction, EditIssueAction, ProjectSummaryAction, ViewIssueAction, ViewIssueAction, BrowseProjectsAction, ViewBoardAction, ViewIssueAction, CreateIssueAction, ViewDashboardAction, ViewIssueAction, ViewIssueAction, ViewBoardAction, ViewIssueAction, ViewIssueAction, ViewIssueAction, ViewDashboardAction, PatientBrowseBoardsAction, ViewIssueAction, ViewDashboardAction, ViewIssueAction, ViewIssueAction, ViewIssueAction, ViewIssueAction, ViewBoardAction, ViewBoardAction, SearchJqlAction, ViewIssueAction, ViewBacklogAction, SearchJqlAction, ProjectSummaryAction, ViewIssueAction, CreateIssueAction, ViewIssueAction, ViewBacklogAction, SearchJqlAction, SearchJqlAction, SearchJqlAction, ViewIssueAction, ProjectSummaryAction, SearchJqlAction, CreateIssueAction, ViewIssueAction, ViewDashboardAction, ViewIssueAction, ViewIssueAction, PatientBrowseBoardsAction, ViewIssueAction, SearchJqlAction, ViewBacklogAction, ViewIssueAction, ViewIssueAction, SearchJqlAction, SearchJqlAction, ViewIssueAction, ViewIssueAction, ViewBacklogAction, ViewIssueAction]
2019-05-18T16:32:19,158Z DEBUG {} [applying load #793259b7-cd24-4c17-bab5-059a1021e37c] [ViewIssueAction] Skipping View Issue action. I have no knowledge of issue keys.
2019-05-18T16:32:19,265Z DEBUG {} [applying load #b62887ff-1e23-422b-86c8-d739ec8fcf02] [ExploratoryVirtualUser] Circling through [ViewDashboardAction, SearchJqlAction, ViewIssueAction, ViewBacklogAction, SearchJqlAction, ViewBoardAction, ViewBoardAction, ViewIssueAction, ViewBacklogAction, ViewIssueAction, ViewIssueAction, ProjectSummaryAction, ViewIssueAction, ViewIssueAction, ViewIssueAction, ViewIssueAction, ViewIssueAction, EditIssueAction, CreateIssueAction, CreateIssueAction, BrowseProjectsAction, ViewBoardAction, ViewBoardAction, ViewIssueAction, ViewIssueAction, ViewIssueAction, SearchJqlAction, SearchJqlAction, ViewDashboardAction, ViewBoardAction, ViewDashboardAction, ViewDashboardAction, EditIssueAction, SearchJqlAction, ViewIssueAction, ViewIssueAction, ViewIssueAction, BrowseProjectsAction, SearchJqlAction, ViewIssueAction, ViewIssueAction, ViewIssueAction, ViewBacklogAction, ViewIssueAction, ViewBoardAction, BrowseProjectsAction, SearchJqlAction, ViewIssueAction, ViewIssueAction, EditIssueAction, ViewIssueAction, ViewIssueAction, ViewIssueAction, ViewIssueAction, ViewIssueAction, CreateIssueAction, AddCommentAction, ViewIssueAction, ProjectSummaryAction, SearchJqlAction, ViewBacklogAction, ViewIssueAction, ViewBacklogAction, ViewIssueAction, ProjectSummaryAction, ViewBoardAction, ViewIssueAction, ViewIssueAction, ViewIssueAction, ViewBacklogAction, ViewIssueAction, SearchJqlAction, CreateIssueAction, ViewIssueAction, SearchJqlAction, ViewIssueAction, ViewIssueAction, ViewIssueAction, ViewIssueAction, ViewDashboardAction, ViewBacklogAction, SearchJqlAction, ViewIssueAction, ViewIssueAction, AddCommentAction, ViewIssueAction, ViewBacklogAction, BrowseProjectsAction, ViewBacklogAction, ViewIssueAction, EditIssueAction, ViewIssueAction, SearchJqlAction, ViewIssueAction, SearchJqlAction, ViewIssueAction, ViewIssueAction, ViewDashboardAction, SearchJqlAction, ViewDashboardAction, ViewIssueAction, ViewIssueAction, ViewIssueAction, ViewDashboardAction, ViewDashboardAction, SearchJqlAction, ViewBoardAction, CreateIssueAction, ViewIssueAction, PatientBrowseBoardsAction, ViewIssueAction, ViewIssueAction, SearchJqlAction, BrowseProjectsAction, SearchJqlAction, ViewBoardAction, SearchJqlAction, ViewIssueAction, ViewBoardAction, PatientBrowseBoardsAction, ProjectSummaryAction, ViewDashboardAction, EditIssueAction, ViewIssueAction, SearchJqlAction, ProjectSummaryAction, ViewIssueAction, ViewBacklogAction, SearchJqlAction]
2019-05-18T16:32:19,278Z DEBUG {} [applying load #e99eb406-a9b6-40f8-b981-c514daa18c6b] [ExploratoryVirtualUser] Circling through [ViewDashboardAction, ViewBoardAction, ViewIssueAction, ViewIssueAction, SearchJqlAction, ViewIssueAction, ViewIssueAction, AddCommentAction, ViewDashboardAction, ViewIssueAction, ViewDashboardAction, ViewIssueAction, BrowseProjectsAction, CreateIssueAction, CreateIssueAction, ViewBacklogAction, ViewDashboardAction, ViewIssueAction, ViewIssueAction, ViewBacklogAction, ViewIssueAction, ViewBoardAction, ViewBoardAction, SearchJqlAction, ViewBacklogAction, EditIssueAction, SearchJqlAction, ViewBoardAction, ViewBacklogAction, ViewBoardAction, ViewIssueAction, ViewBacklogAction, ViewIssueAction, ProjectSummaryAction, EditIssueAction, SearchJqlAction, ViewIssueAction, ProjectSummaryAction, ViewDashboardAction, AddCommentAction, ViewIssueAction, SearchJqlAction, ViewIssueAction, ViewIssueAction, ViewIssueAction, ViewDashboardAction, PatientBrowseBoardsAction, SearchJqlAction, SearchJqlAction, ViewDashboardAction, ViewIssueAction, ViewIssueAction, SearchJqlAction, SearchJqlAction, ViewIssueAction, ViewBoardAction, ViewIssueAction, CreateIssueAction, ViewBoardAction, ViewDashboardAction, SearchJqlAction, ViewIssueAction, ViewIssueAction, CreateIssueAction, ViewIssueAction, ViewBacklogAction, ViewIssueAction, ViewDashboardAction, ViewIssueAction, ViewIssueAction, BrowseProjectsAction, ViewIssueAction, EditIssueAction, ViewIssueAction, ViewIssueAction, ViewIssueAction, ViewIssueAction, BrowseProjectsAction, SearchJqlAction, ViewIssueAction, SearchJqlAction, BrowseProjectsAction, ViewIssueAction, ViewBacklogAction, ViewIssueAction, ViewIssueAction, SearchJqlAction, ViewIssueAction, CreateIssueAction, ViewBoardAction, SearchJqlAction, ViewIssueAction, ViewIssueAction, ViewDashboardAction, ViewBoardAction, SearchJqlAction, ViewIssueAction, ProjectSummaryAction, SearchJqlAction, ViewBacklogAction, ViewIssueAction, ViewBoardAction, PatientBrowseBoardsAction, BrowseProjectsAction, SearchJqlAction, ViewIssueAction, ViewIssueAction, ViewIssueAction, SearchJqlAction, ViewIssueAction, SearchJqlAction, ViewIssueAction, EditIssueAction, ViewIssueAction, EditIssueAction, ViewIssueAction, ViewBacklogAction, ViewIssueAction, ViewBacklogAction, ProjectSummaryAction, ViewIssueAction, SearchJqlAction, ViewIssueAction, ViewIssueAction, ViewIssueAction, ViewIssueAction, ViewIssueAction, ProjectSummaryAction, ViewIssueAction]
2019-05-18T16:32:19,511Z DEBUG {} [applying load #5853dcb3-bacc-44cf-88f2-818df28d0ab9] [ExploratoryVirtualUser] Circling through [ViewBoardAction, ViewIssueAction, ViewBoardAction, ViewIssueAction, AddCommentAction, ViewIssueAction, SearchJqlAction, SearchJqlAction, ViewBoardAction, AddCommentAction, BrowseProjectsAction, CreateIssueAction, ViewDashboardAction, ViewIssueAction, ViewIssueAction, SearchJqlAction, ViewIssueAction, ViewBacklogAction, BrowseProjectsAction, ViewIssueAction, ViewBacklogAction, ViewIssueAction, ViewIssueAction, ProjectSummaryAction, ViewIssueAction, ViewDashboardAction, ViewIssueAction, ViewIssueAction, ViewBoardAction, ViewDashboardAction, ViewBoardAction, ViewIssueAction, CreateIssueAction, SearchJqlAction, SearchJqlAction, SearchJqlAction, PatientBrowseBoardsAction, SearchJqlAction, BrowseProjectsAction, ViewIssueAction, ViewBoardAction, ViewIssueAction, ViewIssueAction, ViewIssueAction, SearchJqlAction, ViewIssueAction, ViewIssueAction, ViewIssueAction, ProjectSummaryAction, ViewBoardAction, ViewIssueAction, ViewIssueAction, ViewDashboardAction, EditIssueAction, SearchJqlAction, ViewIssueAction, ViewBoardAction, ViewIssueAction, CreateIssueAction, ViewIssueAction, PatientBrowseBoardsAction, ProjectSummaryAction, EditIssueAction, ViewIssueAction, ViewIssueAction, ProjectSummaryAction, ViewIssueAction, ViewIssueAction, ViewIssueAction, ViewDashboardAction, ViewBacklogAction, SearchJqlAction, ViewIssueAction, ViewIssueAction, SearchJqlAction, ViewBoardAction, SearchJqlAction, BrowseProjectsAction, SearchJqlAction, ViewDashboardAction, ViewIssueAction, ViewIssueAction, BrowseProjectsAction, SearchJqlAction, SearchJqlAction, ViewIssueAction, ViewIssueAction, ViewIssueAction, ViewBacklogAction, ViewIssueAction, SearchJqlAction, SearchJqlAction, CreateIssueAction, ViewBacklogAction, ViewBacklogAction, ViewIssueAction, ViewIssueAction, ViewBacklogAction, EditIssueAction, ViewBacklogAction, ViewIssueAction, ViewIssueAction, EditIssueAction, ViewDashboardAction, ViewIssueAction, ViewIssueAction, ViewIssueAction, SearchJqlAction, ViewDashboardAction, ViewIssueAction, ViewIssueAction, ViewIssueAction, ViewDashboardAction, ViewDashboardAction, ViewIssueAction, ViewIssueAction, ViewIssueAction, CreateIssueAction, ProjectSummaryAction, ViewBacklogAction, EditIssueAction, ViewIssueAction, SearchJqlAction, ViewBoardAction, SearchJqlAction, ViewIssueAction, ViewBacklogAction, ViewIssueAction, ViewIssueAction]
2019-05-18T16:32:19,511Z DEBUG {} [applying load #5853dcb3-bacc-44cf-88f2-818df28d0ab9] [ViewBoardAction] Skipping View Board. I have no knowledge of Boards.
2019-05-18T16:32:19,548Z DEBUG {} [applying load #dba596a8-f3ac-44b1-b141-f7cea702583e] [ExploratoryVirtualUser] Circling through [ViewDashboardAction, ViewIssueAction, ViewIssueAction, ViewBoardAction, BrowseProjectsAction, SearchJqlAction, ViewBoardAction, ViewBoardAction, ViewIssueAction, ViewIssueAction, ViewIssueAction, ViewIssueAction, ViewIssueAction, SearchJqlAction, EditIssueAction, BrowseProjectsAction, ViewIssueAction, CreateIssueAction, ViewIssueAction, ViewBoardAction, ViewBacklogAction, SearchJqlAction, ViewIssueAction, ViewIssueAction, ViewIssueAction, ViewIssueAction, ViewDashboardAction, ViewIssueAction, ViewIssueAction, ViewIssueAction, CreateIssueAction, ViewBoardAction, ViewBoardAction, ViewIssueAction, SearchJqlAction, ViewIssueAction, SearchJqlAction, SearchJqlAction, ViewBacklogAction, ViewBoardAction, ViewIssueAction, AddCommentAction, ViewDashboardAction, ViewIssueAction, ViewIssueAction, ViewDashboardAction, ViewDashboardAction, SearchJqlAction, ViewIssueAction, AddCommentAction, SearchJqlAction, ViewIssueAction, SearchJqlAction, ViewBoardAction, ViewBacklogAction, ViewBacklogAction, ViewIssueAction, ViewIssueAction, SearchJqlAction, BrowseProjectsAction, ViewBoardAction, ViewIssueAction, ViewDashboardAction, ProjectSummaryAction, EditIssueAction, ViewIssueAction, ViewIssueAction, ViewIssueAction, SearchJqlAction, SearchJqlAction, ViewIssueAction, ViewIssueAction, ViewIssueAction, ProjectSummaryAction, SearchJqlAction, ViewBacklogAction, EditIssueAction, ViewIssueAction, ViewIssueAction, BrowseProjectsAction, ViewIssueAction, ViewIssueAction, ViewIssueAction, ViewBacklogAction, ProjectSummaryAction, ViewIssueAction, ViewIssueAction, CreateIssueAction, SearchJqlAction, ViewIssueAction, PatientBrowseBoardsAction, ProjectSummaryAction, BrowseProjectsAction, ViewBoardAction, ViewIssueAction, EditIssueAction, ViewBacklogAction, ViewIssueAction, ViewIssueAction, SearchJqlAction, PatientBrowseBoardsAction, SearchJqlAction, SearchJqlAction, ViewDashboardAction, ViewIssueAction, CreateIssueAction, SearchJqlAction, ViewIssueAction, ViewIssueAction, SearchJqlAction, ViewIssueAction, SearchJqlAction, ViewBacklogAction, ViewDashboardAction, ViewIssueAction, CreateIssueAction, ViewIssueAction, ProjectSummaryAction, ViewDashboardAction, ViewIssueAction, EditIssueAction, ViewBacklogAction, ViewIssueAction, ViewDashboardAction, ViewIssueAction, ViewIssueAction, ViewBacklogAction, ViewIssueAction, ViewIssueAction]
2019-05-18T16:32:21,695Z DEBUG {} [applying load #d77005d0-673d-4c04-920a-1881e321e82b] [ViewIssueAction] Skipping View Issue action. I have no knowledge of issue keys.
2019-05-18T16:32:21,706Z DEBUG {} [applying load #3442614e-e986-4611-88d6-e63cdeab8fc8] [ViewIssueAction] Skipping View Issue action. I have no knowledge of issue keys.
2019-05-18T16:32:21,714Z DEBUG {} [applying load #3dc01efc-d49c-42b2-b65a-6d21bf0e30d4] [EditIssueAction] Cannot edit any issue, because I didn't see any editable issues
2019-05-18T16:32:21,838Z DEBUG {} [applying load #c332aaa7-c663-40ba-b634-5dc400b066a0] [ViewIssueAction] Skipping View Issue action. I have no knowledge of issue keys.
2019-05-18T16:32:23,958Z DEBUG {} [applying load #793259b7-cd24-4c17-bab5-059a1021e37c] [ViewIssueAction] Skipping View Issue action. I have no knowledge of issue keys.
2019-05-18T16:32:24,079Z DEBUG {} [applying load #e99eb406-a9b6-40f8-b981-c514daa18c6b] [ViewBoardAction] Skipping View Board. I have no knowledge of Boards.
2019-05-18T16:32:24,312Z DEBUG {} [applying load #5853dcb3-bacc-44cf-88f2-818df28d0ab9] [ViewIssueAction] Skipping View Issue action. I have no knowledge of issue keys.
2019-05-18T16:32:24,349Z DEBUG {} [applying load #dba596a8-f3ac-44b1-b141-f7cea702583e] [ViewIssueAction] Skipping View Issue action. I have no knowledge of issue keys.
2019-05-18T16:32:26,505Z DEBUG {} [applying load #3442614e-e986-4611-88d6-e63cdeab8fc8] [ViewIssueAction] Skipping View Issue action. I have no knowledge of issue keys.
2019-05-18T16:32:26,514Z DEBUG {} [applying load #3dc01efc-d49c-42b2-b65a-6d21bf0e30d4] [EditIssueAction] Cannot edit any issue, because I didn't see any editable issues
2019-05-18T16:32:26,712Z DEBUG {} [applying load #a861ba06-43db-4dcb-9d8f-a191388ee7d2] [ViewIssueAction] Skipping View Issue action. I have no knowledge of issue keys.
2019-05-18T16:32:28,758Z DEBUG {} [applying load #793259b7-cd24-4c17-bab5-059a1021e37c] [ViewIssueAction] Skipping View Issue action. I have no knowledge of issue keys.
2019-05-18T16:32:28,878Z DEBUG {} [applying load #e99eb406-a9b6-40f8-b981-c514daa18c6b] [ViewIssueAction] Skipping View Issue action. I have no knowledge of issue keys.
2019-05-18T16:32:29,111Z DEBUG {} [applying load #5853dcb3-bacc-44cf-88f2-818df28d0ab9] [ViewBoardAction] Skipping View Board. I have no knowledge of Boards.
2019-05-18T16:32:29,149Z DEBUG {} [applying load #dba596a8-f3ac-44b1-b141-f7cea702583e] [ViewIssueAction] Skipping View Issue action. I have no knowledge of issue keys.
2019-05-18T16:32:31,306Z DEBUG {} [applying load #3442614e-e986-4611-88d6-e63cdeab8fc8] [ViewIssueAction] Skipping View Issue action. I have no knowledge of issue keys.
2019-05-18T16:32:31,314Z DEBUG {} [applying load #3dc01efc-d49c-42b2-b65a-6d21bf0e30d4] [ViewIssueAction] Skipping View Issue action. I have no knowledge of issue keys.
2019-05-18T16:32:33,558Z DEBUG {} [applying load #793259b7-cd24-4c17-bab5-059a1021e37c] [ViewBacklogAction] Skipping View Backlog. I have no knowledge of Boards.
2019-05-18T16:32:33,679Z DEBUG {} [applying load #e99eb406-a9b6-40f8-b981-c514daa18c6b] [ViewIssueAction] Skipping View Issue action. I have no knowledge of issue keys.
2019-05-18T16:32:33,911Z DEBUG {} [applying load #5853dcb3-bacc-44cf-88f2-818df28d0ab9] [ViewIssueAction] Skipping View Issue action. I have no knowledge of issue keys.
2019-05-18T16:32:33,949Z DEBUG {} [applying load #dba596a8-f3ac-44b1-b141-f7cea702583e] [ViewBoardAction] Skipping View Board. I have no knowledge of Boards.
2019-05-18T16:32:36,105Z DEBUG {} [applying load #3442614e-e986-4611-88d6-e63cdeab8fc8] [ViewBacklogAction] Skipping View Backlog. I have no knowledge of Boards.
2019-05-18T16:32:36,115Z DEBUG {} [applying load #3dc01efc-d49c-42b2-b65a-6d21bf0e30d4] [ViewIssueAction] Skipping View Issue action. I have no knowledge of issue keys.
2019-05-18T16:32:38,359Z DEBUG {} [applying load #793259b7-cd24-4c17-bab5-059a1021e37c] [ViewIssueAction] Skipping View Issue action. I have no knowledge of issue keys.
2019-05-18T16:32:38,711Z DEBUG {} [applying load #5853dcb3-bacc-44cf-88f2-818df28d0ab9] [AddCommentAction] Cannot add a comment, because I didn't see any issues yet
2019-05-18T16:32:40,914Z DEBUG {} [applying load #3dc01efc-d49c-42b2-b65a-6d21bf0e30d4] [ViewIssueAction] Skipping View Issue action. I have no knowledge of issue keys.
2019-05-18T16:32:43,158Z DEBUG {} [applying load #793259b7-cd24-4c17-bab5-059a1021e37c] [ViewIssueAction] Skipping View Issue action. I have no knowledge of issue keys.
2019-05-18T16:32:43,278Z DEBUG {} [applying load #e99eb406-a9b6-40f8-b981-c514daa18c6b] [ViewIssueAction] Skipping View Issue action. I have no knowledge of issue keys.
2019-05-18T16:32:43,512Z DEBUG {} [applying load #5853dcb3-bacc-44cf-88f2-818df28d0ab9] [ViewIssueAction] Skipping View Issue action. I have no knowledge of issue keys.
2019-05-18T16:32:45,705Z DEBUG {} [applying load #3442614e-e986-4611-88d6-e63cdeab8fc8] [ViewIssueAction] Skipping View Issue action. I have no knowledge of issue keys.
2019-05-18T16:32:45,715Z DEBUG {} [applying load #3dc01efc-d49c-42b2-b65a-6d21bf0e30d4] [ViewIssueAction] Skipping View Issue action. I have no knowledge of issue keys.
2019-05-18T16:32:48,079Z DEBUG {} [applying load #e99eb406-a9b6-40f8-b981-c514daa18c6b] [ViewIssueAction] Skipping View Issue action. I have no knowledge of issue keys.
2019-05-18T16:32:48,349Z DEBUG {} [applying load #dba596a8-f3ac-44b1-b141-f7cea702583e] [ViewBoardAction] Skipping View Board. I have no knowledge of Boards.
2019-05-18T16:32:50,506Z DEBUG {} [applying load #3442614e-e986-4611-88d6-e63cdeab8fc8] [ViewBoardAction] Skipping View Board. I have no knowledge of Boards.
2019-05-18T16:32:50,514Z DEBUG {} [applying load #3dc01efc-d49c-42b2-b65a-6d21bf0e30d4] [CreateIssueAction] Skipping Create issue action. I have no knowledge of projects.
2019-05-18T16:32:52,759Z DEBUG {} [applying load #793259b7-cd24-4c17-bab5-059a1021e37c] [ViewIssueAction] Skipping View Issue action. I have no knowledge of issue keys.
2019-05-18T16:32:52,878Z DEBUG {} [applying load #e99eb406-a9b6-40f8-b981-c514daa18c6b] [AddCommentAction] Cannot add a comment, because I didn't see any issues yet
2019-05-18T16:32:53,150Z DEBUG {} [applying load #dba596a8-f3ac-44b1-b141-f7cea702583e] [ViewBoardAction] Skipping View Board. I have no knowledge of Boards.
2019-05-18T16:32:55,306Z DEBUG {} [applying load #3442614e-e986-4611-88d6-e63cdeab8fc8] [ViewBacklogAction] Skipping View Backlog. I have no knowledge of Boards.
2019-05-18T16:32:57,949Z DEBUG {} [applying load #dba596a8-f3ac-44b1-b141-f7cea702583e] [ViewIssueAction] Skipping View Issue action. I have no knowledge of issue keys.
2019-05-18T16:33:00,105Z DEBUG {} [applying load #3442614e-e986-4611-88d6-e63cdeab8fc8] [ViewIssueAction] Skipping View Issue action. I have no knowledge of issue keys.
2019-05-18T16:33:00,114Z DEBUG {} [applying load #3dc01efc-d49c-42b2-b65a-6d21bf0e30d4] [ViewBoardAction] Skipping View Board. I have no knowledge of Boards.
2019-05-18T16:33:02,478Z DEBUG {} [applying load #e99eb406-a9b6-40f8-b981-c514daa18c6b] [ViewIssueAction] Skipping View Issue action. I have no knowledge of issue keys.
2019-05-18T16:33:02,750Z DEBUG {} [applying load #dba596a8-f3ac-44b1-b141-f7cea702583e] [ViewIssueAction] Skipping View Issue action. I have no knowledge of issue keys.
2019-05-18T16:33:04,906Z DEBUG {} [applying load #3442614e-e986-4611-88d6-e63cdeab8fc8] [ViewBoardAction] Skipping View Board. I have no knowledge of Boards.
2019-05-18T16:33:04,914Z DEBUG {} [applying load #3dc01efc-d49c-42b2-b65a-6d21bf0e30d4] [ViewBoardAction] Skipping View Board. I have no knowledge of Boards.
2019-05-18T16:33:07,159Z DEBUG {} [applying load #793259b7-cd24-4c17-bab5-059a1021e37c] [ViewBoardAction] Skipping View Board. I have no knowledge of Boards.
2019-05-18T16:33:07,549Z DEBUG {} [applying load #dba596a8-f3ac-44b1-b141-f7cea702583e] [ViewIssueAction] Skipping View Issue action. I have no knowledge of issue keys.
2019-05-18T16:33:09,705Z DEBUG {} [applying load #3442614e-e986-4611-88d6-e63cdeab8fc8] [ViewIssueAction] Skipping View Issue action. I have no knowledge of issue keys.
2019-05-18T16:33:09,708Z DEBUG {} [applying load #6f510be9-4b48-4630-b77a-1617519ebe3b] [AdaptiveJqlMemory] Rendered a new jql query: <<project = ANIOS order by status>>
2019-05-18T16:33:09,708Z DEBUG {} [applying load #6f510be9-4b48-4630-b77a-1617519ebe3b] [ViewBacklogAction] Skipping View Backlog. I have no knowledge of Boards.
2019-05-18T16:33:09,708Z DEBUG {} [applying load #6f510be9-4b48-4630-b77a-1617519ebe3b] [ViewBacklogAction] Skipping View Backlog. I have no knowledge of Boards.
2019-05-18T16:33:09,715Z DEBUG {} [applying load #3dc01efc-d49c-42b2-b65a-6d21bf0e30d4] [ViewIssueAction] Skipping View Issue action. I have no knowledge of issue keys.
2019-05-18T16:33:10,017Z DEBUG {} [applying load #c332aaa7-c663-40ba-b634-5dc400b066a0] [AdaptiveJqlMemory] Rendered a new jql query: <<project = BYSHI order by status>>
2019-05-18T16:33:10,849Z DEBUG {} [applying load #6f510be9-4b48-4630-b77a-1617519ebe3b] [AdaptiveJqlMemory] Rendered a new jql query: <<assignee = iebyxzczp order by project>>
2019-05-18T16:33:11,546Z DEBUG {} [applying load #d77005d0-673d-4c04-920a-1881e321e82b] [AdaptiveJqlMemory] Rendered a new jql query: <<project = NLKS order by status>>
2019-05-18T16:33:11,765Z DEBUG {} [applying load #dcf61535-ba9b-4b3c-80d2-7fb4bec82993] [AdaptiveJqlMemory] Rendered a new jql query: <<project = AMSAI order by status>>
2019-05-18T16:33:11,910Z DEBUG {} [applying load #6f510be9-4b48-4630-b77a-1617519ebe3b] [AdaptiveJqlMemory] Rendered a new jql query: <<reporter was dvcjvdgns order by description>>
2019-05-18T16:33:12,079Z DEBUG {} [applying load #e99eb406-a9b6-40f8-b981-c514daa18c6b] [ViewIssueAction] Skipping View Issue action. I have no knowledge of issue keys.
2019-05-18T16:33:12,350Z DEBUG {} [applying load #dba596a8-f3ac-44b1-b141-f7cea702583e] [ViewIssueAction] Skipping View Issue action. I have no knowledge of issue keys.
2019-05-18T16:33:12,678Z DEBUG {} [applying load #d77005d0-673d-4c04-920a-1881e321e82b] [AdaptiveJqlMemory] Rendered a new jql query: <<assignee = xgsqbwfpe order by project>>
2019-05-18T16:33:12,856Z DEBUG {} [applying load #dcf61535-ba9b-4b3c-80d2-7fb4bec82993] [AdaptiveJqlMemory] Rendered a new jql query: <<assignee = xrpjgmuae order by project>>
2019-05-18T16:33:13,251Z DEBUG {} [applying load #6f510be9-4b48-4630-b77a-1617519ebe3b] [AdaptiveJqlMemory] Rendered a new jql query: <<project = CGILSA and assignee = dpscdxzgp order by reporter>>
2019-05-18T16:33:14,506Z DEBUG {} [applying load #3442614e-e986-4611-88d6-e63cdeab8fc8] [ViewIssueAction] Skipping View Issue action. I have no knowledge of issue keys.
2019-05-18T16:33:14,514Z DEBUG {} [applying load #3dc01efc-d49c-42b2-b65a-6d21bf0e30d4] [ViewIssueAction] Skipping View Issue action. I have no knowledge of issue keys.
2019-05-18T16:33:15,123Z DEBUG {} [applying load #dcf61535-ba9b-4b3c-80d2-7fb4bec82993] [ViewBacklogAction] Skipping View Backlog. I have no knowledge of Boards.
2019-05-18T16:33:15,410Z DEBUG {} [applying load #d77005d0-673d-4c04-920a-1881e321e82b] [AdaptiveJqlMemory] Rendered a new jql query: <<reporter was elvhremqk order by description>>
2019-05-18T16:33:16,338Z DEBUG {} [applying load #dcf61535-ba9b-4b3c-80d2-7fb4bec82993] [AdaptiveJqlMemory] Rendered a new jql query: <<reporter was cuhxaewcx order by description>>
2019-05-18T16:33:16,730Z DEBUG {} [applying load #d77005d0-673d-4c04-920a-1881e321e82b] [AdaptiveJqlMemory] Rendered a new jql query: <<project = CGILSA and assignee = dpscdxzgp order by reporter>>
2019-05-18T16:33:17,149Z DEBUG {} [applying load #dba596a8-f3ac-44b1-b141-f7cea702583e] [ViewIssueAction] Skipping View Issue action. I have no knowledge of issue keys.
2019-05-18T16:33:18,027Z DEBUG {} [applying load #793259b7-cd24-4c17-bab5-059a1021e37c] [AdaptiveJqlMemory] Rendered a new jql query: <<project = AASKSA order by status>>
2019-05-18T16:33:18,986Z DEBUG {} [applying load #a861ba06-43db-4dcb-9d8f-a191388ee7d2] [AdaptiveJqlMemory] Rendered a new jql query: <<project = CCAFR order by status>>
2019-05-18T16:33:19,305Z DEBUG {} [applying load #3442614e-e986-4611-88d6-e63cdeab8fc8] [ViewBoardAction] Skipping View Board. I have no knowledge of Boards.
2019-05-18T16:33:20,116Z DEBUG {} [applying load #a861ba06-43db-4dcb-9d8f-a191388ee7d2] [AdaptiveJqlMemory] Rendered a new jql query: <<assignee = sqxumrjtj order by project>>
2019-05-18T16:33:21,030Z DEBUG {} [applying load #6f510be9-4b48-4630-b77a-1617519ebe3b] [ViewBoardAction] Skipping View Board. I have no knowledge of Boards.
2019-05-18T16:33:21,136Z DEBUG {} [applying load #a861ba06-43db-4dcb-9d8f-a191388ee7d2] [AdaptiveJqlMemory] Rendered a new jql query: <<reporter was jhducdxpd order by description>>
2019-05-18T16:33:22,244Z DEBUG {} [applying load #a861ba06-43db-4dcb-9d8f-a191388ee7d2] [AdaptiveJqlMemory] Rendered a new jql query: <<project = BBEHIA and assignee = sqxumrjtj order by reporter>>
2019-05-18T16:33:23,844Z DEBUG {} [applying load #dcf61535-ba9b-4b3c-80d2-7fb4bec82993] [AdaptiveJqlMemory] Rendered a new jql query: <<project = BYSHI and assignee = sgquoftoc order by reporter>>
2019-05-18T16:33:24,051Z DEBUG {} [applying load #a861ba06-43db-4dcb-9d8f-a191388ee7d2] [AdaptiveJqlMemory] Rendered a new jql query: <<text ~ "stolider" order by key>>
2019-05-18T16:33:24,051Z DEBUG {} [applying load #a861ba06-43db-4dcb-9d8f-a191388ee7d2] [CreateIssueAction] Skipping Create issue action. I have no knowledge of projects.
2019-05-18T16:33:24,114Z DEBUG {} [applying load #3dc01efc-d49c-42b2-b65a-6d21bf0e30d4] [ViewBacklogAction] Skipping View Backlog. I have no knowledge of Boards.
2019-05-18T16:33:28,546Z DEBUG {} [applying load #dcf61535-ba9b-4b3c-80d2-7fb4bec82993] [AdaptiveJqlMemory] Rendered a new jql query: <<text ~ "saucy" order by key>>
2019-05-18T16:33:28,547Z DEBUG {} [applying load #dcf61535-ba9b-4b3c-80d2-7fb4bec82993] [ViewBoardAction] Skipping View Board. I have no knowledge of Boards.
2019-05-18T16:33:28,771Z DEBUG {} [applying load #a861ba06-43db-4dcb-9d8f-a191388ee7d2] [ViewBoardAction] Skipping View Board. I have no knowledge of Boards.
2019-05-18T16:33:28,905Z DEBUG {} [applying load #3442614e-e986-4611-88d6-e63cdeab8fc8] [ViewBacklogAction] Skipping View Backlog. I have no knowledge of Boards.
2019-05-18T16:33:29,668Z DEBUG {} [applying load #b62887ff-1e23-422b-86c8-d739ec8fcf02] [AdaptiveJqlMemory] Rendered a new jql query: <<project = BGFFIA order by status>>
2019-05-18T16:33:29,669Z DEBUG {} [applying load #b62887ff-1e23-422b-86c8-d739ec8fcf02] [ViewBacklogAction] Skipping View Backlog. I have no knowledge of Boards.
2019-05-18T16:33:31,158Z DEBUG {} [applying load #793259b7-cd24-4c17-bab5-059a1021e37c] [ViewBacklogAction] Skipping View Backlog. I have no knowledge of Boards.
2019-05-18T16:33:32,061Z DEBUG {} [applying load #5853dcb3-bacc-44cf-88f2-818df28d0ab9] [ViewBoardAction] Skipping View Board. I have no knowledge of Boards.
2019-05-18T16:33:32,062Z DEBUG {} [applying load #5853dcb3-bacc-44cf-88f2-818df28d0ab9] [AddCommentAction] Cannot add a comment, because I didn't see any issues yet
2019-05-18T16:33:33,331Z DEBUG {} [applying load #dcf61535-ba9b-4b3c-80d2-7fb4bec82993] [ViewBoardAction] Skipping View Board. I have no knowledge of Boards.
2019-05-18T16:33:33,705Z DEBUG {} [applying load #3442614e-e986-4611-88d6-e63cdeab8fc8] [ViewIssueAction] Skipping View Issue action. I have no knowledge of issue keys.
2019-05-18T16:33:33,714Z DEBUG {} [applying load #3dc01efc-d49c-42b2-b65a-6d21bf0e30d4] [ViewIssueAction] Skipping View Issue action. I have no knowledge of issue keys.
2019-05-18T16:33:33,921Z DEBUG {} [applying load #e99eb406-a9b6-40f8-b981-c514daa18c6b] [SeededRandom] Using seed 1558197213
2019-05-18T16:33:36,000Z DEBUG {} [applying load #a861ba06-43db-4dcb-9d8f-a191388ee7d2] [SeededRandom] Using seed 1558197216
2019-05-18T16:33:36,341Z DEBUG {} [applying load #d77005d0-673d-4c04-920a-1881e321e82b] [AdaptiveJqlMemory] Rendered a new jql query: <<text ~ "bullied" order by key>>
2019-05-18T16:33:37,004Z DEBUG {} [applying load #793259b7-cd24-4c17-bab5-059a1021e37c] [AdaptiveJqlMemory] Rendered a new jql query: <<reporter was jpt-ca964b5c-039e-4e1e-9202-6a01331f503a order by description>>
2019-05-18T16:33:38,505Z DEBUG {} [applying load #3442614e-e986-4611-88d6-e63cdeab8fc8] [ViewIssueAction] Skipping View Issue action. I have no knowledge of issue keys.
2019-05-18T16:33:43,088Z DEBUG {} [applying load #5853dcb3-bacc-44cf-88f2-818df28d0ab9] [SeededRandom] Using seed 1558197223
2019-05-18T16:33:43,306Z DEBUG {} [applying load #3442614e-e986-4611-88d6-e63cdeab8fc8] [ViewIssueAction] Skipping View Issue action. I have no knowledge of issue keys.
2019-05-18T16:33:44,474Z DEBUG {} [applying load #e99eb406-a9b6-40f8-b981-c514daa18c6b] [SeededRandom] Using seed 1558197224
2019-05-18T16:33:44,656Z DEBUG {} [applying load #a861ba06-43db-4dcb-9d8f-a191388ee7d2] [SeededRandom] Using seed 1558197224
2019-05-18T16:33:45,558Z DEBUG {} [applying load #793259b7-cd24-4c17-bab5-059a1021e37c] [ViewBacklogAction] Skipping View Backlog. I have no knowledge of Boards.
2019-05-18T16:33:46,892Z DEBUG {} [applying load #e99eb406-a9b6-40f8-b981-c514daa18c6b] [ViewBacklogAction] Skipping View Backlog. I have no knowledge of Boards.
2019-05-18T16:33:47,450Z DEBUG {} [applying load #e99eb406-a9b6-40f8-b981-c514daa18c6b] [ViewIssueAction] Skipping View Issue action. I have no knowledge of issue keys.
2019-05-18T16:33:47,451Z DEBUG {} [applying load #e99eb406-a9b6-40f8-b981-c514daa18c6b] [ViewIssueAction] Skipping View Issue action. I have no knowledge of issue keys.
2019-05-18T16:33:47,545Z DEBUG {} [applying load #5853dcb3-bacc-44cf-88f2-818df28d0ab9] [AdaptiveJqlMemory] Rendered a new jql query: <<project = AALBSA order by status>>
2019-05-18T16:33:48,753Z DEBUG {} [applying load #5853dcb3-bacc-44cf-88f2-818df28d0ab9] [AdaptiveJqlMemory] Rendered a new jql query: <<assignee = prdydkapb order by project>>
2019-05-18T16:33:50,359Z DEBUG {} [applying load #793259b7-cd24-4c17-bab5-059a1021e37c] [ViewBoardAction] Skipping View Board. I have no knowledge of Boards.
2019-05-18T16:33:50,478Z DEBUG {} [applying load #e99eb406-a9b6-40f8-b981-c514daa18c6b] [ViewBacklogAction] Skipping View Backlog. I have no knowledge of Boards.
2019-05-18T16:33:52,876Z DEBUG {} [applying load #dcf61535-ba9b-4b3c-80d2-7fb4bec82993] [CreateIssueAction] Skipping Create issue action. I have no knowledge of projects.
2019-05-18T16:33:53,300Z DEBUG {} [applying load #5853dcb3-bacc-44cf-88f2-818df28d0ab9] [AdaptiveJqlMemory] Rendered a new jql query: <<reporter was jpt-ca964b5c-039e-4e1e-9202-6a01331f503a order by description>>
2019-05-18T16:33:53,301Z DEBUG {} [applying load #5853dcb3-bacc-44cf-88f2-818df28d0ab9] [ViewBacklogAction] Skipping View Backlog. I have no knowledge of Boards.
2019-05-18T16:33:55,279Z DEBUG {} [applying load #e99eb406-a9b6-40f8-b981-c514daa18c6b] [ViewIssueAction] Skipping View Issue action. I have no knowledge of issue keys.
2019-05-18T16:33:58,125Z DEBUG {} [applying load #5853dcb3-bacc-44cf-88f2-818df28d0ab9] [AdaptiveJqlMemory] Rendered a new jql query: <<text ~ "summary" order by key>>
2019-05-18T16:33:58,125Z DEBUG {} [applying load #5853dcb3-bacc-44cf-88f2-818df28d0ab9] [ViewBacklogAction] Skipping View Backlog. I have no knowledge of Boards.
2019-05-18T16:34:00,078Z DEBUG {} [applying load #e99eb406-a9b6-40f8-b981-c514daa18c6b] [ViewBoardAction] Skipping View Board. I have no knowledge of Boards.
2019-05-18T16:34:02,852Z DEBUG {} [applying load #793259b7-cd24-4c17-bab5-059a1021e37c] [SeededRandom] Using seed 1558197242
2019-05-18T16:34:03,322Z DEBUG {} [applying load #dcf61535-ba9b-4b3c-80d2-7fb4bec82993] [CreateIssueAction] Skipping Create issue action. I have no knowledge of projects.
2019-05-18T16:34:04,878Z DEBUG {} [applying load #e99eb406-a9b6-40f8-b981-c514daa18c6b] [ViewBoardAction] Skipping View Board. I have no knowledge of Boards.
2019-05-18T16:34:06,408Z DEBUG {} [applying load #793259b7-cd24-4c17-bab5-059a1021e37c] [AdaptiveJqlMemory] Rendered a new jql query: <<assignee = vbauiyepc order by project>>
2019-05-18T16:34:09,558Z DEBUG {} [applying load #793259b7-cd24-4c17-bab5-059a1021e37c] [ViewBacklogAction] Skipping View Backlog. I have no knowledge of Boards.
2019-05-18T16:34:12,311Z DEBUG {} [applying load #a861ba06-43db-4dcb-9d8f-a191388ee7d2] [ViewBacklogAction] Skipping View Backlog. I have no knowledge of Boards.
2019-05-18T16:34:14,479Z DEBUG {} [applying load #e99eb406-a9b6-40f8-b981-c514daa18c6b] [ViewBacklogAction] Skipping View Backlog. I have no knowledge of Boards.
2019-05-18T16:34:19,278Z DEBUG {} [applying load #e99eb406-a9b6-40f8-b981-c514daa18c6b] [EditIssueAction] Cannot edit any issue, because I didn't see any editable issues
2019-05-18T16:34:19,331Z DEBUG {} [applying load #dcf61535-ba9b-4b3c-80d2-7fb4bec82993] [SeededRandom] Using seed 1558197259
2019-05-18T16:34:21,716Z DEBUG {} [applying load #c332aaa7-c663-40ba-b634-5dc400b066a0] [AdaptiveJqlMemory] Rendered a new jql query: <<assignee = mxkgvsgun order by project>>
2019-05-18T16:34:21,716Z DEBUG {} [applying load #c332aaa7-c663-40ba-b634-5dc400b066a0] [ViewBacklogAction] Skipping View Backlog. I have no knowledge of Boards.
2019-05-18T16:34:22,845Z DEBUG {} [applying load #c332aaa7-c663-40ba-b634-5dc400b066a0] [AdaptiveJqlMemory] Rendered a new jql query: <<reporter was fawkmfiwq order by description>>
2019-05-18T16:34:23,771Z DEBUG {} [applying load #dcf61535-ba9b-4b3c-80d2-7fb4bec82993] [SeededRandom] Using seed 1558197263
2019-05-18T16:34:24,007Z DEBUG {} [applying load #c332aaa7-c663-40ba-b634-5dc400b066a0] [AdaptiveJqlMemory] Rendered a new jql query: <<project = CCRMI and assignee = dflsvgsgu order by reporter>>
2019-05-18T16:34:24,139Z DEBUG {} [applying load #b62887ff-1e23-422b-86c8-d739ec8fcf02] [ViewBoardAction] Skipping View Board. I have no knowledge of Boards.
2019-05-18T16:34:24,139Z DEBUG {} [applying load #b62887ff-1e23-422b-86c8-d739ec8fcf02] [ViewBoardAction] Skipping View Board. I have no knowledge of Boards.
2019-05-18T16:34:25,287Z DEBUG {} [applying load #793259b7-cd24-4c17-bab5-059a1021e37c] [AdaptiveJqlMemory] Rendered a new jql query: <<project = AASKSA and assignee = nyaygyqeq order by reporter>>
2019-05-18T16:34:25,765Z DEBUG {} [applying load #b62887ff-1e23-422b-86c8-d739ec8fcf02] [AdaptiveJqlMemory] Rendered a new jql query: <<assignee = gekavvjdx order by project>>
2019-05-18T16:34:25,765Z DEBUG {} [applying load #b62887ff-1e23-422b-86c8-d739ec8fcf02] [ViewBacklogAction] Skipping View Backlog. I have no knowledge of Boards.
2019-05-18T16:34:27,018Z DEBUG {} [applying load #b62887ff-1e23-422b-86c8-d739ec8fcf02] [AdaptiveJqlMemory] Rendered a new jql query: <<reporter was xpyslntyv order by description>>
2019-05-18T16:34:27,430Z DEBUG {} [applying load #5853dcb3-bacc-44cf-88f2-818df28d0ab9] [AdaptiveJqlMemory] Rendered a new jql query: <<project = AISTS and assignee = phizezmdl order by reporter>>
2019-05-18T16:34:28,070Z DEBUG {} [applying load #b62887ff-1e23-422b-86c8-d739ec8fcf02] [AdaptiveJqlMemory] Rendered a new jql query: <<project = SBEU and assignee = rahyryjga order by reporter>>
2019-05-18T16:34:28,071Z DEBUG {} [applying load #b62887ff-1e23-422b-86c8-d739ec8fcf02] [ProjectSummaryAction] Skipping Project summary action. I have no knowledge of projects.
2019-05-18T16:34:28,508Z DEBUG {} [applying load #6f510be9-4b48-4630-b77a-1617519ebe3b] [ViewBoardAction] Skipping View Board. I have no knowledge of Boards.
2019-05-18T16:34:28,577Z DEBUG {} [applying load #dcf61535-ba9b-4b3c-80d2-7fb4bec82993] [SeededRandom] Using seed 1558197268
2019-05-18T16:34:29,025Z DEBUG {} [applying load #b62887ff-1e23-422b-86c8-d739ec8fcf02] [AdaptiveJqlMemory] Rendered a new jql query: <<text ~ "motoring" order by key>>
2019-05-18T16:34:29,552Z DEBUG {} [applying load #d77005d0-673d-4c04-920a-1881e321e82b] [SeededRandom] Using seed 1558197269
2019-05-18T16:34:29,734Z DEBUG {} [applying load #6f510be9-4b48-4630-b77a-1617519ebe3b] [AdaptiveJqlMemory] Rendered a new jql query: <<text ~ "blistering" order by key>>
2019-05-18T16:34:29,734Z DEBUG {} [applying load #6f510be9-4b48-4630-b77a-1617519ebe3b] [ProjectSummaryAction] Skipping Project summary action. I have no knowledge of projects.
2019-05-18T16:34:29,861Z DEBUG {} [applying load #793259b7-cd24-4c17-bab5-059a1021e37c] [AdaptiveJqlMemory] Rendered a new jql query: <<text ~ "summary" order by key>>
2019-05-18T16:34:33,911Z DEBUG {} [applying load #5853dcb3-bacc-44cf-88f2-818df28d0ab9] [ViewBoardAction] Skipping View Board. I have no knowledge of Boards.
2019-05-18T16:34:35,078Z DEBUG {} [applying load #c332aaa7-c663-40ba-b634-5dc400b066a0] [AdaptiveJqlMemory] Rendered a new jql query: <<text ~ "summary" order by key>>
2019-05-18T16:34:35,970Z DEBUG {} [applying load #b62887ff-1e23-422b-86c8-d739ec8fcf02] [SeededRandom] Using seed 1558197275
2019-05-18T16:34:36,245Z DEBUG {} [applying load #c332aaa7-c663-40ba-b634-5dc400b066a0] [ViewBoardAction] Skipping View Board. I have no knowledge of Boards.
2019-05-18T16:34:37,106Z DEBUG {} [applying load #d77005d0-673d-4c04-920a-1881e321e82b] [SeededRandom] Using seed 1558197277
2019-05-18T16:34:38,682Z DEBUG {} [applying load #b62887ff-1e23-422b-86c8-d739ec8fcf02] [CreateIssueAction] Skipping Create issue action. I have no knowledge of projects.
2019-05-18T16:34:38,682Z DEBUG {} [applying load #b62887ff-1e23-422b-86c8-d739ec8fcf02] [CreateIssueAction] Skipping Create issue action. I have no knowledge of projects.
2019-05-18T16:34:39,271Z DEBUG {} [applying load #c332aaa7-c663-40ba-b634-5dc400b066a0] [ViewBacklogAction] Skipping View Backlog. I have no knowledge of Boards.
2019-05-18T16:34:40,875Z DEBUG {} [applying load #dcf61535-ba9b-4b3c-80d2-7fb4bec82993] [ViewBacklogAction] Skipping View Backlog. I have no knowledge of Boards.
2019-05-18T16:34:41,550Z DEBUG {} [applying load #b62887ff-1e23-422b-86c8-d739ec8fcf02] [ViewBoardAction] Skipping View Board. I have no knowledge of Boards.
2019-05-18T16:34:41,550Z DEBUG {} [applying load #b62887ff-1e23-422b-86c8-d739ec8fcf02] [ViewBoardAction] Skipping View Board. I have no knowledge of Boards.
2019-05-18T16:34:42,274Z DEBUG {} [applying load #dba596a8-f3ac-44b1-b141-f7cea702583e] [EditIssueAction] Cannot edit any issue, because I didn't see any editable issues
2019-05-18T16:34:43,511Z DEBUG {} [applying load #5853dcb3-bacc-44cf-88f2-818df28d0ab9] [ViewBoardAction] Skipping View Board. I have no knowledge of Boards.
2019-05-18T16:34:43,516Z DEBUG {} [applying load #3442614e-e986-4611-88d6-e63cdeab8fc8] [AdaptiveJqlMemory] Rendered a new jql query: <<project = SBEU order by status>>
2019-05-18T16:34:44,418Z DEBUG {} [applying load #3442614e-e986-4611-88d6-e63cdeab8fc8] [AdaptiveJqlMemory] Rendered a new jql query: <<assignee = ienkhkhsk order by project>>
2019-05-18T16:34:45,275Z DEBUG {} [applying load #c332aaa7-c663-40ba-b634-5dc400b066a0] [ViewBoardAction] Skipping View Board. I have no knowledge of Boards.
2019-05-18T16:34:45,275Z DEBUG {} [applying load #3442614e-e986-4611-88d6-e63cdeab8fc8] [AdaptiveJqlMemory] Rendered a new jql query: <<reporter was brmhbwkzm order by description>>
2019-05-18T16:34:45,275Z DEBUG {} [applying load #3442614e-e986-4611-88d6-e63cdeab8fc8] [ViewBacklogAction] Skipping View Backlog. I have no knowledge of Boards.
2019-05-18T16:34:45,293Z DEBUG {} [applying load #3dc01efc-d49c-42b2-b65a-6d21bf0e30d4] [AdaptiveJqlMemory] Rendered a new jql query: <<project = CFNUSA order by status>>
2019-05-18T16:34:46,200Z DEBUG {} [applying load #3dc01efc-d49c-42b2-b65a-6d21bf0e30d4] [AdaptiveJqlMemory] Rendered a new jql query: <<assignee = sgquoftoc order by project>>
2019-05-18T16:34:46,216Z DEBUG {} [applying load #dba596a8-f3ac-44b1-b141-f7cea702583e] [AdaptiveJqlMemory] Rendered a new jql query: <<project = BAEOS order by status>>
2019-05-18T16:34:46,271Z DEBUG {} [applying load #3442614e-e986-4611-88d6-e63cdeab8fc8] [AdaptiveJqlMemory] Rendered a new jql query: <<project = BCTIA and assignee = xrpjgmuae order by reporter>>
2019-05-18T16:34:47,234Z DEBUG {} [applying load #3dc01efc-d49c-42b2-b65a-6d21bf0e30d4] [AdaptiveJqlMemory] Rendered a new jql query: <<reporter was isbdnlfbj order by description>>
2019-05-18T16:34:47,446Z DEBUG {} [applying load #3442614e-e986-4611-88d6-e63cdeab8fc8] [AdaptiveJqlMemory] Rendered a new jql query: <<text ~ "sorcerer" order by key>>
2019-05-18T16:34:49,178Z DEBUG {} [applying load #793259b7-cd24-4c17-bab5-059a1021e37c] [SeededRandom] Using seed 1558197289
2019-05-18T16:34:50,101Z DEBUG {} [applying load #d77005d0-673d-4c04-920a-1881e321e82b] [SeededRandom] Using seed 1558197290
2019-05-18T16:34:51,543Z DEBUG {} [applying load #dba596a8-f3ac-44b1-b141-f7cea702583e] [SeededRandom] Using seed 1558197291
2019-05-18T16:34:52,805Z DEBUG {} [applying load #3dc01efc-d49c-42b2-b65a-6d21bf0e30d4] [AdaptiveJqlMemory] Rendered a new jql query: <<project = BELIIA and assignee = hqkbggnui order by reporter>>
2019-05-18T16:34:53,924Z DEBUG {} [applying load #3dc01efc-d49c-42b2-b65a-6d21bf0e30d4] [AdaptiveJqlMemory] Rendered a new jql query: <<text ~ "fiercest" order by key>>
2019-05-18T16:34:53,924Z DEBUG {} [applying load #3dc01efc-d49c-42b2-b65a-6d21bf0e30d4] [ViewBoardAction] Skipping View Board. I have no knowledge of Boards.
2019-05-18T16:34:54,729Z DEBUG {} [applying load #dba596a8-f3ac-44b1-b141-f7cea702583e] [AdaptiveJqlMemory] Rendered a new jql query: <<assignee = xgsqbwfpe order by project>>
2019-05-18T16:34:54,729Z DEBUG {} [applying load #dba596a8-f3ac-44b1-b141-f7cea702583e] [ViewBoardAction] Skipping View Board. I have no knowledge of Boards.
2019-05-18T16:34:54,729Z DEBUG {} [applying load #dba596a8-f3ac-44b1-b141-f7cea702583e] [ViewBacklogAction] Skipping View Backlog. I have no knowledge of Boards.
2019-05-18T16:34:54,907Z DEBUG {} [applying load #3dc01efc-d49c-42b2-b65a-6d21bf0e30d4] [ViewBacklogAction] Skipping View Backlog. I have no knowledge of Boards.
2019-05-18T16:34:57,490Z DEBUG {} [applying load #6f510be9-4b48-4630-b77a-1617519ebe3b] [SeededRandom] Using seed 1558197297
2019-05-18T16:34:58,437Z DEBUG {} [applying load #5853dcb3-bacc-44cf-88f2-818df28d0ab9] [SeededRandom] Using seed 1558197298
2019-05-18T16:34:59,437Z DEBUG {} [applying load #dba596a8-f3ac-44b1-b141-f7cea702583e] [AdaptiveJqlMemory] Rendered a new jql query: <<reporter was gfqfrygof order by description>>
2019-05-18T16:35:00,550Z DEBUG {} [applying load #dba596a8-f3ac-44b1-b141-f7cea702583e] [AdaptiveJqlMemory] Rendered a new jql query: <<project = BAEOS and assignee = ohztlbnhe order by reporter>>
2019-05-18T16:35:01,736Z DEBUG {} [applying load #dba596a8-f3ac-44b1-b141-f7cea702583e] [AdaptiveJqlMemory] Rendered a new jql query: <<text ~ "acetic" order by key>>
2019-05-18T16:35:04,670Z DEBUG {} [applying load #3dc01efc-d49c-42b2-b65a-6d21bf0e30d4] [ProjectSummaryAction] Skipping Project summary action. I have no knowledge of projects.
2019-05-18T16:35:05,990Z DEBUG {} [applying load #d77005d0-673d-4c04-920a-1881e321e82b] [SeededRandom] Using seed 1558197305
2019-05-18T16:35:06,362Z DEBUG {} [applying load #3dc01efc-d49c-42b2-b65a-6d21bf0e30d4] [ViewBoardAction] Skipping View Board. I have no knowledge of Boards.
2019-05-18T16:35:08,364Z DEBUG {} [applying load #e99eb406-a9b6-40f8-b981-c514daa18c6b] [ViewBoardAction] Skipping View Board. I have no knowledge of Boards.
2019-05-18T16:35:08,365Z DEBUG {} [applying load #e99eb406-a9b6-40f8-b981-c514daa18c6b] [ViewBacklogAction] Skipping View Backlog. I have no knowledge of Boards.
2019-05-18T16:35:08,365Z DEBUG {} [applying load #e99eb406-a9b6-40f8-b981-c514daa18c6b] [ViewBoardAction] Skipping View Board. I have no knowledge of Boards.
2019-05-18T16:35:09,715Z DEBUG {} [applying load #3dc01efc-d49c-42b2-b65a-6d21bf0e30d4] [ViewBacklogAction] Skipping View Backlog. I have no knowledge of Boards.
2019-05-18T16:35:09,764Z DEBUG {} [applying load #e99eb406-a9b6-40f8-b981-c514daa18c6b] [AdaptiveJqlMemory] Rendered a new jql query: <<project = AAICA order by status>>
2019-05-18T16:35:09,764Z DEBUG {} [applying load #e99eb406-a9b6-40f8-b981-c514daa18c6b] [ViewBacklogAction] Skipping View Backlog. I have no knowledge of Boards.
2019-05-18T16:35:10,205Z DEBUG {} [applying load #a861ba06-43db-4dcb-9d8f-a191388ee7d2] [SeededRandom] Using seed 1558197310
2019-05-18T16:35:10,800Z DEBUG {} [applying load #e99eb406-a9b6-40f8-b981-c514daa18c6b] [AdaptiveJqlMemory] Rendered a new jql query: <<reporter was jpt-f830d276-37db-4810-bf94-970d6821d467 order by description>>
2019-05-18T16:35:12,319Z DEBUG {} [applying load #dba596a8-f3ac-44b1-b141-f7cea702583e] [SeededRandom] Using seed 1558197312
2019-05-18T16:35:14,304Z DEBUG {} [applying load #e99eb406-a9b6-40f8-b981-c514daa18c6b] [SeededRandom] Using seed 1558197314
2019-05-18T16:35:14,495Z DEBUG {} [applying load #d77005d0-673d-4c04-920a-1881e321e82b] [ViewBacklogAction] Skipping View Backlog. I have no knowledge of Boards.
2019-05-18T16:35:14,790Z DEBUG {} [applying load #dba596a8-f3ac-44b1-b141-f7cea702583e] [ViewBoardAction] Skipping View Board. I have no knowledge of Boards.
2019-05-18T16:35:14,790Z DEBUG {} [applying load #dba596a8-f3ac-44b1-b141-f7cea702583e] [ViewBoardAction] Skipping View Board. I have no knowledge of Boards.
2019-05-18T16:35:21,542Z DEBUG {} [applying load #e99eb406-a9b6-40f8-b981-c514daa18c6b] [AdaptiveJqlMemory] Rendered a new jql query: <<assignee = dpecfgbty order by project>>
2019-05-18T16:35:28,895Z DEBUG {} [applying load #d77005d0-673d-4c04-920a-1881e321e82b] [ViewBoardAction] Skipping View Board. I have no knowledge of Boards.
2019-05-18T16:35:32,426Z DEBUG {} [applying load #e99eb406-a9b6-40f8-b981-c514daa18c6b] [AdaptiveJqlMemory] Rendered a new jql query: <<text ~ "summary" order by key>>
2019-05-18T16:35:33,696Z DEBUG {} [applying load #d77005d0-673d-4c04-920a-1881e321e82b] [ViewBoardAction] Skipping View Board. I have no knowledge of Boards.
2019-05-18T16:35:34,059Z DEBUG {} [applying load #3442614e-e986-4611-88d6-e63cdeab8fc8] [CreateIssueAction] Skipping Create issue action. I have no knowledge of projects.
2019-05-18T16:35:39,633Z DEBUG {} [applying load #3442614e-e986-4611-88d6-e63cdeab8fc8] [SeededRandom] Using seed 1558197339
2019-05-18T16:35:43,512Z DEBUG {} [applying load #a861ba06-43db-4dcb-9d8f-a191388ee7d2] [ViewBacklogAction] Skipping View Backlog. I have no knowledge of Boards.
2019-05-18T16:35:46,740Z DEBUG {} [applying load #e99eb406-a9b6-40f8-b981-c514daa18c6b] [AdaptiveJqlMemory] Rendered a new jql query: <<project = CCENI and assignee = jscuspibd order by reporter>>
2019-05-18T16:35:48,095Z DEBUG {} [applying load #d77005d0-673d-4c04-920a-1881e321e82b] [ViewBoardAction] Skipping View Board. I have no knowledge of Boards.
2019-05-18T16:35:53,512Z DEBUG {} [applying load #3442614e-e986-4611-88d6-e63cdeab8fc8] [ViewBoardAction] Skipping View Board. I have no knowledge of Boards.
2019-05-18T16:35:53,512Z DEBUG {} [applying load #3442614e-e986-4611-88d6-e63cdeab8fc8] [CreateIssueAction] Skipping Create issue action. I have no knowledge of projects.
2019-05-18T16:35:53,926Z DEBUG {} [applying load #3442614e-e986-4611-88d6-e63cdeab8fc8] [ViewBacklogAction] Skipping View Backlog. I have no knowledge of Boards.
2019-05-18T16:35:57,501Z DEBUG {} [applying load #6f510be9-4b48-4630-b77a-1617519ebe3b] [ViewBacklogAction] Skipping View Backlog. I have no knowledge of Boards.
2019-05-18T16:35:57,911Z DEBUG {} [applying load #a861ba06-43db-4dcb-9d8f-a191388ee7d2] [ViewBoardAction] Skipping View Board. I have no knowledge of Boards.
2019-05-18T16:35:59,769Z DEBUG {} [applying load #d77005d0-673d-4c04-920a-1881e321e82b] [SeededRandom] Using seed 1558197359
2019-05-18T16:36:00,813Z DEBUG {} [applying load #6f510be9-4b48-4630-b77a-1617519ebe3b] [SeededRandom] Using seed 1558197360
2019-05-18T16:36:00,851Z DEBUG {} [applying load #793259b7-cd24-4c17-bab5-059a1021e37c] [SeededRandom] Using seed 1558197360
2019-05-18T16:36:02,906Z DEBUG {} [applying load #6f510be9-4b48-4630-b77a-1617519ebe3b] [ViewBoardAction] Skipping View Board. I have no knowledge of Boards.
2019-05-18T16:36:03,885Z DEBUG {} [applying load #b62887ff-1e23-422b-86c8-d739ec8fcf02] [ViewBoardAction] Skipping View Board. I have no knowledge of Boards.
2019-05-18T16:36:04,709Z DEBUG {} [applying load #6f510be9-4b48-4630-b77a-1617519ebe3b] [ViewBoardAction] Skipping View Board. I have no knowledge of Boards.
2019-05-18T16:36:07,406Z DEBUG {} [applying load #b62887ff-1e23-422b-86c8-d739ec8fcf02] [SeededRandom] Using seed 1558197367
2019-05-18T16:36:07,462Z DEBUG {} [applying load #793259b7-cd24-4c17-bab5-059a1021e37c] [SeededRandom] Using seed 1558197367
2019-05-18T16:36:11,661Z DEBUG {} [applying load #3dc01efc-d49c-42b2-b65a-6d21bf0e30d4] [SeededRandom] Using seed 1558197371
2019-05-18T16:36:16,896Z DEBUG {} [applying load #d77005d0-673d-4c04-920a-1881e321e82b] [ViewBacklogAction] Skipping View Backlog. I have no knowledge of Boards.
2019-05-18T16:36:17,169Z DEBUG {} [applying load #dba596a8-f3ac-44b1-b141-f7cea702583e] [ViewBacklogAction] Skipping View Backlog. I have no knowledge of Boards.
2019-05-18T16:36:17,169Z DEBUG {} [applying load #dba596a8-f3ac-44b1-b141-f7cea702583e] [ViewBoardAction] Skipping View Board. I have no knowledge of Boards.
2019-05-18T16:36:21,705Z DEBUG {} [applying load #3442614e-e986-4611-88d6-e63cdeab8fc8] [ViewBoardAction] Skipping View Board. I have no knowledge of Boards.
2019-05-18T16:36:30,674Z DEBUG {} [applying load #793259b7-cd24-4c17-bab5-059a1021e37c] [SeededRandom] Using seed 1558197390
2019-05-18T16:36:34,365Z ERROR {} [applying load #dcf61535-ba9b-4b3c-80d2-7fb4bec82993] [WebDriverDiagnostics] URL: http://jpt-a89af-loadbala-hh9tm4vgtb5w-1583964925.eu-west-1.elb.amazonaws.com/issues/?jql=text+%7E+%22a*%22+order+by+summary, HTML dumped at diagnoses/ca231b37-e70f-4488-b158-6ffb81db48a4/dump.html, screenshot saved to diagnoses/ca231b37-e70f-4488-b158-6ffb81db48a4/screenshot.png
java.lang.Exception: Action 'Search with JQL' ERROR
	at com.atlassian.performance.tools.jiraactions.api.measure.ActionMeter.record(ActionMeter.kt:132) ~[virtual-users.jar:?]
	at com.atlassian.performance.tools.jiraactions.api.measure.ActionMeter.measure(ActionMeter.kt:79) ~[virtual-users.jar:?]
	at com.atlassian.performance.tools.jiraactions.api.action.SearchJqlAction.run(SearchJqlAction.kt:21) ~[virtual-users.jar:?]
	at com.atlassian.performance.tools.virtualusers.ExploratoryVirtualUser.runWithDiagnostics(ExploratoryVirtualUser.kt:79) [virtual-users.jar:?]
	at com.atlassian.performance.tools.virtualusers.ExploratoryVirtualUser.applyLoad(ExploratoryVirtualUser.kt:56) [virtual-users.jar:?]
	at com.atlassian.performance.tools.virtualusers.LoadTest.applyLoad(LoadTest.kt:164) [virtual-users.jar:?]
	at com.atlassian.performance.tools.virtualusers.LoadTest.access$applyLoad(LoadTest.kt:36) [virtual-users.jar:?]
	at com.atlassian.performance.tools.virtualusers.LoadTest$applyLoad$$inlined$forEach$lambda$1.run(LoadTest.kt:111) [virtual-users.jar:?]
	at java.util.concurrent.Executors$RunnableAdapter.call(Executors.java:511) [?:1.8.0_212]
	at java.util.concurrent.FutureTask.run(FutureTask.java:266) [?:1.8.0_212]
	at java.util.concurrent.ThreadPoolExecutor.runWorker(ThreadPoolExecutor.java:1149) [?:1.8.0_212]
	at java.util.concurrent.ThreadPoolExecutor$Worker.run(ThreadPoolExecutor.java:624) [?:1.8.0_212]
	at java.lang.Thread.run(Thread.java:748) [?:1.8.0_212]
Caused by: org.openqa.selenium.TimeoutException: Expected condition failed: waiting for at least one condition to be valid: all conditions to be valid: at least one condition to be valid: presence of element located by: By.cssSelector: ol.issue-list || presence of element located by: By.id: issuetable || presence of element located by: By.id: issue-content && presence of element located by: By.id: key-val && presence of element located by: By.className: issue-body-content || presence of element located by: By.className: no-results-hint || at least one condition to be valid: presence of element located by: By.cssSelector: section div.aui-message.error || presence of element located by: By.id: errorPageContainer || presence of element located by: By.cssSelector: div.form-body div.error (tried for 30 second(s) with 50 milliseconds interval)
	at org.openqa.selenium.support.ui.WebDriverWait.timeoutException(WebDriverWait.java:81) ~[virtual-users.jar:?]
	at org.openqa.selenium.support.ui.FluentWait.until(FluentWait.java:271) ~[virtual-users.jar:?]
	at com.atlassian.performance.tools.jiraactions.api.page.WebDriverUtils.wait(WebDriverExtension.kt:25) ~[virtual-users.jar:?]
	at com.atlassian.performance.tools.jiraactions.api.page.WebDriverUtils.wait$default(WebDriverExtension.kt:19) ~[virtual-users.jar:?]
	at com.atlassian.performance.tools.jiraactions.api.page.IssueNavigatorPage.waitForIssueNavigator(IssueNavigatorPage.kt:19) ~[virtual-users.jar:?]
	at com.atlassian.performance.tools.jiraactions.api.action.SearchJqlAction$run$issueNavigatorPage$1.invoke(SearchJqlAction.kt:23) ~[virtual-users.jar:?]
	at com.atlassian.performance.tools.jiraactions.api.action.SearchJqlAction$run$issueNavigatorPage$1.invoke(SearchJqlAction.kt:12) ~[virtual-users.jar:?]
	at com.atlassian.performance.tools.jiraactions.api.measure.ActionMeter$measure$2.invoke(ActionMeter.kt:80) ~[virtual-users.jar:?]
	at com.atlassian.performance.tools.jiraactions.api.measure.ActionMeter$measure$2.invoke(ActionMeter.kt:25) ~[virtual-users.jar:?]
	at com.atlassian.performance.tools.jiraactions.api.measure.ActionMeter.record(ActionMeter.kt:102) ~[virtual-users.jar:?]
	... 12 more
Caused by: org.openqa.selenium.NoSuchElementException: Cannot locate an element using By.cssSelector: div.form-body div.error
For documentation on this error, please visit: http://seleniumhq.org/exceptions/no_such_element.html
Build info: version: 'unknown', revision: 'unknown', time: 'unknown'
System info: host: 'ip-10-0-0-62', ip: '10.0.0.62', os.name: 'Linux', os.arch: 'amd64', os.version: '4.4.0-1067-aws', java.version: '1.8.0_212'
Driver info: driver.version: unknown
	at org.openqa.selenium.support.ui.ExpectedConditions.lambda$findElement$0(ExpectedConditions.java:896) ~[virtual-users.jar:?]
	at java.util.Optional.orElseThrow(Optional.java:290) ~[?:1.8.0_212]
	at org.openqa.selenium.support.ui.ExpectedConditions.findElement(ExpectedConditions.java:895) ~[virtual-users.jar:?]
	at org.openqa.selenium.support.ui.ExpectedConditions.access$000(ExpectedConditions.java:44) ~[virtual-users.jar:?]
	at org.openqa.selenium.support.ui.ExpectedConditions$6.apply(ExpectedConditions.java:183) ~[virtual-users.jar:?]
	at org.openqa.selenium.support.ui.ExpectedConditions$6.apply(ExpectedConditions.java:180) ~[virtual-users.jar:?]
	at org.openqa.selenium.support.ui.ExpectedConditions$47.apply(ExpectedConditions.java:1427) ~[virtual-users.jar:?]
	at org.openqa.selenium.support.ui.ExpectedConditions$47.apply(ExpectedConditions.java:1421) ~[virtual-users.jar:?]
	at org.openqa.selenium.support.ui.ExpectedConditions$47.apply(ExpectedConditions.java:1427) ~[virtual-users.jar:?]
	at org.openqa.selenium.support.ui.ExpectedConditions$47.apply(ExpectedConditions.java:1421) ~[virtual-users.jar:?]
	at org.openqa.selenium.support.ui.FluentWait.until(FluentWait.java:248) ~[virtual-users.jar:?]
	at com.atlassian.performance.tools.jiraactions.api.page.WebDriverUtils.wait(WebDriverExtension.kt:25) ~[virtual-users.jar:?]
	at com.atlassian.performance.tools.jiraactions.api.page.WebDriverUtils.wait$default(WebDriverExtension.kt:19) ~[virtual-users.jar:?]
	at com.atlassian.performance.tools.jiraactions.api.page.IssueNavigatorPage.waitForIssueNavigator(IssueNavigatorPage.kt:19) ~[virtual-users.jar:?]
	at com.atlassian.performance.tools.jiraactions.api.action.SearchJqlAction$run$issueNavigatorPage$1.invoke(SearchJqlAction.kt:23) ~[virtual-users.jar:?]
	at com.atlassian.performance.tools.jiraactions.api.action.SearchJqlAction$run$issueNavigatorPage$1.invoke(SearchJqlAction.kt:12) ~[virtual-users.jar:?]
	at com.atlassian.performance.tools.jiraactions.api.measure.ActionMeter$measure$2.invoke(ActionMeter.kt:80) ~[virtual-users.jar:?]
	at com.atlassian.performance.tools.jiraactions.api.measure.ActionMeter$measure$2.invoke(ActionMeter.kt:25) ~[virtual-users.jar:?]
	at com.atlassian.performance.tools.jiraactions.api.measure.ActionMeter.record(ActionMeter.kt:102) ~[virtual-users.jar:?]
	... 12 more
2019-05-18T16:36:34,377Z ERROR {} [applying load #dcf61535-ba9b-4b3c-80d2-7fb4bec82993] [ExploratoryVirtualUser] Failed to run com.atlassian.performance.tools.jiraactions.api.action.SearchJqlAction@470f6495, but we keep running
java.lang.Exception: Failed to run com.atlassian.performance.tools.jiraactions.api.action.SearchJqlAction@470f6495
	at com.atlassian.performance.tools.virtualusers.ExploratoryVirtualUser.runWithDiagnostics(ExploratoryVirtualUser.kt:82) ~[virtual-users.jar:?]
	at com.atlassian.performance.tools.virtualusers.ExploratoryVirtualUser.applyLoad(ExploratoryVirtualUser.kt:56) [virtual-users.jar:?]
	at com.atlassian.performance.tools.virtualusers.LoadTest.applyLoad(LoadTest.kt:164) [virtual-users.jar:?]
	at com.atlassian.performance.tools.virtualusers.LoadTest.access$applyLoad(LoadTest.kt:36) [virtual-users.jar:?]
	at com.atlassian.performance.tools.virtualusers.LoadTest$applyLoad$$inlined$forEach$lambda$1.run(LoadTest.kt:111) [virtual-users.jar:?]
	at java.util.concurrent.Executors$RunnableAdapter.call(Executors.java:511) [?:1.8.0_212]
	at java.util.concurrent.FutureTask.run(FutureTask.java:266) [?:1.8.0_212]
	at java.util.concurrent.ThreadPoolExecutor.runWorker(ThreadPoolExecutor.java:1149) [?:1.8.0_212]
	at java.util.concurrent.ThreadPoolExecutor$Worker.run(ThreadPoolExecutor.java:624) [?:1.8.0_212]
	at java.lang.Thread.run(Thread.java:748) [?:1.8.0_212]
Caused by: java.lang.Exception: Action 'Search with JQL' ERROR
	at com.atlassian.performance.tools.jiraactions.api.measure.ActionMeter.record(ActionMeter.kt:132) ~[virtual-users.jar:?]
	at com.atlassian.performance.tools.jiraactions.api.measure.ActionMeter.measure(ActionMeter.kt:79) ~[virtual-users.jar:?]
	at com.atlassian.performance.tools.jiraactions.api.action.SearchJqlAction.run(SearchJqlAction.kt:21) ~[virtual-users.jar:?]
	at com.atlassian.performance.tools.virtualusers.ExploratoryVirtualUser.runWithDiagnostics(ExploratoryVirtualUser.kt:79) ~[virtual-users.jar:?]
	... 9 more
Caused by: org.openqa.selenium.TimeoutException: Expected condition failed: waiting for at least one condition to be valid: all conditions to be valid: at least one condition to be valid: presence of element located by: By.cssSelector: ol.issue-list || presence of element located by: By.id: issuetable || presence of element located by: By.id: issue-content && presence of element located by: By.id: key-val && presence of element located by: By.className: issue-body-content || presence of element located by: By.className: no-results-hint || at least one condition to be valid: presence of element located by: By.cssSelector: section div.aui-message.error || presence of element located by: By.id: errorPageContainer || presence of element located by: By.cssSelector: div.form-body div.error (tried for 30 second(s) with 50 milliseconds interval)
	at org.openqa.selenium.support.ui.WebDriverWait.timeoutException(WebDriverWait.java:81) ~[virtual-users.jar:?]
	at org.openqa.selenium.support.ui.FluentWait.until(FluentWait.java:271) ~[virtual-users.jar:?]
	at com.atlassian.performance.tools.jiraactions.api.page.WebDriverUtils.wait(WebDriverExtension.kt:25) ~[virtual-users.jar:?]
	at com.atlassian.performance.tools.jiraactions.api.page.WebDriverUtils.wait$default(WebDriverExtension.kt:19) ~[virtual-users.jar:?]
	at com.atlassian.performance.tools.jiraactions.api.page.IssueNavigatorPage.waitForIssueNavigator(IssueNavigatorPage.kt:19) ~[virtual-users.jar:?]
	at com.atlassian.performance.tools.jiraactions.api.action.SearchJqlAction$run$issueNavigatorPage$1.invoke(SearchJqlAction.kt:23) ~[virtual-users.jar:?]
	at com.atlassian.performance.tools.jiraactions.api.action.SearchJqlAction$run$issueNavigatorPage$1.invoke(SearchJqlAction.kt:12) ~[virtual-users.jar:?]
	at com.atlassian.performance.tools.jiraactions.api.measure.ActionMeter$measure$2.invoke(ActionMeter.kt:80) ~[virtual-users.jar:?]
	at com.atlassian.performance.tools.jiraactions.api.measure.ActionMeter$measure$2.invoke(ActionMeter.kt:25) ~[virtual-users.jar:?]
	at com.atlassian.performance.tools.jiraactions.api.measure.ActionMeter.record(ActionMeter.kt:102) ~[virtual-users.jar:?]
	at com.atlassian.performance.tools.jiraactions.api.measure.ActionMeter.measure(ActionMeter.kt:79) ~[virtual-users.jar:?]
	at com.atlassian.performance.tools.jiraactions.api.action.SearchJqlAction.run(SearchJqlAction.kt:21) ~[virtual-users.jar:?]
	at com.atlassian.performance.tools.virtualusers.ExploratoryVirtualUser.runWithDiagnostics(ExploratoryVirtualUser.kt:79) ~[virtual-users.jar:?]
	... 9 more
Caused by: org.openqa.selenium.NoSuchElementException: Cannot locate an element using By.cssSelector: div.form-body div.error
For documentation on this error, please visit: http://seleniumhq.org/exceptions/no_such_element.html
Build info: version: 'unknown', revision: 'unknown', time: 'unknown'
System info: host: 'ip-10-0-0-62', ip: '10.0.0.62', os.name: 'Linux', os.arch: 'amd64', os.version: '4.4.0-1067-aws', java.version: '1.8.0_212'
Driver info: driver.version: unknown
	at org.openqa.selenium.support.ui.ExpectedConditions.lambda$findElement$0(ExpectedConditions.java:896) ~[virtual-users.jar:?]
	at java.util.Optional.orElseThrow(Optional.java:290) ~[?:1.8.0_212]
	at org.openqa.selenium.support.ui.ExpectedConditions.findElement(ExpectedConditions.java:895) ~[virtual-users.jar:?]
	at org.openqa.selenium.support.ui.ExpectedConditions.access$000(ExpectedConditions.java:44) ~[virtual-users.jar:?]
	at org.openqa.selenium.support.ui.ExpectedConditions$6.apply(ExpectedConditions.java:183) ~[virtual-users.jar:?]
	at org.openqa.selenium.support.ui.ExpectedConditions$6.apply(ExpectedConditions.java:180) ~[virtual-users.jar:?]
	at org.openqa.selenium.support.ui.ExpectedConditions$47.apply(ExpectedConditions.java:1427) ~[virtual-users.jar:?]
	at org.openqa.selenium.support.ui.ExpectedConditions$47.apply(ExpectedConditions.java:1421) ~[virtual-users.jar:?]
	at org.openqa.selenium.support.ui.ExpectedConditions$47.apply(ExpectedConditions.java:1427) ~[virtual-users.jar:?]
	at org.openqa.selenium.support.ui.ExpectedConditions$47.apply(ExpectedConditions.java:1421) ~[virtual-users.jar:?]
	at org.openqa.selenium.support.ui.FluentWait.until(FluentWait.java:248) ~[virtual-users.jar:?]
	at com.atlassian.performance.tools.jiraactions.api.page.WebDriverUtils.wait(WebDriverExtension.kt:25) ~[virtual-users.jar:?]
	at com.atlassian.performance.tools.jiraactions.api.page.WebDriverUtils.wait$default(WebDriverExtension.kt:19) ~[virtual-users.jar:?]
	at com.atlassian.performance.tools.jiraactions.api.page.IssueNavigatorPage.waitForIssueNavigator(IssueNavigatorPage.kt:19) ~[virtual-users.jar:?]
	at com.atlassian.performance.tools.jiraactions.api.action.SearchJqlAction$run$issueNavigatorPage$1.invoke(SearchJqlAction.kt:23) ~[virtual-users.jar:?]
	at com.atlassian.performance.tools.jiraactions.api.action.SearchJqlAction$run$issueNavigatorPage$1.invoke(SearchJqlAction.kt:12) ~[virtual-users.jar:?]
	at com.atlassian.performance.tools.jiraactions.api.measure.ActionMeter$measure$2.invoke(ActionMeter.kt:80) ~[virtual-users.jar:?]
	at com.atlassian.performance.tools.jiraactions.api.measure.ActionMeter$measure$2.invoke(ActionMeter.kt:25) ~[virtual-users.jar:?]
	at com.atlassian.performance.tools.jiraactions.api.measure.ActionMeter.record(ActionMeter.kt:102) ~[virtual-users.jar:?]
	at com.atlassian.performance.tools.jiraactions.api.measure.ActionMeter.measure(ActionMeter.kt:79) ~[virtual-users.jar:?]
	at com.atlassian.performance.tools.jiraactions.api.action.SearchJqlAction.run(SearchJqlAction.kt:21) ~[virtual-users.jar:?]
	at com.atlassian.performance.tools.virtualusers.ExploratoryVirtualUser.runWithDiagnostics(ExploratoryVirtualUser.kt:79) ~[virtual-users.jar:?]
	... 9 more
2019-05-18T16:36:35,534Z DEBUG {} [applying load #dcf61535-ba9b-4b3c-80d2-7fb4bec82993] [CreateIssueAction] Skipping Create issue action. I have no knowledge of projects.
2019-05-18T16:36:36,482Z DEBUG {} [applying load #dcf61535-ba9b-4b3c-80d2-7fb4bec82993] [ViewBacklogAction] Skipping View Backlog. I have no knowledge of Boards.
2019-05-18T16:36:38,919Z DEBUG {} [applying load #dba596a8-f3ac-44b1-b141-f7cea702583e] [ViewBoardAction] Skipping View Board. I have no knowledge of Boards.
2019-05-18T16:36:38,919Z DEBUG {} [applying load #dba596a8-f3ac-44b1-b141-f7cea702583e] [ViewBacklogAction] Skipping View Backlog. I have no knowledge of Boards.
2019-05-18T16:36:41,619Z DEBUG {} [applying load #dcf61535-ba9b-4b3c-80d2-7fb4bec82993] [ViewBacklogAction] Skipping View Backlog. I have no knowledge of Boards.
2019-05-18T16:36:43,550Z DEBUG {} [applying load #dba596a8-f3ac-44b1-b141-f7cea702583e] [ViewBacklogAction] Skipping View Backlog. I have no knowledge of Boards.
2019-05-18T16:36:50,712Z DEBUG {} [applying load #a861ba06-43db-4dcb-9d8f-a191388ee7d2] [ViewBoardAction] Skipping View Board. I have no knowledge of Boards.
2019-05-18T16:36:50,941Z DEBUG {} [applying load #dcf61535-ba9b-4b3c-80d2-7fb4bec82993] [ViewBoardAction] Skipping View Board. I have no knowledge of Boards.
2019-05-18T16:36:55,511Z DEBUG {} [applying load #a861ba06-43db-4dcb-9d8f-a191388ee7d2] [ViewBacklogAction] Skipping View Backlog. I have no knowledge of Boards.
2019-05-18T16:37:02,631Z DEBUG {} [applying load #dcf61535-ba9b-4b3c-80d2-7fb4bec82993] [SeededRandom] Using seed 1558197422
2019-05-18T16:37:07,027Z DEBUG {} [applying load #b62887ff-1e23-422b-86c8-d739ec8fcf02] [ViewBacklogAction] Skipping View Backlog. I have no knowledge of Boards.
2019-05-18T16:37:07,549Z DEBUG {} [applying load #dba596a8-f3ac-44b1-b141-f7cea702583e] [ViewBoardAction] Skipping View Board. I have no knowledge of Boards.
2019-05-18T16:37:08,148Z DEBUG {} [applying load #b62887ff-1e23-422b-86c8-d739ec8fcf02] [ViewBoardAction] Skipping View Board. I have no knowledge of Boards.
2019-05-18T16:37:17,301Z DEBUG {} [applying load #6f510be9-4b48-4630-b77a-1617519ebe3b] [SeededRandom] Using seed 1558197437
2019-05-18T16:37:17,721Z DEBUG {} [applying load #b62887ff-1e23-422b-86c8-d739ec8fcf02] [SeededRandom] Using seed 1558197437
2019-05-18T16:37:25,683Z DEBUG {} [applying load #e99eb406-a9b6-40f8-b981-c514daa18c6b] [SeededRandom] Using seed 1558197445
2019-05-18T16:37:28,989Z DEBUG {} [applying load #dba596a8-f3ac-44b1-b141-f7cea702583e] [SeededRandom] Using seed 1558197448
2019-05-18T16:37:29,812Z DEBUG {} [applying load #b62887ff-1e23-422b-86c8-d739ec8fcf02] [SeededRandom] Using seed 1558197449
2019-05-18T16:37:35,205Z DEBUG {} [applying load #6f510be9-4b48-4630-b77a-1617519ebe3b] [SeededRandom] Using seed 1558197455
2019-05-18T16:37:39,778Z DEBUG {} [applying load #b62887ff-1e23-422b-86c8-d739ec8fcf02] [ViewBacklogAction] Skipping View Backlog. I have no knowledge of Boards.
2019-05-18T16:37:40,499Z DEBUG {} [applying load #e99eb406-a9b6-40f8-b981-c514daa18c6b] [SeededRandom] Using seed 1558197460
2019-05-18T16:37:40,709Z DEBUG {} [applying load #b62887ff-1e23-422b-86c8-d739ec8fcf02] [ViewBacklogAction] Skipping View Backlog. I have no knowledge of Boards.
2019-05-18T16:37:42,401Z DEBUG {} [applying load #793259b7-cd24-4c17-bab5-059a1021e37c] [ViewBacklogAction] Skipping View Backlog. I have no knowledge of Boards.
2019-05-18T16:37:42,422Z DEBUG {} [applying load #b62887ff-1e23-422b-86c8-d739ec8fcf02] [ViewBoardAction] Skipping View Board. I have no knowledge of Boards.
2019-05-18T16:37:42,947Z DEBUG {} [applying load #793259b7-cd24-4c17-bab5-059a1021e37c] [ViewBoardAction] Skipping View Board. I have no knowledge of Boards.
2019-05-18T16:37:46,617Z DEBUG {} [applying load #3dc01efc-d49c-42b2-b65a-6d21bf0e30d4] [SeededRandom] Using seed 1558197466
2019-05-18T16:37:49,947Z DEBUG {} [applying load #793259b7-cd24-4c17-bab5-059a1021e37c] [ViewBoardAction] Skipping View Board. I have no knowledge of Boards.
2019-05-18T16:37:49,947Z DEBUG {} [applying load #793259b7-cd24-4c17-bab5-059a1021e37c] [ViewBoardAction] Skipping View Board. I have no knowledge of Boards.
2019-05-18T16:37:49,947Z DEBUG {} [applying load #793259b7-cd24-4c17-bab5-059a1021e37c] [ViewBoardAction] Skipping View Board. I have no knowledge of Boards.
2019-05-18T16:37:50,465Z DEBUG {} [applying load #b62887ff-1e23-422b-86c8-d739ec8fcf02] [ViewBacklogAction] Skipping View Backlog. I have no knowledge of Boards.
2019-05-18T16:37:50,842Z DEBUG {} [applying load #793259b7-cd24-4c17-bab5-059a1021e37c] [ViewBacklogAction] Skipping View Backlog. I have no knowledge of Boards.
2019-05-18T16:37:51,357Z DEBUG {} [applying load #a861ba06-43db-4dcb-9d8f-a191388ee7d2] [ViewBacklogAction] Skipping View Backlog. I have no knowledge of Boards.
2019-05-18T16:37:56,569Z DEBUG {} [applying load #a861ba06-43db-4dcb-9d8f-a191388ee7d2] [SeededRandom] Using seed 1558197476
2019-05-18T16:37:57,236Z DEBUG {} [applying load #3442614e-e986-4611-88d6-e63cdeab8fc8] [SeededRandom] Using seed 1558197477
2019-05-18T16:37:59,793Z DEBUG {} [applying load #5853dcb3-bacc-44cf-88f2-818df28d0ab9] [SeededRandom] Using seed 1558197479
2019-05-18T16:38:00,200Z DEBUG {} [applying load #793259b7-cd24-4c17-bab5-059a1021e37c] [SeededRandom] Using seed 1558197480
2019-05-18T16:38:01,112Z DEBUG {} [applying load #dcf61535-ba9b-4b3c-80d2-7fb4bec82993] [ViewBoardAction] Skipping View Board. I have no knowledge of Boards.
2019-05-18T16:38:03,363Z DEBUG {} [applying load #3442614e-e986-4611-88d6-e63cdeab8fc8] [SeededRandom] Using seed 1558197483
2019-05-18T16:38:06,700Z DEBUG {} [applying load #793259b7-cd24-4c17-bab5-059a1021e37c] [SeededRandom] Using seed 1558197486
2019-05-18T16:38:06,847Z DEBUG {} [applying load #e99eb406-a9b6-40f8-b981-c514daa18c6b] [SeededRandom] Using seed 1558197486
2019-05-18T16:38:08,106Z DEBUG {} [applying load #dcf61535-ba9b-4b3c-80d2-7fb4bec82993] [SeededRandom] Using seed 1558197488
2019-05-18T16:38:08,673Z DEBUG {} [applying load #3dc01efc-d49c-42b2-b65a-6d21bf0e30d4] [SeededRandom] Using seed 1558197488
2019-05-18T16:38:09,876Z DEBUG {} [applying load #b62887ff-1e23-422b-86c8-d739ec8fcf02] [SeededRandom] Using seed 1558197489
2019-05-18T16:38:11,103Z DEBUG {} [applying load #d77005d0-673d-4c04-920a-1881e321e82b] [SeededRandom] Using seed 1558197491
2019-05-18T16:38:12,655Z DEBUG {} [applying load #5853dcb3-bacc-44cf-88f2-818df28d0ab9] [SeededRandom] Using seed 1558197492
2019-05-18T16:38:13,174Z DEBUG {} [applying load #dcf61535-ba9b-4b3c-80d2-7fb4bec82993] [ViewBoardAction] Skipping View Board. I have no knowledge of Boards.
2019-05-18T16:38:13,909Z DEBUG {} [applying load #dcf61535-ba9b-4b3c-80d2-7fb4bec82993] [ViewBoardAction] Skipping View Board. I have no knowledge of Boards.
2019-05-18T16:38:14,307Z DEBUG {} [applying load #6f510be9-4b48-4630-b77a-1617519ebe3b] [SeededRandom] Using seed 1558197494
2019-05-18T16:38:15,233Z DEBUG {} [applying load #d77005d0-673d-4c04-920a-1881e321e82b] [SeededRandom] Using seed 1558197495
2019-05-18T16:38:15,406Z DEBUG {} [applying load #3dc01efc-d49c-42b2-b65a-6d21bf0e30d4] [SeededRandom] Using seed 1558197495
2019-05-18T16:38:19,549Z DEBUG {} [applying load #dba596a8-f3ac-44b1-b141-f7cea702583e] [ViewBacklogAction] Skipping View Backlog. I have no knowledge of Boards.
2019-05-18T16:38:26,464Z DEBUG {} [applying load #dba596a8-f3ac-44b1-b141-f7cea702583e] [SeededRandom] Using seed 1558197506
2019-05-18T16:38:28,759Z DEBUG {} [applying load #793259b7-cd24-4c17-bab5-059a1021e37c] [ViewBoardAction] Skipping View Board. I have no knowledge of Boards.
2019-05-18T16:38:44,248Z DEBUG {} [applying load #793259b7-cd24-4c17-bab5-059a1021e37c] [SeededRandom] Using seed 1558197524
2019-05-18T16:38:54,676Z DEBUG {} [applying load #6f510be9-4b48-4630-b77a-1617519ebe3b] [SeededRandom] Using seed 1558197534
2019-05-18T16:38:57,559Z DEBUG {} [applying load #793259b7-cd24-4c17-bab5-059a1021e37c] [ViewBoardAction] Skipping View Board. I have no knowledge of Boards.
2019-05-18T16:38:57,949Z DEBUG {} [applying load #dba596a8-f3ac-44b1-b141-f7cea702583e] [ViewBacklogAction] Skipping View Backlog. I have no knowledge of Boards.
2019-05-18T16:39:09,685Z DEBUG {} [applying load #5853dcb3-bacc-44cf-88f2-818df28d0ab9] [SeededRandom] Using seed 1558197549
2019-05-18T16:39:11,138Z DEBUG {} [applying load #b62887ff-1e23-422b-86c8-d739ec8fcf02] [ViewBacklogAction] Skipping View Backlog. I have no knowledge of Boards.
2019-05-18T16:39:13,060Z DEBUG {} [applying load #3442614e-e986-4611-88d6-e63cdeab8fc8] [SeededRandom] Using seed 1558197553
2019-05-18T16:39:18,649Z DEBUG {} [applying load #6f510be9-4b48-4630-b77a-1617519ebe3b] [SeededRandom] Using seed 1558197558
2019-05-18T16:39:20,218Z DEBUG {} [applying load #b62887ff-1e23-422b-86c8-d739ec8fcf02] [ViewBacklogAction] Skipping View Backlog. I have no knowledge of Boards.
2019-05-18T16:39:22,609Z DEBUG {} [applying load #dba596a8-f3ac-44b1-b141-f7cea702583e] [SeededRandom] Using seed 1558197562
2019-05-18T16:39:23,106Z DEBUG {} [applying load #b62887ff-1e23-422b-86c8-d739ec8fcf02] [ViewBacklogAction] Skipping View Backlog. I have no knowledge of Boards.
2019-05-18T16:39:33,568Z DEBUG {} [applying load #b62887ff-1e23-422b-86c8-d739ec8fcf02] [SeededRandom] Using seed 1558197573
2019-05-18T16:39:34,290Z DEBUG {} [applying load #dcf61535-ba9b-4b3c-80d2-7fb4bec82993] [ViewBacklogAction] Skipping View Backlog. I have no knowledge of Boards.
2019-05-18T16:39:45,769Z DEBUG {} [applying load #dcf61535-ba9b-4b3c-80d2-7fb4bec82993] [ViewBacklogAction] Skipping View Backlog. I have no knowledge of Boards.
2019-05-18T16:39:54,043Z DEBUG {} [applying load #3dc01efc-d49c-42b2-b65a-6d21bf0e30d4] [SeededRandom] Using seed 1558197594
2019-05-18T16:40:06,441Z DEBUG {} [applying load #e99eb406-a9b6-40f8-b981-c514daa18c6b] [SeededRandom] Using seed 1558197606
2019-05-18T16:40:15,373Z DEBUG {} [applying load #3442614e-e986-4611-88d6-e63cdeab8fc8] [SeededRandom] Using seed 1558197615
2019-05-18T16:40:31,494Z DEBUG {} [applying load #3442614e-e986-4611-88d6-e63cdeab8fc8] [SeededRandom] Using seed 1558197631
2019-05-18T16:40:39,256Z DEBUG {} [applying load #6f510be9-4b48-4630-b77a-1617519ebe3b] [SeededRandom] Using seed 1558197639
2019-05-18T16:40:48,502Z DEBUG {} [applying load #a861ba06-43db-4dcb-9d8f-a191388ee7d2] [SeededRandom] Using seed 1558197648
2019-05-18T16:40:55,411Z DEBUG {} [applying load #a861ba06-43db-4dcb-9d8f-a191388ee7d2] [SeededRandom] Using seed 1558197655
2019-05-18T16:40:56,406Z DEBUG {} [applying load #dcf61535-ba9b-4b3c-80d2-7fb4bec82993] [ViewBoardAction] Skipping View Board. I have no knowledge of Boards.
2019-05-18T16:41:01,556Z DEBUG {} [applying load #dcf61535-ba9b-4b3c-80d2-7fb4bec82993] [SeededRandom] Using seed 1558197661
2019-05-18T16:41:03,440Z DEBUG {} [applying load #dcf61535-ba9b-4b3c-80d2-7fb4bec82993] [ViewBacklogAction] Skipping View Backlog. I have no knowledge of Boards.
2019-05-18T16:41:07,113Z DEBUG {} [applying load #b62887ff-1e23-422b-86c8-d739ec8fcf02] [ViewBoardAction] Skipping View Board. I have no knowledge of Boards.
2019-05-18T16:41:12,432Z DEBUG {} [applying load #b62887ff-1e23-422b-86c8-d739ec8fcf02] [SeededRandom] Using seed 1558197672
2019-05-18T16:41:20,414Z DEBUG {} [applying load #dba596a8-f3ac-44b1-b141-f7cea702583e] [SeededRandom] Using seed 1558197680
2019-05-18T16:41:26,019Z DEBUG {} [applying load #5853dcb3-bacc-44cf-88f2-818df28d0ab9] [SeededRandom] Using seed 1558197686
2019-05-18T16:41:32,947Z DEBUG {} [applying load #6f510be9-4b48-4630-b77a-1617519ebe3b] [SeededRandom] Using seed 1558197692
2019-05-18T16:41:39,322Z DEBUG {} [applying load #e99eb406-a9b6-40f8-b981-c514daa18c6b] [SeededRandom] Using seed 1558197699
2019-05-18T16:41:43,652Z DEBUG {} [applying load #e99eb406-a9b6-40f8-b981-c514daa18c6b] [SeededRandom] Using seed 1558197703
2019-05-18T16:41:50,743Z DEBUG {} [applying load #6f510be9-4b48-4630-b77a-1617519ebe3b] [SeededRandom] Using seed 1558197710
2019-05-18T16:41:54,054Z DEBUG {} [applying load #3442614e-e986-4611-88d6-e63cdeab8fc8] [SeededRandom] Using seed 1558197714
2019-05-18T16:41:57,783Z DEBUG {} [applying load #d77005d0-673d-4c04-920a-1881e321e82b] [SeededRandom] Using seed 1558197717
2019-05-18T16:42:01,739Z ERROR {} [applying load #5853dcb3-bacc-44cf-88f2-818df28d0ab9] [WebDriverDiagnostics] URL: http://jpt-a89af-loadbala-hh9tm4vgtb5w-1583964925.eu-west-1.elb.amazonaws.com/secure/RapidBoard.jspa?rapidView=631&view=planning, HTML dumped at diagnoses/c034fc84-1cf9-4815-b2c6-d536aee89418/dump.html, screenshot saved to diagnoses/c034fc84-1cf9-4815-b2c6-d536aee89418/screenshot.png
java.lang.Exception: Action 'View Backlog' ERROR
	at com.atlassian.performance.tools.jiraactions.api.measure.ActionMeter.record(ActionMeter.kt:132) ~[virtual-users.jar:?]
	at com.atlassian.performance.tools.jiraactions.api.measure.ActionMeter.measure(ActionMeter.kt:79) ~[virtual-users.jar:?]
	at com.atlassian.performance.tools.jirasoftwareactions.api.actions.ViewBacklogAction.run(ViewBacklogAction.kt:56) ~[virtual-users.jar:?]
	at com.atlassian.performance.tools.virtualusers.ExploratoryVirtualUser.runWithDiagnostics(ExploratoryVirtualUser.kt:79) [virtual-users.jar:?]
	at com.atlassian.performance.tools.virtualusers.ExploratoryVirtualUser.applyLoad(ExploratoryVirtualUser.kt:56) [virtual-users.jar:?]
	at com.atlassian.performance.tools.virtualusers.LoadTest.applyLoad(LoadTest.kt:164) [virtual-users.jar:?]
	at com.atlassian.performance.tools.virtualusers.LoadTest.access$applyLoad(LoadTest.kt:36) [virtual-users.jar:?]
	at com.atlassian.performance.tools.virtualusers.LoadTest$applyLoad$$inlined$forEach$lambda$1.run(LoadTest.kt:111) [virtual-users.jar:?]
	at java.util.concurrent.Executors$RunnableAdapter.call(Executors.java:511) [?:1.8.0_212]
	at java.util.concurrent.FutureTask.run(FutureTask.java:266) [?:1.8.0_212]
	at java.util.concurrent.ThreadPoolExecutor.runWorker(ThreadPoolExecutor.java:1149) [?:1.8.0_212]
	at java.util.concurrent.ThreadPoolExecutor$Worker.run(ThreadPoolExecutor.java:624) [?:1.8.0_212]
	at java.lang.Thread.run(Thread.java:748) [?:1.8.0_212]
Caused by: org.openqa.selenium.TimeoutException: Expected condition failed: waiting for presence of element located by: By.cssSelector: #ghx-backlog[data-rendered]:not(.browser-metrics-stale) (tried for 30 second(s) with 50 milliseconds interval)
	at org.openqa.selenium.support.ui.WebDriverWait.timeoutException(WebDriverWait.java:81) ~[virtual-users.jar:?]
	at org.openqa.selenium.support.ui.FluentWait.until(FluentWait.java:271) ~[virtual-users.jar:?]
	at com.atlassian.performance.tools.jiraactions.api.page.WebDriverUtils.wait(WebDriverExtension.kt:25) ~[virtual-users.jar:?]
	at com.atlassian.performance.tools.jiraactions.api.page.WebDriverUtils.wait$default(WebDriverExtension.kt:19) ~[virtual-users.jar:?]
	at com.atlassian.performance.tools.jirasoftwareactions.api.page.ViewBacklogPage.waitForBacklog(ViewBacklogPage.kt:12) ~[virtual-users.jar:?]
	at com.atlassian.performance.tools.jirasoftwareactions.api.actions.ViewBacklogAction$run$1.invoke(ViewBacklogAction.kt:60) ~[virtual-users.jar:?]
	at com.atlassian.performance.tools.jirasoftwareactions.api.actions.ViewBacklogAction$run$1.invoke(ViewBacklogAction.kt:15) ~[virtual-users.jar:?]
	at com.atlassian.performance.tools.jiraactions.api.measure.ActionMeter$measure$2.invoke(ActionMeter.kt:80) ~[virtual-users.jar:?]
	at com.atlassian.performance.tools.jiraactions.api.measure.ActionMeter$measure$2.invoke(ActionMeter.kt:25) ~[virtual-users.jar:?]
	at com.atlassian.performance.tools.jiraactions.api.measure.ActionMeter.record(ActionMeter.kt:102) ~[virtual-users.jar:?]
	... 12 more
Caused by: org.openqa.selenium.NoSuchElementException: Cannot locate an element using By.cssSelector: #ghx-backlog[data-rendered]:not(.browser-metrics-stale)
For documentation on this error, please visit: http://seleniumhq.org/exceptions/no_such_element.html
Build info: version: 'unknown', revision: 'unknown', time: 'unknown'
System info: host: 'ip-10-0-0-62', ip: '10.0.0.62', os.name: 'Linux', os.arch: 'amd64', os.version: '4.4.0-1067-aws', java.version: '1.8.0_212'
Driver info: driver.version: unknown
	at org.openqa.selenium.support.ui.ExpectedConditions.lambda$findElement$0(ExpectedConditions.java:896) ~[virtual-users.jar:?]
	at java.util.Optional.orElseThrow(Optional.java:290) ~[?:1.8.0_212]
	at org.openqa.selenium.support.ui.ExpectedConditions.findElement(ExpectedConditions.java:895) ~[virtual-users.jar:?]
	at org.openqa.selenium.support.ui.ExpectedConditions.access$000(ExpectedConditions.java:44) ~[virtual-users.jar:?]
	at org.openqa.selenium.support.ui.ExpectedConditions$6.apply(ExpectedConditions.java:183) ~[virtual-users.jar:?]
	at org.openqa.selenium.support.ui.ExpectedConditions$6.apply(ExpectedConditions.java:180) ~[virtual-users.jar:?]
	at org.openqa.selenium.support.ui.FluentWait.until(FluentWait.java:248) ~[virtual-users.jar:?]
	at com.atlassian.performance.tools.jiraactions.api.page.WebDriverUtils.wait(WebDriverExtension.kt:25) ~[virtual-users.jar:?]
	at com.atlassian.performance.tools.jiraactions.api.page.WebDriverUtils.wait$default(WebDriverExtension.kt:19) ~[virtual-users.jar:?]
	at com.atlassian.performance.tools.jirasoftwareactions.api.page.ViewBacklogPage.waitForBacklog(ViewBacklogPage.kt:12) ~[virtual-users.jar:?]
	at com.atlassian.performance.tools.jirasoftwareactions.api.actions.ViewBacklogAction$run$1.invoke(ViewBacklogAction.kt:60) ~[virtual-users.jar:?]
	at com.atlassian.performance.tools.jirasoftwareactions.api.actions.ViewBacklogAction$run$1.invoke(ViewBacklogAction.kt:15) ~[virtual-users.jar:?]
	at com.atlassian.performance.tools.jiraactions.api.measure.ActionMeter$measure$2.invoke(ActionMeter.kt:80) ~[virtual-users.jar:?]
	at com.atlassian.performance.tools.jiraactions.api.measure.ActionMeter$measure$2.invoke(ActionMeter.kt:25) ~[virtual-users.jar:?]
	at com.atlassian.performance.tools.jiraactions.api.measure.ActionMeter.record(ActionMeter.kt:102) ~[virtual-users.jar:?]
	... 12 more
2019-05-18T16:42:01,742Z ERROR {} [applying load #5853dcb3-bacc-44cf-88f2-818df28d0ab9] [ExploratoryVirtualUser] Failed to run com.atlassian.performance.tools.jirasoftwareactions.api.actions.ViewBacklogAction@422baab6, but we keep running
java.lang.Exception: Failed to run com.atlassian.performance.tools.jirasoftwareactions.api.actions.ViewBacklogAction@422baab6
	at com.atlassian.performance.tools.virtualusers.ExploratoryVirtualUser.runWithDiagnostics(ExploratoryVirtualUser.kt:82) ~[virtual-users.jar:?]
	at com.atlassian.performance.tools.virtualusers.ExploratoryVirtualUser.applyLoad(ExploratoryVirtualUser.kt:56) [virtual-users.jar:?]
	at com.atlassian.performance.tools.virtualusers.LoadTest.applyLoad(LoadTest.kt:164) [virtual-users.jar:?]
	at com.atlassian.performance.tools.virtualusers.LoadTest.access$applyLoad(LoadTest.kt:36) [virtual-users.jar:?]
	at com.atlassian.performance.tools.virtualusers.LoadTest$applyLoad$$inlined$forEach$lambda$1.run(LoadTest.kt:111) [virtual-users.jar:?]
	at java.util.concurrent.Executors$RunnableAdapter.call(Executors.java:511) [?:1.8.0_212]
	at java.util.concurrent.FutureTask.run(FutureTask.java:266) [?:1.8.0_212]
	at java.util.concurrent.ThreadPoolExecutor.runWorker(ThreadPoolExecutor.java:1149) [?:1.8.0_212]
	at java.util.concurrent.ThreadPoolExecutor$Worker.run(ThreadPoolExecutor.java:624) [?:1.8.0_212]
	at java.lang.Thread.run(Thread.java:748) [?:1.8.0_212]
Caused by: java.lang.Exception: Action 'View Backlog' ERROR
	at com.atlassian.performance.tools.jiraactions.api.measure.ActionMeter.record(ActionMeter.kt:132) ~[virtual-users.jar:?]
	at com.atlassian.performance.tools.jiraactions.api.measure.ActionMeter.measure(ActionMeter.kt:79) ~[virtual-users.jar:?]
	at com.atlassian.performance.tools.jirasoftwareactions.api.actions.ViewBacklogAction.run(ViewBacklogAction.kt:56) ~[virtual-users.jar:?]
	at com.atlassian.performance.tools.virtualusers.ExploratoryVirtualUser.runWithDiagnostics(ExploratoryVirtualUser.kt:79) ~[virtual-users.jar:?]
	... 9 more
Caused by: org.openqa.selenium.TimeoutException: Expected condition failed: waiting for presence of element located by: By.cssSelector: #ghx-backlog[data-rendered]:not(.browser-metrics-stale) (tried for 30 second(s) with 50 milliseconds interval)
	at org.openqa.selenium.support.ui.WebDriverWait.timeoutException(WebDriverWait.java:81) ~[virtual-users.jar:?]
	at org.openqa.selenium.support.ui.FluentWait.until(FluentWait.java:271) ~[virtual-users.jar:?]
	at com.atlassian.performance.tools.jiraactions.api.page.WebDriverUtils.wait(WebDriverExtension.kt:25) ~[virtual-users.jar:?]
	at com.atlassian.performance.tools.jiraactions.api.page.WebDriverUtils.wait$default(WebDriverExtension.kt:19) ~[virtual-users.jar:?]
	at com.atlassian.performance.tools.jirasoftwareactions.api.page.ViewBacklogPage.waitForBacklog(ViewBacklogPage.kt:12) ~[virtual-users.jar:?]
	at com.atlassian.performance.tools.jirasoftwareactions.api.actions.ViewBacklogAction$run$1.invoke(ViewBacklogAction.kt:60) ~[virtual-users.jar:?]
	at com.atlassian.performance.tools.jirasoftwareactions.api.actions.ViewBacklogAction$run$1.invoke(ViewBacklogAction.kt:15) ~[virtual-users.jar:?]
	at com.atlassian.performance.tools.jiraactions.api.measure.ActionMeter$measure$2.invoke(ActionMeter.kt:80) ~[virtual-users.jar:?]
	at com.atlassian.performance.tools.jiraactions.api.measure.ActionMeter$measure$2.invoke(ActionMeter.kt:25) ~[virtual-users.jar:?]
	at com.atlassian.performance.tools.jiraactions.api.measure.ActionMeter.record(ActionMeter.kt:102) ~[virtual-users.jar:?]
	at com.atlassian.performance.tools.jiraactions.api.measure.ActionMeter.measure(ActionMeter.kt:79) ~[virtual-users.jar:?]
	at com.atlassian.performance.tools.jirasoftwareactions.api.actions.ViewBacklogAction.run(ViewBacklogAction.kt:56) ~[virtual-users.jar:?]
	at com.atlassian.performance.tools.virtualusers.ExploratoryVirtualUser.runWithDiagnostics(ExploratoryVirtualUser.kt:79) ~[virtual-users.jar:?]
	... 9 more
Caused by: org.openqa.selenium.NoSuchElementException: Cannot locate an element using By.cssSelector: #ghx-backlog[data-rendered]:not(.browser-metrics-stale)
For documentation on this error, please visit: http://seleniumhq.org/exceptions/no_such_element.html
Build info: version: 'unknown', revision: 'unknown', time: 'unknown'
System info: host: 'ip-10-0-0-62', ip: '10.0.0.62', os.name: 'Linux', os.arch: 'amd64', os.version: '4.4.0-1067-aws', java.version: '1.8.0_212'
Driver info: driver.version: unknown
	at org.openqa.selenium.support.ui.ExpectedConditions.lambda$findElement$0(ExpectedConditions.java:896) ~[virtual-users.jar:?]
	at java.util.Optional.orElseThrow(Optional.java:290) ~[?:1.8.0_212]
	at org.openqa.selenium.support.ui.ExpectedConditions.findElement(ExpectedConditions.java:895) ~[virtual-users.jar:?]
	at org.openqa.selenium.support.ui.ExpectedConditions.access$000(ExpectedConditions.java:44) ~[virtual-users.jar:?]
	at org.openqa.selenium.support.ui.ExpectedConditions$6.apply(ExpectedConditions.java:183) ~[virtual-users.jar:?]
	at org.openqa.selenium.support.ui.ExpectedConditions$6.apply(ExpectedConditions.java:180) ~[virtual-users.jar:?]
	at org.openqa.selenium.support.ui.FluentWait.until(FluentWait.java:248) ~[virtual-users.jar:?]
	at com.atlassian.performance.tools.jiraactions.api.page.WebDriverUtils.wait(WebDriverExtension.kt:25) ~[virtual-users.jar:?]
	at com.atlassian.performance.tools.jiraactions.api.page.WebDriverUtils.wait$default(WebDriverExtension.kt:19) ~[virtual-users.jar:?]
	at com.atlassian.performance.tools.jirasoftwareactions.api.page.ViewBacklogPage.waitForBacklog(ViewBacklogPage.kt:12) ~[virtual-users.jar:?]
	at com.atlassian.performance.tools.jirasoftwareactions.api.actions.ViewBacklogAction$run$1.invoke(ViewBacklogAction.kt:60) ~[virtual-users.jar:?]
	at com.atlassian.performance.tools.jirasoftwareactions.api.actions.ViewBacklogAction$run$1.invoke(ViewBacklogAction.kt:15) ~[virtual-users.jar:?]
	at com.atlassian.performance.tools.jiraactions.api.measure.ActionMeter$measure$2.invoke(ActionMeter.kt:80) ~[virtual-users.jar:?]
	at com.atlassian.performance.tools.jiraactions.api.measure.ActionMeter$measure$2.invoke(ActionMeter.kt:25) ~[virtual-users.jar:?]
	at com.atlassian.performance.tools.jiraactions.api.measure.ActionMeter.record(ActionMeter.kt:102) ~[virtual-users.jar:?]
	at com.atlassian.performance.tools.jiraactions.api.measure.ActionMeter.measure(ActionMeter.kt:79) ~[virtual-users.jar:?]
	at com.atlassian.performance.tools.jirasoftwareactions.api.actions.ViewBacklogAction.run(ViewBacklogAction.kt:56) ~[virtual-users.jar:?]
	at com.atlassian.performance.tools.virtualusers.ExploratoryVirtualUser.runWithDiagnostics(ExploratoryVirtualUser.kt:79) ~[virtual-users.jar:?]
	... 9 more
2019-05-18T16:42:02,651Z DEBUG {} [applying load #a861ba06-43db-4dcb-9d8f-a191388ee7d2] [SeededRandom] Using seed 1558197722
2019-05-18T16:42:07,453Z DEBUG {} [applying load #d77005d0-673d-4c04-920a-1881e321e82b] [SeededRandom] Using seed 1558197727
2019-05-18T16:42:09,829Z DEBUG {} [applying load #a861ba06-43db-4dcb-9d8f-a191388ee7d2] [SeededRandom] Using seed 1558197729
2019-05-18T16:42:10,782Z DEBUG {} [applying load #5853dcb3-bacc-44cf-88f2-818df28d0ab9] [SeededRandom] Using seed 1558197730
2019-05-18T16:42:18,143Z DEBUG {} [applying load #5853dcb3-bacc-44cf-88f2-818df28d0ab9] [SeededRandom] Using seed 1558197738
2019-05-18T16:42:24,679Z DEBUG {} [applying load #dcf61535-ba9b-4b3c-80d2-7fb4bec82993] [SeededRandom] Using seed 1558197744
2019-05-18T16:42:25,120Z DEBUG {} [applying load #d77005d0-673d-4c04-920a-1881e321e82b] [SeededRandom] Using seed 1558197745
2019-05-18T16:42:39,019Z DEBUG {} [applying load #5853dcb3-bacc-44cf-88f2-818df28d0ab9] [SeededRandom] Using seed 1558197759
2019-05-18T16:42:39,835Z DEBUG {} [applying load #a861ba06-43db-4dcb-9d8f-a191388ee7d2] [SeededRandom] Using seed 1558197759
2019-05-18T16:42:47,973Z DEBUG {} [applying load #5853dcb3-bacc-44cf-88f2-818df28d0ab9] [SeededRandom] Using seed 1558197767
2019-05-18T16:43:18,413Z DEBUG {} [applying load #3dc01efc-d49c-42b2-b65a-6d21bf0e30d4] [SeededRandom] Using seed 1558197798
2019-05-18T16:43:20,292Z DEBUG {} [applying load #dba596a8-f3ac-44b1-b141-f7cea702583e] [SeededRandom] Using seed 1558197800
2019-05-18T16:43:26,503Z DEBUG {} [applying load #3dc01efc-d49c-42b2-b65a-6d21bf0e30d4] [SeededRandom] Using seed 1558197806
2019-05-18T16:43:31,750Z DEBUG {} [applying load #5853dcb3-bacc-44cf-88f2-818df28d0ab9] [SeededRandom] Using seed 1558197811
2019-05-18T16:43:33,930Z DEBUG {} [applying load #3dc01efc-d49c-42b2-b65a-6d21bf0e30d4] [SeededRandom] Using seed 1558197813
2019-05-18T16:43:34,278Z DEBUG {} [applying load #b62887ff-1e23-422b-86c8-d739ec8fcf02] [SeededRandom] Using seed 1558197814
2019-05-18T16:43:37,441Z DEBUG {} [applying load #3dc01efc-d49c-42b2-b65a-6d21bf0e30d4] [SeededRandom] Using seed 1558197817
2019-05-18T16:43:39,176Z DEBUG {} [applying load #3442614e-e986-4611-88d6-e63cdeab8fc8] [SeededRandom] Using seed 1558197819
2019-05-18T16:43:46,101Z DEBUG {} [applying load #e99eb406-a9b6-40f8-b981-c514daa18c6b] [SeededRandom] Using seed 1558197826
2019-05-18T16:43:47,935Z DEBUG {} [applying load #3dc01efc-d49c-42b2-b65a-6d21bf0e30d4] [SeededRandom] Using seed 1558197827
2019-05-18T16:43:48,067Z DEBUG {} [applying load #dba596a8-f3ac-44b1-b141-f7cea702583e] [SeededRandom] Using seed 1558197828
2019-05-18T16:43:50,135Z DEBUG {} [applying load #a861ba06-43db-4dcb-9d8f-a191388ee7d2] [SeededRandom] Using seed 1558197830
2019-05-18T16:43:52,414Z DEBUG {} [applying load #e99eb406-a9b6-40f8-b981-c514daa18c6b] [SeededRandom] Using seed 1558197832
2019-05-18T16:43:54,768Z DEBUG {} [applying load #dba596a8-f3ac-44b1-b141-f7cea702583e] [SeededRandom] Using seed 1558197834
2019-05-18T16:44:03,819Z DEBUG {} [applying load #a861ba06-43db-4dcb-9d8f-a191388ee7d2] [SeededRandom] Using seed 1558197843
2019-05-18T16:44:10,518Z DEBUG {} [applying load #a861ba06-43db-4dcb-9d8f-a191388ee7d2] [SeededRandom] Using seed 1558197850
2019-05-18T16:44:38,119Z DEBUG {} [applying load #dba596a8-f3ac-44b1-b141-f7cea702583e] [SeededRandom] Using seed 1558197878
2019-05-18T16:44:43,323Z DEBUG {} [applying load #e99eb406-a9b6-40f8-b981-c514daa18c6b] [SeededRandom] Using seed 1558197883
2019-05-18T16:44:45,914Z ERROR {} [applying load #c332aaa7-c663-40ba-b634-5dc400b066a0] [WebDriverDiagnostics] URL: http://jpt-a89af-loadbala-hh9tm4vgtb5w-1583964925.eu-west-1.elb.amazonaws.com/secure/ManageRapidViews.jspa, HTML dumped at diagnoses/9fb36334-39b3-4607-ad25-690146f3328b/dump.html, screenshot saved to diagnoses/9fb36334-39b3-4607-ad25-690146f3328b/screenshot.png
java.lang.Exception: Action 'Browse Boards' ERROR
	at com.atlassian.performance.tools.jiraactions.api.measure.ActionMeter.record(ActionMeter.kt:132) ~[virtual-users.jar:?]
	at com.atlassian.performance.tools.jiraactions.api.measure.ActionMeter.measure(ActionMeter.kt:79) ~[virtual-users.jar:?]
	at com.atlassian.performance.tools.jiraactions.api.measure.ActionMeter.measure(ActionMeter.kt:57) ~[virtual-users.jar:?]
	at com.atlassian.performance.tools.hardware.vu.PatientBrowseBoardsAction.run(BrowseBoardsAction.kt:29) ~[virtual-users.jar:?]
	at com.atlassian.performance.tools.virtualusers.ExploratoryVirtualUser.runWithDiagnostics(ExploratoryVirtualUser.kt:79) [virtual-users.jar:?]
	at com.atlassian.performance.tools.virtualusers.ExploratoryVirtualUser.applyLoad(ExploratoryVirtualUser.kt:56) [virtual-users.jar:?]
	at com.atlassian.performance.tools.virtualusers.LoadTest.applyLoad(LoadTest.kt:164) [virtual-users.jar:?]
	at com.atlassian.performance.tools.virtualusers.LoadTest.access$applyLoad(LoadTest.kt:36) [virtual-users.jar:?]
	at com.atlassian.performance.tools.virtualusers.LoadTest$applyLoad$$inlined$forEach$lambda$1.run(LoadTest.kt:111) [virtual-users.jar:?]
	at java.util.concurrent.Executors$RunnableAdapter.call(Executors.java:511) [?:1.8.0_212]
	at java.util.concurrent.FutureTask.run(FutureTask.java:266) [?:1.8.0_212]
	at java.util.concurrent.ThreadPoolExecutor.runWorker(ThreadPoolExecutor.java:1149) [?:1.8.0_212]
	at java.util.concurrent.ThreadPoolExecutor$Worker.run(ThreadPoolExecutor.java:624) [?:1.8.0_212]
	at java.lang.Thread.run(Thread.java:748) [?:1.8.0_212]
Caused by: org.openqa.selenium.TimeoutException: Expected condition failed: waiting for at least one condition to be valid: all conditions to be valid: text ('Boards') to be present in element found by By.cssSelector: #ghx-header h2 && presence of element located by: By.cssSelector: #ghx-content-main table.aui || at least one condition to be valid: presence of element located by: By.cssSelector: section div.aui-message.error || presence of element located by: By.id: errorPageContainer || presence of element located by: By.cssSelector: div.form-body div.error (tried for 600 second(s) with 50 milliseconds interval)
	at org.openqa.selenium.support.ui.WebDriverWait.timeoutException(WebDriverWait.java:81) ~[virtual-users.jar:?]
	at org.openqa.selenium.support.ui.FluentWait.until(FluentWait.java:271) ~[virtual-users.jar:?]
	at com.atlassian.performance.tools.jiraactions.api.page.WebDriverUtils.wait(WebDriverExtension.kt:25) ~[virtual-users.jar:?]
	at com.atlassian.performance.tools.jiraactions.api.page.WebDriverUtils.wait$default(WebDriverExtension.kt:19) ~[virtual-users.jar:?]
	at com.atlassian.performance.tools.hardware.vu.PatientBrowseBoardsAction.waitForBoardsList(BrowseBoardsAction.kt:40) ~[virtual-users.jar:?]
	at com.atlassian.performance.tools.hardware.vu.PatientBrowseBoardsAction.access$waitForBoardsList(BrowseBoardsAction.kt:20) ~[virtual-users.jar:?]
	at com.atlassian.performance.tools.hardware.vu.PatientBrowseBoardsAction$run$browseBoardsPage$1.invoke(BrowseBoardsAction.kt:30) ~[virtual-users.jar:?]
	at com.atlassian.performance.tools.hardware.vu.PatientBrowseBoardsAction$run$browseBoardsPage$1.invoke(BrowseBoardsAction.kt:20) ~[virtual-users.jar:?]
	at com.atlassian.performance.tools.jiraactions.api.measure.ActionMeter$measure$2.invoke(ActionMeter.kt:80) ~[virtual-users.jar:?]
	at com.atlassian.performance.tools.jiraactions.api.measure.ActionMeter$measure$2.invoke(ActionMeter.kt:25) ~[virtual-users.jar:?]
	at com.atlassian.performance.tools.jiraactions.api.measure.ActionMeter.record(ActionMeter.kt:102) ~[virtual-users.jar:?]
	... 13 more
Caused by: org.openqa.selenium.NoSuchElementException: Cannot locate an element using By.cssSelector: div.form-body div.error
For documentation on this error, please visit: http://seleniumhq.org/exceptions/no_such_element.html
Build info: version: 'unknown', revision: 'unknown', time: 'unknown'
System info: host: 'ip-10-0-0-62', ip: '10.0.0.62', os.name: 'Linux', os.arch: 'amd64', os.version: '4.4.0-1067-aws', java.version: '1.8.0_212'
Driver info: driver.version: unknown
	at org.openqa.selenium.support.ui.ExpectedConditions.lambda$findElement$0(ExpectedConditions.java:896) ~[virtual-users.jar:?]
	at java.util.Optional.orElseThrow(Optional.java:290) ~[?:1.8.0_212]
	at org.openqa.selenium.support.ui.ExpectedConditions.findElement(ExpectedConditions.java:895) ~[virtual-users.jar:?]
	at org.openqa.selenium.support.ui.ExpectedConditions.access$000(ExpectedConditions.java:44) ~[virtual-users.jar:?]
	at org.openqa.selenium.support.ui.ExpectedConditions$6.apply(ExpectedConditions.java:183) ~[virtual-users.jar:?]
	at org.openqa.selenium.support.ui.ExpectedConditions$6.apply(ExpectedConditions.java:180) ~[virtual-users.jar:?]
	at org.openqa.selenium.support.ui.ExpectedConditions$47.apply(ExpectedConditions.java:1427) ~[virtual-users.jar:?]
	at org.openqa.selenium.support.ui.ExpectedConditions$47.apply(ExpectedConditions.java:1421) ~[virtual-users.jar:?]
	at org.openqa.selenium.support.ui.ExpectedConditions$47.apply(ExpectedConditions.java:1427) ~[virtual-users.jar:?]
	at org.openqa.selenium.support.ui.ExpectedConditions$47.apply(ExpectedConditions.java:1421) ~[virtual-users.jar:?]
	at org.openqa.selenium.support.ui.FluentWait.until(FluentWait.java:248) ~[virtual-users.jar:?]
	at com.atlassian.performance.tools.jiraactions.api.page.WebDriverUtils.wait(WebDriverExtension.kt:25) ~[virtual-users.jar:?]
	at com.atlassian.performance.tools.jiraactions.api.page.WebDriverUtils.wait$default(WebDriverExtension.kt:19) ~[virtual-users.jar:?]
	at com.atlassian.performance.tools.hardware.vu.PatientBrowseBoardsAction.waitForBoardsList(BrowseBoardsAction.kt:40) ~[virtual-users.jar:?]
	at com.atlassian.performance.tools.hardware.vu.PatientBrowseBoardsAction.access$waitForBoardsList(BrowseBoardsAction.kt:20) ~[virtual-users.jar:?]
	at com.atlassian.performance.tools.hardware.vu.PatientBrowseBoardsAction$run$browseBoardsPage$1.invoke(BrowseBoardsAction.kt:30) ~[virtual-users.jar:?]
	at com.atlassian.performance.tools.hardware.vu.PatientBrowseBoardsAction$run$browseBoardsPage$1.invoke(BrowseBoardsAction.kt:20) ~[virtual-users.jar:?]
	at com.atlassian.performance.tools.jiraactions.api.measure.ActionMeter$measure$2.invoke(ActionMeter.kt:80) ~[virtual-users.jar:?]
	at com.atlassian.performance.tools.jiraactions.api.measure.ActionMeter$measure$2.invoke(ActionMeter.kt:25) ~[virtual-users.jar:?]
	at com.atlassian.performance.tools.jiraactions.api.measure.ActionMeter.record(ActionMeter.kt:102) ~[virtual-users.jar:?]
	... 13 more
2019-05-18T16:44:45,915Z ERROR {} [applying load #c332aaa7-c663-40ba-b634-5dc400b066a0] [ExploratoryVirtualUser] Failed to run com.atlassian.performance.tools.hardware.vu.PatientBrowseBoardsAction@1a1505b2, but we keep running
java.lang.Exception: Failed to run com.atlassian.performance.tools.hardware.vu.PatientBrowseBoardsAction@1a1505b2
	at com.atlassian.performance.tools.virtualusers.ExploratoryVirtualUser.runWithDiagnostics(ExploratoryVirtualUser.kt:82) ~[virtual-users.jar:?]
	at com.atlassian.performance.tools.virtualusers.ExploratoryVirtualUser.applyLoad(ExploratoryVirtualUser.kt:56) [virtual-users.jar:?]
	at com.atlassian.performance.tools.virtualusers.LoadTest.applyLoad(LoadTest.kt:164) [virtual-users.jar:?]
	at com.atlassian.performance.tools.virtualusers.LoadTest.access$applyLoad(LoadTest.kt:36) [virtual-users.jar:?]
	at com.atlassian.performance.tools.virtualusers.LoadTest$applyLoad$$inlined$forEach$lambda$1.run(LoadTest.kt:111) [virtual-users.jar:?]
	at java.util.concurrent.Executors$RunnableAdapter.call(Executors.java:511) [?:1.8.0_212]
	at java.util.concurrent.FutureTask.run(FutureTask.java:266) [?:1.8.0_212]
	at java.util.concurrent.ThreadPoolExecutor.runWorker(ThreadPoolExecutor.java:1149) [?:1.8.0_212]
	at java.util.concurrent.ThreadPoolExecutor$Worker.run(ThreadPoolExecutor.java:624) [?:1.8.0_212]
	at java.lang.Thread.run(Thread.java:748) [?:1.8.0_212]
Caused by: java.lang.Exception: Action 'Browse Boards' ERROR
	at com.atlassian.performance.tools.jiraactions.api.measure.ActionMeter.record(ActionMeter.kt:132) ~[virtual-users.jar:?]
	at com.atlassian.performance.tools.jiraactions.api.measure.ActionMeter.measure(ActionMeter.kt:79) ~[virtual-users.jar:?]
	at com.atlassian.performance.tools.jiraactions.api.measure.ActionMeter.measure(ActionMeter.kt:57) ~[virtual-users.jar:?]
	at com.atlassian.performance.tools.hardware.vu.PatientBrowseBoardsAction.run(BrowseBoardsAction.kt:29) ~[virtual-users.jar:?]
	at com.atlassian.performance.tools.virtualusers.ExploratoryVirtualUser.runWithDiagnostics(ExploratoryVirtualUser.kt:79) ~[virtual-users.jar:?]
	... 9 more
Caused by: org.openqa.selenium.TimeoutException: Expected condition failed: waiting for at least one condition to be valid: all conditions to be valid: text ('Boards') to be present in element found by By.cssSelector: #ghx-header h2 && presence of element located by: By.cssSelector: #ghx-content-main table.aui || at least one condition to be valid: presence of element located by: By.cssSelector: section div.aui-message.error || presence of element located by: By.id: errorPageContainer || presence of element located by: By.cssSelector: div.form-body div.error (tried for 600 second(s) with 50 milliseconds interval)
	at org.openqa.selenium.support.ui.WebDriverWait.timeoutException(WebDriverWait.java:81) ~[virtual-users.jar:?]
	at org.openqa.selenium.support.ui.FluentWait.until(FluentWait.java:271) ~[virtual-users.jar:?]
	at com.atlassian.performance.tools.jiraactions.api.page.WebDriverUtils.wait(WebDriverExtension.kt:25) ~[virtual-users.jar:?]
	at com.atlassian.performance.tools.jiraactions.api.page.WebDriverUtils.wait$default(WebDriverExtension.kt:19) ~[virtual-users.jar:?]
	at com.atlassian.performance.tools.hardware.vu.PatientBrowseBoardsAction.waitForBoardsList(BrowseBoardsAction.kt:40) ~[virtual-users.jar:?]
	at com.atlassian.performance.tools.hardware.vu.PatientBrowseBoardsAction.access$waitForBoardsList(BrowseBoardsAction.kt:20) ~[virtual-users.jar:?]
	at com.atlassian.performance.tools.hardware.vu.PatientBrowseBoardsAction$run$browseBoardsPage$1.invoke(BrowseBoardsAction.kt:30) ~[virtual-users.jar:?]
	at com.atlassian.performance.tools.hardware.vu.PatientBrowseBoardsAction$run$browseBoardsPage$1.invoke(BrowseBoardsAction.kt:20) ~[virtual-users.jar:?]
	at com.atlassian.performance.tools.jiraactions.api.measure.ActionMeter$measure$2.invoke(ActionMeter.kt:80) ~[virtual-users.jar:?]
	at com.atlassian.performance.tools.jiraactions.api.measure.ActionMeter$measure$2.invoke(ActionMeter.kt:25) ~[virtual-users.jar:?]
	at com.atlassian.performance.tools.jiraactions.api.measure.ActionMeter.record(ActionMeter.kt:102) ~[virtual-users.jar:?]
	at com.atlassian.performance.tools.jiraactions.api.measure.ActionMeter.measure(ActionMeter.kt:79) ~[virtual-users.jar:?]
	at com.atlassian.performance.tools.jiraactions.api.measure.ActionMeter.measure(ActionMeter.kt:57) ~[virtual-users.jar:?]
	at com.atlassian.performance.tools.hardware.vu.PatientBrowseBoardsAction.run(BrowseBoardsAction.kt:29) ~[virtual-users.jar:?]
	at com.atlassian.performance.tools.virtualusers.ExploratoryVirtualUser.runWithDiagnostics(ExploratoryVirtualUser.kt:79) ~[virtual-users.jar:?]
	... 9 more
Caused by: org.openqa.selenium.NoSuchElementException: Cannot locate an element using By.cssSelector: div.form-body div.error
For documentation on this error, please visit: http://seleniumhq.org/exceptions/no_such_element.html
Build info: version: 'unknown', revision: 'unknown', time: 'unknown'
System info: host: 'ip-10-0-0-62', ip: '10.0.0.62', os.name: 'Linux', os.arch: 'amd64', os.version: '4.4.0-1067-aws', java.version: '1.8.0_212'
Driver info: driver.version: unknown
	at org.openqa.selenium.support.ui.ExpectedConditions.lambda$findElement$0(ExpectedConditions.java:896) ~[virtual-users.jar:?]
	at java.util.Optional.orElseThrow(Optional.java:290) ~[?:1.8.0_212]
	at org.openqa.selenium.support.ui.ExpectedConditions.findElement(ExpectedConditions.java:895) ~[virtual-users.jar:?]
	at org.openqa.selenium.support.ui.ExpectedConditions.access$000(ExpectedConditions.java:44) ~[virtual-users.jar:?]
	at org.openqa.selenium.support.ui.ExpectedConditions$6.apply(ExpectedConditions.java:183) ~[virtual-users.jar:?]
	at org.openqa.selenium.support.ui.ExpectedConditions$6.apply(ExpectedConditions.java:180) ~[virtual-users.jar:?]
	at org.openqa.selenium.support.ui.ExpectedConditions$47.apply(ExpectedConditions.java:1427) ~[virtual-users.jar:?]
	at org.openqa.selenium.support.ui.ExpectedConditions$47.apply(ExpectedConditions.java:1421) ~[virtual-users.jar:?]
	at org.openqa.selenium.support.ui.ExpectedConditions$47.apply(ExpectedConditions.java:1427) ~[virtual-users.jar:?]
	at org.openqa.selenium.support.ui.ExpectedConditions$47.apply(ExpectedConditions.java:1421) ~[virtual-users.jar:?]
	at org.openqa.selenium.support.ui.FluentWait.until(FluentWait.java:248) ~[virtual-users.jar:?]
	at com.atlassian.performance.tools.jiraactions.api.page.WebDriverUtils.wait(WebDriverExtension.kt:25) ~[virtual-users.jar:?]
	at com.atlassian.performance.tools.jiraactions.api.page.WebDriverUtils.wait$default(WebDriverExtension.kt:19) ~[virtual-users.jar:?]
	at com.atlassian.performance.tools.hardware.vu.PatientBrowseBoardsAction.waitForBoardsList(BrowseBoardsAction.kt:40) ~[virtual-users.jar:?]
	at com.atlassian.performance.tools.hardware.vu.PatientBrowseBoardsAction.access$waitForBoardsList(BrowseBoardsAction.kt:20) ~[virtual-users.jar:?]
	at com.atlassian.performance.tools.hardware.vu.PatientBrowseBoardsAction$run$browseBoardsPage$1.invoke(BrowseBoardsAction.kt:30) ~[virtual-users.jar:?]
	at com.atlassian.performance.tools.hardware.vu.PatientBrowseBoardsAction$run$browseBoardsPage$1.invoke(BrowseBoardsAction.kt:20) ~[virtual-users.jar:?]
	at com.atlassian.performance.tools.jiraactions.api.measure.ActionMeter$measure$2.invoke(ActionMeter.kt:80) ~[virtual-users.jar:?]
	at com.atlassian.performance.tools.jiraactions.api.measure.ActionMeter$measure$2.invoke(ActionMeter.kt:25) ~[virtual-users.jar:?]
	at com.atlassian.performance.tools.jiraactions.api.measure.ActionMeter.record(ActionMeter.kt:102) ~[virtual-users.jar:?]
	at com.atlassian.performance.tools.jiraactions.api.measure.ActionMeter.measure(ActionMeter.kt:79) ~[virtual-users.jar:?]
	at com.atlassian.performance.tools.jiraactions.api.measure.ActionMeter.measure(ActionMeter.kt:57) ~[virtual-users.jar:?]
	at com.atlassian.performance.tools.hardware.vu.PatientBrowseBoardsAction.run(BrowseBoardsAction.kt:29) ~[virtual-users.jar:?]
	at com.atlassian.performance.tools.virtualusers.ExploratoryVirtualUser.runWithDiagnostics(ExploratoryVirtualUser.kt:79) ~[virtual-users.jar:?]
	... 9 more
2019-05-18T16:44:49,015Z DEBUG {} [applying load #c332aaa7-c663-40ba-b634-5dc400b066a0] [SeededRandom] Using seed 1558197889
2019-05-18T16:44:49,561Z DEBUG {} [applying load #dba596a8-f3ac-44b1-b141-f7cea702583e] [SeededRandom] Using seed 1558197889
2019-05-18T16:44:52,330Z DEBUG {} [applying load #d77005d0-673d-4c04-920a-1881e321e82b] [SeededRandom] Using seed 1558197892
2019-05-18T16:44:56,993Z DEBUG {} [applying load #c332aaa7-c663-40ba-b634-5dc400b066a0] [SeededRandom] Using seed 1558197896
2019-05-18T16:44:58,697Z DEBUG {} [applying load #d77005d0-673d-4c04-920a-1881e321e82b] [SeededRandom] Using seed 1558197898
2019-05-18T16:45:02,690Z DEBUG {} [applying load #c332aaa7-c663-40ba-b634-5dc400b066a0] [ViewBacklogAction] Skipping View Backlog. I have no knowledge of Boards.
2019-05-18T16:45:05,501Z DEBUG {} [applying load #3442614e-e986-4611-88d6-e63cdeab8fc8] [SeededRandom] Using seed 1558197905
2019-05-18T16:45:10,529Z DEBUG {} [applying load #d77005d0-673d-4c04-920a-1881e321e82b] [SeededRandom] Using seed 1558197910
2019-05-18T16:45:11,892Z DEBUG {} [applying load #c332aaa7-c663-40ba-b634-5dc400b066a0] [ViewBacklogAction] Skipping View Backlog. I have no knowledge of Boards.
2019-05-18T16:45:12,413Z DEBUG {} [applying load #5853dcb3-bacc-44cf-88f2-818df28d0ab9] [SeededRandom] Using seed 1558197912
2019-05-18T16:45:15,385Z DEBUG {} [applying load #dba596a8-f3ac-44b1-b141-f7cea702583e] [SeededRandom] Using seed 1558197915
2019-05-18T16:45:21,133Z DEBUG {} [applying load #3442614e-e986-4611-88d6-e63cdeab8fc8] [SeededRandom] Using seed 1558197921
2019-05-18T16:45:23,527Z DEBUG {} [applying load #e99eb406-a9b6-40f8-b981-c514daa18c6b] [SeededRandom] Using seed 1558197923
2019-05-18T16:45:24,755Z DEBUG {} [applying load #d77005d0-673d-4c04-920a-1881e321e82b] [SeededRandom] Using seed 1558197924
2019-05-18T16:45:29,395Z DEBUG {} [applying load #b62887ff-1e23-422b-86c8-d739ec8fcf02] [SeededRandom] Using seed 1558197929
2019-05-18T16:45:29,431Z DEBUG {} [applying load #a861ba06-43db-4dcb-9d8f-a191388ee7d2] [SeededRandom] Using seed 1558197929
2019-05-18T16:45:35,932Z DEBUG {} [applying load #b62887ff-1e23-422b-86c8-d739ec8fcf02] [SeededRandom] Using seed 1558197935
2019-05-18T16:45:42,749Z DEBUG {} [applying load #b62887ff-1e23-422b-86c8-d739ec8fcf02] [SeededRandom] Using seed 1558197942
2019-05-18T16:46:08,257Z DEBUG {} [applying load #3442614e-e986-4611-88d6-e63cdeab8fc8] [SeededRandom] Using seed 1558197968
2019-05-18T16:46:18,841Z DEBUG {} [applying load #d77005d0-673d-4c04-920a-1881e321e82b] [SeededRandom] Using seed 1558197978
2019-05-18T16:46:23,676Z DEBUG {} [applying load #b62887ff-1e23-422b-86c8-d739ec8fcf02] [SeededRandom] Using seed 1558197983
2019-05-18T16:46:32,588Z DEBUG {} [applying load #dcf61535-ba9b-4b3c-80d2-7fb4bec82993] [SeededRandom] Using seed 1558197992
2019-05-18T16:46:45,041Z DEBUG {} [applying load #dcf61535-ba9b-4b3c-80d2-7fb4bec82993] [SeededRandom] Using seed 1558198005
2019-05-18T16:46:45,866Z DEBUG {} [applying load #c332aaa7-c663-40ba-b634-5dc400b066a0] [SeededRandom] Using seed 1558198005
2019-05-18T16:46:49,327Z DEBUG {} [applying load #c332aaa7-c663-40ba-b634-5dc400b066a0] [SeededRandom] Using seed 1558198009
2019-05-18T16:46:50,232Z DEBUG {} [applying load #5853dcb3-bacc-44cf-88f2-818df28d0ab9] [SeededRandom] Using seed 1558198010
2019-05-18T16:46:50,885Z DEBUG {} [applying load #dcf61535-ba9b-4b3c-80d2-7fb4bec82993] [SeededRandom] Using seed 1558198010
2019-05-18T16:46:52,469Z DEBUG {} [applying load #b62887ff-1e23-422b-86c8-d739ec8fcf02] [SeededRandom] Using seed 1558198012
2019-05-18T16:46:54,591Z DEBUG {} [applying load #dcf61535-ba9b-4b3c-80d2-7fb4bec82993] [SeededRandom] Using seed 1558198014
2019-05-18T16:46:58,407Z DEBUG {} [applying load #dcf61535-ba9b-4b3c-80d2-7fb4bec82993] [SeededRandom] Using seed 1558198018
2019-05-18T16:47:02,371Z DEBUG {} [applying load #c332aaa7-c663-40ba-b634-5dc400b066a0] [SeededRandom] Using seed 1558198022
2019-05-18T16:47:07,333Z DEBUG {} [applying load #b62887ff-1e23-422b-86c8-d739ec8fcf02] [SeededRandom] Using seed 1558198027
2019-05-18T16:47:11,195Z DEBUG {} [applying load #c332aaa7-c663-40ba-b634-5dc400b066a0] [SeededRandom] Using seed 1558198031
2019-05-18T16:47:15,389Z DEBUG {} [applying load #3dc01efc-d49c-42b2-b65a-6d21bf0e30d4] [SeededRandom] Using seed 1558198035
2019-05-18T16:47:18,163Z DEBUG {} [applying load #5853dcb3-bacc-44cf-88f2-818df28d0ab9] [SeededRandom] Using seed 1558198038
2019-05-18T16:47:22,642Z DEBUG {} [applying load #dcf61535-ba9b-4b3c-80d2-7fb4bec82993] [SeededRandom] Using seed 1558198042
2019-05-18T16:47:44,017Z DEBUG {} [applying load #a861ba06-43db-4dcb-9d8f-a191388ee7d2] [SeededRandom] Using seed 1558198064
2019-05-18T16:48:02,714Z DEBUG {} [applying load #3442614e-e986-4611-88d6-e63cdeab8fc8] [SeededRandom] Using seed 1558198082
2019-05-18T16:48:03,016Z DEBUG {} [applying load #3dc01efc-d49c-42b2-b65a-6d21bf0e30d4] [SeededRandom] Using seed 1558198083
2019-05-18T16:48:03,762Z DEBUG {} [applying load #dcf61535-ba9b-4b3c-80d2-7fb4bec82993] [SeededRandom] Using seed 1558198083
2019-05-18T16:48:09,321Z DEBUG {} [applying load #3442614e-e986-4611-88d6-e63cdeab8fc8] [SeededRandom] Using seed 1558198089
2019-05-18T16:48:10,701Z DEBUG {} [applying load #e99eb406-a9b6-40f8-b981-c514daa18c6b] [SeededRandom] Using seed 1558198090
2019-05-18T16:48:14,028Z DEBUG {} [applying load #5853dcb3-bacc-44cf-88f2-818df28d0ab9] [SeededRandom] Using seed 1558198094
2019-05-18T16:48:16,615Z DEBUG {} [applying load #3dc01efc-d49c-42b2-b65a-6d21bf0e30d4] [SeededRandom] Using seed 1558198096
2019-05-18T16:48:20,157Z DEBUG {} [applying load #dcf61535-ba9b-4b3c-80d2-7fb4bec82993] [SeededRandom] Using seed 1558198100
2019-05-18T16:48:23,158Z DEBUG {} [applying load #3dc01efc-d49c-42b2-b65a-6d21bf0e30d4] [SeededRandom] Using seed 1558198103
2019-05-18T16:48:25,849Z DEBUG {} [applying load #e99eb406-a9b6-40f8-b981-c514daa18c6b] [SeededRandom] Using seed 1558198105
2019-05-18T16:48:26,553Z DEBUG {} [applying load #d77005d0-673d-4c04-920a-1881e321e82b] [SeededRandom] Using seed 1558198106
2019-05-18T16:48:26,990Z DEBUG {} [applying load #dba596a8-f3ac-44b1-b141-f7cea702583e] [SeededRandom] Using seed 1558198106
2019-05-18T16:48:30,644Z DEBUG {} [applying load #d77005d0-673d-4c04-920a-1881e321e82b] [SeededRandom] Using seed 1558198110
2019-05-18T16:48:33,680Z DEBUG {} [applying load #b62887ff-1e23-422b-86c8-d739ec8fcf02] [SeededRandom] Using seed 1558198113
2019-05-18T16:48:38,098Z ERROR {} [applying load #c332aaa7-c663-40ba-b634-5dc400b066a0] [WebDriverDiagnostics] URL: http://jpt-a89af-loadbala-hh9tm4vgtb5w-1583964925.eu-west-1.elb.amazonaws.com/issues/?jql=text+%7E+%22a*%22+order+by+summary, HTML dumped at diagnoses/e2c54b3c-4467-4c11-a6e0-c1494b3e058a/dump.html, screenshot saved to diagnoses/e2c54b3c-4467-4c11-a6e0-c1494b3e058a/screenshot.png
java.lang.Exception: Action 'Search with JQL' ERROR
	at com.atlassian.performance.tools.jiraactions.api.measure.ActionMeter.record(ActionMeter.kt:132) ~[virtual-users.jar:?]
	at com.atlassian.performance.tools.jiraactions.api.measure.ActionMeter.measure(ActionMeter.kt:79) ~[virtual-users.jar:?]
	at com.atlassian.performance.tools.jiraactions.api.action.SearchJqlAction.run(SearchJqlAction.kt:21) ~[virtual-users.jar:?]
	at com.atlassian.performance.tools.virtualusers.ExploratoryVirtualUser.runWithDiagnostics(ExploratoryVirtualUser.kt:79) [virtual-users.jar:?]
	at com.atlassian.performance.tools.virtualusers.ExploratoryVirtualUser.applyLoad(ExploratoryVirtualUser.kt:56) [virtual-users.jar:?]
	at com.atlassian.performance.tools.virtualusers.LoadTest.applyLoad(LoadTest.kt:164) [virtual-users.jar:?]
	at com.atlassian.performance.tools.virtualusers.LoadTest.access$applyLoad(LoadTest.kt:36) [virtual-users.jar:?]
	at com.atlassian.performance.tools.virtualusers.LoadTest$applyLoad$$inlined$forEach$lambda$1.run(LoadTest.kt:111) [virtual-users.jar:?]
	at java.util.concurrent.Executors$RunnableAdapter.call(Executors.java:511) [?:1.8.0_212]
	at java.util.concurrent.FutureTask.run(FutureTask.java:266) [?:1.8.0_212]
	at java.util.concurrent.ThreadPoolExecutor.runWorker(ThreadPoolExecutor.java:1149) [?:1.8.0_212]
	at java.util.concurrent.ThreadPoolExecutor$Worker.run(ThreadPoolExecutor.java:624) [?:1.8.0_212]
	at java.lang.Thread.run(Thread.java:748) [?:1.8.0_212]
Caused by: org.openqa.selenium.TimeoutException: Expected condition failed: waiting for at least one condition to be valid: all conditions to be valid: at least one condition to be valid: presence of element located by: By.cssSelector: ol.issue-list || presence of element located by: By.id: issuetable || presence of element located by: By.id: issue-content && presence of element located by: By.id: key-val && presence of element located by: By.className: issue-body-content || presence of element located by: By.className: no-results-hint || at least one condition to be valid: presence of element located by: By.cssSelector: section div.aui-message.error || presence of element located by: By.id: errorPageContainer || presence of element located by: By.cssSelector: div.form-body div.error (tried for 30 second(s) with 50 milliseconds interval)
	at org.openqa.selenium.support.ui.WebDriverWait.timeoutException(WebDriverWait.java:81) ~[virtual-users.jar:?]
	at org.openqa.selenium.support.ui.FluentWait.until(FluentWait.java:271) ~[virtual-users.jar:?]
	at com.atlassian.performance.tools.jiraactions.api.page.WebDriverUtils.wait(WebDriverExtension.kt:25) ~[virtual-users.jar:?]
	at com.atlassian.performance.tools.jiraactions.api.page.WebDriverUtils.wait$default(WebDriverExtension.kt:19) ~[virtual-users.jar:?]
	at com.atlassian.performance.tools.jiraactions.api.page.IssueNavigatorPage.waitForIssueNavigator(IssueNavigatorPage.kt:19) ~[virtual-users.jar:?]
	at com.atlassian.performance.tools.jiraactions.api.action.SearchJqlAction$run$issueNavigatorPage$1.invoke(SearchJqlAction.kt:23) ~[virtual-users.jar:?]
	at com.atlassian.performance.tools.jiraactions.api.action.SearchJqlAction$run$issueNavigatorPage$1.invoke(SearchJqlAction.kt:12) ~[virtual-users.jar:?]
	at com.atlassian.performance.tools.jiraactions.api.measure.ActionMeter$measure$2.invoke(ActionMeter.kt:80) ~[virtual-users.jar:?]
	at com.atlassian.performance.tools.jiraactions.api.measure.ActionMeter$measure$2.invoke(ActionMeter.kt:25) ~[virtual-users.jar:?]
	at com.atlassian.performance.tools.jiraactions.api.measure.ActionMeter.record(ActionMeter.kt:102) ~[virtual-users.jar:?]
	... 12 more
Caused by: org.openqa.selenium.NoSuchElementException: Cannot locate an element using By.cssSelector: div.form-body div.error
For documentation on this error, please visit: http://seleniumhq.org/exceptions/no_such_element.html
Build info: version: 'unknown', revision: 'unknown', time: 'unknown'
System info: host: 'ip-10-0-0-62', ip: '10.0.0.62', os.name: 'Linux', os.arch: 'amd64', os.version: '4.4.0-1067-aws', java.version: '1.8.0_212'
Driver info: driver.version: unknown
	at org.openqa.selenium.support.ui.ExpectedConditions.lambda$findElement$0(ExpectedConditions.java:896) ~[virtual-users.jar:?]
	at java.util.Optional.orElseThrow(Optional.java:290) ~[?:1.8.0_212]
	at org.openqa.selenium.support.ui.ExpectedConditions.findElement(ExpectedConditions.java:895) ~[virtual-users.jar:?]
	at org.openqa.selenium.support.ui.ExpectedConditions.access$000(ExpectedConditions.java:44) ~[virtual-users.jar:?]
	at org.openqa.selenium.support.ui.ExpectedConditions$6.apply(ExpectedConditions.java:183) ~[virtual-users.jar:?]
	at org.openqa.selenium.support.ui.ExpectedConditions$6.apply(ExpectedConditions.java:180) ~[virtual-users.jar:?]
	at org.openqa.selenium.support.ui.ExpectedConditions$47.apply(ExpectedConditions.java:1427) ~[virtual-users.jar:?]
	at org.openqa.selenium.support.ui.ExpectedConditions$47.apply(ExpectedConditions.java:1421) ~[virtual-users.jar:?]
	at org.openqa.selenium.support.ui.ExpectedConditions$47.apply(ExpectedConditions.java:1427) ~[virtual-users.jar:?]
	at org.openqa.selenium.support.ui.ExpectedConditions$47.apply(ExpectedConditions.java:1421) ~[virtual-users.jar:?]
	at org.openqa.selenium.support.ui.FluentWait.until(FluentWait.java:248) ~[virtual-users.jar:?]
	at com.atlassian.performance.tools.jiraactions.api.page.WebDriverUtils.wait(WebDriverExtension.kt:25) ~[virtual-users.jar:?]
	at com.atlassian.performance.tools.jiraactions.api.page.WebDriverUtils.wait$default(WebDriverExtension.kt:19) ~[virtual-users.jar:?]
	at com.atlassian.performance.tools.jiraactions.api.page.IssueNavigatorPage.waitForIssueNavigator(IssueNavigatorPage.kt:19) ~[virtual-users.jar:?]
	at com.atlassian.performance.tools.jiraactions.api.action.SearchJqlAction$run$issueNavigatorPage$1.invoke(SearchJqlAction.kt:23) ~[virtual-users.jar:?]
	at com.atlassian.performance.tools.jiraactions.api.action.SearchJqlAction$run$issueNavigatorPage$1.invoke(SearchJqlAction.kt:12) ~[virtual-users.jar:?]
	at com.atlassian.performance.tools.jiraactions.api.measure.ActionMeter$measure$2.invoke(ActionMeter.kt:80) ~[virtual-users.jar:?]
	at com.atlassian.performance.tools.jiraactions.api.measure.ActionMeter$measure$2.invoke(ActionMeter.kt:25) ~[virtual-users.jar:?]
	at com.atlassian.performance.tools.jiraactions.api.measure.ActionMeter.record(ActionMeter.kt:102) ~[virtual-users.jar:?]
	... 12 more
2019-05-18T16:48:38,099Z ERROR {} [applying load #c332aaa7-c663-40ba-b634-5dc400b066a0] [ExploratoryVirtualUser] Failed to run com.atlassian.performance.tools.jiraactions.api.action.SearchJqlAction@53b8887, but we keep running
java.lang.Exception: Failed to run com.atlassian.performance.tools.jiraactions.api.action.SearchJqlAction@53b8887
	at com.atlassian.performance.tools.virtualusers.ExploratoryVirtualUser.runWithDiagnostics(ExploratoryVirtualUser.kt:82) ~[virtual-users.jar:?]
	at com.atlassian.performance.tools.virtualusers.ExploratoryVirtualUser.applyLoad(ExploratoryVirtualUser.kt:56) [virtual-users.jar:?]
	at com.atlassian.performance.tools.virtualusers.LoadTest.applyLoad(LoadTest.kt:164) [virtual-users.jar:?]
	at com.atlassian.performance.tools.virtualusers.LoadTest.access$applyLoad(LoadTest.kt:36) [virtual-users.jar:?]
	at com.atlassian.performance.tools.virtualusers.LoadTest$applyLoad$$inlined$forEach$lambda$1.run(LoadTest.kt:111) [virtual-users.jar:?]
	at java.util.concurrent.Executors$RunnableAdapter.call(Executors.java:511) [?:1.8.0_212]
	at java.util.concurrent.FutureTask.run(FutureTask.java:266) [?:1.8.0_212]
	at java.util.concurrent.ThreadPoolExecutor.runWorker(ThreadPoolExecutor.java:1149) [?:1.8.0_212]
	at java.util.concurrent.ThreadPoolExecutor$Worker.run(ThreadPoolExecutor.java:624) [?:1.8.0_212]
	at java.lang.Thread.run(Thread.java:748) [?:1.8.0_212]
Caused by: java.lang.Exception: Action 'Search with JQL' ERROR
	at com.atlassian.performance.tools.jiraactions.api.measure.ActionMeter.record(ActionMeter.kt:132) ~[virtual-users.jar:?]
	at com.atlassian.performance.tools.jiraactions.api.measure.ActionMeter.measure(ActionMeter.kt:79) ~[virtual-users.jar:?]
	at com.atlassian.performance.tools.jiraactions.api.action.SearchJqlAction.run(SearchJqlAction.kt:21) ~[virtual-users.jar:?]
	at com.atlassian.performance.tools.virtualusers.ExploratoryVirtualUser.runWithDiagnostics(ExploratoryVirtualUser.kt:79) ~[virtual-users.jar:?]
	... 9 more
Caused by: org.openqa.selenium.TimeoutException: Expected condition failed: waiting for at least one condition to be valid: all conditions to be valid: at least one condition to be valid: presence of element located by: By.cssSelector: ol.issue-list || presence of element located by: By.id: issuetable || presence of element located by: By.id: issue-content && presence of element located by: By.id: key-val && presence of element located by: By.className: issue-body-content || presence of element located by: By.className: no-results-hint || at least one condition to be valid: presence of element located by: By.cssSelector: section div.aui-message.error || presence of element located by: By.id: errorPageContainer || presence of element located by: By.cssSelector: div.form-body div.error (tried for 30 second(s) with 50 milliseconds interval)
	at org.openqa.selenium.support.ui.WebDriverWait.timeoutException(WebDriverWait.java:81) ~[virtual-users.jar:?]
	at org.openqa.selenium.support.ui.FluentWait.until(FluentWait.java:271) ~[virtual-users.jar:?]
	at com.atlassian.performance.tools.jiraactions.api.page.WebDriverUtils.wait(WebDriverExtension.kt:25) ~[virtual-users.jar:?]
	at com.atlassian.performance.tools.jiraactions.api.page.WebDriverUtils.wait$default(WebDriverExtension.kt:19) ~[virtual-users.jar:?]
	at com.atlassian.performance.tools.jiraactions.api.page.IssueNavigatorPage.waitForIssueNavigator(IssueNavigatorPage.kt:19) ~[virtual-users.jar:?]
	at com.atlassian.performance.tools.jiraactions.api.action.SearchJqlAction$run$issueNavigatorPage$1.invoke(SearchJqlAction.kt:23) ~[virtual-users.jar:?]
	at com.atlassian.performance.tools.jiraactions.api.action.SearchJqlAction$run$issueNavigatorPage$1.invoke(SearchJqlAction.kt:12) ~[virtual-users.jar:?]
	at com.atlassian.performance.tools.jiraactions.api.measure.ActionMeter$measure$2.invoke(ActionMeter.kt:80) ~[virtual-users.jar:?]
	at com.atlassian.performance.tools.jiraactions.api.measure.ActionMeter$measure$2.invoke(ActionMeter.kt:25) ~[virtual-users.jar:?]
	at com.atlassian.performance.tools.jiraactions.api.measure.ActionMeter.record(ActionMeter.kt:102) ~[virtual-users.jar:?]
	at com.atlassian.performance.tools.jiraactions.api.measure.ActionMeter.measure(ActionMeter.kt:79) ~[virtual-users.jar:?]
	at com.atlassian.performance.tools.jiraactions.api.action.SearchJqlAction.run(SearchJqlAction.kt:21) ~[virtual-users.jar:?]
	at com.atlassian.performance.tools.virtualusers.ExploratoryVirtualUser.runWithDiagnostics(ExploratoryVirtualUser.kt:79) ~[virtual-users.jar:?]
	... 9 more
Caused by: org.openqa.selenium.NoSuchElementException: Cannot locate an element using By.cssSelector: div.form-body div.error
For documentation on this error, please visit: http://seleniumhq.org/exceptions/no_such_element.html
Build info: version: 'unknown', revision: 'unknown', time: 'unknown'
System info: host: 'ip-10-0-0-62', ip: '10.0.0.62', os.name: 'Linux', os.arch: 'amd64', os.version: '4.4.0-1067-aws', java.version: '1.8.0_212'
Driver info: driver.version: unknown
	at org.openqa.selenium.support.ui.ExpectedConditions.lambda$findElement$0(ExpectedConditions.java:896) ~[virtual-users.jar:?]
	at java.util.Optional.orElseThrow(Optional.java:290) ~[?:1.8.0_212]
	at org.openqa.selenium.support.ui.ExpectedConditions.findElement(ExpectedConditions.java:895) ~[virtual-users.jar:?]
	at org.openqa.selenium.support.ui.ExpectedConditions.access$000(ExpectedConditions.java:44) ~[virtual-users.jar:?]
	at org.openqa.selenium.support.ui.ExpectedConditions$6.apply(ExpectedConditions.java:183) ~[virtual-users.jar:?]
	at org.openqa.selenium.support.ui.ExpectedConditions$6.apply(ExpectedConditions.java:180) ~[virtual-users.jar:?]
	at org.openqa.selenium.support.ui.ExpectedConditions$47.apply(ExpectedConditions.java:1427) ~[virtual-users.jar:?]
	at org.openqa.selenium.support.ui.ExpectedConditions$47.apply(ExpectedConditions.java:1421) ~[virtual-users.jar:?]
	at org.openqa.selenium.support.ui.ExpectedConditions$47.apply(ExpectedConditions.java:1427) ~[virtual-users.jar:?]
	at org.openqa.selenium.support.ui.ExpectedConditions$47.apply(ExpectedConditions.java:1421) ~[virtual-users.jar:?]
	at org.openqa.selenium.support.ui.FluentWait.until(FluentWait.java:248) ~[virtual-users.jar:?]
	at com.atlassian.performance.tools.jiraactions.api.page.WebDriverUtils.wait(WebDriverExtension.kt:25) ~[virtual-users.jar:?]
	at com.atlassian.performance.tools.jiraactions.api.page.WebDriverUtils.wait$default(WebDriverExtension.kt:19) ~[virtual-users.jar:?]
	at com.atlassian.performance.tools.jiraactions.api.page.IssueNavigatorPage.waitForIssueNavigator(IssueNavigatorPage.kt:19) ~[virtual-users.jar:?]
	at com.atlassian.performance.tools.jiraactions.api.action.SearchJqlAction$run$issueNavigatorPage$1.invoke(SearchJqlAction.kt:23) ~[virtual-users.jar:?]
	at com.atlassian.performance.tools.jiraactions.api.action.SearchJqlAction$run$issueNavigatorPage$1.invoke(SearchJqlAction.kt:12) ~[virtual-users.jar:?]
	at com.atlassian.performance.tools.jiraactions.api.measure.ActionMeter$measure$2.invoke(ActionMeter.kt:80) ~[virtual-users.jar:?]
	at com.atlassian.performance.tools.jiraactions.api.measure.ActionMeter$measure$2.invoke(ActionMeter.kt:25) ~[virtual-users.jar:?]
	at com.atlassian.performance.tools.jiraactions.api.measure.ActionMeter.record(ActionMeter.kt:102) ~[virtual-users.jar:?]
	at com.atlassian.performance.tools.jiraactions.api.measure.ActionMeter.measure(ActionMeter.kt:79) ~[virtual-users.jar:?]
	at com.atlassian.performance.tools.jiraactions.api.action.SearchJqlAction.run(SearchJqlAction.kt:21) ~[virtual-users.jar:?]
	at com.atlassian.performance.tools.virtualusers.ExploratoryVirtualUser.runWithDiagnostics(ExploratoryVirtualUser.kt:79) ~[virtual-users.jar:?]
	... 9 more
2019-05-18T16:48:41,408Z DEBUG {} [applying load #e99eb406-a9b6-40f8-b981-c514daa18c6b] [SeededRandom] Using seed 1558198121
2019-05-18T16:48:52,474Z DEBUG {} [applying load #dba596a8-f3ac-44b1-b141-f7cea702583e] [SeededRandom] Using seed 1558198132
2019-05-18T16:48:53,454Z DEBUG {} [applying load #c332aaa7-c663-40ba-b634-5dc400b066a0] [SeededRandom] Using seed 1558198133
2019-05-18T16:49:12,550Z DEBUG {} [applying load #c332aaa7-c663-40ba-b634-5dc400b066a0] [SeededRandom] Using seed 1558198152
2019-05-18T16:49:22,174Z ERROR {} [applying load #793259b7-cd24-4c17-bab5-059a1021e37c] [WebDriverDiagnostics] URL: http://jpt-a89af-loadbala-hh9tm4vgtb5w-1583964925.eu-west-1.elb.amazonaws.com/secure/ManageRapidViews.jspa, HTML dumped at diagnoses/b5513a1f-9b0d-43e0-8726-a9673d2785cd/dump.html, screenshot saved to diagnoses/b5513a1f-9b0d-43e0-8726-a9673d2785cd/screenshot.png
java.lang.Exception: Action 'Browse Boards' ERROR
	at com.atlassian.performance.tools.jiraactions.api.measure.ActionMeter.record(ActionMeter.kt:132) ~[virtual-users.jar:?]
	at com.atlassian.performance.tools.jiraactions.api.measure.ActionMeter.measure(ActionMeter.kt:79) ~[virtual-users.jar:?]
	at com.atlassian.performance.tools.jiraactions.api.measure.ActionMeter.measure(ActionMeter.kt:57) ~[virtual-users.jar:?]
	at com.atlassian.performance.tools.hardware.vu.PatientBrowseBoardsAction.run(BrowseBoardsAction.kt:29) ~[virtual-users.jar:?]
	at com.atlassian.performance.tools.virtualusers.ExploratoryVirtualUser.runWithDiagnostics(ExploratoryVirtualUser.kt:79) [virtual-users.jar:?]
	at com.atlassian.performance.tools.virtualusers.ExploratoryVirtualUser.applyLoad(ExploratoryVirtualUser.kt:56) [virtual-users.jar:?]
	at com.atlassian.performance.tools.virtualusers.LoadTest.applyLoad(LoadTest.kt:164) [virtual-users.jar:?]
	at com.atlassian.performance.tools.virtualusers.LoadTest.access$applyLoad(LoadTest.kt:36) [virtual-users.jar:?]
	at com.atlassian.performance.tools.virtualusers.LoadTest$applyLoad$$inlined$forEach$lambda$1.run(LoadTest.kt:111) [virtual-users.jar:?]
	at java.util.concurrent.Executors$RunnableAdapter.call(Executors.java:511) [?:1.8.0_212]
	at java.util.concurrent.FutureTask.run(FutureTask.java:266) [?:1.8.0_212]
	at java.util.concurrent.ThreadPoolExecutor.runWorker(ThreadPoolExecutor.java:1149) [?:1.8.0_212]
	at java.util.concurrent.ThreadPoolExecutor$Worker.run(ThreadPoolExecutor.java:624) [?:1.8.0_212]
	at java.lang.Thread.run(Thread.java:748) [?:1.8.0_212]
Caused by: org.openqa.selenium.TimeoutException: Expected condition failed: waiting for at least one condition to be valid: all conditions to be valid: text ('Boards') to be present in element found by By.cssSelector: #ghx-header h2 && presence of element located by: By.cssSelector: #ghx-content-main table.aui || at least one condition to be valid: presence of element located by: By.cssSelector: section div.aui-message.error || presence of element located by: By.id: errorPageContainer || presence of element located by: By.cssSelector: div.form-body div.error (tried for 600 second(s) with 50 milliseconds interval)
	at org.openqa.selenium.support.ui.WebDriverWait.timeoutException(WebDriverWait.java:81) ~[virtual-users.jar:?]
	at org.openqa.selenium.support.ui.FluentWait.until(FluentWait.java:271) ~[virtual-users.jar:?]
	at com.atlassian.performance.tools.jiraactions.api.page.WebDriverUtils.wait(WebDriverExtension.kt:25) ~[virtual-users.jar:?]
	at com.atlassian.performance.tools.jiraactions.api.page.WebDriverUtils.wait$default(WebDriverExtension.kt:19) ~[virtual-users.jar:?]
	at com.atlassian.performance.tools.hardware.vu.PatientBrowseBoardsAction.waitForBoardsList(BrowseBoardsAction.kt:40) ~[virtual-users.jar:?]
	at com.atlassian.performance.tools.hardware.vu.PatientBrowseBoardsAction.access$waitForBoardsList(BrowseBoardsAction.kt:20) ~[virtual-users.jar:?]
	at com.atlassian.performance.tools.hardware.vu.PatientBrowseBoardsAction$run$browseBoardsPage$1.invoke(BrowseBoardsAction.kt:30) ~[virtual-users.jar:?]
	at com.atlassian.performance.tools.hardware.vu.PatientBrowseBoardsAction$run$browseBoardsPage$1.invoke(BrowseBoardsAction.kt:20) ~[virtual-users.jar:?]
	at com.atlassian.performance.tools.jiraactions.api.measure.ActionMeter$measure$2.invoke(ActionMeter.kt:80) ~[virtual-users.jar:?]
	at com.atlassian.performance.tools.jiraactions.api.measure.ActionMeter$measure$2.invoke(ActionMeter.kt:25) ~[virtual-users.jar:?]
	at com.atlassian.performance.tools.jiraactions.api.measure.ActionMeter.record(ActionMeter.kt:102) ~[virtual-users.jar:?]
	... 13 more
Caused by: org.openqa.selenium.NoSuchElementException: Cannot locate an element using By.cssSelector: div.form-body div.error
For documentation on this error, please visit: http://seleniumhq.org/exceptions/no_such_element.html
Build info: version: 'unknown', revision: 'unknown', time: 'unknown'
System info: host: 'ip-10-0-0-62', ip: '10.0.0.62', os.name: 'Linux', os.arch: 'amd64', os.version: '4.4.0-1067-aws', java.version: '1.8.0_212'
Driver info: driver.version: unknown
	at org.openqa.selenium.support.ui.ExpectedConditions.lambda$findElement$0(ExpectedConditions.java:896) ~[virtual-users.jar:?]
	at java.util.Optional.orElseThrow(Optional.java:290) ~[?:1.8.0_212]
	at org.openqa.selenium.support.ui.ExpectedConditions.findElement(ExpectedConditions.java:895) ~[virtual-users.jar:?]
	at org.openqa.selenium.support.ui.ExpectedConditions.access$000(ExpectedConditions.java:44) ~[virtual-users.jar:?]
	at org.openqa.selenium.support.ui.ExpectedConditions$6.apply(ExpectedConditions.java:183) ~[virtual-users.jar:?]
	at org.openqa.selenium.support.ui.ExpectedConditions$6.apply(ExpectedConditions.java:180) ~[virtual-users.jar:?]
	at org.openqa.selenium.support.ui.ExpectedConditions$47.apply(ExpectedConditions.java:1427) ~[virtual-users.jar:?]
	at org.openqa.selenium.support.ui.ExpectedConditions$47.apply(ExpectedConditions.java:1421) ~[virtual-users.jar:?]
	at org.openqa.selenium.support.ui.ExpectedConditions$47.apply(ExpectedConditions.java:1427) ~[virtual-users.jar:?]
	at org.openqa.selenium.support.ui.ExpectedConditions$47.apply(ExpectedConditions.java:1421) ~[virtual-users.jar:?]
	at org.openqa.selenium.support.ui.FluentWait.until(FluentWait.java:248) ~[virtual-users.jar:?]
	at com.atlassian.performance.tools.jiraactions.api.page.WebDriverUtils.wait(WebDriverExtension.kt:25) ~[virtual-users.jar:?]
	at com.atlassian.performance.tools.jiraactions.api.page.WebDriverUtils.wait$default(WebDriverExtension.kt:19) ~[virtual-users.jar:?]
	at com.atlassian.performance.tools.hardware.vu.PatientBrowseBoardsAction.waitForBoardsList(BrowseBoardsAction.kt:40) ~[virtual-users.jar:?]
	at com.atlassian.performance.tools.hardware.vu.PatientBrowseBoardsAction.access$waitForBoardsList(BrowseBoardsAction.kt:20) ~[virtual-users.jar:?]
	at com.atlassian.performance.tools.hardware.vu.PatientBrowseBoardsAction$run$browseBoardsPage$1.invoke(BrowseBoardsAction.kt:30) ~[virtual-users.jar:?]
	at com.atlassian.performance.tools.hardware.vu.PatientBrowseBoardsAction$run$browseBoardsPage$1.invoke(BrowseBoardsAction.kt:20) ~[virtual-users.jar:?]
	at com.atlassian.performance.tools.jiraactions.api.measure.ActionMeter$measure$2.invoke(ActionMeter.kt:80) ~[virtual-users.jar:?]
	at com.atlassian.performance.tools.jiraactions.api.measure.ActionMeter$measure$2.invoke(ActionMeter.kt:25) ~[virtual-users.jar:?]
	at com.atlassian.performance.tools.jiraactions.api.measure.ActionMeter.record(ActionMeter.kt:102) ~[virtual-users.jar:?]
	... 13 more
2019-05-18T16:49:22,176Z ERROR {} [applying load #793259b7-cd24-4c17-bab5-059a1021e37c] [ExploratoryVirtualUser] Failed to run com.atlassian.performance.tools.hardware.vu.PatientBrowseBoardsAction@386359d6, but we keep running
java.lang.Exception: Failed to run com.atlassian.performance.tools.hardware.vu.PatientBrowseBoardsAction@386359d6
	at com.atlassian.performance.tools.virtualusers.ExploratoryVirtualUser.runWithDiagnostics(ExploratoryVirtualUser.kt:82) ~[virtual-users.jar:?]
	at com.atlassian.performance.tools.virtualusers.ExploratoryVirtualUser.applyLoad(ExploratoryVirtualUser.kt:56) [virtual-users.jar:?]
	at com.atlassian.performance.tools.virtualusers.LoadTest.applyLoad(LoadTest.kt:164) [virtual-users.jar:?]
	at com.atlassian.performance.tools.virtualusers.LoadTest.access$applyLoad(LoadTest.kt:36) [virtual-users.jar:?]
	at com.atlassian.performance.tools.virtualusers.LoadTest$applyLoad$$inlined$forEach$lambda$1.run(LoadTest.kt:111) [virtual-users.jar:?]
	at java.util.concurrent.Executors$RunnableAdapter.call(Executors.java:511) [?:1.8.0_212]
	at java.util.concurrent.FutureTask.run(FutureTask.java:266) [?:1.8.0_212]
	at java.util.concurrent.ThreadPoolExecutor.runWorker(ThreadPoolExecutor.java:1149) [?:1.8.0_212]
	at java.util.concurrent.ThreadPoolExecutor$Worker.run(ThreadPoolExecutor.java:624) [?:1.8.0_212]
	at java.lang.Thread.run(Thread.java:748) [?:1.8.0_212]
Caused by: java.lang.Exception: Action 'Browse Boards' ERROR
	at com.atlassian.performance.tools.jiraactions.api.measure.ActionMeter.record(ActionMeter.kt:132) ~[virtual-users.jar:?]
	at com.atlassian.performance.tools.jiraactions.api.measure.ActionMeter.measure(ActionMeter.kt:79) ~[virtual-users.jar:?]
	at com.atlassian.performance.tools.jiraactions.api.measure.ActionMeter.measure(ActionMeter.kt:57) ~[virtual-users.jar:?]
	at com.atlassian.performance.tools.hardware.vu.PatientBrowseBoardsAction.run(BrowseBoardsAction.kt:29) ~[virtual-users.jar:?]
	at com.atlassian.performance.tools.virtualusers.ExploratoryVirtualUser.runWithDiagnostics(ExploratoryVirtualUser.kt:79) ~[virtual-users.jar:?]
	... 9 more
Caused by: org.openqa.selenium.TimeoutException: Expected condition failed: waiting for at least one condition to be valid: all conditions to be valid: text ('Boards') to be present in element found by By.cssSelector: #ghx-header h2 && presence of element located by: By.cssSelector: #ghx-content-main table.aui || at least one condition to be valid: presence of element located by: By.cssSelector: section div.aui-message.error || presence of element located by: By.id: errorPageContainer || presence of element located by: By.cssSelector: div.form-body div.error (tried for 600 second(s) with 50 milliseconds interval)
	at org.openqa.selenium.support.ui.WebDriverWait.timeoutException(WebDriverWait.java:81) ~[virtual-users.jar:?]
	at org.openqa.selenium.support.ui.FluentWait.until(FluentWait.java:271) ~[virtual-users.jar:?]
	at com.atlassian.performance.tools.jiraactions.api.page.WebDriverUtils.wait(WebDriverExtension.kt:25) ~[virtual-users.jar:?]
	at com.atlassian.performance.tools.jiraactions.api.page.WebDriverUtils.wait$default(WebDriverExtension.kt:19) ~[virtual-users.jar:?]
	at com.atlassian.performance.tools.hardware.vu.PatientBrowseBoardsAction.waitForBoardsList(BrowseBoardsAction.kt:40) ~[virtual-users.jar:?]
	at com.atlassian.performance.tools.hardware.vu.PatientBrowseBoardsAction.access$waitForBoardsList(BrowseBoardsAction.kt:20) ~[virtual-users.jar:?]
	at com.atlassian.performance.tools.hardware.vu.PatientBrowseBoardsAction$run$browseBoardsPage$1.invoke(BrowseBoardsAction.kt:30) ~[virtual-users.jar:?]
	at com.atlassian.performance.tools.hardware.vu.PatientBrowseBoardsAction$run$browseBoardsPage$1.invoke(BrowseBoardsAction.kt:20) ~[virtual-users.jar:?]
	at com.atlassian.performance.tools.jiraactions.api.measure.ActionMeter$measure$2.invoke(ActionMeter.kt:80) ~[virtual-users.jar:?]
	at com.atlassian.performance.tools.jiraactions.api.measure.ActionMeter$measure$2.invoke(ActionMeter.kt:25) ~[virtual-users.jar:?]
	at com.atlassian.performance.tools.jiraactions.api.measure.ActionMeter.record(ActionMeter.kt:102) ~[virtual-users.jar:?]
	at com.atlassian.performance.tools.jiraactions.api.measure.ActionMeter.measure(ActionMeter.kt:79) ~[virtual-users.jar:?]
	at com.atlassian.performance.tools.jiraactions.api.measure.ActionMeter.measure(ActionMeter.kt:57) ~[virtual-users.jar:?]
	at com.atlassian.performance.tools.hardware.vu.PatientBrowseBoardsAction.run(BrowseBoardsAction.kt:29) ~[virtual-users.jar:?]
	at com.atlassian.performance.tools.virtualusers.ExploratoryVirtualUser.runWithDiagnostics(ExploratoryVirtualUser.kt:79) ~[virtual-users.jar:?]
	... 9 more
Caused by: org.openqa.selenium.NoSuchElementException: Cannot locate an element using By.cssSelector: div.form-body div.error
For documentation on this error, please visit: http://seleniumhq.org/exceptions/no_such_element.html
Build info: version: 'unknown', revision: 'unknown', time: 'unknown'
System info: host: 'ip-10-0-0-62', ip: '10.0.0.62', os.name: 'Linux', os.arch: 'amd64', os.version: '4.4.0-1067-aws', java.version: '1.8.0_212'
Driver info: driver.version: unknown
	at org.openqa.selenium.support.ui.ExpectedConditions.lambda$findElement$0(ExpectedConditions.java:896) ~[virtual-users.jar:?]
	at java.util.Optional.orElseThrow(Optional.java:290) ~[?:1.8.0_212]
	at org.openqa.selenium.support.ui.ExpectedConditions.findElement(ExpectedConditions.java:895) ~[virtual-users.jar:?]
	at org.openqa.selenium.support.ui.ExpectedConditions.access$000(ExpectedConditions.java:44) ~[virtual-users.jar:?]
	at org.openqa.selenium.support.ui.ExpectedConditions$6.apply(ExpectedConditions.java:183) ~[virtual-users.jar:?]
	at org.openqa.selenium.support.ui.ExpectedConditions$6.apply(ExpectedConditions.java:180) ~[virtual-users.jar:?]
	at org.openqa.selenium.support.ui.ExpectedConditions$47.apply(ExpectedConditions.java:1427) ~[virtual-users.jar:?]
	at org.openqa.selenium.support.ui.ExpectedConditions$47.apply(ExpectedConditions.java:1421) ~[virtual-users.jar:?]
	at org.openqa.selenium.support.ui.ExpectedConditions$47.apply(ExpectedConditions.java:1427) ~[virtual-users.jar:?]
	at org.openqa.selenium.support.ui.ExpectedConditions$47.apply(ExpectedConditions.java:1421) ~[virtual-users.jar:?]
	at org.openqa.selenium.support.ui.FluentWait.until(FluentWait.java:248) ~[virtual-users.jar:?]
	at com.atlassian.performance.tools.jiraactions.api.page.WebDriverUtils.wait(WebDriverExtension.kt:25) ~[virtual-users.jar:?]
	at com.atlassian.performance.tools.jiraactions.api.page.WebDriverUtils.wait$default(WebDriverExtension.kt:19) ~[virtual-users.jar:?]
	at com.atlassian.performance.tools.hardware.vu.PatientBrowseBoardsAction.waitForBoardsList(BrowseBoardsAction.kt:40) ~[virtual-users.jar:?]
	at com.atlassian.performance.tools.hardware.vu.PatientBrowseBoardsAction.access$waitForBoardsList(BrowseBoardsAction.kt:20) ~[virtual-users.jar:?]
	at com.atlassian.performance.tools.hardware.vu.PatientBrowseBoardsAction$run$browseBoardsPage$1.invoke(BrowseBoardsAction.kt:30) ~[virtual-users.jar:?]
	at com.atlassian.performance.tools.hardware.vu.PatientBrowseBoardsAction$run$browseBoardsPage$1.invoke(BrowseBoardsAction.kt:20) ~[virtual-users.jar:?]
	at com.atlassian.performance.tools.jiraactions.api.measure.ActionMeter$measure$2.invoke(ActionMeter.kt:80) ~[virtual-users.jar:?]
	at com.atlassian.performance.tools.jiraactions.api.measure.ActionMeter$measure$2.invoke(ActionMeter.kt:25) ~[virtual-users.jar:?]
	at com.atlassian.performance.tools.jiraactions.api.measure.ActionMeter.record(ActionMeter.kt:102) ~[virtual-users.jar:?]
	at com.atlassian.performance.tools.jiraactions.api.measure.ActionMeter.measure(ActionMeter.kt:79) ~[virtual-users.jar:?]
	at com.atlassian.performance.tools.jiraactions.api.measure.ActionMeter.measure(ActionMeter.kt:57) ~[virtual-users.jar:?]
	at com.atlassian.performance.tools.hardware.vu.PatientBrowseBoardsAction.run(BrowseBoardsAction.kt:29) ~[virtual-users.jar:?]
	at com.atlassian.performance.tools.virtualusers.ExploratoryVirtualUser.runWithDiagnostics(ExploratoryVirtualUser.kt:79) ~[virtual-users.jar:?]
	... 9 more
2019-05-18T16:49:24,496Z DEBUG {} [applying load #c332aaa7-c663-40ba-b634-5dc400b066a0] [SeededRandom] Using seed 1558198164
2019-05-18T16:49:28,315Z DEBUG {} [applying load #793259b7-cd24-4c17-bab5-059a1021e37c] [ViewBoardAction] Skipping View Board. I have no knowledge of Boards.
2019-05-18T16:49:28,315Z DEBUG {} [applying load #793259b7-cd24-4c17-bab5-059a1021e37c] [ViewBoardAction] Skipping View Board. I have no knowledge of Boards.
2019-05-18T16:49:31,124Z DEBUG {} [applying load #3442614e-e986-4611-88d6-e63cdeab8fc8] [SeededRandom] Using seed 1558198171
2019-05-18T16:49:32,334Z DEBUG {} [applying load #793259b7-cd24-4c17-bab5-059a1021e37c] [ViewBacklogAction] Skipping View Backlog. I have no knowledge of Boards.
2019-05-18T16:49:42,250Z DEBUG {} [applying load #dba596a8-f3ac-44b1-b141-f7cea702583e] [SeededRandom] Using seed 1558198182
2019-05-18T16:49:45,546Z DEBUG {} [applying load #3442614e-e986-4611-88d6-e63cdeab8fc8] [SeededRandom] Using seed 1558198185
2019-05-18T16:49:52,822Z DEBUG {} [applying load #b62887ff-1e23-422b-86c8-d739ec8fcf02] [SeededRandom] Using seed 1558198192
2019-05-18T16:50:16,943Z DEBUG {} [applying load #793259b7-cd24-4c17-bab5-059a1021e37c] [SeededRandom] Using seed 1558198216
2019-05-18T16:50:17,006Z DEBUG {} [applying load #5853dcb3-bacc-44cf-88f2-818df28d0ab9] [SeededRandom] Using seed 1558198217
2019-05-18T16:50:19,743Z DEBUG {} [applying load #793259b7-cd24-4c17-bab5-059a1021e37c] [ViewBacklogAction] Skipping View Backlog. I have no knowledge of Boards.
2019-05-18T16:50:21,780Z DEBUG {} [applying load #3442614e-e986-4611-88d6-e63cdeab8fc8] [SeededRandom] Using seed 1558198221
2019-05-18T16:50:27,066Z DEBUG {} [applying load #dcf61535-ba9b-4b3c-80d2-7fb4bec82993] [SeededRandom] Using seed 1558198227
2019-05-18T16:50:34,327Z DEBUG {} [applying load #3dc01efc-d49c-42b2-b65a-6d21bf0e30d4] [SeededRandom] Using seed 1558198234
2019-05-18T16:50:34,798Z DEBUG {} [applying load #5853dcb3-bacc-44cf-88f2-818df28d0ab9] [SeededRandom] Using seed 1558198234
2019-05-18T16:50:42,231Z DEBUG {} [applying load #a861ba06-43db-4dcb-9d8f-a191388ee7d2] [SeededRandom] Using seed 1558198242
2019-05-18T16:50:46,340Z DEBUG {} [applying load #5853dcb3-bacc-44cf-88f2-818df28d0ab9] [SeededRandom] Using seed 1558198246
2019-05-18T16:50:48,809Z DEBUG {} [applying load #a861ba06-43db-4dcb-9d8f-a191388ee7d2] [SeededRandom] Using seed 1558198248
2019-05-18T16:50:54,702Z DEBUG {} [applying load #dba596a8-f3ac-44b1-b141-f7cea702583e] [SeededRandom] Using seed 1558198254
2019-05-18T16:51:01,576Z ERROR {} [applying load #e99eb406-a9b6-40f8-b981-c514daa18c6b] [WebDriverDiagnostics] URL: http://jpt-a89af-loadbala-hh9tm4vgtb5w-1583964925.eu-west-1.elb.amazonaws.com/issues/?jql=text+%7E+%22a*%22+order+by+summary, HTML dumped at diagnoses/29266d44-da69-4870-b0d1-3490b37733f0/dump.html, screenshot saved to diagnoses/29266d44-da69-4870-b0d1-3490b37733f0/screenshot.png
java.lang.Exception: Action 'Search with JQL' ERROR
	at com.atlassian.performance.tools.jiraactions.api.measure.ActionMeter.record(ActionMeter.kt:132) ~[virtual-users.jar:?]
	at com.atlassian.performance.tools.jiraactions.api.measure.ActionMeter.measure(ActionMeter.kt:79) ~[virtual-users.jar:?]
	at com.atlassian.performance.tools.jiraactions.api.action.SearchJqlAction.run(SearchJqlAction.kt:21) ~[virtual-users.jar:?]
	at com.atlassian.performance.tools.virtualusers.ExploratoryVirtualUser.runWithDiagnostics(ExploratoryVirtualUser.kt:79) [virtual-users.jar:?]
	at com.atlassian.performance.tools.virtualusers.ExploratoryVirtualUser.applyLoad(ExploratoryVirtualUser.kt:56) [virtual-users.jar:?]
	at com.atlassian.performance.tools.virtualusers.LoadTest.applyLoad(LoadTest.kt:164) [virtual-users.jar:?]
	at com.atlassian.performance.tools.virtualusers.LoadTest.access$applyLoad(LoadTest.kt:36) [virtual-users.jar:?]
	at com.atlassian.performance.tools.virtualusers.LoadTest$applyLoad$$inlined$forEach$lambda$1.run(LoadTest.kt:111) [virtual-users.jar:?]
	at java.util.concurrent.Executors$RunnableAdapter.call(Executors.java:511) [?:1.8.0_212]
	at java.util.concurrent.FutureTask.run(FutureTask.java:266) [?:1.8.0_212]
	at java.util.concurrent.ThreadPoolExecutor.runWorker(ThreadPoolExecutor.java:1149) [?:1.8.0_212]
	at java.util.concurrent.ThreadPoolExecutor$Worker.run(ThreadPoolExecutor.java:624) [?:1.8.0_212]
	at java.lang.Thread.run(Thread.java:748) [?:1.8.0_212]
Caused by: org.openqa.selenium.TimeoutException: Expected condition failed: waiting for at least one condition to be valid: all conditions to be valid: at least one condition to be valid: presence of element located by: By.cssSelector: ol.issue-list || presence of element located by: By.id: issuetable || presence of element located by: By.id: issue-content && presence of element located by: By.id: key-val && presence of element located by: By.className: issue-body-content || presence of element located by: By.className: no-results-hint || at least one condition to be valid: presence of element located by: By.cssSelector: section div.aui-message.error || presence of element located by: By.id: errorPageContainer || presence of element located by: By.cssSelector: div.form-body div.error (tried for 30 second(s) with 50 milliseconds interval)
	at org.openqa.selenium.support.ui.WebDriverWait.timeoutException(WebDriverWait.java:81) ~[virtual-users.jar:?]
	at org.openqa.selenium.support.ui.FluentWait.until(FluentWait.java:271) ~[virtual-users.jar:?]
	at com.atlassian.performance.tools.jiraactions.api.page.WebDriverUtils.wait(WebDriverExtension.kt:25) ~[virtual-users.jar:?]
	at com.atlassian.performance.tools.jiraactions.api.page.WebDriverUtils.wait$default(WebDriverExtension.kt:19) ~[virtual-users.jar:?]
	at com.atlassian.performance.tools.jiraactions.api.page.IssueNavigatorPage.waitForIssueNavigator(IssueNavigatorPage.kt:19) ~[virtual-users.jar:?]
	at com.atlassian.performance.tools.jiraactions.api.action.SearchJqlAction$run$issueNavigatorPage$1.invoke(SearchJqlAction.kt:23) ~[virtual-users.jar:?]
	at com.atlassian.performance.tools.jiraactions.api.action.SearchJqlAction$run$issueNavigatorPage$1.invoke(SearchJqlAction.kt:12) ~[virtual-users.jar:?]
	at com.atlassian.performance.tools.jiraactions.api.measure.ActionMeter$measure$2.invoke(ActionMeter.kt:80) ~[virtual-users.jar:?]
	at com.atlassian.performance.tools.jiraactions.api.measure.ActionMeter$measure$2.invoke(ActionMeter.kt:25) ~[virtual-users.jar:?]
	at com.atlassian.performance.tools.jiraactions.api.measure.ActionMeter.record(ActionMeter.kt:102) ~[virtual-users.jar:?]
	... 12 more
Caused by: org.openqa.selenium.NoSuchElementException: Cannot locate an element using By.cssSelector: div.form-body div.error
For documentation on this error, please visit: http://seleniumhq.org/exceptions/no_such_element.html
Build info: version: 'unknown', revision: 'unknown', time: 'unknown'
System info: host: 'ip-10-0-0-62', ip: '10.0.0.62', os.name: 'Linux', os.arch: 'amd64', os.version: '4.4.0-1067-aws', java.version: '1.8.0_212'
Driver info: driver.version: unknown
	at org.openqa.selenium.support.ui.ExpectedConditions.lambda$findElement$0(ExpectedConditions.java:896) ~[virtual-users.jar:?]
	at java.util.Optional.orElseThrow(Optional.java:290) ~[?:1.8.0_212]
	at org.openqa.selenium.support.ui.ExpectedConditions.findElement(ExpectedConditions.java:895) ~[virtual-users.jar:?]
	at org.openqa.selenium.support.ui.ExpectedConditions.access$000(ExpectedConditions.java:44) ~[virtual-users.jar:?]
	at org.openqa.selenium.support.ui.ExpectedConditions$6.apply(ExpectedConditions.java:183) ~[virtual-users.jar:?]
	at org.openqa.selenium.support.ui.ExpectedConditions$6.apply(ExpectedConditions.java:180) ~[virtual-users.jar:?]
	at org.openqa.selenium.support.ui.ExpectedConditions$47.apply(ExpectedConditions.java:1427) ~[virtual-users.jar:?]
	at org.openqa.selenium.support.ui.ExpectedConditions$47.apply(ExpectedConditions.java:1421) ~[virtual-users.jar:?]
	at org.openqa.selenium.support.ui.ExpectedConditions$47.apply(ExpectedConditions.java:1427) ~[virtual-users.jar:?]
	at org.openqa.selenium.support.ui.ExpectedConditions$47.apply(ExpectedConditions.java:1421) ~[virtual-users.jar:?]
	at org.openqa.selenium.support.ui.FluentWait.until(FluentWait.java:248) ~[virtual-users.jar:?]
	at com.atlassian.performance.tools.jiraactions.api.page.WebDriverUtils.wait(WebDriverExtension.kt:25) ~[virtual-users.jar:?]
	at com.atlassian.performance.tools.jiraactions.api.page.WebDriverUtils.wait$default(WebDriverExtension.kt:19) ~[virtual-users.jar:?]
	at com.atlassian.performance.tools.jiraactions.api.page.IssueNavigatorPage.waitForIssueNavigator(IssueNavigatorPage.kt:19) ~[virtual-users.jar:?]
	at com.atlassian.performance.tools.jiraactions.api.action.SearchJqlAction$run$issueNavigatorPage$1.invoke(SearchJqlAction.kt:23) ~[virtual-users.jar:?]
	at com.atlassian.performance.tools.jiraactions.api.action.SearchJqlAction$run$issueNavigatorPage$1.invoke(SearchJqlAction.kt:12) ~[virtual-users.jar:?]
	at com.atlassian.performance.tools.jiraactions.api.measure.ActionMeter$measure$2.invoke(ActionMeter.kt:80) ~[virtual-users.jar:?]
	at com.atlassian.performance.tools.jiraactions.api.measure.ActionMeter$measure$2.invoke(ActionMeter.kt:25) ~[virtual-users.jar:?]
	at com.atlassian.performance.tools.jiraactions.api.measure.ActionMeter.record(ActionMeter.kt:102) ~[virtual-users.jar:?]
	... 12 more
2019-05-18T16:51:01,577Z ERROR {} [applying load #e99eb406-a9b6-40f8-b981-c514daa18c6b] [ExploratoryVirtualUser] Failed to run com.atlassian.performance.tools.jiraactions.api.action.SearchJqlAction@45c0d20e, but we keep running
java.lang.Exception: Failed to run com.atlassian.performance.tools.jiraactions.api.action.SearchJqlAction@45c0d20e
	at com.atlassian.performance.tools.virtualusers.ExploratoryVirtualUser.runWithDiagnostics(ExploratoryVirtualUser.kt:82) ~[virtual-users.jar:?]
	at com.atlassian.performance.tools.virtualusers.ExploratoryVirtualUser.applyLoad(ExploratoryVirtualUser.kt:56) [virtual-users.jar:?]
	at com.atlassian.performance.tools.virtualusers.LoadTest.applyLoad(LoadTest.kt:164) [virtual-users.jar:?]
	at com.atlassian.performance.tools.virtualusers.LoadTest.access$applyLoad(LoadTest.kt:36) [virtual-users.jar:?]
	at com.atlassian.performance.tools.virtualusers.LoadTest$applyLoad$$inlined$forEach$lambda$1.run(LoadTest.kt:111) [virtual-users.jar:?]
	at java.util.concurrent.Executors$RunnableAdapter.call(Executors.java:511) [?:1.8.0_212]
	at java.util.concurrent.FutureTask.run(FutureTask.java:266) [?:1.8.0_212]
	at java.util.concurrent.ThreadPoolExecutor.runWorker(ThreadPoolExecutor.java:1149) [?:1.8.0_212]
	at java.util.concurrent.ThreadPoolExecutor$Worker.run(ThreadPoolExecutor.java:624) [?:1.8.0_212]
	at java.lang.Thread.run(Thread.java:748) [?:1.8.0_212]
Caused by: java.lang.Exception: Action 'Search with JQL' ERROR
	at com.atlassian.performance.tools.jiraactions.api.measure.ActionMeter.record(ActionMeter.kt:132) ~[virtual-users.jar:?]
	at com.atlassian.performance.tools.jiraactions.api.measure.ActionMeter.measure(ActionMeter.kt:79) ~[virtual-users.jar:?]
	at com.atlassian.performance.tools.jiraactions.api.action.SearchJqlAction.run(SearchJqlAction.kt:21) ~[virtual-users.jar:?]
	at com.atlassian.performance.tools.virtualusers.ExploratoryVirtualUser.runWithDiagnostics(ExploratoryVirtualUser.kt:79) ~[virtual-users.jar:?]
	... 9 more
Caused by: org.openqa.selenium.TimeoutException: Expected condition failed: waiting for at least one condition to be valid: all conditions to be valid: at least one condition to be valid: presence of element located by: By.cssSelector: ol.issue-list || presence of element located by: By.id: issuetable || presence of element located by: By.id: issue-content && presence of element located by: By.id: key-val && presence of element located by: By.className: issue-body-content || presence of element located by: By.className: no-results-hint || at least one condition to be valid: presence of element located by: By.cssSelector: section div.aui-message.error || presence of element located by: By.id: errorPageContainer || presence of element located by: By.cssSelector: div.form-body div.error (tried for 30 second(s) with 50 milliseconds interval)
	at org.openqa.selenium.support.ui.WebDriverWait.timeoutException(WebDriverWait.java:81) ~[virtual-users.jar:?]
	at org.openqa.selenium.support.ui.FluentWait.until(FluentWait.java:271) ~[virtual-users.jar:?]
	at com.atlassian.performance.tools.jiraactions.api.page.WebDriverUtils.wait(WebDriverExtension.kt:25) ~[virtual-users.jar:?]
	at com.atlassian.performance.tools.jiraactions.api.page.WebDriverUtils.wait$default(WebDriverExtension.kt:19) ~[virtual-users.jar:?]
	at com.atlassian.performance.tools.jiraactions.api.page.IssueNavigatorPage.waitForIssueNavigator(IssueNavigatorPage.kt:19) ~[virtual-users.jar:?]
	at com.atlassian.performance.tools.jiraactions.api.action.SearchJqlAction$run$issueNavigatorPage$1.invoke(SearchJqlAction.kt:23) ~[virtual-users.jar:?]
	at com.atlassian.performance.tools.jiraactions.api.action.SearchJqlAction$run$issueNavigatorPage$1.invoke(SearchJqlAction.kt:12) ~[virtual-users.jar:?]
	at com.atlassian.performance.tools.jiraactions.api.measure.ActionMeter$measure$2.invoke(ActionMeter.kt:80) ~[virtual-users.jar:?]
	at com.atlassian.performance.tools.jiraactions.api.measure.ActionMeter$measure$2.invoke(ActionMeter.kt:25) ~[virtual-users.jar:?]
	at com.atlassian.performance.tools.jiraactions.api.measure.ActionMeter.record(ActionMeter.kt:102) ~[virtual-users.jar:?]
	at com.atlassian.performance.tools.jiraactions.api.measure.ActionMeter.measure(ActionMeter.kt:79) ~[virtual-users.jar:?]
	at com.atlassian.performance.tools.jiraactions.api.action.SearchJqlAction.run(SearchJqlAction.kt:21) ~[virtual-users.jar:?]
	at com.atlassian.performance.tools.virtualusers.ExploratoryVirtualUser.runWithDiagnostics(ExploratoryVirtualUser.kt:79) ~[virtual-users.jar:?]
	... 9 more
Caused by: org.openqa.selenium.NoSuchElementException: Cannot locate an element using By.cssSelector: div.form-body div.error
For documentation on this error, please visit: http://seleniumhq.org/exceptions/no_such_element.html
Build info: version: 'unknown', revision: 'unknown', time: 'unknown'
System info: host: 'ip-10-0-0-62', ip: '10.0.0.62', os.name: 'Linux', os.arch: 'amd64', os.version: '4.4.0-1067-aws', java.version: '1.8.0_212'
Driver info: driver.version: unknown
	at org.openqa.selenium.support.ui.ExpectedConditions.lambda$findElement$0(ExpectedConditions.java:896) ~[virtual-users.jar:?]
	at java.util.Optional.orElseThrow(Optional.java:290) ~[?:1.8.0_212]
	at org.openqa.selenium.support.ui.ExpectedConditions.findElement(ExpectedConditions.java:895) ~[virtual-users.jar:?]
	at org.openqa.selenium.support.ui.ExpectedConditions.access$000(ExpectedConditions.java:44) ~[virtual-users.jar:?]
	at org.openqa.selenium.support.ui.ExpectedConditions$6.apply(ExpectedConditions.java:183) ~[virtual-users.jar:?]
	at org.openqa.selenium.support.ui.ExpectedConditions$6.apply(ExpectedConditions.java:180) ~[virtual-users.jar:?]
	at org.openqa.selenium.support.ui.ExpectedConditions$47.apply(ExpectedConditions.java:1427) ~[virtual-users.jar:?]
	at org.openqa.selenium.support.ui.ExpectedConditions$47.apply(ExpectedConditions.java:1421) ~[virtual-users.jar:?]
	at org.openqa.selenium.support.ui.ExpectedConditions$47.apply(ExpectedConditions.java:1427) ~[virtual-users.jar:?]
	at org.openqa.selenium.support.ui.ExpectedConditions$47.apply(ExpectedConditions.java:1421) ~[virtual-users.jar:?]
	at org.openqa.selenium.support.ui.FluentWait.until(FluentWait.java:248) ~[virtual-users.jar:?]
	at com.atlassian.performance.tools.jiraactions.api.page.WebDriverUtils.wait(WebDriverExtension.kt:25) ~[virtual-users.jar:?]
	at com.atlassian.performance.tools.jiraactions.api.page.WebDriverUtils.wait$default(WebDriverExtension.kt:19) ~[virtual-users.jar:?]
	at com.atlassian.performance.tools.jiraactions.api.page.IssueNavigatorPage.waitForIssueNavigator(IssueNavigatorPage.kt:19) ~[virtual-users.jar:?]
	at com.atlassian.performance.tools.jiraactions.api.action.SearchJqlAction$run$issueNavigatorPage$1.invoke(SearchJqlAction.kt:23) ~[virtual-users.jar:?]
	at com.atlassian.performance.tools.jiraactions.api.action.SearchJqlAction$run$issueNavigatorPage$1.invoke(SearchJqlAction.kt:12) ~[virtual-users.jar:?]
	at com.atlassian.performance.tools.jiraactions.api.measure.ActionMeter$measure$2.invoke(ActionMeter.kt:80) ~[virtual-users.jar:?]
	at com.atlassian.performance.tools.jiraactions.api.measure.ActionMeter$measure$2.invoke(ActionMeter.kt:25) ~[virtual-users.jar:?]
	at com.atlassian.performance.tools.jiraactions.api.measure.ActionMeter.record(ActionMeter.kt:102) ~[virtual-users.jar:?]
	at com.atlassian.performance.tools.jiraactions.api.measure.ActionMeter.measure(ActionMeter.kt:79) ~[virtual-users.jar:?]
	at com.atlassian.performance.tools.jiraactions.api.action.SearchJqlAction.run(SearchJqlAction.kt:21) ~[virtual-users.jar:?]
	at com.atlassian.performance.tools.virtualusers.ExploratoryVirtualUser.runWithDiagnostics(ExploratoryVirtualUser.kt:79) ~[virtual-users.jar:?]
	... 9 more
2019-05-18T16:51:16,165Z DEBUG {} [applying load #793259b7-cd24-4c17-bab5-059a1021e37c] [SeededRandom] Using seed 1558198276
2019-05-18T16:51:17,164Z DEBUG {} [applying load #b62887ff-1e23-422b-86c8-d739ec8fcf02] [SeededRandom] Using seed 1558198277
2019-05-18T16:51:26,263Z DEBUG {} [applying load #e99eb406-a9b6-40f8-b981-c514daa18c6b] [SeededRandom] Using seed 1558198286
2019-05-18T16:52:01,544Z DEBUG {} [applying load #5853dcb3-bacc-44cf-88f2-818df28d0ab9] [SeededRandom] Using seed 1558198321
2019-05-18T16:52:04,880Z DEBUG {} [applying load #dcf61535-ba9b-4b3c-80d2-7fb4bec82993] [SeededRandom] Using seed 1558198324
2019-05-18T16:52:09,894Z DEBUG {} [applying load #d77005d0-673d-4c04-920a-1881e321e82b] [SeededRandom] Using seed 1558198329
2019-05-18T16:52:11,704Z DEBUG {} [applying load #a861ba06-43db-4dcb-9d8f-a191388ee7d2] [SeededRandom] Using seed 1558198331
2019-05-18T16:52:11,904Z DEBUG {} [applying load #5853dcb3-bacc-44cf-88f2-818df28d0ab9] [SeededRandom] Using seed 1558198331
2019-05-18T16:52:17,701Z DEBUG {} [applying load #c332aaa7-c663-40ba-b634-5dc400b066a0] [SeededRandom] Using seed 1558198337
2019-05-18T16:52:18,763Z DEBUG {} [applying load #a861ba06-43db-4dcb-9d8f-a191388ee7d2] [SeededRandom] Using seed 1558198338
2019-05-18T16:52:19,774Z DEBUG {} [applying load #d77005d0-673d-4c04-920a-1881e321e82b] [SeededRandom] Using seed 1558198339
2019-05-18T16:52:34,894Z INFO  {} [] [LoadTest] Closing segments
2019-05-18T16:52:34,980Z ERROR {} [applying load #5853dcb3-bacc-44cf-88f2-818df28d0ab9] [ExploratoryVirtualUser] Failed to run com.atlassian.performance.tools.jiraactions.api.action.ViewIssueAction@35c2933b, but we keep running
org.openqa.selenium.NoSuchSessionException: invalid session id
  (Driver info: chromedriver=2.43.600233 (523efee95e3d68b8719b3a1c83051aa63aa6b10d),platform=Linux 4.4.0-1067-aws x86_64) (WARNING: The server did not provide any stacktrace information)
Command duration or timeout: 0 milliseconds
Build info: version: 'unknown', revision: 'unknown', time: 'unknown'
System info: host: 'ip-10-0-0-62', ip: '10.0.0.62', os.name: 'Linux', os.arch: 'amd64', os.version: '4.4.0-1067-aws', java.version: '1.8.0_212'
Driver info: org.openqa.selenium.chrome.ChromeDriver
Capabilities {acceptInsecureCerts: false, acceptSslCerts: false, applicationCacheEnabled: false, browserConnectionEnabled: false, browserName: chrome, chrome: {chromedriverVersion: 2.43.600233 (523efee95e3d68..., userDataDir: /tmp/.org.chromium.Chromium...}, cssSelectorsEnabled: true, databaseEnabled: false, goog:chromeOptions: {debuggerAddress: localhost:45078}, handlesAlerts: true, hasTouchScreen: false, javascriptEnabled: true, locationContextEnabled: true, mobileEmulationEnabled: false, nativeEvents: true, networkConnectionEnabled: false, pageLoadStrategy: normal, platform: LINUX, platformName: LINUX, rotatable: false, setWindowRect: true, takesHeapSnapshot: true, takesScreenshot: true, unexpectedAlertBehaviour: , unhandledPromptBehavior: , version: 69.0.3497.0, webStorageEnabled: true}
Session ID: ccd7dddff21ae779b6013f47aefbc9fa
	at sun.reflect.NativeConstructorAccessorImpl.newInstance0(Native Method) ~[?:1.8.0_212]
	at sun.reflect.NativeConstructorAccessorImpl.newInstance(NativeConstructorAccessorImpl.java:62) ~[?:1.8.0_212]
	at sun.reflect.DelegatingConstructorAccessorImpl.newInstance(DelegatingConstructorAccessorImpl.java:45) ~[?:1.8.0_212]
	at java.lang.reflect.Constructor.newInstance(Constructor.java:423) ~[?:1.8.0_212]
	at org.openqa.selenium.remote.ErrorHandler.createThrowable(ErrorHandler.java:214) ~[virtual-users.jar:?]
	at org.openqa.selenium.remote.ErrorHandler.throwIfResponseFailed(ErrorHandler.java:166) ~[virtual-users.jar:?]
	at org.openqa.selenium.remote.http.JsonHttpResponseCodec.reconstructValue(JsonHttpResponseCodec.java:40) ~[virtual-users.jar:?]
	at org.openqa.selenium.remote.http.AbstractHttpResponseCodec.decode(AbstractHttpResponseCodec.java:80) ~[virtual-users.jar:?]
	at org.openqa.selenium.remote.http.AbstractHttpResponseCodec.decode(AbstractHttpResponseCodec.java:44) ~[virtual-users.jar:?]
	at org.openqa.selenium.remote.HttpCommandExecutor.execute(HttpCommandExecutor.java:158) ~[virtual-users.jar:?]
	at org.openqa.selenium.remote.service.DriverCommandExecutor.execute(DriverCommandExecutor.java:83) ~[virtual-users.jar:?]
	at org.openqa.selenium.remote.RemoteWebDriver.execute(RemoteWebDriver.java:545) ~[virtual-users.jar:?]
	at org.openqa.selenium.remote.RemoteWebDriver.execute(RemoteWebDriver.java:602) ~[virtual-users.jar:?]
	at org.openqa.selenium.remote.RemoteWebDriver.getCurrentUrl(RemoteWebDriver.java:283) ~[virtual-users.jar:?]
	at com.atlassian.performance.tools.virtualusers.api.diagnostics.WebDriverDiagnostics.diagnose(WebDriverDiagnostics.kt:34) ~[virtual-users.jar:?]
	at com.atlassian.performance.tools.virtualusers.api.diagnostics.ImpatientDiagnostics.diagnose(ImpatientDiagnostics.kt:24) ~[virtual-users.jar:?]
	at com.atlassian.performance.tools.virtualusers.api.diagnostics.LimitedDiagnostics.diagnose(LimitedDiagnostics.kt:19) ~[virtual-users.jar:?]
	at com.atlassian.performance.tools.virtualusers.ExploratoryVirtualUser.runWithDiagnostics(ExploratoryVirtualUser.kt:81) ~[virtual-users.jar:?]
	at com.atlassian.performance.tools.virtualusers.ExploratoryVirtualUser.applyLoad(ExploratoryVirtualUser.kt:56) [virtual-users.jar:?]
	at com.atlassian.performance.tools.virtualusers.LoadTest.applyLoad(LoadTest.kt:164) [virtual-users.jar:?]
	at com.atlassian.performance.tools.virtualusers.LoadTest.access$applyLoad(LoadTest.kt:36) [virtual-users.jar:?]
	at com.atlassian.performance.tools.virtualusers.LoadTest$applyLoad$$inlined$forEach$lambda$1.run(LoadTest.kt:111) [virtual-users.jar:?]
	at java.util.concurrent.Executors$RunnableAdapter.call(Executors.java:511) [?:1.8.0_212]
	at java.util.concurrent.FutureTask.run(FutureTask.java:266) [?:1.8.0_212]
	at java.util.concurrent.ThreadPoolExecutor.runWorker(ThreadPoolExecutor.java:1149) [?:1.8.0_212]
	at java.util.concurrent.ThreadPoolExecutor$Worker.run(ThreadPoolExecutor.java:624) [?:1.8.0_212]
	at java.lang.Thread.run(Thread.java:748) [?:1.8.0_212]
2019-05-18T16:52:34,981Z INFO  {} [applying load #5853dcb3-bacc-44cf-88f2-818df28d0ab9] [ExploratoryVirtualUser] Done applying load
2019-05-18T16:52:34,989Z ERROR {} [applying load #d77005d0-673d-4c04-920a-1881e321e82b] [ExploratoryVirtualUser] Failed to run com.atlassian.performance.tools.jiraactions.api.action.EditIssueAction@6f63f21c, but we keep running
org.openqa.selenium.WebDriverException: org.apache.http.conn.HttpHostConnectException: Connect to localhost:19396 [localhost/127.0.0.1] failed: Connection refused (Connection refused)
Build info: version: 'unknown', revision: 'unknown', time: 'unknown'
System info: host: 'ip-10-0-0-62', ip: '10.0.0.62', os.name: 'Linux', os.arch: 'amd64', os.version: '4.4.0-1067-aws', java.version: '1.8.0_212'
Driver info: driver.version: RemoteWebDriver
	at org.openqa.selenium.remote.service.DriverCommandExecutor.execute(DriverCommandExecutor.java:92) ~[virtual-users.jar:?]
	at org.openqa.selenium.remote.RemoteWebDriver.execute(RemoteWebDriver.java:545) ~[virtual-users.jar:?]
	at org.openqa.selenium.remote.RemoteWebDriver.execute(RemoteWebDriver.java:602) ~[virtual-users.jar:?]
	at org.openqa.selenium.remote.RemoteWebDriver.getCurrentUrl(RemoteWebDriver.java:283) ~[virtual-users.jar:?]
	at com.atlassian.performance.tools.virtualusers.api.diagnostics.WebDriverDiagnostics.diagnose(WebDriverDiagnostics.kt:34) ~[virtual-users.jar:?]
	at com.atlassian.performance.tools.virtualusers.api.diagnostics.ImpatientDiagnostics.diagnose(ImpatientDiagnostics.kt:24) ~[virtual-users.jar:?]
	at com.atlassian.performance.tools.virtualusers.api.diagnostics.LimitedDiagnostics.diagnose(LimitedDiagnostics.kt:19) ~[virtual-users.jar:?]
	at com.atlassian.performance.tools.virtualusers.ExploratoryVirtualUser.runWithDiagnostics(ExploratoryVirtualUser.kt:81) ~[virtual-users.jar:?]
	at com.atlassian.performance.tools.virtualusers.ExploratoryVirtualUser.applyLoad(ExploratoryVirtualUser.kt:56) [virtual-users.jar:?]
	at com.atlassian.performance.tools.virtualusers.LoadTest.applyLoad(LoadTest.kt:164) [virtual-users.jar:?]
	at com.atlassian.performance.tools.virtualusers.LoadTest.access$applyLoad(LoadTest.kt:36) [virtual-users.jar:?]
	at com.atlassian.performance.tools.virtualusers.LoadTest$applyLoad$$inlined$forEach$lambda$1.run(LoadTest.kt:111) [virtual-users.jar:?]
	at java.util.concurrent.Executors$RunnableAdapter.call(Executors.java:511) [?:1.8.0_212]
	at java.util.concurrent.FutureTask.run(FutureTask.java:266) [?:1.8.0_212]
	at java.util.concurrent.ThreadPoolExecutor.runWorker(ThreadPoolExecutor.java:1149) [?:1.8.0_212]
	at java.util.concurrent.ThreadPoolExecutor$Worker.run(ThreadPoolExecutor.java:624) [?:1.8.0_212]
	at java.lang.Thread.run(Thread.java:748) [?:1.8.0_212]
Caused by: org.apache.http.conn.HttpHostConnectException: Connect to localhost:19396 [localhost/127.0.0.1] failed: Connection refused (Connection refused)
	at org.apache.http.impl.conn.DefaultHttpClientConnectionOperator.connect(DefaultHttpClientConnectionOperator.java:159) ~[virtual-users.jar:?]
	at org.apache.http.impl.conn.PoolingHttpClientConnectionManager.connect(PoolingHttpClientConnectionManager.java:359) ~[virtual-users.jar:?]
	at org.apache.http.impl.execchain.MainClientExec.establishRoute(MainClientExec.java:381) ~[virtual-users.jar:?]
	at org.apache.http.impl.execchain.MainClientExec.execute(MainClientExec.java:237) ~[virtual-users.jar:?]
	at org.apache.http.impl.execchain.ProtocolExec.execute(ProtocolExec.java:185) ~[virtual-users.jar:?]
	at org.apache.http.impl.execchain.RetryExec.execute(RetryExec.java:89) ~[virtual-users.jar:?]
	at org.apache.http.impl.execchain.RedirectExec.execute(RedirectExec.java:111) ~[virtual-users.jar:?]
	at org.apache.http.impl.client.InternalHttpClient.doExecute(InternalHttpClient.java:185) ~[virtual-users.jar:?]
	at org.apache.http.impl.client.CloseableHttpClient.execute(CloseableHttpClient.java:72) ~[virtual-users.jar:?]
	at org.apache.http.impl.client.CloseableHttpClient.execute(CloseableHttpClient.java:56) ~[virtual-users.jar:?]
	at org.openqa.selenium.remote.internal.ApacheHttpClient.fallBackExecute(ApacheHttpClient.java:150) ~[virtual-users.jar:?]
	at org.openqa.selenium.remote.internal.ApacheHttpClient.execute(ApacheHttpClient.java:92) ~[virtual-users.jar:?]
	at org.openqa.selenium.remote.HttpCommandExecutor.execute(HttpCommandExecutor.java:155) ~[virtual-users.jar:?]
	at org.openqa.selenium.remote.service.DriverCommandExecutor.execute(DriverCommandExecutor.java:83) ~[virtual-users.jar:?]
	... 16 more
Caused by: java.net.ConnectException: Connection refused (Connection refused)
	at java.net.PlainSocketImpl.socketConnect(Native Method) ~[?:1.8.0_212]
	at java.net.AbstractPlainSocketImpl.doConnect(AbstractPlainSocketImpl.java:350) ~[?:1.8.0_212]
	at java.net.AbstractPlainSocketImpl.connectToAddress(AbstractPlainSocketImpl.java:206) ~[?:1.8.0_212]
	at java.net.AbstractPlainSocketImpl.connect(AbstractPlainSocketImpl.java:188) ~[?:1.8.0_212]
	at java.net.SocksSocketImpl.connect(SocksSocketImpl.java:392) ~[?:1.8.0_212]
	at java.net.Socket.connect(Socket.java:589) ~[?:1.8.0_212]
	at org.apache.http.conn.socket.PlainConnectionSocketFactory.connectSocket(PlainConnectionSocketFactory.java:75) ~[virtual-users.jar:?]
	at org.apache.http.impl.conn.DefaultHttpClientConnectionOperator.connect(DefaultHttpClientConnectionOperator.java:142) ~[virtual-users.jar:?]
	at org.apache.http.impl.conn.PoolingHttpClientConnectionManager.connect(PoolingHttpClientConnectionManager.java:359) ~[virtual-users.jar:?]
	at org.apache.http.impl.execchain.MainClientExec.establishRoute(MainClientExec.java:381) ~[virtual-users.jar:?]
	at org.apache.http.impl.execchain.MainClientExec.execute(MainClientExec.java:237) ~[virtual-users.jar:?]
	at org.apache.http.impl.execchain.ProtocolExec.execute(ProtocolExec.java:185) ~[virtual-users.jar:?]
	at org.apache.http.impl.execchain.RetryExec.execute(RetryExec.java:89) ~[virtual-users.jar:?]
	at org.apache.http.impl.execchain.RedirectExec.execute(RedirectExec.java:111) ~[virtual-users.jar:?]
	at org.apache.http.impl.client.InternalHttpClient.doExecute(InternalHttpClient.java:185) ~[virtual-users.jar:?]
	at org.apache.http.impl.client.CloseableHttpClient.execute(CloseableHttpClient.java:72) ~[virtual-users.jar:?]
	at org.apache.http.impl.client.CloseableHttpClient.execute(CloseableHttpClient.java:56) ~[virtual-users.jar:?]
	at org.openqa.selenium.remote.internal.ApacheHttpClient.fallBackExecute(ApacheHttpClient.java:150) ~[virtual-users.jar:?]
	at org.openqa.selenium.remote.internal.ApacheHttpClient.execute(ApacheHttpClient.java:92) ~[virtual-users.jar:?]
	at org.openqa.selenium.remote.HttpCommandExecutor.execute(HttpCommandExecutor.java:155) ~[virtual-users.jar:?]
	at org.openqa.selenium.remote.service.DriverCommandExecutor.execute(DriverCommandExecutor.java:83) ~[virtual-users.jar:?]
	... 16 more
2019-05-18T16:52:34,989Z ERROR {} [applying load #793259b7-cd24-4c17-bab5-059a1021e37c] [ExploratoryVirtualUser] Failed to run com.atlassian.performance.tools.jirasoftwareactions.api.actions.ViewBacklogAction@308a848b, but we keep running
org.openqa.selenium.WebDriverException: org.apache.http.conn.HttpHostConnectException: Connect to localhost:18025 [localhost/127.0.0.1] failed: Connection refused (Connection refused)
Build info: version: 'unknown', revision: 'unknown', time: 'unknown'
System info: host: 'ip-10-0-0-62', ip: '10.0.0.62', os.name: 'Linux', os.arch: 'amd64', os.version: '4.4.0-1067-aws', java.version: '1.8.0_212'
Driver info: driver.version: RemoteWebDriver
	at org.openqa.selenium.remote.service.DriverCommandExecutor.execute(DriverCommandExecutor.java:92) ~[virtual-users.jar:?]
	at org.openqa.selenium.remote.RemoteWebDriver.execute(RemoteWebDriver.java:545) ~[virtual-users.jar:?]
	at org.openqa.selenium.remote.RemoteWebDriver.execute(RemoteWebDriver.java:602) ~[virtual-users.jar:?]
	at org.openqa.selenium.remote.RemoteWebDriver.getCurrentUrl(RemoteWebDriver.java:283) ~[virtual-users.jar:?]
	at com.atlassian.performance.tools.virtualusers.api.diagnostics.WebDriverDiagnostics.diagnose(WebDriverDiagnostics.kt:34) ~[virtual-users.jar:?]
	at com.atlassian.performance.tools.virtualusers.api.diagnostics.ImpatientDiagnostics.diagnose(ImpatientDiagnostics.kt:24) ~[virtual-users.jar:?]
	at com.atlassian.performance.tools.virtualusers.api.diagnostics.LimitedDiagnostics.diagnose(LimitedDiagnostics.kt:19) ~[virtual-users.jar:?]
	at com.atlassian.performance.tools.virtualusers.ExploratoryVirtualUser.runWithDiagnostics(ExploratoryVirtualUser.kt:81) ~[virtual-users.jar:?]
	at com.atlassian.performance.tools.virtualusers.ExploratoryVirtualUser.applyLoad(ExploratoryVirtualUser.kt:56) [virtual-users.jar:?]
	at com.atlassian.performance.tools.virtualusers.LoadTest.applyLoad(LoadTest.kt:164) [virtual-users.jar:?]
	at com.atlassian.performance.tools.virtualusers.LoadTest.access$applyLoad(LoadTest.kt:36) [virtual-users.jar:?]
	at com.atlassian.performance.tools.virtualusers.LoadTest$applyLoad$$inlined$forEach$lambda$1.run(LoadTest.kt:111) [virtual-users.jar:?]
	at java.util.concurrent.Executors$RunnableAdapter.call(Executors.java:511) [?:1.8.0_212]
	at java.util.concurrent.FutureTask.run(FutureTask.java:266) [?:1.8.0_212]
	at java.util.concurrent.ThreadPoolExecutor.runWorker(ThreadPoolExecutor.java:1149) [?:1.8.0_212]
	at java.util.concurrent.ThreadPoolExecutor$Worker.run(ThreadPoolExecutor.java:624) [?:1.8.0_212]
	at java.lang.Thread.run(Thread.java:748) [?:1.8.0_212]
Caused by: org.apache.http.conn.HttpHostConnectException: Connect to localhost:18025 [localhost/127.0.0.1] failed: Connection refused (Connection refused)
	at org.apache.http.impl.conn.DefaultHttpClientConnectionOperator.connect(DefaultHttpClientConnectionOperator.java:159) ~[virtual-users.jar:?]
	at org.apache.http.impl.conn.PoolingHttpClientConnectionManager.connect(PoolingHttpClientConnectionManager.java:359) ~[virtual-users.jar:?]
	at org.apache.http.impl.execchain.MainClientExec.establishRoute(MainClientExec.java:381) ~[virtual-users.jar:?]
	at org.apache.http.impl.execchain.MainClientExec.execute(MainClientExec.java:237) ~[virtual-users.jar:?]
	at org.apache.http.impl.execchain.ProtocolExec.execute(ProtocolExec.java:185) ~[virtual-users.jar:?]
	at org.apache.http.impl.execchain.RetryExec.execute(RetryExec.java:89) ~[virtual-users.jar:?]
	at org.apache.http.impl.execchain.RedirectExec.execute(RedirectExec.java:111) ~[virtual-users.jar:?]
	at org.apache.http.impl.client.InternalHttpClient.doExecute(InternalHttpClient.java:185) ~[virtual-users.jar:?]
	at org.apache.http.impl.client.CloseableHttpClient.execute(CloseableHttpClient.java:72) ~[virtual-users.jar:?]
	at org.apache.http.impl.client.CloseableHttpClient.execute(CloseableHttpClient.java:56) ~[virtual-users.jar:?]
	at org.openqa.selenium.remote.internal.ApacheHttpClient.fallBackExecute(ApacheHttpClient.java:150) ~[virtual-users.jar:?]
	at org.openqa.selenium.remote.internal.ApacheHttpClient.execute(ApacheHttpClient.java:92) ~[virtual-users.jar:?]
	at org.openqa.selenium.remote.HttpCommandExecutor.execute(HttpCommandExecutor.java:155) ~[virtual-users.jar:?]
	at org.openqa.selenium.remote.service.DriverCommandExecutor.execute(DriverCommandExecutor.java:83) ~[virtual-users.jar:?]
	... 16 more
Caused by: java.net.ConnectException: Connection refused (Connection refused)
	at java.net.PlainSocketImpl.socketConnect(Native Method) ~[?:1.8.0_212]
	at java.net.AbstractPlainSocketImpl.doConnect(AbstractPlainSocketImpl.java:350) ~[?:1.8.0_212]
	at java.net.AbstractPlainSocketImpl.connectToAddress(AbstractPlainSocketImpl.java:206) ~[?:1.8.0_212]
	at java.net.AbstractPlainSocketImpl.connect(AbstractPlainSocketImpl.java:188) ~[?:1.8.0_212]
	at java.net.SocksSocketImpl.connect(SocksSocketImpl.java:392) ~[?:1.8.0_212]
	at java.net.Socket.connect(Socket.java:589) ~[?:1.8.0_212]
	at org.apache.http.conn.socket.PlainConnectionSocketFactory.connectSocket(PlainConnectionSocketFactory.java:75) ~[virtual-users.jar:?]
	at org.apache.http.impl.conn.DefaultHttpClientConnectionOperator.connect(DefaultHttpClientConnectionOperator.java:142) ~[virtual-users.jar:?]
	at org.apache.http.impl.conn.PoolingHttpClientConnectionManager.connect(PoolingHttpClientConnectionManager.java:359) ~[virtual-users.jar:?]
	at org.apache.http.impl.execchain.MainClientExec.establishRoute(MainClientExec.java:381) ~[virtual-users.jar:?]
	at org.apache.http.impl.execchain.MainClientExec.execute(MainClientExec.java:237) ~[virtual-users.jar:?]
	at org.apache.http.impl.execchain.ProtocolExec.execute(ProtocolExec.java:185) ~[virtual-users.jar:?]
	at org.apache.http.impl.execchain.RetryExec.execute(RetryExec.java:89) ~[virtual-users.jar:?]
	at org.apache.http.impl.execchain.RedirectExec.execute(RedirectExec.java:111) ~[virtual-users.jar:?]
	at org.apache.http.impl.client.InternalHttpClient.doExecute(InternalHttpClient.java:185) ~[virtual-users.jar:?]
	at org.apache.http.impl.client.CloseableHttpClient.execute(CloseableHttpClient.java:72) ~[virtual-users.jar:?]
	at org.apache.http.impl.client.CloseableHttpClient.execute(CloseableHttpClient.java:56) ~[virtual-users.jar:?]
	at org.openqa.selenium.remote.internal.ApacheHttpClient.fallBackExecute(ApacheHttpClient.java:150) ~[virtual-users.jar:?]
	at org.openqa.selenium.remote.internal.ApacheHttpClient.execute(ApacheHttpClient.java:92) ~[virtual-users.jar:?]
	at org.openqa.selenium.remote.HttpCommandExecutor.execute(HttpCommandExecutor.java:155) ~[virtual-users.jar:?]
	at org.openqa.selenium.remote.service.DriverCommandExecutor.execute(DriverCommandExecutor.java:83) ~[virtual-users.jar:?]
	... 16 more
2019-05-18T16:52:34,990Z INFO  {} [applying load #d77005d0-673d-4c04-920a-1881e321e82b] [ExploratoryVirtualUser] Done applying load
2019-05-18T16:52:34,990Z INFO  {} [applying load #793259b7-cd24-4c17-bab5-059a1021e37c] [ExploratoryVirtualUser] Done applying load
2019-05-18T16:52:34,989Z ERROR {} [applying load #6f510be9-4b48-4630-b77a-1617519ebe3b] [ExploratoryVirtualUser] Failed to run com.atlassian.performance.tools.jirasoftwareactions.api.actions.ViewBacklogAction@e12599f, but we keep running
org.openqa.selenium.WebDriverException: org.apache.http.conn.HttpHostConnectException: Connect to localhost:19003 [localhost/127.0.0.1] failed: Connection refused (Connection refused)
Build info: version: 'unknown', revision: 'unknown', time: 'unknown'
System info: host: 'ip-10-0-0-62', ip: '10.0.0.62', os.name: 'Linux', os.arch: 'amd64', os.version: '4.4.0-1067-aws', java.version: '1.8.0_212'
Driver info: driver.version: RemoteWebDriver
	at org.openqa.selenium.remote.service.DriverCommandExecutor.execute(DriverCommandExecutor.java:92) ~[virtual-users.jar:?]
	at org.openqa.selenium.remote.RemoteWebDriver.execute(RemoteWebDriver.java:545) ~[virtual-users.jar:?]
	at org.openqa.selenium.remote.RemoteWebDriver.execute(RemoteWebDriver.java:602) ~[virtual-users.jar:?]
	at org.openqa.selenium.remote.RemoteWebDriver.getCurrentUrl(RemoteWebDriver.java:283) ~[virtual-users.jar:?]
	at com.atlassian.performance.tools.virtualusers.api.diagnostics.WebDriverDiagnostics.diagnose(WebDriverDiagnostics.kt:34) ~[virtual-users.jar:?]
	at com.atlassian.performance.tools.virtualusers.api.diagnostics.ImpatientDiagnostics.diagnose(ImpatientDiagnostics.kt:24) ~[virtual-users.jar:?]
	at com.atlassian.performance.tools.virtualusers.api.diagnostics.LimitedDiagnostics.diagnose(LimitedDiagnostics.kt:19) ~[virtual-users.jar:?]
	at com.atlassian.performance.tools.virtualusers.ExploratoryVirtualUser.runWithDiagnostics(ExploratoryVirtualUser.kt:81) ~[virtual-users.jar:?]
	at com.atlassian.performance.tools.virtualusers.ExploratoryVirtualUser.applyLoad(ExploratoryVirtualUser.kt:56) [virtual-users.jar:?]
	at com.atlassian.performance.tools.virtualusers.LoadTest.applyLoad(LoadTest.kt:164) [virtual-users.jar:?]
	at com.atlassian.performance.tools.virtualusers.LoadTest.access$applyLoad(LoadTest.kt:36) [virtual-users.jar:?]
	at com.atlassian.performance.tools.virtualusers.LoadTest$applyLoad$$inlined$forEach$lambda$1.run(LoadTest.kt:111) [virtual-users.jar:?]
	at java.util.concurrent.Executors$RunnableAdapter.call(Executors.java:511) [?:1.8.0_212]
	at java.util.concurrent.FutureTask.run(FutureTask.java:266) [?:1.8.0_212]
	at java.util.concurrent.ThreadPoolExecutor.runWorker(ThreadPoolExecutor.java:1149) [?:1.8.0_212]
	at java.util.concurrent.ThreadPoolExecutor$Worker.run(ThreadPoolExecutor.java:624) [?:1.8.0_212]
	at java.lang.Thread.run(Thread.java:748) [?:1.8.0_212]
Caused by: org.apache.http.conn.HttpHostConnectException: Connect to localhost:19003 [localhost/127.0.0.1] failed: Connection refused (Connection refused)
	at org.apache.http.impl.conn.DefaultHttpClientConnectionOperator.connect(DefaultHttpClientConnectionOperator.java:159) ~[virtual-users.jar:?]
	at org.apache.http.impl.conn.PoolingHttpClientConnectionManager.connect(PoolingHttpClientConnectionManager.java:359) ~[virtual-users.jar:?]
	at org.apache.http.impl.execchain.MainClientExec.establishRoute(MainClientExec.java:381) ~[virtual-users.jar:?]
	at org.apache.http.impl.execchain.MainClientExec.execute(MainClientExec.java:237) ~[virtual-users.jar:?]
	at org.apache.http.impl.execchain.ProtocolExec.execute(ProtocolExec.java:185) ~[virtual-users.jar:?]
	at org.apache.http.impl.execchain.RetryExec.execute(RetryExec.java:89) ~[virtual-users.jar:?]
	at org.apache.http.impl.execchain.RedirectExec.execute(RedirectExec.java:111) ~[virtual-users.jar:?]
	at org.apache.http.impl.client.InternalHttpClient.doExecute(InternalHttpClient.java:185) ~[virtual-users.jar:?]
	at org.apache.http.impl.client.CloseableHttpClient.execute(CloseableHttpClient.java:72) ~[virtual-users.jar:?]
	at org.apache.http.impl.client.CloseableHttpClient.execute(CloseableHttpClient.java:56) ~[virtual-users.jar:?]
	at org.openqa.selenium.remote.internal.ApacheHttpClient.fallBackExecute(ApacheHttpClient.java:150) ~[virtual-users.jar:?]
	at org.openqa.selenium.remote.internal.ApacheHttpClient.execute(ApacheHttpClient.java:92) ~[virtual-users.jar:?]
	at org.openqa.selenium.remote.HttpCommandExecutor.execute(HttpCommandExecutor.java:155) ~[virtual-users.jar:?]
	at org.openqa.selenium.remote.service.DriverCommandExecutor.execute(DriverCommandExecutor.java:83) ~[virtual-users.jar:?]
	... 16 more
Caused by: java.net.ConnectException: Connection refused (Connection refused)
	at java.net.PlainSocketImpl.socketConnect(Native Method) ~[?:1.8.0_212]
	at java.net.AbstractPlainSocketImpl.doConnect(AbstractPlainSocketImpl.java:350) ~[?:1.8.0_212]
	at java.net.AbstractPlainSocketImpl.connectToAddress(AbstractPlainSocketImpl.java:206) ~[?:1.8.0_212]
	at java.net.AbstractPlainSocketImpl.connect(AbstractPlainSocketImpl.java:188) ~[?:1.8.0_212]
	at java.net.SocksSocketImpl.connect(SocksSocketImpl.java:392) ~[?:1.8.0_212]
	at java.net.Socket.connect(Socket.java:589) ~[?:1.8.0_212]
	at org.apache.http.conn.socket.PlainConnectionSocketFactory.connectSocket(PlainConnectionSocketFactory.java:75) ~[virtual-users.jar:?]
	at org.apache.http.impl.conn.DefaultHttpClientConnectionOperator.connect(DefaultHttpClientConnectionOperator.java:142) ~[virtual-users.jar:?]
	at org.apache.http.impl.conn.PoolingHttpClientConnectionManager.connect(PoolingHttpClientConnectionManager.java:359) ~[virtual-users.jar:?]
	at org.apache.http.impl.execchain.MainClientExec.establishRoute(MainClientExec.java:381) ~[virtual-users.jar:?]
	at org.apache.http.impl.execchain.MainClientExec.execute(MainClientExec.java:237) ~[virtual-users.jar:?]
	at org.apache.http.impl.execchain.ProtocolExec.execute(ProtocolExec.java:185) ~[virtual-users.jar:?]
	at org.apache.http.impl.execchain.RetryExec.execute(RetryExec.java:89) ~[virtual-users.jar:?]
	at org.apache.http.impl.execchain.RedirectExec.execute(RedirectExec.java:111) ~[virtual-users.jar:?]
	at org.apache.http.impl.client.InternalHttpClient.doExecute(InternalHttpClient.java:185) ~[virtual-users.jar:?]
	at org.apache.http.impl.client.CloseableHttpClient.execute(CloseableHttpClient.java:72) ~[virtual-users.jar:?]
	at org.apache.http.impl.client.CloseableHttpClient.execute(CloseableHttpClient.java:56) ~[virtual-users.jar:?]
	at org.openqa.selenium.remote.internal.ApacheHttpClient.fallBackExecute(ApacheHttpClient.java:150) ~[virtual-users.jar:?]
	at org.openqa.selenium.remote.internal.ApacheHttpClient.execute(ApacheHttpClient.java:92) ~[virtual-users.jar:?]
	at org.openqa.selenium.remote.HttpCommandExecutor.execute(HttpCommandExecutor.java:155) ~[virtual-users.jar:?]
	at org.openqa.selenium.remote.service.DriverCommandExecutor.execute(DriverCommandExecutor.java:83) ~[virtual-users.jar:?]
	... 16 more
2019-05-18T16:52:34,991Z INFO  {} [applying load #6f510be9-4b48-4630-b77a-1617519ebe3b] [ExploratoryVirtualUser] Done applying load
2019-05-18T16:52:34,992Z ERROR {} [applying load #3442614e-e986-4611-88d6-e63cdeab8fc8] [ExploratoryVirtualUser] Failed to run com.atlassian.performance.tools.jiraactions.api.action.EditIssueAction@2f2786ec, but we keep running
org.openqa.selenium.WebDriverException: org.apache.http.conn.HttpHostConnectException: Connect to localhost:22877 [localhost/127.0.0.1] failed: Connection refused (Connection refused)
Build info: version: 'unknown', revision: 'unknown', time: 'unknown'
System info: host: 'ip-10-0-0-62', ip: '10.0.0.62', os.name: 'Linux', os.arch: 'amd64', os.version: '4.4.0-1067-aws', java.version: '1.8.0_212'
Driver info: driver.version: RemoteWebDriver
	at org.openqa.selenium.remote.service.DriverCommandExecutor.execute(DriverCommandExecutor.java:92) ~[virtual-users.jar:?]
	at org.openqa.selenium.remote.RemoteWebDriver.execute(RemoteWebDriver.java:545) ~[virtual-users.jar:?]
	at org.openqa.selenium.remote.RemoteWebDriver.execute(RemoteWebDriver.java:602) ~[virtual-users.jar:?]
	at org.openqa.selenium.remote.RemoteWebDriver.getCurrentUrl(RemoteWebDriver.java:283) ~[virtual-users.jar:?]
	at com.atlassian.performance.tools.virtualusers.api.diagnostics.WebDriverDiagnostics.diagnose(WebDriverDiagnostics.kt:34) ~[virtual-users.jar:?]
	at com.atlassian.performance.tools.virtualusers.api.diagnostics.ImpatientDiagnostics.diagnose(ImpatientDiagnostics.kt:24) ~[virtual-users.jar:?]
	at com.atlassian.performance.tools.virtualusers.api.diagnostics.LimitedDiagnostics.diagnose(LimitedDiagnostics.kt:19) ~[virtual-users.jar:?]
	at com.atlassian.performance.tools.virtualusers.ExploratoryVirtualUser.runWithDiagnostics(ExploratoryVirtualUser.kt:81) ~[virtual-users.jar:?]
	at com.atlassian.performance.tools.virtualusers.ExploratoryVirtualUser.applyLoad(ExploratoryVirtualUser.kt:56) [virtual-users.jar:?]
	at com.atlassian.performance.tools.virtualusers.LoadTest.applyLoad(LoadTest.kt:164) [virtual-users.jar:?]
	at com.atlassian.performance.tools.virtualusers.LoadTest.access$applyLoad(LoadTest.kt:36) [virtual-users.jar:?]
	at com.atlassian.performance.tools.virtualusers.LoadTest$applyLoad$$inlined$forEach$lambda$1.run(LoadTest.kt:111) [virtual-users.jar:?]
	at java.util.concurrent.Executors$RunnableAdapter.call(Executors.java:511) [?:1.8.0_212]
	at java.util.concurrent.FutureTask.run(FutureTask.java:266) [?:1.8.0_212]
	at java.util.concurrent.ThreadPoolExecutor.runWorker(ThreadPoolExecutor.java:1149) [?:1.8.0_212]
	at java.util.concurrent.ThreadPoolExecutor$Worker.run(ThreadPoolExecutor.java:624) [?:1.8.0_212]
	at java.lang.Thread.run(Thread.java:748) [?:1.8.0_212]
Caused by: org.apache.http.conn.HttpHostConnectException: Connect to localhost:22877 [localhost/127.0.0.1] failed: Connection refused (Connection refused)
	at org.apache.http.impl.conn.DefaultHttpClientConnectionOperator.connect(DefaultHttpClientConnectionOperator.java:159) ~[virtual-users.jar:?]
	at org.apache.http.impl.conn.PoolingHttpClientConnectionManager.connect(PoolingHttpClientConnectionManager.java:359) ~[virtual-users.jar:?]
	at org.apache.http.impl.execchain.MainClientExec.establishRoute(MainClientExec.java:381) ~[virtual-users.jar:?]
	at org.apache.http.impl.execchain.MainClientExec.execute(MainClientExec.java:237) ~[virtual-users.jar:?]
	at org.apache.http.impl.execchain.ProtocolExec.execute(ProtocolExec.java:185) ~[virtual-users.jar:?]
	at org.apache.http.impl.execchain.RetryExec.execute(RetryExec.java:89) ~[virtual-users.jar:?]
	at org.apache.http.impl.execchain.RedirectExec.execute(RedirectExec.java:111) ~[virtual-users.jar:?]
	at org.apache.http.impl.client.InternalHttpClient.doExecute(InternalHttpClient.java:185) ~[virtual-users.jar:?]
	at org.apache.http.impl.client.CloseableHttpClient.execute(CloseableHttpClient.java:72) ~[virtual-users.jar:?]
	at org.apache.http.impl.client.CloseableHttpClient.execute(CloseableHttpClient.java:56) ~[virtual-users.jar:?]
	at org.openqa.selenium.remote.internal.ApacheHttpClient.fallBackExecute(ApacheHttpClient.java:150) ~[virtual-users.jar:?]
	at org.openqa.selenium.remote.internal.ApacheHttpClient.execute(ApacheHttpClient.java:92) ~[virtual-users.jar:?]
	at org.openqa.selenium.remote.HttpCommandExecutor.execute(HttpCommandExecutor.java:155) ~[virtual-users.jar:?]
	at org.openqa.selenium.remote.service.DriverCommandExecutor.execute(DriverCommandExecutor.java:83) ~[virtual-users.jar:?]
	... 16 more
Caused by: java.net.ConnectException: Connection refused (Connection refused)
	at java.net.PlainSocketImpl.socketConnect(Native Method) ~[?:1.8.0_212]
	at java.net.AbstractPlainSocketImpl.doConnect(AbstractPlainSocketImpl.java:350) ~[?:1.8.0_212]
	at java.net.AbstractPlainSocketImpl.connectToAddress(AbstractPlainSocketImpl.java:206) ~[?:1.8.0_212]
	at java.net.AbstractPlainSocketImpl.connect(AbstractPlainSocketImpl.java:188) ~[?:1.8.0_212]
	at java.net.SocksSocketImpl.connect(SocksSocketImpl.java:392) ~[?:1.8.0_212]
	at java.net.Socket.connect(Socket.java:589) ~[?:1.8.0_212]
	at org.apache.http.conn.socket.PlainConnectionSocketFactory.connectSocket(PlainConnectionSocketFactory.java:75) ~[virtual-users.jar:?]
	at org.apache.http.impl.conn.DefaultHttpClientConnectionOperator.connect(DefaultHttpClientConnectionOperator.java:142) ~[virtual-users.jar:?]
	at org.apache.http.impl.conn.PoolingHttpClientConnectionManager.connect(PoolingHttpClientConnectionManager.java:359) ~[virtual-users.jar:?]
	at org.apache.http.impl.execchain.MainClientExec.establishRoute(MainClientExec.java:381) ~[virtual-users.jar:?]
	at org.apache.http.impl.execchain.MainClientExec.execute(MainClientExec.java:237) ~[virtual-users.jar:?]
	at org.apache.http.impl.execchain.ProtocolExec.execute(ProtocolExec.java:185) ~[virtual-users.jar:?]
	at org.apache.http.impl.execchain.RetryExec.execute(RetryExec.java:89) ~[virtual-users.jar:?]
	at org.apache.http.impl.execchain.RedirectExec.execute(RedirectExec.java:111) ~[virtual-users.jar:?]
	at org.apache.http.impl.client.InternalHttpClient.doExecute(InternalHttpClient.java:185) ~[virtual-users.jar:?]
	at org.apache.http.impl.client.CloseableHttpClient.execute(CloseableHttpClient.java:72) ~[virtual-users.jar:?]
	at org.apache.http.impl.client.CloseableHttpClient.execute(CloseableHttpClient.java:56) ~[virtual-users.jar:?]
	at org.openqa.selenium.remote.internal.ApacheHttpClient.fallBackExecute(ApacheHttpClient.java:150) ~[virtual-users.jar:?]
	at org.openqa.selenium.remote.internal.ApacheHttpClient.execute(ApacheHttpClient.java:92) ~[virtual-users.jar:?]
	at org.openqa.selenium.remote.HttpCommandExecutor.execute(HttpCommandExecutor.java:155) ~[virtual-users.jar:?]
	at org.openqa.selenium.remote.service.DriverCommandExecutor.execute(DriverCommandExecutor.java:83) ~[virtual-users.jar:?]
	... 16 more
2019-05-18T16:52:34,992Z INFO  {} [applying load #3442614e-e986-4611-88d6-e63cdeab8fc8] [ExploratoryVirtualUser] Done applying load
2019-05-18T16:52:34,997Z ERROR {} [applying load #e99eb406-a9b6-40f8-b981-c514daa18c6b] [ExploratoryVirtualUser] Failed to run com.atlassian.performance.tools.hardware.vu.PatientBrowseBoardsAction@3aaf5095, but we keep running
org.openqa.selenium.WebDriverException: org.apache.http.conn.HttpHostConnectException: Connect to localhost:9014 [localhost/127.0.0.1] failed: Connection refused (Connection refused)
Build info: version: 'unknown', revision: 'unknown', time: 'unknown'
System info: host: 'ip-10-0-0-62', ip: '10.0.0.62', os.name: 'Linux', os.arch: 'amd64', os.version: '4.4.0-1067-aws', java.version: '1.8.0_212'
Driver info: driver.version: RemoteWebDriver
	at org.openqa.selenium.remote.service.DriverCommandExecutor.execute(DriverCommandExecutor.java:92) ~[virtual-users.jar:?]
	at org.openqa.selenium.remote.RemoteWebDriver.execute(RemoteWebDriver.java:545) ~[virtual-users.jar:?]
	at org.openqa.selenium.remote.RemoteWebDriver.execute(RemoteWebDriver.java:602) ~[virtual-users.jar:?]
	at org.openqa.selenium.remote.RemoteWebDriver.getCurrentUrl(RemoteWebDriver.java:283) ~[virtual-users.jar:?]
	at com.atlassian.performance.tools.virtualusers.api.diagnostics.WebDriverDiagnostics.diagnose(WebDriverDiagnostics.kt:34) ~[virtual-users.jar:?]
	at com.atlassian.performance.tools.virtualusers.api.diagnostics.ImpatientDiagnostics.diagnose(ImpatientDiagnostics.kt:24) ~[virtual-users.jar:?]
	at com.atlassian.performance.tools.virtualusers.api.diagnostics.LimitedDiagnostics.diagnose(LimitedDiagnostics.kt:19) ~[virtual-users.jar:?]
	at com.atlassian.performance.tools.virtualusers.ExploratoryVirtualUser.runWithDiagnostics(ExploratoryVirtualUser.kt:81) ~[virtual-users.jar:?]
	at com.atlassian.performance.tools.virtualusers.ExploratoryVirtualUser.applyLoad(ExploratoryVirtualUser.kt:56) [virtual-users.jar:?]
	at com.atlassian.performance.tools.virtualusers.LoadTest.applyLoad(LoadTest.kt:164) [virtual-users.jar:?]
	at com.atlassian.performance.tools.virtualusers.LoadTest.access$applyLoad(LoadTest.kt:36) [virtual-users.jar:?]
	at com.atlassian.performance.tools.virtualusers.LoadTest$applyLoad$$inlined$forEach$lambda$1.run(LoadTest.kt:111) [virtual-users.jar:?]
	at java.util.concurrent.Executors$RunnableAdapter.call(Executors.java:511) [?:1.8.0_212]
	at java.util.concurrent.FutureTask.run(FutureTask.java:266) [?:1.8.0_212]
	at java.util.concurrent.ThreadPoolExecutor.runWorker(ThreadPoolExecutor.java:1149) [?:1.8.0_212]
	at java.util.concurrent.ThreadPoolExecutor$Worker.run(ThreadPoolExecutor.java:624) [?:1.8.0_212]
	at java.lang.Thread.run(Thread.java:748) [?:1.8.0_212]
Caused by: org.apache.http.conn.HttpHostConnectException: Connect to localhost:9014 [localhost/127.0.0.1] failed: Connection refused (Connection refused)
	at org.apache.http.impl.conn.DefaultHttpClientConnectionOperator.connect(DefaultHttpClientConnectionOperator.java:159) ~[virtual-users.jar:?]
	at org.apache.http.impl.conn.PoolingHttpClientConnectionManager.connect(PoolingHttpClientConnectionManager.java:359) ~[virtual-users.jar:?]
	at org.apache.http.impl.execchain.MainClientExec.establishRoute(MainClientExec.java:381) ~[virtual-users.jar:?]
	at org.apache.http.impl.execchain.MainClientExec.execute(MainClientExec.java:237) ~[virtual-users.jar:?]
	at org.apache.http.impl.execchain.ProtocolExec.execute(ProtocolExec.java:185) ~[virtual-users.jar:?]
	at org.apache.http.impl.execchain.RetryExec.execute(RetryExec.java:89) ~[virtual-users.jar:?]
	at org.apache.http.impl.execchain.RedirectExec.execute(RedirectExec.java:111) ~[virtual-users.jar:?]
	at org.apache.http.impl.client.InternalHttpClient.doExecute(InternalHttpClient.java:185) ~[virtual-users.jar:?]
	at org.apache.http.impl.client.CloseableHttpClient.execute(CloseableHttpClient.java:72) ~[virtual-users.jar:?]
	at org.apache.http.impl.client.CloseableHttpClient.execute(CloseableHttpClient.java:56) ~[virtual-users.jar:?]
	at org.openqa.selenium.remote.internal.ApacheHttpClient.fallBackExecute(ApacheHttpClient.java:150) ~[virtual-users.jar:?]
	at org.openqa.selenium.remote.internal.ApacheHttpClient.execute(ApacheHttpClient.java:92) ~[virtual-users.jar:?]
	at org.openqa.selenium.remote.HttpCommandExecutor.execute(HttpCommandExecutor.java:155) ~[virtual-users.jar:?]
	at org.openqa.selenium.remote.service.DriverCommandExecutor.execute(DriverCommandExecutor.java:83) ~[virtual-users.jar:?]
	... 16 more
Caused by: java.net.ConnectException: Connection refused (Connection refused)
	at java.net.PlainSocketImpl.socketConnect(Native Method) ~[?:1.8.0_212]
	at java.net.AbstractPlainSocketImpl.doConnect(AbstractPlainSocketImpl.java:350) ~[?:1.8.0_212]
	at java.net.AbstractPlainSocketImpl.connectToAddress(AbstractPlainSocketImpl.java:206) ~[?:1.8.0_212]
	at java.net.AbstractPlainSocketImpl.connect(AbstractPlainSocketImpl.java:188) ~[?:1.8.0_212]
	at java.net.SocksSocketImpl.connect(SocksSocketImpl.java:392) ~[?:1.8.0_212]
	at java.net.Socket.connect(Socket.java:589) ~[?:1.8.0_212]
	at org.apache.http.conn.socket.PlainConnectionSocketFactory.connectSocket(PlainConnectionSocketFactory.java:75) ~[virtual-users.jar:?]
	at org.apache.http.impl.conn.DefaultHttpClientConnectionOperator.connect(DefaultHttpClientConnectionOperator.java:142) ~[virtual-users.jar:?]
	at org.apache.http.impl.conn.PoolingHttpClientConnectionManager.connect(PoolingHttpClientConnectionManager.java:359) ~[virtual-users.jar:?]
	at org.apache.http.impl.execchain.MainClientExec.establishRoute(MainClientExec.java:381) ~[virtual-users.jar:?]
	at org.apache.http.impl.execchain.MainClientExec.execute(MainClientExec.java:237) ~[virtual-users.jar:?]
	at org.apache.http.impl.execchain.ProtocolExec.execute(ProtocolExec.java:185) ~[virtual-users.jar:?]
	at org.apache.http.impl.execchain.RetryExec.execute(RetryExec.java:89) ~[virtual-users.jar:?]
	at org.apache.http.impl.execchain.RedirectExec.execute(RedirectExec.java:111) ~[virtual-users.jar:?]
	at org.apache.http.impl.client.InternalHttpClient.doExecute(InternalHttpClient.java:185) ~[virtual-users.jar:?]
	at org.apache.http.impl.client.CloseableHttpClient.execute(CloseableHttpClient.java:72) ~[virtual-users.jar:?]
	at org.apache.http.impl.client.CloseableHttpClient.execute(CloseableHttpClient.java:56) ~[virtual-users.jar:?]
	at org.openqa.selenium.remote.internal.ApacheHttpClient.fallBackExecute(ApacheHttpClient.java:150) ~[virtual-users.jar:?]
	at org.openqa.selenium.remote.internal.ApacheHttpClient.execute(ApacheHttpClient.java:92) ~[virtual-users.jar:?]
	at org.openqa.selenium.remote.HttpCommandExecutor.execute(HttpCommandExecutor.java:155) ~[virtual-users.jar:?]
	at org.openqa.selenium.remote.service.DriverCommandExecutor.execute(DriverCommandExecutor.java:83) ~[virtual-users.jar:?]
	... 16 more
2019-05-18T16:52:34,997Z INFO  {} [applying load #e99eb406-a9b6-40f8-b981-c514daa18c6b] [ExploratoryVirtualUser] Done applying load
2019-05-18T16:52:34,997Z ERROR {} [applying load #dcf61535-ba9b-4b3c-80d2-7fb4bec82993] [ExploratoryVirtualUser] Failed to run com.atlassian.performance.tools.hardware.vu.PatientBrowseBoardsAction@6cd27957, but we keep running
org.openqa.selenium.NoSuchSessionException: Session ID is null. Using WebDriver after calling quit()?
Build info: version: 'unknown', revision: 'unknown', time: 'unknown'
System info: host: 'ip-10-0-0-62', ip: '10.0.0.62', os.name: 'Linux', os.arch: 'amd64', os.version: '4.4.0-1067-aws', java.version: '1.8.0_212'
Driver info: driver.version: RemoteWebDriver
	at org.openqa.selenium.remote.HttpCommandExecutor.execute(HttpCommandExecutor.java:125) ~[virtual-users.jar:?]
	at org.openqa.selenium.remote.service.DriverCommandExecutor.execute(DriverCommandExecutor.java:83) ~[virtual-users.jar:?]
	at org.openqa.selenium.remote.RemoteWebDriver.execute(RemoteWebDriver.java:545) ~[virtual-users.jar:?]
	at org.openqa.selenium.remote.RemoteWebDriver.execute(RemoteWebDriver.java:602) ~[virtual-users.jar:?]
	at org.openqa.selenium.remote.RemoteWebDriver.getCurrentUrl(RemoteWebDriver.java:283) ~[virtual-users.jar:?]
	at com.atlassian.performance.tools.virtualusers.api.diagnostics.WebDriverDiagnostics.diagnose(WebDriverDiagnostics.kt:34) ~[virtual-users.jar:?]
	at com.atlassian.performance.tools.virtualusers.api.diagnostics.ImpatientDiagnostics.diagnose(ImpatientDiagnostics.kt:24) ~[virtual-users.jar:?]
	at com.atlassian.performance.tools.virtualusers.api.diagnostics.LimitedDiagnostics.diagnose(LimitedDiagnostics.kt:19) ~[virtual-users.jar:?]
	at com.atlassian.performance.tools.virtualusers.ExploratoryVirtualUser.runWithDiagnostics(ExploratoryVirtualUser.kt:81) ~[virtual-users.jar:?]
	at com.atlassian.performance.tools.virtualusers.ExploratoryVirtualUser.applyLoad(ExploratoryVirtualUser.kt:56) [virtual-users.jar:?]
	at com.atlassian.performance.tools.virtualusers.LoadTest.applyLoad(LoadTest.kt:164) [virtual-users.jar:?]
	at com.atlassian.performance.tools.virtualusers.LoadTest.access$applyLoad(LoadTest.kt:36) [virtual-users.jar:?]
	at com.atlassian.performance.tools.virtualusers.LoadTest$applyLoad$$inlined$forEach$lambda$1.run(LoadTest.kt:111) [virtual-users.jar:?]
	at java.util.concurrent.Executors$RunnableAdapter.call(Executors.java:511) [?:1.8.0_212]
	at java.util.concurrent.FutureTask.run(FutureTask.java:266) [?:1.8.0_212]
	at java.util.concurrent.ThreadPoolExecutor.runWorker(ThreadPoolExecutor.java:1149) [?:1.8.0_212]
	at java.util.concurrent.ThreadPoolExecutor$Worker.run(ThreadPoolExecutor.java:624) [?:1.8.0_212]
	at java.lang.Thread.run(Thread.java:748) [?:1.8.0_212]
2019-05-18T16:52:34,997Z INFO  {} [applying load #dcf61535-ba9b-4b3c-80d2-7fb4bec82993] [ExploratoryVirtualUser] Done applying load
2019-05-18T16:52:36,311Z INFO  {} [applying load #a861ba06-43db-4dcb-9d8f-a191388ee7d2] [ExploratoryVirtualUser] Done applying load
2019-05-18T16:52:54,697Z ERROR {} [applying load #b62887ff-1e23-422b-86c8-d739ec8fcf02] [ExploratoryVirtualUser] Failed to run com.atlassian.performance.tools.jiraactions.api.action.SearchJqlAction@12dc0e2e, but we keep running
org.openqa.selenium.NoSuchSessionException: Session ID is null. Using WebDriver after calling quit()?
Build info: version: 'unknown', revision: 'unknown', time: 'unknown'
System info: host: 'ip-10-0-0-62', ip: '10.0.0.62', os.name: 'Linux', os.arch: 'amd64', os.version: '4.4.0-1067-aws', java.version: '1.8.0_212'
Driver info: driver.version: RemoteWebDriver
	at org.openqa.selenium.remote.HttpCommandExecutor.execute(HttpCommandExecutor.java:125) ~[virtual-users.jar:?]
	at org.openqa.selenium.remote.service.DriverCommandExecutor.execute(DriverCommandExecutor.java:83) ~[virtual-users.jar:?]
	at org.openqa.selenium.remote.RemoteWebDriver.execute(RemoteWebDriver.java:545) ~[virtual-users.jar:?]
	at org.openqa.selenium.remote.RemoteWebDriver.execute(RemoteWebDriver.java:602) ~[virtual-users.jar:?]
	at org.openqa.selenium.remote.RemoteWebDriver.getCurrentUrl(RemoteWebDriver.java:283) ~[virtual-users.jar:?]
	at com.atlassian.performance.tools.virtualusers.api.diagnostics.WebDriverDiagnostics.diagnose(WebDriverDiagnostics.kt:34) ~[virtual-users.jar:?]
	at com.atlassian.performance.tools.virtualusers.api.diagnostics.ImpatientDiagnostics.diagnose(ImpatientDiagnostics.kt:24) ~[virtual-users.jar:?]
	at com.atlassian.performance.tools.virtualusers.api.diagnostics.LimitedDiagnostics.diagnose(LimitedDiagnostics.kt:19) ~[virtual-users.jar:?]
	at com.atlassian.performance.tools.virtualusers.ExploratoryVirtualUser.runWithDiagnostics(ExploratoryVirtualUser.kt:81) ~[virtual-users.jar:?]
	at com.atlassian.performance.tools.virtualusers.ExploratoryVirtualUser.applyLoad(ExploratoryVirtualUser.kt:56) [virtual-users.jar:?]
	at com.atlassian.performance.tools.virtualusers.LoadTest.applyLoad(LoadTest.kt:164) [virtual-users.jar:?]
	at com.atlassian.performance.tools.virtualusers.LoadTest.access$applyLoad(LoadTest.kt:36) [virtual-users.jar:?]
	at com.atlassian.performance.tools.virtualusers.LoadTest$applyLoad$$inlined$forEach$lambda$1.run(LoadTest.kt:111) [virtual-users.jar:?]
	at java.util.concurrent.Executors$RunnableAdapter.call(Executors.java:511) [?:1.8.0_212]
	at java.util.concurrent.FutureTask.run(FutureTask.java:266) [?:1.8.0_212]
	at java.util.concurrent.ThreadPoolExecutor.runWorker(ThreadPoolExecutor.java:1149) [?:1.8.0_212]
	at java.util.concurrent.ThreadPoolExecutor$Worker.run(ThreadPoolExecutor.java:624) [?:1.8.0_212]
	at java.lang.Thread.run(Thread.java:748) [?:1.8.0_212]
2019-05-18T16:52:54,698Z INFO  {} [applying load #b62887ff-1e23-422b-86c8-d739ec8fcf02] [ExploratoryVirtualUser] Done applying load
2019-05-18T16:53:04,908Z WARN  {} [] [Companion] Failed to close WebDriver
java.util.concurrent.TimeoutException: null
	at java.util.concurrent.FutureTask.get(FutureTask.java:205) ~[?:1.8.0_212]
	at com.atlassian.performance.tools.virtualusers.LoadSegment.close(LoadSegment.kt:31) [virtual-users.jar:?]
	at com.atlassian.performance.tools.virtualusers.LoadTest$close$1$1.run(LoadTest.kt:204) [virtual-users.jar:?]
	at java.util.concurrent.Executors$RunnableAdapter.call(Executors.java:511) [?:1.8.0_212]
	at java.util.concurrent.FutureTask.run(FutureTask.java:266) [?:1.8.0_212]
	at java.util.concurrent.ThreadPoolExecutor.runWorker(ThreadPoolExecutor.java:1149) [?:1.8.0_212]
	at java.util.concurrent.ThreadPoolExecutor$Worker.run(ThreadPoolExecutor.java:624) [?:1.8.0_212]
	at java.lang.Thread.run(Thread.java:748) [?:1.8.0_212]
2019-05-18T16:53:04,908Z WARN  {} [] [Companion] Failed to close WebDriver
java.util.concurrent.TimeoutException: null
	at java.util.concurrent.FutureTask.get(FutureTask.java:205) ~[?:1.8.0_212]
	at com.atlassian.performance.tools.virtualusers.LoadSegment.close(LoadSegment.kt:31) [virtual-users.jar:?]
	at com.atlassian.performance.tools.virtualusers.LoadTest$close$1$1.run(LoadTest.kt:204) [virtual-users.jar:?]
	at java.util.concurrent.Executors$RunnableAdapter.call(Executors.java:511) [?:1.8.0_212]
	at java.util.concurrent.FutureTask.run(FutureTask.java:266) [?:1.8.0_212]
	at java.util.concurrent.ThreadPoolExecutor.runWorker(ThreadPoolExecutor.java:1149) [?:1.8.0_212]
	at java.util.concurrent.ThreadPoolExecutor$Worker.run(ThreadPoolExecutor.java:624) [?:1.8.0_212]
	at java.lang.Thread.run(Thread.java:748) [?:1.8.0_212]
2019-05-18T16:53:04,918Z WARN  {} [] [Companion] Failed to close WebDriver
java.util.concurrent.TimeoutException: null
	at java.util.concurrent.FutureTask.get(FutureTask.java:205) ~[?:1.8.0_212]
	at com.atlassian.performance.tools.virtualusers.LoadSegment.close(LoadSegment.kt:31) [virtual-users.jar:?]
	at com.atlassian.performance.tools.virtualusers.LoadTest$close$1$1.run(LoadTest.kt:204) [virtual-users.jar:?]
	at java.util.concurrent.Executors$RunnableAdapter.call(Executors.java:511) [?:1.8.0_212]
	at java.util.concurrent.FutureTask.run(FutureTask.java:266) [?:1.8.0_212]
	at java.util.concurrent.ThreadPoolExecutor.runWorker(ThreadPoolExecutor.java:1149) [?:1.8.0_212]
	at java.util.concurrent.ThreadPoolExecutor$Worker.run(ThreadPoolExecutor.java:624) [?:1.8.0_212]
	at java.lang.Thread.run(Thread.java:748) [?:1.8.0_212]
2019-05-18T16:53:04,919Z INFO  {} [] [LoadTest] Segments closed
2019-05-18T16:53:04,926Z DEBUG {} [] [LoadTest] Dumped node's counts to test-results/nodes.csv
