2019-07-22T12:51:18,378Z DEBUG {} [] [SeededRandom] Using seed 12345
2019-07-22T12:51:18,390Z INFO  {} [] [LoadTest] Holding for PT22.5S.
2019-07-22T12:51:40,892Z DEBUG {} [] [LoadTest] Skipped the setup
2019-07-22T12:51:40,914Z DEBUG {} [] [GoogleChrome] Starting Chrome
2019-07-22T12:51:41,870Z DEBUG {} [] [GoogleChrome] Starting Chrome
2019-07-22T12:51:42,211Z DEBUG {} [] [GoogleChrome] Starting Chrome
2019-07-22T12:51:42,536Z DEBUG {} [] [GoogleChrome] Starting Chrome
2019-07-22T12:51:42,857Z DEBUG {} [] [GoogleChrome] Starting Chrome
2019-07-22T12:51:43,172Z DEBUG {} [] [GoogleChrome] Starting Chrome
2019-07-22T12:51:43,482Z DEBUG {} [] [GoogleChrome] Starting Chrome
2019-07-22T12:51:43,799Z DEBUG {} [] [GoogleChrome] Starting Chrome
2019-07-22T12:51:44,144Z DEBUG {} [] [GoogleChrome] Starting Chrome
2019-07-22T12:51:44,431Z DEBUG {} [] [GoogleChrome] Starting Chrome
2019-07-22T12:51:44,756Z DEBUG {} [] [GoogleChrome] Starting Chrome
2019-07-22T12:51:45,096Z DEBUG {} [] [GoogleChrome] Starting Chrome
2019-07-22T12:51:45,822Z DEBUG {} [applying load #89e43cb3-51d2-459f-9649-aff7025c48a7, create user via REST] [TaskTimer] The task took PT0.333S
2019-07-22T12:51:45,824Z INFO  {} [applying load #89e43cb3-51d2-459f-9649-aff7025c48a7] [RestUserGenerator] Created a new user jpt-3c9eea50-4d89-4f14-9443-86e70f434df9
2019-07-22T12:51:45,825Z INFO  {} [applying load #89e43cb3-51d2-459f-9649-aff7025c48a7] [LoadTest] Waiting for PT3.976S
2019-07-22T12:51:45,842Z DEBUG {} [applying load #43a80991-d90c-46c7-a63d-72bd63c4c064, create user via REST] [TaskTimer] The task took PT0.354S
2019-07-22T12:51:45,843Z INFO  {} [applying load #43a80991-d90c-46c7-a63d-72bd63c4c064] [RestUserGenerator] Created a new user jpt-ad292d3e-8bff-4336-b65a-0b7ad5d9e12a
2019-07-22T12:51:45,843Z INFO  {} [applying load #43a80991-d90c-46c7-a63d-72bd63c4c064] [LoadTest] Waiting for PT7.083S
2019-07-22T12:51:45,851Z DEBUG {} [applying load #b1eb5493-d842-47f1-9e0c-2af61014205a, create user via REST] [TaskTimer] The task took PT0.362S
2019-07-22T12:51:45,851Z INFO  {} [applying load #b1eb5493-d842-47f1-9e0c-2af61014205a] [RestUserGenerator] Created a new user jpt-035f55e8-0185-43a2-a368-12cfa96102ce
2019-07-22T12:51:45,851Z INFO  {} [applying load #b1eb5493-d842-47f1-9e0c-2af61014205a] [LoadTest] Waiting for PT5.825S
2019-07-22T12:51:45,862Z DEBUG {} [applying load #b6fea101-bb06-4787-b97c-b0d810f91aca, create user via REST] [TaskTimer] The task took PT0.373S
2019-07-22T12:51:45,862Z INFO  {} [applying load #b6fea101-bb06-4787-b97c-b0d810f91aca] [RestUserGenerator] Created a new user jpt-3fa5159c-cc8b-4be1-a7e0-76a26a3f1c37
2019-07-22T12:51:45,862Z INFO  {} [applying load #b6fea101-bb06-4787-b97c-b0d810f91aca] [LoadTest] Waiting for PT6.439S
2019-07-22T12:51:45,994Z DEBUG {} [applying load #51fc10ee-f2a3-4152-8758-b4b823ac8c5d, create user via REST] [TaskTimer] The task took PT0.506S
2019-07-22T12:51:45,995Z INFO  {} [applying load #51fc10ee-f2a3-4152-8758-b4b823ac8c5d] [RestUserGenerator] Created a new user jpt-870caee2-67cf-4e0d-aba3-68ee43e93b35
2019-07-22T12:51:45,995Z INFO  {} [applying load #51fc10ee-f2a3-4152-8758-b4b823ac8c5d] [LoadTest] Waiting for PT0.057S
2019-07-22T12:51:46,067Z DEBUG {} [applying load #51fc10ee-f2a3-4152-8758-b4b823ac8c5d] [SeededRandom] Using seed 6674089274190705457
2019-07-22T12:51:46,114Z INFO  {} [applying load #51fc10ee-f2a3-4152-8758-b4b823ac8c5d] [ExploratoryVirtualUser] Applying load...
2019-07-22T12:51:49,601Z DEBUG {} [applying load #4e542328-82fc-45c5-b382-76de5264139b, create user via REST] [TaskTimer] The task took PT4.113S
2019-07-22T12:51:49,602Z INFO  {} [applying load #4e542328-82fc-45c5-b382-76de5264139b] [RestUserGenerator] Created a new user jpt-1566d20a-03c5-4021-8c7d-d952cd11b298
2019-07-22T12:51:49,602Z WARN  {} [applying load #4e542328-82fc-45c5-b382-76de5264139b] [LoadTest] Ramp time prolonged by user generation by PT0.426S
2019-07-22T12:51:49,603Z DEBUG {} [applying load #4e542328-82fc-45c5-b382-76de5264139b] [SeededRandom] Using seed -1528963862231680626
2019-07-22T12:51:49,604Z INFO  {} [applying load #4e542328-82fc-45c5-b382-76de5264139b] [ExploratoryVirtualUser] Applying load...
2019-07-22T12:51:49,802Z DEBUG {} [applying load #89e43cb3-51d2-459f-9649-aff7025c48a7] [SeededRandom] Using seed 6022414958441676900
2019-07-22T12:51:49,803Z INFO  {} [applying load #89e43cb3-51d2-459f-9649-aff7025c48a7] [ExploratoryVirtualUser] Applying load...
2019-07-22T12:51:49,847Z DEBUG {} [applying load #1e834fab-79d6-4171-8990-58e89952e212, create user via REST] [TaskTimer] The task took PT4.359S
2019-07-22T12:51:49,848Z INFO  {} [applying load #1e834fab-79d6-4171-8990-58e89952e212] [RestUserGenerator] Created a new user jpt-c6d26fef-4ab2-421c-b6b3-496dea14b1b3
2019-07-22T12:51:49,848Z WARN  {} [applying load #1e834fab-79d6-4171-8990-58e89952e212] [LoadTest] Ramp time prolonged by user generation by PT1.296S
2019-07-22T12:51:49,849Z DEBUG {} [applying load #1e834fab-79d6-4171-8990-58e89952e212] [SeededRandom] Using seed 651833349628731322
2019-07-22T12:51:49,850Z INFO  {} [applying load #1e834fab-79d6-4171-8990-58e89952e212] [ExploratoryVirtualUser] Applying load...
2019-07-22T12:51:49,859Z DEBUG {} [applying load #8797ba85-4c4b-4328-8cad-77b65d971617, create user via REST] [TaskTimer] The task took PT4.371S
2019-07-22T12:51:49,859Z INFO  {} [applying load #8797ba85-4c4b-4328-8cad-77b65d971617] [RestUserGenerator] Created a new user jpt-f089ac5e-1b88-4691-9338-4b5ef8b659b8
2019-07-22T12:51:49,860Z WARN  {} [applying load #8797ba85-4c4b-4328-8cad-77b65d971617] [LoadTest] Ramp time prolonged by user generation by PT3.182S
2019-07-22T12:51:49,860Z DEBUG {} [applying load #8797ba85-4c4b-4328-8cad-77b65d971617] [SeededRandom] Using seed 8265573421575953197
2019-07-22T12:51:49,861Z INFO  {} [applying load #8797ba85-4c4b-4328-8cad-77b65d971617] [ExploratoryVirtualUser] Applying load...
2019-07-22T12:51:50,207Z DEBUG {} [applying load #7179a009-1eb3-4b1e-879d-88ac8a8c7587, create user via REST] [TaskTimer] The task took PT4.719S
2019-07-22T12:51:50,208Z INFO  {} [applying load #7179a009-1eb3-4b1e-879d-88ac8a8c7587] [RestUserGenerator] Created a new user jpt-07bf4456-2ed4-4747-9874-c61e20d403b3
2019-07-22T12:51:50,209Z INFO  {} [applying load #7179a009-1eb3-4b1e-879d-88ac8a8c7587] [LoadTest] Waiting for PT0.842S
2019-07-22T12:51:50,217Z DEBUG {} [applying load #c9c8b81c-236d-4995-86fc-5b153c0cbc3d, create user via REST] [TaskTimer] The task took PT4.729S
2019-07-22T12:51:50,217Z INFO  {} [applying load #c9c8b81c-236d-4995-86fc-5b153c0cbc3d] [RestUserGenerator] Created a new user jpt-76c4aaa6-d465-40a5-b5ca-c01fb43fcc62
2019-07-22T12:51:50,218Z INFO  {} [applying load #c9c8b81c-236d-4995-86fc-5b153c0cbc3d] [LoadTest] Waiting for PT0.208S
2019-07-22T12:51:50,427Z DEBUG {} [applying load #c9c8b81c-236d-4995-86fc-5b153c0cbc3d] [SeededRandom] Using seed 2132282762986792902
2019-07-22T12:51:50,427Z INFO  {} [applying load #c9c8b81c-236d-4995-86fc-5b153c0cbc3d] [ExploratoryVirtualUser] Applying load...
2019-07-22T12:51:51,052Z DEBUG {} [applying load #7179a009-1eb3-4b1e-879d-88ac8a8c7587] [SeededRandom] Using seed -4263262838430303025
2019-07-22T12:51:51,053Z INFO  {} [applying load #7179a009-1eb3-4b1e-879d-88ac8a8c7587] [ExploratoryVirtualUser] Applying load...
2019-07-22T12:51:51,677Z DEBUG {} [applying load #b1eb5493-d842-47f1-9e0c-2af61014205a] [SeededRandom] Using seed 2671077540764462672
2019-07-22T12:51:51,678Z INFO  {} [applying load #b1eb5493-d842-47f1-9e0c-2af61014205a] [ExploratoryVirtualUser] Applying load...
2019-07-22T12:51:52,231Z DEBUG {} [applying load #cef40ba0-4e7c-4730-b146-3247d8ad5122, create user via REST] [TaskTimer] The task took PT6.743S
2019-07-22T12:51:52,232Z INFO  {} [applying load #cef40ba0-4e7c-4730-b146-3247d8ad5122] [RestUserGenerator] Created a new user jpt-519a801e-eef0-471d-a374-e1e89e5472da
2019-07-22T12:51:52,233Z WARN  {} [applying load #cef40ba0-4e7c-4730-b146-3247d8ad5122] [LoadTest] Ramp time prolonged by user generation by PT4.931S
2019-07-22T12:51:52,233Z DEBUG {} [applying load #cef40ba0-4e7c-4730-b146-3247d8ad5122] [SeededRandom] Using seed -3500614978637125381
2019-07-22T12:51:52,234Z INFO  {} [applying load #cef40ba0-4e7c-4730-b146-3247d8ad5122] [ExploratoryVirtualUser] Applying load...
2019-07-22T12:51:52,247Z DEBUG {} [applying load #1e517702-eb41-4e06-bb72-fce314cb2d39, create user via REST] [TaskTimer] The task took PT6.759S
2019-07-22T12:51:52,248Z INFO  {} [applying load #1e517702-eb41-4e06-bb72-fce314cb2d39] [RestUserGenerator] Created a new user jpt-083777cd-d45c-4805-a5ba-a3acc32db224
2019-07-22T12:51:52,249Z WARN  {} [applying load #1e517702-eb41-4e06-bb72-fce314cb2d39] [LoadTest] Ramp time prolonged by user generation by PT4.322S
2019-07-22T12:51:52,249Z DEBUG {} [applying load #1e517702-eb41-4e06-bb72-fce314cb2d39] [SeededRandom] Using seed -4816872006481583618
2019-07-22T12:51:52,250Z INFO  {} [applying load #1e517702-eb41-4e06-bb72-fce314cb2d39] [ExploratoryVirtualUser] Applying load...
2019-07-22T12:51:52,302Z DEBUG {} [applying load #b6fea101-bb06-4787-b97c-b0d810f91aca] [SeededRandom] Using seed -5671795673574091253
2019-07-22T12:51:52,302Z INFO  {} [applying load #b6fea101-bb06-4787-b97c-b0d810f91aca] [ExploratoryVirtualUser] Applying load...
2019-07-22T12:51:52,927Z DEBUG {} [applying load #43a80991-d90c-46c7-a63d-72bd63c4c064] [SeededRandom] Using seed 7987185974177307502
2019-07-22T12:51:52,927Z INFO  {} [applying load #43a80991-d90c-46c7-a63d-72bd63c4c064] [ExploratoryVirtualUser] Applying load...
2019-07-22T12:51:57,440Z DEBUG {} [applying load #cef40ba0-4e7c-4730-b146-3247d8ad5122] [ExploratoryVirtualUser] Circling through [ViewDashboardAction, ViewBoardAction, ViewIssueAction, ViewIssueAction, SearchJqlAction, ViewIssueAction, ViewIssueAction, AddCommentAction, ViewDashboardAction, ViewIssueAction, ViewDashboardAction, ViewIssueAction, BrowseProjectsAction, CreateIssueAction, CreateIssueAction, ViewBacklogAction, ViewDashboardAction, ViewIssueAction, ViewIssueAction, ViewBacklogAction, ViewIssueAction, ViewBoardAction, ViewBoardAction, SearchJqlAction, ViewBacklogAction, EditIssueAction, SearchJqlAction, ViewBoardAction, ViewBacklogAction, ViewBoardAction, ViewIssueAction, ViewBacklogAction, ViewIssueAction, ProjectSummaryAction, EditIssueAction, SearchJqlAction, ViewIssueAction, ProjectSummaryAction, ViewDashboardAction, AddCommentAction, ViewIssueAction, SearchJqlAction, ViewIssueAction, ViewIssueAction, ViewIssueAction, ViewDashboardAction, PatientBrowseBoardsAction, SearchJqlAction, SearchJqlAction, ViewDashboardAction, ViewIssueAction, ViewIssueAction, SearchJqlAction, SearchJqlAction, ViewIssueAction, ViewBoardAction, ViewIssueAction, CreateIssueAction, ViewBoardAction, ViewDashboardAction, SearchJqlAction, ViewIssueAction, ViewIssueAction, CreateIssueAction, ViewIssueAction, ViewBacklogAction, ViewIssueAction, ViewDashboardAction, ViewIssueAction, ViewIssueAction, BrowseProjectsAction, ViewIssueAction, EditIssueAction, ViewIssueAction, ViewIssueAction, ViewIssueAction, ViewIssueAction, BrowseProjectsAction, SearchJqlAction, ViewIssueAction, SearchJqlAction, BrowseProjectsAction, ViewIssueAction, ViewBacklogAction, ViewIssueAction, ViewIssueAction, SearchJqlAction, ViewIssueAction, CreateIssueAction, ViewBoardAction, SearchJqlAction, ViewIssueAction, ViewIssueAction, ViewDashboardAction, ViewBoardAction, SearchJqlAction, ViewIssueAction, ProjectSummaryAction, SearchJqlAction, ViewBacklogAction, ViewIssueAction, ViewBoardAction, PatientBrowseBoardsAction, BrowseProjectsAction, SearchJqlAction, ViewIssueAction, ViewIssueAction, ViewIssueAction, SearchJqlAction, ViewIssueAction, SearchJqlAction, ViewIssueAction, EditIssueAction, ViewIssueAction, EditIssueAction, ViewIssueAction, ViewBacklogAction, ViewIssueAction, ViewBacklogAction, ProjectSummaryAction, ViewIssueAction, SearchJqlAction, ViewIssueAction, ViewIssueAction, ViewIssueAction, ViewIssueAction, ViewIssueAction, ProjectSummaryAction, ViewIssueAction]
2019-07-22T12:52:00,351Z DEBUG {} [applying load #51fc10ee-f2a3-4152-8758-b4b823ac8c5d] [ExploratoryVirtualUser] Circling through [ViewBoardAction, SearchJqlAction, ViewIssueAction, ViewIssueAction, AddCommentAction, ViewBacklogAction, ViewIssueAction, SearchJqlAction, ViewIssueAction, SearchJqlAction, ViewDashboardAction, ViewIssueAction, ViewBoardAction, ViewDashboardAction, SearchJqlAction, ViewBoardAction, ViewIssueAction, SearchJqlAction, SearchJqlAction, ViewIssueAction, CreateIssueAction, SearchJqlAction, CreateIssueAction, ViewIssueAction, ViewIssueAction, EditIssueAction, EditIssueAction, EditIssueAction, ViewIssueAction, ViewDashboardAction, ViewBacklogAction, ViewDashboardAction, SearchJqlAction, ViewIssueAction, ViewIssueAction, ViewIssueAction, SearchJqlAction, ViewIssueAction, CreateIssueAction, ViewIssueAction, ViewBacklogAction, ViewIssueAction, SearchJqlAction, ViewIssueAction, ViewBacklogAction, SearchJqlAction, SearchJqlAction, ViewIssueAction, ViewIssueAction, ViewBoardAction, ViewDashboardAction, BrowseProjectsAction, ProjectSummaryAction, ViewIssueAction, ViewIssueAction, ViewIssueAction, ViewIssueAction, ViewIssueAction, EditIssueAction, ViewIssueAction, ProjectSummaryAction, ViewDashboardAction, ViewIssueAction, SearchJqlAction, ViewIssueAction, ViewBoardAction, ViewIssueAction, ViewIssueAction, CreateIssueAction, ViewIssueAction, SearchJqlAction, ViewDashboardAction, ViewBoardAction, ProjectSummaryAction, ViewBoardAction, ViewDashboardAction, ViewIssueAction, ViewIssueAction, AddCommentAction, SearchJqlAction, ViewIssueAction, SearchJqlAction, SearchJqlAction, ViewBacklogAction, ViewIssueAction, ViewIssueAction, ViewIssueAction, BrowseProjectsAction, ViewIssueAction, ProjectSummaryAction, ViewIssueAction, ViewIssueAction, ViewIssueAction, ProjectSummaryAction, ViewBacklogAction, BrowseProjectsAction, SearchJqlAction, ViewBoardAction, CreateIssueAction, ViewBacklogAction, ViewIssueAction, ViewIssueAction, ViewIssueAction, PatientBrowseBoardsAction, ViewIssueAction, ViewBoardAction, ViewBacklogAction, ViewIssueAction, SearchJqlAction, ViewIssueAction, ViewIssueAction, ViewIssueAction, ViewBacklogAction, BrowseProjectsAction, ViewIssueAction, ViewIssueAction, EditIssueAction, ViewDashboardAction, SearchJqlAction, PatientBrowseBoardsAction, ViewIssueAction, ViewBoardAction, ViewIssueAction, ViewIssueAction, ViewDashboardAction, BrowseProjectsAction, ViewIssueAction, ViewBacklogAction, ViewIssueAction]
2019-07-22T12:52:00,353Z DEBUG {} [applying load #51fc10ee-f2a3-4152-8758-b4b823ac8c5d] [ViewBoardAction] Skipping View Board. I have no knowledge of Boards.
2019-07-22T12:52:01,559Z DEBUG {} [applying load #7179a009-1eb3-4b1e-879d-88ac8a8c7587] [ExploratoryVirtualUser] Circling through [ViewIssueAction, ViewDashboardAction, SearchJqlAction, ViewIssueAction, ViewBacklogAction, ViewBacklogAction, ViewIssueAction, ViewIssueAction, ViewIssueAction, ViewDashboardAction, SearchJqlAction, ViewBoardAction, SearchJqlAction, ViewBoardAction, ViewIssueAction, ProjectSummaryAction, ViewIssueAction, ViewIssueAction, ViewIssueAction, BrowseProjectsAction, ViewIssueAction, BrowseProjectsAction, SearchJqlAction, ViewDashboardAction, ViewIssueAction, ViewIssueAction, ViewIssueAction, SearchJqlAction, ViewIssueAction, CreateIssueAction, SearchJqlAction, ViewIssueAction, ViewIssueAction, ViewDashboardAction, ViewBacklogAction, ProjectSummaryAction, EditIssueAction, ViewBoardAction, AddCommentAction, ViewBoardAction, PatientBrowseBoardsAction, ViewIssueAction, SearchJqlAction, SearchJqlAction, ViewIssueAction, ViewIssueAction, ViewIssueAction, CreateIssueAction, ViewIssueAction, ViewIssueAction, ViewIssueAction, SearchJqlAction, ViewIssueAction, ViewIssueAction, ViewIssueAction, ProjectSummaryAction, CreateIssueAction, ViewIssueAction, ViewDashboardAction, ViewDashboardAction, ViewIssueAction, ViewBacklogAction, ViewIssueAction, ViewIssueAction, ViewBoardAction, ViewBoardAction, ViewBacklogAction, ViewIssueAction, ViewBoardAction, SearchJqlAction, ViewBacklogAction, ViewIssueAction, ViewBoardAction, SearchJqlAction, ViewIssueAction, CreateIssueAction, SearchJqlAction, ViewIssueAction, BrowseProjectsAction, ViewBacklogAction, ViewBacklogAction, SearchJqlAction, SearchJqlAction, BrowseProjectsAction, EditIssueAction, ViewIssueAction, ViewIssueAction, ViewIssueAction, ViewIssueAction, EditIssueAction, SearchJqlAction, ViewBoardAction, ViewIssueAction, PatientBrowseBoardsAction, ViewDashboardAction, SearchJqlAction, ViewIssueAction, ViewDashboardAction, ProjectSummaryAction, ViewIssueAction, ViewIssueAction, ViewIssueAction, EditIssueAction, ViewIssueAction, SearchJqlAction, ViewDashboardAction, ViewIssueAction, ViewIssueAction, SearchJqlAction, BrowseProjectsAction, SearchJqlAction, ViewIssueAction, ViewIssueAction, ProjectSummaryAction, ViewBoardAction, ViewIssueAction, ViewBacklogAction, EditIssueAction, ViewIssueAction, SearchJqlAction, CreateIssueAction, ViewIssueAction, ViewIssueAction, ViewIssueAction, ViewIssueAction, ViewIssueAction, ViewBacklogAction, ViewDashboardAction, AddCommentAction]
2019-07-22T12:52:01,560Z DEBUG {} [applying load #7179a009-1eb3-4b1e-879d-88ac8a8c7587] [ViewIssueAction] Skipping View Issue action. I have no knowledge of issue keys.
2019-07-22T12:52:02,241Z DEBUG {} [applying load #cef40ba0-4e7c-4730-b146-3247d8ad5122] [ViewBoardAction] Skipping View Board. I have no knowledge of Boards.
2019-07-22T12:52:03,946Z DEBUG {} [applying load #43a80991-d90c-46c7-a63d-72bd63c4c064] [ExploratoryVirtualUser] Circling through [ViewBoardAction, ViewIssueAction, ViewBoardAction, ViewIssueAction, AddCommentAction, ViewIssueAction, SearchJqlAction, SearchJqlAction, ViewBoardAction, AddCommentAction, BrowseProjectsAction, CreateIssueAction, ViewDashboardAction, ViewIssueAction, ViewIssueAction, SearchJqlAction, ViewIssueAction, ViewBacklogAction, BrowseProjectsAction, ViewIssueAction, ViewBacklogAction, ViewIssueAction, ViewIssueAction, ProjectSummaryAction, ViewIssueAction, ViewDashboardAction, ViewIssueAction, ViewIssueAction, ViewBoardAction, ViewDashboardAction, ViewBoardAction, ViewIssueAction, CreateIssueAction, SearchJqlAction, SearchJqlAction, SearchJqlAction, PatientBrowseBoardsAction, SearchJqlAction, BrowseProjectsAction, ViewIssueAction, ViewBoardAction, ViewIssueAction, ViewIssueAction, ViewIssueAction, SearchJqlAction, ViewIssueAction, ViewIssueAction, ViewIssueAction, ProjectSummaryAction, ViewBoardAction, ViewIssueAction, ViewIssueAction, ViewDashboardAction, EditIssueAction, SearchJqlAction, ViewIssueAction, ViewBoardAction, ViewIssueAction, CreateIssueAction, ViewIssueAction, PatientBrowseBoardsAction, ProjectSummaryAction, EditIssueAction, ViewIssueAction, ViewIssueAction, ProjectSummaryAction, ViewIssueAction, ViewIssueAction, ViewIssueAction, ViewDashboardAction, ViewBacklogAction, SearchJqlAction, ViewIssueAction, ViewIssueAction, SearchJqlAction, ViewBoardAction, SearchJqlAction, BrowseProjectsAction, SearchJqlAction, ViewDashboardAction, ViewIssueAction, ViewIssueAction, BrowseProjectsAction, SearchJqlAction, SearchJqlAction, ViewIssueAction, ViewIssueAction, ViewIssueAction, ViewBacklogAction, ViewIssueAction, SearchJqlAction, SearchJqlAction, CreateIssueAction, ViewBacklogAction, ViewBacklogAction, ViewIssueAction, ViewIssueAction, ViewBacklogAction, EditIssueAction, ViewBacklogAction, ViewIssueAction, ViewIssueAction, EditIssueAction, ViewDashboardAction, ViewIssueAction, ViewIssueAction, ViewIssueAction, SearchJqlAction, ViewDashboardAction, ViewIssueAction, ViewIssueAction, ViewIssueAction, ViewDashboardAction, ViewDashboardAction, ViewIssueAction, ViewIssueAction, ViewIssueAction, CreateIssueAction, ProjectSummaryAction, ViewBacklogAction, EditIssueAction, ViewIssueAction, SearchJqlAction, ViewBoardAction, SearchJqlAction, ViewIssueAction, ViewBacklogAction, ViewIssueAction, ViewIssueAction]
2019-07-22T12:52:03,946Z DEBUG {} [applying load #43a80991-d90c-46c7-a63d-72bd63c4c064] [ViewBoardAction] Skipping View Board. I have no knowledge of Boards.
2019-07-22T12:52:03,962Z DEBUG {} [applying load #b1eb5493-d842-47f1-9e0c-2af61014205a] [ExploratoryVirtualUser] Circling through [ViewDashboardAction, ViewDashboardAction, ViewIssueAction, SearchJqlAction, ViewIssueAction, ViewIssueAction, ViewIssueAction, ViewIssueAction, ViewIssueAction, CreateIssueAction, ViewIssueAction, ViewIssueAction, BrowseProjectsAction, ViewBoardAction, ViewIssueAction, BrowseProjectsAction, EditIssueAction, CreateIssueAction, SearchJqlAction, ViewIssueAction, SearchJqlAction, ViewIssueAction, ViewIssueAction, ViewIssueAction, ViewBacklogAction, AddCommentAction, ViewDashboardAction, SearchJqlAction, ViewIssueAction, SearchJqlAction, BrowseProjectsAction, ViewIssueAction, ViewIssueAction, SearchJqlAction, SearchJqlAction, CreateIssueAction, ViewIssueAction, ViewDashboardAction, ViewDashboardAction, ViewIssueAction, SearchJqlAction, ViewIssueAction, ViewIssueAction, ViewBacklogAction, ViewIssueAction, ViewIssueAction, ViewBoardAction, ViewIssueAction, SearchJqlAction, SearchJqlAction, SearchJqlAction, ViewIssueAction, ViewIssueAction, ViewIssueAction, ViewDashboardAction, ViewDashboardAction, ViewIssueAction, ViewBoardAction, ViewBacklogAction, ViewIssueAction, SearchJqlAction, SearchJqlAction, ViewBacklogAction, CreateIssueAction, ViewIssueAction, ViewIssueAction, PatientBrowseBoardsAction, ViewIssueAction, ViewIssueAction, ViewDashboardAction, ViewBoardAction, ViewIssueAction, ViewIssueAction, ViewIssueAction, SearchJqlAction, ViewIssueAction, SearchJqlAction, ViewBacklogAction, ProjectSummaryAction, SearchJqlAction, ViewIssueAction, SearchJqlAction, ViewIssueAction, SearchJqlAction, ProjectSummaryAction, SearchJqlAction, ViewIssueAction, ViewBoardAction, ViewBacklogAction, BrowseProjectsAction, ViewIssueAction, ViewIssueAction, ViewIssueAction, ViewIssueAction, AddCommentAction, ViewIssueAction, EditIssueAction, CreateIssueAction, ProjectSummaryAction, ViewIssueAction, ViewBacklogAction, ProjectSummaryAction, ViewIssueAction, ViewDashboardAction, ViewIssueAction, ViewBoardAction, ViewDashboardAction, ViewBacklogAction, PatientBrowseBoardsAction, ViewIssueAction, ViewBoardAction, ViewBoardAction, EditIssueAction, ViewIssueAction, BrowseProjectsAction, EditIssueAction, ViewBoardAction, SearchJqlAction, ViewBoardAction, ViewIssueAction, ViewIssueAction, ViewIssueAction, ViewIssueAction, ViewBacklogAction, ViewIssueAction, ViewIssueAction, ProjectSummaryAction, ViewBacklogAction, EditIssueAction]
2019-07-22T12:52:04,503Z DEBUG {} [applying load #1e517702-eb41-4e06-bb72-fce314cb2d39] [ExploratoryVirtualUser] Circling through [ViewDashboardAction, ViewIssueAction, ViewIssueAction, ViewBoardAction, BrowseProjectsAction, SearchJqlAction, ViewBoardAction, ViewBoardAction, ViewIssueAction, ViewIssueAction, ViewIssueAction, ViewIssueAction, ViewIssueAction, SearchJqlAction, EditIssueAction, BrowseProjectsAction, ViewIssueAction, CreateIssueAction, ViewIssueAction, ViewBoardAction, ViewBacklogAction, SearchJqlAction, ViewIssueAction, ViewIssueAction, ViewIssueAction, ViewIssueAction, ViewDashboardAction, ViewIssueAction, ViewIssueAction, ViewIssueAction, CreateIssueAction, ViewBoardAction, ViewBoardAction, ViewIssueAction, SearchJqlAction, ViewIssueAction, SearchJqlAction, SearchJqlAction, ViewBacklogAction, ViewBoardAction, ViewIssueAction, AddCommentAction, ViewDashboardAction, ViewIssueAction, ViewIssueAction, ViewDashboardAction, ViewDashboardAction, SearchJqlAction, ViewIssueAction, AddCommentAction, SearchJqlAction, ViewIssueAction, SearchJqlAction, ViewBoardAction, ViewBacklogAction, ViewBacklogAction, ViewIssueAction, ViewIssueAction, SearchJqlAction, BrowseProjectsAction, ViewBoardAction, ViewIssueAction, ViewDashboardAction, ProjectSummaryAction, EditIssueAction, ViewIssueAction, ViewIssueAction, ViewIssueAction, SearchJqlAction, SearchJqlAction, ViewIssueAction, ViewIssueAction, ViewIssueAction, ProjectSummaryAction, SearchJqlAction, ViewBacklogAction, EditIssueAction, ViewIssueAction, ViewIssueAction, BrowseProjectsAction, ViewIssueAction, ViewIssueAction, ViewIssueAction, ViewBacklogAction, ProjectSummaryAction, ViewIssueAction, ViewIssueAction, CreateIssueAction, SearchJqlAction, ViewIssueAction, PatientBrowseBoardsAction, ProjectSummaryAction, BrowseProjectsAction, ViewBoardAction, ViewIssueAction, EditIssueAction, ViewBacklogAction, ViewIssueAction, ViewIssueAction, SearchJqlAction, PatientBrowseBoardsAction, SearchJqlAction, SearchJqlAction, ViewDashboardAction, ViewIssueAction, CreateIssueAction, SearchJqlAction, ViewIssueAction, ViewIssueAction, SearchJqlAction, ViewIssueAction, SearchJqlAction, ViewBacklogAction, ViewDashboardAction, ViewIssueAction, CreateIssueAction, ViewIssueAction, ProjectSummaryAction, ViewDashboardAction, ViewIssueAction, EditIssueAction, ViewBacklogAction, ViewIssueAction, ViewDashboardAction, ViewIssueAction, ViewIssueAction, ViewBacklogAction, ViewIssueAction, ViewIssueAction]
2019-07-22T12:52:04,612Z DEBUG {} [applying load #c9c8b81c-236d-4995-86fc-5b153c0cbc3d] [ExploratoryVirtualUser] Circling through [EditIssueAction, ViewIssueAction, ViewIssueAction, ViewIssueAction, ViewBacklogAction, SearchJqlAction, ViewIssueAction, ViewBoardAction, ViewBacklogAction, ViewIssueAction, ViewBoardAction, ViewIssueAction, ViewIssueAction, ViewBoardAction, ViewDashboardAction, ViewBacklogAction, ViewIssueAction, ViewIssueAction, ViewIssueAction, SearchJqlAction, ViewIssueAction, ViewIssueAction, ViewIssueAction, ViewBacklogAction, ViewIssueAction, ViewIssueAction, SearchJqlAction, ViewIssueAction, SearchJqlAction, SearchJqlAction, CreateIssueAction, ViewIssueAction, ViewIssueAction, ViewIssueAction, EditIssueAction, ViewIssueAction, SearchJqlAction, ViewIssueAction, SearchJqlAction, ViewDashboardAction, SearchJqlAction, ViewDashboardAction, ViewBoardAction, CreateIssueAction, ViewDashboardAction, ViewBacklogAction, ViewIssueAction, ViewIssueAction, ViewIssueAction, ViewIssueAction, ViewDashboardAction, ViewBoardAction, BrowseProjectsAction, PatientBrowseBoardsAction, ProjectSummaryAction, ViewIssueAction, BrowseProjectsAction, ViewIssueAction, ViewIssueAction, ProjectSummaryAction, ViewIssueAction, ViewIssueAction, ViewIssueAction, AddCommentAction, ViewIssueAction, ViewIssueAction, ViewBoardAction, CreateIssueAction, CreateIssueAction, SearchJqlAction, ViewBacklogAction, ViewBoardAction, ViewIssueAction, ViewIssueAction, ViewDashboardAction, SearchJqlAction, ProjectSummaryAction, ViewIssueAction, SearchJqlAction, ViewIssueAction, ViewIssueAction, ViewIssueAction, ViewBacklogAction, ViewBoardAction, ProjectSummaryAction, AddCommentAction, EditIssueAction, SearchJqlAction, BrowseProjectsAction, EditIssueAction, SearchJqlAction, ViewIssueAction, ViewIssueAction, ViewIssueAction, ViewIssueAction, ViewDashboardAction, CreateIssueAction, ViewIssueAction, ViewIssueAction, PatientBrowseBoardsAction, ViewBacklogAction, SearchJqlAction, ViewIssueAction, ViewIssueAction, SearchJqlAction, ViewBoardAction, ViewDashboardAction, ProjectSummaryAction, ViewIssueAction, SearchJqlAction, EditIssueAction, ViewBoardAction, ViewIssueAction, ViewBacklogAction, SearchJqlAction, ViewIssueAction, ViewDashboardAction, ViewIssueAction, ViewIssueAction, ViewDashboardAction, BrowseProjectsAction, SearchJqlAction, ViewIssueAction, ViewIssueAction, ViewIssueAction, SearchJqlAction, ViewBacklogAction, SearchJqlAction, BrowseProjectsAction]
2019-07-22T12:52:04,613Z DEBUG {} [applying load #c9c8b81c-236d-4995-86fc-5b153c0cbc3d] [EditIssueAction] Cannot edit any issue, because I didn't see any editable issues
2019-07-22T12:52:04,614Z DEBUG {} [applying load #b6fea101-bb06-4787-b97c-b0d810f91aca] [ExploratoryVirtualUser] Circling through [ViewIssueAction, ViewIssueAction, SearchJqlAction, ViewIssueAction, ViewIssueAction, SearchJqlAction, ViewIssueAction, ViewIssueAction, SearchJqlAction, ViewDashboardAction, SearchJqlAction, BrowseProjectsAction, ViewIssueAction, SearchJqlAction, ViewIssueAction, SearchJqlAction, SearchJqlAction, ViewIssueAction, SearchJqlAction, ViewIssueAction, ViewDashboardAction, BrowseProjectsAction, ProjectSummaryAction, CreateIssueAction, CreateIssueAction, BrowseProjectsAction, ViewIssueAction, ViewIssueAction, ViewIssueAction, CreateIssueAction, ViewIssueAction, ViewDashboardAction, ViewIssueAction, ViewDashboardAction, CreateIssueAction, ViewIssueAction, ViewIssueAction, ViewBacklogAction, ViewDashboardAction, ViewIssueAction, ViewBoardAction, ViewBoardAction, ProjectSummaryAction, ViewIssueAction, ViewBoardAction, ViewIssueAction, EditIssueAction, ViewIssueAction, ViewDashboardAction, SearchJqlAction, ViewBacklogAction, SearchJqlAction, ViewIssueAction, ViewIssueAction, ViewDashboardAction, ProjectSummaryAction, ViewIssueAction, ViewIssueAction, ViewIssueAction, SearchJqlAction, PatientBrowseBoardsAction, ViewBacklogAction, ViewBoardAction, ViewIssueAction, CreateIssueAction, ViewDashboardAction, EditIssueAction, AddCommentAction, SearchJqlAction, ViewBacklogAction, ViewIssueAction, SearchJqlAction, ViewIssueAction, ViewIssueAction, SearchJqlAction, ViewIssueAction, BrowseProjectsAction, SearchJqlAction, AddCommentAction, ViewIssueAction, ViewIssueAction, ViewIssueAction, ProjectSummaryAction, ViewIssueAction, ViewBoardAction, ViewIssueAction, ViewBacklogAction, SearchJqlAction, ViewDashboardAction, SearchJqlAction, ViewIssueAction, ViewIssueAction, ViewIssueAction, ProjectSummaryAction, ViewBacklogAction, SearchJqlAction, ViewIssueAction, ViewIssueAction, ViewIssueAction, ViewIssueAction, ViewIssueAction, ViewBacklogAction, ViewIssueAction, ViewIssueAction, ViewBoardAction, ViewIssueAction, ViewDashboardAction, ViewBoardAction, PatientBrowseBoardsAction, ViewBoardAction, ViewIssueAction, ViewIssueAction, EditIssueAction, ViewIssueAction, ViewBacklogAction, EditIssueAction, ViewIssueAction, ViewIssueAction, ViewBoardAction, ViewBacklogAction, ViewBoardAction, ViewIssueAction, ViewBacklogAction, EditIssueAction, ViewIssueAction, SearchJqlAction, BrowseProjectsAction, ViewIssueAction, SearchJqlAction]
2019-07-22T12:52:04,614Z DEBUG {} [applying load #b6fea101-bb06-4787-b97c-b0d810f91aca] [ViewIssueAction] Skipping View Issue action. I have no knowledge of issue keys.
2019-07-22T12:52:04,617Z DEBUG {} [applying load #1e834fab-79d6-4171-8990-58e89952e212] [ExploratoryVirtualUser] Circling through [ViewIssueAction, ViewIssueAction, ViewIssueAction, ViewBacklogAction, ViewIssueAction, ViewIssueAction, SearchJqlAction, ViewIssueAction, ViewDashboardAction, SearchJqlAction, ViewBoardAction, BrowseProjectsAction, ViewIssueAction, AddCommentAction, BrowseProjectsAction, ViewBacklogAction, ViewIssueAction, SearchJqlAction, ViewBacklogAction, ViewBoardAction, SearchJqlAction, EditIssueAction, ViewIssueAction, ViewBacklogAction, ViewDashboardAction, AddCommentAction, ViewIssueAction, ViewIssueAction, ViewIssueAction, ViewDashboardAction, CreateIssueAction, ViewIssueAction, ViewIssueAction, SearchJqlAction, ViewIssueAction, ViewIssueAction, ProjectSummaryAction, ViewIssueAction, ViewIssueAction, ViewIssueAction, ViewDashboardAction, SearchJqlAction, EditIssueAction, SearchJqlAction, EditIssueAction, BrowseProjectsAction, ViewIssueAction, SearchJqlAction, ViewIssueAction, ViewIssueAction, ViewIssueAction, SearchJqlAction, EditIssueAction, SearchJqlAction, SearchJqlAction, ViewBacklogAction, ViewDashboardAction, ViewBoardAction, ViewIssueAction, ViewIssueAction, BrowseProjectsAction, ViewDashboardAction, ViewIssueAction, ViewIssueAction, ViewBoardAction, ViewBoardAction, ViewBoardAction, ViewIssueAction, ViewBacklogAction, ProjectSummaryAction, CreateIssueAction, ViewIssueAction, EditIssueAction, ProjectSummaryAction, ViewIssueAction, ViewIssueAction, BrowseProjectsAction, ViewBoardAction, ViewIssueAction, CreateIssueAction, ViewDashboardAction, ViewIssueAction, ViewIssueAction, ViewBoardAction, ViewIssueAction, ViewIssueAction, ViewIssueAction, ViewDashboardAction, PatientBrowseBoardsAction, ViewIssueAction, ViewDashboardAction, ViewIssueAction, ViewIssueAction, ViewIssueAction, ViewIssueAction, ViewBoardAction, ViewBoardAction, SearchJqlAction, ViewIssueAction, ViewBacklogAction, SearchJqlAction, ProjectSummaryAction, ViewIssueAction, CreateIssueAction, ViewIssueAction, ViewBacklogAction, SearchJqlAction, SearchJqlAction, SearchJqlAction, ViewIssueAction, ProjectSummaryAction, SearchJqlAction, CreateIssueAction, ViewIssueAction, ViewDashboardAction, ViewIssueAction, ViewIssueAction, PatientBrowseBoardsAction, ViewIssueAction, SearchJqlAction, ViewBacklogAction, ViewIssueAction, ViewIssueAction, SearchJqlAction, SearchJqlAction, ViewIssueAction, ViewIssueAction, ViewBacklogAction, ViewIssueAction]
2019-07-22T12:52:04,617Z DEBUG {} [applying load #1e834fab-79d6-4171-8990-58e89952e212] [ViewIssueAction] Skipping View Issue action. I have no knowledge of issue keys.
2019-07-22T12:52:04,634Z DEBUG {} [applying load #4e542328-82fc-45c5-b382-76de5264139b] [ExploratoryVirtualUser] Circling through [ViewDashboardAction, SearchJqlAction, ViewIssueAction, ViewBacklogAction, SearchJqlAction, ViewBoardAction, ViewBoardAction, ViewIssueAction, ViewBacklogAction, ViewIssueAction, ViewIssueAction, ProjectSummaryAction, ViewIssueAction, ViewIssueAction, ViewIssueAction, ViewIssueAction, ViewIssueAction, EditIssueAction, CreateIssueAction, CreateIssueAction, BrowseProjectsAction, ViewBoardAction, ViewBoardAction, ViewIssueAction, ViewIssueAction, ViewIssueAction, SearchJqlAction, SearchJqlAction, ViewDashboardAction, ViewBoardAction, ViewDashboardAction, ViewDashboardAction, EditIssueAction, SearchJqlAction, ViewIssueAction, ViewIssueAction, ViewIssueAction, BrowseProjectsAction, SearchJqlAction, ViewIssueAction, ViewIssueAction, ViewIssueAction, ViewBacklogAction, ViewIssueAction, ViewBoardAction, BrowseProjectsAction, SearchJqlAction, ViewIssueAction, ViewIssueAction, EditIssueAction, ViewIssueAction, ViewIssueAction, ViewIssueAction, ViewIssueAction, ViewIssueAction, CreateIssueAction, AddCommentAction, ViewIssueAction, ProjectSummaryAction, SearchJqlAction, ViewBacklogAction, ViewIssueAction, ViewBacklogAction, ViewIssueAction, ProjectSummaryAction, ViewBoardAction, ViewIssueAction, ViewIssueAction, ViewIssueAction, ViewBacklogAction, ViewIssueAction, SearchJqlAction, CreateIssueAction, ViewIssueAction, SearchJqlAction, ViewIssueAction, ViewIssueAction, ViewIssueAction, ViewIssueAction, ViewDashboardAction, ViewBacklogAction, SearchJqlAction, ViewIssueAction, ViewIssueAction, AddCommentAction, ViewIssueAction, ViewBacklogAction, BrowseProjectsAction, ViewBacklogAction, ViewIssueAction, EditIssueAction, ViewIssueAction, SearchJqlAction, ViewIssueAction, SearchJqlAction, ViewIssueAction, ViewIssueAction, ViewDashboardAction, SearchJqlAction, ViewDashboardAction, ViewIssueAction, ViewIssueAction, ViewIssueAction, ViewDashboardAction, ViewDashboardAction, SearchJqlAction, ViewBoardAction, CreateIssueAction, ViewIssueAction, PatientBrowseBoardsAction, ViewIssueAction, ViewIssueAction, SearchJqlAction, BrowseProjectsAction, SearchJqlAction, ViewBoardAction, SearchJqlAction, ViewIssueAction, ViewBoardAction, PatientBrowseBoardsAction, ProjectSummaryAction, ViewDashboardAction, EditIssueAction, ViewIssueAction, SearchJqlAction, ProjectSummaryAction, ViewIssueAction, ViewBacklogAction, SearchJqlAction]
2019-07-22T12:52:04,638Z DEBUG {} [applying load #8797ba85-4c4b-4328-8cad-77b65d971617] [ExploratoryVirtualUser] Circling through [BrowseProjectsAction, SearchJqlAction, ViewIssueAction, SearchJqlAction, ViewIssueAction, ViewDashboardAction, AddCommentAction, SearchJqlAction, SearchJqlAction, ViewIssueAction, ViewBacklogAction, ViewIssueAction, ViewIssueAction, SearchJqlAction, SearchJqlAction, ViewIssueAction, ViewIssueAction, ViewBoardAction, SearchJqlAction, ViewBacklogAction, ViewIssueAction, ViewIssueAction, ViewIssueAction, ViewIssueAction, ViewIssueAction, ViewIssueAction, ViewBoardAction, PatientBrowseBoardsAction, ViewIssueAction, EditIssueAction, ViewIssueAction, CreateIssueAction, ViewDashboardAction, ProjectSummaryAction, ViewDashboardAction, ViewIssueAction, ViewIssueAction, ViewDashboardAction, ViewBacklogAction, BrowseProjectsAction, ViewIssueAction, ViewIssueAction, ProjectSummaryAction, SearchJqlAction, ViewBacklogAction, PatientBrowseBoardsAction, SearchJqlAction, ViewIssueAction, EditIssueAction, EditIssueAction, BrowseProjectsAction, ViewIssueAction, SearchJqlAction, CreateIssueAction, ViewIssueAction, ViewIssueAction, CreateIssueAction, ViewDashboardAction, SearchJqlAction, ViewIssueAction, ViewDashboardAction, ViewIssueAction, SearchJqlAction, ViewBacklogAction, ViewIssueAction, ProjectSummaryAction, CreateIssueAction, ViewIssueAction, ViewBoardAction, ViewIssueAction, ViewIssueAction, ViewBacklogAction, EditIssueAction, ViewIssueAction, ViewIssueAction, ViewBacklogAction, ViewBacklogAction, EditIssueAction, SearchJqlAction, ProjectSummaryAction, SearchJqlAction, ViewBoardAction, ViewIssueAction, BrowseProjectsAction, SearchJqlAction, ViewIssueAction, SearchJqlAction, ViewBoardAction, ViewDashboardAction, ViewBoardAction, ViewIssueAction, ViewIssueAction, ViewIssueAction, ViewIssueAction, ViewIssueAction, ViewIssueAction, ViewBoardAction, ViewDashboardAction, ViewIssueAction, ViewBacklogAction, ViewIssueAction, AddCommentAction, ViewIssueAction, SearchJqlAction, ViewIssueAction, ViewBoardAction, ViewIssueAction, ViewIssueAction, BrowseProjectsAction, ViewIssueAction, ViewIssueAction, ViewIssueAction, ViewIssueAction, ViewIssueAction, SearchJqlAction, SearchJqlAction, ViewIssueAction, SearchJqlAction, ViewBoardAction, ViewDashboardAction, ViewBacklogAction, ViewIssueAction, CreateIssueAction, ProjectSummaryAction, ViewBoardAction, ViewIssueAction, ViewIssueAction, ViewDashboardAction, ViewIssueAction]
2019-07-22T12:52:04,647Z DEBUG {} [applying load #89e43cb3-51d2-459f-9649-aff7025c48a7] [ExploratoryVirtualUser] Circling through [ProjectSummaryAction, EditIssueAction, EditIssueAction, ViewIssueAction, ViewIssueAction, ViewIssueAction, ViewIssueAction, CreateIssueAction, ViewDashboardAction, ViewBoardAction, ViewBoardAction, ViewIssueAction, ViewIssueAction, ViewDashboardAction, ViewBacklogAction, ViewDashboardAction, ViewIssueAction, SearchJqlAction, SearchJqlAction, ViewIssueAction, ViewIssueAction, ViewIssueAction, SearchJqlAction, ViewIssueAction, ViewIssueAction, ViewBoardAction, ViewIssueAction, ViewBacklogAction, AddCommentAction, ViewIssueAction, SearchJqlAction, ProjectSummaryAction, ViewIssueAction, ViewIssueAction, ViewBoardAction, BrowseProjectsAction, ViewBacklogAction, SearchJqlAction, PatientBrowseBoardsAction, ViewIssueAction, EditIssueAction, ViewIssueAction, ViewIssueAction, ViewIssueAction, ViewIssueAction, ViewIssueAction, SearchJqlAction, BrowseProjectsAction, ViewIssueAction, ViewIssueAction, ViewIssueAction, AddCommentAction, ViewIssueAction, ViewBacklogAction, ViewIssueAction, ViewIssueAction, SearchJqlAction, ViewBacklogAction, ViewBacklogAction, ViewBacklogAction, BrowseProjectsAction, ViewIssueAction, CreateIssueAction, ViewDashboardAction, ViewBacklogAction, ViewBoardAction, ViewDashboardAction, ProjectSummaryAction, CreateIssueAction, CreateIssueAction, ViewIssueAction, ProjectSummaryAction, SearchJqlAction, ViewBoardAction, ViewIssueAction, SearchJqlAction, ViewIssueAction, PatientBrowseBoardsAction, ViewIssueAction, ViewIssueAction, ViewIssueAction, ViewIssueAction, ViewBoardAction, ViewIssueAction, ViewBoardAction, SearchJqlAction, ProjectSummaryAction, SearchJqlAction, SearchJqlAction, SearchJqlAction, ViewIssueAction, ViewIssueAction, EditIssueAction, ViewBoardAction, ViewDashboardAction, ViewIssueAction, SearchJqlAction, BrowseProjectsAction, ViewIssueAction, SearchJqlAction, ViewIssueAction, ViewDashboardAction, BrowseProjectsAction, ViewIssueAction, ViewBacklogAction, ViewIssueAction, SearchJqlAction, ViewBacklogAction, ViewIssueAction, ViewDashboardAction, ViewIssueAction, ViewIssueAction, ViewIssueAction, SearchJqlAction, ViewIssueAction, ViewIssueAction, ViewDashboardAction, ViewBoardAction, ViewIssueAction, SearchJqlAction, ViewIssueAction, SearchJqlAction, CreateIssueAction, SearchJqlAction, ViewDashboardAction, EditIssueAction, ViewIssueAction, ViewIssueAction, ViewIssueAction]
2019-07-22T12:52:04,647Z DEBUG {} [applying load #89e43cb3-51d2-459f-9649-aff7025c48a7] [ProjectSummaryAction] Skipping Project summary action. I have no knowledge of projects.
2019-07-22T12:52:07,041Z DEBUG {} [applying load #cef40ba0-4e7c-4730-b146-3247d8ad5122] [ViewIssueAction] Skipping View Issue action. I have no knowledge of issue keys.
2019-07-22T12:52:08,746Z DEBUG {} [applying load #43a80991-d90c-46c7-a63d-72bd63c4c064] [ViewIssueAction] Skipping View Issue action. I have no knowledge of issue keys.
2019-07-22T12:52:09,303Z DEBUG {} [applying load #1e517702-eb41-4e06-bb72-fce314cb2d39] [ViewIssueAction] Skipping View Issue action. I have no knowledge of issue keys.
2019-07-22T12:52:09,414Z DEBUG {} [applying load #c9c8b81c-236d-4995-86fc-5b153c0cbc3d] [ViewIssueAction] Skipping View Issue action. I have no knowledge of issue keys.
2019-07-22T12:52:09,415Z DEBUG {} [applying load #b6fea101-bb06-4787-b97c-b0d810f91aca] [ViewIssueAction] Skipping View Issue action. I have no knowledge of issue keys.
2019-07-22T12:52:09,417Z DEBUG {} [applying load #1e834fab-79d6-4171-8990-58e89952e212] [ViewIssueAction] Skipping View Issue action. I have no knowledge of issue keys.
2019-07-22T12:52:09,447Z DEBUG {} [applying load #89e43cb3-51d2-459f-9649-aff7025c48a7] [EditIssueAction] Cannot edit any issue, because I didn't see any editable issues
2019-07-22T12:52:11,841Z DEBUG {} [applying load #cef40ba0-4e7c-4730-b146-3247d8ad5122] [ViewIssueAction] Skipping View Issue action. I have no knowledge of issue keys.
2019-07-22T12:52:13,546Z DEBUG {} [applying load #43a80991-d90c-46c7-a63d-72bd63c4c064] [ViewBoardAction] Skipping View Board. I have no knowledge of Boards.
2019-07-22T12:52:13,562Z DEBUG {} [applying load #b1eb5493-d842-47f1-9e0c-2af61014205a] [ViewIssueAction] Skipping View Issue action. I have no knowledge of issue keys.
2019-07-22T12:52:14,104Z DEBUG {} [applying load #1e517702-eb41-4e06-bb72-fce314cb2d39] [ViewIssueAction] Skipping View Issue action. I have no knowledge of issue keys.
2019-07-22T12:52:14,213Z DEBUG {} [applying load #c9c8b81c-236d-4995-86fc-5b153c0cbc3d] [ViewIssueAction] Skipping View Issue action. I have no knowledge of issue keys.
2019-07-22T12:52:14,217Z DEBUG {} [applying load #1e834fab-79d6-4171-8990-58e89952e212] [ViewIssueAction] Skipping View Issue action. I have no knowledge of issue keys.
2019-07-22T12:52:14,247Z DEBUG {} [applying load #89e43cb3-51d2-459f-9649-aff7025c48a7] [EditIssueAction] Cannot edit any issue, because I didn't see any editable issues
2019-07-22T12:52:16,057Z DEBUG {} [applying load #8797ba85-4c4b-4328-8cad-77b65d971617] [ViewIssueAction] Skipping View Issue action. I have no knowledge of issue keys.
2019-07-22T12:52:18,347Z DEBUG {} [applying load #43a80991-d90c-46c7-a63d-72bd63c4c064] [ViewIssueAction] Skipping View Issue action. I have no knowledge of issue keys.
2019-07-22T12:52:18,903Z DEBUG {} [applying load #1e517702-eb41-4e06-bb72-fce314cb2d39] [ViewBoardAction] Skipping View Board. I have no knowledge of Boards.
2019-07-22T12:52:19,014Z DEBUG {} [applying load #c9c8b81c-236d-4995-86fc-5b153c0cbc3d] [ViewIssueAction] Skipping View Issue action. I have no knowledge of issue keys.
2019-07-22T12:52:19,017Z DEBUG {} [applying load #1e834fab-79d6-4171-8990-58e89952e212] [ViewBacklogAction] Skipping View Backlog. I have no knowledge of Boards.
2019-07-22T12:52:19,047Z DEBUG {} [applying load #89e43cb3-51d2-459f-9649-aff7025c48a7] [ViewIssueAction] Skipping View Issue action. I have no knowledge of issue keys.
2019-07-22T12:52:22,191Z DEBUG {} [applying load #cef40ba0-4e7c-4730-b146-3247d8ad5122] [ViewIssueAction] Skipping View Issue action. I have no knowledge of issue keys.
2019-07-22T12:52:23,146Z DEBUG {} [applying load #43a80991-d90c-46c7-a63d-72bd63c4c064] [AddCommentAction] Cannot add a comment, because I didn't see any issues yet
2019-07-22T12:52:23,813Z DEBUG {} [applying load #c9c8b81c-236d-4995-86fc-5b153c0cbc3d] [ViewBacklogAction] Skipping View Backlog. I have no knowledge of Boards.
2019-07-22T12:52:23,817Z DEBUG {} [applying load #1e834fab-79d6-4171-8990-58e89952e212] [ViewIssueAction] Skipping View Issue action. I have no knowledge of issue keys.
2019-07-22T12:52:23,848Z DEBUG {} [applying load #89e43cb3-51d2-459f-9649-aff7025c48a7] [ViewIssueAction] Skipping View Issue action. I have no knowledge of issue keys.
2019-07-22T12:52:26,241Z DEBUG {} [applying load #cef40ba0-4e7c-4730-b146-3247d8ad5122] [ViewIssueAction] Skipping View Issue action. I have no knowledge of issue keys.
2019-07-22T12:52:27,946Z DEBUG {} [applying load #43a80991-d90c-46c7-a63d-72bd63c4c064] [ViewIssueAction] Skipping View Issue action. I have no knowledge of issue keys.
2019-07-22T12:52:28,617Z DEBUG {} [applying load #1e834fab-79d6-4171-8990-58e89952e212] [ViewIssueAction] Skipping View Issue action. I have no knowledge of issue keys.
2019-07-22T12:52:28,647Z DEBUG {} [applying load #89e43cb3-51d2-459f-9649-aff7025c48a7] [ViewIssueAction] Skipping View Issue action. I have no knowledge of issue keys.
2019-07-22T12:52:31,042Z DEBUG {} [applying load #cef40ba0-4e7c-4730-b146-3247d8ad5122] [AddCommentAction] Cannot add a comment, because I didn't see any issues yet
2019-07-22T12:52:33,447Z DEBUG {} [applying load #89e43cb3-51d2-459f-9649-aff7025c48a7] [ViewIssueAction] Skipping View Issue action. I have no knowledge of issue keys.
2019-07-22T12:52:37,300Z DEBUG {} [applying load #1e517702-eb41-4e06-bb72-fce314cb2d39] [ViewBoardAction] Skipping View Board. I have no knowledge of Boards.
2019-07-22T12:52:37,311Z DEBUG {} [applying load #c9c8b81c-236d-4995-86fc-5b153c0cbc3d] [ViewIssueAction] Skipping View Issue action. I have no knowledge of issue keys.
2019-07-22T12:52:38,104Z DEBUG {} [applying load #1e517702-eb41-4e06-bb72-fce314cb2d39] [ViewBoardAction] Skipping View Board. I have no knowledge of Boards.
2019-07-22T12:52:38,214Z DEBUG {} [applying load #c9c8b81c-236d-4995-86fc-5b153c0cbc3d] [ViewBoardAction] Skipping View Board. I have no knowledge of Boards.
2019-07-22T12:52:38,218Z DEBUG {} [applying load #1e834fab-79d6-4171-8990-58e89952e212] [ViewIssueAction] Skipping View Issue action. I have no knowledge of issue keys.
2019-07-22T12:52:38,248Z DEBUG {} [applying load #89e43cb3-51d2-459f-9649-aff7025c48a7] [CreateIssueAction] Skipping Create issue action. I have no knowledge of projects.
2019-07-22T12:52:40,641Z DEBUG {} [applying load #cef40ba0-4e7c-4730-b146-3247d8ad5122] [ViewIssueAction] Skipping View Issue action. I have no knowledge of issue keys.
2019-07-22T12:52:42,903Z DEBUG {} [applying load #1e517702-eb41-4e06-bb72-fce314cb2d39] [ViewIssueAction] Skipping View Issue action. I have no knowledge of issue keys.
2019-07-22T12:52:43,013Z DEBUG {} [applying load #c9c8b81c-236d-4995-86fc-5b153c0cbc3d] [ViewBacklogAction] Skipping View Backlog. I have no knowledge of Boards.
2019-07-22T12:52:47,704Z DEBUG {} [applying load #1e517702-eb41-4e06-bb72-fce314cb2d39] [ViewIssueAction] Skipping View Issue action. I have no knowledge of issue keys.
2019-07-22T12:52:47,813Z DEBUG {} [applying load #c9c8b81c-236d-4995-86fc-5b153c0cbc3d] [ViewIssueAction] Skipping View Issue action. I have no knowledge of issue keys.
2019-07-22T12:52:49,179Z DEBUG {} [applying load #89e43cb3-51d2-459f-9649-aff7025c48a7] [ViewBoardAction] Skipping View Board. I have no knowledge of Boards.
2019-07-22T12:52:50,241Z DEBUG {} [applying load #cef40ba0-4e7c-4730-b146-3247d8ad5122] [ViewIssueAction] Skipping View Issue action. I have no knowledge of issue keys.
2019-07-22T12:52:52,503Z DEBUG {} [applying load #1e517702-eb41-4e06-bb72-fce314cb2d39] [ViewIssueAction] Skipping View Issue action. I have no knowledge of issue keys.
2019-07-22T12:52:52,614Z DEBUG {} [applying load #c9c8b81c-236d-4995-86fc-5b153c0cbc3d] [ViewBoardAction] Skipping View Board. I have no knowledge of Boards.
2019-07-22T12:52:52,648Z DEBUG {} [applying load #89e43cb3-51d2-459f-9649-aff7025c48a7] [ViewBoardAction] Skipping View Board. I have no knowledge of Boards.
2019-07-22T12:52:52,995Z DEBUG {} [applying load #1e834fab-79d6-4171-8990-58e89952e212] [ViewBoardAction] Skipping View Board. I have no knowledge of Boards.
2019-07-22T12:52:57,303Z DEBUG {} [applying load #1e517702-eb41-4e06-bb72-fce314cb2d39] [ViewIssueAction] Skipping View Issue action. I have no knowledge of issue keys.
2019-07-22T12:52:57,413Z DEBUG {} [applying load #c9c8b81c-236d-4995-86fc-5b153c0cbc3d] [ViewIssueAction] Skipping View Issue action. I have no knowledge of issue keys.
2019-07-22T12:52:57,447Z DEBUG {} [applying load #89e43cb3-51d2-459f-9649-aff7025c48a7] [ViewIssueAction] Skipping View Issue action. I have no knowledge of issue keys.
2019-07-22T12:53:02,103Z DEBUG {} [applying load #1e517702-eb41-4e06-bb72-fce314cb2d39] [ViewIssueAction] Skipping View Issue action. I have no knowledge of issue keys.
2019-07-22T12:53:02,214Z DEBUG {} [applying load #c9c8b81c-236d-4995-86fc-5b153c0cbc3d] [ViewIssueAction] Skipping View Issue action. I have no knowledge of issue keys.
2019-07-22T12:53:02,218Z DEBUG {} [applying load #1e834fab-79d6-4171-8990-58e89952e212] [ViewIssueAction] Skipping View Issue action. I have no knowledge of issue keys.
2019-07-22T12:53:02,248Z DEBUG {} [applying load #89e43cb3-51d2-459f-9649-aff7025c48a7] [ViewIssueAction] Skipping View Issue action. I have no knowledge of issue keys.
2019-07-22T12:53:07,013Z DEBUG {} [applying load #c9c8b81c-236d-4995-86fc-5b153c0cbc3d] [ViewBoardAction] Skipping View Board. I have no knowledge of Boards.
2019-07-22T12:53:07,017Z DEBUG {} [applying load #1e834fab-79d6-4171-8990-58e89952e212] [AddCommentAction] Cannot add a comment, because I didn't see any issues yet
2019-07-22T12:53:11,318Z DEBUG {} [applying load #cef40ba0-4e7c-4730-b146-3247d8ad5122] [SeededRandom] Using seed 1563799991
2019-07-22T12:53:11,847Z DEBUG {} [applying load #89e43cb3-51d2-459f-9649-aff7025c48a7] [ViewBacklogAction] Skipping View Backlog. I have no knowledge of Boards.
2019-07-22T12:53:16,614Z DEBUG {} [applying load #c9c8b81c-236d-4995-86fc-5b153c0cbc3d] [ViewBacklogAction] Skipping View Backlog. I have no knowledge of Boards.
2019-07-22T12:53:16,617Z DEBUG {} [applying load #1e834fab-79d6-4171-8990-58e89952e212] [ViewBacklogAction] Skipping View Backlog. I have no knowledge of Boards.
2019-07-22T12:53:18,082Z DEBUG {} [applying load #43a80991-d90c-46c7-a63d-72bd63c4c064] [ViewBoardAction] Skipping View Board. I have no knowledge of Boards.
2019-07-22T12:53:18,082Z DEBUG {} [applying load #43a80991-d90c-46c7-a63d-72bd63c4c064] [AddCommentAction] Cannot add a comment, because I didn't see any issues yet
2019-07-22T12:53:19,952Z DEBUG {} [applying load #51fc10ee-f2a3-4152-8758-b4b823ac8c5d] [AdaptiveJqlMemory] Rendered a new jql query: <<project = AMSAI order by status>>
2019-07-22T12:53:20,787Z DEBUG {} [applying load #4e542328-82fc-45c5-b382-76de5264139b] [AdaptiveJqlMemory] Rendered a new jql query: <<project = BGFFIA order by status>>
2019-07-22T12:53:20,788Z DEBUG {} [applying load #4e542328-82fc-45c5-b382-76de5264139b] [ViewBacklogAction] Skipping View Backlog. I have no knowledge of Boards.
2019-07-22T12:53:20,815Z DEBUG {} [applying load #8797ba85-4c4b-4328-8cad-77b65d971617] [AdaptiveJqlMemory] Rendered a new jql query: <<project = BYSHI order by status>>
2019-07-22T12:53:20,819Z DEBUG {} [applying load #b6fea101-bb06-4787-b97c-b0d810f91aca] [AdaptiveJqlMemory] Rendered a new jql query: <<project = NLKS order by status>>
2019-07-22T12:53:21,234Z DEBUG {} [applying load #51fc10ee-f2a3-4152-8758-b4b823ac8c5d] [AdaptiveJqlMemory] Rendered a new jql query: <<assignee = xrpjgmuae order by project>>
2019-07-22T12:53:21,413Z DEBUG {} [applying load #c9c8b81c-236d-4995-86fc-5b153c0cbc3d] [ViewIssueAction] Skipping View Issue action. I have no knowledge of issue keys.
2019-07-22T12:53:21,417Z DEBUG {} [applying load #1e834fab-79d6-4171-8990-58e89952e212] [ViewIssueAction] Skipping View Issue action. I have no knowledge of issue keys.
2019-07-22T12:53:21,448Z DEBUG {} [applying load #89e43cb3-51d2-459f-9649-aff7025c48a7] [ViewIssueAction] Skipping View Issue action. I have no knowledge of issue keys.
2019-07-22T12:53:21,991Z DEBUG {} [applying load #b6fea101-bb06-4787-b97c-b0d810f91aca] [AdaptiveJqlMemory] Rendered a new jql query: <<assignee = xgsqbwfpe order by project>>
2019-07-22T12:53:22,977Z DEBUG {} [applying load #b1eb5493-d842-47f1-9e0c-2af61014205a] [AdaptiveJqlMemory] Rendered a new jql query: <<project = CCAFR order by status>>
2019-07-22T12:53:24,236Z DEBUG {} [applying load #b1eb5493-d842-47f1-9e0c-2af61014205a] [AdaptiveJqlMemory] Rendered a new jql query: <<assignee = sqxumrjtj order by project>>
2019-07-22T12:53:24,257Z DEBUG {} [applying load #b6fea101-bb06-4787-b97c-b0d810f91aca] [AdaptiveJqlMemory] Rendered a new jql query: <<reporter was fhgklvoqq order by description>>
2019-07-22T12:53:25,299Z DEBUG {} [applying load #b6fea101-bb06-4787-b97c-b0d810f91aca] [AdaptiveJqlMemory] Rendered a new jql query: <<project = BYSHI and assignee = sgquoftoc order by reporter>>
2019-07-22T12:53:25,627Z DEBUG {} [applying load #b1eb5493-d842-47f1-9e0c-2af61014205a] [AdaptiveJqlMemory] Rendered a new jql query: <<reporter was jhducdxpd order by description>>
2019-07-22T12:53:26,213Z DEBUG {} [applying load #c9c8b81c-236d-4995-86fc-5b153c0cbc3d] [ViewIssueAction] Skipping View Issue action. I have no knowledge of issue keys.
2019-07-22T12:53:26,527Z DEBUG {} [applying load #51fc10ee-f2a3-4152-8758-b4b823ac8c5d] [ViewBacklogAction] Skipping View Backlog. I have no knowledge of Boards.
2019-07-22T12:53:26,814Z DEBUG {} [applying load #b1eb5493-d842-47f1-9e0c-2af61014205a] [AdaptiveJqlMemory] Rendered a new jql query: <<project = BBEHIA and assignee = sqxumrjtj order by reporter>>
2019-07-22T12:53:27,681Z DEBUG {} [applying load #51fc10ee-f2a3-4152-8758-b4b823ac8c5d] [AdaptiveJqlMemory] Rendered a new jql query: <<reporter was cuhxaewcx order by description>>
2019-07-22T12:53:28,044Z DEBUG {} [applying load #b1eb5493-d842-47f1-9e0c-2af61014205a] [AdaptiveJqlMemory] Rendered a new jql query: <<text ~ "stolider" order by key>>
2019-07-22T12:53:28,044Z DEBUG {} [applying load #b1eb5493-d842-47f1-9e0c-2af61014205a] [CreateIssueAction] Skipping Create issue action. I have no knowledge of projects.
2019-07-22T12:53:31,013Z DEBUG {} [applying load #c9c8b81c-236d-4995-86fc-5b153c0cbc3d] [ViewIssueAction] Skipping View Issue action. I have no knowledge of issue keys.
2019-07-22T12:53:31,018Z DEBUG {} [applying load #1e834fab-79d6-4171-8990-58e89952e212] [ViewBacklogAction] Skipping View Backlog. I have no knowledge of Boards.
2019-07-22T12:53:31,800Z DEBUG {} [applying load #43a80991-d90c-46c7-a63d-72bd63c4c064] [SeededRandom] Using seed 1563800011
2019-07-22T12:53:31,891Z DEBUG {} [applying load #51fc10ee-f2a3-4152-8758-b4b823ac8c5d] [AdaptiveJqlMemory] Rendered a new jql query: <<project = BYSHI and assignee = sgquoftoc order by reporter>>
2019-07-22T12:53:33,455Z DEBUG {} [applying load #b1eb5493-d842-47f1-9e0c-2af61014205a] [ViewBoardAction] Skipping View Board. I have no knowledge of Boards.
2019-07-22T12:53:35,817Z DEBUG {} [applying load #1e834fab-79d6-4171-8990-58e89952e212] [ViewBoardAction] Skipping View Board. I have no knowledge of Boards.
2019-07-22T12:53:36,143Z DEBUG {} [applying load #51fc10ee-f2a3-4152-8758-b4b823ac8c5d] [AdaptiveJqlMemory] Rendered a new jql query: <<text ~ "saucy" order by key>>
2019-07-22T12:53:36,144Z DEBUG {} [applying load #51fc10ee-f2a3-4152-8758-b4b823ac8c5d] [ViewBoardAction] Skipping View Board. I have no knowledge of Boards.
2019-07-22T12:53:37,240Z DEBUG {} [applying load #7179a009-1eb3-4b1e-879d-88ac8a8c7587] [AdaptiveJqlMemory] Rendered a new jql query: <<project = ANIOS order by status>>
2019-07-22T12:53:37,240Z DEBUG {} [applying load #7179a009-1eb3-4b1e-879d-88ac8a8c7587] [ViewBacklogAction] Skipping View Backlog. I have no knowledge of Boards.
2019-07-22T12:53:37,240Z DEBUG {} [applying load #7179a009-1eb3-4b1e-879d-88ac8a8c7587] [ViewBacklogAction] Skipping View Backlog. I have no knowledge of Boards.
2019-07-22T12:53:38,496Z DEBUG {} [applying load #51fc10ee-f2a3-4152-8758-b4b823ac8c5d] [ViewBoardAction] Skipping View Board. I have no knowledge of Boards.
2019-07-22T12:53:38,543Z DEBUG {} [applying load #7179a009-1eb3-4b1e-879d-88ac8a8c7587] [AdaptiveJqlMemory] Rendered a new jql query: <<assignee = iebyxzczp order by project>>
2019-07-22T12:53:39,484Z DEBUG {} [applying load #7179a009-1eb3-4b1e-879d-88ac8a8c7587] [AdaptiveJqlMemory] Rendered a new jql query: <<reporter was dvcjvdgns order by description>>
2019-07-22T12:53:40,526Z DEBUG {} [applying load #7179a009-1eb3-4b1e-879d-88ac8a8c7587] [AdaptiveJqlMemory] Rendered a new jql query: <<project = CGILSA and assignee = dpscdxzgp order by reporter>>
2019-07-22T12:53:40,663Z DEBUG {} [applying load #b1eb5493-d842-47f1-9e0c-2af61014205a] [SeededRandom] Using seed 1563800020
2019-07-22T12:53:42,971Z DEBUG {} [applying load #cef40ba0-4e7c-4730-b146-3247d8ad5122] [SeededRandom] Using seed 1563800022
2019-07-22T12:53:45,496Z DEBUG {} [applying load #cef40ba0-4e7c-4730-b146-3247d8ad5122] [ViewBacklogAction] Skipping View Backlog. I have no knowledge of Boards.
2019-07-22T12:53:45,736Z DEBUG {} [applying load #1e517702-eb41-4e06-bb72-fce314cb2d39] [EditIssueAction] Cannot edit any issue, because I didn't see any editable issues
2019-07-22T12:53:46,054Z DEBUG {} [applying load #cef40ba0-4e7c-4730-b146-3247d8ad5122] [ViewIssueAction] Skipping View Issue action. I have no knowledge of issue keys.
2019-07-22T12:53:46,054Z DEBUG {} [applying load #cef40ba0-4e7c-4730-b146-3247d8ad5122] [ViewIssueAction] Skipping View Issue action. I have no knowledge of issue keys.
2019-07-22T12:53:46,054Z DEBUG {} [applying load #cef40ba0-4e7c-4730-b146-3247d8ad5122] [ViewBacklogAction] Skipping View Backlog. I have no knowledge of Boards.
2019-07-22T12:53:46,054Z DEBUG {} [applying load #cef40ba0-4e7c-4730-b146-3247d8ad5122] [ViewIssueAction] Skipping View Issue action. I have no knowledge of issue keys.
2019-07-22T12:53:46,054Z DEBUG {} [applying load #cef40ba0-4e7c-4730-b146-3247d8ad5122] [ViewBoardAction] Skipping View Board. I have no knowledge of Boards.
2019-07-22T12:53:46,055Z DEBUG {} [applying load #cef40ba0-4e7c-4730-b146-3247d8ad5122] [ViewBoardAction] Skipping View Board. I have no knowledge of Boards.
2019-07-22T12:53:46,881Z DEBUG {} [applying load #b6fea101-bb06-4787-b97c-b0d810f91aca] [AdaptiveJqlMemory] Rendered a new jql query: <<text ~ "gabbier" order by key>>
2019-07-22T12:53:47,420Z DEBUG {} [applying load #7179a009-1eb3-4b1e-879d-88ac8a8c7587] [ViewBoardAction] Skipping View Board. I have no knowledge of Boards.
2019-07-22T12:53:49,175Z DEBUG {} [applying load #b1eb5493-d842-47f1-9e0c-2af61014205a] [SeededRandom] Using seed 1563800029
2019-07-22T12:53:50,647Z DEBUG {} [applying load #1e517702-eb41-4e06-bb72-fce314cb2d39] [AdaptiveJqlMemory] Rendered a new jql query: <<project = BAEOS order by status>>
2019-07-22T12:53:51,114Z DEBUG {} [applying load #51fc10ee-f2a3-4152-8758-b4b823ac8c5d] [CreateIssueAction] Skipping Create issue action. I have no knowledge of projects.
2019-07-22T12:53:52,641Z DEBUG {} [applying load #cef40ba0-4e7c-4730-b146-3247d8ad5122] [ViewBacklogAction] Skipping View Backlog. I have no knowledge of Boards.
2019-07-22T12:53:55,943Z DEBUG {} [applying load #51fc10ee-f2a3-4152-8758-b4b823ac8c5d] [CreateIssueAction] Skipping Create issue action. I have no knowledge of projects.
2019-07-22T12:53:57,441Z DEBUG {} [applying load #cef40ba0-4e7c-4730-b146-3247d8ad5122] [EditIssueAction] Cannot edit any issue, because I didn't see any editable issues
2019-07-22T12:53:59,617Z DEBUG {} [applying load #1e517702-eb41-4e06-bb72-fce314cb2d39] [SeededRandom] Using seed 1563800039
2019-07-22T12:54:02,925Z DEBUG {} [applying load #51fc10ee-f2a3-4152-8758-b4b823ac8c5d] [SeededRandom] Using seed 1563800042
2019-07-22T12:54:04,029Z DEBUG {} [applying load #43a80991-d90c-46c7-a63d-72bd63c4c064] [AdaptiveJqlMemory] Rendered a new jql query: <<project = AHANUA order by status>>
2019-07-22T12:54:05,341Z DEBUG {} [applying load #43a80991-d90c-46c7-a63d-72bd63c4c064] [AdaptiveJqlMemory] Rendered a new jql query: <<assignee = ojeeojili order by project>>
2019-07-22T12:54:06,082Z DEBUG {} [applying load #1e517702-eb41-4e06-bb72-fce314cb2d39] [AdaptiveJqlMemory] Rendered a new jql query: <<assignee = xgsqbwfpe order by project>>
2019-07-22T12:54:06,083Z DEBUG {} [applying load #1e517702-eb41-4e06-bb72-fce314cb2d39] [ViewBoardAction] Skipping View Board. I have no knowledge of Boards.
2019-07-22T12:54:06,083Z DEBUG {} [applying load #1e517702-eb41-4e06-bb72-fce314cb2d39] [ViewBacklogAction] Skipping View Backlog. I have no knowledge of Boards.
2019-07-22T12:54:07,268Z DEBUG {} [applying load #51fc10ee-f2a3-4152-8758-b4b823ac8c5d] [SeededRandom] Using seed 1563800047
2019-07-22T12:54:09,484Z DEBUG {} [applying load #43a80991-d90c-46c7-a63d-72bd63c4c064] [AdaptiveJqlMemory] Rendered a new jql query: <<reporter was elvhremqk order by description>>
2019-07-22T12:54:09,484Z DEBUG {} [applying load #43a80991-d90c-46c7-a63d-72bd63c4c064] [ViewBacklogAction] Skipping View Backlog. I have no knowledge of Boards.
2019-07-22T12:54:12,094Z DEBUG {} [applying load #51fc10ee-f2a3-4152-8758-b4b823ac8c5d] [SeededRandom] Using seed 1563800052
2019-07-22T12:54:12,713Z DEBUG {} [applying load #1e517702-eb41-4e06-bb72-fce314cb2d39] [AdaptiveJqlMemory] Rendered a new jql query: <<reporter was mfonhrnrg order by description>>
2019-07-22T12:54:13,855Z DEBUG {} [applying load #43a80991-d90c-46c7-a63d-72bd63c4c064] [AdaptiveJqlMemory] Rendered a new jql query: <<project = BYSHI and assignee = sgquoftoc order by reporter>>
2019-07-22T12:54:13,856Z DEBUG {} [applying load #43a80991-d90c-46c7-a63d-72bd63c4c064] [ViewBacklogAction] Skipping View Backlog. I have no knowledge of Boards.
2019-07-22T12:54:14,143Z DEBUG {} [applying load #1e517702-eb41-4e06-bb72-fce314cb2d39] [AdaptiveJqlMemory] Rendered a new jql query: <<project = BAEOS and assignee = lpdfknyeo order by reporter>>
2019-07-22T12:54:14,972Z DEBUG {} [applying load #43a80991-d90c-46c7-a63d-72bd63c4c064] [AdaptiveJqlMemory] Rendered a new jql query: <<text ~ "megalith" order by key>>
2019-07-22T12:54:15,557Z DEBUG {} [applying load #1e517702-eb41-4e06-bb72-fce314cb2d39] [AdaptiveJqlMemory] Rendered a new jql query: <<text ~ "appears" order by key>>
2019-07-22T12:54:15,779Z DEBUG {} [applying load #4e542328-82fc-45c5-b382-76de5264139b] [ViewBoardAction] Skipping View Board. I have no knowledge of Boards.
2019-07-22T12:54:15,779Z DEBUG {} [applying load #4e542328-82fc-45c5-b382-76de5264139b] [ViewBoardAction] Skipping View Board. I have no knowledge of Boards.
2019-07-22T12:54:16,461Z DEBUG {} [applying load #b1eb5493-d842-47f1-9e0c-2af61014205a] [ViewBacklogAction] Skipping View Backlog. I have no knowledge of Boards.
2019-07-22T12:54:17,650Z DEBUG {} [applying load #4e542328-82fc-45c5-b382-76de5264139b] [AdaptiveJqlMemory] Rendered a new jql query: <<assignee = gekavvjdx order by project>>
2019-07-22T12:54:17,650Z DEBUG {} [applying load #4e542328-82fc-45c5-b382-76de5264139b] [ViewBacklogAction] Skipping View Backlog. I have no knowledge of Boards.
2019-07-22T12:54:18,946Z DEBUG {} [applying load #4e542328-82fc-45c5-b382-76de5264139b] [AdaptiveJqlMemory] Rendered a new jql query: <<reporter was xpyslntyv order by description>>
2019-07-22T12:54:20,657Z DEBUG {} [applying load #4e542328-82fc-45c5-b382-76de5264139b] [AdaptiveJqlMemory] Rendered a new jql query: <<project = SBEU and assignee = rahyryjga order by reporter>>
2019-07-22T12:54:20,658Z DEBUG {} [applying load #4e542328-82fc-45c5-b382-76de5264139b] [ProjectSummaryAction] Skipping Project summary action. I have no knowledge of projects.
2019-07-22T12:54:21,968Z DEBUG {} [applying load #4e542328-82fc-45c5-b382-76de5264139b] [AdaptiveJqlMemory] Rendered a new jql query: <<text ~ "motoring" order by key>>
2019-07-22T12:54:22,780Z DEBUG {} [applying load #43a80991-d90c-46c7-a63d-72bd63c4c064] [ViewBoardAction] Skipping View Board. I have no knowledge of Boards.
2019-07-22T12:54:23,220Z DEBUG {} [applying load #b6fea101-bb06-4787-b97c-b0d810f91aca] [SeededRandom] Using seed 1563800063
2019-07-22T12:54:24,352Z DEBUG {} [applying load #51fc10ee-f2a3-4152-8758-b4b823ac8c5d] [ViewBacklogAction] Skipping View Backlog. I have no knowledge of Boards.
2019-07-22T12:54:27,946Z DEBUG {} [applying load #43a80991-d90c-46c7-a63d-72bd63c4c064] [ViewBoardAction] Skipping View Board. I have no knowledge of Boards.
2019-07-22T12:54:28,481Z DEBUG {} [applying load #4e542328-82fc-45c5-b382-76de5264139b] [SeededRandom] Using seed 1563800068
2019-07-22T12:54:30,166Z DEBUG {} [applying load #4e542328-82fc-45c5-b382-76de5264139b] [CreateIssueAction] Skipping Create issue action. I have no knowledge of projects.
2019-07-22T12:54:30,166Z DEBUG {} [applying load #4e542328-82fc-45c5-b382-76de5264139b] [CreateIssueAction] Skipping Create issue action. I have no knowledge of projects.
2019-07-22T12:54:31,615Z DEBUG {} [applying load #89e43cb3-51d2-459f-9649-aff7025c48a7] [AdaptiveJqlMemory] Rendered a new jql query: <<project = CRICSA order by status>>
2019-07-22T12:54:31,997Z DEBUG {} [applying load #b6fea101-bb06-4787-b97c-b0d810f91aca] [SeededRandom] Using seed 1563800071
2019-07-22T12:54:32,736Z DEBUG {} [applying load #89e43cb3-51d2-459f-9649-aff7025c48a7] [AdaptiveJqlMemory] Rendered a new jql query: <<assignee = jscuspibd order by project>>
2019-07-22T12:54:33,256Z DEBUG {} [applying load #4e542328-82fc-45c5-b382-76de5264139b] [ViewBoardAction] Skipping View Board. I have no knowledge of Boards.
2019-07-22T12:54:33,256Z DEBUG {} [applying load #4e542328-82fc-45c5-b382-76de5264139b] [ViewBoardAction] Skipping View Board. I have no knowledge of Boards.
2019-07-22T12:54:33,699Z DEBUG {} [applying load #89e43cb3-51d2-459f-9649-aff7025c48a7] [AdaptiveJqlMemory] Rendered a new jql query: <<reporter was fpwgpdqqb order by description>>
2019-07-22T12:54:34,771Z DEBUG {} [applying load #1e517702-eb41-4e06-bb72-fce314cb2d39] [SeededRandom] Using seed 1563800074
2019-07-22T12:54:37,185Z DEBUG {} [applying load #1e517702-eb41-4e06-bb72-fce314cb2d39] [ViewBoardAction] Skipping View Board. I have no knowledge of Boards.
2019-07-22T12:54:38,103Z DEBUG {} [applying load #1e517702-eb41-4e06-bb72-fce314cb2d39] [ViewBoardAction] Skipping View Board. I have no knowledge of Boards.
2019-07-22T12:54:40,292Z DEBUG {} [applying load #89e43cb3-51d2-459f-9649-aff7025c48a7] [AdaptiveJqlMemory] Rendered a new jql query: <<project = CGAIEA and assignee = dmxecdpot order by reporter>>
2019-07-22T12:54:41,409Z DEBUG {} [applying load #89e43cb3-51d2-459f-9649-aff7025c48a7] [AdaptiveJqlMemory] Rendered a new jql query: <<text ~ "Rotterdam" order by key>>
2019-07-22T12:54:41,409Z DEBUG {} [applying load #89e43cb3-51d2-459f-9649-aff7025c48a7] [ViewBoardAction] Skipping View Board. I have no knowledge of Boards.
2019-07-22T12:54:42,743Z DEBUG {} [applying load #8797ba85-4c4b-4328-8cad-77b65d971617] [AdaptiveJqlMemory] Rendered a new jql query: <<assignee = kqqxzfafo order by project>>
2019-07-22T12:54:42,743Z DEBUG {} [applying load #8797ba85-4c4b-4328-8cad-77b65d971617] [ViewBacklogAction] Skipping View Backlog. I have no knowledge of Boards.
2019-07-22T12:54:42,837Z DEBUG {} [applying load #c9c8b81c-236d-4995-86fc-5b153c0cbc3d] [AdaptiveJqlMemory] Rendered a new jql query: <<project = BCIFSA order by status>>
2019-07-22T12:54:42,888Z DEBUG {} [applying load #89e43cb3-51d2-459f-9649-aff7025c48a7] [ViewBacklogAction] Skipping View Backlog. I have no knowledge of Boards.
2019-07-22T12:54:44,506Z DEBUG {} [applying load #43a80991-d90c-46c7-a63d-72bd63c4c064] [SeededRandom] Using seed 1563800084
2019-07-22T12:54:44,784Z DEBUG {} [applying load #c9c8b81c-236d-4995-86fc-5b153c0cbc3d] [AdaptiveJqlMemory] Rendered a new jql query: <<assignee = kgxmfxzhi order by project>>
2019-07-22T12:54:44,813Z DEBUG {} [applying load #8797ba85-4c4b-4328-8cad-77b65d971617] [AdaptiveJqlMemory] Rendered a new jql query: <<reporter was lhivxcioz order by description>>
2019-07-22T12:54:46,066Z DEBUG {} [applying load #c9c8b81c-236d-4995-86fc-5b153c0cbc3d] [AdaptiveJqlMemory] Rendered a new jql query: <<reporter was brmhbwkzm order by description>>
2019-07-22T12:54:46,066Z DEBUG {} [applying load #c9c8b81c-236d-4995-86fc-5b153c0cbc3d] [ViewBacklogAction] Skipping View Backlog. I have no knowledge of Boards.
2019-07-22T12:54:46,254Z DEBUG {} [applying load #8797ba85-4c4b-4328-8cad-77b65d971617] [AdaptiveJqlMemory] Rendered a new jql query: <<project = CWTTI and assignee = icubmurie order by reporter>>
2019-07-22T12:54:46,626Z DEBUG {} [applying load #7179a009-1eb3-4b1e-879d-88ac8a8c7587] [ViewBoardAction] Skipping View Board. I have no knowledge of Boards.
2019-07-22T12:54:46,982Z DEBUG {} [applying load #c9c8b81c-236d-4995-86fc-5b153c0cbc3d] [AdaptiveJqlMemory] Rendered a new jql query: <<project = AGDIIA and assignee = cvgubfhmj order by reporter>>
2019-07-22T12:54:47,835Z DEBUG {} [applying load #7179a009-1eb3-4b1e-879d-88ac8a8c7587] [AdaptiveJqlMemory] Rendered a new jql query: <<text ~ "libeler" order by key>>
2019-07-22T12:54:47,835Z DEBUG {} [applying load #7179a009-1eb3-4b1e-879d-88ac8a8c7587] [ProjectSummaryAction] Skipping Project summary action. I have no knowledge of projects.
2019-07-22T12:54:48,005Z DEBUG {} [applying load #c9c8b81c-236d-4995-86fc-5b153c0cbc3d] [AdaptiveJqlMemory] Rendered a new jql query: <<text ~ "summary" order by key>>
2019-07-22T12:54:48,927Z DEBUG {} [applying load #89e43cb3-51d2-459f-9649-aff7025c48a7] [ProjectSummaryAction] Skipping Project summary action. I have no knowledge of projects.
2019-07-22T12:54:49,142Z DEBUG {} [applying load #b6fea101-bb06-4787-b97c-b0d810f91aca] [SeededRandom] Using seed 1563800089
2019-07-22T12:54:50,865Z DEBUG {} [applying load #89e43cb3-51d2-459f-9649-aff7025c48a7] [ViewBoardAction] Skipping View Board. I have no knowledge of Boards.
2019-07-22T12:54:52,283Z DEBUG {} [applying load #cef40ba0-4e7c-4730-b146-3247d8ad5122] [ViewBoardAction] Skipping View Board. I have no knowledge of Boards.
2019-07-22T12:54:52,283Z DEBUG {} [applying load #cef40ba0-4e7c-4730-b146-3247d8ad5122] [ViewBacklogAction] Skipping View Backlog. I have no knowledge of Boards.
2019-07-22T12:54:52,283Z DEBUG {} [applying load #cef40ba0-4e7c-4730-b146-3247d8ad5122] [ViewBoardAction] Skipping View Board. I have no knowledge of Boards.
2019-07-22T12:54:53,670Z DEBUG {} [applying load #cef40ba0-4e7c-4730-b146-3247d8ad5122] [AdaptiveJqlMemory] Rendered a new jql query: <<project = NLKS order by status>>
2019-07-22T12:54:53,671Z DEBUG {} [applying load #cef40ba0-4e7c-4730-b146-3247d8ad5122] [ViewBacklogAction] Skipping View Backlog. I have no knowledge of Boards.
2019-07-22T12:54:54,613Z DEBUG {} [applying load #cef40ba0-4e7c-4730-b146-3247d8ad5122] [AdaptiveJqlMemory] Rendered a new jql query: <<reporter was jpt-320ac7d1-fca4-485d-9c22-8f690f2d8c37 order by description>>
2019-07-22T12:54:56,129Z DEBUG {} [applying load #8797ba85-4c4b-4328-8cad-77b65d971617] [AdaptiveJqlMemory] Rendered a new jql query: <<text ~ "summary" order by key>>
2019-07-22T12:54:57,159Z DEBUG {} [applying load #8797ba85-4c4b-4328-8cad-77b65d971617] [ViewBoardAction] Skipping View Board. I have no knowledge of Boards.
2019-07-22T12:54:57,447Z DEBUG {} [applying load #89e43cb3-51d2-459f-9649-aff7025c48a7] [ViewBacklogAction] Skipping View Backlog. I have no knowledge of Boards.
2019-07-22T12:54:57,717Z DEBUG {} [applying load #cef40ba0-4e7c-4730-b146-3247d8ad5122] [SeededRandom] Using seed 1563800097
2019-07-22T12:54:57,809Z DEBUG {} [applying load #b1eb5493-d842-47f1-9e0c-2af61014205a] [SeededRandom] Using seed 1563800097
2019-07-22T12:55:00,109Z DEBUG {} [applying load #c9c8b81c-236d-4995-86fc-5b153c0cbc3d] [CreateIssueAction] Skipping Create issue action. I have no knowledge of projects.
2019-07-22T12:55:00,744Z DEBUG {} [applying load #8797ba85-4c4b-4328-8cad-77b65d971617] [ViewBacklogAction] Skipping View Backlog. I have no knowledge of Boards.
2019-07-22T12:55:02,356Z DEBUG {} [applying load #b6fea101-bb06-4787-b97c-b0d810f91aca] [SeededRandom] Using seed 1563800102
2019-07-22T12:55:03,068Z DEBUG {} [applying load #1e834fab-79d6-4171-8990-58e89952e212] [EditIssueAction] Cannot edit any issue, because I didn't see any editable issues
2019-07-22T12:55:04,559Z DEBUG {} [applying load #1e834fab-79d6-4171-8990-58e89952e212] [AdaptiveJqlMemory] Rendered a new jql query: <<project = AAENA order by status>>
2019-07-22T12:55:04,559Z DEBUG {} [applying load #1e834fab-79d6-4171-8990-58e89952e212] [ViewBacklogAction] Skipping View Backlog. I have no knowledge of Boards.
2019-07-22T12:55:05,223Z DEBUG {} [applying load #c9c8b81c-236d-4995-86fc-5b153c0cbc3d] [SeededRandom] Using seed 1563800105
2019-07-22T12:55:05,694Z DEBUG {} [applying load #cef40ba0-4e7c-4730-b146-3247d8ad5122] [AdaptiveJqlMemory] Rendered a new jql query: <<assignee = cvvjbofdg order by project>>
2019-07-22T12:55:06,776Z DEBUG {} [applying load #8797ba85-4c4b-4328-8cad-77b65d971617] [ViewBoardAction] Skipping View Board. I have no knowledge of Boards.
2019-07-22T12:55:06,903Z DEBUG {} [applying load #1e517702-eb41-4e06-bb72-fce314cb2d39] [ViewBacklogAction] Skipping View Backlog. I have no knowledge of Boards.
2019-07-22T12:55:07,490Z DEBUG {} [applying load #b6fea101-bb06-4787-b97c-b0d810f91aca] [ViewBacklogAction] Skipping View Backlog. I have no knowledge of Boards.
2019-07-22T12:55:08,532Z DEBUG {} [applying load #1e834fab-79d6-4171-8990-58e89952e212] [AdaptiveJqlMemory] Rendered a new jql query: <<assignee = qwbrdwyxk order by project>>
2019-07-22T12:55:09,682Z DEBUG {} [applying load #1e834fab-79d6-4171-8990-58e89952e212] [AdaptiveJqlMemory] Rendered a new jql query: <<reporter was akjqtszpc order by description>>
2019-07-22T12:55:10,582Z DEBUG {} [applying load #cef40ba0-4e7c-4730-b146-3247d8ad5122] [AdaptiveJqlMemory] Rendered a new jql query: <<project = CCENI and assignee = jscuspibd order by reporter>>
2019-07-22T12:55:10,816Z DEBUG {} [applying load #1e834fab-79d6-4171-8990-58e89952e212] [AdaptiveJqlMemory] Rendered a new jql query: <<project = AHANUA and assignee = cqgdqzjvn order by reporter>>
2019-07-22T12:55:11,704Z DEBUG {} [applying load #1e517702-eb41-4e06-bb72-fce314cb2d39] [ViewBoardAction] Skipping View Board. I have no knowledge of Boards.
2019-07-22T12:55:14,888Z DEBUG {} [applying load #8797ba85-4c4b-4328-8cad-77b65d971617] [SeededRandom] Using seed 1563800114
2019-07-22T12:55:16,614Z DEBUG {} [applying load #b6fea101-bb06-4787-b97c-b0d810f91aca] [ViewBoardAction] Skipping View Board. I have no knowledge of Boards.
2019-07-22T12:55:16,784Z DEBUG {} [applying load #1e834fab-79d6-4171-8990-58e89952e212] [SeededRandom] Using seed 1563800116
2019-07-22T12:55:18,966Z DEBUG {} [applying load #89e43cb3-51d2-459f-9649-aff7025c48a7] [SeededRandom] Using seed 1563800118
2019-07-22T12:55:20,112Z DEBUG {} [applying load #1e834fab-79d6-4171-8990-58e89952e212] [AdaptiveJqlMemory] Rendered a new jql query: <<text ~ "proscribes" order by key>>
2019-07-22T12:55:20,135Z DEBUG {} [applying load #cef40ba0-4e7c-4730-b146-3247d8ad5122] [AdaptiveJqlMemory] Rendered a new jql query: <<text ~ "rescued" order by key>>
2019-07-22T12:55:21,415Z DEBUG {} [applying load #b6fea101-bb06-4787-b97c-b0d810f91aca] [ViewBoardAction] Skipping View Board. I have no knowledge of Boards.
2019-07-22T12:55:23,699Z DEBUG {} [applying load #8797ba85-4c4b-4328-8cad-77b65d971617] [SeededRandom] Using seed 1563800123
2019-07-22T12:55:30,362Z DEBUG {} [applying load #b1eb5493-d842-47f1-9e0c-2af61014205a] [ViewBacklogAction] Skipping View Backlog. I have no knowledge of Boards.
2019-07-22T12:55:35,401Z DEBUG {} [applying load #4e542328-82fc-45c5-b382-76de5264139b] [ViewBoardAction] Skipping View Board. I have no knowledge of Boards.
2019-07-22T12:55:35,814Z DEBUG {} [applying load #b6fea101-bb06-4787-b97c-b0d810f91aca] [ViewBoardAction] Skipping View Board. I have no knowledge of Boards.
2019-07-22T12:55:39,014Z DEBUG {} [applying load #4e542328-82fc-45c5-b382-76de5264139b] [SeededRandom] Using seed 1563800139
2019-07-22T12:55:40,054Z DEBUG {} [applying load #1e834fab-79d6-4171-8990-58e89952e212] [SeededRandom] Using seed 1563800140
2019-07-22T12:55:44,762Z DEBUG {} [applying load #b1eb5493-d842-47f1-9e0c-2af61014205a] [ViewBoardAction] Skipping View Board. I have no knowledge of Boards.
2019-07-22T12:55:45,827Z DEBUG {} [applying load #51fc10ee-f2a3-4152-8758-b4b823ac8c5d] [CreateIssueAction] Skipping Create issue action. I have no knowledge of projects.
2019-07-22T12:55:46,638Z DEBUG {} [applying load #1e834fab-79d6-4171-8990-58e89952e212] [SeededRandom] Using seed 1563800146
2019-07-22T12:55:46,682Z DEBUG {} [applying load #51fc10ee-f2a3-4152-8758-b4b823ac8c5d] [ViewBacklogAction] Skipping View Backlog. I have no knowledge of Boards.
2019-07-22T12:55:47,448Z DEBUG {} [applying load #b6fea101-bb06-4787-b97c-b0d810f91aca] [SeededRandom] Using seed 1563800147
2019-07-22T12:55:48,361Z DEBUG {} [applying load #7179a009-1eb3-4b1e-879d-88ac8a8c7587] [SeededRandom] Using seed 1563800148
2019-07-22T12:55:52,032Z DEBUG {} [applying load #51fc10ee-f2a3-4152-8758-b4b823ac8c5d] [ViewBacklogAction] Skipping View Backlog. I have no knowledge of Boards.
2019-07-22T12:56:01,290Z DEBUG {} [applying load #7179a009-1eb3-4b1e-879d-88ac8a8c7587] [ViewBacklogAction] Skipping View Backlog. I have no knowledge of Boards.
2019-07-22T12:56:01,593Z DEBUG {} [applying load #51fc10ee-f2a3-4152-8758-b4b823ac8c5d] [ViewBoardAction] Skipping View Board. I have no knowledge of Boards.
2019-07-22T12:56:04,984Z DEBUG {} [applying load #b6fea101-bb06-4787-b97c-b0d810f91aca] [ViewBacklogAction] Skipping View Backlog. I have no knowledge of Boards.
2019-07-22T12:56:05,038Z DEBUG {} [applying load #7179a009-1eb3-4b1e-879d-88ac8a8c7587] [SeededRandom] Using seed 1563800165
2019-07-22T12:56:06,946Z DEBUG {} [applying load #7179a009-1eb3-4b1e-879d-88ac8a8c7587] [ViewBoardAction] Skipping View Board. I have no knowledge of Boards.
2019-07-22T12:56:08,781Z DEBUG {} [applying load #c9c8b81c-236d-4995-86fc-5b153c0cbc3d] [ViewBoardAction] Skipping View Board. I have no knowledge of Boards.
2019-07-22T12:56:08,782Z DEBUG {} [applying load #c9c8b81c-236d-4995-86fc-5b153c0cbc3d] [CreateIssueAction] Skipping Create issue action. I have no knowledge of projects.
2019-07-22T12:56:09,081Z DEBUG {} [applying load #7179a009-1eb3-4b1e-879d-88ac8a8c7587] [ViewBoardAction] Skipping View Board. I have no knowledge of Boards.
2019-07-22T12:56:09,558Z DEBUG {} [applying load #c9c8b81c-236d-4995-86fc-5b153c0cbc3d] [ViewBacklogAction] Skipping View Backlog. I have no knowledge of Boards.
2019-07-22T12:56:14,622Z DEBUG {} [applying load #c9c8b81c-236d-4995-86fc-5b153c0cbc3d] [ViewBoardAction] Skipping View Board. I have no knowledge of Boards.
2019-07-22T12:56:16,442Z DEBUG {} [applying load #1e834fab-79d6-4171-8990-58e89952e212] [SeededRandom] Using seed 1563800176
2019-07-22T12:56:32,132Z DEBUG {} [applying load #7179a009-1eb3-4b1e-879d-88ac8a8c7587] [SeededRandom] Using seed 1563800192
2019-07-22T12:56:36,820Z DEBUG {} [applying load #cef40ba0-4e7c-4730-b146-3247d8ad5122] [SeededRandom] Using seed 1563800196
2019-07-22T12:56:37,563Z DEBUG {} [applying load #b1eb5493-d842-47f1-9e0c-2af61014205a] [ViewBoardAction] Skipping View Board. I have no knowledge of Boards.
2019-07-22T12:56:38,129Z DEBUG {} [applying load #43a80991-d90c-46c7-a63d-72bd63c4c064] [SeededRandom] Using seed 1563800198
2019-07-22T12:56:41,017Z DEBUG {} [applying load #8797ba85-4c4b-4328-8cad-77b65d971617] [SeededRandom] Using seed 1563800201
2019-07-22T12:56:41,031Z DEBUG {} [applying load #51fc10ee-f2a3-4152-8758-b4b823ac8c5d] [SeededRandom] Using seed 1563800201
2019-07-22T12:56:42,362Z DEBUG {} [applying load #b1eb5493-d842-47f1-9e0c-2af61014205a] [ViewBacklogAction] Skipping View Backlog. I have no knowledge of Boards.
2019-07-22T12:56:44,999Z DEBUG {} [applying load #8797ba85-4c4b-4328-8cad-77b65d971617] [SeededRandom] Using seed 1563800204
2019-07-22T12:56:49,006Z DEBUG {} [applying load #4e542328-82fc-45c5-b382-76de5264139b] [ViewBacklogAction] Skipping View Backlog. I have no knowledge of Boards.
2019-07-22T12:56:49,915Z DEBUG {} [applying load #4e542328-82fc-45c5-b382-76de5264139b] [ViewBoardAction] Skipping View Board. I have no knowledge of Boards.
2019-07-22T12:56:52,964Z DEBUG {} [applying load #7179a009-1eb3-4b1e-879d-88ac8a8c7587] [SeededRandom] Using seed 1563800212
2019-07-22T12:56:53,034Z DEBUG {} [applying load #43a80991-d90c-46c7-a63d-72bd63c4c064] [SeededRandom] Using seed 1563800213
2019-07-22T12:56:56,276Z DEBUG {} [applying load #1e517702-eb41-4e06-bb72-fce314cb2d39] [ViewBoardAction] Skipping View Board. I have no knowledge of Boards.
2019-07-22T12:56:56,276Z DEBUG {} [applying load #1e517702-eb41-4e06-bb72-fce314cb2d39] [ViewBacklogAction] Skipping View Backlog. I have no knowledge of Boards.
2019-07-22T12:56:56,276Z DEBUG {} [applying load #1e517702-eb41-4e06-bb72-fce314cb2d39] [ViewBacklogAction] Skipping View Backlog. I have no knowledge of Boards.
2019-07-22T12:56:59,006Z DEBUG {} [applying load #4e542328-82fc-45c5-b382-76de5264139b] [SeededRandom] Using seed 1563800219
2019-07-22T12:57:00,318Z DEBUG {} [applying load #8797ba85-4c4b-4328-8cad-77b65d971617] [SeededRandom] Using seed 1563800220
2019-07-22T12:57:03,571Z DEBUG {} [applying load #1e834fab-79d6-4171-8990-58e89952e212] [ViewBacklogAction] Skipping View Backlog. I have no knowledge of Boards.
2019-07-22T12:57:04,135Z DEBUG {} [applying load #1e834fab-79d6-4171-8990-58e89952e212] [ViewBoardAction] Skipping View Board. I have no knowledge of Boards.
2019-07-22T12:57:05,267Z DEBUG {} [applying load #1e517702-eb41-4e06-bb72-fce314cb2d39] [ViewBoardAction] Skipping View Board. I have no knowledge of Boards.
2019-07-22T12:57:05,375Z DEBUG {} [applying load #cef40ba0-4e7c-4730-b146-3247d8ad5122] [SeededRandom] Using seed 1563800225
2019-07-22T12:57:07,458Z DEBUG {} [applying load #89e43cb3-51d2-459f-9649-aff7025c48a7] [SeededRandom] Using seed 1563800227
2019-07-22T12:57:09,229Z DEBUG {} [applying load #8797ba85-4c4b-4328-8cad-77b65d971617] [SeededRandom] Using seed 1563800229
2019-07-22T12:57:11,097Z DEBUG {} [applying load #4e542328-82fc-45c5-b382-76de5264139b] [SeededRandom] Using seed 1563800231
2019-07-22T12:57:11,817Z DEBUG {} [applying load #1e834fab-79d6-4171-8990-58e89952e212] [ViewBoardAction] Skipping View Board. I have no knowledge of Boards.
2019-07-22T12:57:13,854Z DEBUG {} [applying load #1e517702-eb41-4e06-bb72-fce314cb2d39] [SeededRandom] Using seed 1563800233
2019-07-22T12:57:15,445Z DEBUG {} [applying load #43a80991-d90c-46c7-a63d-72bd63c4c064] [SeededRandom] Using seed 1563800235
2019-07-22T12:57:16,617Z DEBUG {} [applying load #1e834fab-79d6-4171-8990-58e89952e212] [ViewBoardAction] Skipping View Board. I have no knowledge of Boards.
2019-07-22T12:57:17,538Z DEBUG {} [applying load #b6fea101-bb06-4787-b97c-b0d810f91aca] [SeededRandom] Using seed 1563800237
2019-07-22T12:57:21,417Z DEBUG {} [applying load #1e834fab-79d6-4171-8990-58e89952e212] [ViewBoardAction] Skipping View Board. I have no knowledge of Boards.
2019-07-22T12:57:21,489Z DEBUG {} [applying load #4e542328-82fc-45c5-b382-76de5264139b] [ViewBacklogAction] Skipping View Backlog. I have no knowledge of Boards.
2019-07-22T12:57:22,522Z DEBUG {} [applying load #4e542328-82fc-45c5-b382-76de5264139b] [ViewBacklogAction] Skipping View Backlog. I have no knowledge of Boards.
2019-07-22T12:57:23,800Z DEBUG {} [applying load #b6fea101-bb06-4787-b97c-b0d810f91aca] [SeededRandom] Using seed 1563800243
2019-07-22T12:57:24,263Z DEBUG {} [applying load #4e542328-82fc-45c5-b382-76de5264139b] [ViewBoardAction] Skipping View Board. I have no knowledge of Boards.
2019-07-22T12:57:31,017Z DEBUG {} [applying load #1e834fab-79d6-4171-8990-58e89952e212] [ViewBacklogAction] Skipping View Backlog. I have no knowledge of Boards.
2019-07-22T12:57:32,230Z DEBUG {} [applying load #c9c8b81c-236d-4995-86fc-5b153c0cbc3d] [SeededRandom] Using seed 1563800252
2019-07-22T12:57:33,495Z DEBUG {} [applying load #8797ba85-4c4b-4328-8cad-77b65d971617] [SeededRandom] Using seed 1563800253
2019-07-22T12:57:35,835Z DEBUG {} [applying load #4e542328-82fc-45c5-b382-76de5264139b] [ViewBacklogAction] Skipping View Backlog. I have no knowledge of Boards.
2019-07-22T12:57:36,715Z DEBUG {} [applying load #89e43cb3-51d2-459f-9649-aff7025c48a7] [SeededRandom] Using seed 1563800256
2019-07-22T12:57:40,214Z DEBUG {} [applying load #c9c8b81c-236d-4995-86fc-5b153c0cbc3d] [SeededRandom] Using seed 1563800260
2019-07-22T12:57:43,814Z DEBUG {} [applying load #51fc10ee-f2a3-4152-8758-b4b823ac8c5d] [ViewBoardAction] Skipping View Board. I have no knowledge of Boards.
2019-07-22T12:57:44,345Z DEBUG {} [applying load #89e43cb3-51d2-459f-9649-aff7025c48a7] [SeededRandom] Using seed 1563800264
2019-07-22T12:57:45,160Z DEBUG {} [applying load #cef40ba0-4e7c-4730-b146-3247d8ad5122] [SeededRandom] Using seed 1563800265
2019-07-22T12:57:45,969Z DEBUG {} [applying load #1e834fab-79d6-4171-8990-58e89952e212] [SeededRandom] Using seed 1563800265
2019-07-22T12:57:51,240Z DEBUG {} [applying load #51fc10ee-f2a3-4152-8758-b4b823ac8c5d] [SeededRandom] Using seed 1563800271
2019-07-22T12:57:51,878Z DEBUG {} [applying load #b1eb5493-d842-47f1-9e0c-2af61014205a] [ViewBacklogAction] Skipping View Backlog. I have no knowledge of Boards.
2019-07-22T12:57:52,349Z DEBUG {} [applying load #1e834fab-79d6-4171-8990-58e89952e212] [SeededRandom] Using seed 1563800272
2019-07-22T12:57:53,873Z DEBUG {} [applying load #8797ba85-4c4b-4328-8cad-77b65d971617] [SeededRandom] Using seed 1563800273
2019-07-22T12:57:55,623Z DEBUG {} [applying load #4e542328-82fc-45c5-b382-76de5264139b] [SeededRandom] Using seed 1563800275
2019-07-22T12:57:56,415Z DEBUG {} [applying load #51fc10ee-f2a3-4152-8758-b4b823ac8c5d] [ViewBoardAction] Skipping View Board. I have no knowledge of Boards.
2019-07-22T12:57:57,170Z DEBUG {} [applying load #51fc10ee-f2a3-4152-8758-b4b823ac8c5d] [ViewBoardAction] Skipping View Board. I have no knowledge of Boards.
2019-07-22T12:57:58,180Z DEBUG {} [applying load #b1eb5493-d842-47f1-9e0c-2af61014205a] [SeededRandom] Using seed 1563800278
2019-07-22T12:58:04,504Z DEBUG {} [applying load #1e517702-eb41-4e06-bb72-fce314cb2d39] [ViewBacklogAction] Skipping View Backlog. I have no knowledge of Boards.
2019-07-22T12:58:09,421Z DEBUG {} [applying load #7179a009-1eb3-4b1e-879d-88ac8a8c7587] [SeededRandom] Using seed 1563800289
2019-07-22T12:58:11,498Z DEBUG {} [applying load #1e517702-eb41-4e06-bb72-fce314cb2d39] [SeededRandom] Using seed 1563800291
2019-07-22T12:58:14,217Z DEBUG {} [applying load #1e834fab-79d6-4171-8990-58e89952e212] [ViewBoardAction] Skipping View Board. I have no knowledge of Boards.
2019-07-22T12:58:18,696Z DEBUG {} [applying load #8797ba85-4c4b-4328-8cad-77b65d971617] [SeededRandom] Using seed 1563800298
2019-07-22T12:58:29,257Z DEBUG {} [applying load #1e834fab-79d6-4171-8990-58e89952e212] [SeededRandom] Using seed 1563800309
2019-07-22T12:58:42,903Z DEBUG {} [applying load #1e517702-eb41-4e06-bb72-fce314cb2d39] [ViewBacklogAction] Skipping View Backlog. I have no knowledge of Boards.
2019-07-22T12:58:43,017Z DEBUG {} [applying load #1e834fab-79d6-4171-8990-58e89952e212] [ViewBoardAction] Skipping View Board. I have no knowledge of Boards.
2019-07-22T12:58:48,983Z DEBUG {} [applying load #4e542328-82fc-45c5-b382-76de5264139b] [ViewBacklogAction] Skipping View Backlog. I have no knowledge of Boards.
2019-07-22T12:58:58,278Z DEBUG {} [applying load #4e542328-82fc-45c5-b382-76de5264139b] [ViewBacklogAction] Skipping View Backlog. I have no knowledge of Boards.
2019-07-22T12:58:59,455Z DEBUG {} [applying load #c9c8b81c-236d-4995-86fc-5b153c0cbc3d] [SeededRandom] Using seed 1563800339
2019-07-22T12:59:06,428Z DEBUG {} [applying load #cef40ba0-4e7c-4730-b146-3247d8ad5122] [SeededRandom] Using seed 1563800346
2019-07-22T12:59:07,035Z DEBUG {} [applying load #4e542328-82fc-45c5-b382-76de5264139b] [ViewBacklogAction] Skipping View Backlog. I have no knowledge of Boards.
2019-07-22T12:59:08,570Z DEBUG {} [applying load #1e517702-eb41-4e06-bb72-fce314cb2d39] [SeededRandom] Using seed 1563800348
2019-07-22T12:59:13,856Z DEBUG {} [applying load #c9c8b81c-236d-4995-86fc-5b153c0cbc3d] [SeededRandom] Using seed 1563800353
2019-07-22T12:59:14,461Z DEBUG {} [applying load #51fc10ee-f2a3-4152-8758-b4b823ac8c5d] [ViewBacklogAction] Skipping View Backlog. I have no knowledge of Boards.
2019-07-22T12:59:18,697Z DEBUG {} [applying load #4e542328-82fc-45c5-b382-76de5264139b] [SeededRandom] Using seed 1563800358
2019-07-22T12:59:31,551Z DEBUG {} [applying load #51fc10ee-f2a3-4152-8758-b4b823ac8c5d] [ViewBacklogAction] Skipping View Backlog. I have no knowledge of Boards.
2019-07-22T12:59:42,653Z DEBUG {} [applying load #1e517702-eb41-4e06-bb72-fce314cb2d39] [SeededRandom] Using seed 1563800382
2019-07-22T12:59:51,099Z DEBUG {} [applying load #c9c8b81c-236d-4995-86fc-5b153c0cbc3d] [SeededRandom] Using seed 1563800391
2019-07-22T13:00:03,756Z DEBUG {} [applying load #b1eb5493-d842-47f1-9e0c-2af61014205a] [SeededRandom] Using seed 1563800403
2019-07-22T13:00:12,223Z DEBUG {} [applying load #b1eb5493-d842-47f1-9e0c-2af61014205a] [SeededRandom] Using seed 1563800412
2019-07-22T13:00:19,080Z DEBUG {} [applying load #89e43cb3-51d2-459f-9649-aff7025c48a7] [SeededRandom] Using seed 1563800419
2019-07-22T13:00:24,656Z DEBUG {} [applying load #1e834fab-79d6-4171-8990-58e89952e212] [SeededRandom] Using seed 1563800424
2019-07-22T13:00:27,096Z DEBUG {} [applying load #51fc10ee-f2a3-4152-8758-b4b823ac8c5d] [ViewBoardAction] Skipping View Board. I have no knowledge of Boards.
2019-07-22T13:00:32,750Z DEBUG {} [applying load #51fc10ee-f2a3-4152-8758-b4b823ac8c5d] [SeededRandom] Using seed 1563800432
2019-07-22T13:00:33,955Z DEBUG {} [applying load #1e517702-eb41-4e06-bb72-fce314cb2d39] [SeededRandom] Using seed 1563800433
2019-07-22T13:00:34,790Z DEBUG {} [applying load #51fc10ee-f2a3-4152-8758-b4b823ac8c5d] [ViewBacklogAction] Skipping View Backlog. I have no knowledge of Boards.
2019-07-22T13:00:47,500Z DEBUG {} [applying load #4e542328-82fc-45c5-b382-76de5264139b] [ViewBoardAction] Skipping View Board. I have no knowledge of Boards.
2019-07-22T13:00:52,843Z DEBUG {} [applying load #43a80991-d90c-46c7-a63d-72bd63c4c064] [SeededRandom] Using seed 1563800452
2019-07-22T13:00:53,310Z DEBUG {} [applying load #4e542328-82fc-45c5-b382-76de5264139b] [SeededRandom] Using seed 1563800453
2019-07-22T13:00:57,396Z DEBUG {} [applying load #cef40ba0-4e7c-4730-b146-3247d8ad5122] [SeededRandom] Using seed 1563800457
2019-07-22T13:01:03,702Z DEBUG {} [applying load #b1eb5493-d842-47f1-9e0c-2af61014205a] [SeededRandom] Using seed 1563800463
2019-07-22T13:01:04,365Z DEBUG {} [applying load #b6fea101-bb06-4787-b97c-b0d810f91aca] [SeededRandom] Using seed 1563800464
2019-07-22T13:01:06,803Z DEBUG {} [applying load #cef40ba0-4e7c-4730-b146-3247d8ad5122] [SeededRandom] Using seed 1563800466
2019-07-22T13:01:07,886Z DEBUG {} [applying load #1e834fab-79d6-4171-8990-58e89952e212] [SeededRandom] Using seed 1563800467
2019-07-22T13:01:17,912Z DEBUG {} [applying load #b1eb5493-d842-47f1-9e0c-2af61014205a] [SeededRandom] Using seed 1563800477
2019-07-22T13:01:19,391Z DEBUG {} [applying load #51fc10ee-f2a3-4152-8758-b4b823ac8c5d] [SeededRandom] Using seed 1563800479
2019-07-22T13:01:20,961Z DEBUG {} [applying load #b6fea101-bb06-4787-b97c-b0d810f91aca] [SeededRandom] Using seed 1563800480
2019-07-22T13:01:34,328Z DEBUG {} [applying load #43a80991-d90c-46c7-a63d-72bd63c4c064] [SeededRandom] Using seed 1563800494
2019-07-22T13:01:35,454Z ERROR {} [applying load #c9c8b81c-236d-4995-86fc-5b153c0cbc3d] [WebDriverDiagnostics] URL: http://jpt-0e8cf-loadbala-13pu7nwaohba-1805958026.eu-west-1.elb.amazonaws.com/issues/?jql=text+%7E+%22a*%22+order+by+summary, HTML dumped at diagnoses/eb7ed0c1-9613-4f93-ae6c-20e1cc95d964/dump.html, screenshot saved to diagnoses/eb7ed0c1-9613-4f93-ae6c-20e1cc95d964/screenshot.png
java.lang.Exception: Action 'Search with JQL' ERROR
	at com.atlassian.performance.tools.jiraactions.api.measure.ActionMeter.record(ActionMeter.kt:132) ~[virtual-users.jar:?]
	at com.atlassian.performance.tools.jiraactions.api.measure.ActionMeter.measure(ActionMeter.kt:79) ~[virtual-users.jar:?]
	at com.atlassian.performance.tools.jiraactions.api.action.SearchJqlAction.run(SearchJqlAction.kt:21) ~[virtual-users.jar:?]
	at com.atlassian.performance.tools.virtualusers.ExploratoryVirtualUser.runWithDiagnostics(ExploratoryVirtualUser.kt:79) [virtual-users.jar:?]
	at com.atlassian.performance.tools.virtualusers.ExploratoryVirtualUser.applyLoad(ExploratoryVirtualUser.kt:56) [virtual-users.jar:?]
	at com.atlassian.performance.tools.virtualusers.LoadTest.applyLoad(LoadTest.kt:164) [virtual-users.jar:?]
	at com.atlassian.performance.tools.virtualusers.LoadTest.access$applyLoad(LoadTest.kt:36) [virtual-users.jar:?]
	at com.atlassian.performance.tools.virtualusers.LoadTest$applyLoad$$inlined$forEach$lambda$1.run(LoadTest.kt:111) [virtual-users.jar:?]
	at java.util.concurrent.Executors$RunnableAdapter.call(Executors.java:511) [?:1.8.0_212]
	at java.util.concurrent.FutureTask.run(FutureTask.java:266) [?:1.8.0_212]
	at java.util.concurrent.ThreadPoolExecutor.runWorker(ThreadPoolExecutor.java:1149) [?:1.8.0_212]
	at java.util.concurrent.ThreadPoolExecutor$Worker.run(ThreadPoolExecutor.java:624) [?:1.8.0_212]
	at java.lang.Thread.run(Thread.java:748) [?:1.8.0_212]
Caused by: org.openqa.selenium.TimeoutException: Expected condition failed: waiting for at least one condition to be valid: all conditions to be valid: at least one condition to be valid: presence of element located by: By.cssSelector: ol.issue-list || presence of element located by: By.id: issuetable || presence of element located by: By.id: issue-content && presence of element located by: By.id: key-val && presence of element located by: By.className: issue-body-content || presence of element located by: By.className: no-results-hint || at least one condition to be valid: presence of element located by: By.cssSelector: section div.aui-message.error || presence of element located by: By.id: errorPageContainer || presence of element located by: By.cssSelector: div.form-body div.error (tried for 30 second(s) with 50 milliseconds interval)
	at org.openqa.selenium.support.ui.WebDriverWait.timeoutException(WebDriverWait.java:81) ~[virtual-users.jar:?]
	at org.openqa.selenium.support.ui.FluentWait.until(FluentWait.java:271) ~[virtual-users.jar:?]
	at com.atlassian.performance.tools.jiraactions.api.page.WebDriverUtils.wait(WebDriverExtension.kt:25) ~[virtual-users.jar:?]
	at com.atlassian.performance.tools.jiraactions.api.page.WebDriverUtils.wait$default(WebDriverExtension.kt:19) ~[virtual-users.jar:?]
	at com.atlassian.performance.tools.jiraactions.api.page.IssueNavigatorPage.waitForIssueNavigator(IssueNavigatorPage.kt:19) ~[virtual-users.jar:?]
	at com.atlassian.performance.tools.jiraactions.api.action.SearchJqlAction$run$issueNavigatorPage$1.invoke(SearchJqlAction.kt:23) ~[virtual-users.jar:?]
	at com.atlassian.performance.tools.jiraactions.api.action.SearchJqlAction$run$issueNavigatorPage$1.invoke(SearchJqlAction.kt:12) ~[virtual-users.jar:?]
	at com.atlassian.performance.tools.jiraactions.api.measure.ActionMeter$measure$2.invoke(ActionMeter.kt:80) ~[virtual-users.jar:?]
	at com.atlassian.performance.tools.jiraactions.api.measure.ActionMeter$measure$2.invoke(ActionMeter.kt:25) ~[virtual-users.jar:?]
	at com.atlassian.performance.tools.jiraactions.api.measure.ActionMeter.record(ActionMeter.kt:102) ~[virtual-users.jar:?]
	... 12 more
Caused by: org.openqa.selenium.NoSuchElementException: Cannot locate an element using By.cssSelector: div.form-body div.error
For documentation on this error, please visit: http://seleniumhq.org/exceptions/no_such_element.html
Build info: version: 'unknown', revision: 'unknown', time: 'unknown'
System info: host: 'ip-10-0-0-32', ip: '10.0.0.32', os.name: 'Linux', os.arch: 'amd64', os.version: '4.4.0-1067-aws', java.version: '1.8.0_212'
Driver info: driver.version: unknown
	at org.openqa.selenium.support.ui.ExpectedConditions.lambda$findElement$0(ExpectedConditions.java:896) ~[virtual-users.jar:?]
	at java.util.Optional.orElseThrow(Optional.java:290) ~[?:1.8.0_212]
	at org.openqa.selenium.support.ui.ExpectedConditions.findElement(ExpectedConditions.java:895) ~[virtual-users.jar:?]
	at org.openqa.selenium.support.ui.ExpectedConditions.access$000(ExpectedConditions.java:44) ~[virtual-users.jar:?]
	at org.openqa.selenium.support.ui.ExpectedConditions$6.apply(ExpectedConditions.java:183) ~[virtual-users.jar:?]
	at org.openqa.selenium.support.ui.ExpectedConditions$6.apply(ExpectedConditions.java:180) ~[virtual-users.jar:?]
	at org.openqa.selenium.support.ui.ExpectedConditions$47.apply(ExpectedConditions.java:1427) ~[virtual-users.jar:?]
	at org.openqa.selenium.support.ui.ExpectedConditions$47.apply(ExpectedConditions.java:1421) ~[virtual-users.jar:?]
	at org.openqa.selenium.support.ui.ExpectedConditions$47.apply(ExpectedConditions.java:1427) ~[virtual-users.jar:?]
	at org.openqa.selenium.support.ui.ExpectedConditions$47.apply(ExpectedConditions.java:1421) ~[virtual-users.jar:?]
	at org.openqa.selenium.support.ui.FluentWait.until(FluentWait.java:248) ~[virtual-users.jar:?]
	at com.atlassian.performance.tools.jiraactions.api.page.WebDriverUtils.wait(WebDriverExtension.kt:25) ~[virtual-users.jar:?]
	at com.atlassian.performance.tools.jiraactions.api.page.WebDriverUtils.wait$default(WebDriverExtension.kt:19) ~[virtual-users.jar:?]
	at com.atlassian.performance.tools.jiraactions.api.page.IssueNavigatorPage.waitForIssueNavigator(IssueNavigatorPage.kt:19) ~[virtual-users.jar:?]
	at com.atlassian.performance.tools.jiraactions.api.action.SearchJqlAction$run$issueNavigatorPage$1.invoke(SearchJqlAction.kt:23) ~[virtual-users.jar:?]
	at com.atlassian.performance.tools.jiraactions.api.action.SearchJqlAction$run$issueNavigatorPage$1.invoke(SearchJqlAction.kt:12) ~[virtual-users.jar:?]
	at com.atlassian.performance.tools.jiraactions.api.measure.ActionMeter$measure$2.invoke(ActionMeter.kt:80) ~[virtual-users.jar:?]
	at com.atlassian.performance.tools.jiraactions.api.measure.ActionMeter$measure$2.invoke(ActionMeter.kt:25) ~[virtual-users.jar:?]
	at com.atlassian.performance.tools.jiraactions.api.measure.ActionMeter.record(ActionMeter.kt:102) ~[virtual-users.jar:?]
	... 12 more
2019-07-22T13:01:35,466Z ERROR {} [applying load #c9c8b81c-236d-4995-86fc-5b153c0cbc3d] [ExploratoryVirtualUser] Failed to run com.atlassian.performance.tools.jiraactions.api.action.SearchJqlAction@70d1a31d, but we keep running
java.lang.Exception: Failed to run com.atlassian.performance.tools.jiraactions.api.action.SearchJqlAction@70d1a31d
	at com.atlassian.performance.tools.virtualusers.ExploratoryVirtualUser.runWithDiagnostics(ExploratoryVirtualUser.kt:82) ~[virtual-users.jar:?]
	at com.atlassian.performance.tools.virtualusers.ExploratoryVirtualUser.applyLoad(ExploratoryVirtualUser.kt:56) [virtual-users.jar:?]
	at com.atlassian.performance.tools.virtualusers.LoadTest.applyLoad(LoadTest.kt:164) [virtual-users.jar:?]
	at com.atlassian.performance.tools.virtualusers.LoadTest.access$applyLoad(LoadTest.kt:36) [virtual-users.jar:?]
	at com.atlassian.performance.tools.virtualusers.LoadTest$applyLoad$$inlined$forEach$lambda$1.run(LoadTest.kt:111) [virtual-users.jar:?]
	at java.util.concurrent.Executors$RunnableAdapter.call(Executors.java:511) [?:1.8.0_212]
	at java.util.concurrent.FutureTask.run(FutureTask.java:266) [?:1.8.0_212]
	at java.util.concurrent.ThreadPoolExecutor.runWorker(ThreadPoolExecutor.java:1149) [?:1.8.0_212]
	at java.util.concurrent.ThreadPoolExecutor$Worker.run(ThreadPoolExecutor.java:624) [?:1.8.0_212]
	at java.lang.Thread.run(Thread.java:748) [?:1.8.0_212]
Caused by: java.lang.Exception: Action 'Search with JQL' ERROR
	at com.atlassian.performance.tools.jiraactions.api.measure.ActionMeter.record(ActionMeter.kt:132) ~[virtual-users.jar:?]
	at com.atlassian.performance.tools.jiraactions.api.measure.ActionMeter.measure(ActionMeter.kt:79) ~[virtual-users.jar:?]
	at com.atlassian.performance.tools.jiraactions.api.action.SearchJqlAction.run(SearchJqlAction.kt:21) ~[virtual-users.jar:?]
	at com.atlassian.performance.tools.virtualusers.ExploratoryVirtualUser.runWithDiagnostics(ExploratoryVirtualUser.kt:79) ~[virtual-users.jar:?]
	... 9 more
Caused by: org.openqa.selenium.TimeoutException: Expected condition failed: waiting for at least one condition to be valid: all conditions to be valid: at least one condition to be valid: presence of element located by: By.cssSelector: ol.issue-list || presence of element located by: By.id: issuetable || presence of element located by: By.id: issue-content && presence of element located by: By.id: key-val && presence of element located by: By.className: issue-body-content || presence of element located by: By.className: no-results-hint || at least one condition to be valid: presence of element located by: By.cssSelector: section div.aui-message.error || presence of element located by: By.id: errorPageContainer || presence of element located by: By.cssSelector: div.form-body div.error (tried for 30 second(s) with 50 milliseconds interval)
	at org.openqa.selenium.support.ui.WebDriverWait.timeoutException(WebDriverWait.java:81) ~[virtual-users.jar:?]
	at org.openqa.selenium.support.ui.FluentWait.until(FluentWait.java:271) ~[virtual-users.jar:?]
	at com.atlassian.performance.tools.jiraactions.api.page.WebDriverUtils.wait(WebDriverExtension.kt:25) ~[virtual-users.jar:?]
	at com.atlassian.performance.tools.jiraactions.api.page.WebDriverUtils.wait$default(WebDriverExtension.kt:19) ~[virtual-users.jar:?]
	at com.atlassian.performance.tools.jiraactions.api.page.IssueNavigatorPage.waitForIssueNavigator(IssueNavigatorPage.kt:19) ~[virtual-users.jar:?]
	at com.atlassian.performance.tools.jiraactions.api.action.SearchJqlAction$run$issueNavigatorPage$1.invoke(SearchJqlAction.kt:23) ~[virtual-users.jar:?]
	at com.atlassian.performance.tools.jiraactions.api.action.SearchJqlAction$run$issueNavigatorPage$1.invoke(SearchJqlAction.kt:12) ~[virtual-users.jar:?]
	at com.atlassian.performance.tools.jiraactions.api.measure.ActionMeter$measure$2.invoke(ActionMeter.kt:80) ~[virtual-users.jar:?]
	at com.atlassian.performance.tools.jiraactions.api.measure.ActionMeter$measure$2.invoke(ActionMeter.kt:25) ~[virtual-users.jar:?]
	at com.atlassian.performance.tools.jiraactions.api.measure.ActionMeter.record(ActionMeter.kt:102) ~[virtual-users.jar:?]
	at com.atlassian.performance.tools.jiraactions.api.measure.ActionMeter.measure(ActionMeter.kt:79) ~[virtual-users.jar:?]
	at com.atlassian.performance.tools.jiraactions.api.action.SearchJqlAction.run(SearchJqlAction.kt:21) ~[virtual-users.jar:?]
	at com.atlassian.performance.tools.virtualusers.ExploratoryVirtualUser.runWithDiagnostics(ExploratoryVirtualUser.kt:79) ~[virtual-users.jar:?]
	... 9 more
Caused by: org.openqa.selenium.NoSuchElementException: Cannot locate an element using By.cssSelector: div.form-body div.error
For documentation on this error, please visit: http://seleniumhq.org/exceptions/no_such_element.html
Build info: version: 'unknown', revision: 'unknown', time: 'unknown'
System info: host: 'ip-10-0-0-32', ip: '10.0.0.32', os.name: 'Linux', os.arch: 'amd64', os.version: '4.4.0-1067-aws', java.version: '1.8.0_212'
Driver info: driver.version: unknown
	at org.openqa.selenium.support.ui.ExpectedConditions.lambda$findElement$0(ExpectedConditions.java:896) ~[virtual-users.jar:?]
	at java.util.Optional.orElseThrow(Optional.java:290) ~[?:1.8.0_212]
	at org.openqa.selenium.support.ui.ExpectedConditions.findElement(ExpectedConditions.java:895) ~[virtual-users.jar:?]
	at org.openqa.selenium.support.ui.ExpectedConditions.access$000(ExpectedConditions.java:44) ~[virtual-users.jar:?]
	at org.openqa.selenium.support.ui.ExpectedConditions$6.apply(ExpectedConditions.java:183) ~[virtual-users.jar:?]
	at org.openqa.selenium.support.ui.ExpectedConditions$6.apply(ExpectedConditions.java:180) ~[virtual-users.jar:?]
	at org.openqa.selenium.support.ui.ExpectedConditions$47.apply(ExpectedConditions.java:1427) ~[virtual-users.jar:?]
	at org.openqa.selenium.support.ui.ExpectedConditions$47.apply(ExpectedConditions.java:1421) ~[virtual-users.jar:?]
	at org.openqa.selenium.support.ui.ExpectedConditions$47.apply(ExpectedConditions.java:1427) ~[virtual-users.jar:?]
	at org.openqa.selenium.support.ui.ExpectedConditions$47.apply(ExpectedConditions.java:1421) ~[virtual-users.jar:?]
	at org.openqa.selenium.support.ui.FluentWait.until(FluentWait.java:248) ~[virtual-users.jar:?]
	at com.atlassian.performance.tools.jiraactions.api.page.WebDriverUtils.wait(WebDriverExtension.kt:25) ~[virtual-users.jar:?]
	at com.atlassian.performance.tools.jiraactions.api.page.WebDriverUtils.wait$default(WebDriverExtension.kt:19) ~[virtual-users.jar:?]
	at com.atlassian.performance.tools.jiraactions.api.page.IssueNavigatorPage.waitForIssueNavigator(IssueNavigatorPage.kt:19) ~[virtual-users.jar:?]
	at com.atlassian.performance.tools.jiraactions.api.action.SearchJqlAction$run$issueNavigatorPage$1.invoke(SearchJqlAction.kt:23) ~[virtual-users.jar:?]
	at com.atlassian.performance.tools.jiraactions.api.action.SearchJqlAction$run$issueNavigatorPage$1.invoke(SearchJqlAction.kt:12) ~[virtual-users.jar:?]
	at com.atlassian.performance.tools.jiraactions.api.measure.ActionMeter$measure$2.invoke(ActionMeter.kt:80) ~[virtual-users.jar:?]
	at com.atlassian.performance.tools.jiraactions.api.measure.ActionMeter$measure$2.invoke(ActionMeter.kt:25) ~[virtual-users.jar:?]
	at com.atlassian.performance.tools.jiraactions.api.measure.ActionMeter.record(ActionMeter.kt:102) ~[virtual-users.jar:?]
	at com.atlassian.performance.tools.jiraactions.api.measure.ActionMeter.measure(ActionMeter.kt:79) ~[virtual-users.jar:?]
	at com.atlassian.performance.tools.jiraactions.api.action.SearchJqlAction.run(SearchJqlAction.kt:21) ~[virtual-users.jar:?]
	at com.atlassian.performance.tools.virtualusers.ExploratoryVirtualUser.runWithDiagnostics(ExploratoryVirtualUser.kt:79) ~[virtual-users.jar:?]
	... 9 more
2019-07-22T13:01:43,260Z DEBUG {} [applying load #43a80991-d90c-46c7-a63d-72bd63c4c064] [SeededRandom] Using seed 1563800503
2019-07-22T13:01:48,930Z DEBUG {} [applying load #1e517702-eb41-4e06-bb72-fce314cb2d39] [SeededRandom] Using seed 1563800508
2019-07-22T13:01:51,761Z DEBUG {} [applying load #c9c8b81c-236d-4995-86fc-5b153c0cbc3d] [SeededRandom] Using seed 1563800511
2019-07-22T13:01:52,307Z DEBUG {} [applying load #4e542328-82fc-45c5-b382-76de5264139b] [SeededRandom] Using seed 1563800512
2019-07-22T13:01:56,432Z DEBUG {} [applying load #89e43cb3-51d2-459f-9649-aff7025c48a7] [SeededRandom] Using seed 1563800516
2019-07-22T13:01:57,123Z DEBUG {} [applying load #b6fea101-bb06-4787-b97c-b0d810f91aca] [SeededRandom] Using seed 1563800517
2019-07-22T13:01:57,664Z DEBUG {} [applying load #1e517702-eb41-4e06-bb72-fce314cb2d39] [SeededRandom] Using seed 1563800517
2019-07-22T13:02:06,961Z DEBUG {} [applying load #89e43cb3-51d2-459f-9649-aff7025c48a7] [SeededRandom] Using seed 1563800526
2019-07-22T13:02:10,894Z DEBUG {} [applying load #43a80991-d90c-46c7-a63d-72bd63c4c064] [SeededRandom] Using seed 1563800530
2019-07-22T13:02:21,834Z DEBUG {} [applying load #b1eb5493-d842-47f1-9e0c-2af61014205a] [SeededRandom] Using seed 1563800541
2019-07-22T13:02:31,182Z DEBUG {} [applying load #89e43cb3-51d2-459f-9649-aff7025c48a7] [SeededRandom] Using seed 1563800551
2019-07-22T13:02:35,532Z DEBUG {} [applying load #89e43cb3-51d2-459f-9649-aff7025c48a7] [SeededRandom] Using seed 1563800555
2019-07-22T13:02:36,147Z DEBUG {} [applying load #43a80991-d90c-46c7-a63d-72bd63c4c064] [SeededRandom] Using seed 1563800556
2019-07-22T13:02:42,652Z ERROR {} [applying load #8797ba85-4c4b-4328-8cad-77b65d971617] [WebDriverDiagnostics] URL: http://jpt-0e8cf-loadbala-13pu7nwaohba-1805958026.eu-west-1.elb.amazonaws.com/issues/?jql=text+%7E+%22a*%22+order+by+summary, HTML dumped at diagnoses/998c0ba4-a8a9-4b6a-8b76-1a52b7db6f09/dump.html, screenshot saved to diagnoses/998c0ba4-a8a9-4b6a-8b76-1a52b7db6f09/screenshot.png
java.lang.Exception: Action 'Search with JQL' ERROR
	at com.atlassian.performance.tools.jiraactions.api.measure.ActionMeter.record(ActionMeter.kt:132) ~[virtual-users.jar:?]
	at com.atlassian.performance.tools.jiraactions.api.measure.ActionMeter.measure(ActionMeter.kt:79) ~[virtual-users.jar:?]
	at com.atlassian.performance.tools.jiraactions.api.action.SearchJqlAction.run(SearchJqlAction.kt:21) ~[virtual-users.jar:?]
	at com.atlassian.performance.tools.virtualusers.ExploratoryVirtualUser.runWithDiagnostics(ExploratoryVirtualUser.kt:79) [virtual-users.jar:?]
	at com.atlassian.performance.tools.virtualusers.ExploratoryVirtualUser.applyLoad(ExploratoryVirtualUser.kt:56) [virtual-users.jar:?]
	at com.atlassian.performance.tools.virtualusers.LoadTest.applyLoad(LoadTest.kt:164) [virtual-users.jar:?]
	at com.atlassian.performance.tools.virtualusers.LoadTest.access$applyLoad(LoadTest.kt:36) [virtual-users.jar:?]
	at com.atlassian.performance.tools.virtualusers.LoadTest$applyLoad$$inlined$forEach$lambda$1.run(LoadTest.kt:111) [virtual-users.jar:?]
	at java.util.concurrent.Executors$RunnableAdapter.call(Executors.java:511) [?:1.8.0_212]
	at java.util.concurrent.FutureTask.run(FutureTask.java:266) [?:1.8.0_212]
	at java.util.concurrent.ThreadPoolExecutor.runWorker(ThreadPoolExecutor.java:1149) [?:1.8.0_212]
	at java.util.concurrent.ThreadPoolExecutor$Worker.run(ThreadPoolExecutor.java:624) [?:1.8.0_212]
	at java.lang.Thread.run(Thread.java:748) [?:1.8.0_212]
Caused by: org.openqa.selenium.TimeoutException: Expected condition failed: waiting for at least one condition to be valid: all conditions to be valid: at least one condition to be valid: presence of element located by: By.cssSelector: ol.issue-list || presence of element located by: By.id: issuetable || presence of element located by: By.id: issue-content && presence of element located by: By.id: key-val && presence of element located by: By.className: issue-body-content || presence of element located by: By.className: no-results-hint || at least one condition to be valid: presence of element located by: By.cssSelector: section div.aui-message.error || presence of element located by: By.id: errorPageContainer || presence of element located by: By.cssSelector: div.form-body div.error (tried for 30 second(s) with 50 milliseconds interval)
	at org.openqa.selenium.support.ui.WebDriverWait.timeoutException(WebDriverWait.java:81) ~[virtual-users.jar:?]
	at org.openqa.selenium.support.ui.FluentWait.until(FluentWait.java:271) ~[virtual-users.jar:?]
	at com.atlassian.performance.tools.jiraactions.api.page.WebDriverUtils.wait(WebDriverExtension.kt:25) ~[virtual-users.jar:?]
	at com.atlassian.performance.tools.jiraactions.api.page.WebDriverUtils.wait$default(WebDriverExtension.kt:19) ~[virtual-users.jar:?]
	at com.atlassian.performance.tools.jiraactions.api.page.IssueNavigatorPage.waitForIssueNavigator(IssueNavigatorPage.kt:19) ~[virtual-users.jar:?]
	at com.atlassian.performance.tools.jiraactions.api.action.SearchJqlAction$run$issueNavigatorPage$1.invoke(SearchJqlAction.kt:23) ~[virtual-users.jar:?]
	at com.atlassian.performance.tools.jiraactions.api.action.SearchJqlAction$run$issueNavigatorPage$1.invoke(SearchJqlAction.kt:12) ~[virtual-users.jar:?]
	at com.atlassian.performance.tools.jiraactions.api.measure.ActionMeter$measure$2.invoke(ActionMeter.kt:80) ~[virtual-users.jar:?]
	at com.atlassian.performance.tools.jiraactions.api.measure.ActionMeter$measure$2.invoke(ActionMeter.kt:25) ~[virtual-users.jar:?]
	at com.atlassian.performance.tools.jiraactions.api.measure.ActionMeter.record(ActionMeter.kt:102) ~[virtual-users.jar:?]
	... 12 more
Caused by: org.openqa.selenium.NoSuchElementException: Cannot locate an element using By.cssSelector: div.form-body div.error
For documentation on this error, please visit: http://seleniumhq.org/exceptions/no_such_element.html
Build info: version: 'unknown', revision: 'unknown', time: 'unknown'
System info: host: 'ip-10-0-0-32', ip: '10.0.0.32', os.name: 'Linux', os.arch: 'amd64', os.version: '4.4.0-1067-aws', java.version: '1.8.0_212'
Driver info: driver.version: unknown
	at org.openqa.selenium.support.ui.ExpectedConditions.lambda$findElement$0(ExpectedConditions.java:896) ~[virtual-users.jar:?]
	at java.util.Optional.orElseThrow(Optional.java:290) ~[?:1.8.0_212]
	at org.openqa.selenium.support.ui.ExpectedConditions.findElement(ExpectedConditions.java:895) ~[virtual-users.jar:?]
	at org.openqa.selenium.support.ui.ExpectedConditions.access$000(ExpectedConditions.java:44) ~[virtual-users.jar:?]
	at org.openqa.selenium.support.ui.ExpectedConditions$6.apply(ExpectedConditions.java:183) ~[virtual-users.jar:?]
	at org.openqa.selenium.support.ui.ExpectedConditions$6.apply(ExpectedConditions.java:180) ~[virtual-users.jar:?]
	at org.openqa.selenium.support.ui.ExpectedConditions$47.apply(ExpectedConditions.java:1427) ~[virtual-users.jar:?]
	at org.openqa.selenium.support.ui.ExpectedConditions$47.apply(ExpectedConditions.java:1421) ~[virtual-users.jar:?]
	at org.openqa.selenium.support.ui.ExpectedConditions$47.apply(ExpectedConditions.java:1427) ~[virtual-users.jar:?]
	at org.openqa.selenium.support.ui.ExpectedConditions$47.apply(ExpectedConditions.java:1421) ~[virtual-users.jar:?]
	at org.openqa.selenium.support.ui.FluentWait.until(FluentWait.java:248) ~[virtual-users.jar:?]
	at com.atlassian.performance.tools.jiraactions.api.page.WebDriverUtils.wait(WebDriverExtension.kt:25) ~[virtual-users.jar:?]
	at com.atlassian.performance.tools.jiraactions.api.page.WebDriverUtils.wait$default(WebDriverExtension.kt:19) ~[virtual-users.jar:?]
	at com.atlassian.performance.tools.jiraactions.api.page.IssueNavigatorPage.waitForIssueNavigator(IssueNavigatorPage.kt:19) ~[virtual-users.jar:?]
	at com.atlassian.performance.tools.jiraactions.api.action.SearchJqlAction$run$issueNavigatorPage$1.invoke(SearchJqlAction.kt:23) ~[virtual-users.jar:?]
	at com.atlassian.performance.tools.jiraactions.api.action.SearchJqlAction$run$issueNavigatorPage$1.invoke(SearchJqlAction.kt:12) ~[virtual-users.jar:?]
	at com.atlassian.performance.tools.jiraactions.api.measure.ActionMeter$measure$2.invoke(ActionMeter.kt:80) ~[virtual-users.jar:?]
	at com.atlassian.performance.tools.jiraactions.api.measure.ActionMeter$measure$2.invoke(ActionMeter.kt:25) ~[virtual-users.jar:?]
	at com.atlassian.performance.tools.jiraactions.api.measure.ActionMeter.record(ActionMeter.kt:102) ~[virtual-users.jar:?]
	... 12 more
2019-07-22T13:02:42,654Z ERROR {} [applying load #8797ba85-4c4b-4328-8cad-77b65d971617] [ExploratoryVirtualUser] Failed to run com.atlassian.performance.tools.jiraactions.api.action.SearchJqlAction@5385a5ce, but we keep running
java.lang.Exception: Failed to run com.atlassian.performance.tools.jiraactions.api.action.SearchJqlAction@5385a5ce
	at com.atlassian.performance.tools.virtualusers.ExploratoryVirtualUser.runWithDiagnostics(ExploratoryVirtualUser.kt:82) ~[virtual-users.jar:?]
	at com.atlassian.performance.tools.virtualusers.ExploratoryVirtualUser.applyLoad(ExploratoryVirtualUser.kt:56) [virtual-users.jar:?]
	at com.atlassian.performance.tools.virtualusers.LoadTest.applyLoad(LoadTest.kt:164) [virtual-users.jar:?]
	at com.atlassian.performance.tools.virtualusers.LoadTest.access$applyLoad(LoadTest.kt:36) [virtual-users.jar:?]
	at com.atlassian.performance.tools.virtualusers.LoadTest$applyLoad$$inlined$forEach$lambda$1.run(LoadTest.kt:111) [virtual-users.jar:?]
	at java.util.concurrent.Executors$RunnableAdapter.call(Executors.java:511) [?:1.8.0_212]
	at java.util.concurrent.FutureTask.run(FutureTask.java:266) [?:1.8.0_212]
	at java.util.concurrent.ThreadPoolExecutor.runWorker(ThreadPoolExecutor.java:1149) [?:1.8.0_212]
	at java.util.concurrent.ThreadPoolExecutor$Worker.run(ThreadPoolExecutor.java:624) [?:1.8.0_212]
	at java.lang.Thread.run(Thread.java:748) [?:1.8.0_212]
Caused by: java.lang.Exception: Action 'Search with JQL' ERROR
	at com.atlassian.performance.tools.jiraactions.api.measure.ActionMeter.record(ActionMeter.kt:132) ~[virtual-users.jar:?]
	at com.atlassian.performance.tools.jiraactions.api.measure.ActionMeter.measure(ActionMeter.kt:79) ~[virtual-users.jar:?]
	at com.atlassian.performance.tools.jiraactions.api.action.SearchJqlAction.run(SearchJqlAction.kt:21) ~[virtual-users.jar:?]
	at com.atlassian.performance.tools.virtualusers.ExploratoryVirtualUser.runWithDiagnostics(ExploratoryVirtualUser.kt:79) ~[virtual-users.jar:?]
	... 9 more
Caused by: org.openqa.selenium.TimeoutException: Expected condition failed: waiting for at least one condition to be valid: all conditions to be valid: at least one condition to be valid: presence of element located by: By.cssSelector: ol.issue-list || presence of element located by: By.id: issuetable || presence of element located by: By.id: issue-content && presence of element located by: By.id: key-val && presence of element located by: By.className: issue-body-content || presence of element located by: By.className: no-results-hint || at least one condition to be valid: presence of element located by: By.cssSelector: section div.aui-message.error || presence of element located by: By.id: errorPageContainer || presence of element located by: By.cssSelector: div.form-body div.error (tried for 30 second(s) with 50 milliseconds interval)
	at org.openqa.selenium.support.ui.WebDriverWait.timeoutException(WebDriverWait.java:81) ~[virtual-users.jar:?]
	at org.openqa.selenium.support.ui.FluentWait.until(FluentWait.java:271) ~[virtual-users.jar:?]
	at com.atlassian.performance.tools.jiraactions.api.page.WebDriverUtils.wait(WebDriverExtension.kt:25) ~[virtual-users.jar:?]
	at com.atlassian.performance.tools.jiraactions.api.page.WebDriverUtils.wait$default(WebDriverExtension.kt:19) ~[virtual-users.jar:?]
	at com.atlassian.performance.tools.jiraactions.api.page.IssueNavigatorPage.waitForIssueNavigator(IssueNavigatorPage.kt:19) ~[virtual-users.jar:?]
	at com.atlassian.performance.tools.jiraactions.api.action.SearchJqlAction$run$issueNavigatorPage$1.invoke(SearchJqlAction.kt:23) ~[virtual-users.jar:?]
	at com.atlassian.performance.tools.jiraactions.api.action.SearchJqlAction$run$issueNavigatorPage$1.invoke(SearchJqlAction.kt:12) ~[virtual-users.jar:?]
	at com.atlassian.performance.tools.jiraactions.api.measure.ActionMeter$measure$2.invoke(ActionMeter.kt:80) ~[virtual-users.jar:?]
	at com.atlassian.performance.tools.jiraactions.api.measure.ActionMeter$measure$2.invoke(ActionMeter.kt:25) ~[virtual-users.jar:?]
	at com.atlassian.performance.tools.jiraactions.api.measure.ActionMeter.record(ActionMeter.kt:102) ~[virtual-users.jar:?]
	at com.atlassian.performance.tools.jiraactions.api.measure.ActionMeter.measure(ActionMeter.kt:79) ~[virtual-users.jar:?]
	at com.atlassian.performance.tools.jiraactions.api.action.SearchJqlAction.run(SearchJqlAction.kt:21) ~[virtual-users.jar:?]
	at com.atlassian.performance.tools.virtualusers.ExploratoryVirtualUser.runWithDiagnostics(ExploratoryVirtualUser.kt:79) ~[virtual-users.jar:?]
	... 9 more
Caused by: org.openqa.selenium.NoSuchElementException: Cannot locate an element using By.cssSelector: div.form-body div.error
For documentation on this error, please visit: http://seleniumhq.org/exceptions/no_such_element.html
Build info: version: 'unknown', revision: 'unknown', time: 'unknown'
System info: host: 'ip-10-0-0-32', ip: '10.0.0.32', os.name: 'Linux', os.arch: 'amd64', os.version: '4.4.0-1067-aws', java.version: '1.8.0_212'
Driver info: driver.version: unknown
	at org.openqa.selenium.support.ui.ExpectedConditions.lambda$findElement$0(ExpectedConditions.java:896) ~[virtual-users.jar:?]
	at java.util.Optional.orElseThrow(Optional.java:290) ~[?:1.8.0_212]
	at org.openqa.selenium.support.ui.ExpectedConditions.findElement(ExpectedConditions.java:895) ~[virtual-users.jar:?]
	at org.openqa.selenium.support.ui.ExpectedConditions.access$000(ExpectedConditions.java:44) ~[virtual-users.jar:?]
	at org.openqa.selenium.support.ui.ExpectedConditions$6.apply(ExpectedConditions.java:183) ~[virtual-users.jar:?]
	at org.openqa.selenium.support.ui.ExpectedConditions$6.apply(ExpectedConditions.java:180) ~[virtual-users.jar:?]
	at org.openqa.selenium.support.ui.ExpectedConditions$47.apply(ExpectedConditions.java:1427) ~[virtual-users.jar:?]
	at org.openqa.selenium.support.ui.ExpectedConditions$47.apply(ExpectedConditions.java:1421) ~[virtual-users.jar:?]
	at org.openqa.selenium.support.ui.ExpectedConditions$47.apply(ExpectedConditions.java:1427) ~[virtual-users.jar:?]
	at org.openqa.selenium.support.ui.ExpectedConditions$47.apply(ExpectedConditions.java:1421) ~[virtual-users.jar:?]
	at org.openqa.selenium.support.ui.FluentWait.until(FluentWait.java:248) ~[virtual-users.jar:?]
	at com.atlassian.performance.tools.jiraactions.api.page.WebDriverUtils.wait(WebDriverExtension.kt:25) ~[virtual-users.jar:?]
	at com.atlassian.performance.tools.jiraactions.api.page.WebDriverUtils.wait$default(WebDriverExtension.kt:19) ~[virtual-users.jar:?]
	at com.atlassian.performance.tools.jiraactions.api.page.IssueNavigatorPage.waitForIssueNavigator(IssueNavigatorPage.kt:19) ~[virtual-users.jar:?]
	at com.atlassian.performance.tools.jiraactions.api.action.SearchJqlAction$run$issueNavigatorPage$1.invoke(SearchJqlAction.kt:23) ~[virtual-users.jar:?]
	at com.atlassian.performance.tools.jiraactions.api.action.SearchJqlAction$run$issueNavigatorPage$1.invoke(SearchJqlAction.kt:12) ~[virtual-users.jar:?]
	at com.atlassian.performance.tools.jiraactions.api.measure.ActionMeter$measure$2.invoke(ActionMeter.kt:80) ~[virtual-users.jar:?]
	at com.atlassian.performance.tools.jiraactions.api.measure.ActionMeter$measure$2.invoke(ActionMeter.kt:25) ~[virtual-users.jar:?]
	at com.atlassian.performance.tools.jiraactions.api.measure.ActionMeter.record(ActionMeter.kt:102) ~[virtual-users.jar:?]
	at com.atlassian.performance.tools.jiraactions.api.measure.ActionMeter.measure(ActionMeter.kt:79) ~[virtual-users.jar:?]
	at com.atlassian.performance.tools.jiraactions.api.action.SearchJqlAction.run(SearchJqlAction.kt:21) ~[virtual-users.jar:?]
	at com.atlassian.performance.tools.virtualusers.ExploratoryVirtualUser.runWithDiagnostics(ExploratoryVirtualUser.kt:79) ~[virtual-users.jar:?]
	... 9 more
2019-07-22T13:03:00,431Z DEBUG {} [applying load #8797ba85-4c4b-4328-8cad-77b65d971617] [SeededRandom] Using seed 1563800580
2019-07-22T13:03:03,494Z DEBUG {} [applying load #89e43cb3-51d2-459f-9649-aff7025c48a7] [SeededRandom] Using seed 1563800583
2019-07-22T13:03:28,809Z DEBUG {} [applying load #43a80991-d90c-46c7-a63d-72bd63c4c064] [SeededRandom] Using seed 1563800608
2019-07-22T13:03:33,032Z DEBUG {} [applying load #1e517702-eb41-4e06-bb72-fce314cb2d39] [SeededRandom] Using seed 1563800613
2019-07-22T13:03:42,449Z DEBUG {} [applying load #b1eb5493-d842-47f1-9e0c-2af61014205a] [SeededRandom] Using seed 1563800622
2019-07-22T13:03:50,745Z DEBUG {} [applying load #1e517702-eb41-4e06-bb72-fce314cb2d39] [SeededRandom] Using seed 1563800630
2019-07-22T13:03:56,355Z ERROR {} [applying load #4e542328-82fc-45c5-b382-76de5264139b] [WebDriverDiagnostics] URL: http://jpt-0e8cf-loadbala-13pu7nwaohba-1805958026.eu-west-1.elb.amazonaws.com/issues/?jql=text+%7E+%22a*%22+order+by+summary, HTML dumped at diagnoses/40ea6e26-9317-432d-ae3d-abbda9249699/dump.html, screenshot saved to diagnoses/40ea6e26-9317-432d-ae3d-abbda9249699/screenshot.png
java.lang.Exception: Action 'Search with JQL' ERROR
	at com.atlassian.performance.tools.jiraactions.api.measure.ActionMeter.record(ActionMeter.kt:132) ~[virtual-users.jar:?]
	at com.atlassian.performance.tools.jiraactions.api.measure.ActionMeter.measure(ActionMeter.kt:79) ~[virtual-users.jar:?]
	at com.atlassian.performance.tools.jiraactions.api.action.SearchJqlAction.run(SearchJqlAction.kt:21) ~[virtual-users.jar:?]
	at com.atlassian.performance.tools.virtualusers.ExploratoryVirtualUser.runWithDiagnostics(ExploratoryVirtualUser.kt:79) [virtual-users.jar:?]
	at com.atlassian.performance.tools.virtualusers.ExploratoryVirtualUser.applyLoad(ExploratoryVirtualUser.kt:56) [virtual-users.jar:?]
	at com.atlassian.performance.tools.virtualusers.LoadTest.applyLoad(LoadTest.kt:164) [virtual-users.jar:?]
	at com.atlassian.performance.tools.virtualusers.LoadTest.access$applyLoad(LoadTest.kt:36) [virtual-users.jar:?]
	at com.atlassian.performance.tools.virtualusers.LoadTest$applyLoad$$inlined$forEach$lambda$1.run(LoadTest.kt:111) [virtual-users.jar:?]
	at java.util.concurrent.Executors$RunnableAdapter.call(Executors.java:511) [?:1.8.0_212]
	at java.util.concurrent.FutureTask.run(FutureTask.java:266) [?:1.8.0_212]
	at java.util.concurrent.ThreadPoolExecutor.runWorker(ThreadPoolExecutor.java:1149) [?:1.8.0_212]
	at java.util.concurrent.ThreadPoolExecutor$Worker.run(ThreadPoolExecutor.java:624) [?:1.8.0_212]
	at java.lang.Thread.run(Thread.java:748) [?:1.8.0_212]
Caused by: org.openqa.selenium.TimeoutException: Expected condition failed: waiting for at least one condition to be valid: all conditions to be valid: at least one condition to be valid: presence of element located by: By.cssSelector: ol.issue-list || presence of element located by: By.id: issuetable || presence of element located by: By.id: issue-content && presence of element located by: By.id: key-val && presence of element located by: By.className: issue-body-content || presence of element located by: By.className: no-results-hint || at least one condition to be valid: presence of element located by: By.cssSelector: section div.aui-message.error || presence of element located by: By.id: errorPageContainer || presence of element located by: By.cssSelector: div.form-body div.error (tried for 30 second(s) with 50 milliseconds interval)
	at org.openqa.selenium.support.ui.WebDriverWait.timeoutException(WebDriverWait.java:81) ~[virtual-users.jar:?]
	at org.openqa.selenium.support.ui.FluentWait.until(FluentWait.java:271) ~[virtual-users.jar:?]
	at com.atlassian.performance.tools.jiraactions.api.page.WebDriverUtils.wait(WebDriverExtension.kt:25) ~[virtual-users.jar:?]
	at com.atlassian.performance.tools.jiraactions.api.page.WebDriverUtils.wait$default(WebDriverExtension.kt:19) ~[virtual-users.jar:?]
	at com.atlassian.performance.tools.jiraactions.api.page.IssueNavigatorPage.waitForIssueNavigator(IssueNavigatorPage.kt:19) ~[virtual-users.jar:?]
	at com.atlassian.performance.tools.jiraactions.api.action.SearchJqlAction$run$issueNavigatorPage$1.invoke(SearchJqlAction.kt:23) ~[virtual-users.jar:?]
	at com.atlassian.performance.tools.jiraactions.api.action.SearchJqlAction$run$issueNavigatorPage$1.invoke(SearchJqlAction.kt:12) ~[virtual-users.jar:?]
	at com.atlassian.performance.tools.jiraactions.api.measure.ActionMeter$measure$2.invoke(ActionMeter.kt:80) ~[virtual-users.jar:?]
	at com.atlassian.performance.tools.jiraactions.api.measure.ActionMeter$measure$2.invoke(ActionMeter.kt:25) ~[virtual-users.jar:?]
	at com.atlassian.performance.tools.jiraactions.api.measure.ActionMeter.record(ActionMeter.kt:102) ~[virtual-users.jar:?]
	... 12 more
Caused by: org.openqa.selenium.NoSuchElementException: Cannot locate an element using By.cssSelector: div.form-body div.error
For documentation on this error, please visit: http://seleniumhq.org/exceptions/no_such_element.html
Build info: version: 'unknown', revision: 'unknown', time: 'unknown'
System info: host: 'ip-10-0-0-32', ip: '10.0.0.32', os.name: 'Linux', os.arch: 'amd64', os.version: '4.4.0-1067-aws', java.version: '1.8.0_212'
Driver info: driver.version: unknown
	at org.openqa.selenium.support.ui.ExpectedConditions.lambda$findElement$0(ExpectedConditions.java:896) ~[virtual-users.jar:?]
	at java.util.Optional.orElseThrow(Optional.java:290) ~[?:1.8.0_212]
	at org.openqa.selenium.support.ui.ExpectedConditions.findElement(ExpectedConditions.java:895) ~[virtual-users.jar:?]
	at org.openqa.selenium.support.ui.ExpectedConditions.access$000(ExpectedConditions.java:44) ~[virtual-users.jar:?]
	at org.openqa.selenium.support.ui.ExpectedConditions$6.apply(ExpectedConditions.java:183) ~[virtual-users.jar:?]
	at org.openqa.selenium.support.ui.ExpectedConditions$6.apply(ExpectedConditions.java:180) ~[virtual-users.jar:?]
	at org.openqa.selenium.support.ui.ExpectedConditions$47.apply(ExpectedConditions.java:1427) ~[virtual-users.jar:?]
	at org.openqa.selenium.support.ui.ExpectedConditions$47.apply(ExpectedConditions.java:1421) ~[virtual-users.jar:?]
	at org.openqa.selenium.support.ui.ExpectedConditions$47.apply(ExpectedConditions.java:1427) ~[virtual-users.jar:?]
	at org.openqa.selenium.support.ui.ExpectedConditions$47.apply(ExpectedConditions.java:1421) ~[virtual-users.jar:?]
	at org.openqa.selenium.support.ui.FluentWait.until(FluentWait.java:248) ~[virtual-users.jar:?]
	at com.atlassian.performance.tools.jiraactions.api.page.WebDriverUtils.wait(WebDriverExtension.kt:25) ~[virtual-users.jar:?]
	at com.atlassian.performance.tools.jiraactions.api.page.WebDriverUtils.wait$default(WebDriverExtension.kt:19) ~[virtual-users.jar:?]
	at com.atlassian.performance.tools.jiraactions.api.page.IssueNavigatorPage.waitForIssueNavigator(IssueNavigatorPage.kt:19) ~[virtual-users.jar:?]
	at com.atlassian.performance.tools.jiraactions.api.action.SearchJqlAction$run$issueNavigatorPage$1.invoke(SearchJqlAction.kt:23) ~[virtual-users.jar:?]
	at com.atlassian.performance.tools.jiraactions.api.action.SearchJqlAction$run$issueNavigatorPage$1.invoke(SearchJqlAction.kt:12) ~[virtual-users.jar:?]
	at com.atlassian.performance.tools.jiraactions.api.measure.ActionMeter$measure$2.invoke(ActionMeter.kt:80) ~[virtual-users.jar:?]
	at com.atlassian.performance.tools.jiraactions.api.measure.ActionMeter$measure$2.invoke(ActionMeter.kt:25) ~[virtual-users.jar:?]
	at com.atlassian.performance.tools.jiraactions.api.measure.ActionMeter.record(ActionMeter.kt:102) ~[virtual-users.jar:?]
	... 12 more
2019-07-22T13:03:56,357Z ERROR {} [applying load #4e542328-82fc-45c5-b382-76de5264139b] [ExploratoryVirtualUser] Failed to run com.atlassian.performance.tools.jiraactions.api.action.SearchJqlAction@758559d, but we keep running
java.lang.Exception: Failed to run com.atlassian.performance.tools.jiraactions.api.action.SearchJqlAction@758559d
	at com.atlassian.performance.tools.virtualusers.ExploratoryVirtualUser.runWithDiagnostics(ExploratoryVirtualUser.kt:82) ~[virtual-users.jar:?]
	at com.atlassian.performance.tools.virtualusers.ExploratoryVirtualUser.applyLoad(ExploratoryVirtualUser.kt:56) [virtual-users.jar:?]
	at com.atlassian.performance.tools.virtualusers.LoadTest.applyLoad(LoadTest.kt:164) [virtual-users.jar:?]
	at com.atlassian.performance.tools.virtualusers.LoadTest.access$applyLoad(LoadTest.kt:36) [virtual-users.jar:?]
	at com.atlassian.performance.tools.virtualusers.LoadTest$applyLoad$$inlined$forEach$lambda$1.run(LoadTest.kt:111) [virtual-users.jar:?]
	at java.util.concurrent.Executors$RunnableAdapter.call(Executors.java:511) [?:1.8.0_212]
	at java.util.concurrent.FutureTask.run(FutureTask.java:266) [?:1.8.0_212]
	at java.util.concurrent.ThreadPoolExecutor.runWorker(ThreadPoolExecutor.java:1149) [?:1.8.0_212]
	at java.util.concurrent.ThreadPoolExecutor$Worker.run(ThreadPoolExecutor.java:624) [?:1.8.0_212]
	at java.lang.Thread.run(Thread.java:748) [?:1.8.0_212]
Caused by: java.lang.Exception: Action 'Search with JQL' ERROR
	at com.atlassian.performance.tools.jiraactions.api.measure.ActionMeter.record(ActionMeter.kt:132) ~[virtual-users.jar:?]
	at com.atlassian.performance.tools.jiraactions.api.measure.ActionMeter.measure(ActionMeter.kt:79) ~[virtual-users.jar:?]
	at com.atlassian.performance.tools.jiraactions.api.action.SearchJqlAction.run(SearchJqlAction.kt:21) ~[virtual-users.jar:?]
	at com.atlassian.performance.tools.virtualusers.ExploratoryVirtualUser.runWithDiagnostics(ExploratoryVirtualUser.kt:79) ~[virtual-users.jar:?]
	... 9 more
Caused by: org.openqa.selenium.TimeoutException: Expected condition failed: waiting for at least one condition to be valid: all conditions to be valid: at least one condition to be valid: presence of element located by: By.cssSelector: ol.issue-list || presence of element located by: By.id: issuetable || presence of element located by: By.id: issue-content && presence of element located by: By.id: key-val && presence of element located by: By.className: issue-body-content || presence of element located by: By.className: no-results-hint || at least one condition to be valid: presence of element located by: By.cssSelector: section div.aui-message.error || presence of element located by: By.id: errorPageContainer || presence of element located by: By.cssSelector: div.form-body div.error (tried for 30 second(s) with 50 milliseconds interval)
	at org.openqa.selenium.support.ui.WebDriverWait.timeoutException(WebDriverWait.java:81) ~[virtual-users.jar:?]
	at org.openqa.selenium.support.ui.FluentWait.until(FluentWait.java:271) ~[virtual-users.jar:?]
	at com.atlassian.performance.tools.jiraactions.api.page.WebDriverUtils.wait(WebDriverExtension.kt:25) ~[virtual-users.jar:?]
	at com.atlassian.performance.tools.jiraactions.api.page.WebDriverUtils.wait$default(WebDriverExtension.kt:19) ~[virtual-users.jar:?]
	at com.atlassian.performance.tools.jiraactions.api.page.IssueNavigatorPage.waitForIssueNavigator(IssueNavigatorPage.kt:19) ~[virtual-users.jar:?]
	at com.atlassian.performance.tools.jiraactions.api.action.SearchJqlAction$run$issueNavigatorPage$1.invoke(SearchJqlAction.kt:23) ~[virtual-users.jar:?]
	at com.atlassian.performance.tools.jiraactions.api.action.SearchJqlAction$run$issueNavigatorPage$1.invoke(SearchJqlAction.kt:12) ~[virtual-users.jar:?]
	at com.atlassian.performance.tools.jiraactions.api.measure.ActionMeter$measure$2.invoke(ActionMeter.kt:80) ~[virtual-users.jar:?]
	at com.atlassian.performance.tools.jiraactions.api.measure.ActionMeter$measure$2.invoke(ActionMeter.kt:25) ~[virtual-users.jar:?]
	at com.atlassian.performance.tools.jiraactions.api.measure.ActionMeter.record(ActionMeter.kt:102) ~[virtual-users.jar:?]
	at com.atlassian.performance.tools.jiraactions.api.measure.ActionMeter.measure(ActionMeter.kt:79) ~[virtual-users.jar:?]
	at com.atlassian.performance.tools.jiraactions.api.action.SearchJqlAction.run(SearchJqlAction.kt:21) ~[virtual-users.jar:?]
	at com.atlassian.performance.tools.virtualusers.ExploratoryVirtualUser.runWithDiagnostics(ExploratoryVirtualUser.kt:79) ~[virtual-users.jar:?]
	... 9 more
Caused by: org.openqa.selenium.NoSuchElementException: Cannot locate an element using By.cssSelector: div.form-body div.error
For documentation on this error, please visit: http://seleniumhq.org/exceptions/no_such_element.html
Build info: version: 'unknown', revision: 'unknown', time: 'unknown'
System info: host: 'ip-10-0-0-32', ip: '10.0.0.32', os.name: 'Linux', os.arch: 'amd64', os.version: '4.4.0-1067-aws', java.version: '1.8.0_212'
Driver info: driver.version: unknown
	at org.openqa.selenium.support.ui.ExpectedConditions.lambda$findElement$0(ExpectedConditions.java:896) ~[virtual-users.jar:?]
	at java.util.Optional.orElseThrow(Optional.java:290) ~[?:1.8.0_212]
	at org.openqa.selenium.support.ui.ExpectedConditions.findElement(ExpectedConditions.java:895) ~[virtual-users.jar:?]
	at org.openqa.selenium.support.ui.ExpectedConditions.access$000(ExpectedConditions.java:44) ~[virtual-users.jar:?]
	at org.openqa.selenium.support.ui.ExpectedConditions$6.apply(ExpectedConditions.java:183) ~[virtual-users.jar:?]
	at org.openqa.selenium.support.ui.ExpectedConditions$6.apply(ExpectedConditions.java:180) ~[virtual-users.jar:?]
	at org.openqa.selenium.support.ui.ExpectedConditions$47.apply(ExpectedConditions.java:1427) ~[virtual-users.jar:?]
	at org.openqa.selenium.support.ui.ExpectedConditions$47.apply(ExpectedConditions.java:1421) ~[virtual-users.jar:?]
	at org.openqa.selenium.support.ui.ExpectedConditions$47.apply(ExpectedConditions.java:1427) ~[virtual-users.jar:?]
	at org.openqa.selenium.support.ui.ExpectedConditions$47.apply(ExpectedConditions.java:1421) ~[virtual-users.jar:?]
	at org.openqa.selenium.support.ui.FluentWait.until(FluentWait.java:248) ~[virtual-users.jar:?]
	at com.atlassian.performance.tools.jiraactions.api.page.WebDriverUtils.wait(WebDriverExtension.kt:25) ~[virtual-users.jar:?]
	at com.atlassian.performance.tools.jiraactions.api.page.WebDriverUtils.wait$default(WebDriverExtension.kt:19) ~[virtual-users.jar:?]
	at com.atlassian.performance.tools.jiraactions.api.page.IssueNavigatorPage.waitForIssueNavigator(IssueNavigatorPage.kt:19) ~[virtual-users.jar:?]
	at com.atlassian.performance.tools.jiraactions.api.action.SearchJqlAction$run$issueNavigatorPage$1.invoke(SearchJqlAction.kt:23) ~[virtual-users.jar:?]
	at com.atlassian.performance.tools.jiraactions.api.action.SearchJqlAction$run$issueNavigatorPage$1.invoke(SearchJqlAction.kt:12) ~[virtual-users.jar:?]
	at com.atlassian.performance.tools.jiraactions.api.measure.ActionMeter$measure$2.invoke(ActionMeter.kt:80) ~[virtual-users.jar:?]
	at com.atlassian.performance.tools.jiraactions.api.measure.ActionMeter$measure$2.invoke(ActionMeter.kt:25) ~[virtual-users.jar:?]
	at com.atlassian.performance.tools.jiraactions.api.measure.ActionMeter.record(ActionMeter.kt:102) ~[virtual-users.jar:?]
	at com.atlassian.performance.tools.jiraactions.api.measure.ActionMeter.measure(ActionMeter.kt:79) ~[virtual-users.jar:?]
	at com.atlassian.performance.tools.jiraactions.api.action.SearchJqlAction.run(SearchJqlAction.kt:21) ~[virtual-users.jar:?]
	at com.atlassian.performance.tools.virtualusers.ExploratoryVirtualUser.runWithDiagnostics(ExploratoryVirtualUser.kt:79) ~[virtual-users.jar:?]
	... 9 more
2019-07-22T13:04:00,320Z ERROR {} [applying load #cef40ba0-4e7c-4730-b146-3247d8ad5122] [WebDriverDiagnostics] URL: http://jpt-0e8cf-loadbala-13pu7nwaohba-1805958026.eu-west-1.elb.amazonaws.com/issues/?jql=text+%7E+%22a*%22+order+by+summary, HTML dumped at diagnoses/6bde6d81-b83b-4e1a-bbce-bb2ffe3440b3/dump.html, screenshot saved to diagnoses/6bde6d81-b83b-4e1a-bbce-bb2ffe3440b3/screenshot.png
java.lang.Exception: Action 'Search with JQL' ERROR
	at com.atlassian.performance.tools.jiraactions.api.measure.ActionMeter.record(ActionMeter.kt:132) ~[virtual-users.jar:?]
	at com.atlassian.performance.tools.jiraactions.api.measure.ActionMeter.measure(ActionMeter.kt:79) ~[virtual-users.jar:?]
	at com.atlassian.performance.tools.jiraactions.api.action.SearchJqlAction.run(SearchJqlAction.kt:21) ~[virtual-users.jar:?]
	at com.atlassian.performance.tools.virtualusers.ExploratoryVirtualUser.runWithDiagnostics(ExploratoryVirtualUser.kt:79) [virtual-users.jar:?]
	at com.atlassian.performance.tools.virtualusers.ExploratoryVirtualUser.applyLoad(ExploratoryVirtualUser.kt:56) [virtual-users.jar:?]
	at com.atlassian.performance.tools.virtualusers.LoadTest.applyLoad(LoadTest.kt:164) [virtual-users.jar:?]
	at com.atlassian.performance.tools.virtualusers.LoadTest.access$applyLoad(LoadTest.kt:36) [virtual-users.jar:?]
	at com.atlassian.performance.tools.virtualusers.LoadTest$applyLoad$$inlined$forEach$lambda$1.run(LoadTest.kt:111) [virtual-users.jar:?]
	at java.util.concurrent.Executors$RunnableAdapter.call(Executors.java:511) [?:1.8.0_212]
	at java.util.concurrent.FutureTask.run(FutureTask.java:266) [?:1.8.0_212]
	at java.util.concurrent.ThreadPoolExecutor.runWorker(ThreadPoolExecutor.java:1149) [?:1.8.0_212]
	at java.util.concurrent.ThreadPoolExecutor$Worker.run(ThreadPoolExecutor.java:624) [?:1.8.0_212]
	at java.lang.Thread.run(Thread.java:748) [?:1.8.0_212]
Caused by: org.openqa.selenium.TimeoutException: Expected condition failed: waiting for at least one condition to be valid: all conditions to be valid: at least one condition to be valid: presence of element located by: By.cssSelector: ol.issue-list || presence of element located by: By.id: issuetable || presence of element located by: By.id: issue-content && presence of element located by: By.id: key-val && presence of element located by: By.className: issue-body-content || presence of element located by: By.className: no-results-hint || at least one condition to be valid: presence of element located by: By.cssSelector: section div.aui-message.error || presence of element located by: By.id: errorPageContainer || presence of element located by: By.cssSelector: div.form-body div.error (tried for 30 second(s) with 50 milliseconds interval)
	at org.openqa.selenium.support.ui.WebDriverWait.timeoutException(WebDriverWait.java:81) ~[virtual-users.jar:?]
	at org.openqa.selenium.support.ui.FluentWait.until(FluentWait.java:271) ~[virtual-users.jar:?]
	at com.atlassian.performance.tools.jiraactions.api.page.WebDriverUtils.wait(WebDriverExtension.kt:25) ~[virtual-users.jar:?]
	at com.atlassian.performance.tools.jiraactions.api.page.WebDriverUtils.wait$default(WebDriverExtension.kt:19) ~[virtual-users.jar:?]
	at com.atlassian.performance.tools.jiraactions.api.page.IssueNavigatorPage.waitForIssueNavigator(IssueNavigatorPage.kt:19) ~[virtual-users.jar:?]
	at com.atlassian.performance.tools.jiraactions.api.action.SearchJqlAction$run$issueNavigatorPage$1.invoke(SearchJqlAction.kt:23) ~[virtual-users.jar:?]
	at com.atlassian.performance.tools.jiraactions.api.action.SearchJqlAction$run$issueNavigatorPage$1.invoke(SearchJqlAction.kt:12) ~[virtual-users.jar:?]
	at com.atlassian.performance.tools.jiraactions.api.measure.ActionMeter$measure$2.invoke(ActionMeter.kt:80) ~[virtual-users.jar:?]
	at com.atlassian.performance.tools.jiraactions.api.measure.ActionMeter$measure$2.invoke(ActionMeter.kt:25) ~[virtual-users.jar:?]
	at com.atlassian.performance.tools.jiraactions.api.measure.ActionMeter.record(ActionMeter.kt:102) ~[virtual-users.jar:?]
	... 12 more
Caused by: org.openqa.selenium.NoSuchElementException: Cannot locate an element using By.cssSelector: div.form-body div.error
For documentation on this error, please visit: http://seleniumhq.org/exceptions/no_such_element.html
Build info: version: 'unknown', revision: 'unknown', time: 'unknown'
System info: host: 'ip-10-0-0-32', ip: '10.0.0.32', os.name: 'Linux', os.arch: 'amd64', os.version: '4.4.0-1067-aws', java.version: '1.8.0_212'
Driver info: driver.version: unknown
	at org.openqa.selenium.support.ui.ExpectedConditions.lambda$findElement$0(ExpectedConditions.java:896) ~[virtual-users.jar:?]
	at java.util.Optional.orElseThrow(Optional.java:290) ~[?:1.8.0_212]
	at org.openqa.selenium.support.ui.ExpectedConditions.findElement(ExpectedConditions.java:895) ~[virtual-users.jar:?]
	at org.openqa.selenium.support.ui.ExpectedConditions.access$000(ExpectedConditions.java:44) ~[virtual-users.jar:?]
	at org.openqa.selenium.support.ui.ExpectedConditions$6.apply(ExpectedConditions.java:183) ~[virtual-users.jar:?]
	at org.openqa.selenium.support.ui.ExpectedConditions$6.apply(ExpectedConditions.java:180) ~[virtual-users.jar:?]
	at org.openqa.selenium.support.ui.ExpectedConditions$47.apply(ExpectedConditions.java:1427) ~[virtual-users.jar:?]
	at org.openqa.selenium.support.ui.ExpectedConditions$47.apply(ExpectedConditions.java:1421) ~[virtual-users.jar:?]
	at org.openqa.selenium.support.ui.ExpectedConditions$47.apply(ExpectedConditions.java:1427) ~[virtual-users.jar:?]
	at org.openqa.selenium.support.ui.ExpectedConditions$47.apply(ExpectedConditions.java:1421) ~[virtual-users.jar:?]
	at org.openqa.selenium.support.ui.FluentWait.until(FluentWait.java:248) ~[virtual-users.jar:?]
	at com.atlassian.performance.tools.jiraactions.api.page.WebDriverUtils.wait(WebDriverExtension.kt:25) ~[virtual-users.jar:?]
	at com.atlassian.performance.tools.jiraactions.api.page.WebDriverUtils.wait$default(WebDriverExtension.kt:19) ~[virtual-users.jar:?]
	at com.atlassian.performance.tools.jiraactions.api.page.IssueNavigatorPage.waitForIssueNavigator(IssueNavigatorPage.kt:19) ~[virtual-users.jar:?]
	at com.atlassian.performance.tools.jiraactions.api.action.SearchJqlAction$run$issueNavigatorPage$1.invoke(SearchJqlAction.kt:23) ~[virtual-users.jar:?]
	at com.atlassian.performance.tools.jiraactions.api.action.SearchJqlAction$run$issueNavigatorPage$1.invoke(SearchJqlAction.kt:12) ~[virtual-users.jar:?]
	at com.atlassian.performance.tools.jiraactions.api.measure.ActionMeter$measure$2.invoke(ActionMeter.kt:80) ~[virtual-users.jar:?]
	at com.atlassian.performance.tools.jiraactions.api.measure.ActionMeter$measure$2.invoke(ActionMeter.kt:25) ~[virtual-users.jar:?]
	at com.atlassian.performance.tools.jiraactions.api.measure.ActionMeter.record(ActionMeter.kt:102) ~[virtual-users.jar:?]
	... 12 more
2019-07-22T13:04:00,321Z ERROR {} [applying load #cef40ba0-4e7c-4730-b146-3247d8ad5122] [ExploratoryVirtualUser] Failed to run com.atlassian.performance.tools.jiraactions.api.action.SearchJqlAction@9927b15, but we keep running
java.lang.Exception: Failed to run com.atlassian.performance.tools.jiraactions.api.action.SearchJqlAction@9927b15
	at com.atlassian.performance.tools.virtualusers.ExploratoryVirtualUser.runWithDiagnostics(ExploratoryVirtualUser.kt:82) ~[virtual-users.jar:?]
	at com.atlassian.performance.tools.virtualusers.ExploratoryVirtualUser.applyLoad(ExploratoryVirtualUser.kt:56) [virtual-users.jar:?]
	at com.atlassian.performance.tools.virtualusers.LoadTest.applyLoad(LoadTest.kt:164) [virtual-users.jar:?]
	at com.atlassian.performance.tools.virtualusers.LoadTest.access$applyLoad(LoadTest.kt:36) [virtual-users.jar:?]
	at com.atlassian.performance.tools.virtualusers.LoadTest$applyLoad$$inlined$forEach$lambda$1.run(LoadTest.kt:111) [virtual-users.jar:?]
	at java.util.concurrent.Executors$RunnableAdapter.call(Executors.java:511) [?:1.8.0_212]
	at java.util.concurrent.FutureTask.run(FutureTask.java:266) [?:1.8.0_212]
	at java.util.concurrent.ThreadPoolExecutor.runWorker(ThreadPoolExecutor.java:1149) [?:1.8.0_212]
	at java.util.concurrent.ThreadPoolExecutor$Worker.run(ThreadPoolExecutor.java:624) [?:1.8.0_212]
	at java.lang.Thread.run(Thread.java:748) [?:1.8.0_212]
Caused by: java.lang.Exception: Action 'Search with JQL' ERROR
	at com.atlassian.performance.tools.jiraactions.api.measure.ActionMeter.record(ActionMeter.kt:132) ~[virtual-users.jar:?]
	at com.atlassian.performance.tools.jiraactions.api.measure.ActionMeter.measure(ActionMeter.kt:79) ~[virtual-users.jar:?]
	at com.atlassian.performance.tools.jiraactions.api.action.SearchJqlAction.run(SearchJqlAction.kt:21) ~[virtual-users.jar:?]
	at com.atlassian.performance.tools.virtualusers.ExploratoryVirtualUser.runWithDiagnostics(ExploratoryVirtualUser.kt:79) ~[virtual-users.jar:?]
	... 9 more
Caused by: org.openqa.selenium.TimeoutException: Expected condition failed: waiting for at least one condition to be valid: all conditions to be valid: at least one condition to be valid: presence of element located by: By.cssSelector: ol.issue-list || presence of element located by: By.id: issuetable || presence of element located by: By.id: issue-content && presence of element located by: By.id: key-val && presence of element located by: By.className: issue-body-content || presence of element located by: By.className: no-results-hint || at least one condition to be valid: presence of element located by: By.cssSelector: section div.aui-message.error || presence of element located by: By.id: errorPageContainer || presence of element located by: By.cssSelector: div.form-body div.error (tried for 30 second(s) with 50 milliseconds interval)
	at org.openqa.selenium.support.ui.WebDriverWait.timeoutException(WebDriverWait.java:81) ~[virtual-users.jar:?]
	at org.openqa.selenium.support.ui.FluentWait.until(FluentWait.java:271) ~[virtual-users.jar:?]
	at com.atlassian.performance.tools.jiraactions.api.page.WebDriverUtils.wait(WebDriverExtension.kt:25) ~[virtual-users.jar:?]
	at com.atlassian.performance.tools.jiraactions.api.page.WebDriverUtils.wait$default(WebDriverExtension.kt:19) ~[virtual-users.jar:?]
	at com.atlassian.performance.tools.jiraactions.api.page.IssueNavigatorPage.waitForIssueNavigator(IssueNavigatorPage.kt:19) ~[virtual-users.jar:?]
	at com.atlassian.performance.tools.jiraactions.api.action.SearchJqlAction$run$issueNavigatorPage$1.invoke(SearchJqlAction.kt:23) ~[virtual-users.jar:?]
	at com.atlassian.performance.tools.jiraactions.api.action.SearchJqlAction$run$issueNavigatorPage$1.invoke(SearchJqlAction.kt:12) ~[virtual-users.jar:?]
	at com.atlassian.performance.tools.jiraactions.api.measure.ActionMeter$measure$2.invoke(ActionMeter.kt:80) ~[virtual-users.jar:?]
	at com.atlassian.performance.tools.jiraactions.api.measure.ActionMeter$measure$2.invoke(ActionMeter.kt:25) ~[virtual-users.jar:?]
	at com.atlassian.performance.tools.jiraactions.api.measure.ActionMeter.record(ActionMeter.kt:102) ~[virtual-users.jar:?]
	at com.atlassian.performance.tools.jiraactions.api.measure.ActionMeter.measure(ActionMeter.kt:79) ~[virtual-users.jar:?]
	at com.atlassian.performance.tools.jiraactions.api.action.SearchJqlAction.run(SearchJqlAction.kt:21) ~[virtual-users.jar:?]
	at com.atlassian.performance.tools.virtualusers.ExploratoryVirtualUser.runWithDiagnostics(ExploratoryVirtualUser.kt:79) ~[virtual-users.jar:?]
	... 9 more
Caused by: org.openqa.selenium.NoSuchElementException: Cannot locate an element using By.cssSelector: div.form-body div.error
For documentation on this error, please visit: http://seleniumhq.org/exceptions/no_such_element.html
Build info: version: 'unknown', revision: 'unknown', time: 'unknown'
System info: host: 'ip-10-0-0-32', ip: '10.0.0.32', os.name: 'Linux', os.arch: 'amd64', os.version: '4.4.0-1067-aws', java.version: '1.8.0_212'
Driver info: driver.version: unknown
	at org.openqa.selenium.support.ui.ExpectedConditions.lambda$findElement$0(ExpectedConditions.java:896) ~[virtual-users.jar:?]
	at java.util.Optional.orElseThrow(Optional.java:290) ~[?:1.8.0_212]
	at org.openqa.selenium.support.ui.ExpectedConditions.findElement(ExpectedConditions.java:895) ~[virtual-users.jar:?]
	at org.openqa.selenium.support.ui.ExpectedConditions.access$000(ExpectedConditions.java:44) ~[virtual-users.jar:?]
	at org.openqa.selenium.support.ui.ExpectedConditions$6.apply(ExpectedConditions.java:183) ~[virtual-users.jar:?]
	at org.openqa.selenium.support.ui.ExpectedConditions$6.apply(ExpectedConditions.java:180) ~[virtual-users.jar:?]
	at org.openqa.selenium.support.ui.ExpectedConditions$47.apply(ExpectedConditions.java:1427) ~[virtual-users.jar:?]
	at org.openqa.selenium.support.ui.ExpectedConditions$47.apply(ExpectedConditions.java:1421) ~[virtual-users.jar:?]
	at org.openqa.selenium.support.ui.ExpectedConditions$47.apply(ExpectedConditions.java:1427) ~[virtual-users.jar:?]
	at org.openqa.selenium.support.ui.ExpectedConditions$47.apply(ExpectedConditions.java:1421) ~[virtual-users.jar:?]
	at org.openqa.selenium.support.ui.FluentWait.until(FluentWait.java:248) ~[virtual-users.jar:?]
	at com.atlassian.performance.tools.jiraactions.api.page.WebDriverUtils.wait(WebDriverExtension.kt:25) ~[virtual-users.jar:?]
	at com.atlassian.performance.tools.jiraactions.api.page.WebDriverUtils.wait$default(WebDriverExtension.kt:19) ~[virtual-users.jar:?]
	at com.atlassian.performance.tools.jiraactions.api.page.IssueNavigatorPage.waitForIssueNavigator(IssueNavigatorPage.kt:19) ~[virtual-users.jar:?]
	at com.atlassian.performance.tools.jiraactions.api.action.SearchJqlAction$run$issueNavigatorPage$1.invoke(SearchJqlAction.kt:23) ~[virtual-users.jar:?]
	at com.atlassian.performance.tools.jiraactions.api.action.SearchJqlAction$run$issueNavigatorPage$1.invoke(SearchJqlAction.kt:12) ~[virtual-users.jar:?]
	at com.atlassian.performance.tools.jiraactions.api.measure.ActionMeter$measure$2.invoke(ActionMeter.kt:80) ~[virtual-users.jar:?]
	at com.atlassian.performance.tools.jiraactions.api.measure.ActionMeter$measure$2.invoke(ActionMeter.kt:25) ~[virtual-users.jar:?]
	at com.atlassian.performance.tools.jiraactions.api.measure.ActionMeter.record(ActionMeter.kt:102) ~[virtual-users.jar:?]
	at com.atlassian.performance.tools.jiraactions.api.measure.ActionMeter.measure(ActionMeter.kt:79) ~[virtual-users.jar:?]
	at com.atlassian.performance.tools.jiraactions.api.action.SearchJqlAction.run(SearchJqlAction.kt:21) ~[virtual-users.jar:?]
	at com.atlassian.performance.tools.virtualusers.ExploratoryVirtualUser.runWithDiagnostics(ExploratoryVirtualUser.kt:79) ~[virtual-users.jar:?]
	... 9 more
2019-07-22T13:04:06,627Z DEBUG {} [applying load #1e834fab-79d6-4171-8990-58e89952e212] [SeededRandom] Using seed 1563800646
2019-07-22T13:04:10,223Z DEBUG {} [applying load #b1eb5493-d842-47f1-9e0c-2af61014205a] [SeededRandom] Using seed 1563800650
2019-07-22T13:04:15,346Z DEBUG {} [applying load #cef40ba0-4e7c-4730-b146-3247d8ad5122] [SeededRandom] Using seed 1563800655
2019-07-22T13:04:17,915Z DEBUG {} [applying load #b1eb5493-d842-47f1-9e0c-2af61014205a] [SeededRandom] Using seed 1563800657
2019-07-22T13:04:19,644Z DEBUG {} [applying load #b6fea101-bb06-4787-b97c-b0d810f91aca] [SeededRandom] Using seed 1563800659
2019-07-22T13:04:22,146Z DEBUG {} [applying load #cef40ba0-4e7c-4730-b146-3247d8ad5122] [SeededRandom] Using seed 1563800662
2019-07-22T13:04:22,160Z DEBUG {} [applying load #4e542328-82fc-45c5-b382-76de5264139b] [SeededRandom] Using seed 1563800662
2019-07-22T13:04:27,802Z DEBUG {} [applying load #b6fea101-bb06-4787-b97c-b0d810f91aca] [SeededRandom] Using seed 1563800667
2019-07-22T13:04:29,150Z DEBUG {} [applying load #4e542328-82fc-45c5-b382-76de5264139b] [SeededRandom] Using seed 1563800669
2019-07-22T13:04:36,947Z DEBUG {} [applying load #4e542328-82fc-45c5-b382-76de5264139b] [SeededRandom] Using seed 1563800676
2019-07-22T13:04:40,609Z DEBUG {} [applying load #8797ba85-4c4b-4328-8cad-77b65d971617] [SeededRandom] Using seed 1563800680
2019-07-22T13:04:48,127Z DEBUG {} [applying load #cef40ba0-4e7c-4730-b146-3247d8ad5122] [SeededRandom] Using seed 1563800688
2019-07-22T13:04:48,934Z DEBUG {} [applying load #b6fea101-bb06-4787-b97c-b0d810f91aca] [SeededRandom] Using seed 1563800688
2019-07-22T13:04:53,194Z DEBUG {} [applying load #1e517702-eb41-4e06-bb72-fce314cb2d39] [SeededRandom] Using seed 1563800693
2019-07-22T13:04:53,194Z DEBUG {} [applying load #8797ba85-4c4b-4328-8cad-77b65d971617] [SeededRandom] Using seed 1563800693
2019-07-22T13:04:53,235Z DEBUG {} [applying load #1e834fab-79d6-4171-8990-58e89952e212] [SeededRandom] Using seed 1563800693
2019-07-22T13:04:58,438Z DEBUG {} [applying load #4e542328-82fc-45c5-b382-76de5264139b] [SeededRandom] Using seed 1563800698
2019-07-22T13:05:12,835Z DEBUG {} [applying load #b6fea101-bb06-4787-b97c-b0d810f91aca] [SeededRandom] Using seed 1563800712
2019-07-22T13:05:14,024Z DEBUG {} [applying load #51fc10ee-f2a3-4152-8758-b4b823ac8c5d] [SeededRandom] Using seed 1563800714
2019-07-22T13:05:16,831Z DEBUG {} [applying load #cef40ba0-4e7c-4730-b146-3247d8ad5122] [SeededRandom] Using seed 1563800716
2019-07-22T13:05:27,654Z DEBUG {} [applying load #51fc10ee-f2a3-4152-8758-b4b823ac8c5d] [SeededRandom] Using seed 1563800727
2019-07-22T13:05:34,290Z DEBUG {} [applying load #51fc10ee-f2a3-4152-8758-b4b823ac8c5d] [SeededRandom] Using seed 1563800734
2019-07-22T13:05:37,956Z DEBUG {} [applying load #89e43cb3-51d2-459f-9649-aff7025c48a7] [SeededRandom] Using seed 1563800737
2019-07-22T13:05:38,328Z DEBUG {} [applying load #51fc10ee-f2a3-4152-8758-b4b823ac8c5d] [SeededRandom] Using seed 1563800738
2019-07-22T13:05:42,743Z DEBUG {} [applying load #51fc10ee-f2a3-4152-8758-b4b823ac8c5d] [SeededRandom] Using seed 1563800742
2019-07-22T13:05:48,543Z DEBUG {} [applying load #b1eb5493-d842-47f1-9e0c-2af61014205a] [SeededRandom] Using seed 1563800748
2019-07-22T13:06:06,591Z DEBUG {} [applying load #b6fea101-bb06-4787-b97c-b0d810f91aca] [SeededRandom] Using seed 1563800766
2019-07-22T13:06:06,798Z DEBUG {} [applying load #1e834fab-79d6-4171-8990-58e89952e212] [SeededRandom] Using seed 1563800766
2019-07-22T13:06:10,482Z DEBUG {} [applying load #51fc10ee-f2a3-4152-8758-b4b823ac8c5d] [SeededRandom] Using seed 1563800770
2019-07-22T13:06:11,554Z DEBUG {} [applying load #8797ba85-4c4b-4328-8cad-77b65d971617] [SeededRandom] Using seed 1563800771
2019-07-22T13:06:14,277Z DEBUG {} [applying load #1e834fab-79d6-4171-8990-58e89952e212] [SeededRandom] Using seed 1563800774
2019-07-22T13:06:16,306Z DEBUG {} [applying load #8797ba85-4c4b-4328-8cad-77b65d971617] [SeededRandom] Using seed 1563800776
2019-07-22T13:06:16,381Z DEBUG {} [applying load #4e542328-82fc-45c5-b382-76de5264139b] [SeededRandom] Using seed 1563800776
2019-07-22T13:06:24,271Z ERROR {} [applying load #7179a009-1eb3-4b1e-879d-88ac8a8c7587] [WebDriverDiagnostics] URL: http://jpt-0e8cf-loadbala-13pu7nwaohba-1805958026.eu-west-1.elb.amazonaws.com/secure/RapidBoard.jspa?rapidView=631&view=planning, HTML dumped at diagnoses/81d6b7db-6ab2-4fe6-aa34-72527c6efb28/dump.html, screenshot saved to diagnoses/81d6b7db-6ab2-4fe6-aa34-72527c6efb28/screenshot.png
java.lang.Exception: Action 'View Backlog' ERROR
	at com.atlassian.performance.tools.jiraactions.api.measure.ActionMeter.record(ActionMeter.kt:132) ~[virtual-users.jar:?]
	at com.atlassian.performance.tools.jiraactions.api.measure.ActionMeter.measure(ActionMeter.kt:79) ~[virtual-users.jar:?]
	at com.atlassian.performance.tools.jirasoftwareactions.api.actions.ViewBacklogAction.run(ViewBacklogAction.kt:56) ~[virtual-users.jar:?]
	at com.atlassian.performance.tools.virtualusers.ExploratoryVirtualUser.runWithDiagnostics(ExploratoryVirtualUser.kt:79) [virtual-users.jar:?]
	at com.atlassian.performance.tools.virtualusers.ExploratoryVirtualUser.applyLoad(ExploratoryVirtualUser.kt:56) [virtual-users.jar:?]
	at com.atlassian.performance.tools.virtualusers.LoadTest.applyLoad(LoadTest.kt:164) [virtual-users.jar:?]
	at com.atlassian.performance.tools.virtualusers.LoadTest.access$applyLoad(LoadTest.kt:36) [virtual-users.jar:?]
	at com.atlassian.performance.tools.virtualusers.LoadTest$applyLoad$$inlined$forEach$lambda$1.run(LoadTest.kt:111) [virtual-users.jar:?]
	at java.util.concurrent.Executors$RunnableAdapter.call(Executors.java:511) [?:1.8.0_212]
	at java.util.concurrent.FutureTask.run(FutureTask.java:266) [?:1.8.0_212]
	at java.util.concurrent.ThreadPoolExecutor.runWorker(ThreadPoolExecutor.java:1149) [?:1.8.0_212]
	at java.util.concurrent.ThreadPoolExecutor$Worker.run(ThreadPoolExecutor.java:624) [?:1.8.0_212]
	at java.lang.Thread.run(Thread.java:748) [?:1.8.0_212]
Caused by: org.openqa.selenium.TimeoutException: Expected condition failed: waiting for presence of element located by: By.cssSelector: #ghx-backlog[data-rendered]:not(.browser-metrics-stale) (tried for 30 second(s) with 50 milliseconds interval)
	at org.openqa.selenium.support.ui.WebDriverWait.timeoutException(WebDriverWait.java:81) ~[virtual-users.jar:?]
	at org.openqa.selenium.support.ui.FluentWait.until(FluentWait.java:271) ~[virtual-users.jar:?]
	at com.atlassian.performance.tools.jiraactions.api.page.WebDriverUtils.wait(WebDriverExtension.kt:25) ~[virtual-users.jar:?]
	at com.atlassian.performance.tools.jiraactions.api.page.WebDriverUtils.wait$default(WebDriverExtension.kt:19) ~[virtual-users.jar:?]
	at com.atlassian.performance.tools.jirasoftwareactions.api.page.ViewBacklogPage.waitForBacklog(ViewBacklogPage.kt:12) ~[virtual-users.jar:?]
	at com.atlassian.performance.tools.jirasoftwareactions.api.actions.ViewBacklogAction$run$1.invoke(ViewBacklogAction.kt:60) ~[virtual-users.jar:?]
	at com.atlassian.performance.tools.jirasoftwareactions.api.actions.ViewBacklogAction$run$1.invoke(ViewBacklogAction.kt:15) ~[virtual-users.jar:?]
	at com.atlassian.performance.tools.jiraactions.api.measure.ActionMeter$measure$2.invoke(ActionMeter.kt:80) ~[virtual-users.jar:?]
	at com.atlassian.performance.tools.jiraactions.api.measure.ActionMeter$measure$2.invoke(ActionMeter.kt:25) ~[virtual-users.jar:?]
	at com.atlassian.performance.tools.jiraactions.api.measure.ActionMeter.record(ActionMeter.kt:102) ~[virtual-users.jar:?]
	... 12 more
Caused by: org.openqa.selenium.NoSuchElementException: Cannot locate an element using By.cssSelector: #ghx-backlog[data-rendered]:not(.browser-metrics-stale)
For documentation on this error, please visit: http://seleniumhq.org/exceptions/no_such_element.html
Build info: version: 'unknown', revision: 'unknown', time: 'unknown'
System info: host: 'ip-10-0-0-32', ip: '10.0.0.32', os.name: 'Linux', os.arch: 'amd64', os.version: '4.4.0-1067-aws', java.version: '1.8.0_212'
Driver info: driver.version: unknown
	at org.openqa.selenium.support.ui.ExpectedConditions.lambda$findElement$0(ExpectedConditions.java:896) ~[virtual-users.jar:?]
	at java.util.Optional.orElseThrow(Optional.java:290) ~[?:1.8.0_212]
	at org.openqa.selenium.support.ui.ExpectedConditions.findElement(ExpectedConditions.java:895) ~[virtual-users.jar:?]
	at org.openqa.selenium.support.ui.ExpectedConditions.access$000(ExpectedConditions.java:44) ~[virtual-users.jar:?]
	at org.openqa.selenium.support.ui.ExpectedConditions$6.apply(ExpectedConditions.java:183) ~[virtual-users.jar:?]
	at org.openqa.selenium.support.ui.ExpectedConditions$6.apply(ExpectedConditions.java:180) ~[virtual-users.jar:?]
	at org.openqa.selenium.support.ui.FluentWait.until(FluentWait.java:248) ~[virtual-users.jar:?]
	at com.atlassian.performance.tools.jiraactions.api.page.WebDriverUtils.wait(WebDriverExtension.kt:25) ~[virtual-users.jar:?]
	at com.atlassian.performance.tools.jiraactions.api.page.WebDriverUtils.wait$default(WebDriverExtension.kt:19) ~[virtual-users.jar:?]
	at com.atlassian.performance.tools.jirasoftwareactions.api.page.ViewBacklogPage.waitForBacklog(ViewBacklogPage.kt:12) ~[virtual-users.jar:?]
	at com.atlassian.performance.tools.jirasoftwareactions.api.actions.ViewBacklogAction$run$1.invoke(ViewBacklogAction.kt:60) ~[virtual-users.jar:?]
	at com.atlassian.performance.tools.jirasoftwareactions.api.actions.ViewBacklogAction$run$1.invoke(ViewBacklogAction.kt:15) ~[virtual-users.jar:?]
	at com.atlassian.performance.tools.jiraactions.api.measure.ActionMeter$measure$2.invoke(ActionMeter.kt:80) ~[virtual-users.jar:?]
	at com.atlassian.performance.tools.jiraactions.api.measure.ActionMeter$measure$2.invoke(ActionMeter.kt:25) ~[virtual-users.jar:?]
	at com.atlassian.performance.tools.jiraactions.api.measure.ActionMeter.record(ActionMeter.kt:102) ~[virtual-users.jar:?]
	... 12 more
2019-07-22T13:06:24,274Z INFO  {} [applying load #7179a009-1eb3-4b1e-879d-88ac8a8c7587] [DiagnosisPatience] Lost patience after waiting PT3M54.297S for diagnosis, no more diagnoses will be made
2019-07-22T13:06:24,274Z ERROR {} [applying load #7179a009-1eb3-4b1e-879d-88ac8a8c7587] [ExploratoryVirtualUser] Failed to run com.atlassian.performance.tools.jirasoftwareactions.api.actions.ViewBacklogAction@61589bb5, but we keep running
java.lang.Exception: Failed to run com.atlassian.performance.tools.jirasoftwareactions.api.actions.ViewBacklogAction@61589bb5
	at com.atlassian.performance.tools.virtualusers.ExploratoryVirtualUser.runWithDiagnostics(ExploratoryVirtualUser.kt:82) ~[virtual-users.jar:?]
	at com.atlassian.performance.tools.virtualusers.ExploratoryVirtualUser.applyLoad(ExploratoryVirtualUser.kt:56) [virtual-users.jar:?]
	at com.atlassian.performance.tools.virtualusers.LoadTest.applyLoad(LoadTest.kt:164) [virtual-users.jar:?]
	at com.atlassian.performance.tools.virtualusers.LoadTest.access$applyLoad(LoadTest.kt:36) [virtual-users.jar:?]
	at com.atlassian.performance.tools.virtualusers.LoadTest$applyLoad$$inlined$forEach$lambda$1.run(LoadTest.kt:111) [virtual-users.jar:?]
	at java.util.concurrent.Executors$RunnableAdapter.call(Executors.java:511) [?:1.8.0_212]
	at java.util.concurrent.FutureTask.run(FutureTask.java:266) [?:1.8.0_212]
	at java.util.concurrent.ThreadPoolExecutor.runWorker(ThreadPoolExecutor.java:1149) [?:1.8.0_212]
	at java.util.concurrent.ThreadPoolExecutor$Worker.run(ThreadPoolExecutor.java:624) [?:1.8.0_212]
	at java.lang.Thread.run(Thread.java:748) [?:1.8.0_212]
Caused by: java.lang.Exception: Action 'View Backlog' ERROR
	at com.atlassian.performance.tools.jiraactions.api.measure.ActionMeter.record(ActionMeter.kt:132) ~[virtual-users.jar:?]
	at com.atlassian.performance.tools.jiraactions.api.measure.ActionMeter.measure(ActionMeter.kt:79) ~[virtual-users.jar:?]
	at com.atlassian.performance.tools.jirasoftwareactions.api.actions.ViewBacklogAction.run(ViewBacklogAction.kt:56) ~[virtual-users.jar:?]
	at com.atlassian.performance.tools.virtualusers.ExploratoryVirtualUser.runWithDiagnostics(ExploratoryVirtualUser.kt:79) ~[virtual-users.jar:?]
	... 9 more
Caused by: org.openqa.selenium.TimeoutException: Expected condition failed: waiting for presence of element located by: By.cssSelector: #ghx-backlog[data-rendered]:not(.browser-metrics-stale) (tried for 30 second(s) with 50 milliseconds interval)
	at org.openqa.selenium.support.ui.WebDriverWait.timeoutException(WebDriverWait.java:81) ~[virtual-users.jar:?]
	at org.openqa.selenium.support.ui.FluentWait.until(FluentWait.java:271) ~[virtual-users.jar:?]
	at com.atlassian.performance.tools.jiraactions.api.page.WebDriverUtils.wait(WebDriverExtension.kt:25) ~[virtual-users.jar:?]
	at com.atlassian.performance.tools.jiraactions.api.page.WebDriverUtils.wait$default(WebDriverExtension.kt:19) ~[virtual-users.jar:?]
	at com.atlassian.performance.tools.jirasoftwareactions.api.page.ViewBacklogPage.waitForBacklog(ViewBacklogPage.kt:12) ~[virtual-users.jar:?]
	at com.atlassian.performance.tools.jirasoftwareactions.api.actions.ViewBacklogAction$run$1.invoke(ViewBacklogAction.kt:60) ~[virtual-users.jar:?]
	at com.atlassian.performance.tools.jirasoftwareactions.api.actions.ViewBacklogAction$run$1.invoke(ViewBacklogAction.kt:15) ~[virtual-users.jar:?]
	at com.atlassian.performance.tools.jiraactions.api.measure.ActionMeter$measure$2.invoke(ActionMeter.kt:80) ~[virtual-users.jar:?]
	at com.atlassian.performance.tools.jiraactions.api.measure.ActionMeter$measure$2.invoke(ActionMeter.kt:25) ~[virtual-users.jar:?]
	at com.atlassian.performance.tools.jiraactions.api.measure.ActionMeter.record(ActionMeter.kt:102) ~[virtual-users.jar:?]
	at com.atlassian.performance.tools.jiraactions.api.measure.ActionMeter.measure(ActionMeter.kt:79) ~[virtual-users.jar:?]
	at com.atlassian.performance.tools.jirasoftwareactions.api.actions.ViewBacklogAction.run(ViewBacklogAction.kt:56) ~[virtual-users.jar:?]
	at com.atlassian.performance.tools.virtualusers.ExploratoryVirtualUser.runWithDiagnostics(ExploratoryVirtualUser.kt:79) ~[virtual-users.jar:?]
	... 9 more
Caused by: org.openqa.selenium.NoSuchElementException: Cannot locate an element using By.cssSelector: #ghx-backlog[data-rendered]:not(.browser-metrics-stale)
For documentation on this error, please visit: http://seleniumhq.org/exceptions/no_such_element.html
Build info: version: 'unknown', revision: 'unknown', time: 'unknown'
System info: host: 'ip-10-0-0-32', ip: '10.0.0.32', os.name: 'Linux', os.arch: 'amd64', os.version: '4.4.0-1067-aws', java.version: '1.8.0_212'
Driver info: driver.version: unknown
	at org.openqa.selenium.support.ui.ExpectedConditions.lambda$findElement$0(ExpectedConditions.java:896) ~[virtual-users.jar:?]
	at java.util.Optional.orElseThrow(Optional.java:290) ~[?:1.8.0_212]
	at org.openqa.selenium.support.ui.ExpectedConditions.findElement(ExpectedConditions.java:895) ~[virtual-users.jar:?]
	at org.openqa.selenium.support.ui.ExpectedConditions.access$000(ExpectedConditions.java:44) ~[virtual-users.jar:?]
	at org.openqa.selenium.support.ui.ExpectedConditions$6.apply(ExpectedConditions.java:183) ~[virtual-users.jar:?]
	at org.openqa.selenium.support.ui.ExpectedConditions$6.apply(ExpectedConditions.java:180) ~[virtual-users.jar:?]
	at org.openqa.selenium.support.ui.FluentWait.until(FluentWait.java:248) ~[virtual-users.jar:?]
	at com.atlassian.performance.tools.jiraactions.api.page.WebDriverUtils.wait(WebDriverExtension.kt:25) ~[virtual-users.jar:?]
	at com.atlassian.performance.tools.jiraactions.api.page.WebDriverUtils.wait$default(WebDriverExtension.kt:19) ~[virtual-users.jar:?]
	at com.atlassian.performance.tools.jirasoftwareactions.api.page.ViewBacklogPage.waitForBacklog(ViewBacklogPage.kt:12) ~[virtual-users.jar:?]
	at com.atlassian.performance.tools.jirasoftwareactions.api.actions.ViewBacklogAction$run$1.invoke(ViewBacklogAction.kt:60) ~[virtual-users.jar:?]
	at com.atlassian.performance.tools.jirasoftwareactions.api.actions.ViewBacklogAction$run$1.invoke(ViewBacklogAction.kt:15) ~[virtual-users.jar:?]
	at com.atlassian.performance.tools.jiraactions.api.measure.ActionMeter$measure$2.invoke(ActionMeter.kt:80) ~[virtual-users.jar:?]
	at com.atlassian.performance.tools.jiraactions.api.measure.ActionMeter$measure$2.invoke(ActionMeter.kt:25) ~[virtual-users.jar:?]
	at com.atlassian.performance.tools.jiraactions.api.measure.ActionMeter.record(ActionMeter.kt:102) ~[virtual-users.jar:?]
	at com.atlassian.performance.tools.jiraactions.api.measure.ActionMeter.measure(ActionMeter.kt:79) ~[virtual-users.jar:?]
	at com.atlassian.performance.tools.jirasoftwareactions.api.actions.ViewBacklogAction.run(ViewBacklogAction.kt:56) ~[virtual-users.jar:?]
	at com.atlassian.performance.tools.virtualusers.ExploratoryVirtualUser.runWithDiagnostics(ExploratoryVirtualUser.kt:79) ~[virtual-users.jar:?]
	... 9 more
2019-07-22T13:06:40,281Z DEBUG {} [applying load #8797ba85-4c4b-4328-8cad-77b65d971617] [SeededRandom] Using seed 1563800800
2019-07-22T13:06:48,936Z DEBUG {} [applying load #4e542328-82fc-45c5-b382-76de5264139b] [SeededRandom] Using seed 1563800808
2019-07-22T13:06:54,767Z DEBUG {} [applying load #8797ba85-4c4b-4328-8cad-77b65d971617] [SeededRandom] Using seed 1563800814
2019-07-22T13:07:00,320Z DEBUG {} [applying load #51fc10ee-f2a3-4152-8758-b4b823ac8c5d] [SeededRandom] Using seed 1563800820
2019-07-22T13:07:09,188Z DEBUG {} [applying load #7179a009-1eb3-4b1e-879d-88ac8a8c7587] [SeededRandom] Using seed 1563800829
2019-07-22T13:07:13,207Z DEBUG {} [applying load #cef40ba0-4e7c-4730-b146-3247d8ad5122] [SeededRandom] Using seed 1563800833
2019-07-22T13:07:17,258Z DEBUG {} [applying load #1e834fab-79d6-4171-8990-58e89952e212] [SeededRandom] Using seed 1563800837
2019-07-22T13:07:19,543Z DEBUG {} [applying load #7179a009-1eb3-4b1e-879d-88ac8a8c7587] [SeededRandom] Using seed 1563800839
2019-07-22T13:07:27,173Z DEBUG {} [applying load #89e43cb3-51d2-459f-9649-aff7025c48a7] [SeededRandom] Using seed 1563800847
2019-07-22T13:07:31,543Z DEBUG {} [applying load #b1eb5493-d842-47f1-9e0c-2af61014205a] [SeededRandom] Using seed 1563800851
2019-07-22T13:07:37,014Z DEBUG {} [applying load #b6fea101-bb06-4787-b97c-b0d810f91aca] [SeededRandom] Using seed 1563800857
2019-07-22T13:07:42,879Z DEBUG {} [applying load #b6fea101-bb06-4787-b97c-b0d810f91aca] [SeededRandom] Using seed 1563800862
2019-07-22T13:07:51,961Z DEBUG {} [applying load #51fc10ee-f2a3-4152-8758-b4b823ac8c5d] [SeededRandom] Using seed 1563800871
2019-07-22T13:07:52,745Z DEBUG {} [applying load #1e517702-eb41-4e06-bb72-fce314cb2d39] [SeededRandom] Using seed 1563800872
2019-07-22T13:07:56,429Z DEBUG {} [applying load #89e43cb3-51d2-459f-9649-aff7025c48a7] [SeededRandom] Using seed 1563800876
2019-07-22T13:08:04,414Z DEBUG {} [applying load #89e43cb3-51d2-459f-9649-aff7025c48a7] [SeededRandom] Using seed 1563800884
2019-07-22T13:08:19,124Z DEBUG {} [applying load #7179a009-1eb3-4b1e-879d-88ac8a8c7587] [SeededRandom] Using seed 1563800899
2019-07-22T13:08:24,478Z DEBUG {} [applying load #8797ba85-4c4b-4328-8cad-77b65d971617] [SeededRandom] Using seed 1563800904
2019-07-22T13:08:24,872Z DEBUG {} [applying load #4e542328-82fc-45c5-b382-76de5264139b] [SeededRandom] Using seed 1563800904
2019-07-22T13:08:30,621Z DEBUG {} [applying load #1e517702-eb41-4e06-bb72-fce314cb2d39] [SeededRandom] Using seed 1563800910
2019-07-22T13:08:37,804Z DEBUG {} [applying load #8797ba85-4c4b-4328-8cad-77b65d971617] [SeededRandom] Using seed 1563800917
2019-07-22T13:08:43,697Z ERROR {} [applying load #cef40ba0-4e7c-4730-b146-3247d8ad5122] [ExploratoryVirtualUser] Failed to run com.atlassian.performance.tools.jiraactions.api.action.SearchJqlAction@9927b15, but we keep running
java.lang.Exception: Failed to run com.atlassian.performance.tools.jiraactions.api.action.SearchJqlAction@9927b15
	at com.atlassian.performance.tools.virtualusers.ExploratoryVirtualUser.runWithDiagnostics(ExploratoryVirtualUser.kt:82) ~[virtual-users.jar:?]
	at com.atlassian.performance.tools.virtualusers.ExploratoryVirtualUser.applyLoad(ExploratoryVirtualUser.kt:56) [virtual-users.jar:?]
	at com.atlassian.performance.tools.virtualusers.LoadTest.applyLoad(LoadTest.kt:164) [virtual-users.jar:?]
	at com.atlassian.performance.tools.virtualusers.LoadTest.access$applyLoad(LoadTest.kt:36) [virtual-users.jar:?]
	at com.atlassian.performance.tools.virtualusers.LoadTest$applyLoad$$inlined$forEach$lambda$1.run(LoadTest.kt:111) [virtual-users.jar:?]
	at java.util.concurrent.Executors$RunnableAdapter.call(Executors.java:511) [?:1.8.0_212]
	at java.util.concurrent.FutureTask.run(FutureTask.java:266) [?:1.8.0_212]
	at java.util.concurrent.ThreadPoolExecutor.runWorker(ThreadPoolExecutor.java:1149) [?:1.8.0_212]
	at java.util.concurrent.ThreadPoolExecutor$Worker.run(ThreadPoolExecutor.java:624) [?:1.8.0_212]
	at java.lang.Thread.run(Thread.java:748) [?:1.8.0_212]
Caused by: java.lang.Exception: Action 'Search with JQL' ERROR
	at com.atlassian.performance.tools.jiraactions.api.measure.ActionMeter.record(ActionMeter.kt:132) ~[virtual-users.jar:?]
	at com.atlassian.performance.tools.jiraactions.api.measure.ActionMeter.measure(ActionMeter.kt:79) ~[virtual-users.jar:?]
	at com.atlassian.performance.tools.jiraactions.api.action.SearchJqlAction.run(SearchJqlAction.kt:21) ~[virtual-users.jar:?]
	at com.atlassian.performance.tools.virtualusers.ExploratoryVirtualUser.runWithDiagnostics(ExploratoryVirtualUser.kt:79) ~[virtual-users.jar:?]
	... 9 more
Caused by: org.openqa.selenium.TimeoutException: Expected condition failed: waiting for at least one condition to be valid: all conditions to be valid: at least one condition to be valid: presence of element located by: By.cssSelector: ol.issue-list || presence of element located by: By.id: issuetable || presence of element located by: By.id: issue-content && presence of element located by: By.id: key-val && presence of element located by: By.className: issue-body-content || presence of element located by: By.className: no-results-hint || at least one condition to be valid: presence of element located by: By.cssSelector: section div.aui-message.error || presence of element located by: By.id: errorPageContainer || presence of element located by: By.cssSelector: div.form-body div.error (tried for 30 second(s) with 50 milliseconds interval)
	at org.openqa.selenium.support.ui.WebDriverWait.timeoutException(WebDriverWait.java:81) ~[virtual-users.jar:?]
	at org.openqa.selenium.support.ui.FluentWait.until(FluentWait.java:271) ~[virtual-users.jar:?]
	at com.atlassian.performance.tools.jiraactions.api.page.WebDriverUtils.wait(WebDriverExtension.kt:25) ~[virtual-users.jar:?]
	at com.atlassian.performance.tools.jiraactions.api.page.WebDriverUtils.wait$default(WebDriverExtension.kt:19) ~[virtual-users.jar:?]
	at com.atlassian.performance.tools.jiraactions.api.page.IssueNavigatorPage.waitForIssueNavigator(IssueNavigatorPage.kt:19) ~[virtual-users.jar:?]
	at com.atlassian.performance.tools.jiraactions.api.action.SearchJqlAction$run$issueNavigatorPage$1.invoke(SearchJqlAction.kt:23) ~[virtual-users.jar:?]
	at com.atlassian.performance.tools.jiraactions.api.action.SearchJqlAction$run$issueNavigatorPage$1.invoke(SearchJqlAction.kt:12) ~[virtual-users.jar:?]
	at com.atlassian.performance.tools.jiraactions.api.measure.ActionMeter$measure$2.invoke(ActionMeter.kt:80) ~[virtual-users.jar:?]
	at com.atlassian.performance.tools.jiraactions.api.measure.ActionMeter$measure$2.invoke(ActionMeter.kt:25) ~[virtual-users.jar:?]
	at com.atlassian.performance.tools.jiraactions.api.measure.ActionMeter.record(ActionMeter.kt:102) ~[virtual-users.jar:?]
	at com.atlassian.performance.tools.jiraactions.api.measure.ActionMeter.measure(ActionMeter.kt:79) ~[virtual-users.jar:?]
	at com.atlassian.performance.tools.jiraactions.api.action.SearchJqlAction.run(SearchJqlAction.kt:21) ~[virtual-users.jar:?]
	at com.atlassian.performance.tools.virtualusers.ExploratoryVirtualUser.runWithDiagnostics(ExploratoryVirtualUser.kt:79) ~[virtual-users.jar:?]
	... 9 more
Caused by: org.openqa.selenium.NoSuchElementException: Cannot locate an element using By.cssSelector: div.form-body div.error
For documentation on this error, please visit: http://seleniumhq.org/exceptions/no_such_element.html
Build info: version: 'unknown', revision: 'unknown', time: 'unknown'
System info: host: 'ip-10-0-0-32', ip: '10.0.0.32', os.name: 'Linux', os.arch: 'amd64', os.version: '4.4.0-1067-aws', java.version: '1.8.0_212'
Driver info: driver.version: unknown
	at org.openqa.selenium.support.ui.ExpectedConditions.lambda$findElement$0(ExpectedConditions.java:896) ~[virtual-users.jar:?]
	at java.util.Optional.orElseThrow(Optional.java:290) ~[?:1.8.0_212]
	at org.openqa.selenium.support.ui.ExpectedConditions.findElement(ExpectedConditions.java:895) ~[virtual-users.jar:?]
	at org.openqa.selenium.support.ui.ExpectedConditions.access$000(ExpectedConditions.java:44) ~[virtual-users.jar:?]
	at org.openqa.selenium.support.ui.ExpectedConditions$6.apply(ExpectedConditions.java:183) ~[virtual-users.jar:?]
	at org.openqa.selenium.support.ui.ExpectedConditions$6.apply(ExpectedConditions.java:180) ~[virtual-users.jar:?]
	at org.openqa.selenium.support.ui.ExpectedConditions$47.apply(ExpectedConditions.java:1427) ~[virtual-users.jar:?]
	at org.openqa.selenium.support.ui.ExpectedConditions$47.apply(ExpectedConditions.java:1421) ~[virtual-users.jar:?]
	at org.openqa.selenium.support.ui.ExpectedConditions$47.apply(ExpectedConditions.java:1427) ~[virtual-users.jar:?]
	at org.openqa.selenium.support.ui.ExpectedConditions$47.apply(ExpectedConditions.java:1421) ~[virtual-users.jar:?]
	at org.openqa.selenium.support.ui.FluentWait.until(FluentWait.java:248) ~[virtual-users.jar:?]
	at com.atlassian.performance.tools.jiraactions.api.page.WebDriverUtils.wait(WebDriverExtension.kt:25) ~[virtual-users.jar:?]
	at com.atlassian.performance.tools.jiraactions.api.page.WebDriverUtils.wait$default(WebDriverExtension.kt:19) ~[virtual-users.jar:?]
	at com.atlassian.performance.tools.jiraactions.api.page.IssueNavigatorPage.waitForIssueNavigator(IssueNavigatorPage.kt:19) ~[virtual-users.jar:?]
	at com.atlassian.performance.tools.jiraactions.api.action.SearchJqlAction$run$issueNavigatorPage$1.invoke(SearchJqlAction.kt:23) ~[virtual-users.jar:?]
	at com.atlassian.performance.tools.jiraactions.api.action.SearchJqlAction$run$issueNavigatorPage$1.invoke(SearchJqlAction.kt:12) ~[virtual-users.jar:?]
	at com.atlassian.performance.tools.jiraactions.api.measure.ActionMeter$measure$2.invoke(ActionMeter.kt:80) ~[virtual-users.jar:?]
	at com.atlassian.performance.tools.jiraactions.api.measure.ActionMeter$measure$2.invoke(ActionMeter.kt:25) ~[virtual-users.jar:?]
	at com.atlassian.performance.tools.jiraactions.api.measure.ActionMeter.record(ActionMeter.kt:102) ~[virtual-users.jar:?]
	at com.atlassian.performance.tools.jiraactions.api.measure.ActionMeter.measure(ActionMeter.kt:79) ~[virtual-users.jar:?]
	at com.atlassian.performance.tools.jiraactions.api.action.SearchJqlAction.run(SearchJqlAction.kt:21) ~[virtual-users.jar:?]
	at com.atlassian.performance.tools.virtualusers.ExploratoryVirtualUser.runWithDiagnostics(ExploratoryVirtualUser.kt:79) ~[virtual-users.jar:?]
	... 9 more
2019-07-22T13:08:46,389Z DEBUG {} [applying load #8797ba85-4c4b-4328-8cad-77b65d971617] [SeededRandom] Using seed 1563800926
2019-07-22T13:08:52,760Z DEBUG {} [applying load #cef40ba0-4e7c-4730-b146-3247d8ad5122] [SeededRandom] Using seed 1563800932
2019-07-22T13:09:08,740Z DEBUG {} [applying load #cef40ba0-4e7c-4730-b146-3247d8ad5122] [SeededRandom] Using seed 1563800948
2019-07-22T13:09:27,008Z DEBUG {} [applying load #1e517702-eb41-4e06-bb72-fce314cb2d39] [SeededRandom] Using seed 1563800967
2019-07-22T13:09:32,930Z DEBUG {} [applying load #4e542328-82fc-45c5-b382-76de5264139b] [SeededRandom] Using seed 1563800972
2019-07-22T13:09:36,390Z DEBUG {} [applying load #7179a009-1eb3-4b1e-879d-88ac8a8c7587] [SeededRandom] Using seed 1563800976
2019-07-22T13:09:38,843Z ERROR {} [applying load #c9c8b81c-236d-4995-86fc-5b153c0cbc3d] [ExploratoryVirtualUser] Failed to run com.atlassian.performance.tools.jirasoftwareactions.api.actions.ViewBacklogAction@1927f99a, but we keep running
java.lang.Exception: Failed to run com.atlassian.performance.tools.jirasoftwareactions.api.actions.ViewBacklogAction@1927f99a
	at com.atlassian.performance.tools.virtualusers.ExploratoryVirtualUser.runWithDiagnostics(ExploratoryVirtualUser.kt:82) ~[virtual-users.jar:?]
	at com.atlassian.performance.tools.virtualusers.ExploratoryVirtualUser.applyLoad(ExploratoryVirtualUser.kt:56) [virtual-users.jar:?]
	at com.atlassian.performance.tools.virtualusers.LoadTest.applyLoad(LoadTest.kt:164) [virtual-users.jar:?]
	at com.atlassian.performance.tools.virtualusers.LoadTest.access$applyLoad(LoadTest.kt:36) [virtual-users.jar:?]
	at com.atlassian.performance.tools.virtualusers.LoadTest$applyLoad$$inlined$forEach$lambda$1.run(LoadTest.kt:111) [virtual-users.jar:?]
	at java.util.concurrent.Executors$RunnableAdapter.call(Executors.java:511) [?:1.8.0_212]
	at java.util.concurrent.FutureTask.run(FutureTask.java:266) [?:1.8.0_212]
	at java.util.concurrent.ThreadPoolExecutor.runWorker(ThreadPoolExecutor.java:1149) [?:1.8.0_212]
	at java.util.concurrent.ThreadPoolExecutor$Worker.run(ThreadPoolExecutor.java:624) [?:1.8.0_212]
	at java.lang.Thread.run(Thread.java:748) [?:1.8.0_212]
Caused by: java.lang.Exception: Action 'View Backlog' ERROR
	at com.atlassian.performance.tools.jiraactions.api.measure.ActionMeter.record(ActionMeter.kt:132) ~[virtual-users.jar:?]
	at com.atlassian.performance.tools.jiraactions.api.measure.ActionMeter.measure(ActionMeter.kt:79) ~[virtual-users.jar:?]
	at com.atlassian.performance.tools.jirasoftwareactions.api.actions.ViewBacklogAction.run(ViewBacklogAction.kt:56) ~[virtual-users.jar:?]
	at com.atlassian.performance.tools.virtualusers.ExploratoryVirtualUser.runWithDiagnostics(ExploratoryVirtualUser.kt:79) ~[virtual-users.jar:?]
	... 9 more
Caused by: org.openqa.selenium.TimeoutException: Expected condition failed: waiting for presence of element located by: By.cssSelector: #ghx-backlog[data-rendered]:not(.browser-metrics-stale) (tried for 30 second(s) with 50 milliseconds interval)
	at org.openqa.selenium.support.ui.WebDriverWait.timeoutException(WebDriverWait.java:81) ~[virtual-users.jar:?]
	at org.openqa.selenium.support.ui.FluentWait.until(FluentWait.java:271) ~[virtual-users.jar:?]
	at com.atlassian.performance.tools.jiraactions.api.page.WebDriverUtils.wait(WebDriverExtension.kt:25) ~[virtual-users.jar:?]
	at com.atlassian.performance.tools.jiraactions.api.page.WebDriverUtils.wait$default(WebDriverExtension.kt:19) ~[virtual-users.jar:?]
	at com.atlassian.performance.tools.jirasoftwareactions.api.page.ViewBacklogPage.waitForBacklog(ViewBacklogPage.kt:12) ~[virtual-users.jar:?]
	at com.atlassian.performance.tools.jirasoftwareactions.api.actions.ViewBacklogAction$run$1.invoke(ViewBacklogAction.kt:60) ~[virtual-users.jar:?]
	at com.atlassian.performance.tools.jirasoftwareactions.api.actions.ViewBacklogAction$run$1.invoke(ViewBacklogAction.kt:15) ~[virtual-users.jar:?]
	at com.atlassian.performance.tools.jiraactions.api.measure.ActionMeter$measure$2.invoke(ActionMeter.kt:80) ~[virtual-users.jar:?]
	at com.atlassian.performance.tools.jiraactions.api.measure.ActionMeter$measure$2.invoke(ActionMeter.kt:25) ~[virtual-users.jar:?]
	at com.atlassian.performance.tools.jiraactions.api.measure.ActionMeter.record(ActionMeter.kt:102) ~[virtual-users.jar:?]
	at com.atlassian.performance.tools.jiraactions.api.measure.ActionMeter.measure(ActionMeter.kt:79) ~[virtual-users.jar:?]
	at com.atlassian.performance.tools.jirasoftwareactions.api.actions.ViewBacklogAction.run(ViewBacklogAction.kt:56) ~[virtual-users.jar:?]
	at com.atlassian.performance.tools.virtualusers.ExploratoryVirtualUser.runWithDiagnostics(ExploratoryVirtualUser.kt:79) ~[virtual-users.jar:?]
	... 9 more
Caused by: org.openqa.selenium.NoSuchElementException: Cannot locate an element using By.cssSelector: #ghx-backlog[data-rendered]:not(.browser-metrics-stale)
For documentation on this error, please visit: http://seleniumhq.org/exceptions/no_such_element.html
Build info: version: 'unknown', revision: 'unknown', time: 'unknown'
System info: host: 'ip-10-0-0-32', ip: '10.0.0.32', os.name: 'Linux', os.arch: 'amd64', os.version: '4.4.0-1067-aws', java.version: '1.8.0_212'
Driver info: driver.version: unknown
	at org.openqa.selenium.support.ui.ExpectedConditions.lambda$findElement$0(ExpectedConditions.java:896) ~[virtual-users.jar:?]
	at java.util.Optional.orElseThrow(Optional.java:290) ~[?:1.8.0_212]
	at org.openqa.selenium.support.ui.ExpectedConditions.findElement(ExpectedConditions.java:895) ~[virtual-users.jar:?]
	at org.openqa.selenium.support.ui.ExpectedConditions.access$000(ExpectedConditions.java:44) ~[virtual-users.jar:?]
	at org.openqa.selenium.support.ui.ExpectedConditions$6.apply(ExpectedConditions.java:183) ~[virtual-users.jar:?]
	at org.openqa.selenium.support.ui.ExpectedConditions$6.apply(ExpectedConditions.java:180) ~[virtual-users.jar:?]
	at org.openqa.selenium.support.ui.FluentWait.until(FluentWait.java:248) ~[virtual-users.jar:?]
	at com.atlassian.performance.tools.jiraactions.api.page.WebDriverUtils.wait(WebDriverExtension.kt:25) ~[virtual-users.jar:?]
	at com.atlassian.performance.tools.jiraactions.api.page.WebDriverUtils.wait$default(WebDriverExtension.kt:19) ~[virtual-users.jar:?]
	at com.atlassian.performance.tools.jirasoftwareactions.api.page.ViewBacklogPage.waitForBacklog(ViewBacklogPage.kt:12) ~[virtual-users.jar:?]
	at com.atlassian.performance.tools.jirasoftwareactions.api.actions.ViewBacklogAction$run$1.invoke(ViewBacklogAction.kt:60) ~[virtual-users.jar:?]
	at com.atlassian.performance.tools.jirasoftwareactions.api.actions.ViewBacklogAction$run$1.invoke(ViewBacklogAction.kt:15) ~[virtual-users.jar:?]
	at com.atlassian.performance.tools.jiraactions.api.measure.ActionMeter$measure$2.invoke(ActionMeter.kt:80) ~[virtual-users.jar:?]
	at com.atlassian.performance.tools.jiraactions.api.measure.ActionMeter$measure$2.invoke(ActionMeter.kt:25) ~[virtual-users.jar:?]
	at com.atlassian.performance.tools.jiraactions.api.measure.ActionMeter.record(ActionMeter.kt:102) ~[virtual-users.jar:?]
	at com.atlassian.performance.tools.jiraactions.api.measure.ActionMeter.measure(ActionMeter.kt:79) ~[virtual-users.jar:?]
	at com.atlassian.performance.tools.jirasoftwareactions.api.actions.ViewBacklogAction.run(ViewBacklogAction.kt:56) ~[virtual-users.jar:?]
	at com.atlassian.performance.tools.virtualusers.ExploratoryVirtualUser.runWithDiagnostics(ExploratoryVirtualUser.kt:79) ~[virtual-users.jar:?]
	... 9 more
2019-07-22T13:09:50,744Z DEBUG {} [applying load #cef40ba0-4e7c-4730-b146-3247d8ad5122] [SeededRandom] Using seed 1563800990
2019-07-22T13:10:01,765Z DEBUG {} [applying load #1e517702-eb41-4e06-bb72-fce314cb2d39] [SeededRandom] Using seed 1563801001
2019-07-22T13:10:11,989Z DEBUG {} [applying load #b1eb5493-d842-47f1-9e0c-2af61014205a] [SeededRandom] Using seed 1563801011
2019-07-22T13:10:15,572Z DEBUG {} [applying load #51fc10ee-f2a3-4152-8758-b4b823ac8c5d] [SeededRandom] Using seed 1563801015
2019-07-22T13:10:17,368Z DEBUG {} [applying load #c9c8b81c-236d-4995-86fc-5b153c0cbc3d] [SeededRandom] Using seed 1563801017
2019-07-22T13:10:19,900Z DEBUG {} [applying load #b1eb5493-d842-47f1-9e0c-2af61014205a] [SeededRandom] Using seed 1563801019
2019-07-22T13:10:22,190Z DEBUG {} [applying load #89e43cb3-51d2-459f-9649-aff7025c48a7] [SeededRandom] Using seed 1563801022
2019-07-22T13:10:48,370Z DEBUG {} [applying load #7179a009-1eb3-4b1e-879d-88ac8a8c7587] [SeededRandom] Using seed 1563801048
2019-07-22T13:10:53,290Z DEBUG {} [applying load #1e517702-eb41-4e06-bb72-fce314cb2d39] [SeededRandom] Using seed 1563801053
2019-07-22T13:10:57,999Z DEBUG {} [applying load #4e542328-82fc-45c5-b382-76de5264139b] [SeededRandom] Using seed 1563801057
2019-07-22T13:11:04,992Z ERROR {} [applying load #43a80991-d90c-46c7-a63d-72bd63c4c064] [ExploratoryVirtualUser] Failed to run com.atlassian.performance.tools.jirasoftwareactions.api.actions.ViewBacklogAction@124b6608, but we keep running
java.lang.Exception: Failed to run com.atlassian.performance.tools.jirasoftwareactions.api.actions.ViewBacklogAction@124b6608
	at com.atlassian.performance.tools.virtualusers.ExploratoryVirtualUser.runWithDiagnostics(ExploratoryVirtualUser.kt:82) ~[virtual-users.jar:?]
	at com.atlassian.performance.tools.virtualusers.ExploratoryVirtualUser.applyLoad(ExploratoryVirtualUser.kt:56) [virtual-users.jar:?]
	at com.atlassian.performance.tools.virtualusers.LoadTest.applyLoad(LoadTest.kt:164) [virtual-users.jar:?]
	at com.atlassian.performance.tools.virtualusers.LoadTest.access$applyLoad(LoadTest.kt:36) [virtual-users.jar:?]
	at com.atlassian.performance.tools.virtualusers.LoadTest$applyLoad$$inlined$forEach$lambda$1.run(LoadTest.kt:111) [virtual-users.jar:?]
	at java.util.concurrent.Executors$RunnableAdapter.call(Executors.java:511) [?:1.8.0_212]
	at java.util.concurrent.FutureTask.run(FutureTask.java:266) [?:1.8.0_212]
	at java.util.concurrent.ThreadPoolExecutor.runWorker(ThreadPoolExecutor.java:1149) [?:1.8.0_212]
	at java.util.concurrent.ThreadPoolExecutor$Worker.run(ThreadPoolExecutor.java:624) [?:1.8.0_212]
	at java.lang.Thread.run(Thread.java:748) [?:1.8.0_212]
Caused by: java.lang.Exception: Action 'View Backlog' ERROR
	at com.atlassian.performance.tools.jiraactions.api.measure.ActionMeter.record(ActionMeter.kt:132) ~[virtual-users.jar:?]
	at com.atlassian.performance.tools.jiraactions.api.measure.ActionMeter.measure(ActionMeter.kt:79) ~[virtual-users.jar:?]
	at com.atlassian.performance.tools.jirasoftwareactions.api.actions.ViewBacklogAction.run(ViewBacklogAction.kt:56) ~[virtual-users.jar:?]
	at com.atlassian.performance.tools.virtualusers.ExploratoryVirtualUser.runWithDiagnostics(ExploratoryVirtualUser.kt:79) ~[virtual-users.jar:?]
	... 9 more
Caused by: org.openqa.selenium.TimeoutException: Expected condition failed: waiting for presence of element located by: By.cssSelector: #ghx-backlog[data-rendered]:not(.browser-metrics-stale) (tried for 30 second(s) with 50 milliseconds interval)
	at org.openqa.selenium.support.ui.WebDriverWait.timeoutException(WebDriverWait.java:81) ~[virtual-users.jar:?]
	at org.openqa.selenium.support.ui.FluentWait.until(FluentWait.java:271) ~[virtual-users.jar:?]
	at com.atlassian.performance.tools.jiraactions.api.page.WebDriverUtils.wait(WebDriverExtension.kt:25) ~[virtual-users.jar:?]
	at com.atlassian.performance.tools.jiraactions.api.page.WebDriverUtils.wait$default(WebDriverExtension.kt:19) ~[virtual-users.jar:?]
	at com.atlassian.performance.tools.jirasoftwareactions.api.page.ViewBacklogPage.waitForBacklog(ViewBacklogPage.kt:12) ~[virtual-users.jar:?]
	at com.atlassian.performance.tools.jirasoftwareactions.api.actions.ViewBacklogAction$run$1.invoke(ViewBacklogAction.kt:60) ~[virtual-users.jar:?]
	at com.atlassian.performance.tools.jirasoftwareactions.api.actions.ViewBacklogAction$run$1.invoke(ViewBacklogAction.kt:15) ~[virtual-users.jar:?]
	at com.atlassian.performance.tools.jiraactions.api.measure.ActionMeter$measure$2.invoke(ActionMeter.kt:80) ~[virtual-users.jar:?]
	at com.atlassian.performance.tools.jiraactions.api.measure.ActionMeter$measure$2.invoke(ActionMeter.kt:25) ~[virtual-users.jar:?]
	at com.atlassian.performance.tools.jiraactions.api.measure.ActionMeter.record(ActionMeter.kt:102) ~[virtual-users.jar:?]
	at com.atlassian.performance.tools.jiraactions.api.measure.ActionMeter.measure(ActionMeter.kt:79) ~[virtual-users.jar:?]
	at com.atlassian.performance.tools.jirasoftwareactions.api.actions.ViewBacklogAction.run(ViewBacklogAction.kt:56) ~[virtual-users.jar:?]
	at com.atlassian.performance.tools.virtualusers.ExploratoryVirtualUser.runWithDiagnostics(ExploratoryVirtualUser.kt:79) ~[virtual-users.jar:?]
	... 9 more
Caused by: org.openqa.selenium.NoSuchElementException: Cannot locate an element using By.cssSelector: #ghx-backlog[data-rendered]:not(.browser-metrics-stale)
For documentation on this error, please visit: http://seleniumhq.org/exceptions/no_such_element.html
Build info: version: 'unknown', revision: 'unknown', time: 'unknown'
System info: host: 'ip-10-0-0-32', ip: '10.0.0.32', os.name: 'Linux', os.arch: 'amd64', os.version: '4.4.0-1067-aws', java.version: '1.8.0_212'
Driver info: driver.version: unknown
	at org.openqa.selenium.support.ui.ExpectedConditions.lambda$findElement$0(ExpectedConditions.java:896) ~[virtual-users.jar:?]
	at java.util.Optional.orElseThrow(Optional.java:290) ~[?:1.8.0_212]
	at org.openqa.selenium.support.ui.ExpectedConditions.findElement(ExpectedConditions.java:895) ~[virtual-users.jar:?]
	at org.openqa.selenium.support.ui.ExpectedConditions.access$000(ExpectedConditions.java:44) ~[virtual-users.jar:?]
	at org.openqa.selenium.support.ui.ExpectedConditions$6.apply(ExpectedConditions.java:183) ~[virtual-users.jar:?]
	at org.openqa.selenium.support.ui.ExpectedConditions$6.apply(ExpectedConditions.java:180) ~[virtual-users.jar:?]
	at org.openqa.selenium.support.ui.FluentWait.until(FluentWait.java:248) ~[virtual-users.jar:?]
	at com.atlassian.performance.tools.jiraactions.api.page.WebDriverUtils.wait(WebDriverExtension.kt:25) ~[virtual-users.jar:?]
	at com.atlassian.performance.tools.jiraactions.api.page.WebDriverUtils.wait$default(WebDriverExtension.kt:19) ~[virtual-users.jar:?]
	at com.atlassian.performance.tools.jirasoftwareactions.api.page.ViewBacklogPage.waitForBacklog(ViewBacklogPage.kt:12) ~[virtual-users.jar:?]
	at com.atlassian.performance.tools.jirasoftwareactions.api.actions.ViewBacklogAction$run$1.invoke(ViewBacklogAction.kt:60) ~[virtual-users.jar:?]
	at com.atlassian.performance.tools.jirasoftwareactions.api.actions.ViewBacklogAction$run$1.invoke(ViewBacklogAction.kt:15) ~[virtual-users.jar:?]
	at com.atlassian.performance.tools.jiraactions.api.measure.ActionMeter$measure$2.invoke(ActionMeter.kt:80) ~[virtual-users.jar:?]
	at com.atlassian.performance.tools.jiraactions.api.measure.ActionMeter$measure$2.invoke(ActionMeter.kt:25) ~[virtual-users.jar:?]
	at com.atlassian.performance.tools.jiraactions.api.measure.ActionMeter.record(ActionMeter.kt:102) ~[virtual-users.jar:?]
	at com.atlassian.performance.tools.jiraactions.api.measure.ActionMeter.measure(ActionMeter.kt:79) ~[virtual-users.jar:?]
	at com.atlassian.performance.tools.jirasoftwareactions.api.actions.ViewBacklogAction.run(ViewBacklogAction.kt:56) ~[virtual-users.jar:?]
	at com.atlassian.performance.tools.virtualusers.ExploratoryVirtualUser.runWithDiagnostics(ExploratoryVirtualUser.kt:79) ~[virtual-users.jar:?]
	... 9 more
2019-07-22T13:11:06,815Z DEBUG {} [applying load #cef40ba0-4e7c-4730-b146-3247d8ad5122] [SeededRandom] Using seed 1563801066
2019-07-22T13:11:16,696Z DEBUG {} [applying load #cef40ba0-4e7c-4730-b146-3247d8ad5122] [SeededRandom] Using seed 1563801076
2019-07-22T13:11:22,904Z DEBUG {} [applying load #b1eb5493-d842-47f1-9e0c-2af61014205a] [SeededRandom] Using seed 1563801082
2019-07-22T13:11:23,814Z DEBUG {} [applying load #b6fea101-bb06-4787-b97c-b0d810f91aca] [SeededRandom] Using seed 1563801083
2019-07-22T13:11:37,198Z DEBUG {} [applying load #b1eb5493-d842-47f1-9e0c-2af61014205a] [SeededRandom] Using seed 1563801097
2019-07-22T13:11:37,878Z DEBUG {} [applying load #b6fea101-bb06-4787-b97c-b0d810f91aca] [SeededRandom] Using seed 1563801097
2019-07-22T13:11:38,304Z DEBUG {} [applying load #51fc10ee-f2a3-4152-8758-b4b823ac8c5d] [SeededRandom] Using seed 1563801098
2019-07-22T13:12:06,163Z DEBUG {} [applying load #43a80991-d90c-46c7-a63d-72bd63c4c064] [SeededRandom] Using seed 1563801126
2019-07-22T13:12:11,705Z DEBUG {} [applying load #1e517702-eb41-4e06-bb72-fce314cb2d39] [SeededRandom] Using seed 1563801131
2019-07-22T13:12:12,252Z DEBUG {} [applying load #7179a009-1eb3-4b1e-879d-88ac8a8c7587] [SeededRandom] Using seed 1563801132
2019-07-22T13:12:14,890Z DEBUG {} [applying load #89e43cb3-51d2-459f-9649-aff7025c48a7] [SeededRandom] Using seed 1563801134
2019-07-22T13:12:16,131Z DEBUG {} [applying load #b6fea101-bb06-4787-b97c-b0d810f91aca] [SeededRandom] Using seed 1563801136
2019-07-22T13:12:20,057Z DEBUG {} [applying load #1e517702-eb41-4e06-bb72-fce314cb2d39] [SeededRandom] Using seed 1563801140
2019-07-22T13:12:23,854Z DEBUG {} [applying load #4e542328-82fc-45c5-b382-76de5264139b] [SeededRandom] Using seed 1563801143
2019-07-22T13:12:25,716Z DEBUG {} [applying load #89e43cb3-51d2-459f-9649-aff7025c48a7] [SeededRandom] Using seed 1563801145
2019-07-22T13:12:29,563Z DEBUG {} [applying load #7179a009-1eb3-4b1e-879d-88ac8a8c7587] [SeededRandom] Using seed 1563801149
2019-07-22T13:12:39,197Z ERROR {} [applying load #c9c8b81c-236d-4995-86fc-5b153c0cbc3d] [ExploratoryVirtualUser] Failed to run com.atlassian.performance.tools.jiraactions.api.action.SearchJqlAction@70d1a31d, but we keep running
java.lang.Exception: Failed to run com.atlassian.performance.tools.jiraactions.api.action.SearchJqlAction@70d1a31d
	at com.atlassian.performance.tools.virtualusers.ExploratoryVirtualUser.runWithDiagnostics(ExploratoryVirtualUser.kt:82) ~[virtual-users.jar:?]
	at com.atlassian.performance.tools.virtualusers.ExploratoryVirtualUser.applyLoad(ExploratoryVirtualUser.kt:56) [virtual-users.jar:?]
	at com.atlassian.performance.tools.virtualusers.LoadTest.applyLoad(LoadTest.kt:164) [virtual-users.jar:?]
	at com.atlassian.performance.tools.virtualusers.LoadTest.access$applyLoad(LoadTest.kt:36) [virtual-users.jar:?]
	at com.atlassian.performance.tools.virtualusers.LoadTest$applyLoad$$inlined$forEach$lambda$1.run(LoadTest.kt:111) [virtual-users.jar:?]
	at java.util.concurrent.Executors$RunnableAdapter.call(Executors.java:511) [?:1.8.0_212]
	at java.util.concurrent.FutureTask.run(FutureTask.java:266) [?:1.8.0_212]
	at java.util.concurrent.ThreadPoolExecutor.runWorker(ThreadPoolExecutor.java:1149) [?:1.8.0_212]
	at java.util.concurrent.ThreadPoolExecutor$Worker.run(ThreadPoolExecutor.java:624) [?:1.8.0_212]
	at java.lang.Thread.run(Thread.java:748) [?:1.8.0_212]
Caused by: java.lang.Exception: Action 'Search with JQL' ERROR
	at com.atlassian.performance.tools.jiraactions.api.measure.ActionMeter.record(ActionMeter.kt:132) ~[virtual-users.jar:?]
	at com.atlassian.performance.tools.jiraactions.api.measure.ActionMeter.measure(ActionMeter.kt:79) ~[virtual-users.jar:?]
	at com.atlassian.performance.tools.jiraactions.api.action.SearchJqlAction.run(SearchJqlAction.kt:21) ~[virtual-users.jar:?]
	at com.atlassian.performance.tools.virtualusers.ExploratoryVirtualUser.runWithDiagnostics(ExploratoryVirtualUser.kt:79) ~[virtual-users.jar:?]
	... 9 more
Caused by: org.openqa.selenium.TimeoutException: Expected condition failed: waiting for at least one condition to be valid: all conditions to be valid: at least one condition to be valid: presence of element located by: By.cssSelector: ol.issue-list || presence of element located by: By.id: issuetable || presence of element located by: By.id: issue-content && presence of element located by: By.id: key-val && presence of element located by: By.className: issue-body-content || presence of element located by: By.className: no-results-hint || at least one condition to be valid: presence of element located by: By.cssSelector: section div.aui-message.error || presence of element located by: By.id: errorPageContainer || presence of element located by: By.cssSelector: div.form-body div.error (tried for 30 second(s) with 50 milliseconds interval)
	at org.openqa.selenium.support.ui.WebDriverWait.timeoutException(WebDriverWait.java:81) ~[virtual-users.jar:?]
	at org.openqa.selenium.support.ui.FluentWait.until(FluentWait.java:271) ~[virtual-users.jar:?]
	at com.atlassian.performance.tools.jiraactions.api.page.WebDriverUtils.wait(WebDriverExtension.kt:25) ~[virtual-users.jar:?]
	at com.atlassian.performance.tools.jiraactions.api.page.WebDriverUtils.wait$default(WebDriverExtension.kt:19) ~[virtual-users.jar:?]
	at com.atlassian.performance.tools.jiraactions.api.page.IssueNavigatorPage.waitForIssueNavigator(IssueNavigatorPage.kt:19) ~[virtual-users.jar:?]
	at com.atlassian.performance.tools.jiraactions.api.action.SearchJqlAction$run$issueNavigatorPage$1.invoke(SearchJqlAction.kt:23) ~[virtual-users.jar:?]
	at com.atlassian.performance.tools.jiraactions.api.action.SearchJqlAction$run$issueNavigatorPage$1.invoke(SearchJqlAction.kt:12) ~[virtual-users.jar:?]
	at com.atlassian.performance.tools.jiraactions.api.measure.ActionMeter$measure$2.invoke(ActionMeter.kt:80) ~[virtual-users.jar:?]
	at com.atlassian.performance.tools.jiraactions.api.measure.ActionMeter$measure$2.invoke(ActionMeter.kt:25) ~[virtual-users.jar:?]
	at com.atlassian.performance.tools.jiraactions.api.measure.ActionMeter.record(ActionMeter.kt:102) ~[virtual-users.jar:?]
	at com.atlassian.performance.tools.jiraactions.api.measure.ActionMeter.measure(ActionMeter.kt:79) ~[virtual-users.jar:?]
	at com.atlassian.performance.tools.jiraactions.api.action.SearchJqlAction.run(SearchJqlAction.kt:21) ~[virtual-users.jar:?]
	at com.atlassian.performance.tools.virtualusers.ExploratoryVirtualUser.runWithDiagnostics(ExploratoryVirtualUser.kt:79) ~[virtual-users.jar:?]
	... 9 more
Caused by: org.openqa.selenium.NoSuchElementException: Cannot locate an element using By.cssSelector: div.form-body div.error
For documentation on this error, please visit: http://seleniumhq.org/exceptions/no_such_element.html
Build info: version: 'unknown', revision: 'unknown', time: 'unknown'
System info: host: 'ip-10-0-0-32', ip: '10.0.0.32', os.name: 'Linux', os.arch: 'amd64', os.version: '4.4.0-1067-aws', java.version: '1.8.0_212'
Driver info: driver.version: unknown
	at org.openqa.selenium.support.ui.ExpectedConditions.lambda$findElement$0(ExpectedConditions.java:896) ~[virtual-users.jar:?]
	at java.util.Optional.orElseThrow(Optional.java:290) ~[?:1.8.0_212]
	at org.openqa.selenium.support.ui.ExpectedConditions.findElement(ExpectedConditions.java:895) ~[virtual-users.jar:?]
	at org.openqa.selenium.support.ui.ExpectedConditions.access$000(ExpectedConditions.java:44) ~[virtual-users.jar:?]
	at org.openqa.selenium.support.ui.ExpectedConditions$6.apply(ExpectedConditions.java:183) ~[virtual-users.jar:?]
	at org.openqa.selenium.support.ui.ExpectedConditions$6.apply(ExpectedConditions.java:180) ~[virtual-users.jar:?]
	at org.openqa.selenium.support.ui.ExpectedConditions$47.apply(ExpectedConditions.java:1427) ~[virtual-users.jar:?]
	at org.openqa.selenium.support.ui.ExpectedConditions$47.apply(ExpectedConditions.java:1421) ~[virtual-users.jar:?]
	at org.openqa.selenium.support.ui.ExpectedConditions$47.apply(ExpectedConditions.java:1427) ~[virtual-users.jar:?]
	at org.openqa.selenium.support.ui.ExpectedConditions$47.apply(ExpectedConditions.java:1421) ~[virtual-users.jar:?]
	at org.openqa.selenium.support.ui.FluentWait.until(FluentWait.java:248) ~[virtual-users.jar:?]
	at com.atlassian.performance.tools.jiraactions.api.page.WebDriverUtils.wait(WebDriverExtension.kt:25) ~[virtual-users.jar:?]
	at com.atlassian.performance.tools.jiraactions.api.page.WebDriverUtils.wait$default(WebDriverExtension.kt:19) ~[virtual-users.jar:?]
	at com.atlassian.performance.tools.jiraactions.api.page.IssueNavigatorPage.waitForIssueNavigator(IssueNavigatorPage.kt:19) ~[virtual-users.jar:?]
	at com.atlassian.performance.tools.jiraactions.api.action.SearchJqlAction$run$issueNavigatorPage$1.invoke(SearchJqlAction.kt:23) ~[virtual-users.jar:?]
	at com.atlassian.performance.tools.jiraactions.api.action.SearchJqlAction$run$issueNavigatorPage$1.invoke(SearchJqlAction.kt:12) ~[virtual-users.jar:?]
	at com.atlassian.performance.tools.jiraactions.api.measure.ActionMeter$measure$2.invoke(ActionMeter.kt:80) ~[virtual-users.jar:?]
	at com.atlassian.performance.tools.jiraactions.api.measure.ActionMeter$measure$2.invoke(ActionMeter.kt:25) ~[virtual-users.jar:?]
	at com.atlassian.performance.tools.jiraactions.api.measure.ActionMeter.record(ActionMeter.kt:102) ~[virtual-users.jar:?]
	at com.atlassian.performance.tools.jiraactions.api.measure.ActionMeter.measure(ActionMeter.kt:79) ~[virtual-users.jar:?]
	at com.atlassian.performance.tools.jiraactions.api.action.SearchJqlAction.run(SearchJqlAction.kt:21) ~[virtual-users.jar:?]
	at com.atlassian.performance.tools.virtualusers.ExploratoryVirtualUser.runWithDiagnostics(ExploratoryVirtualUser.kt:79) ~[virtual-users.jar:?]
	... 9 more
2019-07-22T13:12:40,059Z DEBUG {} [applying load #b1eb5493-d842-47f1-9e0c-2af61014205a] [SeededRandom] Using seed 1563801160
2019-07-22T13:12:44,661Z DEBUG {} [applying load #8797ba85-4c4b-4328-8cad-77b65d971617] [SeededRandom] Using seed 1563801164
2019-07-22T13:12:49,934Z DEBUG {} [applying load #89e43cb3-51d2-459f-9649-aff7025c48a7] [SeededRandom] Using seed 1563801169
2019-07-22T13:12:52,922Z INFO  {} [] [LoadTest] Closing segments
2019-07-22T13:12:53,011Z ERROR {} [applying load #7179a009-1eb3-4b1e-879d-88ac8a8c7587] [ExploratoryVirtualUser] Failed to run com.atlassian.performance.tools.jiraactions.api.action.CreateIssueAction@1b9510d8, but we keep running
java.lang.Exception: Failed to run com.atlassian.performance.tools.jiraactions.api.action.CreateIssueAction@1b9510d8
	at com.atlassian.performance.tools.virtualusers.ExploratoryVirtualUser.runWithDiagnostics(ExploratoryVirtualUser.kt:82) ~[virtual-users.jar:?]
	at com.atlassian.performance.tools.virtualusers.ExploratoryVirtualUser.applyLoad(ExploratoryVirtualUser.kt:56) [virtual-users.jar:?]
	at com.atlassian.performance.tools.virtualusers.LoadTest.applyLoad(LoadTest.kt:164) [virtual-users.jar:?]
	at com.atlassian.performance.tools.virtualusers.LoadTest.access$applyLoad(LoadTest.kt:36) [virtual-users.jar:?]
	at com.atlassian.performance.tools.virtualusers.LoadTest$applyLoad$$inlined$forEach$lambda$1.run(LoadTest.kt:111) [virtual-users.jar:?]
	at java.util.concurrent.Executors$RunnableAdapter.call(Executors.java:511) [?:1.8.0_212]
	at java.util.concurrent.FutureTask.run(FutureTask.java:266) [?:1.8.0_212]
	at java.util.concurrent.ThreadPoolExecutor.runWorker(ThreadPoolExecutor.java:1149) [?:1.8.0_212]
	at java.util.concurrent.ThreadPoolExecutor$Worker.run(ThreadPoolExecutor.java:624) [?:1.8.0_212]
	at java.lang.Thread.run(Thread.java:748) [?:1.8.0_212]
Caused by: java.io.IOException: Stream closed
	at java.io.BufferedWriter.ensureOpen(BufferedWriter.java:116) ~[?:1.8.0_212]
	at java.io.BufferedWriter.write(BufferedWriter.java:221) ~[?:1.8.0_212]
	at java.io.Writer.write(Writer.java:157) ~[?:1.8.0_212]
	at java.io.Writer.append(Writer.java:227) ~[?:1.8.0_212]
	at java.io.Writer.append(Writer.java:50) ~[?:1.8.0_212]
	at com.atlassian.performance.tools.jiraactions.api.measure.output.AppendableActionMetricOutput.write(AppendableActionMetricOutput.kt:15) ~[virtual-users.jar:?]
	at com.atlassian.performance.tools.jiraactions.api.measure.ActionMeter.record(ActionMeter.kt:122) ~[virtual-users.jar:?]
	at com.atlassian.performance.tools.jiraactions.api.measure.ActionMeter.measure(ActionMeter.kt:79) ~[virtual-users.jar:?]
	at com.atlassian.performance.tools.jiraactions.api.measure.ActionMeter.measure(ActionMeter.kt:57) ~[virtual-users.jar:?]
	at com.atlassian.performance.tools.jiraactions.api.action.CreateIssueAction.run(CreateIssueAction.kt:23) ~[virtual-users.jar:?]
	at com.atlassian.performance.tools.virtualusers.ExploratoryVirtualUser.runWithDiagnostics(ExploratoryVirtualUser.kt:79) ~[virtual-users.jar:?]
	... 9 more
2019-07-22T13:12:53,011Z INFO  {} [applying load #7179a009-1eb3-4b1e-879d-88ac8a8c7587] [ExploratoryVirtualUser] Done applying load
2019-07-22T13:12:53,039Z ERROR {} [applying load #b1eb5493-d842-47f1-9e0c-2af61014205a] [ExploratoryVirtualUser] Failed to run com.atlassian.performance.tools.jiraactions.api.action.ViewIssueAction@39c859f7, but we keep running
java.lang.Exception: Failed to run com.atlassian.performance.tools.jiraactions.api.action.ViewIssueAction@39c859f7
	at com.atlassian.performance.tools.virtualusers.ExploratoryVirtualUser.runWithDiagnostics(ExploratoryVirtualUser.kt:82) ~[virtual-users.jar:?]
	at com.atlassian.performance.tools.virtualusers.ExploratoryVirtualUser.applyLoad(ExploratoryVirtualUser.kt:56) [virtual-users.jar:?]
	at com.atlassian.performance.tools.virtualusers.LoadTest.applyLoad(LoadTest.kt:164) [virtual-users.jar:?]
	at com.atlassian.performance.tools.virtualusers.LoadTest.access$applyLoad(LoadTest.kt:36) [virtual-users.jar:?]
	at com.atlassian.performance.tools.virtualusers.LoadTest$applyLoad$$inlined$forEach$lambda$1.run(LoadTest.kt:111) [virtual-users.jar:?]
	at java.util.concurrent.Executors$RunnableAdapter.call(Executors.java:511) [?:1.8.0_212]
	at java.util.concurrent.FutureTask.run(FutureTask.java:266) [?:1.8.0_212]
	at java.util.concurrent.ThreadPoolExecutor.runWorker(ThreadPoolExecutor.java:1149) [?:1.8.0_212]
	at java.util.concurrent.ThreadPoolExecutor$Worker.run(ThreadPoolExecutor.java:624) [?:1.8.0_212]
	at java.lang.Thread.run(Thread.java:748) [?:1.8.0_212]
Caused by: java.io.IOException: Stream closed
	at java.io.BufferedWriter.ensureOpen(BufferedWriter.java:116) ~[?:1.8.0_212]
	at java.io.BufferedWriter.write(BufferedWriter.java:221) ~[?:1.8.0_212]
	at java.io.Writer.write(Writer.java:157) ~[?:1.8.0_212]
	at java.io.Writer.append(Writer.java:227) ~[?:1.8.0_212]
	at java.io.Writer.append(Writer.java:50) ~[?:1.8.0_212]
	at com.atlassian.performance.tools.jiraactions.api.measure.output.AppendableActionMetricOutput.write(AppendableActionMetricOutput.kt:15) ~[virtual-users.jar:?]
	at com.atlassian.performance.tools.jiraactions.api.measure.ActionMeter.record(ActionMeter.kt:122) ~[virtual-users.jar:?]
	at com.atlassian.performance.tools.jiraactions.api.measure.ActionMeter.measure(ActionMeter.kt:79) ~[virtual-users.jar:?]
	at com.atlassian.performance.tools.jiraactions.api.measure.ActionMeter.measure(ActionMeter.kt:57) ~[virtual-users.jar:?]
	at com.atlassian.performance.tools.jiraactions.api.action.ViewIssueAction.run(ViewIssueAction.kt:28) ~[virtual-users.jar:?]
	at com.atlassian.performance.tools.virtualusers.ExploratoryVirtualUser.runWithDiagnostics(ExploratoryVirtualUser.kt:79) ~[virtual-users.jar:?]
	... 9 more
2019-07-22T13:12:53,039Z INFO  {} [applying load #b1eb5493-d842-47f1-9e0c-2af61014205a] [ExploratoryVirtualUser] Done applying load
2019-07-22T13:12:53,290Z ERROR {} [applying load #89e43cb3-51d2-459f-9649-aff7025c48a7] [ExploratoryVirtualUser] Failed to run com.atlassian.performance.tools.jiraactions.api.action.EditIssueAction@5bd61ef6, but we keep running
java.lang.Exception: Failed to run com.atlassian.performance.tools.jiraactions.api.action.EditIssueAction@5bd61ef6
	at com.atlassian.performance.tools.virtualusers.ExploratoryVirtualUser.runWithDiagnostics(ExploratoryVirtualUser.kt:82) ~[virtual-users.jar:?]
	at com.atlassian.performance.tools.virtualusers.ExploratoryVirtualUser.applyLoad(ExploratoryVirtualUser.kt:56) [virtual-users.jar:?]
	at com.atlassian.performance.tools.virtualusers.LoadTest.applyLoad(LoadTest.kt:164) [virtual-users.jar:?]
	at com.atlassian.performance.tools.virtualusers.LoadTest.access$applyLoad(LoadTest.kt:36) [virtual-users.jar:?]
	at com.atlassian.performance.tools.virtualusers.LoadTest$applyLoad$$inlined$forEach$lambda$1.run(LoadTest.kt:111) [virtual-users.jar:?]
	at java.util.concurrent.Executors$RunnableAdapter.call(Executors.java:511) [?:1.8.0_212]
	at java.util.concurrent.FutureTask.run(FutureTask.java:266) [?:1.8.0_212]
	at java.util.concurrent.ThreadPoolExecutor.runWorker(ThreadPoolExecutor.java:1149) [?:1.8.0_212]
	at java.util.concurrent.ThreadPoolExecutor$Worker.run(ThreadPoolExecutor.java:624) [?:1.8.0_212]
	at java.lang.Thread.run(Thread.java:748) [?:1.8.0_212]
Caused by: java.io.IOException: Stream closed
	at java.io.BufferedWriter.ensureOpen(BufferedWriter.java:116) ~[?:1.8.0_212]
	at java.io.BufferedWriter.write(BufferedWriter.java:221) ~[?:1.8.0_212]
	at java.io.Writer.write(Writer.java:157) ~[?:1.8.0_212]
	at java.io.Writer.append(Writer.java:227) ~[?:1.8.0_212]
	at java.io.Writer.append(Writer.java:50) ~[?:1.8.0_212]
	at com.atlassian.performance.tools.jiraactions.api.measure.output.AppendableActionMetricOutput.write(AppendableActionMetricOutput.kt:15) ~[virtual-users.jar:?]
	at com.atlassian.performance.tools.jiraactions.api.measure.ActionMeter.record(ActionMeter.kt:122) ~[virtual-users.jar:?]
	at com.atlassian.performance.tools.jiraactions.api.measure.ActionMeter.measure(ActionMeter.kt:79) ~[virtual-users.jar:?]
	at com.atlassian.performance.tools.jiraactions.api.measure.ActionMeter.measure(ActionMeter.kt:57) ~[virtual-users.jar:?]
	at com.atlassian.performance.tools.jiraactions.api.action.EditIssueAction.run(EditIssueAction.kt:25) ~[virtual-users.jar:?]
	at com.atlassian.performance.tools.virtualusers.ExploratoryVirtualUser.runWithDiagnostics(ExploratoryVirtualUser.kt:79) ~[virtual-users.jar:?]
	... 9 more
2019-07-22T13:12:53,291Z INFO  {} [applying load #89e43cb3-51d2-459f-9649-aff7025c48a7] [ExploratoryVirtualUser] Done applying load
2019-07-22T13:12:53,368Z ERROR {} [applying load #1e517702-eb41-4e06-bb72-fce314cb2d39] [ExploratoryVirtualUser] Failed to run com.atlassian.performance.tools.jiraactions.api.action.ViewIssueAction@41120f23, but we keep running
java.lang.Exception: Failed to run com.atlassian.performance.tools.jiraactions.api.action.ViewIssueAction@41120f23
	at com.atlassian.performance.tools.virtualusers.ExploratoryVirtualUser.runWithDiagnostics(ExploratoryVirtualUser.kt:82) ~[virtual-users.jar:?]
	at com.atlassian.performance.tools.virtualusers.ExploratoryVirtualUser.applyLoad(ExploratoryVirtualUser.kt:56) [virtual-users.jar:?]
	at com.atlassian.performance.tools.virtualusers.LoadTest.applyLoad(LoadTest.kt:164) [virtual-users.jar:?]
	at com.atlassian.performance.tools.virtualusers.LoadTest.access$applyLoad(LoadTest.kt:36) [virtual-users.jar:?]
	at com.atlassian.performance.tools.virtualusers.LoadTest$applyLoad$$inlined$forEach$lambda$1.run(LoadTest.kt:111) [virtual-users.jar:?]
	at java.util.concurrent.Executors$RunnableAdapter.call(Executors.java:511) [?:1.8.0_212]
	at java.util.concurrent.FutureTask.run(FutureTask.java:266) [?:1.8.0_212]
	at java.util.concurrent.ThreadPoolExecutor.runWorker(ThreadPoolExecutor.java:1149) [?:1.8.0_212]
	at java.util.concurrent.ThreadPoolExecutor$Worker.run(ThreadPoolExecutor.java:624) [?:1.8.0_212]
	at java.lang.Thread.run(Thread.java:748) [?:1.8.0_212]
Caused by: java.io.IOException: Stream closed
	at java.io.BufferedWriter.ensureOpen(BufferedWriter.java:116) ~[?:1.8.0_212]
	at java.io.BufferedWriter.write(BufferedWriter.java:221) ~[?:1.8.0_212]
	at java.io.Writer.write(Writer.java:157) ~[?:1.8.0_212]
	at java.io.Writer.append(Writer.java:227) ~[?:1.8.0_212]
	at java.io.Writer.append(Writer.java:50) ~[?:1.8.0_212]
	at com.atlassian.performance.tools.jiraactions.api.measure.output.AppendableActionMetricOutput.write(AppendableActionMetricOutput.kt:15) ~[virtual-users.jar:?]
	at com.atlassian.performance.tools.jiraactions.api.measure.ActionMeter.record(ActionMeter.kt:122) ~[virtual-users.jar:?]
	at com.atlassian.performance.tools.jiraactions.api.measure.ActionMeter.measure(ActionMeter.kt:79) ~[virtual-users.jar:?]
	at com.atlassian.performance.tools.jiraactions.api.measure.ActionMeter.measure(ActionMeter.kt:57) ~[virtual-users.jar:?]
	at com.atlassian.performance.tools.jiraactions.api.action.ViewIssueAction.run(ViewIssueAction.kt:28) ~[virtual-users.jar:?]
	at com.atlassian.performance.tools.virtualusers.ExploratoryVirtualUser.runWithDiagnostics(ExploratoryVirtualUser.kt:79) ~[virtual-users.jar:?]
	... 9 more
2019-07-22T13:12:53,369Z INFO  {} [applying load #1e517702-eb41-4e06-bb72-fce314cb2d39] [ExploratoryVirtualUser] Done applying load
2019-07-22T13:12:53,372Z ERROR {} [applying load #c9c8b81c-236d-4995-86fc-5b153c0cbc3d] [ExploratoryVirtualUser] Failed to run com.atlassian.performance.tools.jiraactions.api.action.CreateIssueAction@38953c97, but we keep running
java.lang.Exception: Failed to run com.atlassian.performance.tools.jiraactions.api.action.CreateIssueAction@38953c97
	at com.atlassian.performance.tools.virtualusers.ExploratoryVirtualUser.runWithDiagnostics(ExploratoryVirtualUser.kt:82) ~[virtual-users.jar:?]
	at com.atlassian.performance.tools.virtualusers.ExploratoryVirtualUser.applyLoad(ExploratoryVirtualUser.kt:56) [virtual-users.jar:?]
	at com.atlassian.performance.tools.virtualusers.LoadTest.applyLoad(LoadTest.kt:164) [virtual-users.jar:?]
	at com.atlassian.performance.tools.virtualusers.LoadTest.access$applyLoad(LoadTest.kt:36) [virtual-users.jar:?]
	at com.atlassian.performance.tools.virtualusers.LoadTest$applyLoad$$inlined$forEach$lambda$1.run(LoadTest.kt:111) [virtual-users.jar:?]
	at java.util.concurrent.Executors$RunnableAdapter.call(Executors.java:511) [?:1.8.0_212]
	at java.util.concurrent.FutureTask.run(FutureTask.java:266) [?:1.8.0_212]
	at java.util.concurrent.ThreadPoolExecutor.runWorker(ThreadPoolExecutor.java:1149) [?:1.8.0_212]
	at java.util.concurrent.ThreadPoolExecutor$Worker.run(ThreadPoolExecutor.java:624) [?:1.8.0_212]
	at java.lang.Thread.run(Thread.java:748) [?:1.8.0_212]
Caused by: java.io.IOException: Stream closed
	at java.io.BufferedWriter.ensureOpen(BufferedWriter.java:116) ~[?:1.8.0_212]
	at java.io.BufferedWriter.write(BufferedWriter.java:221) ~[?:1.8.0_212]
	at java.io.Writer.write(Writer.java:157) ~[?:1.8.0_212]
	at java.io.Writer.append(Writer.java:227) ~[?:1.8.0_212]
	at java.io.Writer.append(Writer.java:50) ~[?:1.8.0_212]
	at com.atlassian.performance.tools.jiraactions.api.measure.output.AppendableActionMetricOutput.write(AppendableActionMetricOutput.kt:15) ~[virtual-users.jar:?]
	at com.atlassian.performance.tools.jiraactions.api.measure.ActionMeter.record(ActionMeter.kt:122) ~[virtual-users.jar:?]
	at com.atlassian.performance.tools.jiraactions.api.measure.ActionMeter.measure(ActionMeter.kt:79) ~[virtual-users.jar:?]
	at com.atlassian.performance.tools.jiraactions.api.measure.ActionMeter.measure(ActionMeter.kt:57) ~[virtual-users.jar:?]
	at com.atlassian.performance.tools.jiraactions.api.action.CreateIssueAction.run(CreateIssueAction.kt:23) ~[virtual-users.jar:?]
	at com.atlassian.performance.tools.virtualusers.ExploratoryVirtualUser.runWithDiagnostics(ExploratoryVirtualUser.kt:79) ~[virtual-users.jar:?]
	... 9 more
2019-07-22T13:12:53,372Z INFO  {} [applying load #c9c8b81c-236d-4995-86fc-5b153c0cbc3d] [ExploratoryVirtualUser] Done applying load
2019-07-22T13:12:53,598Z ERROR {} [applying load #8797ba85-4c4b-4328-8cad-77b65d971617] [ExploratoryVirtualUser] Failed to run com.atlassian.performance.tools.jiraactions.api.action.BrowseProjectsAction@11635f42, but we keep running
java.lang.Exception: Failed to run com.atlassian.performance.tools.jiraactions.api.action.BrowseProjectsAction@11635f42
	at com.atlassian.performance.tools.virtualusers.ExploratoryVirtualUser.runWithDiagnostics(ExploratoryVirtualUser.kt:82) ~[virtual-users.jar:?]
	at com.atlassian.performance.tools.virtualusers.ExploratoryVirtualUser.applyLoad(ExploratoryVirtualUser.kt:56) [virtual-users.jar:?]
	at com.atlassian.performance.tools.virtualusers.LoadTest.applyLoad(LoadTest.kt:164) [virtual-users.jar:?]
	at com.atlassian.performance.tools.virtualusers.LoadTest.access$applyLoad(LoadTest.kt:36) [virtual-users.jar:?]
	at com.atlassian.performance.tools.virtualusers.LoadTest$applyLoad$$inlined$forEach$lambda$1.run(LoadTest.kt:111) [virtual-users.jar:?]
	at java.util.concurrent.Executors$RunnableAdapter.call(Executors.java:511) [?:1.8.0_212]
	at java.util.concurrent.FutureTask.run(FutureTask.java:266) [?:1.8.0_212]
	at java.util.concurrent.ThreadPoolExecutor.runWorker(ThreadPoolExecutor.java:1149) [?:1.8.0_212]
	at java.util.concurrent.ThreadPoolExecutor$Worker.run(ThreadPoolExecutor.java:624) [?:1.8.0_212]
	at java.lang.Thread.run(Thread.java:748) [?:1.8.0_212]
Caused by: java.io.IOException: Stream closed
	at java.io.BufferedWriter.ensureOpen(BufferedWriter.java:116) ~[?:1.8.0_212]
	at java.io.BufferedWriter.write(BufferedWriter.java:221) ~[?:1.8.0_212]
	at java.io.Writer.write(Writer.java:157) ~[?:1.8.0_212]
	at java.io.Writer.append(Writer.java:227) ~[?:1.8.0_212]
	at java.io.Writer.append(Writer.java:50) ~[?:1.8.0_212]
	at com.atlassian.performance.tools.jiraactions.api.measure.output.AppendableActionMetricOutput.write(AppendableActionMetricOutput.kt:15) ~[virtual-users.jar:?]
	at com.atlassian.performance.tools.jiraactions.api.measure.ActionMeter.record(ActionMeter.kt:122) ~[virtual-users.jar:?]
	at com.atlassian.performance.tools.jiraactions.api.measure.ActionMeter.measure(ActionMeter.kt:79) ~[virtual-users.jar:?]
	at com.atlassian.performance.tools.jiraactions.api.measure.ActionMeter.measure(ActionMeter.kt:57) ~[virtual-users.jar:?]
	at com.atlassian.performance.tools.jiraactions.api.action.BrowseProjectsAction.run(BrowseProjectsAction.kt:17) ~[virtual-users.jar:?]
	at com.atlassian.performance.tools.virtualusers.ExploratoryVirtualUser.runWithDiagnostics(ExploratoryVirtualUser.kt:79) ~[virtual-users.jar:?]
	... 9 more
2019-07-22T13:12:53,598Z INFO  {} [applying load #8797ba85-4c4b-4328-8cad-77b65d971617] [ExploratoryVirtualUser] Done applying load
2019-07-22T13:12:54,067Z ERROR {} [applying load #b6fea101-bb06-4787-b97c-b0d810f91aca] [ExploratoryVirtualUser] Failed to run com.atlassian.performance.tools.jiraactions.api.action.SearchJqlAction@2ec7f378, but we keep running
java.lang.Exception: Failed to run com.atlassian.performance.tools.jiraactions.api.action.SearchJqlAction@2ec7f378
	at com.atlassian.performance.tools.virtualusers.ExploratoryVirtualUser.runWithDiagnostics(ExploratoryVirtualUser.kt:82) ~[virtual-users.jar:?]
	at com.atlassian.performance.tools.virtualusers.ExploratoryVirtualUser.applyLoad(ExploratoryVirtualUser.kt:56) [virtual-users.jar:?]
	at com.atlassian.performance.tools.virtualusers.LoadTest.applyLoad(LoadTest.kt:164) [virtual-users.jar:?]
	at com.atlassian.performance.tools.virtualusers.LoadTest.access$applyLoad(LoadTest.kt:36) [virtual-users.jar:?]
	at com.atlassian.performance.tools.virtualusers.LoadTest$applyLoad$$inlined$forEach$lambda$1.run(LoadTest.kt:111) [virtual-users.jar:?]
	at java.util.concurrent.Executors$RunnableAdapter.call(Executors.java:511) [?:1.8.0_212]
	at java.util.concurrent.FutureTask.run(FutureTask.java:266) [?:1.8.0_212]
	at java.util.concurrent.ThreadPoolExecutor.runWorker(ThreadPoolExecutor.java:1149) [?:1.8.0_212]
	at java.util.concurrent.ThreadPoolExecutor$Worker.run(ThreadPoolExecutor.java:624) [?:1.8.0_212]
	at java.lang.Thread.run(Thread.java:748) [?:1.8.0_212]
Caused by: java.io.IOException: Stream closed
	at java.io.BufferedWriter.ensureOpen(BufferedWriter.java:116) ~[?:1.8.0_212]
	at java.io.BufferedWriter.write(BufferedWriter.java:221) ~[?:1.8.0_212]
	at java.io.Writer.write(Writer.java:157) ~[?:1.8.0_212]
	at java.io.Writer.append(Writer.java:227) ~[?:1.8.0_212]
	at java.io.Writer.append(Writer.java:50) ~[?:1.8.0_212]
	at com.atlassian.performance.tools.jiraactions.api.measure.output.AppendableActionMetricOutput.write(AppendableActionMetricOutput.kt:15) ~[virtual-users.jar:?]
	at com.atlassian.performance.tools.jiraactions.api.measure.ActionMeter.record(ActionMeter.kt:122) ~[virtual-users.jar:?]
	at com.atlassian.performance.tools.jiraactions.api.measure.ActionMeter.measure(ActionMeter.kt:79) ~[virtual-users.jar:?]
	at com.atlassian.performance.tools.jiraactions.api.action.SearchJqlAction.run(SearchJqlAction.kt:21) ~[virtual-users.jar:?]
	at com.atlassian.performance.tools.virtualusers.ExploratoryVirtualUser.runWithDiagnostics(ExploratoryVirtualUser.kt:79) ~[virtual-users.jar:?]
	... 9 more
2019-07-22T13:12:54,067Z INFO  {} [applying load #b6fea101-bb06-4787-b97c-b0d810f91aca] [ExploratoryVirtualUser] Done applying load
2019-07-22T13:12:55,010Z ERROR {} [applying load #4e542328-82fc-45c5-b382-76de5264139b] [ExploratoryVirtualUser] Failed to run com.atlassian.performance.tools.jirasoftwareactions.api.actions.ViewBacklogAction@15ac3409, but we keep running
java.lang.Exception: Failed to run com.atlassian.performance.tools.jirasoftwareactions.api.actions.ViewBacklogAction@15ac3409
	at com.atlassian.performance.tools.virtualusers.ExploratoryVirtualUser.runWithDiagnostics(ExploratoryVirtualUser.kt:82) ~[virtual-users.jar:?]
	at com.atlassian.performance.tools.virtualusers.ExploratoryVirtualUser.applyLoad(ExploratoryVirtualUser.kt:56) [virtual-users.jar:?]
	at com.atlassian.performance.tools.virtualusers.LoadTest.applyLoad(LoadTest.kt:164) [virtual-users.jar:?]
	at com.atlassian.performance.tools.virtualusers.LoadTest.access$applyLoad(LoadTest.kt:36) [virtual-users.jar:?]
	at com.atlassian.performance.tools.virtualusers.LoadTest$applyLoad$$inlined$forEach$lambda$1.run(LoadTest.kt:111) [virtual-users.jar:?]
	at java.util.concurrent.Executors$RunnableAdapter.call(Executors.java:511) [?:1.8.0_212]
	at java.util.concurrent.FutureTask.run(FutureTask.java:266) [?:1.8.0_212]
	at java.util.concurrent.ThreadPoolExecutor.runWorker(ThreadPoolExecutor.java:1149) [?:1.8.0_212]
	at java.util.concurrent.ThreadPoolExecutor$Worker.run(ThreadPoolExecutor.java:624) [?:1.8.0_212]
	at java.lang.Thread.run(Thread.java:748) [?:1.8.0_212]
Caused by: java.io.IOException: Stream closed
	at java.io.BufferedWriter.ensureOpen(BufferedWriter.java:116) ~[?:1.8.0_212]
	at java.io.BufferedWriter.write(BufferedWriter.java:221) ~[?:1.8.0_212]
	at java.io.Writer.write(Writer.java:157) ~[?:1.8.0_212]
	at java.io.Writer.append(Writer.java:227) ~[?:1.8.0_212]
	at java.io.Writer.append(Writer.java:50) ~[?:1.8.0_212]
	at com.atlassian.performance.tools.jiraactions.api.measure.output.AppendableActionMetricOutput.write(AppendableActionMetricOutput.kt:15) ~[virtual-users.jar:?]
	at com.atlassian.performance.tools.jiraactions.api.measure.ActionMeter.record(ActionMeter.kt:122) ~[virtual-users.jar:?]
	at com.atlassian.performance.tools.jiraactions.api.measure.ActionMeter.measure(ActionMeter.kt:79) ~[virtual-users.jar:?]
	at com.atlassian.performance.tools.jirasoftwareactions.api.actions.ViewBacklogAction.run(ViewBacklogAction.kt:56) ~[virtual-users.jar:?]
	at com.atlassian.performance.tools.virtualusers.ExploratoryVirtualUser.runWithDiagnostics(ExploratoryVirtualUser.kt:79) ~[virtual-users.jar:?]
	... 9 more
2019-07-22T13:12:55,011Z INFO  {} [applying load #4e542328-82fc-45c5-b382-76de5264139b] [ExploratoryVirtualUser] Done applying load
2019-07-22T13:12:55,042Z INFO  {} [applying load #cef40ba0-4e7c-4730-b146-3247d8ad5122] [ExploratoryVirtualUser] Done applying load
2019-07-22T13:13:22,936Z WARN  {} [] [Companion] Failed to close WebDriver
java.util.concurrent.TimeoutException: null
	at java.util.concurrent.FutureTask.get(FutureTask.java:205) ~[?:1.8.0_212]
	at com.atlassian.performance.tools.virtualusers.LoadSegment.close(LoadSegment.kt:31) [virtual-users.jar:?]
	at com.atlassian.performance.tools.virtualusers.LoadTest$close$1$1.run(LoadTest.kt:204) [virtual-users.jar:?]
	at java.util.concurrent.Executors$RunnableAdapter.call(Executors.java:511) [?:1.8.0_212]
	at java.util.concurrent.FutureTask.run(FutureTask.java:266) [?:1.8.0_212]
	at java.util.concurrent.ThreadPoolExecutor.runWorker(ThreadPoolExecutor.java:1149) [?:1.8.0_212]
	at java.util.concurrent.ThreadPoolExecutor$Worker.run(ThreadPoolExecutor.java:624) [?:1.8.0_212]
	at java.lang.Thread.run(Thread.java:748) [?:1.8.0_212]
2019-07-22T13:13:22,936Z WARN  {} [] [Companion] Failed to close WebDriver
java.util.concurrent.TimeoutException: null
	at java.util.concurrent.FutureTask.get(FutureTask.java:205) ~[?:1.8.0_212]
	at com.atlassian.performance.tools.virtualusers.LoadSegment.close(LoadSegment.kt:31) [virtual-users.jar:?]
	at com.atlassian.performance.tools.virtualusers.LoadTest$close$1$1.run(LoadTest.kt:204) [virtual-users.jar:?]
	at java.util.concurrent.Executors$RunnableAdapter.call(Executors.java:511) [?:1.8.0_212]
	at java.util.concurrent.FutureTask.run(FutureTask.java:266) [?:1.8.0_212]
	at java.util.concurrent.ThreadPoolExecutor.runWorker(ThreadPoolExecutor.java:1149) [?:1.8.0_212]
	at java.util.concurrent.ThreadPoolExecutor$Worker.run(ThreadPoolExecutor.java:624) [?:1.8.0_212]
	at java.lang.Thread.run(Thread.java:748) [?:1.8.0_212]
2019-07-22T13:13:22,936Z WARN  {} [] [Companion] Failed to close WebDriver
java.util.concurrent.TimeoutException: null
	at java.util.concurrent.FutureTask.get(FutureTask.java:205) ~[?:1.8.0_212]
	at com.atlassian.performance.tools.virtualusers.LoadSegment.close(LoadSegment.kt:31) [virtual-users.jar:?]
	at com.atlassian.performance.tools.virtualusers.LoadTest$close$1$1.run(LoadTest.kt:204) [virtual-users.jar:?]
	at java.util.concurrent.Executors$RunnableAdapter.call(Executors.java:511) [?:1.8.0_212]
	at java.util.concurrent.FutureTask.run(FutureTask.java:266) [?:1.8.0_212]
	at java.util.concurrent.ThreadPoolExecutor.runWorker(ThreadPoolExecutor.java:1149) [?:1.8.0_212]
	at java.util.concurrent.ThreadPoolExecutor$Worker.run(ThreadPoolExecutor.java:624) [?:1.8.0_212]
	at java.lang.Thread.run(Thread.java:748) [?:1.8.0_212]
2019-07-22T13:13:22,937Z INFO  {} [] [LoadTest] Segments closed
2019-07-22T13:13:22,945Z DEBUG {} [] [LoadTest] Dumped node's counts to test-results/nodes.csv
